Experiment Risk
CUTOFF_IR 0
Config: ./networks/network35.conf, Protocol: ./networks/network35.pro, +100 IR
Round:0
IR: 51, 313, 182, 300, 201
349 0 53 352 0 54 357 0 51 400 0 52 484 0 51 500 0 60 502 0 61 507 0 53 510 0 76 525 0 64 525 0 
TIME iteration: 455 ms
Round:1
IR: 115, 234, 249, 229, 50
534 0 76 534 0 78 539 0 52 542 0 90 542 0 91 542 0 92 543 0 54 558 0 78 561 0 76 585 0 78 596 0 76 608 0 53 620 0 78 647 0 51 676 0 54 677 0 90 677 0 91 677 0 92 699 0 52 793 0 52 795 0 53 797 0 51 815 0 54 913 0 51 974 0 53 982 0 54 1015 0 
TIME iteration: 322 ms
Round:2
IR: 87, 167, 293, 416, 181
1090 0 53 1099 0 65 1100 0 64 1105 0 78 1129 0 78 1130 0 90 1130 0 91 1130 0 92 1132 0 72 1133 0 73 1138 0 52 1156 0 78 1179 0 51 1183 0 54 1189 0 78 1251 0 53 1256 0 78 1311 0 51 1361 0 52 1362 0 54 1410 0 53 1428 0 51 1460 0 60 1460 0 61 1468 0 76 1477 0 65 1483 0 64 1485 0 78 1486 0 90 1486 0 91 1486 0 92 1492 0 76 1493 0 54 1501 0 73 1502 0 72 1509 0 78 1516 0 68 1517 0 51 1517 0 69 1519 0 76 1535 0 78 1553 0 76 1568 0 78 1579 0 
TIME iteration: 323 ms
Round:3
IR: 96, 202, 207, 253, 115
1610 0 90 1610 0 91 1610 0 92 1629 0 53 1630 0 78 1641 0 54 1649 0 51 1718 0 52 1761 0 51 1811 0 53 1849 0 54 1925 0 52 1975 0 53 1983 0 54 1986 0 51 2021 0 66 2022 0 67 2024 0 65 2027 0 64 2030 0 79 2032 0 78 2035 0 60 2037 0 61 2042 0 76 2044 0 52 2049 0 90 2049 0 91 2049 0 92 2054 0 79 2056 0 78 2057 0 72 2058 0 73 2066 0 76 2075 0 68 2076 0 69 2081 0 79 2083 0 78 2093 0 76 2116 0 79 2117 0 78 2118 0 
TIME iteration: 324 ms
Round:4
IR: 105, 142, 160, 403, 312
2127 0 74 2127 0 76 2132 0 51 2152 0 54 2154 0 53 2166 0 90 2166 0 91 2166 0 92 2173 0 52 2198 0 78 2203 0 76 2235 0 51 2335 0 52 2345 0 51 2346 0 54 2372 0 53 2445 0 54 2461 0 52 2489 0 51 2505 0 67 2507 0 66 2508 0 61 2509 0 60 2512 0 79 2514 0 76 2526 0 62 2530 0 63 2532 0 90 2532 0 91 2532 0 92 2536 0 77 2536 0 79 2538 0 69 2538 0 76 2539 0 68 2541 0 75 2543 0 74 2560 0 77 2563 0 79 2565 0 54 2565 0 76 2569 0 53 2581 0 52 2587 0 77 2596 0 79 2598 0 76 2604 0 51 2621 0 77 2627 0 71 2633 0 70 2647 0 90 2647 0 91 2647 0 
TIME iteration: 324 ms
Round:5
IR: 102, 429, 405, 205, 166
2665 0 76 2673 0 79 2697 0 54 2713 0 51 2743 0 53 2754 0 52 2817 0 54 2825 0 51 2877 0 53 2940 0 51 2961 0 60 2961 0 61 2967 0 76 2986 0 69 2987 0 68 2989 0 90 2989 0 91 2989 0 92 2991 0 76 3018 0 76 3022 0 54 3036 0 52 3043 0 53 3052 0 76 3060 0 51 3128 0 
TIME iteration: 324 ms
Round:6
IR: 95, 323, 313, 278, 151
3189 0 51 3210 0 54 3211 0 53 3214 0 52 3335 0 53 3360 0 65 3361 0 64 3369 0 78 3387 0 90 3387 0 91 3387 0 92 3393 0 78 3404 0 54 3420 0 78 3434 0 72 3435 0 73 3455 0 78 3459 0 52 3475 0 51 3558 0 53 3598 0 52 3627 0 54 3678 0 
TIME iteration: 323 ms
Round:7
IR: 86, 140, 179, 178, 198
3755 0 53 3766 0 52 3782 0 54 3789 0 64 3789 0 65 3790 0 62 3790 0 63 3793 0 78 3798 0 77 3813 0 90 3813 0 91 3813 0 92 3816 0 78 3819 0 72 3819 0 73 3822 0 77 3842 0 78 3849 0 77 3852 0 51 3861 0 71 3864 0 70 3874 0 78 3883 0 77 3923 0 52 3923 0 53 3930 0 78 3943 0 90 3943 0 91 3943 0 92 3971 0 54 3991 0 51 4089 0 53 4095 0 52 4132 0 54 4164 0 
TIME iteration: 322 ms
Round:8
IR: 112, 168, 220, 232, 228
4250 0 53 4255 0 52 4286 0 54 4296 0 51 4326 0 61 4327 0 60 4335 0 66 4335 0 67 4335 0 76 4344 0 79 4356 0 90 4356 0 91 4356 0 92 4359 0 76 4368 0 79 4373 0 53 4386 0 76 4395 0 79 4400 0 68 4401 0 69 4419 0 75 4420 0 74 4421 0 76 4425 0 52 4430 0 79 4436 0 51 4488 0 90 4488 0 91 4488 0 92 4508 0 54 4526 0 51 4536 0 53 4542 0 52 4637 0 51 4670 0 53 4691 0 52 4728 0 54 4752 0 
TIME iteration: 323 ms
Round:9
IR: 83, 200, 331, 402, 21
4788 0 60 4789 0 61 4793 0 76 4809 0 52 4817 0 76 4817 0 90 4817 0 91 4817 0 92 4820 0 68 4822 0 69 4836 0 54 4843 0 76 4844 0 53 4861 0 51 4876 0 76 4937 0 76 4965 0 53 4971 0 51 5000 0 52 5101 0 53 5141 0 52 5152 0 64 5152 0 65 5160 0 78 5178 0 90 5178 0 91 5178 0 92 5184 0 78 5185 0 54 5211 0 78 5222 0 73 5224 0 72 5242 0 51 5245 0 78 5265 0 52 5293 0 
TIME iteration: 323 ms
Round:10
IR: 95, 293, 436, 416, 195
5352 0 54 5404 0 53 5436 0 52 5442 0 51 5448 0 64 5449 0 65 5451 0 78 5469 0 72 5469 0 73 5473 0 90 5473 0 91 5473 0 92 5474 0 78 5500 0 78 5532 0 78 5554 0 54 5556 0 53 5573 0 72 5585 0 78 5598 0 52 5630 0 51 5681 0 54 5732 0 52 5771 0 51 5785 0 
TIME iteration: 323 ms
Round:11
IR: 118, 321, 166, 300, 280
5831 0 54 5839 0 65 5840 0 64 5844 0 78 5851 0 67 5852 0 66 5859 0 73 5860 0 79 5865 0 90 5865 0 91 5865 0 92 5868 0 78 5869 0 52 5869 0 72 5884 0 79 5894 0 78 5911 0 79 5918 0 51 5927 0 78 5929 0 74 5933 0 75 5946 0 79 5947 0 73 5988 0 78 5992 0 90 5992 0 91 5992 0 92 6001 0 53 6011 0 51 6043 0 52 6078 0 54 6101 0 51 6192 0 52 6201 0 53 6256 0 51 6265 0 54 6286 0 52 6318 0 62 6318 0 63 6326 0 77 6344 0 53 6347 0 90 6347 0 91 6347 0 92 6350 0 77 6357 0 
TIME iteration: 323 ms
Round:12
IR: 98, 203, 169, 261, 163
6366 0 52 6377 0 77 6411 0 71 6411 0 77 6417 0 70 6442 0 54 6493 0 53 6503 0 51 6503 0 52 6633 0 52 6640 0 62 6640 0 63 6643 0 77 6663 0 71 6665 0 70 6665 0 90 6665 0 91 6665 0 92 6666 0 54 6666 0 77 6674 0 51 6692 0 77 6724 0 77 6738 0 53 6778 0 77 6806 0 52 6827 0 54 6872 0 
TIME iteration: 324 ms
Round:13
IR: 110, 257, 209, 205, 162
6935 0 54 6950 0 52 6958 0 51 6981 0 53 7002 0 65 7002 0 66 7003 0 64 7003 0 67 7005 0 63 7006 0 62 7010 0 77 7011 0 78 7011 0 79 7022 0 71 7024 0 70 7025 0 90 7025 0 91 7025 0 92 7034 0 77 7035 0 78 7035 0 79 7060 0 77 7062 0 78 7062 0 79 7065 0 72 7069 0 75 7072 0 73 7074 0 74 7088 0 71 7093 0 77 7097 0 78 7097 0 79 7104 0 70 7113 0 52 7130 0 54 7142 0 90 7142 0 91 7142 0 92 7154 0 77 7159 0 51 7229 0 53 7275 0 52 7285 0 54 7339 0 
TIME iteration: 323 ms
Round:14
IR: 81, 177, 231, 325, 220
7457 0 54 7475 0 52 7477 0 51 7482 0 53 7529 0 61 7532 0 60 7539 0 76 7560 0 90 7560 0 91 7560 0 92 7563 0 76 7590 0 76 7591 0 53 7606 0 54 7625 0 76 7627 0 68 7632 0 69 7700 0 51 7700 0 53 7718 0 52 7733 0 54 7825 0 53 7847 0 52 7865 0 54 7869 0 65 7870 0 64 7877 0 78 7880 0 51 7895 0 90 7895 0 91 7895 0 92 7901 0 78 7927 0 73 7928 0 72 7928 0 78 7931 0 
TIME iteration: 324 ms
Round:15
IR: 127, 252, 190, 315, 181
7962 0 78 7982 0 52 8014 0 54 8016 0 51 8101 0 52 8101 0 53 8154 0 51 8200 0 54 8211 0 53 8221 0 65 8222 0 64 8225 0 78 8245 0 73 8246 0 72 8247 0 90 8247 0 91 8247 0 92 8248 0 78 8261 0 52 8274 0 78 8303 0 51 8306 0 78 8341 0 53 8348 0 54 8361 0 78 8428 0 51 8456 0 52 8456 0 53 8456 0 
TIME iteration: 323 ms
Round:16
IR: 105, 315, 304, 437, 250
8580 0 51 8591 0 53 8593 0 64 8593 0 65 8598 0 78 8602 0 54 8608 0 61 8609 0 60 8611 0 72 8612 0 73 8614 0 66 8614 0 67 8616 0 76 8619 0 90 8619 0 91 8619 0 92 8622 0 78 8623 0 79 8640 0 76 8647 0 79 8649 0 78 8658 0 52 8667 0 76 8674 0 68 8674 0 79 8677 0 69 8682 0 78 8684 0 72 8697 0 75 8699 0 74 8701 0 76 8702 0 73 8709 0 79 8733 0 53 8733 0 90 8733 0 91 8733 0 92 8736 0 51 8747 0 78 8807 0 52 8887 0 53 8891 0 51 8893 0 54 8962 0 
TIME iteration: 323 ms
Round:17
IR: 108, 171, 165, 274, 90
9051 0 51 9055 0 53 9061 0 52 9082 0 62 9083 0 63 9091 0 77 9111 0 90 9111 0 91 9111 0 92 9115 0 77 9119 0 54 9142 0 77 9172 0 71 9175 0 70 9177 0 77 9233 0 53 9248 0 54 9260 0 52 9309 0 51 9379 0 54 9392 0 52 9395 0 53 9417 0 62 9417 0 63 9420 0 77 9441 0 71 9442 0 90 9442 0 91 9442 0 92 9443 0 70 9443 0 77 9450 0 51 9469 0 77 9501 0 77 9526 0 
TIME iteration: 324 ms
Round:18
IR: 97, 162, 194, 240, 185
9543 0 52 9553 0 53 9555 0 77 9605 0 51 9645 0 52 9680 0 54 9692 0 53 9768 0 51 9770 0 52 9771 0 62 9772 0 63 9776 0 77 9789 0 70 9789 0 71 9797 0 90 9797 0 91 9797 0 92 9800 0 77 9826 0 77 9859 0 77 9861 0 70 9862 0 71 9865 0 53 9874 0 52 9897 0 51 9920 0 77 10003 0 54 10014 0 52 10017 0 51 10037 0 63 10038 0 62 10041 0 77 10057 0 70 10057 0 71 10061 0 90 10061 0 91 10061 0 92 10064 0 
TIME iteration: 322 ms
Round:19
IR: 117, 310, 201, 271, 293
10090 0 77 10091 0 53 10122 0 77 10125 0 51 10130 0 52 10138 0 71 10140 0 70 10154 0 54 10176 0 77 10244 0 53 10267 0 51 10316 0 52 10328 0 54 10342 0 62 10342 0 63 10346 0 77 10348 0 53 10365 0 70 10365 0 71 10366 0 90 10366 0 91 10366 0 92 10369 0 77 10395 0 77 10427 0 77 10442 0 52 10448 0 54 10471 0 53 10482 0 51 10483 0 77 10559 0 52 10561 0 
TIME iteration: 322 ms
Round:20
IR: 91, 287, 411, 320, 150
10609 0 53 10651 0 51 10717 0 52 10726 0 63 10727 0 62 10731 0 77 10746 0 70 10746 0 71 10747 0 53 10749 0 54 10752 0 90 10752 0 91 10752 0 92 10755 0 77 10781 0 77 10805 0 51 10814 0 77 10825 0 70 10831 0 71 10875 0 77 10891 0 53 10929 0 51 10988 0 52 10988 0 54 11033 0 51 11062 0 60 11062 0 61 11070 0 76 11087 0 90 11087 0 91 11087 0 92 11094 0 76 11113 0 54 11121 0 
TIME iteration: 322 ms
Round:21
IR: 94, 134, 235, 254, 308
11151 0 69 11152 0 68 11155 0 76 11163 0 53 11204 0 51 11207 0 52 11257 0 54 11289 0 53 11363 0 52 11456 0 53 11463 0 54 11480 0 65 11481 0 64 11485 0 51 11489 0 78 11507 0 90 11507 0 91 11507 0 92 11513 0 78 11530 0 52 11540 0 78 11573 0 72 11575 0 78 11579 0 73 11602 0 53 11649 0 52 11656 0 
TIME iteration: 323 ms
Round:22
IR: 86, 219, 175, 291, 179
11670 0 54 11802 0 53 11827 0 54 11839 0 51 11844 0 64 11846 0 65 11849 0 78 11871 0 90 11871 0 91 11871 0 92 11872 0 72 11872 0 78 11873 0 73 11898 0 78 11930 0 78 11962 0 51 11980 0 53 11986 0 78 12010 0 54 12031 0 52 12107 0 51 12134 0 53 12163 0 
TIME iteration: 322 ms
Round:23
IR: 122, 306, 169, 244, 201
12203 0 52 12209 0 51 12219 0 60 12219 0 61 12227 0 76 12245 0 90 12245 0 91 12245 0 92 12251 0 76 12272 0 53 12278 0 76 12281 0 54 12289 0 69 12291 0 68 12312 0 76 12330 0 51 12346 0 52 12428 0 53 12485 0 54 12495 0 52 12518 0 51 12552 0 53 12574 0 60 12575 0 61 12578 0 76 12591 0 65 12592 0 64 12599 0 78 12600 0 68 12600 0 69 12600 0 90 12600 0 91 12600 0 92 12601 0 76 12623 0 78 12627 0 76 12635 0 72 12637 0 73 12650 0 78 12659 0 76 12664 0 52 12684 0 78 12699 0 54 12704 0 51 12714 0 
TIME iteration: 323 ms
Round:24
IR: 100, 443, 484, 338, 288
12724 0 90 12724 0 91 12724 0 92 12730 0 53 12812 0 52 12830 0 54 12853 0 51 12920 0 54 12964 0 51 12964 0 52 13008 0 53 13065 0 54 13076 0 66 13076 0 67 13082 0 51 13085 0 79 13086 0 60 13086 0 61 13092 0 76 13105 0 90 13105 0 91 13105 0 92 13109 0 79 13115 0 68 13115 0 69 13116 0 76 13136 0 79 13140 0 52 13143 0 76 13169 0 53 13171 0 79 13173 0 74 13174 0 75 13177 0 76 13215 0 54 13235 0 90 13235 0 91 13235 0 
TIME iteration: 323 ms
Round:25
IR: 120, 315, 216, 243, 96
13251 0 52 13253 0 76 13258 0 51 13321 0 53 13349 0 54 13456 0 53 13461 0 52 13488 0 51 13499 0 54 13578 0 53 13594 0 64 13595 0 65 13602 0 78 13624 0 90 13624 0 91 13624 0 92 13626 0 78 13637 0 52 13641 0 54 13653 0 78 13656 0 72 13656 0 73 13680 0 51 13687 0 78 13738 0 
TIME iteration: 327 ms
Round:26
IR: 113, 345, 301, 314, 168
13849 0 51 13849 0 52 13854 0 54 13969 0 52 13981 0 51 13982 0 54 13996 0 53 14006 0 61 14007 0 60 14013 0 62 14013 0 63 14014 0 76 14021 0 66 14021 0 77 14024 0 67 14031 0 79 14033 0 90 14033 0 91 14033 0 92 14038 0 76 14045 0 77 14055 0 79 14059 0 68 14062 0 69 14065 0 76 14072 0 77 14082 0 79 14084 0 74 14084 0 75 14088 0 52 14088 0 54 14099 0 76 14106 0 77 14107 0 71 14108 0 70 14117 0 79 14139 0 51 14149 0 90 14149 0 91 14149 0 92 14179 0 53 14183 0 52 14232 0 
TIME iteration: 323 ms
Round:27
IR: 124, 317, 162, 225, 220
14312 0 53 14325 0 52 14327 0 51 14399 0 54 14481 0 51 14483 0 52 14516 0 63 14517 0 62 14522 0 53 14522 0 77 14546 0 77 14546 0 90 14546 0 91 14546 0 92 14554 0 70 14554 0 71 14570 0 54 14573 0 77 14606 0 77 14653 0 53 14656 0 52 14671 0 51 14673 0 77 14695 0 54 14774 0 52 14831 0 
TIME iteration: 323 ms
Round:28
IR: 95, 106, 195, 242, 202
14846 0 54 14856 0 63 14858 0 51 14865 0 77 14873 0 62 14885 0 70 14885 0 71 14887 0 90 14887 0 91 14887 0 92 14888 0 77 14905 0 52 14914 0 77 14945 0 77 14966 0 71 14972 0 70 14974 0 54 14982 0 53 14993 0 77 15005 0 51 15072 0 54 15075 0 52 15091 0 53 15117 0 51 15131 0 62 15133 0 63 15135 0 77 15153 0 70 15154 0 71 15155 0 90 15155 0 91 15155 0 92 15158 0 77 15184 0 77 15193 0 53 15214 0 54 15216 0 77 15217 0 52 15245 0 70 15261 0 51 15270 0 77 15324 0 52 15332 0 53 15344 0 
TIME iteration: 323 ms
Round:29
IR: 101, 375, 208, 362, 259
15391 0 62 15393 0 63 15395 0 77 15401 0 71 15408 0 51 15413 0 70 15415 0 90 15415 0 91 15415 0 92 15418 0 77 15444 0 77 15446 0 53 15449 0 52 15455 0 71 15476 0 77 15503 0 54 15530 0 77 15563 0 51 15578 0 52 15580 0 53 15610 0 54 15711 0 53 15718 0 51 15738 0 54 15751 0 64 15751 0 65 15753 0 66 15754 0 67 15759 0 78 15762 0 79 15765 0 52 15775 0 90 15775 0 91 15775 0 92 15783 0 78 15786 0 79 15810 0 78 15813 0 79 15834 0 72 15837 0 75 15838 0 74 15844 0 78 15848 0 73 15848 0 79 15859 0 53 15872 0 
TIME iteration: 323 ms
Round:30
IR: 109, 174, 182, 234, 148
15904 0 90 15904 0 91 15904 0 92 15937 0 52 15992 0 53 16022 0 51 16035 0 54 16059 0 52 16116 0 53 16173 0 51 16211 0 54 16213 0 52 16262 0 53 16265 0 63 16266 0 62 16273 0 77 16275 0 64 16276 0 51 16276 0 65 16281 0 78 16283 0 61 16284 0 60 16292 0 76 16295 0 90 16295 0 91 16295 0 92 16297 0 77 16305 0 78 16312 0 72 16313 0 73 16316 0 70 16316 0 76 16322 0 71 16324 0 77 16332 0 78 16343 0 76 16353 0 54 16358 0 77 16365 0 78 16378 0 68 16378 0 69 16378 0 76 16380 0 52 16397 0 53 16411 0 90 16411 0 91 16411 0 92 16427 0 
TIME iteration: 324 ms
Round:31
IR: 51, 401, 494, 290, 177
16432 0 78 16496 0 54 16553 0 53 16563 0 52 16613 0 51 16620 0 54 16701 0 52 16722 0 53 16767 0 51 16792 0 54 16806 0 60 16807 0 61 16812 0 66 16812 0 67 16812 0 76 16820 0 79 16834 0 90 16834 0 91 16834 0 92 16836 0 76 16844 0 79 16845 0 68 16845 0 69 16863 0 76 16871 0 79 16878 0 74 16879 0 75 16882 0 53 16895 0 51 16896 0 76 16906 0 79 16910 0 54 16931 0 
TIME iteration: 324 ms
Round:32
IR: 9, 198, 324, 346, 187
16963 0 76 16965 0 90 16965 0 91 16965 0 92 16983 0 53 17008 0 54 17023 0 51 17058 0 52 17091 0 53 17181 0 54 17220 0 51 17239 0 52 17247 0 53 17319 0 64 17322 0 65 17327 0 54 17328 0 78 17350 0 90 17350 0 91 17350 0 92 17352 0 78 17367 0 52 17379 0 78 17381 0 72 17381 0 73 17384 0 51 17413 0 78 17417 0 53 17437 0 
TIME iteration: 324 ms
Round:33
IR: 110, 229, 240, 210, 189
17536 0 52 17553 0 51 17575 0 53 17588 0 54 17713 0 51 17722 0 53 17727 0 64 17727 0 65 17730 0 52 17731 0 78 17751 0 60 17751 0 61 17754 0 54 17754 0 73 17754 0 78 17754 0 90 17754 0 91 17754 0 92 17756 0 72 17759 0 76 17780 0 78 17783 0 76 17806 0 69 17808 0 68 17810 0 76 17812 0 78 17833 0 51 17844 0 76 17868 0 78 17874 0 52 17877 0 90 17877 0 91 17877 0 92 17899 0 54 17948 0 51 17989 0 53 18006 0 52 18014 0 
TIME iteration: 323 ms
Round:34
IR: 134, 195, 226, 385, 268
18119 0 51 18139 0 52 18143 0 54 18210 0 67 18212 0 66 18215 0 53 18220 0 79 18240 0 90 18240 0 91 18240 0 92 18244 0 79 18271 0 79 18283 0 75 18285 0 74 18299 0 54 18306 0 79 18320 0 52 18338 0 51 18362 0 53 18395 0 54 18443 0 52 18494 0 54 18497 0 51 18498 0 67 18499 0 66 18501 0 79 18519 0 53 18519 0 74 18519 0 75 18523 0 90 18523 0 91 18523 0 92 18524 0 
TIME iteration: 323 ms
Round:35
IR: 102, 242, 245, 336, 135
18550 0 79 18582 0 79 18590 0 52 18600 0 75 18611 0 74 18637 0 79 18640 0 54 18665 0 53 18708 0 52 18710 0 51 18769 0 54 18777 0 66 18778 0 67 18781 0 79 18790 0 53 18799 0 74 18799 0 75 18801 0 90 18801 0 91 18801 0 92 18804 0 79 18830 0 79 18862 0 79 18863 0 52 18885 0 51 18903 0 53 18920 0 79 18940 0 54 18990 0 52 19004 0 
TIME iteration: 322 ms
Round:36
IR: 89, 171, 218, 233, 156
19081 0 51 19096 0 54 19123 0 53 19129 0 65 19130 0 64 19138 0 78 19147 0 52 19152 0 66 19155 0 67 19155 0 90 19155 0 91 19155 0 92 19158 0 79 19162 0 78 19172 0 74 19172 0 75 19182 0 79 19189 0 78 19202 0 72 19203 0 73 19208 0 79 19224 0 78 19233 0 51 19241 0 79 19246 0 75 19249 0 74 19251 0 54 19277 0 90 19277 0 91 19277 0 92 19307 0 79 19323 0 53 19397 0 54 19437 0 51 19457 0 53 19464 0 52 19527 0 54 19607 0 
TIME iteration: 322 ms
Round:37
IR: 384, 111, 232, 371, 313
19633 0 51 19635 0 52 19642 0 65 19643 0 64 19648 0 78 19672 0 78 19672 0 90 19672 0 91 19672 0 92 19678 0 72 19678 0 73 19681 0 54 19699 0 78 19732 0 78 19733 0 53 19767 0 51 19799 0 78 19812 0 54 19835 0 52 19846 0 53 19864 0 51 19976 0 51 19978 0 54 19981 0 52 19987 0 61 19988 0 60 19996 0 76 20013 0 90 20013 0 91 20013 0 92 20020 0 76 20047 0 76 20077 0 53 20080 0 69 20082 0 68 20082 0 76 20089 0 
TIME iteration: 323 ms
Round:38
IR: 101, 246, 199, 231, 164
20141 0 54 20184 0 52 20202 0 51 20242 0 60 20244 0 61 20245 0 76 20263 0 68 20263 0 69 20266 0 90 20266 0 91 20266 0 92 20268 0 76 20291 0 53 20294 0 76 20325 0 76 20344 0 68 20349 0 69 20352 0 52 20364 0 54 20376 0 76 20384 0 51 20435 0 53 20498 0 54 20501 0 52 20551 0 51 20566 0 60 20566 0 61 20570 0 76 20590 0 90 20590 0 91 20590 0 92 20591 0 68 20592 0 69 20593 0 76 20619 0 76 20651 0 76 20653 0 
TIME iteration: 323 ms
Round:39
IR: 98, 244, 182, 205, 427
20677 0 53 20703 0 52 20704 0 51 20707 0 76 20833 0 52 20875 0 51 20875 0 54 20884 0 53 20961 0 60 20971 0 76 20972 0 61 20983 0 51 20988 0 68 20988 0 69 20990 0 52 20993 0 90 20993 0 91 20993 0 92 20995 0 76 21006 0 54 21021 0 76 21037 0 53 21054 0 76 21114 0 76 21132 0 52 21146 0 54 21150 0 51 21177 0 
TIME iteration: 322 ms
Round:40
IR: 96, 354, 258, 250, 150
21277 0 52 21279 0 54 21322 0 51 21334 0 67 21341 0 66 21347 0 79 21351 0 53 21363 0 90 21363 0 91 21363 0 92 21371 0 79 21398 0 79 21401 0 52 21423 0 74 21431 0 75 21433 0 79 21438 0 51 21439 0 54 21462 0 53 21501 0 52 21566 0 53 21573 0 51 21626 0 52 21627 0 54 21666 0 62 21666 0 63 21673 0 53 21674 0 77 21680 0 64 21680 0 65 21686 0 67 21688 0 78 21689 0 66 21691 0 79 21691 0 90 21691 0 91 21691 0 92 21698 0 77 21712 0 78 21713 0 74 21714 0 75 21714 0 79 21725 0 
TIME iteration: 323 ms
Round:41
IR: 117, 211, 237, 372, 347
21739 0 78 21740 0 79 21753 0 51 21755 0 70 21759 0 71 21759 0 77 21767 0 72 21769 0 73 21770 0 53 21772 0 79 21773 0 78 21792 0 52 21805 0 90 21805 0 91 21805 0 92 21828 0 79 21900 0 53 21909 0 54 21924 0 51 21956 0 52 22067 0 54 22071 0 53 22077 0 51 22087 0 52 22164 0 63 22165 0 62 22170 0 77 22193 0 90 22193 0 91 22193 0 92 22194 0 52 22194 0 77 22199 0 51 22200 0 70 22201 0 71 22213 0 54 22221 0 77 22247 0 53 22254 0 
TIME iteration: 327 ms
Round:42
IR: 96, 153, 290, 363, 143
22311 0 54 22321 0 77 22341 0 51 22346 0 52 22427 0 53 22464 0 51 22476 0 54 22486 0 52 22520 0 63 22521 0 62 22525 0 60 22525 0 77 22526 0 61 22534 0 76 22539 0 70 22540 0 71 22546 0 90 22546 0 91 22546 0 92 22549 0 77 22558 0 76 22570 0 53 22575 0 77 22585 0 76 22603 0 68 22604 0 69 22608 0 77 22618 0 70 22619 0 71 22620 0 76 22650 0 54 22669 0 53 22669 0 77 22676 0 90 22676 0 91 22676 0 92 22687 0 52 22770 0 51 22784 0 
TIME iteration: 324 ms
Round:43
IR: 114, 497, 322, 211, 226
22801 0 54 22895 0 52 22909 0 54 22917 0 53 22965 0 51 23047 0 52 23057 0 53 23063 0 64 23063 0 65 23071 0 78 23073 0 51 23087 0 60 23087 0 61 23090 0 63 23092 0 62 23093 0 54 23093 0 76 23093 0 90 23093 0 91 23093 0 92 23095 0 78 23097 0 77 23117 0 76 23121 0 77 23122 0 78 23126 0 68 23127 0 69 23133 0 70 23133 0 71 23135 0 73 23137 0 72 23144 0 76 23148 0 77 23156 0 78 23163 0 52 23178 0 76 23182 0 77 23202 0 51 23206 0 90 23206 0 91 23206 0 92 23254 0 76 23258 0 77 23272 0 
TIME iteration: 323 ms
Round:44
IR: 103, 230, 317, 319, 299
23347 0 52 23354 0 53 23368 0 51 23478 0 54 23514 0 53 23533 0 51 23572 0 52 23607 0 60 23608 0 61 23614 0 76 23634 0 54 23637 0 90 23637 0 91 23637 0 92 23638 0 76 23640 0 68 23641 0 69 23642 0 51 23665 0 53 23665 0 76 23699 0 76 23745 0 51 23748 0 52 23776 0 54 23780 0 76 23808 0 
TIME iteration: 323 ms
Round:45
IR: 112, 283, 244, 260, 155
23884 0 54 23952 0 53 23963 0 66 23965 0 51 23968 0 67 23975 0 79 23982 0 52 23991 0 90 23991 0 91 23991 0 92 23999 0 79 24003 0 54 24026 0 79 24061 0 79 24063 0 75 24064 0 74 24115 0 53 24124 0 54 24148 0 51 24152 0 52 24259 0 54 24268 0 51 24270 0 67 24271 0 66 24273 0 79 24286 0 53 24292 0 52 24293 0 75 24294 0 74 24295 0 90 24295 0 91 24295 0 92 24296 0 79 24322 0 79 24354 0 
TIME iteration: 322 ms
Round:46
IR: 134, 203, 133, 413, 287
24408 0 54 24410 0 79 24413 0 53 24446 0 51 24484 0 52 24521 0 53 24573 0 51 24576 0 54 24653 0 66 24661 0 67 24662 0 79 24669 0 53 24674 0 64 24674 0 65 24676 0 74 24676 0 75 24682 0 78 24683 0 90 24683 0 91 24683 0 92 24686 0 79 24706 0 78 24713 0 79 24721 0 52 24733 0 51 24733 0 78 24740 0 54 24746 0 79 24753 0 74 24756 0 75 24758 0 73 24760 0 72 24767 0 78 24808 0 90 24808 0 91 24808 0 92 24818 0 79 24837 0 54 24838 0 52 24845 0 53 24853 0 
TIME iteration: 322 ms
Round:47
IR: 90, 400, 294, 268, 150
24972 0 54 25004 0 53 25075 0 52 25096 0 51 25113 0 53 25145 0 64 25145 0 65 25150 0 78 25174 0 78 25174 0 90 25174 0 91 25174 0 92 25178 0 73 25180 0 72 25201 0 78 25213 0 54 25223 0 52 25228 0 53 25234 0 78 25300 0 78 25329 0 52 25346 0 51 25350 0 53 25372 0 
TIME iteration: 322 ms
Round:48
IR: 94, 143, 205, 252, 162
25451 0 52 25482 0 53 25486 0 62 25486 0 63 25494 0 64 25494 0 65 25494 0 77 25498 0 78 25511 0 73 25511 0 90 25511 0 91 25511 0 92 25513 0 72 25518 0 77 25521 0 78 25545 0 77 25547 0 78 25574 0 70 25577 0 71 25579 0 77 25579 0 78 25585 0 54 25586 0 73 25588 0 72 25596 0 52 25604 0 53 25614 0 51 25635 0 78 25639 0 90 25639 0 91 25639 0 92 25703 0 52 25727 0 53 25762 0 51 25832 0 52 25841 0 53 25881 0 51 25883 0 
TIME iteration: 322 ms
Round:49
IR: 92, 303, 479, 511, 301
25975 0 53 25984 0 65 25986 0 54 25986 0 64 25991 0 78 25999 0 51 26006 0 60 26006 0 61 26014 0 76 26014 0 90 26014 0 91 26014 0 92 26015 0 78 26020 0 73 26022 0 72 26038 0 76 26042 0 78 26065 0 76 26073 0 58 26076 0 78 26086 0 53 26093 0 68 26098 0 69 26099 0 76 26109 0 58 26138 0 86 26138 0 87 26139 0 90 26139 0 91 26139 0 92 26143 0 58 26152 0 78 26164 0 54 26174 0 51 26174 0 58 26190 0 52 26206 0 58 26236 0 53 26238 0 58 26248 0 86 26248 0 87 26269 0 58 26299 0 54 26299 0 58 26328 0 58 26335 0 51 26336 0 52 26356 0 58 26359 0 86 26359 0 87 26384 0 58 26399 0 53 26411 0 58 26422 0 52 26439 0 58 26443 0 54 26468 0 58 26471 0 86 26471 0 87 26495 0 58 26499 0 
TIME iteration: 324 ms
Round:50
IR: 78, 105, 216, 252, 262
26500 0 66 26508 0 79 26523 0 52 26527 0 58 26529 0 90 26529 0 91 26529 0 92 26532 0 79 26534 0 53 26558 0 51 26559 0 79 26574 0 54 26576 0 58 26579 0 75 26584 0 86 26584 0 87 26585 0 74 26594 0 79 26685 0 53 26717 0 51 26721 0 52 26814 0 54 26910 0 52 26923 0 51 26965 0 54 26971 0 66 26972 0 60 26972 0 61 26972 0 67 26977 0 79 26980 0 76 26996 0 90 26996 0 91 26996 0 92 27001 0 79 27004 0 76 27005 0 74 27006 0 75 27028 0 
TIME iteration: 323 ms
Round:51
IR: 82, 216, 213, 224, 160
27031 0 76 27033 0 68 27036 0 69 27062 0 79 27065 0 76 27117 0 53 27127 0 90 27127 0 91 27127 0 92 27137 0 51 27171 0 52 27201 0 54 27261 0 51 27301 0 52 27386 0 54 27400 0 53 27427 0 52 27454 0 51 27466 0 62 27467 0 63 27475 0 77 27496 0 90 27496 0 91 27496 0 92 27499 0 77 27518 0 54 27526 0 77 27552 0 70 27552 0 
TIME iteration: 322 ms
Round:52
IR: 99, 319, 269, 238, 188
27561 0 53 27561 0 77 27576 0 52 27618 0 54 27680 0 53 27694 0 51 27785 0 52 27798 0 54 27815 0 53 27828 0 51 27841 0 64 27841 0 65 27849 0 78 27851 0 63 27853 0 62 27856 0 77 27867 0 66 27867 0 90 27867 0 91 27867 0 92 27873 0 78 27879 0 77 27880 0 71 27882 0 70 27885 0 79 27900 0 78 27905 0 77 27917 0 79 27925 0 73 27933 0 72 27934 0 78 27937 0 77 27968 0 52 27971 0 53 27976 0 79 27985 0 90 27985 0 91 27985 0 92 27991 0 54 27993 0 77 28059 0 
TIME iteration: 324 ms
Round:53
IR: 40, 135, 171, 273, 135
28119 0 54 28194 0 51 28232 0 53 28238 0 54 28244 0 52 28354 0 54 28355 0 66 28355 0 67 28361 0 79 28384 0 90 28384 0 91 28384 0 92 28385 0 79 28391 0 52 28395 0 74 28395 0 75 28412 0 79 28445 0 79 28460 0 51 28466 0 53 28586 0 54 28599 0 
TIME iteration: 323 ms
Round:54
IR: 125, 327, 313, 270, 176
28623 0 53 28653 0 51 28803 0 51 28805 0 53 28815 0 54 28823 0 60 28824 0 61 28827 0 64 28827 0 65 28832 0 76 28834 0 52 28835 0 78 28849 0 90 28849 0 91 28849 0 92 28856 0 76 28859 0 78 28883 0 76 28886 0 78 28889 0 72 28890 0 73 28906 0 68 28907 0 69 28918 0 76 28920 0 78 28943 0 53 28948 0 51 28979 0 90 28979 0 91 28979 0 92 28981 0 54 29057 0 52 29074 0 
TIME iteration: 322 ms
Round:55
IR: 92, 132, 207, 272, 192
29178 0 54 29194 0 51 29221 0 52 29256 0 53 29347 0 52 29359 0 54 29368 0 62 29369 0 63 29377 0 77 29379 0 51 29380 0 53 29393 0 60 29393 0 61 29399 0 76 29399 0 90 29399 0 91 29399 0 92 29401 0 77 29423 0 76 29428 0 77 29432 0 68 29434 0 69 29446 0 71 29449 0 70 29450 0 76 29463 0 77 29469 0 52 29483 0 51 29484 0 76 29505 0 53 29516 0 54 29524 0 90 29524 0 91 29524 0 92 29560 0 76 29593 0 51 29606 0 52 29665 0 
TIME iteration: 323 ms
Round:56
IR: 216, 190, 163, 253, 137
29704 0 54 29744 0 51 29823 0 53 29875 0 54 29897 0 51 29898 0 52 29915 0 61 29916 0 60 29922 0 76 29946 0 76 29946 0 90 29946 0 91 29946 0 92 29947 0 68 29948 0 69 29973 0 76 30007 0 76 30019 0 54 30047 0 53 30067 0 52 30088 0 76 30134 0 51 30171 0 
TIME iteration: 323 ms
Round:57
IR: 91, 190, 226, 233, 163
30213 0 52 30224 0 53 30350 0 54 30372 0 67 30373 0 66 30382 0 79 30400 0 90 30400 0 91 30400 0 92 30406 0 79 30433 0 79 30442 0 51 30458 0 75 30463 0 52 30468 0 79 30472 0 74 30488 0 53 30562 0 54 30589 0 52 30633 0 51 30711 0 52 30715 0 53 30734 0 54 30736 0 62 30736 0 
TIME iteration: 323 ms
Round:58
IR: 86, 194, 181, 393, 275
30744 0 77 30760 0 66 30761 0 67 30762 0 90 30762 0 91 30762 0 92 30765 0 79 30768 0 77 30788 0 75 30789 0 79 30790 0 74 30795 0 77 30813 0 70 30815 0 71 30815 0 79 30829 0 77 30834 0 54 30842 0 51 30848 0 79 30862 0 52 30884 0 90 30884 0 91 30884 0 92 30912 0 79 30942 0 53 30948 0 54 30991 0 51 31068 0 52 31128 0 54 31139 0 51 31158 0 53 31199 0 52 31262 0 54 31268 0 
TIME iteration: 322 ms
Round:59
IR: 94, 172, 201, 405, 352
31272 0 62 31276 0 77 31281 0 67 31282 0 66 31288 0 79 31300 0 77 31300 0 90 31300 0 91 31300 0 92 31308 0 51 31308 0 70 31308 0 71 31310 0 52 31312 0 79 31313 0 74 31313 0 75 31327 0 77 31339 0 79 31361 0 77 31373 0 79 31388 0 53 31431 0 90 31431 0 91 31431 0 92 31436 0 77 31457 0 51 31502 0 52 31526 0 53 31535 0 54 31561 0 51 31704 0 53 31710 0 52 31718 0 51 31738 0 54 31785 0 60 31785 0 61 31793 0 
TIME iteration: 323 ms
Round:60
IR: 140, 320, 206, 174, 170
31815 0 90 31815 0 91 31815 0 92 31817 0 76 31844 0 76 31845 0 51 31871 0 68 31872 0 69 31878 0 76 31882 0 53 31901 0 52 31905 0 54 31955 0 51 32030 0 53 32051 0 54 32082 0 51 32092 0 61 32093 0 60 32095 0 76 32115 0 52 32115 0 69 32116 0 68 32117 0 90 32117 0 91 32117 0 92 32118 0 76 32144 0 76 32176 0 76 32229 0 76 32249 0 54 32257 0 51 32257 0 53 32295 0 
TIME iteration: 323 ms
Round:61
IR: 74, 275, 462, 268, 24
32368 0 54 32414 0 51 32449 0 52 32474 0 54 32476 0 60 32476 0 61 32481 0 66 32481 0 67 32481 0 76 32490 0 79 32494 0 68 32495 0 69 32502 0 90 32502 0 91 32502 0 92 32505 0 53 32505 0 76 32514 0 79 32532 0 76 32541 0 79 32548 0 74 32548 0 75 32559 0 51 32565 0 76 32571 0 68 32571 0 69 32576 0 79 32604 0 53 32611 0 54 32630 0 76 32632 0 90 32632 0 91 32632 0 92 32638 0 52 32709 0 53 32713 0 51 32742 0 54 32817 0 52 32858 0 
TIME iteration: 322 ms
Round:62
IR: 59, 271, 277, 284, 135
32881 0 53 32894 0 54 32995 0 53 33009 0 64 33009 0 65 33017 0 78 33039 0 90 33039 0 91 33039 0 92 33041 0 78 33045 0 51 33068 0 78 33078 0 52 33101 0 73 33102 0 78 33103 0 53 33114 0 72 33152 0 54 33208 0 52 33228 0 51 33231 0 53 33280 0 64 33281 0 65 33282 0 78 33296 0 54 33301 0 73 33302 0 72 33304 0 90 33304 0 91 33304 0 92 33305 0 78 33331 0 78 33360 0 53 33362 0 78 33372 0 52 33383 0 51 33387 0 
TIME iteration: 323 ms
Round:63
IR: 69, 137, 208, 264, 287
33412 0 78 33453 0 54 33471 0 53 33483 0 52 33531 0 51 33553 0 65 33559 0 78 33567 0 64 33572 0 72 33580 0 90 33580 0 91 33580 0 92 33582 0 78 33583 0 73 33595 0 53 33607 0 78 33615 0 52 33630 0 72 33637 0 78 33682 0 78 33693 0 53 33733 0 51 33734 0 54 33773 0 52 33834 0 53 33856 0 64 33856 0 65 33859 0 78 33868 0 73 33872 0 51 33878 0 72 33879 0 90 33879 0 91 33879 0 92 33882 0 78 33908 0 
TIME iteration: 322 ms
Round:64
IR: 73, 104, 165, 284, 217
33928 0 73 33940 0 78 33976 0 54 33994 0 78 34000 0 53 34004 0 52 34008 0 51 34122 0 54 34126 0 53 34131 0 52 34153 0 51 34164 0 65 34165 0 64 34168 0 78 34178 0 72 34186 0 73 34189 0 90 34189 0 91 34189 0 92 34191 0 78 34217 0 78 34225 0 53 34240 0 72 34246 0 51 34249 0 78 34285 0 54 34304 0 78 34307 0 52 34355 0 53 34418 0 51 34423 0 
TIME iteration: 322 ms
Round:65
IR: 91, 211, 288, 269, 154
34488 0 53 34496 0 65 34497 0 64 34498 0 52 34501 0 78 34511 0 73 34512 0 54 34519 0 72 34521 0 90 34521 0 91 34521 0 92 34525 0 78 34551 0 78 34575 0 73 34584 0 78 34605 0 53 34608 0 51 34635 0 52 34645 0 78 34654 0 54 34733 0 53 34738 0 52 34782 0 65 34784 0 64 34787 0 78 34794 0 72 34796 0 54 34803 0 73 34807 0 90 34807 0 91 34807 0 92 34810 0 78 34827 0 51 34836 0 78 34849 0 72 34868 0 78 34889 0 73 34923 0 78 34933 0 54 34976 0 52 34976 0 
TIME iteration: 322 ms
Round:66
IR: 94, 197, 317, 313, 397
35003 0 51 35039 0 54 35134 0 54 35137 0 66 35137 0 67 35143 0 51 35146 0 79 35161 0 53 35162 0 90 35162 0 91 35162 0 92 35170 0 79 35177 0 52 35197 0 79 35225 0 74 35232 0 79 35239 0 75 35251 0 51 35291 0 53 35295 0 54 35389 0 52 35398 0 51 35445 0 
TIME iteration: 321 ms
Round:67
IR: 133, 19, 194, 260, 429
35522 0 52 35536 0 51 35545 0 61 35546 0 60 35547 0 54 35554 0 76 35565 0 62 35566 0 63 35572 0 90 35572 0 91 35572 0 92 35574 0 53 35574 0 77 35578 0 76 35598 0 77 35605 0 76 35625 0 77 35640 0 69 35640 0 76 35642 0 68 35660 0 70 35660 0 77 35664 0 52 35667 0 51 35680 0 71 35696 0 90 35696 0 91 35696 0 92 35742 0 54 35749 0 53 35871 0 52 35879 0 53 35902 0 51 35948 0 54 35996 0 53 36012 0 52 36029 0 64 36031 0 65 36038 0 
TIME iteration: 322 ms
Round:68
IR: 88, 195, 192, 307, 43
36057 0 51 36059 0 90 36059 0 91 36059 0 92 36062 0 78 36089 0 78 36100 0 54 36100 0 72 36100 0 73 36123 0 78 36176 0 51 36188 0 52 36240 0 53 36267 0 54 36282 0 52 36376 0 51 36387 0 52 36392 0 62 36392 0 63 36399 0 77 36402 0 53 36414 0 54 36418 0 90 36418 0 91 36418 0 92 36423 0 77 36448 0 71 36449 0 70 36450 0 77 36484 0 77 36509 0 52 36533 0 54 36540 0 
TIME iteration: 322 ms
Round:69
IR: 106, 170, 318, 445, 355
36627 0 52 36633 0 53 36682 0 62 36683 0 63 36685 0 77 36687 0 54 36701 0 70 36702 0 71 36706 0 90 36706 0 91 36706 0 92 36708 0 77 36734 0 77 36766 0 77 36777 0 52 36778 0 70 36785 0 71 36793 0 51 36799 0 53 36819 0 77 36874 0 54 36929 0 51 36936 0 53 37009 0 52 37044 0 62 37045 0 63 37048 0 53 37049 0 77 37062 0 64 37062 0 65 37070 0 78 37070 0 90 37070 0 91 37070 0 92 37073 0 70 37073 0 71 37073 0 77 37075 0 54 37094 0 78 37099 0 
TIME iteration: 323 ms
Round:70
IR: 108, 274, 199, 235, 177
37102 0 51 37121 0 78 37122 0 73 37125 0 72 37132 0 77 37155 0 78 37157 0 52 37161 0 53 37193 0 77 37194 0 90 37194 0 91 37194 0 92 37235 0 51 37251 0 52 37257 0 54 37336 0 53 37364 0 51 37408 0 52 37425 0 54 37462 0 51 37499 0 60 37502 0 61 37509 0 76 37529 0 90 37529 0 91 37529 0 92 37533 0 76 37545 0 53 37560 0 76 37566 0 52 37578 0 51 37585 0 69 37590 0 68 37595 0 
TIME iteration: 323 ms
Round:71
IR: 130, 397, 236, 407, 278
37630 0 54 37710 0 52 37721 0 51 37744 0 53 37756 0 54 37851 0 53 37870 0 52 37880 0 51 37882 0 54 37883 0 60 37884 0 61 37887 0 76 37895 0 66 37896 0 65 37896 0 67 37897 0 64 37904 0 78 37904 0 79 37908 0 63 37909 0 62 37910 0 76 37910 0 90 37910 0 91 37910 0 92 37912 0 68 37912 0 69 37916 0 77 37928 0 78 37928 0 79 37936 0 76 37940 0 77 37950 0 72 37950 0 73 37955 0 78 37955 0 79 37960 0 70 37961 0 71 37967 0 77 37968 0 76 37983 0 74 37988 0 75 37989 0 78 37990 0 79 38001 0 77 38008 0 53 38011 0 52 38020 0 90 38020 0 91 38020 0 92 38023 0 76 38030 0 51 38057 0 54 38123 0 53 38137 0 
TIME iteration: 325 ms
Round:72
IR: 19, 443, 432, 266, 276
38222 0 51 38241 0 53 38281 0 54 38320 0 52 38401 0 51 38411 0 53 38421 0 64 38421 0 65 38426 0 78 38450 0 78 38450 0 90 38450 0 91 38450 0 92 38451 0 54 38457 0 72 38457 0 73 38477 0 78 38510 0 78 38528 0 51 38576 0 78 38577 0 52 38603 0 53 38683 0 
TIME iteration: 324 ms
Round:73
IR: 79, 316, 208, 255, 218
38694 0 54 38700 0 52 38720 0 53 38768 0 64 38768 0 65 38772 0 78 38787 0 72 38787 0 73 38793 0 90 38793 0 91 38793 0 92 38795 0 78 38799 0 52 38821 0 78 38833 0 51 38850 0 54 38853 0 78 38861 0 73 38867 0 72 38909 0 78 38943 0 53 38963 0 54 38991 0 51 39063 0 52 39066 0 53 39078 0 65 39079 0 64 39082 0 78 39101 0 54 39102 0 72 39102 0 73 39103 0 90 39103 0 91 39103 0 92 39104 0 51 39105 0 78 39131 0 78 39150 0 53 39163 0 78 39218 0 
TIME iteration: 324 ms
Round:74
IR: 95, 249, 187, 285, 268
39240 0 51 39256 0 53 39259 0 52 39344 0 54 39369 0 52 39394 0 53 39409 0 64 39409 0 65 39413 0 78 39424 0 72 39424 0 73 39429 0 51 39434 0 90 39434 0 91 39434 0 92 39436 0 78 39453 0 54 39462 0 78 39489 0 73 39492 0 72 39494 0 78 39534 0 53 39547 0 52 39550 0 78 39621 0 54 39657 0 51 39669 0 53 39691 0 65 39692 0 64 39695 0 78 39712 0 73 39713 0 72 39715 0 90 39715 0 91 39715 0 92 39718 0 78 39744 0 78 39749 0 
TIME iteration: 322 ms
Round:75
IR: 78, 228, 187, 225, 231
39767 0 52 39775 0 53 39776 0 78 39795 0 73 39809 0 51 39831 0 78 39892 0 53 39899 0 54 39916 0 52 39958 0 65 39960 0 64 39962 0 78 39969 0 72 39980 0 73 39982 0 51 39982 0 90 39982 0 91 39982 0 92 39985 0 78 40011 0 78 40025 0 72 40043 0 78 40066 0 73 40081 0 54 40090 0 53 40097 0 78 40119 0 51 40140 0 52 40207 0 54 40240 0 53 40254 0 51 40263 0 64 40263 0 65 40267 0 
TIME iteration: 322 ms
Round:76
IR: 115, 197, 329, 307, 148
40283 0 72 40287 0 73 40287 0 90 40287 0 91 40287 0 92 40290 0 78 40300 0 54 40316 0 78 40348 0 78 40365 0 52 40366 0 72 40402 0 54 40404 0 78 40424 0 51 40453 0 53 40522 0 54 40551 0 52 40558 0 51 40582 0 53 40594 0 66 40601 0 67 40605 0 64 40605 0 65 40607 0 79 40609 0 78 40622 0 73 40622 0 90 40622 0 91 40622 0 92 40631 0 72 40631 0 79 40632 0 78 40658 0 78 40658 0 79 40686 0 75 40687 0 74 40690 0 78 40693 0 73 40694 0 79 40717 0 52 40730 0 54 40739 0 51 40744 0 53 40746 0 78 40750 0 90 40750 0 91 40750 0 
TIME iteration: 322 ms
Round:77
IR: 85, 141, 216, 248, 310
40867 0 51 40870 0 52 40875 0 53 40880 0 54 41002 0 53 41017 0 54 41043 0 52 41044 0 51 41109 0 53 41110 0 65 41111 0 64 41116 0 78 41140 0 72 41140 0 78 41140 0 90 41140 0 91 41140 0 92 41147 0 73 41163 0 52 41167 0 78 41178 0 54 41200 0 78 41249 0 51 41267 0 78 41322 0 
TIME iteration: 323 ms
Round:78
IR: 112, 427, 330, 309, 154
41364 0 53 41386 0 54 41475 0 52 41518 0 62 41518 0 63 41519 0 53 41526 0 51 41526 0 77 41545 0 90 41545 0 91 41545 0 92 41550 0 77 41565 0 54 41577 0 77 41610 0 70 41611 0 77 41618 0 71 41627 0 52 41643 0 51 41660 0 53 41752 0 52 41759 0 54 41778 0 53 41796 0 63 41798 0 62 41799 0 77 41818 0 70 41818 0 71 41821 0 90 41821 0 91 41821 0 92 41822 0 77 41836 0 51 41848 0 77 41853 0 
TIME iteration: 322 ms
Round:79
IR: 86, 213, 222, 355, 266
41879 0 77 41894 0 53 41905 0 71 41912 0 70 41930 0 77 41944 0 54 41997 0 52 42004 0 51 42036 0 62 42036 0 63 42039 0 77 42055 0 70 42055 0 71 42059 0 90 42059 0 91 42059 0 92 42062 0 77 42074 0 54 42088 0 77 42120 0 77 42134 0 70 42140 0 71 42155 0 53 42164 0 52 42173 0 77 42184 0 51 42211 0 54 42309 0 53 42313 0 52 42329 0 62 42329 0 63 42332 0 77 42335 0 51 42352 0 70 42352 0 71 42353 0 90 42353 0 91 42353 0 92 42355 0 77 42362 0 54 42381 0 
TIME iteration: 322 ms
Round:80
IR: 89, 183, 329, 375, 187
42413 0 77 42467 0 77 42471 0 54 42474 0 51 42509 0 52 42562 0 53 42663 0 51 42663 0 54 42736 0 52 42777 0 53 42801 0 62 42804 0 63 42808 0 77 42817 0 54 42821 0 66 42821 0 67 42829 0 70 42829 0 71 42830 0 79 42830 0 90 42830 0 91 42830 0 92 42832 0 77 42840 0 51 42854 0 79 42858 0 52 42859 0 77 42881 0 79 42892 0 77 42911 0 74 42916 0 75 42916 0 
TIME iteration: 322 ms
Round:81
IR: 77, 231, 145, 341, 324
42955 0 90 42955 0 91 42955 0 92 42959 0 77 42965 0 53 42979 0 51 42988 0 52 43017 0 54 43103 0 52 43133 0 51 43165 0 54 43217 0 53 43247 0 52 43296 0 63 43297 0 62 43302 0 77 43307 0 51 43325 0 70 43325 0 71 43326 0 77 43326 0 90 43326 0 91 43326 0 92 43337 0 54 43353 0 77 43373 0 53 43386 0 77 43439 0 52 43451 0 54 43453 0 
TIME iteration: 323 ms
Round:82
IR: 105, 188, 190, 259, 302
43470 0 51 43491 0 53 43587 0 53 43620 0 64 43620 0 65 43628 0 78 43631 0 51 43632 0 54 43637 0 52 43645 0 90 43645 0 91 43645 0 92 43652 0 78 43679 0 78 43708 0 72 43710 0 73 43713 0 78 43715 0 53 43750 0 54 43808 0 51 43887 0 52 43899 0 
TIME iteration: 322 ms
Round:83
IR: 110, 335, 288, 227, 148
43990 0 53 44001 0 51 44028 0 54 44034 0 66 44034 0 67 44043 0 79 44058 0 64 44060 0 90 44060 0 91 44060 0 92 44067 0 78 44067 0 79 44072 0 52 44094 0 79 44096 0 78 44109 0 74 44109 0 75 44129 0 79 44138 0 78 44160 0 54 44199 0 90 44199 0 91 44199 0 92 44200 0 52 44224 0 51 44245 0 53 44282 0 54 44373 0 51 44390 0 52 44406 0 53 44416 0 
TIME iteration: 322 ms
Round:84
IR: 92, 231, 154, 232, 286
44545 0 54 44557 0 67 44558 0 52 44559 0 51 44559 0 66 44564 0 79 44567 0 53 44588 0 79 44588 0 90 44588 0 91 44588 0 92 44594 0 75 44596 0 74 44615 0 79 44649 0 79 44672 0 54 44686 0 53 44719 0 52 44762 0 51 44781 0 54 44890 0 53 44894 0 51 44902 0 52 44942 0 54 44948 0 66 44948 0 67 44952 0 79 44970 0 75 44971 0 74 44974 0 90 44974 0 91 44974 0 92 44975 0 79 45001 0 79 45025 0 53 45033 0 79 45035 0 51 45049 0 
TIME iteration: 323 ms
Round:85
IR: 189, 240, 439, 474, 225
45092 0 79 45111 0 54 45145 0 53 45156 0 58 45178 0 52 45193 0 58 45222 0 86 45222 0 87 45224 0 51 45228 0 58 45246 0 54 45263 0 58 45267 0 52 45297 0 58 45306 0 67 45308 0 66 45312 0 79 45324 0 74 45324 0 75 45331 0 58 45332 0 90 45332 0 91 45332 0 92 45336 0 79 45336 0 86 45336 0 87 45338 0 53 45352 0 51 45363 0 58 45363 0 79 45393 0 58 45395 0 74 45395 0 75 45396 0 79 45405 0 54 45423 0 52 45424 0 58 45444 0 51 45448 0 86 45448 0 87 45454 0 58 45468 0 79 45471 0 53 45483 0 58 45512 0 58 45541 0 58 45542 0 54 45559 0 86 45559 0 87 45570 0 58 45574 0 67 45575 0 66 45578 0 52 45578 0 
TIME iteration: 323 ms
Round:86
IR: 80, 254, 361, 487, 444
45583 0 51 45594 0 74 45595 0 75 45598 0 58 45598 0 90 45598 0 91 45598 0 92 45601 0 79 45619 0 53 45627 0 58 45627 0 79 45655 0 58 45659 0 79 45669 0 86 45669 0 87 45675 0 75 45677 0 74 45683 0 58 45703 0 54 45710 0 58 45716 0 79 45725 0 52 45729 0 51 45737 0 58 45744 0 53 45765 0 58 45779 0 86 45779 0 87 45793 0 58 45822 0 58 45836 0 53 45841 0 51 45851 0 58 45854 0 54 45859 0 52 45869 0 66 45870 0 67 45873 0 79 45879 0 58 45888 0 86 45888 0 87 45893 0 74 45893 0 75 45893 0 90 45893 0 91 45893 0 92 45896 0 79 45907 0 58 45922 0 79 45934 0 58 45954 0 79 45961 0 58 45979 0 51 45987 0 58 45992 0 53 45997 0 86 45997 0 87 46011 0 54 46013 0 58 46013 0 79 46039 0 58 46066 0 58 46093 0 58 46106 0 86 46106 0 
TIME iteration: 323 ms
Round:87
IR: 91, 249, 337, 511, 492
46111 0 52 46115 0 53 46120 0 58 46140 0 54 46147 0 58 46174 0 58 46201 0 58 46210 0 67 46212 0 66 46215 0 79 46216 0 86 46216 0 87 46226 0 74 46227 0 75 46228 0 58 46231 0 59 46232 0 51 46236 0 90 46236 0 91 46236 0 92 46239 0 79 46255 0 58 46265 0 79 46269 0 59 46277 0 54 46283 0 58 46292 0 74 46293 0 75 46297 0 88 46297 0 89 46298 0 79 46305 0 59 46311 0 58 46326 0 86 46326 0 87 46330 0 88 46330 0 89 46339 0 58 46340 0 59 46361 0 88 46361 0 89 46362 0 79 46363 0 51 46367 0 58 46373 0 59 46379 0 53 46391 0 88 46391 0 89 46396 0 58 46405 0 59 46413 0 52 46420 0 88 46420 0 89 46425 0 58 46435 0 59 46435 0 86 46435 0 87 46448 0 88 46448 0 89 46455 0 58 46457 0 54 46464 0 59 46476 0 88 46476 0 89 46484 0 58 46494 0 59 46503 0 88 46503 0 89 46512 0 58 46515 0 53 46525 0 59 46531 0 88 46531 0 89 46541 0 58 46546 0 86 46546 0 87 46555 0 59 46560 0 88 46560 0 89 46570 0 58 46584 0 59 46586 0 51 46589 0 88 46589 0 89 46598 0 58 46605 0 54 46613 0 59 46618 0 88 46618 0 89 46625 0 
TIME iteration: 324 ms
Round:88
IR: 99, 284, 256, 254, 208
46641 0 52 46641 0 59 46646 0 88 46646 0 89 46648 0 53 46653 0 58 46657 0 86 46657 0 87 46677 0 59 46678 0 88 46678 0 89 46690 0 58 46711 0 88 46711 0 89 46749 0 51 46754 0 60 46755 0 61 46763 0 76 46764 0 54 46764 0 88 46764 0 89 46765 0 52 46783 0 90 46783 0 91 46783 0 92 46787 0 76 46814 0 76 46817 0 53 46846 0 68 46849 0 76 46855 0 69 46862 0 51 46914 0 52 46955 0 53 47003 0 54 47031 0 51 47071 0 52 47072 0 60 47075 0 61 47076 0 76 47098 0 68 47098 0 69 47098 0 90 47098 0 91 47098 0 92 47099 0 76 47125 0 76 47142 0 53 47152 0 51 47157 0 
TIME iteration: 322 ms
Round:89
IR: 70, 236, 262, 385, 395
47198 0 52 47209 0 54 47210 0 76 47287 0 53 47339 0 51 47352 0 52 47427 0 54 47435 0 53 47470 0 64 47470 0 65 47477 0 52 47478 0 78 47485 0 63 47486 0 62 47494 0 77 47496 0 90 47496 0 91 47496 0 92 47502 0 78 47518 0 77 47529 0 78 47531 0 51 47545 0 77 47552 0 53 47563 0 54 47563 0 78 47565 0 73 47572 0 72 47576 0 71 47578 0 70 47580 0 77 47621 0 90 47621 0 91 47621 0 92 47690 0 54 47694 0 
TIME iteration: 324 ms
Round:90
IR: 87, 312, 475, 414, 154
47739 0 52 47742 0 51 47869 0 52 47874 0 53 47894 0 51 47902 0 54 47993 0 51 48003 0 60 48004 0 61 48011 0 76 48015 0 52 48022 0 53 48025 0 62 48025 0 63 48031 0 77 48033 0 90 48033 0 91 48033 0 92 48035 0 76 48055 0 77 48059 0 68 48059 0 69 48062 0 76 48065 0 70 48065 0 71 48082 0 77 48096 0 76 48097 0 54 48112 0 51 48116 0 77 48150 0 52 48157 0 53 48158 0 90 48158 0 91 48158 0 92 48192 0 77 48226 0 
TIME iteration: 324 ms
Round:91
IR: 82, 193, 259, 391, 209
48236 0 51 48326 0 52 48344 0 53 48371 0 54 48379 0 51 48472 0 52 48522 0 53 48534 0 51 48543 0 63 48548 0 62 48552 0 60 48552 0 61 48552 0 77 48558 0 76 48574 0 90 48574 0 91 48574 0 92 48576 0 77 48578 0 54 48578 0 70 48578 0 71 48582 0 76 48588 0 68 48588 0 69 48603 0 77 48609 0 76 48637 0 77 48638 0 53 48643 0 76 48646 0 52 48675 0 51 48703 0 54 48706 0 90 48706 0 91 48706 0 92 48717 0 77 48719 0 
TIME iteration: 323 ms
Round:92
IR: 112, 125, 200, 256, 204
48771 0 53 48788 0 52 48863 0 54 48864 0 51 48871 0 52 48920 0 53 48989 0 51 49004 0 52 49023 0 62 49024 0 63 49029 0 77 49051 0 70 49052 0 71 49053 0 53 49053 0 77 49053 0 90 49053 0 91 49053 0 92 49080 0 77 49090 0 54 49095 0 51 49113 0 77 49129 0 52 49180 0 77 49217 0 51 49271 0 53 49284 0 
TIME iteration: 323 ms
Round:93
IR: 108, 198, 186, 362, 352
49292 0 54 49382 0 51 49416 0 60 49418 0 61 49425 0 76 49443 0 90 49443 0 91 49443 0 92 49448 0 52 49449 0 76 49452 0 54 49464 0 53 49469 0 68 49470 0 69 49476 0 76 49510 0 76 49520 0 51 49567 0 53 49600 0 52 49657 0 54 49667 0 53 49735 0 64 49735 0 65 49738 0 51 49743 0 78 49760 0 90 49760 0 91 49760 0 92 49767 0 78 49773 0 52 49794 0 
TIME iteration: 322 ms
Round:94
IR: 121, 344, 252, 198, 240
49825 0 53 49825 0 73 49828 0 72 49828 0 78 49845 0 51 49860 0 54 49883 0 52 49950 0 53 50004 0 54 50012 0 64 50014 0 65 50015 0 78 50032 0 52 50034 0 72 50034 0 73 50037 0 90 50037 0 91 50037 0 92 50038 0 78 50064 0 78 50095 0 78 50106 0 51 50122 0 73 50138 0 72 50146 0 78 50166 0 54 50169 0 52 50222 0 51 50237 0 53 50291 0 52 50322 0 
TIME iteration: 323 ms
Round:95
IR: 65, 492, 224, 224, 239
50394 0 51 50410 0 52 50411 0 62 50411 0 63 50419 0 77 50423 0 60 50423 0 61 50431 0 76 50437 0 90 50437 0 91 50437 0 92 50443 0 77 50445 0 53 50450 0 54 50455 0 76 50470 0 77 50482 0 70 50482 0 76 50485 0 68 50486 0 69 50486 0 71 50504 0 77 50516 0 76 50536 0 52 50563 0 51 50564 0 90 50564 0 91 50564 0 92 50577 0 54 50605 0 53 50672 0 51 50679 0 52 50763 0 54 50779 0 53 50809 0 51 50815 0 
TIME iteration: 322 ms
Round:96
IR: 97, 212, 236, 222, 231
50917 0 53 50925 0 54 50936 0 51 50940 0 60 50940 0 61 50945 0 76 50952 0 64 50953 0 65 50960 0 78 50969 0 76 50970 0 90 50970 0 91 50970 0 92 50976 0 68 50977 0 69 50984 0 78 50994 0 52 50996 0 76 51011 0 78 51013 0 72 51015 0 73 51029 0 76 51045 0 78 51064 0 51 51064 0 54 51066 0 53 51095 0 76 51100 0 90 51100 0 91 51100 0 92 51174 0 51 51211 0 52 51226 0 54 51258 0 53 51322 0 51 51324 0 52 51350 0 54 51384 0 
TIME iteration: 323 ms
Round:97
IR: 74, 261, 333, 238, 236
51436 0 51 51452 0 61 51453 0 60 51459 0 76 51472 0 54 51479 0 66 51479 0 67 51482 0 90 51482 0 91 51482 0 92 51483 0 68 51483 0 69 51483 0 76 51486 0 52 51488 0 79 51506 0 53 51510 0 76 51512 0 79 51539 0 79 51544 0 76 51550 0 51 51570 0 75 51571 0 74 51574 0 79 51587 0 54 51605 0 90 51605 0 91 51605 0 92 51625 0 76 51661 0 52 51667 0 51 51681 0 53 51782 0 54 51793 0 53 51808 0 51 51919 0 
TIME iteration: 323 ms
Round:98
IR: 85, 363, 471, 276, 190
51943 0 64 51944 0 65 51951 0 78 51956 0 52 51973 0 90 51973 0 91 51973 0 92 51974 0 54 51975 0 78 52002 0 78 52003 0 72 52004 0 73 52006 0 51 52036 0 78 52080 0 53 52083 0 54 52133 0 52 52146 0 51 52214 0 54 52252 0 52 52262 0 53 52322 0 64 52323 0 65 52326 0 78 52334 0 51 52343 0 62 52347 0 72 52349 0 73 52349 0 78 52349 0 90 52349 0 91 52349 0 92 52361 0 77 52366 0 54 52375 0 78 52377 0 52 52393 0 77 52407 0 78 52448 0 77 52462 0 78 52467 0 
TIME iteration: 323 ms
Round:99
IR: 119, 268, 183, 244, 132
52491 0 90 52491 0 91 52491 0 92 52502 0 52 52556 0 54 52567 0 51 52603 0 52 52681 0 53 52705 0 54 52727 0 52 52732 0 51 52832 0 52 52834 0 62 52834 0 63 52840 0 77 52863 0 54 52864 0 77 52864 0 90 52864 0 91 52864 0 92 52878 0 70 52878 0 71 52891 0 77 52898 0 51 52906 0 53 52925 0 77 52988 0 
TIME iteration: 322 ms
Round:100
IR: 33, 238, 478, 501, 301
53001 0 77 53019 0 54 53021 0 51 53095 0 58 53130 0 53 53132 0 58 53140 0 52 53161 0 86 53161 0 87 53163 0 51 53167 0 58 53199 0 58 53205 0 61 53207 0 60 53214 0 76 53229 0 58 53232 0 90 53232 0 91 53232 0 92 53238 0 76 53249 0 54 53252 0 52 53259 0 58 53265 0 76 53271 0 86 53271 0 87 53281 0 53 53287 0 69 53288 0 58 53291 0 68 53299 0 76 53318 0 58 53347 0 58 53362 0 54 53376 0 58 53382 0 86 53382 0 87 53383 0 51 53403 0 52 53405 0 58 53431 0 53 53433 0 58 53461 0 58 53489 0 58 53493 0 86 53493 0 87 53501 0 54 53517 0 58 53526 0 
TIME iteration: 322 ms
Round:101
IR: 89, 349, 307, 479, 436
53532 0 52 53545 0 58 53553 0 53 53555 0 61 53557 0 60 53559 0 76 53572 0 58 53574 0 66 53576 0 67 53581 0 68 53581 0 69 53581 0 90 53581 0 91 53581 0 92 53582 0 76 53584 0 79 53600 0 58 53604 0 86 53604 0 87 53608 0 76 53608 0 79 53628 0 58 53635 0 79 53640 0 76 53657 0 58 53661 0 74 53665 0 75 53670 0 79 53685 0 51 53686 0 58 53687 0 52 53691 0 54 53694 0 76 53704 0 90 53704 0 91 53704 0 92 53714 0 58 53716 0 86 53716 0 87 53737 0 53 53742 0 58 53770 0 58 53797 0 58 53825 0 58 53827 0 86 53827 0 87 53843 0 54 53853 0 58 53859 0 52 53869 0 51 53881 0 58 53891 0 53 53908 0 58 53935 0 58 53938 0 86 53938 0 87 53952 0 54 53961 0 58 53987 0 58 54014 0 58 54029 0 51 54029 0 52 54033 0 66 54035 0 67 54039 0 79 54041 0 58 54047 0 86 54047 0 
TIME iteration: 323 ms
Round:102
IR: 38, 145, 234, 276, 168
54063 0 79 54063 0 90 54063 0 91 54063 0 92 54067 0 75 54068 0 58 54068 0 74 54086 0 54 54090 0 79 54101 0 58 54123 0 79 54134 0 53 54157 0 58 54163 0 86 54163 0 87 54169 0 51 54173 0 52 54181 0 54 54197 0 79 54281 0 54 54305 0 53 54313 0 66 54313 0 67 54317 0 79 54318 0 51 54321 0 52 54326 0 74 54326 0 75 54337 0 90 54337 0 91 54337 0 92 54341 0 79 54367 0 79 54387 0 75 54388 0 74 54399 0 79 54416 0 51 54426 0 53 54443 0 54 54460 0 79 54478 0 52 54507 0 51 54571 0 
TIME iteration: 323 ms
Round:103
IR: 84, 246, 221, 337, 321
54593 0 52 54596 0 66 54596 0 67 54600 0 79 54616 0 75 54617 0 74 54620 0 90 54620 0 91 54620 0 92 54624 0 79 54645 0 53 54646 0 51 54650 0 79 54682 0 79 54699 0 75 54702 0 52 54703 0 54 54714 0 74 54745 0 79 54770 0 53 54804 0 51 54812 0 54 54813 0 52 54828 0 66 54828 0 67 54831 0 79 54847 0 74 54847 0 75 54851 0 90 54851 0 91 54851 0 92 54854 0 79 54880 0 79 54892 0 53 54912 0 79 54922 0 75 54926 0 74 54967 0 79 54974 0 54 54993 0 52 55001 0 51 55048 0 
TIME iteration: 322 ms
Round:104
IR: 120, 238, 186, 261, 249
55147 0 54 55161 0 66 55161 0 67 55165 0 79 55167 0 52 55186 0 75 55186 0 90 55186 0 91 55186 0 92 55187 0 74 55189 0 79 55215 0 79 55248 0 79 55272 0 53 55297 0 54 55298 0 51 55316 0 79 55326 0 52 55429 0 53 55465 0 54 55478 0 51 55514 0 53 55527 0 52 55531 0 64 55532 0 65 55540 0 78 55557 0 90 55557 0 91 55557 0 92 55564 0 78 55591 0 78 55598 0 54 55613 0 53 55626 0 73 55626 0 78 55634 0 
TIME iteration: 322 ms
Round:105
IR: 97, 325, 310, 376, 190
55650 0 51 55720 0 53 55772 0 64 55773 0 52 55773 0 65 55774 0 78 55791 0 72 55792 0 73 55795 0 90 55795 0 91 55795 0 92 55797 0 78 55801 0 54 55823 0 78 55827 0 53 55854 0 78 55864 0 73 55866 0 72 55896 0 51 55904 0 78 55944 0 54 55953 0 53 56002 0 52 56004 0 64 56004 0 65 56007 0 78 56020 0 51 56022 0 72 56022 0 73 56026 0 90 56026 0 91 56026 0 92 56030 0 78 56054 0 54 56056 0 78 56088 0 78 56095 0 72 56096 0 73 56114 0 53 56141 0 
TIME iteration: 329 ms
Round:106
IR: 127, 418, 216, 288, 200
56190 0 52 56231 0 51 56235 0 54 56255 0 53 56278 0 64 56278 0 65 56281 0 78 56298 0 72 56299 0 73 56301 0 90 56301 0 91 56301 0 92 56304 0 78 56330 0 78 56339 0 54 56349 0 52 56354 0 51 56362 0 78 56381 0 72 56387 0 53 56396 0 73 56416 0 78 56449 0 54 56476 0 51 56534 0 52 56554 0 53 56571 0 64 56571 0 65 56574 0 78 56578 0 54 56594 0 72 56594 0 73 56595 0 90 56595 0 91 56595 0 92 56597 0 78 56620 0 51 56623 0 78 56655 0 78 56696 0 52 56709 0 
TIME iteration: 322 ms
Round:107
IR: 72, 217, 183, 237, 278
56725 0 53 56746 0 54 56821 0 51 56842 0 53 56869 0 52 56905 0 64 56906 0 65 56910 0 78 56920 0 73 56921 0 72 56923 0 54 56930 0 90 56930 0 91 56930 0 92 56932 0 51 56934 0 78 56958 0 53 56960 0 78 56985 0 73 56989 0 72 56993 0 78 57004 0 52 57054 0 78 57065 0 53 57083 0 51 57101 0 54 57138 0 52 57209 0 51 57213 0 
TIME iteration: 322 ms
Round:108
IR: 89, 454, 480, 262, 168
57258 0 53 57265 0 65 57266 0 64 57270 0 78 57274 0 61 57276 0 60 57279 0 67 57283 0 76 57284 0 66 57287 0 52 57290 0 79 57291 0 72 57291 0 90 57291 0 91 57291 0 92 57292 0 73 57294 0 78 57307 0 76 57314 0 79 57320 0 78 57334 0 76 57341 0 79 57353 0 78 57368 0 76 57370 0 68 57373 0 75 57375 0 69 57375 0 74 57376 0 79 57389 0 54 57405 0 51 57406 0 90 57406 0 91 57406 0 92 57414 0 78 57441 0 53 57498 0 52 57520 0 54 57591 0 51 57653 0 53 57689 0 52 57697 0 
TIME iteration: 322 ms
Round:109
IR: 92, 390, 321, 190, 359
57795 0 51 57795 0 53 57829 0 64 57831 0 65 57836 0 78 57852 0 61 57853 0 60 57858 0 76 57860 0 54 57860 0 78 57860 0 90 57860 0 91 57860 0 92 57863 0 72 57864 0 73 57882 0 76 57887 0 78 57893 0 69 57895 0 68 57909 0 52 57909 0 76 57921 0 78 57942 0 76 57944 0 53 57959 0 51 57985 0 90 57985 0 91 57985 0 92 57997 0 78 58009 0 76 58020 0 54 58043 0 52 58087 0 53 58110 0 51 58134 0 54 58185 0 52 58215 0 53 58277 0 
TIME iteration: 324 ms
Round:110
IR: 36, 226, 178, 490, 393
58318 0 52 58330 0 66 58330 0 67 58338 0 79 58345 0 62 58345 0 63 58353 0 77 58359 0 90 58359 0 91 58359 0 92 58362 0 53 58362 0 79 58377 0 77 58389 0 79 58395 0 75 58397 0 74 58403 0 58 58404 0 77 58416 0 54 58424 0 79 58437 0 71 58438 0 77 58441 0 58 58445 0 70 58457 0 51 58469 0 86 58469 0 87 58475 0 58 58481 0 52 58487 0 90 58487 0 91 58487 0 92 58507 0 58 58537 0 58 58566 0 58 58568 0 54 58579 0 51 58579 0 86 58579 0 87 58594 0 58 58601 0 53 58622 0 58 58636 0 52 58649 0 58 58676 0 58 58688 0 86 58688 0 87 58694 0 54 58705 0 58 58714 0 53 58723 0 51 58734 0 58 58762 0 58 58781 0 52 58790 0 58 58797 0 86 58797 0 87 58818 0 
TIME iteration: 323 ms
Round:111
IR: 29, 290, 204, 222, 163
58848 0 53 58849 0 58 58873 0 54 58894 0 66 58894 0 67 58895 0 58 58900 0 79 58908 0 86 58908 0 87 58924 0 79 58924 0 90 58924 0 91 58924 0 92 58933 0 74 58934 0 75 58951 0 79 58952 0 52 58963 0 51 58985 0 79 59025 0 54 59074 0 53 59091 0 52 59119 0 51 59187 0 54 59204 0 52 59254 0 51 59285 0 67 59289 0 61 59290 0 60 59293 0 79 59298 0 76 59307 0 63 59312 0 90 59312 0 91 59312 0 92 59314 0 52 59318 0 53 59322 0 76 59322 0 79 59324 0 77 59334 0 54 59349 0 76 59356 0 
TIME iteration: 323 ms
Round:112
IR: 92, 323, 182, 294, 184
59364 0 79 59365 0 68 59365 0 69 59384 0 76 59409 0 77 59424 0 52 59434 0 54 59438 0 90 59438 0 91 59438 0 92 59455 0 51 59468 0 53 59515 0 54 59584 0 53 59593 0 52 59603 0 51 59615 0 54 59703 0 53 59727 0 52 59730 0 54 59742 0 67 59743 0 66 59748 0 79 59756 0 64 59757 0 65 59764 0 51 59765 0 78 59770 0 75 59771 0 74 59771 0 90 59771 0 91 59771 0 92 59772 0 79 59789 0 78 59799 0 79 59816 0 78 59832 0 79 59838 0 54 59840 0 72 59840 0 73 59851 0 
TIME iteration: 323 ms
Round:113
IR: 40, 311, 158, 392, 321
59890 0 53 59899 0 90 59899 0 91 59899 0 92 59907 0 52 59910 0 51 59910 0 79 60016 0 51 60025 0 54 60083 0 52 60094 0 53 60147 0 54 60210 0 51 60226 0 53 60252 0 54 60259 0 66 60260 0 67 60266 0 79 60270 0 52 60283 0 64 60283 0 65 60289 0 78 60289 0 90 60289 0 91 60289 0 92 60290 0 74 60290 0 75 60290 0 79 60313 0 78 60317 0 79 60321 0 72 60321 0 73 60340 0 78 60351 0 79 60374 0 78 60396 0 54 60405 0 53 60414 0 90 60414 0 91 60414 0 
TIME iteration: 323 ms
Round:114
IR: 100, 220, 210, 251, 215
60431 0 51 60450 0 78 60483 0 52 60553 0 54 60560 0 53 60592 0 52 60636 0 51 60680 0 54 60713 0 53 60726 0 52 60755 0 62 60755 0 63 60763 0 77 60768 0 51 60784 0 90 60784 0 91 60784 0 92 60787 0 77 60797 0 54 60814 0 77 60837 0 71 60838 0 53 60838 0 70 60848 0 77 60860 0 52 60882 0 51 60949 0 
TIME iteration: 323 ms
Round:115
IR: 82, 281, 292, 306, 288
60953 0 54 60968 0 52 61024 0 62 61026 0 63 61027 0 77 61044 0 51 61045 0 70 61045 0 71 61049 0 90 61049 0 91 61049 0 92 61050 0 77 61076 0 77 61099 0 54 61102 0 52 61107 0 77 61128 0 53 61128 0 70 61137 0 71 61158 0 77 61177 0 51 61212 0 52 61243 0 62 61243 0 63 61245 0 77 61252 0 54 61260 0 70 61260 0 71 61265 0 90 61265 0 91 61265 0 92 61268 0 77 61294 0 77 61316 0 53 61325 0 77 61328 0 71 61329 0 70 61347 0 52 61369 0 54 61375 0 77 61424 0 51 61475 0 
TIME iteration: 323 ms
Round:116
IR: 88, 198, 284, 387, 155
61488 0 52 61492 0 53 61513 0 62 61513 0 63 61516 0 77 61533 0 70 61533 0 71 61536 0 90 61536 0 91 61536 0 92 61539 0 77 61565 0 77 61569 0 51 61588 0 54 61597 0 77 61622 0 71 61623 0 70 61643 0 53 61651 0 77 61681 0 51 61698 0 54 61703 0 52 61793 0 53 61802 0 54 61817 0 51 61830 0 66 61830 0 67 61839 0 79 61854 0 90 61854 0 91 61854 0 92 61863 0 79 61890 0 79 61901 0 52 61904 0 53 61909 0 74 61914 0 75 61925 0 79 61929 0 51 61976 0 54 61988 0 
TIME iteration: 322 ms
Round:117
IR: 68, 219, 172, 265, 230
62023 0 51 62054 0 52 62121 0 51 62124 0 53 62137 0 60 62138 0 61 62146 0 76 62147 0 54 62158 0 65 62159 0 64 62162 0 90 62162 0 91 62162 0 92 62167 0 78 62169 0 52 62170 0 76 62191 0 78 62197 0 76 62218 0 78 62228 0 69 62232 0 76 62239 0 68 62241 0 72 62246 0 73 62253 0 78 62268 0 53 62284 0 90 62284 0 91 62284 0 92 62304 0 51 62358 0 54 62374 0 52 62486 0 53 62517 0 52 62524 0 51 62539 0 
TIME iteration: 323 ms
Round:118
IR: 74, 169, 217, 203, 239
62624 0 53 62665 0 51 62670 0 54 62680 0 65 62682 0 64 62687 0 78 62690 0 52 62692 0 66 62693 0 67 62701 0 60 62701 0 79 62702 0 61 62707 0 76 62711 0 62 62711 0 78 62711 0 90 62711 0 91 62711 0 92 62719 0 72 62719 0 73 62725 0 79 62729 0 77 62731 0 76 62738 0 78 62742 0 69 62743 0 68 62748 0 75 62749 0 74 62752 0 79 62758 0 76 62761 0 77 62769 0 53 62772 0 78 62787 0 79 62791 0 76 62800 0 54 62816 0 77 62823 0 90 62823 0 91 62823 0 92 62848 0 78 62849 0 51 62858 0 76 62892 0 52 62908 0 54 62915 0 53 63017 0 
TIME iteration: 323 ms
Round:119
IR: 48, 312, 137, 248, 244
63075 0 54 63110 0 52 63170 0 53 63202 0 51 63245 0 54 63248 0 60 63252 0 61 63256 0 76 63258 0 66 63260 0 67 63266 0 79 63279 0 90 63279 0 91 63279 0 92 63280 0 76 63285 0 68 63285 0 69 63290 0 79 63296 0 74 63296 0 75 63307 0 76 63315 0 52 63317 0 79 63341 0 76 63351 0 79 63358 0 53 63372 0 51 63410 0 90 63410 0 91 63410 0 92 63416 0 76 63449 0 54 63488 0 52 63527 0 53 63574 0 
TIME iteration: 324 ms
Round:120
IR: 110, 340, 224, 240, 218
63605 0 52 63607 0 54 63669 0 53 63718 0 52 63723 0 51 63740 0 62 63741 0 63 63748 0 77 63770 0 90 63770 0 91 63770 0 92 63772 0 77 63796 0 54 63799 0 77 63800 0 53 63812 0 70 63813 0 71 63833 0 77 63847 0 52 63891 0 51 63920 0 53 63966 0 54 63975 0 52 64031 0 51 64040 0 63 64044 0 77 64047 0 62 64065 0 70 64065 0 71 64067 0 77 64068 0 90 64068 0 91 64068 0 92 64072 0 53 64083 0 52 64093 0 77 64124 0 
TIME iteration: 323 ms
Round:121
IR: 93, 203, 204, 489, 463
64140 0 54 64173 0 77 64191 0 53 64230 0 58 64249 0 59 64267 0 58 64274 0 52 64282 0 54 64289 0 59 64296 0 86 64296 0 87 64301 0 51 64301 0 58 64317 0 88 64317 0 89 64323 0 59 64334 0 58 64351 0 88 64351 0 89 64355 0 59 64367 0 58 64368 0 53 64384 0 88 64384 0 89 64386 0 59 64392 0 52 64400 0 58 64402 0 54 64407 0 86 64407 0 87 64416 0 88 64416 0 89 64417 0 59 64431 0 58 64447 0 59 64448 0 88 64448 0 89 64459 0 51 64461 0 58 64470 0 52 64477 0 59 64478 0 53 64479 0 88 64479 0 89 64490 0 58 64506 0 59 64509 0 88 64509 0 89 64519 0 58 64520 0 86 64520 0 87 64525 0 60 64532 0 61 64535 0 59 64537 0 76 64539 0 88 64539 0 89 64548 0 58 64556 0 90 64556 0 91 64556 0 92 64561 0 76 64563 0 52 64564 0 59 64568 0 88 64568 0 89 64578 0 58 64588 0 76 64593 0 59 64597 0 88 64597 0 89 64599 0 68 64599 0 69 64609 0 58 64621 0 59 64622 0 76 64626 0 88 64626 0 89 64632 0 86 64632 0 87 64637 0 54 64640 0 58 64650 0 59 64655 0 88 64655 0 
TIME iteration: 328 ms
Round:122
IR: 99, 160, 284, 394, 214
64662 0 51 64665 0 52 64673 0 58 64683 0 59 64686 0 88 64686 0 89 64718 0 53 64719 0 88 64719 0 89 64727 0 58 64744 0 59 64746 0 86 64746 0 87 64753 0 88 64753 0 89 64795 0 88 64795 0 89 64802 0 52 64837 0 51 64841 0 54 64860 0 53 64888 0 52 64894 0 60 64896 0 61 64899 0 76 64921 0 68 64921 0 69 64921 0 90 64921 0 91 64921 0 92 64922 0 76 64948 0 76 64980 0 76 64983 0 51 65007 0 53 65020 0 54 65036 0 76 65039 0 52 65157 0 54 65159 0 
TIME iteration: 323 ms
Round:123
IR: 137, 331, 198, 201, 204
65209 0 51 65216 0 52 65293 0 53 65308 0 65 65309 0 64 65317 0 78 65335 0 90 65335 0 91 65335 0 92 65341 0 78 65368 0 78 65384 0 52 65397 0 54 65403 0 78 65404 0 53 65406 0 72 65406 0 73 65408 0 51 65500 0 54 65528 0 53 65572 0 52 65573 0 65 65574 0 64 65575 0 78 65583 0 51 65592 0 54 65593 0 73 65594 0 72 65597 0 90 65597 0 91 65597 0 92 65598 0 78 65624 0 78 65651 0 53 65655 0 78 65668 0 73 65682 0 72 65700 0 51 65705 0 
TIME iteration: 322 ms
Round:124
IR: 80, 24, 205, 399, 454
65727 0 52 65755 0 54 65795 0 53 65807 0 51 65826 0 65 65827 0 64 65829 0 78 65834 0 59 65846 0 72 65846 0 73 65849 0 90 65849 0 91 65849 0 92 65852 0 78 65868 0 59 65878 0 78 65884 0 88 65884 0 89 65891 0 54 65900 0 52 65900 0 59 65910 0 78 65914 0 88 65914 0 89 65920 0 73 65930 0 59 65930 0 72 65940 0 53 65943 0 88 65943 0 89 65960 0 59 65963 0 78 65964 0 51 65971 0 88 65971 0 89 65989 0 59 65999 0 88 65999 0 89 66018 0 59 66026 0 88 66026 0 89 66047 0 59 66054 0 88 66054 0 89 66058 0 54 66075 0 51 66076 0 59 66082 0 88 66082 0 89 66088 0 52 66100 0 53 66105 0 59 66110 0 88 66110 0 89 66120 0 64 66120 0 65 66123 0 78 66134 0 59 66139 0 88 66139 0 89 66143 0 72 66143 0 73 66144 0 90 66144 0 91 66144 0 92 66146 0 78 66163 0 59 66168 0 88 66168 0 89 66172 0 78 66192 0 59 66197 0 88 66197 0 89 66204 0 78 66206 0 52 66211 0 54 66222 0 59 66226 0 88 66226 0 89 66228 0 
TIME iteration: 324 ms
Round:125
IR: 118, 216, 198, 389, 317
66251 0 59 66255 0 88 66255 0 89 66258 0 78 66287 0 59 66287 0 88 66287 0 89 66292 0 51 66315 0 52 66319 0 88 66319 0 89 66339 0 54 66359 0 53 66370 0 88 66370 0 89 66419 0 52 66436 0 51 66546 0 54 66566 0 53 66577 0 64 66577 0 65 66582 0 78 66601 0 51 66601 0 73 66602 0 72 66604 0 90 66604 0 91 66604 0 92 66606 0 78 66633 0 78 66643 0 52 66650 0 54 66666 0 78 66697 0 53 66732 0 78 66735 0 51 66764 0 
TIME iteration: 322 ms
Round:126
IR: 85, 320, 234, 224, 121
66809 0 53 66848 0 52 66853 0 54 66885 0 66 66885 0 67 66894 0 79 66909 0 90 66909 0 91 66909 0 92 66918 0 79 66925 0 51 66945 0 79 66952 0 52 66959 0 53 66959 0 54 66980 0 79 66981 0 75 66983 0 74 67034 0 54 67060 0 51 67113 0 66 67115 0 79 67117 0 53 67119 0 67 67134 0 75 67135 0 74 67138 0 79 67138 0 90 67138 0 91 67138 0 92 67160 0 52 67163 0 79 67167 0 54 67193 0 79 67207 0 75 67213 0 74 67239 0 79 67294 0 52 67307 0 
TIME iteration: 322 ms
Round:127
IR: 111, 311, 205, 195, 190
67335 0 54 67386 0 52 67391 0 67 67394 0 66 67396 0 79 67399 0 53 67413 0 74 67413 0 75 67416 0 90 67416 0 91 67416 0 92 67419 0 79 67423 0 51 67445 0 79 67477 0 54 67477 0 79 67500 0 74 67533 0 79 67558 0 51 67618 0 52 67622 0 53 67691 0 54 67767 0 52 67772 0 67 67777 0 51 67782 0 79 67783 0 66 67796 0 75 67804 0 90 67804 0 91 67804 0 92 67806 0 79 67807 0 53 67808 0 74 67832 0 
TIME iteration: 322 ms
Round:128
IR: 82, 210, 187, 361, 317
67844 0 54 67865 0 79 67871 0 75 67896 0 51 67918 0 52 67930 0 79 67981 0 53 68016 0 52 68021 0 54 68075 0 51 68121 0 53 68183 0 64 68183 0 65 68191 0 78 68199 0 54 68208 0 67 68209 0 66 68209 0 90 68209 0 91 68209 0 92 68214 0 79 68215 0 78 68217 0 52 68233 0 74 68238 0 79 68241 0 75 68242 0 78 68252 0 51 68259 0 73 68265 0 79 68266 0 72 68276 0 78 68299 0 79 68331 0 90 68331 0 91 68331 0 92 68338 0 52 68354 0 
TIME iteration: 322 ms
Round:129
IR: 89, 339, 432, 380, 192
68438 0 51 68460 0 54 68466 0 52 68571 0 51 68575 0 53 68587 0 54 68607 0 52 68650 0 66 68651 0 67 68655 0 79 68674 0 74 68677 0 75 68679 0 79 68679 0 90 68679 0 91 68679 0 92 68705 0 79 68717 0 53 68722 0 51 68738 0 79 68740 0 54 68807 0 79 68808 0 52 68854 0 51 68869 0 
TIME iteration: 322 ms
Round:130
IR: 109, 184, 202, 238, 193
68937 0 54 68952 0 52 69045 0 53 69054 0 54 69056 0 51 69066 0 66 69066 0 67 69071 0 79 69083 0 65 69084 0 64 69088 0 74 69088 0 75 69091 0 78 69093 0 90 69093 0 91 69093 0 92 69094 0 52 69095 0 79 69115 0 78 69122 0 79 69142 0 72 69142 0 78 69143 0 73 69155 0 79 69175 0 51 69175 0 54 69176 0 78 69212 0 53 69218 0 90 69218 0 91 69218 0 92 69227 0 79 69290 0 52 69312 0 51 69334 0 
TIME iteration: 322 ms
Round:131
IR: 95, 327, 344, 414, 420
69433 0 53 69471 0 51 69490 0 54 69530 0 52 69560 0 53 69612 0 65 69616 0 64 69620 0 78 69644 0 78 69644 0 90 69644 0 91 69644 0 92 69647 0 51 69650 0 73 69651 0 72 69656 0 54 69668 0 53 69671 0 78 69705 0 78 69780 0 78 69786 0 52 69796 0 54 69852 0 51 69866 0 53 69934 0 
TIME iteration: 323 ms
Round:132
IR: 112, 284, 186, 268, 115
69986 0 52 69994 0 66 69995 0 67 70003 0 79 70021 0 90 70021 0 91 70021 0 92 70027 0 79 70047 0 74 70048 0 75 70054 0 79 70064 0 53 70069 0 51 70089 0 79 70106 0 54 70184 0 53 70196 0 51 70209 0 52 70240 0 54 70308 0 51 70340 0 60 70341 0 61 70349 0 76 70353 0 53 70360 0 54 70362 0 66 70362 0 67 70366 0 79 70366 0 90 70366 0 91 70366 0 92 70373 0 76 70385 0 74 70386 0 75 70390 0 79 70400 0 76 70416 0 79 70425 0 52 70432 0 68 70435 0 76 70447 0 69 70449 0 79 70465 0 51 70479 0 53 70489 0 90 70489 0 91 70489 0 
TIME iteration: 323 ms
Round:133
IR: 81, 197, 200, 170, 163
70511 0 79 70527 0 54 70602 0 52 70608 0 53 70652 0 51 70731 0 54 70736 0 53 70771 0 51 70778 0 52 70842 0 61 70853 0 76 70854 0 60 70864 0 53 70869 0 64 70869 0 65 70877 0 76 70877 0 78 70878 0 90 70878 0 91 70878 0 92 70885 0 68 70887 0 69 70901 0 78 70903 0 76 70913 0 54 70928 0 78 70935 0 52 70936 0 76 70939 0 72 70939 0 73 70951 0 51 70962 0 78 70997 0 76 71004 0 90 71004 0 91 71004 0 
TIME iteration: 323 ms
Round:134
IR: 77, 197, 195, 281, 185
71042 0 53 71077 0 54 71104 0 51 71133 0 52 71167 0 53 71278 0 54 71303 0 53 71331 0 51 71338 0 52 71343 0 65 71344 0 64 71348 0 78 71372 0 78 71373 0 90 71373 0 91 71373 0 92 71376 0 73 71377 0 72 71398 0 78 71431 0 78 71458 0 51 71459 0 52 71484 0 54 71492 0 78 71534 0 
TIME iteration: 322 ms
Round:135
IR: 93, 201, 208, 262, 169
71601 0 51 71631 0 54 71686 0 52 71707 0 53 71709 0 51 71722 0 60 71723 0 61 71730 0 76 71749 0 90 71749 0 91 71749 0 92 71754 0 76 71769 0 54 71774 0 68 71776 0 69 71781 0 76 71815 0 76 71883 0 53 71887 0 51 72012 0 53 72015 0 52 72052 0 
TIME iteration: 322 ms
Round:136
IR: 96, 202, 186, 285, 383
72124 0 53 72128 0 65 72129 0 64 72136 0 78 72155 0 90 72155 0 91 72155 0 92 72160 0 78 72164 0 51 72176 0 73 72178 0 72 72187 0 78 72195 0 52 72206 0 54 72221 0 78 72243 0 53 72331 0 51 72362 0 52 72388 0 53 72412 0 54 72458 0 64 72463 0 78 72466 0 65 72482 0 72 72482 0 73 72486 0 78 72487 0 90 72487 0 91 72487 0 92 72512 0 78 72526 0 54 72543 0 78 72544 0 51 72558 0 53 72561 0 73 72562 0 52 72592 0 
TIME iteration: 322 ms
Round:137
IR: 135, 160, 216, 303, 166
72638 0 54 72698 0 52 72723 0 53 72734 0 51 72764 0 54 72797 0 64 72800 0 65 72801 0 67 72802 0 78 72803 0 66 72811 0 79 72813 0 72 72823 0 90 72823 0 91 72823 0 92 72824 0 73 72825 0 78 72835 0 52 72835 0 79 72851 0 78 72862 0 79 72878 0 72 72883 0 78 72897 0 79 72901 0 74 72902 0 75 72925 0 51 72938 0 78 72948 0 54 72952 0 90 72952 0 91 72952 0 92 72981 0 52 73015 0 53 73074 0 52 73112 0 
TIME iteration: 326 ms
Round:138
IR: 67, 179, 267, 402, 402
73190 0 51 73200 0 52 73212 0 53 73261 0 54 73267 0 62 73269 0 63 73276 0 77 73297 0 90 73297 0 91 73297 0 92 73300 0 77 73327 0 77 73358 0 54 73361 0 71 73361 0 77 73366 0 70 73384 0 53 73409 0 52 73432 0 51 73503 0 54 73546 0 52 73547 0 53 73582 0 62 73582 0 63 73585 0 77 73606 0 71 73607 0 70 73607 0 90 73607 0 91 73607 0 92 73608 0 77 73634 0 77 73659 0 51 73666 0 
TIME iteration: 323 ms
Round:139
IR: 115, 144, 196, 224, 171
73682 0 54 73720 0 77 73726 0 53 73734 0 52 73774 0 51 73864 0 54 73900 0 51 73931 0 52 73933 0 60 73933 0 61 73941 0 76 73958 0 90 73958 0 91 73958 0 92 73965 0 76 73992 0 76 74018 0 68 74022 0 69 74026 0 76 74028 0 53 74092 0 52 74106 0 51 74115 0 
TIME iteration: 322 ms
Round:140
IR: 122, 200, 220, 389, 414
74228 0 53 74236 0 51 74262 0 61 74263 0 60 74265 0 76 74273 0 52 74287 0 68 74287 0 69 74287 0 90 74287 0 91 74287 0 92 74288 0 76 74292 0 54 74314 0 76 74346 0 76 74366 0 51 74399 0 76 74407 0 54 74479 0 52 74490 0 51 74524 0 54 74547 0 53 74623 0 51 74629 0 60 74629 0 61 74633 0 76 74646 0 68 74647 0 69 74654 0 90 74654 0 91 74654 0 92 74656 0 76 74658 0 52 74682 0 76 74702 0 54 74714 0 76 74718 0 68 74721 0 69 74725 0 51 74729 0 
TIME iteration: 322 ms
Round:141
IR: 95, 240, 332, 270, 143
74770 0 76 74866 0 53 74871 0 54 74881 0 51 74888 0 52 74907 0 61 74908 0 60 74911 0 76 74929 0 68 74929 0 69 74931 0 90 74931 0 91 74931 0 92 74934 0 76 74960 0 76 74992 0 52 74992 0 76 74996 0 53 75033 0 54 75047 0 76 75065 0 51 75111 0 52 75158 0 54 75200 0 53 75228 0 52 75250 0 63 75251 0 62 75259 0 
TIME iteration: 322 ms
Round:142
IR: 77, 178, 221, 415, 198
75275 0 90 75275 0 91 75275 0 92 75281 0 54 75283 0 77 75300 0 53 75310 0 77 75326 0 71 75328 0 70 75345 0 77 75347 0 51 75374 0 52 75433 0 54 75446 0 53 75498 0 51 75552 0 52 75559 0 54 75569 0 53 75598 0 62 75598 0 63 75601 0 77 75610 0 65 75612 0 64 75617 0 67 75619 0 78 75620 0 66 75623 0 70 75623 0 71 75623 0 90 75623 0 91 75623 0 92 75624 0 77 75627 0 79 75637 0 51 75643 0 78 75650 0 77 75651 0 79 75670 0 78 75678 0 79 75682 0 77 75704 0 78 75705 0 72 75708 0 53 75708 0 54 75713 0 73 75713 0 79 75714 0 52 75717 0 75 75721 0 74 75736 0 77 75737 0 90 75737 0 91 75737 0 92 75748 0 
TIME iteration: 323 ms
Round:143
IR: 100, 273, 187, 454, 174
75814 0 53 75873 0 52 75879 0 54 75883 0 58 75920 0 58 75949 0 86 75949 0 87 75952 0 58 75978 0 51 75983 0 58 75991 0 53 76008 0 54 76014 0 58 76016 0 52 76046 0 58 76060 0 86 76060 0 87 76077 0 58 76087 0 66 76091 0 67 76095 0 79 76107 0 58 76118 0 90 76118 0 91 76118 0 92 76119 0 79 76124 0 74 76124 0 75 76137 0 58 76146 0 79 76165 0 58 76168 0 51 76171 0 86 76171 0 87 76172 0 53 76180 0 79 76193 0 58 76222 0 58 76234 0 52 76250 0 58 76278 0 58 76282 0 86 76282 0 87 76306 0 
TIME iteration: 323 ms
Round:144
IR: 106, 339, 198, 309, 296
76333 0 51 76335 0 58 76352 0 52 76358 0 53 76376 0 58 76394 0 86 76394 0 87 76400 0 54 76448 0 51 76467 0 52 76476 0 61 76477 0 60 76485 0 76 76503 0 90 76503 0 91 76503 0 92 76504 0 53 76509 0 76 76536 0 76 76553 0 68 76555 0 69 76569 0 54 76571 0 51 76571 0 76 76596 0 52 76613 0 53 76710 0 54 76724 0 53 76746 0 51 76787 0 52 76816 0 61 76820 0 60 76821 0 76 76841 0 54 76843 0 69 76843 0 90 76843 0 91 76843 0 92 76844 0 68 76844 0 
TIME iteration: 322 ms
Round:145
IR: 127, 328, 342, 446, 156
76870 0 76 76902 0 76 76930 0 53 76938 0 51 76939 0 52 76940 0 54 76956 0 76 77028 0 52 77085 0 54 77089 0 51 77132 0 52 77145 0 62 77146 0 63 77154 0 77 77162 0 53 77170 0 90 77170 0 91 77170 0 92 77178 0 77 77205 0 77 77223 0 71 77228 0 70 77240 0 77 77243 0 54 77258 0 52 77284 0 51 77326 0 
TIME iteration: 322 ms
Round:146
IR: 94, 450, 465, 343, 316
77401 0 54 77427 0 52 77434 0 51 77472 0 62 77472 0 63 77475 0 77 77495 0 71 77496 0 70 77497 0 90 77497 0 91 77497 0 92 77498 0 77 77504 0 53 77522 0 54 77524 0 77 77556 0 77 77583 0 52 77610 0 77 77619 0 51 77642 0 53 77676 0 54 77738 0 51 77739 0 52 77788 0 54 77789 0 53 77828 0 66 77830 0 67 77838 0 79 77854 0 90 77854 0 91 77854 0 92 77862 0 79 77889 0 79 77898 0 51 77905 0 
TIME iteration: 323 ms
Round:147
IR: 82, 172, 210, 455, 401
77914 0 75 77915 0 74 77924 0 79 77944 0 53 77946 0 52 78007 0 58 78037 0 53 78044 0 58 78067 0 86 78067 0 87 78075 0 51 78075 0 52 78075 0 54 78078 0 58 78111 0 58 78143 0 58 78173 0 58 78178 0 53 78179 0 86 78179 0 87 78204 0 58 78223 0 52 78234 0 58 78242 0 51 78256 0 54 78261 0 66 78261 0 67 78264 0 58 78266 0 79 78273 0 60 78274 0 61 78275 0 53 78282 0 76 78288 0 90 78288 0 91 78288 0 92 78290 0 79 78292 0 74 78292 0 75 78292 0 86 78292 0 87 78293 0 58 78306 0 76 78317 0 79 78320 0 58 78333 0 76 78347 0 58 78348 0 69 78350 0 51 78350 0 79 78352 0 68 78368 0 76 78374 0 58 78401 0 58 78403 0 86 78403 0 87 78415 0 90 78415 0 91 78415 0 92 78422 0 79 78428 0 58 78430 0 
TIME iteration: 323 ms
Round:148
IR: 83, 190, 207, 295, 355
78448 0 52 78453 0 51 78455 0 53 78457 0 58 78497 0 58 78514 0 86 78514 0 87 78580 0 52 78604 0 53 78612 0 54 78622 0 51 78743 0 52 78767 0 51 78795 0 60 78797 0 61 78802 0 76 78818 0 53 78826 0 76 78826 0 90 78826 0 91 78826 0 92 78831 0 54 78833 0 68 78833 0 69 78853 0 76 78875 0 51 78887 0 76 78930 0 52 78954 0 53 78961 0 54 78963 0 
TIME iteration: 322 ms
Round:149
IR: 90, 299, 360, 440, 181
79013 0 51 79073 0 53 79084 0 52 79117 0 54 79155 0 51 79169 0 60 79169 0 61 79174 0 76 79189 0 69 79191 0 68 79195 0 90 79195 0 91 79195 0 92 79198 0 76 79225 0 76 79232 0 54 79248 0 53 79258 0 76 79273 0 52 79275 0 69 79323 0 76 79333 0 51 79368 0 54 79403 0 53 79467 0 52 79477 0 
TIME iteration: 322 ms
Round:150
IR: 97, 205, 234, 310, 181
79505 0 60 79506 0 61 79510 0 76 79515 0 53 79521 0 68 79530 0 54 79530 0 90 79530 0 91 79530 0 92 79531 0 69 79534 0 76 79560 0 76 79586 0 68 79593 0 76 79625 0 51 79632 0 52 79654 0 76 79734 0 53 79739 0 51 79743 0 54 79787 0 60 79788 0 61 79791 0 76 79800 0 69 79808 0 68 79811 0 52 79811 0 90 79811 0 91 79811 0 92 79814 0 76 79840 0 76 79857 0 51 79860 0 69 79872 0 76 79894 0 68 79927 0 76 79933 0 54 79963 0 
TIME iteration: 322 ms
Round:151
IR: 89, 254, 421, 427, 14
80057 0 51 80062 0 54 80094 0 53 80100 0 52 80107 0 61 80108 0 60 80111 0 76 80130 0 69 80132 0 68 80132 0 90 80132 0 91 80132 0 92 80134 0 76 80160 0 76 80192 0 76 80207 0 51 80237 0 52 80247 0 76 80260 0 54 80266 0 53 80363 0 53 80369 0 51 80369 0 54 80397 0 52 80528 0 53 80535 0 64 80535 0 65 80539 0 52 80543 0 78 80547 0 51 80548 0 63 80549 0 62 80557 0 77 80558 0 60 80559 0 
TIME iteration: 322 ms
Round:152
IR: 127, 608, 566, 236, 115
80562 0 90 80562 0 91 80562 0 92 80564 0 76 80565 0 54 80567 0 78 80581 0 77 80582 0 69 80584 0 68 80588 0 76 80594 0 78 80608 0 77 80615 0 76 80628 0 78 80629 0 72 80636 0 73 80643 0 77 80648 0 71 80648 0 76 80649 0 52 80651 0 70 80652 0 57 80659 0 56 80676 0 90 80676 0 91 80676 0 92 80687 0 57 80696 0 56 80712 0 51 80715 0 76 80716 0 84 80716 0 85 80721 0 57 80725 0 82 80725 0 83 80729 0 54 80732 0 56 80737 0 53 80752 0 57 80763 0 52 80765 0 56 80781 0 57 80799 0 56 80810 0 57 80827 0 84 80827 0 85 80831 0 56 80836 0 51 80837 0 82 80837 0 83 80839 0 57 80857 0 54 80861 0 56 80867 0 57 80873 0 53 80890 0 56 80895 0 57 80896 0 52 80918 0 56 80923 0 57 80937 0 84 80937 0 85 80946 0 56 80949 0 82 80949 0 83 80951 0 57 80953 0 51 80974 0 56 80979 0 57 81002 0 56 81003 0 53 81006 0 57 81030 0 56 81034 0 57 81046 0 84 81046 0 85 81051 0 54 81057 0 56 81060 0 82 81060 0 83 81061 0 57 81066 0 52 81076 0 63 81077 0 62 81082 0 77 81085 0 56 81089 0 
TIME iteration: 325 ms
Round:153
IR: 136, 580, 703, 464, 155
81106 0 77 81106 0 90 81106 0 91 81106 0 92 81112 0 56 81114 0 70 81116 0 57 81116 0 71 81133 0 77 81139 0 56 81145 0 57 81155 0 84 81155 0 85 81158 0 53 81166 0 77 81167 0 56 81171 0 82 81171 0 83 81173 0 57 81187 0 58 81194 0 56 81202 0 57 81221 0 56 81225 0 54 81225 0 58 81231 0 57 81233 0 77 81247 0 52 81249 0 56 81252 0 86 81252 0 87 81260 0 57 81261 0 58 81265 0 84 81265 0 85 81273 0 51 81277 0 56 81281 0 82 81281 0 83 81288 0 57 81290 0 53 81295 0 58 81305 0 56 81316 0 57 81329 0 58 81333 0 56 81345 0 57 81361 0 56 81362 0 58 81366 0 86 81366 0 87 81373 0 57 81376 0 84 81376 0 85 81388 0 53 81389 0 56 81392 0 82 81392 0 83 81394 0 58 81402 0 57 81403 0 54 81417 0 56 81425 0 58 81431 0 57 81445 0 56 81456 0 58 81461 0 52 81461 0 57 81473 0 56 81478 0 86 81478 0 87 81487 0 58 81488 0 84 81488 0 85 81490 0 57 81501 0 51 81501 0 56 81503 0 82 81503 0 83 81518 0 58 81519 0 57 81528 0 56 81529 0 54 81547 0 53 81548 0 57 81548 0 58 81556 0 56 81576 0 57 81579 0 58 81585 0 56 81587 0 86 81587 0 87 81599 0 84 81599 0 85 81604 0 57 81610 0 58 81614 0 56 81615 0 82 81615 0 
TIME iteration: 331 ms
Round:154
IR: 126, 365, 476, 240, 235
81633 0 57 81635 0 52 81646 0 58 81649 0 56 81671 0 54 81673 0 57 81713 0 86 81713 0 87 81717 0 84 81717 0 85 81718 0 56 81719 0 53 81730 0 82 81730 0 83 81744 0 58 81754 0 51 81839 0 52 81862 0 54 81912 0 53 81963 0 54 81968 0 51 81972 0 52 82091 0 52 82092 0 51 82100 0 62 82100 0 63 82106 0 54 82108 0 53 82108 0 77 82113 0 66 82113 0 67 82122 0 79 82132 0 77 82134 0 90 82134 0 91 82134 0 92 82146 0 
TIME iteration: 322 ms
Round:155
IR: 83, 511, 585, 368, 94
82159 0 77 82162 0 70 82164 0 71 82173 0 79 82193 0 77 82206 0 74 82208 0 79 82209 0 75 82225 0 56 82226 0 57 82243 0 52 82260 0 56 82262 0 57 82263 0 54 82264 0 51 82265 0 82 82265 0 83 82268 0 84 82268 0 85 82268 0 90 82268 0 91 82268 0 92 82293 0 56 82295 0 57 82325 0 56 82326 0 57 82356 0 56 82358 0 57 82367 0 52 82377 0 82 82377 0 83 82381 0 84 82381 0 85 82387 0 56 82388 0 57 82409 0 54 82417 0 57 82418 0 56 82425 0 53 82446 0 57 82449 0 56 82475 0 57 82478 0 56 82486 0 82 82486 0 83 82491 0 84 82491 0 85 82505 0 57 82508 0 56 82525 0 54 82535 0 57 82537 0 56 82543 0 52 82553 0 51 82565 0 57 82566 0 56 82591 0 53 82595 0 56 82595 0 57 82598 0 82 82598 0 83 82601 0 84 82601 0 85 82623 0 56 82625 0 57 82651 0 56 82654 0 
TIME iteration: 324 ms
Round:156
IR: 104, 269, 256, 257, 69
82680 0 56 82682 0 51 82684 0 57 82692 0 53 82694 0 52 82704 0 62 82704 0 63 82709 0 54 82710 0 77 82711 0 82 82711 0 83 82714 0 84 82714 0 85 82716 0 56 82727 0 57 82734 0 77 82735 0 90 82735 0 91 82735 0 92 82744 0 70 82745 0 71 82761 0 77 82791 0 51 82793 0 53 82795 0 77 82871 0 77 82913 0 52 82915 0 54 82922 0 53 82966 0 51 83041 0 52 83083 0 62 83085 0 63 83089 0 77 83096 0 54 83106 0 53 83106 0 70 83107 0 71 83110 0 90 83110 0 91 83110 0 92 83113 0 77 83140 0 77 83173 0 77 83185 0 
TIME iteration: 322 ms
Round:157
IR: 83, 466, 512, 292, 88
83212 0 54 83214 0 52 83238 0 77 83303 0 53 83314 0 54 83324 0 52 83392 0 51 83424 0 53 83459 0 52 83462 0 62 83462 0 63 83467 0 77 83480 0 70 83480 0 71 83481 0 65 83484 0 64 83488 0 90 83488 0 91 83488 0 92 83491 0 77 83491 0 78 83515 0 78 83518 0 77 83537 0 51 83538 0 54 83542 0 78 83551 0 77 83553 0 70 83554 0 71 83571 0 73 83574 0 72 83577 0 78 83592 0 52 83611 0 90 83611 0 91 83611 0 92 83616 0 77 83621 0 53 83713 0 51 83736 0 
TIME iteration: 322 ms
Round:158
IR: 114, 195, 220, 385, 264
83786 0 53 83833 0 54 83860 0 51 83874 0 52 83894 0 53 83941 0 64 83941 0 65 83946 0 78 83970 0 78 83970 0 90 83970 0 91 83970 0 92 83974 0 72 83975 0 73 83977 0 54 83997 0 78 84025 0 53 84030 0 78 84031 0 52 84072 0 51 84080 0 54 84096 0 78 84196 0 53 84240 0 
TIME iteration: 322 ms
Round:159
IR: 76, 272, 348, 428, 193
84281 0 54 84340 0 53 84352 0 65 84353 0 64 84358 0 78 84376 0 73 84377 0 72 84379 0 90 84379 0 91 84379 0 92 84382 0 78 84384 0 52 84409 0 78 84442 0 78 84453 0 53 84455 0 51 84509 0 78 84520 0 54 84541 0 52 84570 0 53 84632 0 51 84643 0 54 84667 0 52 84731 0 62 84735 0 63 84741 0 77 84759 0 90 84759 0 91 84759 0 92 84765 0 77 84792 0 77 84799 0 
TIME iteration: 322 ms
Round:160
IR: 130, 277, 470, 476, 156
84804 0 70 84808 0 71 84826 0 77 84859 0 53 84872 0 54 84894 0 58 84897 0 52 84930 0 58 84958 0 86 84958 0 87 84964 0 58 84982 0 53 84996 0 54 84996 0 58 85009 0 51 85027 0 58 85039 0 52 85058 0 58 85068 0 86 85068 0 87 85088 0 58 85118 0 58 85124 0 53 85144 0 51 85147 0 58 85169 0 52 85171 0 54 85175 0 60 85175 0 61 85176 0 58 85180 0 86 85180 0 87 85183 0 76 85185 0 67 85186 0 66 85194 0 79 85202 0 90 85202 0 91 85202 0 92 85205 0 58 85207 0 76 85218 0 79 85234 0 58 85234 0 76 85245 0 79 85246 0 53 85262 0 51 85262 0 58 85263 0 69 85268 0 76 85280 0 79 85282 0 74 85285 0 75 85286 0 68 85291 0 58 85292 0 86 85292 0 87 85308 0 52 85310 0 54 85321 0 
TIME iteration: 323 ms
Round:161
IR: 85, 219, 208, 251, 185
85330 0 90 85330 0 91 85330 0 92 85356 0 58 85368 0 53 85379 0 51 85414 0 86 85414 0 87 85429 0 52 85430 0 58 85490 0 53 85542 0 51 85555 0 52 85634 0 54 85675 0 53 85697 0 51 85722 0 61 85723 0 60 85728 0 76 85733 0 52 85752 0 76 85753 0 90 85753 0 91 85753 0 92 85762 0 69 85763 0 68 85779 0 76 85812 0 76 85856 0 
TIME iteration: 323 ms
Round:162
IR: 86, 79, 189, 297, 311
85867 0 53 85879 0 76 85910 0 54 86039 0 52 86040 0 51 86049 0 53 86057 0 54 86165 0 51 86166 0 61 86167 0 60 86172 0 76 86194 0 68 86194 0 69 86194 0 90 86194 0 91 86194 0 92 86196 0 76 86212 0 52 86223 0 76 86235 0 53 86241 0 54 86256 0 76 86292 0 51 86308 0 52 86323 0 76 86358 0 
TIME iteration: 322 ms
Round:163
IR: 116, 150, 201, 273, 187
86421 0 51 86467 0 54 86491 0 53 86519 0 52 86531 0 64 86531 0 65 86539 0 78 86554 0 51 86555 0 60 86555 0 61 86557 0 90 86557 0 91 86557 0 92 86560 0 76 86563 0 78 86575 0 69 86576 0 68 86584 0 76 86590 0 78 86600 0 53 86611 0 76 86616 0 72 86624 0 78 86627 0 73 86644 0 76 86659 0 69 86679 0 90 86679 0 91 86679 0 92 86689 0 54 86710 0 76 86713 0 52 86740 0 53 86797 0 51 86855 0 54 86862 0 52 86894 0 
TIME iteration: 322 ms
Round:164
IR: 133, 246, 200, 302, 137
86971 0 51 86998 0 54 87016 0 52 87055 0 53 87061 0 66 87063 0 62 87063 0 63 87065 0 67 87071 0 77 87072 0 79 87077 0 64 87079 0 65 87084 0 78 87088 0 90 87088 0 91 87088 0 92 87095 0 77 87096 0 79 87100 0 51 87108 0 78 87117 0 72 87118 0 73 87122 0 77 87123 0 79 87126 0 54 87135 0 78 87149 0 70 87151 0 71 87151 0 75 87153 0 74 87156 0 77 87158 0 79 87169 0 78 87183 0 52 87204 0 90 87204 0 91 87204 0 92 87225 0 53 87232 0 54 87245 0 78 87272 0 51 87353 0 52 87389 0 51 87402 0 53 87416 0 
TIME iteration: 324 ms
Round:165
IR: 105, 312, 224, 284, 70
87488 0 51 87514 0 60 87515 0 61 87522 0 76 87525 0 52 87543 0 90 87543 0 91 87543 0 92 87546 0 76 87570 0 68 87573 0 76 87578 0 69 87599 0 53 87604 0 51 87607 0 76 87619 0 54 87669 0 52 87708 0 51 87769 0 53 87791 0 52 87852 0 54 87913 0 53 87927 0 52 87931 0 62 87931 0 63 87938 0 77 87940 0 64 87941 0 65 87948 0 78 87951 0 51 87958 0 90 87958 0 91 87958 0 92 87962 0 77 87972 0 
TIME iteration: 324 ms
Round:166
IR: 108, 167, 223, 443, 297
87986 0 70 87988 0 71 87989 0 77 87994 0 73 87995 0 72 87999 0 78 88023 0 77 88031 0 53 88032 0 54 88033 0 78 88087 0 90 88087 0 91 88087 0 92 88094 0 52 88114 0 53 88182 0 54 88183 0 51 88212 0 52 88216 0 53 88309 0 53 88314 0 51 88358 0 64 88358 0 65 88362 0 78 88372 0 52 88374 0 54 88385 0 73 88385 0 78 88386 0 72 88386 0 90 88386 0 91 88386 0 92 88411 0 78 88418 0 53 88443 0 78 88460 0 51 88499 0 78 88503 0 
TIME iteration: 324 ms
Round:167
IR: 123, 202, 228, 270, 280
88538 0 52 88568 0 53 88575 0 51 88654 0 54 88681 0 51 88689 0 53 88692 0 52 88699 0 61 88700 0 60 88707 0 76 88709 0 64 88709 0 65 88713 0 78 88725 0 90 88725 0 91 88725 0 92 88726 0 72 88726 0 73 88731 0 76 88736 0 78 88758 0 76 88762 0 78 88767 0 68 88770 0 69 88792 0 76 88793 0 72 88794 0 78 88798 0 54 88799 0 73 88826 0 51 88836 0 52 88850 0 78 88853 0 90 88853 0 91 88853 0 92 88871 0 53 88944 0 52 88974 0 51 89017 0 
TIME iteration: 323 ms
Round:168
IR: 230, 213, 207, 247, 160
89061 0 53 89090 0 51 89130 0 52 89191 0 51 89196 0 60 89196 0 61 89201 0 76 89205 0 53 89209 0 54 89225 0 76 89225 0 90 89225 0 91 89225 0 92 89231 0 68 89231 0 69 89252 0 76 89285 0 76 89305 0 52 89342 0 53 89351 0 76 89353 0 54 89400 0 51 89460 0 54 89472 0 53 89527 0 51 89557 0 52 89567 0 60 89569 0 
TIME iteration: 323 ms
Round:169
IR: 262, 309, 324, 298, 183
89573 0 76 89575 0 54 89578 0 66 89578 0 67 89587 0 79 89588 0 69 89589 0 68 89594 0 53 89594 0 90 89594 0 91 89594 0 92 89597 0 76 89611 0 79 89624 0 76 89638 0 79 89657 0 76 89660 0 51 89673 0 79 89674 0 74 89675 0 75 89682 0 69 89722 0 76 89722 0 90 89722 0 91 89722 0 92 89736 0 54 89757 0 52 89771 0 53 89853 0 51 89875 0 54 89910 0 52 90021 0 54 90072 0 67 90075 0 66 90079 0 79 90086 0 
TIME iteration: 417 ms
Round:170
IR: 96, 254, 322, 387, 294
90103 0 79 90103 0 90 90103 0 91 90103 0 92 90110 0 75 90111 0 74 90130 0 79 90152 0 53 90153 0 54 90163 0 79 90228 0 52 90243 0 79 90267 0 51 90286 0 53 90367 0 52 90383 0 54 90433 0 51 90436 0 53 90471 0 65 90472 0 64 90479 0 52 90480 0 78 90482 0 62 90482 0 63 90490 0 77 90498 0 90 90498 0 91 90498 0 92 90504 0 78 90514 0 77 90528 0 51 90528 0 54 90531 0 78 90541 0 77 90557 0 72 90562 0 73 90566 0 78 90575 0 77 90578 0 70 90580 0 71 90600 0 53 90626 0 90 90626 0 91 90626 0 
TIME iteration: 323 ms
Round:171
IR: 43, 179, 206, 313, 117
90630 0 52 90659 0 51 90722 0 53 90773 0 54 90793 0 51 90810 0 52 90875 0 53 90876 0 54 90977 0 54 90979 0 52 90985 0 66 90985 0 67 90993 0 79 91015 0 90 91015 0 91 91015 0 92 91017 0 79 91040 0 75 91042 0 74 91044 0 79 91046 0 51 91074 0 53 91079 0 79 91108 0 54 91115 0 
TIME iteration: 323 ms
Round:172
IR: 127, 348, 234, 403, 245
91210 0 51 91216 0 53 91229 0 54 91257 0 52 91291 0 66 91294 0 67 91295 0 79 91312 0 74 91312 0 75 91317 0 90 91317 0 91 91317 0 92 91318 0 79 91344 0 79 91360 0 51 91367 0 52 91373 0 54 91376 0 79 91394 0 74 91401 0 53 91410 0 75 91431 0 79 91474 0 51 91480 0 52 91514 0 54 91544 0 66 91545 0 67 91548 0 79 91564 0 74 91565 0 75 91568 0 90 91568 0 91 91568 0 92 91571 0 79 91597 0 79 91602 0 53 91629 0 79 91630 0 52 91649 0 74 91661 0 51 91687 0 
TIME iteration: 322 ms
Round:173
IR: 85, 208, 358, 422, 151
91727 0 54 91778 0 53 91825 0 51 91834 0 52 91917 0 54 91946 0 53 91948 0 51 91948 0 66 91948 0 67 91949 0 52 91953 0 79 91962 0 60 91962 0 61 91968 0 75 91970 0 62 91970 0 76 91971 0 63 91974 0 90 91974 0 91 91974 0 92 91977 0 79 91978 0 74 91979 0 77 91994 0 76 92003 0 77 92004 0 79 92021 0 76 92030 0 77 92037 0 79 92049 0 70 92051 0 71 92052 0 75 92055 0 76 92057 0 69 92061 0 68 92065 0 77 92073 0 53 92088 0 90 92088 0 91 92088 0 92 92101 0 54 92110 0 79 92116 0 52 92218 0 
TIME iteration: 323 ms
Round:174
IR: 103, 354, 177, 334, 162
92235 0 54 92244 0 51 92308 0 52 92336 0 53 92373 0 54 92434 0 66 92435 0 67 92441 0 79 92455 0 53 92459 0 64 92460 0 65 92463 0 74 92463 0 90 92463 0 91 92463 0 92 92464 0 52 92465 0 79 92468 0 78 92470 0 75 92479 0 54 92492 0 78 92492 0 79 92499 0 51 92519 0 78 92526 0 79 92551 0 73 92552 0 72 92554 0 78 92564 0 53 92586 0 90 92586 0 91 92586 0 92 92599 0 54 92628 0 52 92653 0 51 92737 0 54 92743 0 
TIME iteration: 324 ms
Round:175
IR: 25, 234, 170, 289, 159
92816 0 52 92844 0 51 92896 0 53 92917 0 54 92964 0 52 92968 0 64 92971 0 65 92975 0 78 92986 0 67 92988 0 66 92993 0 79 92999 0 62 92999 0 63 92999 0 78 92999 0 90 92999 0 91 92999 0 92 93007 0 72 93007 0 73 93007 0 77 93017 0 79 93019 0 74 93020 0 75 93026 0 78 93031 0 77 93038 0 54 93044 0 79 93051 0 51 93053 0 53 93058 0 77 93059 0 78 93064 0 70 93064 0 71 93078 0 79 93087 0 52 93092 0 77 93113 0 90 93113 0 91 93113 0 92 93126 0 78 93143 0 54 93222 0 53 93223 0 
TIME iteration: 323 ms
Round:176
IR: 12, 215, 177, 272, 189
93299 0 54 93328 0 51 93377 0 52 93416 0 53 93439 0 54 93458 0 51 93471 0 60 93471 0 61 93477 0 67 93479 0 76 93480 0 66 93484 0 79 93499 0 90 93499 0 91 93499 0 92 93503 0 76 93508 0 74 93508 0 75 93508 0 79 93530 0 76 93535 0 79 93538 0 52 93543 0 53 93548 0 68 93554 0 69 93564 0 76 93569 0 79 93586 0 54 93626 0 51 93630 0 90 93630 0 91 93630 0 92 93648 0 79 93723 0 54 93725 0 52 93746 0 51 93752 0 
TIME iteration: 324 ms
Round:177
IR: 69, 224, 256, 181, 201
93874 0 51 93904 0 53 93949 0 54 93978 0 52 94020 0 51 94024 0 60 94024 0 61 94030 0 76 94036 0 53 94046 0 64 94047 0 65 94054 0 76 94054 0 78 94054 0 90 94054 0 91 94054 0 92 94063 0 68 94064 0 69 94078 0 78 94081 0 76 94105 0 78 94109 0 72 94111 0 73 94115 0 76 94121 0 54 94126 0 52 94139 0 78 94178 0 53 94179 0 90 94179 0 91 94179 0 92 94191 0 76 94202 0 51 94270 0 52 94282 0 
TIME iteration: 323 ms
Round:178
IR: 137, 548, 352, 166, 196
94350 0 53 94402 0 51 94435 0 56 94469 0 56 94480 0 52 94486 0 54 94498 0 82 94498 0 83 94502 0 56 94535 0 56 94566 0 56 94590 0 53 94596 0 56 94608 0 51 94608 0 82 94608 0 83 94626 0 56 94654 0 56 94681 0 56 94685 0 52 94700 0 54 94705 0 62 94705 0 63 94708 0 56 94713 0 77 94717 0 82 94717 0 83 94735 0 56 94737 0 77 94737 0 90 94737 0 91 94737 0 92 94762 0 56 94764 0 77 94767 0 51 94789 0 56 94791 0 70 94796 0 71 94798 0 77 94815 0 56 94820 0 53 94826 0 82 94826 0 83 94831 0 52 94841 0 56 94867 0 
TIME iteration: 323 ms
Round:179
IR: 87, 287, 427, 390, 453
94897 0 56 94923 0 51 94941 0 56 94942 0 82 94942 0 83 94946 0 54 94948 0 52 94991 0 59 94991 0 62 94991 0 63 94993 0 53 94993 0 77 95012 0 70 95013 0 71 95015 0 90 95015 0 91 95015 0 92 95016 0 77 95028 0 59 95042 0 77 95057 0 88 95057 0 89 95061 0 59 95073 0 77 95085 0 54 95087 0 51 95091 0 88 95091 0 89 95094 0 59 95103 0 52 95124 0 77 95124 0 88 95124 0 89 95125 0 59 95146 0 53 95155 0 59 95156 0 88 95156 0 89 95185 0 59 95187 0 88 95187 0 89 95214 0 59 95217 0 88 95217 0 89 95225 0 51 95243 0 59 95247 0 88 95247 0 89 95248 0 52 95259 0 54 95272 0 59 95276 0 88 95276 0 89 95288 0 53 95300 0 59 95305 0 88 95305 0 89 95329 0 59 95334 0 88 95334 0 89 95357 0 59 95362 0 88 95362 0 89 95368 0 52 95385 0 59 95390 0 88 95390 0 
TIME iteration: 323 ms
Round:180
IR: 81, 229, 241, 313, 243
95413 0 51 95414 0 59 95419 0 88 95419 0 89 95443 0 54 95444 0 53 95444 0 60 95444 0 61 95451 0 64 95451 0 65 95452 0 76 95452 0 88 95452 0 89 95455 0 59 95459 0 78 95471 0 90 95471 0 91 95471 0 92 95476 0 76 95478 0 52 95483 0 78 95484 0 88 95484 0 89 95503 0 76 95510 0 78 95521 0 68 95523 0 69 95527 0 73 95530 0 72 95534 0 88 95534 0 89 95537 0 76 95544 0 78 95545 0 51 95590 0 52 95596 0 54 95601 0 90 95601 0 91 95601 0 92 95734 0 51 95752 0 52 95764 0 53 95852 0 54 95865 0 52 95888 0 51 95928 0 
TIME iteration: 323 ms
Round:181
IR: 87, 193, 223, 309, 184
95962 0 52 95967 0 62 95968 0 63 95975 0 77 95990 0 54 95997 0 90 95997 0 91 95997 0 92 95999 0 77 96007 0 51 96022 0 70 96022 0 71 96024 0 53 96026 0 77 96060 0 77 96097 0 52 96118 0 54 96143 0 53 96194 0 51 96236 0 52 96261 0 53 96278 0 54 96293 0 62 96295 0 63 96297 0 77 96304 0 65 96305 0 64 96312 0 78 96315 0 70 96315 0 71 96319 0 90 96319 0 91 96319 0 92 96320 0 77 96336 0 78 96346 0 77 96361 0 72 96361 0 73 96363 0 78 96374 0 52 96378 0 77 96397 0 78 96406 0 51 96409 0 71 96432 0 77 96444 0 53 96446 0 90 96446 0 91 96446 0 92 96451 0 
TIME iteration: 323 ms
Round:182
IR: 79, 183, 213, 271, 193
96558 0 52 96575 0 54 96585 0 53 96594 0 51 96725 0 53 96741 0 54 96776 0 51 96803 0 52 96816 0 65 96826 0 64 96827 0 78 96851 0 78 96851 0 90 96851 0 91 96851 0 92 96857 0 72 96857 0 73 96878 0 78 96888 0 54 96911 0 78 96913 0 53 96918 0 51 96949 0 52 96979 0 
TIME iteration: 323 ms
Round:183
IR: 71, 203, 192, 401, 289
97045 0 53 97071 0 54 97096 0 51 97096 0 52 97216 0 52 97227 0 62 97227 0 63 97233 0 51 97233 0 54 97235 0 77 97252 0 60 97253 0 61 97254 0 90 97254 0 91 97254 0 92 97259 0 53 97259 0 77 97261 0 76 97280 0 70 97285 0 76 97286 0 77 97290 0 71 97312 0 76 97320 0 77 97340 0 68 97343 0 69 97347 0 76 97368 0 52 97376 0 90 97376 0 91 97376 0 92 97391 0 51 97395 0 54 97442 0 
TIME iteration: 322 ms
Round:184
IR: 132, 486, 282, 280, 62
97562 0 53 97570 0 51 97590 0 52 97657 0 54 97699 0 53 97727 0 65 97728 0 64 97735 0 78 97748 0 51 97757 0 90 97757 0 91 97757 0 92 97759 0 78 97781 0 72 97781 0 73 97786 0 78 97793 0 54 97795 0 52 97820 0 78 97908 0 53 97931 0 54 97938 0 52 97981 0 51 98030 0 
TIME iteration: 322 ms
Round:185
IR: 122, 206, 201, 388, 144
98073 0 64 98073 0 65 98076 0 78 98095 0 72 98096 0 73 98098 0 90 98098 0 91 98098 0 92 98099 0 78 98106 0 52 98118 0 53 98125 0 78 98126 0 54 98131 0 51 98157 0 78 98211 0 78 98248 0 53 98273 0 52 98285 0 54 98344 0 51 98382 0 54 98402 0 53 98422 0 52 98422 0 67 98424 0 66 98430 0 64 98430 0 65 98432 0 79 98434 0 78 98447 0 72 98447 0 73 98448 0 90 98448 0 91 98448 0 92 98456 0 79 98457 0 78 98483 0 78 98483 0 79 98497 0 51 98515 0 75 98515 0 78 98517 0 72 98517 0 73 98518 0 79 98528 0 74 98550 0 54 98566 0 52 98571 0 78 98576 0 90 98576 0 91 98576 0 
TIME iteration: 323 ms
Round:186
IR: 99, 184, 205, 170, 112
98598 0 53 98629 0 51 98697 0 52 98758 0 54 98782 0 51 98813 0 53 98933 0 51 98951 0 52 98964 0 54 98964 0 60 98964 0 61 98972 0 76 98981 0 53 98994 0 90 98994 0 91 98994 0 92 98996 0 76 99023 0 76 99044 0 69 99048 0 68 99057 0 76 99062 0 51 99077 0 
TIME iteration: 323 ms
Round:187
IR: 118, 326, 192, 312, 287
99144 0 54 99162 0 53 99193 0 51 99264 0 61 99265 0 60 99267 0 76 99286 0 69 99287 0 68 99289 0 90 99289 0 91 99289 0 92 99290 0 76 99297 0 52 99314 0 53 99316 0 76 99329 0 54 99346 0 51 99348 0 76 99401 0 76 99443 0 54 99465 0 51 99478 0 52 99489 0 53 99598 0 51 99610 0 52 99613 0 60 99613 0 61 99617 0 76 99629 0 68 99629 0 69 99638 0 90 99638 0 91 99638 0 92 99639 0 
TIME iteration: 322 ms
Round:188
IR: 122, 358, 171, 304, 29
99640 0 76 99666 0 76 99696 0 69 99697 0 68 99698 0 76 99729 0 51 99754 0 76 99777 0 52 99852 0 51 99875 0 61 99876 0 60 99879 0 76 99895 0 68 99895 0 69 99899 0 90 99899 0 91 99899 0 92 99902 0 76 99909 0 53 99913 0 54 99928 0 76 99945 0 52 99960 0 76 99971 0 68 99981 0 69 99994 0 51 100014 0 76 100074 0 52 100081 0 54 100103 0 53 100113 0 51 100128 0 60 100128 0 61 100131 0 76 100148 0 68 100148 0 69 100151 0 90 100151 0 91 100151 0 92 100154 0 
TIME iteration: 322 ms
Round:189
IR: 84, 502, 336, 264, 21
100180 0 76 100196 0 54 100212 0 76 100227 0 68 100231 0 69 100265 0 76 100266 0 56 100301 0 56 100312 0 54 100314 0 53 100330 0 82 100330 0 83 100334 0 56 100351 0 51 100365 0 56 100396 0 56 100400 0 52 100425 0 56 100441 0 82 100441 0 83 100453 0 56 100465 0 54 100481 0 56 100509 0 56 100536 0 56 100539 0 52 100541 0 53 100551 0 82 100551 0 83 100563 0 56 100590 0 56 100596 0 51 100616 0 62 100617 0 56 100618 0 63 100625 0 77 100644 0 56 100645 0 90 100645 0 91 100645 0 92 100649 0 77 100651 0 54 100661 0 82 100661 0 83 100671 0 56 100676 0 77 100697 0 
TIME iteration: 322 ms
Round:190
IR: 51, 204, 217, 399, 263
100706 0 70 100708 0 52 100709 0 71 100710 0 77 100727 0 56 100748 0 53 100751 0 51 100770 0 56 100774 0 82 100774 0 83 100796 0 54 100842 0 53 100867 0 52 100887 0 51 100923 0 54 100941 0 62 100946 0 77 100947 0 63 100968 0 70 100968 0 71 100969 0 77 100969 0 90 100969 0 91 100969 0 92 100995 0 77 101013 0 53 101026 0 77 101050 0 52 101077 0 77 101080 0 51 101134 0 54 101187 0 53 101207 0 
TIME iteration: 322 ms
Round:191
IR: 20, 189, 192, 287, 164
101272 0 52 101323 0 53 101329 0 54 101354 0 64 101355 0 65 101363 0 78 101370 0 51 101381 0 90 101381 0 91 101381 0 92 101387 0 78 101414 0 78 101448 0 73 101449 0 72 101449 0 78 101460 0 53 101468 0 52 101532 0 54 101542 0 51 101592 0 53 101636 0 64 101636 0 65 101638 0 78 101641 0 52 101641 0 54 101657 0 72 101657 0 73 101660 0 90 101660 0 91 101660 0 92 101661 0 78 101687 0 78 101718 0 78 101730 0 53 101744 0 73 101745 0 51 101758 0 
TIME iteration: 322 ms
Round:192
IR: 47, 146, 190, 227, 413
101769 0 78 101788 0 54 101811 0 52 101902 0 54 101939 0 53 101957 0 52 101965 0 64 101966 0 65 101969 0 78 101985 0 51 101990 0 90 101990 0 91 101990 0 92 101991 0 72 101991 0 73 101992 0 78 102018 0 78 102050 0 78 102089 0 54 102095 0 53 102102 0 51 102105 0 78 102127 0 52 102240 0 54 102263 0 
TIME iteration: 322 ms
Round:193
IR: 80, 305, 339, 392, 164
102311 0 53 102326 0 52 102375 0 51 102378 0 61 102379 0 60 102383 0 54 102387 0 76 102396 0 66 102396 0 67 102405 0 79 102405 0 90 102405 0 91 102405 0 92 102411 0 76 102429 0 79 102438 0 76 102456 0 79 102457 0 52 102467 0 69 102473 0 76 102474 0 68 102484 0 53 102488 0 74 102491 0 75 102491 0 79 102497 0 51 102516 0 54 102530 0 90 102530 0 91 102530 0 92 102613 0 51 102638 0 54 102642 0 52 102676 0 53 102719 0 51 102740 0 52 102766 0 54 102815 0 
TIME iteration: 322 ms
Round:194
IR: 52, 228, 461, 527, 296
102823 0 52 102836 0 62 102836 0 63 102844 0 77 102865 0 90 102865 0 91 102865 0 92 102868 0 77 102895 0 77 102918 0 58 102918 0 71 102921 0 70 102929 0 77 102931 0 54 102932 0 51 102955 0 58 102957 0 52 102981 0 53 102984 0 86 102984 0 87 102989 0 58 103021 0 58 103051 0 58 103080 0 54 103082 0 58 103091 0 52 103094 0 86 103094 0 87 103114 0 58 103146 0 58 103160 0 53 103176 0 58 103202 0 51 103206 0 58 103207 0 86 103207 0 87 103235 0 58 103262 0 52 103265 0 58 103267 0 54 103292 0 67 103293 0 66 103295 0 58 103301 0 79 103307 0 53 103319 0 86 103319 0 87 103320 0 90 103320 0 91 103320 0 92 103325 0 79 103326 0 
TIME iteration: 323 ms
Round:195
IR: 22, 138, 182, 268, 177
103351 0 74 103351 0 75 103352 0 79 103357 0 58 103387 0 79 103403 0 58 103415 0 51 103416 0 54 103428 0 52 103435 0 86 103435 0 87 103442 0 53 103535 0 54 103582 0 52 103598 0 66 103598 0 67 103601 0 79 103603 0 51 103617 0 54 103618 0 74 103618 0 75 103622 0 90 103622 0 91 103622 0 92 103624 0 79 103650 0 79 103682 0 79 103693 0 75 103694 0 51 103699 0 53 103704 0 74 103709 0 54 103728 0 52 103739 0 79 103807 0 51 103848 0 52 103852 0 54 103862 0 66 103863 0 67 103866 0 
TIME iteration: 323 ms
Round:196
IR: 210, 473, 536, 384, 218
103882 0 53 103882 0 75 103883 0 74 103886 0 90 103886 0 91 103886 0 92 103889 0 79 103912 0 51 103915 0 79 103947 0 79 103967 0 75 103969 0 74 103977 0 52 104001 0 51 104005 0 79 104043 0 53 104063 0 54 104119 0 51 104166 0 53 104173 0 52 104180 0 60 104181 0 61 104189 0 76 104192 0 54 104197 0 66 104197 0 67 104201 0 79 104205 0 90 104205 0 91 104205 0 92 104213 0 76 104222 0 75 104224 0 74 104225 0 79 104240 0 76 104251 0 79 104265 0 51 104266 0 69 104270 0 68 104275 0 76 104284 0 79 104329 0 90 104329 0 91 104329 0 92 104350 0 54 104350 0 79 104365 0 52 104368 0 53 104384 0 
TIME iteration: 323 ms
Round:197
IR: 122, 185, 314, 418, 160
104528 0 51 104529 0 52 104549 0 53 104558 0 54 104657 0 52 104680 0 54 104692 0 53 104697 0 63 104698 0 62 104706 0 77 104721 0 67 104722 0 66 104727 0 90 104727 0 91 104727 0 92 104728 0 79 104730 0 77 104751 0 51 104752 0 74 104752 0 79 104753 0 75 104757 0 77 104779 0 79 104784 0 70 104787 0 71 104792 0 77 104807 0 54 104813 0 79 104817 0 52 104851 0 90 104851 0 91 104851 0 92 104877 0 53 104900 0 52 104919 0 54 104933 0 
TIME iteration: 323 ms
Round:198
IR: 89, 195, 334, 376, 129
104999 0 52 105048 0 51 105090 0 53 105093 0 54 105136 0 52 105164 0 62 105165 0 63 105169 0 77 105174 0 51 105193 0 77 105193 0 90 105193 0 91 105193 0 92 105198 0 70 105198 0 71 105219 0 77 105252 0 77 105271 0 54 105274 0 53 105288 0 52 105304 0 51 105313 0 77 105399 0 53 105460 0 
TIME iteration: 322 ms
Round:199
IR: 31, 299, 242, 260, 283
105501 0 51 105507 0 52 105548 0 53 105568 0 64 105568 0 65 105576 0 78 105594 0 90 105594 0 91 105594 0 92 105600 0 78 105618 0 52 105627 0 78 105660 0 73 105661 0 78 105668 0 51 105669 0 72 105673 0 53 105734 0 52 105811 0 53 105818 0 51 105818 0 54 105852 0 65 105853 0 64 105855 0 52 105855 0 78 105874 0 72 105874 0 73 105876 0 90 105876 0 91 105876 0 92 105878 0 78 105904 0 78 105936 0 78 105938 0 51 105946 0 52 105971 0 53 105974 0 73 105989 0 
TIME iteration: 322 ms
