Experiment Risk
CUTOFF_IR 0
Config: ./networks/network35.conf, Protocol: ./networks/network35.pro, +100 IR
Round:0
IR: 19, 457, 272, 235, 138
312 0 54 342 0 51 370 0 53 430 0 54 447 0 66 447 0 67 454 0 52 456 0 79 480 0 79 488 0 51 488 0 90 488 0 91 488 0 92 507 0 79 529 0 
TIME iteration: 453 ms
Round:1
IR: 82, 173, 235, 451, 258
542 0 79 564 0 53 605 0 52 641 0 58 642 0 54 676 0 51 679 0 58 706 0 53 707 0 86 707 0 87 715 0 58 749 0 58 780 0 52 781 0 58 804 0 51 810 0 53 811 0 58 818 0 86 818 0 87 827 0 54 841 0 58 859 0 60 863 0 61 866 0 67 867 0 66 869 0 76 871 0 58 871 0 79 888 0 90 888 0 91 888 0 92 889 0 74 889 0 75 893 0 76 895 0 79 900 0 58 910 0 53 920 0 76 922 0 79 929 0 58 931 0 86 931 0 87 934 0 54 948 0 51 954 0 76 955 0 79 958 0 58 966 0 68 970 0 69 987 0 58 1016 0 52 1016 0 58 1019 0 53 1019 0 90 1019 0 91 1019 0 92 1023 0 79 1043 0 86 1043 0 87 1044 0 
TIME iteration: 323 ms
Round:2
IR: 50, 124, 297, 271, 156
1074 0 58 1098 0 51 1100 0 54 1116 0 58 1162 0 86 1162 0 87 1207 0 53 1233 0 51 1239 0 54 1358 0 51 1373 0 60 1373 0 61 1378 0 76 1392 0 52 1401 0 54 1402 0 76 1403 0 90 1403 0 91 1403 0 92 1407 0 53 1410 0 68 1411 0 69 1429 0 76 1462 0 76 1481 0 51 1528 0 76 1556 0 
TIME iteration: 322 ms
Round:3
IR: 91, 288, 190, 374, 226
1595 0 53 1611 0 52 1708 0 54 1717 0 51 1736 0 53 1784 0 66 1787 0 67 1788 0 52 1793 0 65 1794 0 79 1797 0 64 1803 0 78 1812 0 90 1812 0 91 1812 0 92 1818 0 79 1827 0 78 1838 0 74 1840 0 75 1845 0 79 1853 0 54 1854 0 78 1858 0 53 1880 0 51 1880 0 79 1888 0 78 1891 0 73 1917 0 72 1927 0 52 1940 0 90 1940 0 91 1940 0 92 2006 0 53 2015 0 54 2057 0 52 2062 0 
TIME iteration: 323 ms
Round:4
IR: 20, 133, 190, 407, 216
2203 0 51 2203 0 52 2206 0 54 2273 0 53 2364 0 51 2375 0 60 2376 0 61 2378 0 52 2383 0 76 2385 0 54 2387 0 62 2387 0 63 2395 0 77 2406 0 90 2406 0 91 2406 0 92 2407 0 76 2419 0 77 2434 0 69 2434 0 76 2436 0 68 2446 0 77 2468 0 76 2474 0 53 2479 0 70 2480 0 77 2488 0 71 2506 0 54 2517 0 51 2530 0 52 2537 0 90 2537 0 91 2537 0 92 2637 0 
TIME iteration: 323 ms
Round:5
IR: 9, 257, 300, 379, 52
2654 0 51 2656 0 53 2670 0 52 2761 0 53 2771 0 54 2858 0 52 2864 0 51 2908 0 53 2919 0 65 2920 0 64 2927 0 78 2928 0 54 2940 0 66 2941 0 67 2949 0 79 2950 0 90 2950 0 91 2950 0 92 2951 0 78 2973 0 79 2978 0 78 2984 0 52 2986 0 72 2990 0 73 3000 0 79 3007 0 75 3008 0 74 3012 0 78 3015 0 51 3035 0 79 3061 0 53 3076 0 90 3076 0 91 3076 0 92 3084 0 54 3104 0 52 3134 0 
TIME iteration: 329 ms
Round:6
IR: 7, 300, 393, 362, 130
3182 0 53 3241 0 54 3247 0 52 3257 0 51 3295 0 53 3353 0 54 3373 0 51 3400 0 60 3400 0 61 3408 0 76 3410 0 67 3412 0 66 3415 0 52 3416 0 79 3429 0 90 3429 0 91 3429 0 92 3432 0 76 3440 0 79 3444 0 74 3444 0 75 3450 0 54 3459 0 76 3461 0 68 3464 0 69 3467 0 79 3482 0 51 3493 0 76 3501 0 79 3518 0 53 3559 0 90 3559 0 91 3559 0 92 3573 0 52 3577 0 54 3583 0 79 3609 0 51 3687 0 
TIME iteration: 323 ms
Round:7
IR: 74, 159, 264, 279, 150
3739 0 51 3751 0 53 3776 0 52 3819 0 54 3885 0 51 3888 0 67 3889 0 52 3892 0 66 3896 0 79 3916 0 60 3916 0 61 3917 0 54 3917 0 74 3919 0 75 3919 0 90 3919 0 91 3919 0 92 3920 0 79 3921 0 76 3945 0 76 3947 0 79 3952 0 68 3953 0 69 3959 0 53 3972 0 76 3981 0 79 4005 0 76 4029 0 52 4042 0 90 4042 0 91 4042 0 92 4063 0 54 4071 0 76 4072 0 51 4081 0 53 4199 0 52 4204 0 
TIME iteration: 324 ms
Round:8
IR: 34, 270, 192, 353, 246
4285 0 51 4306 0 53 4336 0 54 4355 0 52 4390 0 67 4392 0 66 4397 0 79 4420 0 74 4420 0 75 4420 0 90 4420 0 91 4420 0 92 4421 0 79 4448 0 79 4461 0 54 4482 0 79 4498 0 51 4517 0 53 4575 0 52 4594 0 54 4638 0 51 4695 0 52 4696 0 53 4760 0 
TIME iteration: 323 ms
Round:9
IR: 81, 186, 203, 246, 277
4780 0 67 4781 0 66 4785 0 79 4800 0 52 4801 0 74 4801 0 75 4803 0 62 4804 0 63 4807 0 90 4807 0 91 4807 0 92 4808 0 51 4809 0 79 4812 0 77 4835 0 79 4836 0 77 4854 0 53 4863 0 77 4868 0 79 4885 0 75 4892 0 71 4893 0 70 4898 0 77 4908 0 54 4930 0 90 4930 0 91 4930 0 92 4935 0 79 4972 0 51 5005 0 53 5012 0 52 5105 0 51 5153 0 54 5157 0 52 5162 0 53 5220 0 51 5259 0 60 5261 0 61 5268 0 76 5285 0 54 5289 0 90 5289 0 91 5289 0 92 5290 0 52 5292 0 
TIME iteration: 323 ms
Round:10
IR: 35, 198, 198, 203, 116
5310 0 53 5319 0 76 5334 0 69 5335 0 68 5353 0 76 5391 0 51 5414 0 52 5506 0 54 5530 0 53 5569 0 52 5575 0 51 5629 0 60 5630 0 61 5633 0 76 5655 0 90 5655 0 91 5655 0 92 5656 0 68 5656 0 69 5656 0 76 5665 0 54 5672 0 53 5682 0 76 5707 0 52 5714 0 76 5769 0 76 5785 0 51 5819 0 
TIME iteration: 323 ms
Round:11
IR: 83, 229, 170, 274, 163
5854 0 54 5860 0 52 5942 0 53 5981 0 54 5993 0 65 5995 0 64 6002 0 51 6002 0 78 6010 0 52 6019 0 90 6019 0 91 6019 0 92 6026 0 78 6053 0 78 6062 0 54 6087 0 72 6087 0 78 6104 0 73 6107 0 53 6168 0 51 6173 0 54 6216 0 52 6255 0 51 6260 0 53 6299 0 64 6300 0 65 6302 0 78 6323 0 54 6323 0 72 6324 0 73 6324 0 90 6324 0 91 6324 0 92 6325 0 78 6340 0 52 6351 0 
TIME iteration: 323 ms
Round:12
IR: 31, 249, 153, 284, 271
6383 0 78 6384 0 51 6395 0 53 6436 0 78 6475 0 52 6541 0 51 6566 0 54 6576 0 53 6629 0 52 6683 0 54 6685 0 63 6688 0 62 6695 0 77 6703 0 53 6704 0 51 6711 0 64 6711 0 65 6712 0 90 6712 0 91 6712 0 92 6716 0 78 6719 0 77 6732 0 73 6733 0 72 6736 0 52 6740 0 78 6746 0 77 6767 0 78 6769 0 71 6777 0 70 6781 0 77 6800 0 78 6833 0 73 6834 0 90 6834 0 91 6834 0 92 6844 0 54 6866 0 78 6878 0 53 6881 0 
TIME iteration: 323 ms
Round:13
IR: 56, 176, 191, 310, 216
6910 0 51 7024 0 54 7033 0 52 7061 0 53 7116 0 54 7132 0 51 7166 0 53 7172 0 66 7172 0 67 7181 0 79 7190 0 64 7190 0 65 7196 0 78 7201 0 90 7201 0 91 7201 0 92 7205 0 79 7216 0 72 7220 0 78 7226 0 52 7226 0 54 7226 0 73 7232 0 79 7247 0 78 7262 0 75 7264 0 74 7267 0 79 7281 0 78 7311 0 53 7328 0 90 7328 0 91 7328 0 92 7357 0 78 7368 0 52 7381 0 
TIME iteration: 324 ms
Round:14
IR: 86, 310, 205, 291, 144
7442 0 53 7487 0 54 7530 0 51 7553 0 52 7577 0 53 7633 0 54 7651 0 51 7667 0 52 7684 0 60 7686 0 61 7693 0 76 7701 0 62 7701 0 63 7709 0 77 7715 0 90 7715 0 91 7715 0 92 7717 0 76 7725 0 53 7733 0 77 7744 0 76 7760 0 77 7767 0 70 7767 0 71 7774 0 68 7777 0 69 7778 0 76 7786 0 51 7794 0 77 7798 0 52 7802 0 54 7843 0 90 7843 0 91 7843 0 92 7856 0 53 7905 0 
TIME iteration: 324 ms
Round:15
IR: 18, 289, 165, 177, 182
7958 0 54 7961 0 53 7986 0 52 8020 0 51 8080 0 53 8088 0 54 8103 0 52 8150 0 51 8173 0 60 8173 0 61 8178 0 76 8194 0 54 8202 0 76 8202 0 90 8202 0 91 8202 0 92 8208 0 69 8210 0 68 8229 0 76 8238 0 52 8247 0 53 8262 0 76 8289 0 51 8328 0 76 8355 0 53 8381 0 52 8414 0 
TIME iteration: 323 ms
Round:16
IR: 14, 279, 217, 284, 236
8505 0 51 8514 0 52 8550 0 62 8550 0 63 8557 0 77 8571 0 53 8572 0 54 8576 0 90 8576 0 91 8576 0 92 8581 0 77 8605 0 70 8606 0 71 8608 0 77 8638 0 52 8642 0 77 8664 0 51 8711 0 54 8796 0 53 8822 0 52 8855 0 54 8870 0 51 8974 0 
TIME iteration: 322 ms
Round:17
IR: 24, 222, 182, 244, 108
9030 0 51 9031 0 64 9032 0 54 9035 0 65 9037 0 66 9037 0 67 9039 0 52 9041 0 78 9045 0 60 9046 0 61 9046 0 79 9051 0 62 9051 0 63 9053 0 76 9056 0 77 9059 0 90 9059 0 91 9059 0 92 9065 0 78 9070 0 79 9077 0 76 9080 0 77 9084 0 71 9085 0 70 9092 0 78 9097 0 79 9098 0 68 9099 0 69 9104 0 76 9107 0 77 9120 0 53 9121 0 72 9123 0 75 9124 0 74 9125 0 73 9126 0 78 9132 0 79 9138 0 76 9140 0 77 9170 0 90 9170 0 91 9170 0 92 9174 0 54 9191 0 51 9206 0 77 9229 0 52 9250 0 53 9296 0 54 9336 0 52 9398 0 51 9402 0 53 9468 0 54 9530 0 
TIME iteration: 324 ms
Round:18
IR: 20, 178, 265, 240, 150
9552 0 67 9555 0 66 9559 0 79 9567 0 62 9567 0 63 9573 0 77 9579 0 53 9582 0 90 9582 0 91 9582 0 92 9583 0 79 9589 0 51 9590 0 54 9590 0 74 9591 0 75 9597 0 77 9598 0 70 9598 0 71 9610 0 79 9624 0 77 9644 0 79 9658 0 77 9681 0 54 9710 0 90 9710 0 91 9710 0 92 9716 0 51 9723 0 53 9734 0 77 9769 0 52 9809 0 54 9851 0 53 9856 0 51 9919 0 54 9962 0 52 9976 0 51 9983 0 53 10049 0 54 10057 0 60 10058 0 66 10059 0 67 10060 0 61 10061 0 64 10062 0 65 10064 0 79 10066 0 76 10069 0 
TIME iteration: 325 ms
Round:19
IR: 6, 209, 300, 518, 204
10083 0 90 10083 0 91 10083 0 92 10088 0 79 10089 0 51 10090 0 74 10090 0 75 10090 0 76 10093 0 78 10109 0 52 10115 0 79 10117 0 76 10120 0 69 10120 0 78 10121 0 68 10125 0 73 10128 0 72 10149 0 79 10151 0 76 10154 0 78 10164 0 58 10200 0 58 10201 0 90 10201 0 91 10201 0 92 10229 0 86 10229 0 87 10234 0 58 10241 0 53 10252 0 54 10269 0 58 10273 0 52 10294 0 51 10303 0 58 10335 0 58 10341 0 86 10341 0 87 10366 0 58 10395 0 58 10424 0 58 10444 0 54 10452 0 58 10453 0 86 10453 0 87 10479 0 58 10494 0 52 10502 0 53 10507 0 58 10530 0 51 10534 0 58 10562 0 58 10564 0 86 10564 0 87 10591 0 58 10596 0 
TIME iteration: 325 ms
Round:20
IR: 4, 281, 266, 415, 424
10624 0 58 10638 0 51 10643 0 54 10652 0 60 10652 0 61 10658 0 76 10673 0 52 10677 0 66 10678 0 67 10681 0 58 10682 0 76 10683 0 90 10683 0 91 10683 0 92 10684 0 79 10684 0 86 10684 0 87 10692 0 69 10693 0 68 10708 0 79 10709 0 76 10715 0 75 10717 0 74 10730 0 53 10735 0 79 10743 0 76 10769 0 79 10784 0 52 10808 0 90 10808 0 91 10808 0 92 10819 0 76 10827 0 54 10839 0 51 10855 0 53 10891 0 52 10953 0 53 10987 0 54 11014 0 51 11043 0 52 11070 0 53 11115 0 65 11116 0 64 11123 0 
TIME iteration: 325 ms
Round:21
IR: 13, 255, 412, 223, 179
11144 0 90 11144 0 91 11144 0 92 11147 0 78 11165 0 54 11174 0 78 11179 0 72 11181 0 73 11208 0 78 11239 0 53 11249 0 52 11339 0 51 11344 0 54 11347 0 53 11409 0 64 11409 0 65 11411 0 78 11429 0 72 11429 0 73 11433 0 90 11433 0 91 11433 0 92 11434 0 78 11451 0 52 11460 0 78 11467 0 53 11491 0 78 11506 0 54 11507 0 51 11516 0 72 11519 0 73 11542 0 78 11608 0 52 11620 0 
TIME iteration: 327 ms
Round:22
IR: 7, 177, 198, 258, 121
11661 0 64 11663 0 65 11665 0 78 11682 0 72 11682 0 73 11684 0 54 11685 0 90 11685 0 91 11685 0 92 11688 0 78 11714 0 78 11746 0 78 11762 0 73 11763 0 51 11770 0 72 11799 0 78 11826 0 52 11859 0 54 11878 0 53 11910 0 51 12025 0 53 12030 0 52 12033 0 64 12033 0 65 12037 0 78 12058 0 90 12058 0 91 12058 0 92 12060 0 78 12061 0 72 12061 0 73 12086 0 78 12101 0 51 12118 0 78 12126 0 54 12160 0 52 12171 0 53 12174 0 
TIME iteration: 323 ms
Round:23
IR: 16, 125, 314, 404, 246
12252 0 51 12270 0 53 12304 0 54 12336 0 64 12337 0 52 12338 0 65 12341 0 78 12351 0 72 12351 0 73 12361 0 90 12361 0 91 12361 0 92 12364 0 78 12390 0 78 12397 0 53 12414 0 72 12414 0 73 12422 0 78 12455 0 51 12460 0 54 12478 0 78 12491 0 52 12608 0 54 12645 0 52 12704 0 
TIME iteration: 322 ms
Round:24
IR: 14, 121, 197, 383, 166
12764 0 52 12767 0 62 12768 0 63 12776 0 77 12794 0 90 12794 0 91 12794 0 92 12800 0 77 12809 0 53 12827 0 77 12860 0 70 12862 0 77 12866 0 71 12868 0 51 12878 0 54 12920 0 52 12947 0 53 13005 0 54 13023 0 51 13041 0 53 13083 0 52 13100 0 64 13101 0 65 13108 0 78 13109 0 62 13109 0 63 13112 0 77 13125 0 90 13125 0 91 13125 0 92 13126 0 54 13132 0 78 13134 0 70 13135 0 77 13136 0 71 13142 0 51 13150 0 72 13152 0 73 13159 0 78 13161 0 77 13187 0 53 13193 0 77 13193 0 78 13247 0 77 13248 0 
TIME iteration: 323 ms
Round:25
IR: 80, 157, 304, 292, 171
13252 0 90 13252 0 91 13252 0 92 13283 0 51 13304 0 53 13315 0 54 13447 0 54 13451 0 51 13563 0 51 13573 0 53 13604 0 61 13605 0 60 13609 0 54 13613 0 76 13634 0 90 13634 0 91 13634 0 92 13636 0 52 13637 0 76 13664 0 76 13696 0 69 13699 0 76 13705 0 68 13730 0 53 13754 0 
TIME iteration: 323 ms
Round:26
IR: 64, 278, 204, 291, 136
13788 0 52 13812 0 54 13871 0 53 13887 0 51 13918 0 60 13919 0 61 13921 0 76 13942 0 69 13943 0 68 13943 0 90 13943 0 91 13943 0 92 13944 0 76 13969 0 54 13970 0 76 13976 0 53 13980 0 52 14002 0 76 14045 0 51 14055 0 76 14119 0 53 14131 0 54 14138 0 52 14184 0 51 14245 0 54 14284 0 52 14286 0 66 14287 0 67 14295 0 79 14297 0 51 14299 0 60 14299 0 61 14304 0 
TIME iteration: 323 ms
Round:27
IR: 46, 216, 193, 317, 259
14312 0 90 14312 0 91 14312 0 92 14318 0 68 14319 0 69 14319 0 79 14328 0 76 14341 0 53 14346 0 79 14355 0 76 14381 0 79 14384 0 75 14388 0 76 14390 0 74 14402 0 68 14403 0 69 14417 0 51 14429 0 54 14438 0 90 14438 0 91 14438 0 92 14453 0 76 14470 0 52 14541 0 54 14556 0 51 14658 0 53 14696 0 52 14700 0 51 14802 0 51 14803 0 61 14804 0 60 14809 0 76 14826 0 54 14833 0 76 14833 0 90 14833 0 91 14833 0 
TIME iteration: 324 ms
Round:28
IR: 68, 121, 215, 283, 231
14841 0 68 14841 0 69 14849 0 53 14860 0 76 14893 0 76 14940 0 51 14960 0 76 14995 0 54 15004 0 52 15025 0 53 15075 0 51 15117 0 54 15128 0 53 15142 0 61 15145 0 60 15148 0 76 15155 0 52 15162 0 69 15163 0 68 15169 0 90 15169 0 91 15169 0 92 15172 0 76 15198 0 76 15223 0 53 15229 0 51 15231 0 76 15240 0 69 15245 0 68 15292 0 76 15309 0 52 15355 0 
TIME iteration: 324 ms
Round:29
IR: 78, 185, 180, 291, 125
15388 0 53 15426 0 52 15437 0 51 15477 0 61 15478 0 60 15482 0 76 15495 0 54 15502 0 90 15502 0 91 15502 0 92 15503 0 68 15503 0 69 15506 0 76 15532 0 76 15540 0 53 15563 0 52 15565 0 76 15626 0 76 15627 0 54 15635 0 53 15689 0 51 15692 0 52 15753 0 54 15763 0 53 15810 0 64 15810 0 65 15818 0 78 15835 0 90 15835 0 91 15835 0 92 15842 0 78 15869 0 78 15872 0 52 15882 0 
TIME iteration: 323 ms
Round:30
IR: 98, 187, 302, 442, 89
15903 0 78 15904 0 72 15904 0 73 15923 0 54 15991 0 53 16050 0 52 16051 0 51 16082 0 54 16186 0 51 16190 0 52 16203 0 54 16217 0 67 16218 0 66 16224 0 62 16225 0 63 16226 0 79 16233 0 77 16241 0 53 16244 0 90 16244 0 91 16244 0 92 16250 0 79 16257 0 77 16277 0 79 16284 0 77 16301 0 75 16305 0 74 16312 0 79 16314 0 70 16319 0 77 16322 0 71 16336 0 52 16374 0 90 16374 0 91 16374 0 92 16399 0 54 16420 0 
TIME iteration: 323 ms
Round:31
IR: 49, 176, 190, 381, 192
16442 0 51 16505 0 52 16579 0 53 16579 0 54 16639 0 51 16727 0 54 16740 0 52 16767 0 67 16769 0 66 16774 0 79 16781 0 51 16787 0 53 16798 0 79 16798 0 90 16798 0 91 16798 0 92 16808 0 74 16808 0 75 16825 0 79 16859 0 79 16875 0 54 16890 0 51 16936 0 
TIME iteration: 324 ms
Round:32
IR: 77, 211, 331, 551, 220
17005 0 54 17046 0 52 17062 0 58 17099 0 58 17113 0 51 17128 0 86 17128 0 87 17133 0 58 17167 0 58 17173 0 54 17181 0 66 17182 0 67 17186 0 79 17200 0 58 17206 0 74 17207 0 75 17208 0 90 17208 0 91 17208 0 92 17210 0 79 17220 0 53 17232 0 58 17236 0 79 17239 0 86 17239 0 87 17258 0 51 17263 0 58 17269 0 79 17277 0 52 17292 0 58 17320 0 58 17334 0 79 17348 0 58 17351 0 86 17351 0 87 17361 0 54 17363 0 53 17377 0 58 17379 0 51 17405 0 58 17433 0 58 17452 0 52 17457 0 53 17461 0 58 17463 0 86 17463 0 87 17488 0 
TIME iteration: 323 ms
Round:33
IR: 49, 445, 420, 240, 62
17520 0 58 17521 0 51 17553 0 60 17553 0 61 17561 0 76 17566 0 53 17571 0 58 17577 0 86 17577 0 87 17579 0 90 17579 0 91 17579 0 92 17585 0 76 17599 0 54 17612 0 76 17622 0 52 17641 0 68 17641 0 69 17646 0 76 17670 0 53 17683 0 51 17786 0 52 17800 0 54 17809 0 51 17845 0 60 17845 0 61 17847 0 76 17867 0 68 17867 0 69 17869 0 90 17869 0 91 17869 0 92 17870 0 76 17877 0 53 17896 0 76 17927 0 76 17939 0 54 17978 0 76 17987 0 53 18008 0 
TIME iteration: 322 ms
Round:34
IR: 18, 483, 392, 284, 199
18056 0 54 18069 0 51 18076 0 53 18184 0 53 18185 0 64 18185 0 65 18193 0 78 18201 0 54 18210 0 90 18210 0 91 18210 0 92 18217 0 78 18244 0 78 18245 0 52 18247 0 51 18271 0 72 18272 0 73 18278 0 78 18314 0 53 18341 0 54 18411 0 51 18472 0 54 18513 0 53 18524 0 
TIME iteration: 322 ms
Round:35
IR: 23, 361, 441, 320, 195
18550 0 64 18551 0 65 18554 0 78 18576 0 90 18576 0 91 18576 0 92 18577 0 73 18577 0 78 18579 0 72 18584 0 54 18603 0 78 18635 0 78 18645 0 52 18666 0 51 18682 0 53 18690 0 78 18802 0 53 18820 0 54 18828 0 52 18836 0 51 18970 0 53 18973 0 65 18975 0 64 18979 0 78 18995 0 52 18997 0 73 18998 0 72 19001 0 90 19001 0 91 19001 0 92 19003 0 78 19008 0 51 19020 0 54 19030 0 78 19063 0 
TIME iteration: 323 ms
Round:36
IR: 42, 298, 413, 408, 142
19098 0 53 19129 0 78 19133 0 51 19189 0 52 19262 0 51 19292 0 52 19338 0 60 19347 0 61 19348 0 53 19351 0 76 19353 0 62 19353 0 63 19361 0 77 19368 0 90 19368 0 91 19368 0 92 19375 0 76 19383 0 51 19385 0 77 19402 0 76 19412 0 77 19417 0 68 19419 0 69 19430 0 52 19436 0 76 19446 0 77 19447 0 70 19450 0 71 19463 0 54 19495 0 90 19495 0 91 19495 0 92 19503 0 53 19520 0 51 19604 0 52 19607 0 
TIME iteration: 323 ms
Round:37
IR: 35, 353, 404, 278, 154
19677 0 53 19700 0 51 19795 0 52 19812 0 54 19822 0 53 19883 0 64 19885 0 65 19892 0 78 19914 0 90 19914 0 91 19914 0 92 19916 0 78 19917 0 51 19939 0 72 19939 0 73 19943 0 78 19960 0 54 19963 0 53 19977 0 78 20035 0 52 20057 0 51 20124 0 54 20129 0 
TIME iteration: 332 ms
Round:38
IR: 16, 179, 373, 307, 177
20164 0 52 20250 0 52 20257 0 54 20259 0 51 20260 0 62 20260 0 63 20268 0 77 20270 0 53 20281 0 64 20281 0 65 20285 0 78 20286 0 90 20286 0 91 20286 0 92 20292 0 77 20307 0 72 20308 0 73 20308 0 78 20318 0 70 20319 0 77 20320 0 71 20334 0 78 20340 0 52 20353 0 77 20366 0 78 20379 0 54 20401 0 53 20409 0 90 20409 0 91 20409 0 92 20422 0 78 20427 0 51 20460 0 52 20535 0 53 20544 0 54 20549 0 51 20595 0 52 20649 0 54 20651 0 
TIME iteration: 323 ms
Round:39
IR: 20, 311, 219, 405, 331
20688 0 51 20754 0 52 20760 0 54 20763 0 53 20763 0 60 20765 0 64 20765 0 66 20765 0 67 20766 0 61 20766 0 65 20771 0 78 20773 0 76 20774 0 79 20783 0 62 20783 0 63 20788 0 77 20788 0 90 20788 0 91 20788 0 92 20793 0 72 20793 0 73 20795 0 78 20797 0 76 20798 0 79 20812 0 77 20818 0 71 20819 0 70 20822 0 78 20824 0 76 20825 0 79 20839 0 77 20844 0 68 20846 0 69 20855 0 78 20858 0 75 20859 0 76 20860 0 79 20862 0 51 20863 0 74 20872 0 77 20883 0 54 20899 0 90 20899 0 91 20899 0 92 20922 0 78 20938 0 77 20946 0 53 20974 0 54 20977 0 52 21014 0 51 21069 0 54 21111 0 53 21173 0 52 21192 0 
TIME iteration: 324 ms
Round:40
IR: 1, 249, 442, 337, 347
21204 0 66 21204 0 67 21209 0 51 21209 0 79 21231 0 90 21231 0 91 21231 0 92 21233 0 79 21237 0 74 21237 0 75 21260 0 79 21263 0 53 21293 0 79 21313 0 52 21365 0 79 21383 0 54 21418 0 53 21419 0 51 21529 0 54 21537 0 52 21562 0 53 21578 0 51 21579 0 66 21580 0 67 21585 0 79 21600 0 74 21600 0 75 21602 0 64 21602 0 65 21605 0 90 21605 0 91 21605 0 92 21609 0 79 21610 0 78 21634 0 78 21636 0 79 21642 0 54 21652 0 72 21653 0 73 21661 0 78 21670 0 79 21688 0 74 21695 0 78 21700 0 75 21705 0 53 21710 0 52 21727 0 90 21727 0 91 21727 0 
TIME iteration: 325 ms
Round:41
IR: 42, 405, 266, 249, 212
21748 0 54 21779 0 51 21830 0 53 21885 0 52 21903 0 54 21933 0 51 21939 0 53 22028 0 52 22080 0 54 22118 0 51 22119 0 66 22119 0 67 22125 0 79 22128 0 53 22140 0 64 22140 0 65 22146 0 78 22149 0 79 22149 0 90 22149 0 91 22149 0 92 22158 0 74 22159 0 75 22170 0 78 22175 0 73 22176 0 72 22176 0 79 22197 0 78 22210 0 79 22231 0 78 22257 0 
TIME iteration: 323 ms
Round:42
IR: 36, 232, 265, 272, 201
22275 0 90 22275 0 91 22275 0 92 22299 0 53 22307 0 78 22333 0 51 22345 0 52 22449 0 53 22471 0 54 22500 0 52 22516 0 51 22604 0 53 22608 0 54 22654 0 64 22654 0 65 22660 0 78 22677 0 67 22683 0 66 22684 0 78 22684 0 90 22684 0 91 22684 0 92 22686 0 72 22686 0 73 22686 0 79 22702 0 52 22710 0 79 22711 0 78 22715 0 75 22716 0 74 22737 0 79 22745 0 78 22751 0 54 22771 0 79 22774 0 
TIME iteration: 323 ms
Round:43
IR: 87, 189, 223, 501, 463
22808 0 90 22808 0 91 22808 0 92 22811 0 51 22821 0 78 22884 0 58 22898 0 53 22901 0 54 22901 0 59 22921 0 58 22927 0 52 22937 0 59 22950 0 86 22950 0 87 22956 0 58 22966 0 88 22966 0 89 22970 0 59 22976 0 51 22988 0 58 23000 0 88 23000 0 89 23004 0 59 23018 0 58 23020 0 53 23033 0 88 23033 0 89 23037 0 59 23048 0 58 23060 0 86 23060 0 87 23065 0 88 23065 0 89 23068 0 59 23076 0 58 23097 0 59 23097 0 88 23097 0 89 23105 0 58 23119 0 52 23119 0 53 23126 0 59 23128 0 88 23128 0 89 23135 0 58 23142 0 51 23154 0 59 23157 0 88 23157 0 89 23164 0 58 23170 0 86 23170 0 87 23182 0 59 23186 0 88 23186 0 89 23192 0 58 23210 0 59 23215 0 88 23215 0 89 23221 0 58 23224 0 53 23226 0 61 23227 0 60 23235 0 76 23238 0 59 23243 0 88 23243 0 89 23249 0 58 23250 0 54 23257 0 90 23257 0 91 23257 0 92 23259 0 76 23267 0 59 23272 0 88 23272 0 89 23277 0 58 23279 0 52 23281 0 86 23281 0 87 23286 0 76 23296 0 59 23301 0 88 23301 0 89 23305 0 51 23306 0 58 23316 0 
TIME iteration: 325 ms
Round:44
IR: 33, 217, 235, 443, 475
23321 0 68 23321 0 76 23326 0 59 23330 0 88 23330 0 89 23337 0 58 23356 0 59 23360 0 88 23360 0 89 23382 0 53 23383 0 58 23385 0 54 23385 0 59 23389 0 88 23389 0 89 23392 0 86 23392 0 87 23415 0 59 23419 0 88 23419 0 89 23444 0 59 23448 0 88 23448 0 89 23473 0 59 23477 0 88 23477 0 89 23482 0 52 23501 0 59 23502 0 54 23506 0 88 23506 0 89 23511 0 51 23520 0 53 23529 0 59 23534 0 88 23534 0 89 23557 0 59 23562 0 88 23562 0 89 23586 0 59 23591 0 88 23591 0 89 23615 0 52 23615 0 59 23620 0 88 23620 0 89 23644 0 59 23649 0 88 23649 0 89 23673 0 59 23678 0 88 23678 0 89 23689 0 53 23691 0 51 23698 0 60 23698 0 61 23703 0 76 23704 0 59 23708 0 88 23708 0 89 23717 0 54 23726 0 90 23726 0 91 23726 0 92 23727 0 76 23732 0 68 23732 0 69 23735 0 59 23738 0 88 23738 0 89 23753 0 52 23754 0 76 23766 0 59 23769 0 88 23769 0 89 23787 0 76 23797 0 59 23800 0 88 23800 0 89 23817 0 53 23826 0 59 23830 0 88 23830 0 
TIME iteration: 325 ms
Round:45
IR: 62, 145, 219, 323, 203
23853 0 76 23854 0 59 23859 0 88 23859 0 89 23884 0 51 23891 0 59 23892 0 88 23892 0 89 23893 0 52 23925 0 88 23925 0 89 23941 0 53 23948 0 54 23979 0 88 23979 0 89 24035 0 51 24079 0 52 24083 0 61 24084 0 60 24088 0 76 24105 0 68 24105 0 69 24110 0 90 24110 0 91 24110 0 92 24112 0 76 24133 0 54 24138 0 76 24171 0 76 24175 0 53 24181 0 51 24201 0 68 24232 0 76 24247 0 54 24257 0 52 24282 0 51 24340 0 60 24340 0 61 24343 0 76 24348 0 69 24361 0 68 24363 0 54 24363 0 90 24363 0 91 24363 0 92 24366 0 76 24373 0 
TIME iteration: 323 ms
Round:46
IR: 51, 328, 257, 308, 171
24392 0 76 24400 0 69 24405 0 53 24424 0 76 24431 0 51 24448 0 68 24478 0 76 24539 0 54 24568 0 52 24590 0 53 24600 0 51 24637 0 60 24640 0 61 24642 0 76 24658 0 69 24662 0 68 24662 0 90 24662 0 91 24662 0 92 24665 0 76 24683 0 54 24691 0 76 24717 0 51 24723 0 76 24726 0 52 24741 0 69 24778 0 76 24794 0 54 24811 0 53 24828 0 51 24839 0 
TIME iteration: 322 ms
Round:47
IR: 49, 245, 341, 296, 145
24915 0 60 24921 0 61 24921 0 76 24929 0 51 24929 0 68 24940 0 69 24942 0 90 24942 0 91 24942 0 92 24944 0 76 24952 0 53 24970 0 76 24985 0 68 25000 0 54 25002 0 52 25002 0 76 25040 0 51 25056 0 76 25088 0 53 25141 0 52 25185 0 54 25251 0 51 25262 0 53 25297 0 52 25298 0 60 25301 0 61 25304 0 76 25318 0 69 25324 0 62 25325 0 63 25325 0 90 25325 0 91 25325 0 92 25326 0 68 25328 0 76 25333 0 77 25354 0 76 25357 0 77 25384 0 77 25387 0 76 25395 0 69 25416 0 54 25417 0 70 25419 0 53 25419 0 77 25420 0 71 25421 0 51 25429 0 
TIME iteration: 323 ms
Round:48
IR: 91, 282, 532, 320, 156
25446 0 90 25446 0 91 25446 0 92 25448 0 76 25528 0 52 25531 0 53 25556 0 54 25565 0 51 25649 0 52 25659 0 54 25702 0 51 25749 0 54 25750 0 53 25759 0 66 25759 0 67 25768 0 79 25779 0 52 25787 0 63 25788 0 62 25788 0 90 25788 0 91 25788 0 92 25792 0 77 25792 0 79 25807 0 51 25816 0 77 25819 0 79 25822 0 70 25822 0 71 25842 0 77 25854 0 75 25854 0 79 25855 0 74 25857 0 54 25875 0 77 25910 0 90 25910 0 91 25910 0 92 25936 0 77 25940 0 52 25965 0 51 25968 0 
TIME iteration: 324 ms
Round:49
IR: 36, 422, 767, 306, 161
26061 0 54 26065 0 57 26081 0 51 26101 0 57 26109 0 52 26130 0 84 26130 0 85 26134 0 53 26137 0 57 26170 0 57 26201 0 54 26201 0 57 26223 0 51 26223 0 52 26231 0 57 26240 0 84 26240 0 85 26260 0 57 26260 0 62 26263 0 63 26267 0 77 26289 0 57 26290 0 70 26290 0 71 26291 0 77 26291 0 90 26291 0 91 26291 0 92 26318 0 57 26318 0 77 26346 0 57 26351 0 77 26351 0 84 26351 0 85 26358 0 52 26361 0 51 26374 0 53 26374 0 57 26402 0 57 26418 0 77 26430 0 57 26443 0 54 26458 0 57 26462 0 84 26462 0 85 26486 0 57 26497 0 
TIME iteration: 323 ms
Round:50
IR: 43, 452, 646, 233, 274
26514 0 57 26518 0 51 26542 0 57 26569 0 57 26573 0 84 26573 0 85 26596 0 57 26606 0 54 26619 0 53 26623 0 57 26650 0 57 26665 0 52 26677 0 57 26678 0 62 26678 0 63 26683 0 77 26683 0 84 26683 0 85 26684 0 51 26700 0 71 26701 0 70 26705 0 57 26705 0 90 26705 0 91 26705 0 92 26707 0 77 26726 0 53 26734 0 57 26734 0 77 26762 0 57 26767 0 77 26780 0 52 26790 0 54 26790 0 57 26794 0 84 26794 0 85 26819 0 57 26833 0 51 26833 0 77 26847 0 57 26875 0 57 26876 0 53 26903 0 57 26905 0 84 26905 0 85 26930 0 57 26957 0 57 26961 0 51 26963 0 54 26970 0 52 26984 0 57 26991 0 53 27012 0 57 27016 0 84 27016 0 
TIME iteration: 323 ms
Round:51
IR: 16, 351, 639, 450, 151
27035 0 64 27036 0 65 27039 0 57 27044 0 78 27061 0 90 27061 0 91 27061 0 92 27066 0 57 27068 0 51 27068 0 78 27094 0 57 27095 0 78 27099 0 54 27122 0 57 27126 0 84 27126 0 85 27128 0 53 27128 0 72 27130 0 78 27134 0 73 27151 0 57 27181 0 57 27201 0 52 27212 0 57 27232 0 51 27238 0 84 27238 0 85 27242 0 57 27258 0 54 27271 0 57 27279 0 53 27300 0 57 27329 0 57 27332 0 64 27333 0 65 27335 0 78 27349 0 84 27349 0 85 27355 0 72 27355 0 73 27357 0 90 27357 0 91 27357 0 92 27358 0 57 27358 0 78 27373 0 52 27384 0 78 27386 0 51 27387 0 57 27416 0 57 27416 0 78 27443 0 57 27451 0 53 27454 0 54 27459 0 84 27459 0 85 27469 0 78 27470 0 57 27497 0 57 27524 0 57 27551 0 
TIME iteration: 323 ms
Round:52
IR: 1, 197, 270, 288, 305
27567 0 54 27569 0 84 27569 0 85 27581 0 57 27594 0 51 27621 0 53 27624 0 57 27659 0 52 27700 0 84 27700 0 85 27752 0 54 27758 0 52 27793 0 62 27795 0 63 27802 0 77 27812 0 53 27821 0 65 27821 0 90 27821 0 91 27821 0 92 27826 0 77 27833 0 78 27853 0 77 27859 0 70 27859 0 71 27863 0 78 27873 0 51 27887 0 77 27889 0 52 27908 0 78 27960 0 90 27960 0 91 27960 0 92 27976 0 53 27994 0 54 28027 0 
TIME iteration: 322 ms
Round:53
IR: 7, 327, 336, 268, 471
28092 0 52 28134 0 54 28147 0 53 28179 0 51 28196 0 52 28208 0 59 28243 0 59 28272 0 88 28272 0 89 28277 0 59 28281 0 54 28305 0 53 28306 0 88 28306 0 89 28309 0 59 28339 0 88 28339 0 89 28340 0 59 28343 0 51 28343 0 52 28360 0 65 28361 0 64 28367 0 78 28368 0 60 28370 0 61 28371 0 59 28372 0 88 28372 0 89 28377 0 76 28390 0 90 28390 0 91 28390 0 92 28391 0 78 28396 0 73 28397 0 72 28401 0 59 28401 0 76 28403 0 88 28403 0 89 28418 0 78 28428 0 76 28429 0 53 28430 0 59 28433 0 88 28433 0 89 28447 0 51 28452 0 78 28455 0 68 28458 0 59 28462 0 76 28462 0 88 28462 0 89 28470 0 69 28486 0 59 28491 0 88 28491 0 89 28496 0 52 28514 0 59 28519 0 88 28519 0 89 28522 0 90 28522 0 91 28522 0 92 28533 0 78 28542 0 59 28545 0 54 28547 0 88 28547 0 89 28565 0 51 28571 0 59 28576 0 88 28576 0 89 28583 0 53 28599 0 59 28604 0 88 28604 0 
TIME iteration: 331 ms
Round:54
IR: 18, 401, 320, 372, 294
28629 0 59 28633 0 88 28633 0 89 28665 0 88 28665 0 89 28673 0 59 28683 0 53 28688 0 54 28696 0 88 28696 0 89 28703 0 52 28742 0 88 28742 0 89 28768 0 51 28818 0 52 28840 0 54 28841 0 53 28872 0 65 28873 0 64 28879 0 78 28902 0 90 28902 0 91 28902 0 92 28903 0 78 28904 0 72 28904 0 73 28930 0 78 28963 0 52 28964 0 78 28983 0 54 28998 0 53 29027 0 51 29045 0 78 29086 0 52 29109 0 
TIME iteration: 324 ms
Round:55
IR: 12, 132, 192, 255, 417
29203 0 51 29224 0 54 29234 0 53 29237 0 52 29237 0 64 29238 0 65 29242 0 78 29257 0 72 29258 0 73 29263 0 90 29263 0 91 29263 0 92 29266 0 78 29292 0 78 29325 0 78 29344 0 72 29354 0 73 29363 0 53 29364 0 51 29386 0 78 29397 0 54 29413 0 52 29524 0 51 29537 0 52 29547 0 53 29557 0 54 29561 0 64 29562 0 65 29566 0 78 29586 0 72 29586 0 90 29586 0 91 29586 0 92 29587 0 73 29590 0 78 29616 0 78 29649 0 
TIME iteration: 323 ms
Round:56
IR: 94, 359, 312, 312, 442
29683 0 51 29692 0 54 29710 0 78 29716 0 53 29850 0 52 29853 0 51 29889 0 54 29918 0 53 29961 0 51 29972 0 60 29972 0 61 29974 0 52 29980 0 76 29991 0 65 29997 0 64 29998 0 90 29998 0 91 29998 0 92 29999 0 78 30004 0 76 30018 0 72 30019 0 73 30023 0 78 30028 0 54 30031 0 76 30049 0 78 30058 0 51 30060 0 68 30061 0 69 30065 0 76 30082 0 78 30096 0 52 30121 0 90 30121 0 91 30121 0 92 30140 0 53 30144 0 78 30151 0 
TIME iteration: 323 ms
Round:57
IR: 47, 185, 221, 555, 461
30231 0 52 30240 0 54 30262 0 51 30320 0 58 30324 0 53 30324 0 59 30358 0 58 30359 0 59 30382 0 88 30382 0 89 30386 0 86 30386 0 87 30391 0 59 30392 0 58 30398 0 51 30414 0 88 30414 0 89 30417 0 52 30422 0 59 30424 0 58 30440 0 60 30441 0 61 30445 0 76 30445 0 88 30445 0 89 30453 0 59 30457 0 58 30469 0 76 30469 0 90 30469 0 91 30469 0 92 30475 0 68 30475 0 88 30475 0 89 30476 0 69 30483 0 59 30489 0 58 30495 0 76 30497 0 86 30497 0 87 30505 0 88 30505 0 89 30512 0 59 30519 0 58 30528 0 76 30535 0 88 30535 0 89 30541 0 53 30541 0 54 30541 0 59 30546 0 52 30549 0 58 30565 0 88 30565 0 89 30569 0 59 30575 0 51 30578 0 58 30589 0 76 30595 0 88 30595 0 89 30598 0 59 30606 0 58 30609 0 86 30609 0 87 30625 0 88 30625 0 89 30626 0 59 30634 0 58 30651 0 54 30655 0 59 30656 0 88 30656 0 89 30662 0 58 30663 0 52 30679 0 53 30684 0 59 30686 0 88 30686 0 89 30690 0 58 30698 0 51 30712 0 59 30715 0 88 30715 0 89 30718 0 58 30720 0 86 30720 0 
TIME iteration: 325 ms
Round:58
IR: 27, 252, 307, 490, 259
30740 0 59 30744 0 88 30744 0 89 30746 0 58 30757 0 52 30774 0 58 30775 0 59 30776 0 88 30776 0 89 30797 0 51 30798 0 60 30798 0 61 30799 0 53 30802 0 58 30802 0 76 30808 0 88 30808 0 89 30817 0 68 30817 0 69 30824 0 90 30824 0 91 30824 0 92 30825 0 76 30829 0 58 30831 0 86 30831 0 87 30832 0 54 30851 0 76 30855 0 58 30859 0 52 30859 0 88 30859 0 89 30882 0 58 30883 0 76 30893 0 68 30898 0 69 30910 0 58 30938 0 58 30939 0 76 30942 0 86 30942 0 87 30946 0 53 30966 0 58 30995 0 58 31024 0 58 31029 0 52 31054 0 58 31055 0 86 31055 0 87 31065 0 51 31084 0 58 31088 0 54 31114 0 53 31114 0 58 31144 0 58 31156 0 52 31167 0 86 31167 0 87 31174 0 58 31185 0 51 31191 0 60 31191 0 61 31196 0 76 31205 0 58 31217 0 90 31217 0 91 31217 0 92 31220 0 68 31220 0 76 31221 0 69 31235 0 58 31247 0 76 31253 0 54 31265 0 
TIME iteration: 324 ms
Round:59
IR: 10, 227, 210, 262, 441
31275 0 52 31277 0 86 31277 0 87 31280 0 76 31300 0 58 31346 0 76 31351 0 53 31352 0 51 31372 0 58 31393 0 86 31393 0 87 31409 0 52 31470 0 54 31484 0 51 31537 0 60 31538 0 61 31542 0 76 31555 0 68 31556 0 69 31563 0 90 31563 0 91 31563 0 92 31566 0 76 31588 0 53 31592 0 76 31614 0 51 31615 0 52 31625 0 76 31626 0 68 31633 0 69 31686 0 76 31708 0 54 31760 0 51 31772 0 
TIME iteration: 323 ms
Round:60
IR: 27, 193, 318, 345, 292
31803 0 60 31803 0 61 31806 0 76 31823 0 68 31823 0 69 31826 0 90 31826 0 91 31826 0 92 31829 0 76 31832 0 54 31855 0 76 31887 0 76 31891 0 52 31905 0 69 31906 0 68 31911 0 53 31937 0 51 31941 0 76 31991 0 54 32034 0 53 32084 0 52 32148 0 51 32163 0 53 32169 0 60 32169 0 61 32173 0 76 32178 0 65 32179 0 64 32187 0 78 32194 0 90 32194 0 91 32194 0 92 32196 0 76 32197 0 68 32197 0 69 32211 0 78 32222 0 76 32225 0 54 32238 0 78 32254 0 76 32264 0 72 32268 0 73 32273 0 78 32295 0 51 32310 0 76 32314 0 52 32321 0 90 32321 0 91 32321 0 
TIME iteration: 323 ms
Round:61
IR: 11, 180, 319, 470, 203
32377 0 53 32422 0 58 32425 0 54 32457 0 58 32474 0 86 32474 0 87 32481 0 51 32492 0 58 32510 0 52 32524 0 58 32556 0 53 32557 0 58 32579 0 54 32588 0 58 32589 0 86 32589 0 87 32618 0 58 32626 0 51 32640 0 52 32647 0 58 32675 0 58 32701 0 86 32701 0 87 32703 0 58 32705 0 53 32729 0 54 32732 0 58 32744 0 66 32744 0 67 32753 0 79 32761 0 58 32775 0 90 32775 0 91 32775 0 92 32777 0 79 32790 0 58 32796 0 52 32804 0 79 32812 0 86 32812 0 87 32819 0 58 32820 0 53 32831 0 74 32839 0 79 32845 0 75 32847 0 
TIME iteration: 324 ms
Round:62
IR: 18, 201, 240, 331, 238
32878 0 58 32900 0 51 32903 0 54 32924 0 58 32927 0 86 32927 0 87 32938 0 52 32948 0 53 33018 0 51 33021 0 54 33048 0 67 33049 0 66 33051 0 79 33052 0 52 33071 0 74 33072 0 75 33073 0 90 33073 0 91 33073 0 92 33074 0 79 33100 0 79 33115 0 53 33132 0 79 33140 0 54 33145 0 51 33151 0 52 33187 0 79 33286 0 51 33297 0 53 33316 0 52 33382 0 
TIME iteration: 322 ms
Round:63
IR: 40, 268, 304, 247, 147
33408 0 53 33440 0 65 33441 0 64 33449 0 78 33465 0 51 33466 0 90 33466 0 91 33466 0 92 33473 0 78 33474 0 52 33500 0 78 33511 0 73 33514 0 72 33524 0 54 33535 0 78 33584 0 52 33610 0 53 33614 0 51 33666 0 52 33669 0 54 33737 0 53 33767 0 63 33770 0 64 33770 0 65 33773 0 78 33777 0 51 33785 0 52 33785 0 77 33786 0 62 33792 0 90 33792 0 91 33792 0 92 33793 0 73 33794 0 72 33796 0 78 33809 0 77 33822 0 78 33836 0 54 33836 0 77 33854 0 78 33870 0 77 33873 0 71 33878 0 70 33896 0 53 33908 0 78 33918 0 90 33918 0 91 33918 0 
TIME iteration: 323 ms
Round:64
IR: 31, 185, 238, 236, 85
33930 0 54 33931 0 52 33972 0 51 34027 0 54 34089 0 53 34120 0 52 34147 0 54 34213 0 51 34259 0 52 34270 0 54 34272 0 66 34272 0 67 34281 0 79 34300 0 63 34301 0 62 34302 0 90 34302 0 91 34302 0 92 34305 0 79 34306 0 77 34307 0 53 34330 0 77 34332 0 79 34338 0 74 34339 0 70 34339 0 71 34340 0 75 34357 0 77 34367 0 79 34373 0 51 34375 0 54 34390 0 77 34396 0 52 34425 0 90 34425 0 91 34425 0 92 34427 0 
TIME iteration: 324 ms
Round:65
IR: 13, 315, 413, 350, 252
34455 0 51 34457 0 77 34471 0 54 34564 0 51 34597 0 54 34620 0 52 34660 0 51 34676 0 53 34678 0 54 34707 0 67 34708 0 60 34708 0 66 34710 0 61 34713 0 79 34717 0 76 34732 0 90 34732 0 91 34732 0 92 34737 0 79 34738 0 74 34739 0 75 34741 0 76 34764 0 79 34768 0 76 34769 0 54 34797 0 79 34802 0 68 34802 0 76 34804 0 69 34806 0 51 34832 0 53 34857 0 52 34862 0 90 34862 0 91 34862 0 92 34869 0 79 34923 0 54 34978 0 
TIME iteration: 323 ms
Round:66
IR: 41, 361, 305, 244, 141
35075 0 52 35097 0 53 35123 0 51 35184 0 54 35199 0 52 35202 0 53 35262 0 62 35267 0 63 35267 0 64 35271 0 65 35272 0 77 35277 0 78 35292 0 90 35292 0 91 35292 0 92 35296 0 77 35301 0 78 35319 0 51 35322 0 71 35323 0 70 35323 0 77 35328 0 78 35343 0 73 35345 0 72 35349 0 52 35357 0 77 35359 0 53 35362 0 78 35424 0 90 35424 0 91 35424 0 92 35468 0 52 35501 0 
TIME iteration: 323 ms
Round:67
IR: 29, 345, 327, 203, 129
35517 0 51 35520 0 54 35619 0 52 35626 0 53 35638 0 51 35664 0 54 35770 0 53 35772 0 52 35773 0 54 35787 0 64 35789 0 65 35790 0 67 35791 0 66 35793 0 78 35799 0 79 35804 0 63 35805 0 62 35810 0 77 35814 0 90 35814 0 91 35814 0 92 35817 0 78 35823 0 79 35825 0 72 35825 0 73 35834 0 77 35840 0 71 35842 0 70 35844 0 78 35850 0 79 35853 0 75 35855 0 74 35861 0 77 35874 0 53 35875 0 51 35877 0 78 35885 0 79 35894 0 77 35920 0 54 35930 0 90 35930 0 91 35930 0 92 35943 0 78 35961 0 77 36016 0 51 36017 0 
TIME iteration: 323 ms
Round:68
IR: 15, 281, 277, 455, 217
36078 0 52 36100 0 54 36132 0 58 36160 0 53 36168 0 58 36196 0 86 36196 0 87 36201 0 58 36227 0 51 36232 0 58 36259 0 52 36262 0 58 36292 0 58 36307 0 86 36307 0 87 36322 0 58 36328 0 53 36352 0 58 36356 0 51 36357 0 54 36371 0 60 36372 0 61 36380 0 76 36382 0 58 36397 0 52 36402 0 90 36402 0 91 36402 0 92 36404 0 76 36413 0 58 36418 0 86 36418 0 87 36431 0 76 36443 0 58 36456 0 53 36456 0 69 36461 0 68 36463 0 51 36466 0 76 36471 0 58 36499 0 58 36526 0 58 36529 0 86 36529 0 87 36544 0 54 36548 0 52 36553 0 
TIME iteration: 324 ms
Round:69
IR: 40, 344, 277, 246, 128
36570 0 51 36582 0 58 36622 0 58 36628 0 53 36639 0 61 36641 0 60 36641 0 86 36641 0 87 36642 0 76 36661 0 68 36661 0 69 36664 0 90 36664 0 91 36664 0 92 36665 0 76 36675 0 51 36688 0 54 36691 0 76 36713 0 52 36722 0 76 36751 0 68 36761 0 69 36773 0 76 36787 0 53 36800 0 51 36806 0 54 36855 0 52 36863 0 60 36866 0 61 36867 0 76 36882 0 69 36883 0 68 36887 0 90 36887 0 91 36887 0 92 36890 0 76 36916 0 76 36937 0 51 36944 0 54 36946 0 53 36947 0 76 36955 0 69 36958 0 68 36998 0 76 37001 0 52 37068 0 
TIME iteration: 327 ms
Round:70
IR: 30, 266, 160, 350, 349
37166 0 52 37175 0 53 37175 0 54 37202 0 64 37202 0 65 37210 0 78 37227 0 90 37227 0 91 37227 0 92 37234 0 78 37257 0 51 37261 0 78 37275 0 73 37286 0 72 37295 0 78 37303 0 53 37350 0 52 37353 0 54 37466 0 53 37498 0 52 37522 0 54 37524 0 65 37528 0 64 37529 0 78 37533 0 51 37548 0 73 37549 0 72 37551 0 90 37551 0 91 37551 0 92 37552 0 78 37578 0 78 37586 0 53 37610 0 
TIME iteration: 322 ms
Round:71
IR: 2, 140, 199, 267, 122
37664 0 78 37678 0 52 37678 0 53 37687 0 51 37740 0 54 37807 0 51 37824 0 53 37853 0 64 37853 0 65 37856 0 54 37857 0 78 37867 0 72 37867 0 73 37878 0 90 37878 0 91 37878 0 92 37880 0 78 37906 0 78 37928 0 72 37932 0 73 37938 0 78 37941 0 53 37962 0 52 37979 0 51 37994 0 78 37999 0 54 38090 0 53 38102 0 52 38133 0 65 38134 0 64 38137 0 78 38154 0 51 38154 0 72 38154 0 73 38157 0 90 38157 0 91 38157 0 
TIME iteration: 323 ms
Round:72
IR: 26, 316, 197, 274, 183
38160 0 78 38186 0 78 38212 0 53 38214 0 52 38218 0 78 38223 0 54 38240 0 73 38241 0 72 38273 0 78 38314 0 51 38339 0 53 38368 0 64 38368 0 65 38371 0 78 38373 0 54 38374 0 52 38387 0 72 38387 0 73 38391 0 90 38391 0 91 38391 0 92 38394 0 78 38420 0 78 38452 0 78 38464 0 72 38465 0 73 38478 0 51 38487 0 52 38505 0 78 38514 0 53 38535 0 54 38637 0 54 38662 0 51 38666 0 53 38674 0 52 38680 0 64 38680 0 65 38684 0 
TIME iteration: 323 ms
Round:73
IR: 5, 271, 296, 244, 262
38703 0 72 38704 0 73 38704 0 90 38704 0 91 38704 0 92 38707 0 78 38733 0 78 38765 0 78 38769 0 54 38820 0 53 38821 0 78 38847 0 51 38977 0 52 38996 0 53 39000 0 54 39022 0 51 39078 0 64 39079 0 65 39083 0 78 39098 0 72 39099 0 73 39105 0 90 39105 0 91 39105 0 92 39107 0 78 39133 0 78 39135 0 53 39165 0 52 39166 0 78 39187 0 72 39190 0 73 39194 0 51 39195 0 
TIME iteration: 322 ms
Round:74
IR: 22, 298, 238, 376, 227
39227 0 78 39279 0 53 39289 0 52 39329 0 64 39330 0 65 39333 0 78 39349 0 73 39350 0 72 39352 0 54 39353 0 90 39353 0 91 39353 0 92 39356 0 78 39357 0 51 39382 0 78 39414 0 78 39427 0 52 39428 0 73 39431 0 53 39433 0 72 39468 0 78 39487 0 54 39564 0 53 39571 0 51 39586 0 65 39587 0 64 39589 0 78 39592 0 54 39606 0 73 39607 0 72 39610 0 90 39610 0 91 39610 0 92 39612 0 78 39638 0 78 39645 0 52 39665 0 53 39670 0 78 39691 0 73 39695 0 72 39723 0 78 39737 0 54 39740 0 
TIME iteration: 323 ms
Round:75
IR: 35, 178, 169, 250, 267
39775 0 52 39855 0 51 39866 0 53 39871 0 52 39882 0 54 39896 0 65 39897 0 64 39900 0 78 39914 0 62 39914 0 63 39920 0 72 39921 0 73 39921 0 90 39921 0 91 39921 0 92 39922 0 77 39923 0 78 39945 0 51 39946 0 77 39949 0 78 39973 0 77 39981 0 78 40004 0 53 40007 0 77 40010 0 70 40027 0 71 40036 0 78 40045 0 90 40045 0 91 40045 0 92 40059 0 52 40084 0 51 40178 0 53 40188 0 54 40192 0 51 40271 0 
TIME iteration: 323 ms
Round:76
IR: 9, 388, 432, 373, 258
40312 0 54 40323 0 51 40350 0 53 40367 0 60 40371 0 61 40377 0 76 40398 0 90 40398 0 91 40398 0 92 40401 0 76 40422 0 52 40428 0 54 40428 0 76 40462 0 76 40465 0 69 40466 0 68 40473 0 51 40541 0 53 40545 0 54 40574 0 52 40656 0 51 40682 0 54 40706 0 53 40707 0 52 40711 0 60 40712 0 61 40715 0 76 40728 0 66 40729 0 67 40737 0 69 40737 0 79 40737 0 90 40737 0 91 40737 0 92 40738 0 76 40739 0 68 40761 0 79 40764 0 76 40788 0 79 40796 0 
TIME iteration: 324 ms
Round:77
IR: 21, 166, 316, 350, 78
40823 0 79 40828 0 74 40838 0 52 40839 0 75 40851 0 76 40861 0 54 40861 0 90 40861 0 91 40861 0 92 40887 0 51 40937 0 53 40971 0 52 41009 0 54 41054 0 51 41131 0 53 41135 0 54 41170 0 52 41196 0 66 41196 0 67 41201 0 79 41218 0 51 41225 0 79 41225 0 90 41225 0 91 41225 0 92 41231 0 74 41232 0 75 41252 0 79 41281 0 53 41285 0 
TIME iteration: 323 ms
Round:78
IR: 3, 266, 383, 296, 215
41358 0 79 41364 0 51 41370 0 52 41393 0 54 41424 0 53 41529 0 52 41537 0 51 41551 0 54 41568 0 53 41594 0 65 41596 0 64 41603 0 78 41604 0 66 41609 0 67 41612 0 79 41621 0 90 41621 0 91 41621 0 92 41627 0 78 41630 0 74 41631 0 75 41636 0 79 41654 0 78 41663 0 79 41672 0 73 41676 0 72 41678 0 52 41681 0 51 41688 0 78 41697 0 79 41698 0 53 41703 0 54 41748 0 90 41748 0 91 41748 0 92 41798 0 54 41805 0 
TIME iteration: 323 ms
Round:79
IR: 82, 197, 189, 323, 396
41879 0 54 41896 0 52 41912 0 53 41918 0 51 41973 0 54 42008 0 66 42009 0 67 42013 0 79 42028 0 74 42030 0 75 42037 0 79 42037 0 90 42037 0 91 42037 0 92 42047 0 51 42060 0 52 42063 0 79 42095 0 53 42096 0 79 42108 0 74 42121 0 75 42158 0 51 42161 0 79 42176 0 54 42248 0 52 42252 0 53 42289 0 51 42358 0 54 42366 0 53 42369 0 61 42372 0 60 42374 0 66 42374 0 67 42379 0 76 42379 0 79 42381 0 52 42392 0 65 42393 0 64 42395 0 90 42395 0 91 42395 0 
TIME iteration: 324 ms
Round:80
IR: 29, 176, 265, 339, 330
42400 0 78 42402 0 74 42402 0 75 42403 0 76 42403 0 79 42409 0 51 42424 0 78 42430 0 76 42430 0 79 42448 0 72 42448 0 73 42450 0 68 42451 0 78 42452 0 69 42459 0 53 42463 0 79 42465 0 76 42485 0 78 42500 0 54 42509 0 90 42509 0 91 42509 0 92 42541 0 79 42553 0 52 42565 0 53 42633 0 51 42640 0 54 42663 0 52 42693 0 53 42765 0 52 42809 0 63 42810 0 62 42818 0 77 42837 0 90 42837 0 91 42837 0 92 42842 0 77 42849 0 54 42862 0 53 42869 0 77 42886 0 51 42899 0 52 42904 0 77 42908 0 70 42909 0 
TIME iteration: 324 ms
Round:81
IR: 22, 181, 228, 179, 129
42984 0 53 43005 0 52 43014 0 51 43045 0 54 43062 0 63 43064 0 62 43065 0 77 43083 0 70 43083 0 71 43086 0 90 43086 0 91 43086 0 92 43088 0 77 43106 0 53 43114 0 77 43145 0 77 43163 0 71 43170 0 51 43174 0 70 43196 0 77 43211 0 52 43251 0 53 43255 0 54 43300 0 51 43346 0 52 43358 0 62 43358 0 63 43361 0 77 43380 0 71 43381 0 70 43382 0 90 43382 0 91 43382 0 92 43384 0 77 43410 0 77 43438 0 54 43442 0 77 43448 0 
TIME iteration: 324 ms
Round:82
IR: 2, 179, 287, 390, 155
43473 0 51 43496 0 77 43532 0 52 43580 0 54 43666 0 53 43689 0 52 43720 0 54 43744 0 62 43746 0 63 43748 0 66 43749 0 67 43750 0 77 43757 0 79 43758 0 51 43763 0 71 43765 0 70 43770 0 90 43770 0 91 43770 0 92 43774 0 77 43781 0 79 43801 0 77 43808 0 79 43815 0 53 43816 0 54 43819 0 75 43822 0 74 43834 0 77 43838 0 71 43840 0 52 43843 0 79 43853 0 70 43854 0 51 43899 0 77 43900 0 90 43900 0 91 43900 0 92 43924 0 54 43974 0 51 43985 0 
TIME iteration: 323 ms
Round:83
IR: 81, 307, 256, 179, 209
44069 0 54 44071 0 53 44106 0 51 44191 0 53 44195 0 52 44246 0 51 44264 0 61 44265 0 60 44273 0 76 44294 0 90 44294 0 91 44294 0 92 44297 0 76 44324 0 76 44338 0 53 44348 0 68 44352 0 69 44359 0 76 44392 0 54 44432 0 51 44460 0 
TIME iteration: 322 ms
Round:84
IR: 28, 186, 287, 294, 118
44540 0 53 44559 0 54 44561 0 51 44590 0 60 44590 0 61 44593 0 76 44604 0 52 44614 0 68 44614 0 69 44615 0 90 44615 0 91 44615 0 92 44616 0 76 44642 0 76 44674 0 76 44723 0 51 44728 0 76 44731 0 54 44749 0 53 44778 0 52 44872 0 54 44879 0 51 44925 0 52 44991 0 53 45004 0 62 45007 0 63 45014 0 77 45029 0 51 45031 0 60 45032 0 61 45032 0 90 45032 0 91 45032 0 92 45034 0 54 45037 0 76 45038 0 77 45045 0 
TIME iteration: 323 ms
Round:85
IR: 16, 203, 227, 239, 35
45055 0 68 45056 0 69 45061 0 76 45065 0 77 45077 0 71 45082 0 70 45088 0 76 45100 0 77 45121 0 76 45139 0 53 45154 0 90 45154 0 91 45154 0 92 45188 0 76 45195 0 54 45198 0 51 45258 0 52 45282 0 53 45325 0 51 45329 0 54 45370 0 52 45426 0 53 45437 0 51 45473 0 60 45473 0 61 45478 0 76 45495 0 52 45496 0 69 45497 0 68 45502 0 76 45502 0 90 45502 0 91 45502 0 92 45512 0 54 45529 0 76 45556 0 53 45562 0 
TIME iteration: 330 ms
Round:86
IR: 41, 241, 299, 371, 162
45592 0 51 45628 0 76 45637 0 52 45664 0 54 45721 0 51 45777 0 53 45823 0 54 45863 0 52 45868 0 51 45873 0 61 45875 0 60 45879 0 76 45886 0 67 45887 0 66 45895 0 68 45895 0 69 45895 0 79 45900 0 90 45900 0 91 45900 0 92 45903 0 76 45919 0 79 45930 0 76 45946 0 79 45947 0 54 45963 0 76 45972 0 74 45973 0 75 45981 0 79 45987 0 53 45991 0 68 46027 0 90 46027 0 91 46027 0 92 46028 0 76 46042 0 52 46059 0 51 46107 0 54 46109 0 
TIME iteration: 324 ms
Round:87
IR: 22, 311, 215, 415, 116
46141 0 52 46186 0 51 46248 0 54 46274 0 52 46278 0 53 46387 0 51 46414 0 52 46416 0 54 46417 0 62 46417 0 63 46425 0 77 46433 0 67 46434 0 66 46436 0 53 46436 0 60 46437 0 61 46440 0 79 46443 0 76 46447 0 90 46447 0 91 46447 0 92 46449 0 77 46464 0 79 46467 0 76 46468 0 69 46472 0 75 46473 0 74 46476 0 77 46477 0 68 46491 0 79 46494 0 76 46495 0 71 46497 0 70 46506 0 52 46510 0 77 46525 0 79 46528 0 76 46562 0 90 46562 0 91 46562 0 92 46574 0 54 46604 0 53 46609 0 51 46609 0 
TIME iteration: 323 ms
Round:88
IR: 3, 199, 363, 506, 144
46641 0 52 46684 0 54 46737 0 51 46737 0 58 46773 0 58 46781 0 53 46802 0 86 46802 0 87 46805 0 58 46835 0 58 46843 0 52 46865 0 58 46877 0 54 46882 0 51 46895 0 58 46913 0 86 46913 0 87 46919 0 60 46920 0 61 46925 0 58 46925 0 76 46947 0 69 46948 0 90 46948 0 91 46948 0 92 46949 0 76 46950 0 68 46952 0 52 46954 0 58 46976 0 76 46982 0 53 46982 0 58 47009 0 76 47010 0 58 47023 0 86 47023 0 87 47038 0 58 47045 0 54 47065 0 58 47076 0 76 47092 0 58 47120 0 58 47132 0 86 47132 0 87 47134 0 51 47142 0 53 47143 0 52 47148 0 
TIME iteration: 324 ms
Round:89
IR: 34, 332, 185, 385, 152
47175 0 58 47204 0 54 47209 0 58 47247 0 86 47247 0 87 47273 0 58 47302 0 53 47314 0 51 47327 0 52 47368 0 60 47371 0 54 47371 0 61 47375 0 76 47386 0 66 47386 0 67 47394 0 79 47395 0 68 47396 0 69 47397 0 90 47397 0 91 47397 0 92 47399 0 76 47418 0 79 47426 0 76 47442 0 74 47444 0 75 47445 0 79 47457 0 51 47459 0 76 47480 0 79 47502 0 53 47523 0 90 47523 0 91 47523 0 92 47526 0 76 47556 0 52 47598 0 51 47644 0 54 47646 0 53 47662 0 
TIME iteration: 323 ms
Round:90
IR: 4, 307, 309, 402, 116
47758 0 51 47772 0 53 47775 0 54 47845 0 52 47876 0 51 47894 0 54 47894 0 60 47894 0 61 47900 0 76 47904 0 66 47905 0 67 47910 0 79 47912 0 62 47916 0 63 47922 0 77 47923 0 68 47924 0 69 47924 0 76 47924 0 90 47924 0 91 47924 0 92 47934 0 79 47940 0 75 47941 0 74 47946 0 77 47951 0 76 47953 0 53 47961 0 79 47965 0 52 47973 0 77 47985 0 76 47993 0 70 47995 0 71 47995 0 79 48007 0 77 48023 0 51 48040 0 90 48040 0 91 48040 0 92 48061 0 76 48064 0 52 48074 0 54 48076 0 79 48132 0 53 48163 0 51 48229 0 
TIME iteration: 324 ms
Round:91
IR: 23, 236, 201, 286, 300
48257 0 52 48270 0 53 48321 0 51 48368 0 52 48399 0 62 48402 0 63 48406 0 77 48415 0 54 48429 0 90 48429 0 91 48429 0 92 48430 0 77 48436 0 70 48436 0 71 48445 0 53 48457 0 77 48490 0 77 48518 0 51 48526 0 52 48557 0 77 48571 0 54 48628 0 53 48684 0 52 48698 0 54 48715 0 
TIME iteration: 324 ms
Round:92
IR: 17, 343, 212, 272, 88
48783 0 53 48818 0 52 48820 0 63 48821 0 62 48826 0 77 48829 0 64 48832 0 65 48839 0 78 48845 0 70 48845 0 71 48847 0 90 48847 0 91 48847 0 92 48850 0 77 48863 0 78 48868 0 54 48870 0 51 48877 0 77 48890 0 78 48910 0 77 48925 0 53 48925 0 78 48926 0 73 48938 0 72 48975 0 90 48975 0 91 48975 0 92 48977 0 77 49011 0 54 49047 0 51 49057 0 52 49176 0 54 49182 0 51 49240 0 52 49246 0 
TIME iteration: 323 ms
Round:93
IR: 2, 189, 199, 295, 246
49314 0 54 49320 0 51 49343 0 60 49346 0 61 49353 0 76 49354 0 66 49354 0 67 49363 0 79 49374 0 90 49374 0 91 49374 0 92 49377 0 76 49386 0 52 49387 0 79 49400 0 53 49404 0 76 49414 0 79 49419 0 68 49421 0 69 49428 0 74 49429 0 51 49431 0 75 49439 0 76 49449 0 79 49484 0 52 49496 0 54 49505 0 90 49505 0 91 49505 0 92 49591 0 53 49599 0 51 49698 0 52 49732 0 54 49778 0 53 49781 0 
TIME iteration: 324 ms
Round:94
IR: 18, 216, 167, 375, 198
49857 0 52 49906 0 53 49918 0 54 49923 0 64 49924 0 65 49931 0 78 49934 0 62 49937 0 63 49944 0 77 49954 0 90 49954 0 91 49954 0 92 49955 0 78 49964 0 51 49968 0 77 49982 0 78 49990 0 73 49992 0 72 49995 0 77 49998 0 70 49999 0 71 50010 0 53 50016 0 78 50030 0 77 50068 0 52 50085 0 90 50085 0 91 50085 0 92 50103 0 54 50130 0 51 50141 0 53 50215 0 52 50247 0 54 50287 0 53 50314 0 
TIME iteration: 323 ms
Round:95
IR: 18, 168, 162, 178, 244
50354 0 54 50412 0 66 50415 0 67 50422 0 79 50443 0 90 50443 0 91 50443 0 92 50446 0 79 50453 0 54 50469 0 51 50473 0 79 50476 0 75 50477 0 53 50479 0 74 50508 0 79 50548 0 52 50583 0 54 50637 0 51 50654 0 53 50703 0 54 50725 0 66 50725 0 67 50728 0 79 50746 0 74 50746 0 75 50750 0 90 50750 0 91 50750 0 92 50751 0 79 50774 0 53 50777 0 52 50777 0 79 50783 0 54 50809 0 79 50838 0 74 50840 0 75 50866 0 79 50873 0 
TIME iteration: 323 ms
Round:96
IR: 19, 193, 156, 227, 191
50886 0 54 50895 0 53 50925 0 66 50925 0 67 50928 0 79 50941 0 74 50942 0 75 50947 0 90 50947 0 91 50947 0 92 50951 0 79 50977 0 79 51000 0 51 51004 0 53 51007 0 74 51009 0 79 51014 0 75 51023 0 52 51031 0 54 51064 0 79 51136 0 54 51159 0 67 51160 0 66 51162 0 79 51168 0 53 51177 0 75 51178 0 74 51180 0 51 51180 0 52 51182 0 90 51182 0 91 51182 0 92 51185 0 79 51211 0 79 51243 0 79 51249 0 75 51252 0 74 51265 0 54 51298 0 79 51302 0 51 51311 0 52 51391 0 
TIME iteration: 323 ms
Round:97
IR: 3, 189, 181, 189, 266
51410 0 52 51420 0 54 51443 0 67 51444 0 66 51447 0 79 51464 0 75 51465 0 74 51467 0 90 51467 0 91 51467 0 92 51470 0 79 51496 0 79 51516 0 51 51528 0 79 51544 0 52 51567 0 54 51585 0 79 51652 0 53 51726 0 54 51749 0 52 51803 0 53 51811 0 54 51814 0 66 51814 0 67 51819 0 79 51831 0 75 51832 0 74 51835 0 51 51839 0 90 51839 0 91 51839 0 92 51843 0 79 51870 0 79 51880 0 52 51898 0 54 51904 0 75 51904 0 79 51905 0 
TIME iteration: 322 ms
Round:98
IR: 21, 276, 460, 417, 348
51959 0 51 51964 0 53 52044 0 54 52073 0 66 52073 0 67 52075 0 79 52093 0 74 52093 0 75 52096 0 90 52096 0 91 52096 0 92 52098 0 79 52102 0 52 52124 0 51 52124 0 79 52156 0 79 52173 0 53 52175 0 74 52177 0 75 52210 0 79 52222 0 52 52233 0 54 52246 0 51 52333 0 53 52345 0 52 52369 0 54 52378 0 66 52379 0 67 52382 0 79 52402 0 74 52402 0 75 52402 0 90 52402 0 91 52402 0 92 52405 0 79 52431 0 79 52443 0 53 52454 0 51 52463 0 
TIME iteration: 323 ms
Round:99
IR: 25, 18, 244, 462, 390
52482 0 52 52522 0 79 52555 0 53 52565 0 54 52567 0 58 52602 0 58 52631 0 86 52631 0 87 52635 0 58 52657 0 51 52667 0 58 52675 0 53 52698 0 58 52704 0 54 52727 0 58 52742 0 86 52742 0 87 52752 0 66 52753 0 67 52756 0 58 52757 0 79 52771 0 74 52771 0 75 52773 0 52 52778 0 90 52778 0 91 52778 0 92 52781 0 79 52785 0 53 52786 0 58 52807 0 79 52815 0 58 52839 0 51 52840 0 79 52843 0 58 52846 0 75 52849 0 74 52851 0 86 52851 0 87 52871 0 58 52880 0 54 52887 0 53 52900 0 58 52904 0 79 52929 0 58 52933 0 52 52957 0 58 52962 0 86 52962 0 87 52974 0 51 52986 0 
TIME iteration: 323 ms
Round:100
IR: 7, 300, 456, 372, 129
53017 0 58 53028 0 53 53051 0 52 53065 0 58 53074 0 86 53074 0 87 53152 0 51 53156 0 52 53181 0 61 53183 0 60 53190 0 76 53209 0 90 53209 0 91 53209 0 92 53214 0 76 53215 0 54 53241 0 76 53264 0 52 53274 0 69 53275 0 76 53279 0 68 53314 0 51 53338 0 54 53385 0 53 53438 0 52 53439 0 51 53472 0 60 53472 0 61 53474 0 76 53493 0 69 53494 0 68 53496 0 90 53496 0 91 53496 0 92 53497 0 76 53523 0 76 53527 0 
TIME iteration: 323 ms
Round:101
IR: 4, 144, 198, 244, 133
53554 0 76 53558 0 51 53592 0 69 53605 0 76 53612 0 53 53626 0 54 53692 0 52 53707 0 51 53764 0 60 53765 0 61 53768 0 76 53769 0 54 53776 0 68 53787 0 69 53788 0 90 53788 0 91 53788 0 92 53791 0 76 53817 0 76 53835 0 68 53844 0 51 53849 0 76 53864 0 52 53873 0 53 53904 0 76 53914 0 54 53994 0 51 54056 0 52 54056 0 
TIME iteration: 327 ms
Round:102
IR: 16, 254, 160, 236, 93
54062 0 53 54119 0 51 54123 0 60 54124 0 61 54128 0 76 54141 0 69 54148 0 68 54149 0 90 54149 0 91 54149 0 92 54152 0 76 54178 0 76 54182 0 53 54182 0 54 54211 0 76 54214 0 69 54243 0 52 54272 0 76 54299 0 51 54306 0 53 54340 0 54 54357 0 52 54428 0 53 54461 0 51 54468 0 65 54470 0 64 54477 0 78 54489 0 61 54490 0 60 54494 0 76 54494 0 90 54494 0 91 54494 0 92 54501 0 78 54503 0 54 54507 0 68 54517 0 52 54517 0 69 54518 0 76 54528 0 78 54544 0 76 54555 0 53 54561 0 73 54562 0 78 54577 0 76 54579 0 72 54581 0 
TIME iteration: 323 ms
Round:103
IR: 3, 162, 199, 370, 174
54610 0 51 54617 0 90 54617 0 91 54617 0 92 54638 0 76 54744 0 53 54770 0 51 54805 0 54 54825 0 52 54930 0 54 54945 0 51 54966 0 53 54984 0 52 55015 0 60 55024 0 61 55026 0 76 55050 0 76 55050 0 90 55050 0 91 55050 0 92 55052 0 69 55058 0 68 55073 0 51 55077 0 76 55082 0 54 55111 0 
TIME iteration: 323 ms
Round:104
IR: 2, 145, 312, 431, 213
55148 0 52 55173 0 53 55189 0 76 55208 0 51 55216 0 54 55238 0 52 55314 0 53 55338 0 54 55341 0 52 55354 0 62 55354 0 63 55362 0 77 55378 0 51 55378 0 66 55379 0 67 55379 0 90 55379 0 91 55379 0 92 55386 0 77 55387 0 79 55411 0 79 55413 0 77 55436 0 53 55438 0 79 55444 0 70 55447 0 77 55448 0 71 55455 0 52 55471 0 74 55473 0 79 55474 0 75 55500 0 90 55500 0 91 55500 0 92 55506 0 54 55537 0 51 55544 0 53 55568 0 
TIME iteration: 323 ms
Round:105
IR: 69, 284, 342, 342, 144
55679 0 51 55683 0 53 55715 0 54 55747 0 52 55803 0 51 55826 0 54 55844 0 60 55845 0 61 55852 0 76 55855 0 53 55866 0 52 55866 0 67 55867 0 66 55872 0 79 55874 0 90 55874 0 91 55874 0 92 55876 0 76 55894 0 69 55895 0 68 55896 0 79 55903 0 74 55903 0 75 55903 0 76 55923 0 79 55937 0 76 55957 0 79 55958 0 51 55978 0 53 55991 0 52 55995 0 54 55999 0 90 55999 0 91 55999 0 92 56096 0 53 56098 0 51 56143 0 52 56160 0 
TIME iteration: 324 ms
Round:106
IR: 25, 190, 260, 279, 24
56192 0 51 56230 0 53 56289 0 52 56307 0 51 56312 0 54 56318 0 61 56319 0 60 56323 0 76 56347 0 76 56347 0 90 56347 0 91 56347 0 92 56349 0 69 56350 0 68 56372 0 53 56373 0 76 56406 0 76 56455 0 54 56467 0 76 56503 0 53 56535 0 52 56546 0 51 56589 0 54 56636 0 53 56684 0 65 56685 0 64 56693 0 54 56693 0 78 56699 0 52 56700 0 67 56701 0 66 56708 0 
TIME iteration: 323 ms
Round:107
IR: 8, 168, 202, 402, 282
56710 0 90 56710 0 91 56710 0 92 56717 0 78 56732 0 79 56737 0 53 56744 0 78 56750 0 74 56752 0 75 56759 0 79 56769 0 72 56774 0 73 56779 0 78 56793 0 79 56835 0 90 56835 0 91 56835 0 92 56848 0 52 56850 0 54 56884 0 51 56907 0 53 56970 0 52 56970 0 54 57069 0 51 57102 0 52 57169 0 53 57186 0 63 57192 0 62 57197 0 77 57212 0 54 57213 0 52 57219 0 90 57219 0 91 57219 0 92 57221 0 
TIME iteration: 324 ms
Round:108
IR: 3, 186, 161, 402, 222
57248 0 77 57273 0 71 57282 0 77 57283 0 70 57286 0 51 57334 0 53 57357 0 54 57379 0 52 57407 0 51 57463 0 54 57477 0 53 57527 0 51 57551 0 60 57552 0 61 57560 0 76 57561 0 52 57577 0 90 57577 0 91 57577 0 92 57580 0 53 57584 0 76 57590 0 54 57611 0 76 57619 0 68 57626 0 69 57646 0 76 57647 0 51 57699 0 52 57705 0 
TIME iteration: 324 ms
Round:109
IR: 5, 185, 203, 292, 264
57773 0 51 57805 0 54 57821 0 53 57842 0 52 57842 0 61 57845 0 60 57846 0 76 57864 0 68 57864 0 69 57867 0 90 57867 0 91 57867 0 92 57869 0 76 57882 0 51 57895 0 76 57927 0 76 57948 0 68 57964 0 69 57973 0 52 57980 0 76 57986 0 53 58002 0 54 58050 0 51 58104 0 60 58105 0 61 58107 0 76 58123 0 54 58124 0 68 58126 0 69 58128 0 90 58128 0 91 58128 0 92 58130 0 76 58135 0 53 58156 0 76 58177 0 51 58188 0 76 58201 0 52 58202 0 68 58224 0 54 58241 0 
TIME iteration: 324 ms
Round:110
IR: 38, 249, 216, 293, 343
58344 0 51 58351 0 53 58359 0 54 58394 0 52 58502 0 51 58506 0 61 58507 0 60 58511 0 76 58514 0 53 58527 0 69 58533 0 90 58533 0 91 58533 0 92 58535 0 76 58537 0 68 58552 0 54 58554 0 52 58561 0 76 58594 0 76 58614 0 69 58641 0 51 58655 0 76 58661 0 52 58665 0 54 58676 0 53 58774 0 53 58776 0 51 58785 0 54 58806 0 60 58808 0 61 58811 0 76 58821 0 52 58822 0 
TIME iteration: 322 ms
Round:111
IR: 83, 296, 261, 495, 394
58830 0 69 58831 0 90 58831 0 91 58831 0 92 58834 0 76 58860 0 76 58886 0 68 58892 0 76 58915 0 54 58922 0 53 58926 0 58 58930 0 51 58948 0 76 58960 0 52 58962 0 58 58991 0 86 58991 0 87 58995 0 58 59026 0 58 59056 0 58 59057 0 53 59085 0 58 59102 0 86 59102 0 87 59113 0 58 59115 0 54 59117 0 51 59125 0 52 59141 0 58 59168 0 58 59168 0 60 59169 0 61 59173 0 76 59179 0 53 59186 0 69 59194 0 90 59194 0 91 59194 0 92 59195 0 58 59196 0 68 59197 0 76 59212 0 86 59212 0 87 59222 0 58 59223 0 76 59249 0 58 59254 0 52 59256 0 76 59258 0 69 59275 0 58 59282 0 53 59288 0 51 59302 0 58 59309 0 54 59317 0 76 59322 0 86 59322 0 87 59331 0 
TIME iteration: 323 ms
Round:112
IR: 163, 535, 502, 283, 266
59360 0 58 59369 0 52 59398 0 58 59402 0 51 59428 0 54 59436 0 53 59439 0 86 59439 0 87 59451 0 61 59453 0 60 59455 0 76 59456 0 56 59464 0 68 59473 0 69 59476 0 90 59476 0 91 59476 0 92 59478 0 76 59494 0 56 59504 0 76 59514 0 51 59521 0 68 59522 0 82 59522 0 83 59523 0 53 59527 0 56 59536 0 76 59558 0 56 59565 0 69 59566 0 52 59588 0 56 59590 0 76 59617 0 56 59628 0 53 59633 0 82 59633 0 83 59637 0 54 59646 0 56 59666 0 51 59674 0 56 59703 0 56 59707 0 52 59732 0 56 59742 0 82 59742 0 83 59762 0 56 59771 0 53 59774 0 54 59792 0 56 59801 0 51 59821 0 56 59836 0 52 59849 0 56 59853 0 82 59853 0 83 59860 0 63 59861 0 62 59869 0 77 59877 0 56 59887 0 90 59887 0 91 59887 0 
TIME iteration: 323 ms
Round:113
IR: 153, 325, 445, 286, 402
59893 0 77 59908 0 56 59920 0 54 59920 0 77 59953 0 56 59953 0 70 59955 0 71 59955 0 77 59957 0 53 59964 0 82 59964 0 83 60003 0 51 60004 0 52 60013 0 54 60111 0 52 60124 0 53 60126 0 51 60140 0 62 60140 0 63 60142 0 77 60151 0 54 60161 0 70 60162 0 71 60164 0 90 60164 0 91 60164 0 92 60165 0 77 60191 0 77 60211 0 52 60222 0 77 60273 0 51 60273 0 77 60334 0 52 60343 0 54 60359 0 53 60413 0 
TIME iteration: 323 ms
Round:114
IR: 156, 378, 530, 240, 247
60484 0 52 60487 0 54 60500 0 62 60502 0 63 60505 0 77 60517 0 70 60518 0 71 60526 0 90 60526 0 91 60526 0 92 60528 0 77 60539 0 53 60551 0 51 60554 0 77 60584 0 70 60586 0 77 60588 0 71 60608 0 52 60625 0 54 60642 0 77 60680 0 53 60704 0 51 60711 0 54 60712 0 52 60737 0 62 60737 0 63 60740 0 77 60755 0 70 60755 0 71 60760 0 90 60760 0 91 60760 0 92 60763 0 77 60789 0 77 60817 0 54 60821 0 77 60828 0 70 60830 0 71 60835 0 53 60836 0 52 60860 0 51 60874 0 
TIME iteration: 323 ms
Round:115
IR: 202, 482, 365, 185, 256
60962 0 53 60992 0 51 60996 0 54 61007 0 52 61033 0 62 61033 0 63 61036 0 77 61055 0 53 61055 0 70 61056 0 71 61057 0 90 61057 0 91 61057 0 92 61059 0 77 61085 0 77 61117 0 77 61144 0 51 61165 0 53 61168 0 54 61171 0 77 61217 0 52 61287 0 53 61291 0 51 61339 0 54 61346 0 52 61387 0 53 61389 0 64 61389 0 65 61397 0 78 61400 0 63 61401 0 62 61405 0 77 61414 0 90 61414 0 91 61414 0 92 61418 0 70 61418 0 71 61421 0 78 61429 0 77 61448 0 78 61455 0 
TIME iteration: 323 ms
Round:116
IR: 164, 120, 130, 438, 145
61482 0 78 61483 0 73 61488 0 77 61489 0 72 61490 0 71 61491 0 70 61502 0 51 61532 0 52 61532 0 54 61540 0 53 61540 0 90 61540 0 91 61540 0 92 61549 0 77 61659 0 54 61666 0 51 61677 0 52 61777 0 53 61794 0 54 61800 0 52 61820 0 51 61875 0 62 61879 0 63 61883 0 77 61906 0 90 61906 0 91 61906 0 92 61907 0 77 61911 0 71 61912 0 70 61934 0 77 61940 0 51 61950 0 54 61968 0 77 61978 0 
TIME iteration: 323 ms
Round:117
IR: 145, 227, 79, 306, 15
62034 0 53 62043 0 77 62061 0 51 62124 0 54 62150 0 52 62250 0 51 62256 0 53 62296 0 60 62296 0 61 62304 0 76 62313 0 52 62323 0 62 62323 0 63 62323 0 90 62323 0 91 62323 0 92 62328 0 76 62328 0 77 62329 0 54 62350 0 70 62350 0 71 62352 0 77 62355 0 76 62379 0 77 62388 0 51 62389 0 76 62390 0 69 62392 0 53 62392 0 68 62412 0 77 62445 0 90 62445 0 91 62445 0 92 62446 0 52 62478 0 77 62538 0 
TIME iteration: 325 ms
Round:118
IR: 102, 329, 255, 293, 23
62565 0 51 62571 0 53 62633 0 52 62696 0 51 62700 0 54 62728 0 53 62747 0 52 62803 0 62 62803 0 63 62809 0 77 62823 0 51 62829 0 61 62830 0 60 62830 0 70 62830 0 71 62832 0 90 62832 0 91 62832 0 92 62833 0 77 62835 0 76 62859 0 76 62860 0 77 62867 0 68 62868 0 69 62886 0 76 62890 0 54 62893 0 52 62894 0 77 62919 0 76 62935 0 53 62955 0 90 62955 0 91 62955 0 92 62970 0 77 62986 0 76 62991 0 51 63028 0 54 63061 0 
TIME iteration: 323 ms
Round:119
IR: 73, 267, 184, 234, 17
63097 0 53 63113 0 51 63178 0 52 63205 0 51 63231 0 54 63246 0 60 63247 0 61 63252 0 76 63271 0 68 63272 0 69 63275 0 90 63275 0 91 63275 0 92 63276 0 76 63303 0 76 63322 0 53 63327 0 52 63336 0 76 63354 0 51 63403 0 76 63431 0 54 63457 0 53 63506 0 52 63581 0 
TIME iteration: 322 ms
Round:120
IR: 32, 385, 280, 401, 308
63627 0 52 63638 0 53 63642 0 54 63652 0 63 63653 0 62 63660 0 77 63675 0 65 63676 0 64 63679 0 90 63679 0 91 63679 0 92 63684 0 77 63684 0 78 63703 0 71 63704 0 70 63708 0 78 63711 0 77 63735 0 78 63743 0 51 63745 0 77 63755 0 52 63769 0 73 63770 0 72 63770 0 78 63794 0 53 63802 0 90 63802 0 91 63802 0 92 63825 0 54 63924 0 52 63969 0 51 64011 0 54 64051 0 53 64100 0 52 64110 0 
TIME iteration: 322 ms
Round:121
IR: 12, 208, 184, 293, 17
64149 0 54 64164 0 53 64194 0 66 64198 0 67 64205 0 79 64206 0 64 64209 0 65 64213 0 78 64214 0 51 64216 0 52 64218 0 61 64219 0 60 64222 0 62 64223 0 63 64226 0 76 64226 0 90 64226 0 91 64226 0 92 64228 0 77 64229 0 79 64237 0 78 64246 0 73 64248 0 72 64250 0 76 64252 0 77 64256 0 79 64259 0 71 64260 0 70 64264 0 78 64275 0 69 64277 0 76 64278 0 68 64279 0 77 64291 0 79 64294 0 53 64297 0 74 64297 0 78 64298 0 75 64311 0 76 64312 0 77 64318 0 51 64319 0 54 64336 0 90 64336 0 91 64336 0 92 64364 0 78 64379 0 77 64398 0 52 64410 0 53 64451 0 54 64486 0 51 64528 0 52 64528 0 53 64548 0 54 64642 0 51 64657 0 
TIME iteration: 324 ms
Round:122
IR: 3, 260, 161, 287, 228
64675 0 64 64676 0 65 64681 0 78 64703 0 90 64703 0 91 64703 0 92 64704 0 73 64705 0 54 64705 0 72 64705 0 78 64732 0 78 64746 0 52 64753 0 53 64765 0 78 64811 0 51 64832 0 78 64861 0 52 64904 0 53 64954 0 52 64958 0 54 64993 0 62 64993 0 63 64996 0 51 65000 0 77 65018 0 90 65018 0 91 65018 0 92 65024 0 77 65042 0 70 65042 0 71 65045 0 53 65051 0 77 65077 0 52 65085 0 77 65094 0 51 65145 0 
TIME iteration: 325 ms
Round:123
IR: 10, 303, 368, 296, 14
65207 0 53 65264 0 51 65292 0 52 65340 0 54 65371 0 53 65388 0 51 65401 0 60 65401 0 61 65403 0 52 65409 0 62 65409 0 63 65409 0 76 65413 0 77 65414 0 64 65415 0 65 65422 0 78 65427 0 90 65427 0 91 65427 0 92 65433 0 76 65435 0 71 65436 0 70 65436 0 77 65446 0 78 65459 0 72 65459 0 73 65460 0 76 65462 0 77 65471 0 69 65473 0 68 65473 0 78 65489 0 54 65494 0 76 65494 0 77 65507 0 78 65543 0 90 65543 0 91 65543 0 92 65550 0 77 65591 0 54 65593 0 51 65600 0 52 65613 0 53 65705 0 
TIME iteration: 324 ms
Round:124
IR: 84, 223, 199, 435, 320
65758 0 52 65802 0 53 65866 0 51 65891 0 54 65922 0 52 65930 0 67 65931 0 66 65939 0 79 65953 0 62 65953 0 63 65959 0 77 65960 0 90 65960 0 91 65960 0 92 65963 0 53 65963 0 79 65983 0 77 65985 0 51 65985 0 70 65985 0 71 65990 0 79 66010 0 77 66015 0 74 66021 0 75 66025 0 79 66030 0 54 66044 0 77 66052 0 52 66085 0 90 66085 0 91 66085 0 92 66109 0 53 66120 0 77 66149 0 52 66159 0 51 66180 0 
TIME iteration: 324 ms
Round:125
IR: 120, 333, 241, 427, 382
66267 0 53 66303 0 51 66310 0 52 66319 0 54 66435 0 52 66453 0 62 66453 0 63 66459 0 77 66479 0 51 66482 0 70 66482 0 71 66483 0 77 66483 0 90 66483 0 91 66483 0 92 66495 0 53 66509 0 54 66510 0 77 66544 0 77 66579 0 52 66602 0 51 66620 0 77 66656 0 53 66692 0 52 66701 0 54 66702 0 
TIME iteration: 323 ms
Round:126
IR: 85, 295, 511, 328, 130
66800 0 53 66851 0 51 66854 0 61 66855 0 60 66855 0 65 66856 0 64 66863 0 76 66864 0 78 66878 0 90 66878 0 91 66878 0 92 66887 0 76 66888 0 78 66890 0 52 66914 0 76 66915 0 78 66927 0 54 66931 0 73 66933 0 69 66935 0 68 66935 0 72 66949 0 76 66950 0 78 66981 0 51 67008 0 90 67008 0 91 67008 0 92 67015 0 52 67021 0 53 67112 0 51 67128 0 54 67158 0 52 67247 0 51 67268 0 54 67301 0 
TIME iteration: 322 ms
Round:127
IR: 49, 195, 313, 433, 242
67345 0 52 67426 0 54 67435 0 62 67438 0 66 67438 0 67 67446 0 63 67447 0 79 67449 0 77 67454 0 52 67464 0 90 67464 0 91 67464 0 92 67471 0 79 67473 0 77 67498 0 79 67500 0 70 67500 0 77 67501 0 71 67509 0 53 67516 0 75 67519 0 74 67533 0 79 67534 0 77 67539 0 51 67546 0 54 67595 0 90 67595 0 91 67595 0 92 67625 0 53 67650 0 52 67703 0 51 67744 0 54 67774 0 52 67782 0 53 67817 0 
TIME iteration: 323 ms
Round:128
IR: 4, 247, 393, 231, 214
67888 0 54 67939 0 52 67945 0 53 67970 0 51 67973 0 63 67974 0 62 67979 0 77 67983 0 61 67984 0 60 67989 0 64 67991 0 65 67991 0 76 67998 0 78 68003 0 77 68004 0 90 68004 0 91 68004 0 92 68010 0 70 68010 0 71 68015 0 76 68022 0 78 68030 0 77 68037 0 54 68042 0 76 68049 0 78 68051 0 69 68054 0 68 68060 0 73 68062 0 72 68063 0 77 68076 0 76 68081 0 53 68083 0 78 68095 0 52 68121 0 90 68121 0 91 68121 0 92 68123 0 51 68130 0 77 68180 0 54 68197 0 52 68285 0 53 68293 0 51 68322 0 54 68341 0 
TIME iteration: 323 ms
Round:129
IR: 22, 316, 322, 374, 105
68424 0 53 68433 0 51 68492 0 52 68492 0 60 68493 0 61 68498 0 76 68509 0 62 68509 0 63 68515 0 77 68522 0 76 68522 0 90 68522 0 91 68522 0 92 68528 0 68 68528 0 69 68539 0 77 68542 0 70 68542 0 71 68549 0 76 68566 0 77 68582 0 76 68588 0 54 68600 0 77 68629 0 51 68636 0 52 68639 0 53 68649 0 76 68650 0 90 68650 0 91 68650 0 92 68676 0 77 68752 0 54 68767 0 52 68817 0 53 68834 0 
TIME iteration: 324 ms
Round:130
IR: 18, 156, 298, 289, 101
68923 0 54 68927 0 52 68936 0 53 68984 0 51 69020 0 65 69031 0 64 69034 0 78 69056 0 90 69056 0 91 69056 0 92 69058 0 78 69079 0 53 69085 0 78 69089 0 72 69089 0 73 69103 0 52 69105 0 54 69109 0 51 69119 0 78 69224 0 52 69253 0 51 69302 0 54 69326 0 53 69390 0 54 69417 0 66 69417 0 67 69426 0 79 69429 0 
TIME iteration: 323 ms
Round:131
IR: 36, 368, 276, 235, 180
69443 0 90 69443 0 91 69443 0 92 69448 0 51 69450 0 79 69477 0 79 69508 0 75 69511 0 74 69512 0 79 69523 0 54 69565 0 53 69607 0 51 69634 0 52 69689 0 53 69710 0 54 69750 0 51 69757 0 67 69758 0 66 69761 0 79 69782 0 90 69782 0 91 69782 0 92 69783 0 74 69783 0 75 69784 0 79 69797 0 52 69806 0 53 69810 0 79 69842 0 79 69848 0 54 69896 0 52 69900 0 79 69942 0 
TIME iteration: 323 ms
Round:132
IR: 87, 321, 424, 274, 197
69992 0 54 70011 0 53 70035 0 52 70095 0 54 70104 0 66 70105 0 67 70109 0 79 70119 0 62 70121 0 74 70122 0 75 70130 0 90 70130 0 91 70130 0 92 70133 0 79 70137 0 77 70159 0 79 70168 0 53 70169 0 77 70190 0 74 70192 0 79 70194 0 75 70208 0 54 70213 0 52 70224 0 77 70258 0 79 70275 0 90 70275 0 91 70275 0 92 70308 0 54 70316 0 53 70388 0 52 70401 0 51 70448 0 53 70474 0 
TIME iteration: 322 ms
Round:133
IR: 40, 146, 199, 224, 195
70564 0 51 70571 0 52 70675 0 53 70720 0 52 70724 0 51 70725 0 64 70726 0 65 70732 0 62 70732 0 63 70734 0 78 70737 0 61 70738 0 60 70739 0 77 70746 0 76 70754 0 90 70754 0 91 70754 0 92 70758 0 78 70763 0 77 70769 0 54 70770 0 76 70783 0 70 70783 0 71 70785 0 78 70790 0 77 70797 0 76 70798 0 53 70809 0 73 70816 0 72 70820 0 78 70824 0 77 70826 0 68 70829 0 69 70832 0 76 70871 0 90 70871 0 91 70871 0 92 70877 0 52 70888 0 51 70934 0 54 70982 0 
TIME iteration: 324 ms
Round:134
IR: 77, 187, 379, 308, 171
71080 0 51 71080 0 54 71092 0 52 71176 0 54 71180 0 53 71202 0 67 71203 0 66 71211 0 79 71231 0 90 71231 0 91 71231 0 92 71235 0 79 71239 0 51 71262 0 79 71270 0 74 71271 0 75 71297 0 52 71297 0 79 71308 0 54 71375 0 53 71405 0 54 71428 0 52 71431 0 51 71473 0 53 71478 0 66 71479 0 67 71481 0 79 71497 0 75 71498 0 74 71502 0 90 71502 0 91 71502 0 92 71504 0 79 71530 0 
TIME iteration: 324 ms
Round:135
IR: 61, 37, 152, 427, 198
71558 0 54 71562 0 79 71572 0 75 71582 0 52 71584 0 74 71609 0 51 71619 0 79 71620 0 53 71674 0 52 71745 0 54 71749 0 51 71782 0 66 71784 0 67 71787 0 79 71793 0 53 71798 0 52 71806 0 75 71807 0 74 71807 0 90 71807 0 91 71807 0 92 71810 0 79 71836 0 79 71866 0 51 71868 0 79 71912 0 52 71920 0 54 71926 0 79 71986 0 51 72018 0 52 72030 0 53 72046 0 
TIME iteration: 322 ms
Round:136
IR: 89, 347, 288, 415, 144
72190 0 52 72198 0 62 72198 0 63 72206 0 77 72210 0 53 72219 0 51 72224 0 90 72224 0 91 72224 0 92 72230 0 77 72257 0 77 72271 0 71 72276 0 70 72291 0 77 72298 0 54 72310 0 52 72358 0 51 72456 0 53 72470 0 54 72508 0 52 72516 0 51 72561 0 62 72564 0 63 72566 0 77 72588 0 90 72588 0 91 72588 0 92 72589 0 70 72589 0 77 72590 0 
TIME iteration: 322 ms
Round:137
IR: 42, 125, 195, 410, 273
72615 0 77 72616 0 53 72623 0 54 72647 0 77 72650 0 52 72679 0 51 72702 0 77 72748 0 54 72765 0 53 72808 0 52 72814 0 51 72869 0 54 72909 0 66 72911 0 67 72919 0 79 72935 0 53 72935 0 90 72935 0 91 72935 0 92 72943 0 51 72943 0 79 72944 0 52 72964 0 54 72970 0 79 72972 0 74 72977 0 75 73005 0 79 73046 0 53 73074 0 54 73115 0 
TIME iteration: 322 ms
Round:138
IR: 80, 367, 324, 293, 141
73166 0 53 73182 0 52 73209 0 54 73223 0 66 73224 0 67 73227 0 79 73244 0 74 73245 0 75 73248 0 90 73248 0 91 73248 0 92 73250 0 79 73258 0 51 73276 0 79 73308 0 79 73329 0 74 73337 0 52 73350 0 54 73366 0 79 73392 0 51 73413 0 53 73448 0 52 73502 0 51 73546 0 53 73550 0 52 73552 0 54 73565 0 62 73565 0 63 73567 0 60 73567 0 61 73573 0 77 73575 0 76 73589 0 90 73589 0 91 73589 0 92 73597 0 77 73599 0 76 73624 0 71 73624 0 77 73625 0 70 73626 0 76 73629 0 53 73658 0 77 73660 0 76 73662 0 52 73663 0 
TIME iteration: 324 ms
Round:139
IR: 28, 118, 215, 523, 515
73670 0 68 73719 0 90 73719 0 91 73719 0 92 73723 0 51 73775 0 58 73785 0 59 73787 0 54 73792 0 52 73810 0 58 73819 0 59 73839 0 86 73839 0 87 73845 0 58 73848 0 88 73848 0 89 73850 0 53 73850 0 59 73878 0 51 73879 0 58 73881 0 59 73882 0 88 73882 0 89 73901 0 52 73910 0 59 73911 0 58 73913 0 88 73913 0 89 73941 0 58 73941 0 59 73944 0 88 73944 0 89 73949 0 54 73949 0 86 73949 0 87 73970 0 58 73970 0 59 73974 0 88 73974 0 89 73979 0 53 73999 0 58 74000 0 59 74004 0 88 74004 0 89 74023 0 51 74027 0 58 74030 0 59 74034 0 88 74034 0 89 74042 0 52 74055 0 58 74059 0 54 74060 0 59 74060 0 86 74060 0 87 74064 0 88 74064 0 89 74082 0 61 74083 0 58 74085 0 60 74089 0 76 74091 0 59 74094 0 88 74094 0 89 74111 0 58 74113 0 76 74113 0 90 74113 0 91 74113 0 92 74121 0 59 74121 0 68 74121 0 69 74124 0 88 74124 0 89 74139 0 58 74140 0 76 74150 0 51 74151 0 59 74154 0 88 74154 0 89 74160 0 53 74168 0 58 74171 0 86 74171 0 87 74173 0 76 74180 0 59 74182 0 52 74184 0 88 74184 0 89 74197 0 58 74198 0 
TIME iteration: 326 ms
Round:140
IR: 12, 179, 142, 267, 125
74210 0 59 74214 0 88 74214 0 89 74233 0 58 74240 0 76 74247 0 88 74247 0 89 74254 0 59 74271 0 51 74279 0 88 74279 0 89 74294 0 86 74294 0 87 74301 0 53 74324 0 52 74328 0 88 74328 0 89 74396 0 54 74401 0 51 74421 0 60 74421 0 61 74425 0 76 74440 0 68 74441 0 69 74446 0 90 74446 0 91 74446 0 92 74448 0 76 74474 0 76 74506 0 76 74509 0 53 74510 0 52 74523 0 69 74524 0 68 74553 0 54 74558 0 51 74562 0 76 74665 0 53 74697 0 54 74708 0 52 74725 0 
TIME iteration: 323 ms
Round:141
IR: 9, 193, 309, 269, 293
74740 0 61 74741 0 60 74744 0 76 74764 0 68 74765 0 90 74765 0 91 74765 0 92 74766 0 69 74767 0 76 74793 0 76 74825 0 76 74843 0 53 74851 0 52 74859 0 54 74880 0 76 74945 0 51 74998 0 53 75007 0 52 75028 0 54 75132 0 51 75166 0 54 75178 0 53 75178 0 67 75179 0 66 75184 0 60 75186 0 61 75187 0 79 75190 0 76 75198 0 64 75200 0 65 75205 0 90 75205 0 91 75205 0 92 75207 0 78 75208 0 68 75209 0 69 75211 0 79 75212 0 52 75214 0 76 75231 0 78 75238 0 79 75241 0 76 75258 0 
TIME iteration: 323 ms
Round:142
IR: 137, 364, 203, 246, 156
75262 0 75 75269 0 74 75273 0 79 75274 0 76 75291 0 73 75292 0 78 75297 0 72 75302 0 54 75320 0 90 75320 0 91 75320 0 92 75328 0 51 75340 0 76 75347 0 53 75401 0 52 75427 0 54 75446 0 53 75539 0 51 75562 0 53 75566 0 54 75611 0 64 75611 0 65 75615 0 78 75638 0 78 75639 0 90 75639 0 91 75639 0 92 75641 0 72 75642 0 73 75664 0 78 75673 0 53 75693 0 51 75694 0 54 75696 0 52 75696 0 78 75752 0 78 75786 0 
TIME iteration: 324 ms
Round:143
IR: 104, 575, 420, 248, 120
75848 0 52 75882 0 54 75889 0 56 75904 0 51 75924 0 56 75929 0 53 75952 0 64 75952 0 65 75953 0 82 75953 0 83 75956 0 78 75958 0 56 75969 0 72 75970 0 73 75977 0 90 75977 0 91 75977 0 92 75979 0 78 75991 0 56 76005 0 78 76020 0 51 76023 0 56 76037 0 78 76039 0 72 76041 0 52 76044 0 54 76047 0 73 76054 0 56 76063 0 82 76063 0 83 76085 0 56 76093 0 78 76115 0 53 76115 0 56 76144 0 56 76168 0 54 76173 0 56 76175 0 82 76175 0 83 76203 0 56 76233 0 56 76239 0 52 76240 0 53 76262 0 56 76287 0 82 76287 0 83 76290 0 56 76301 0 54 76318 0 51 76319 0 
TIME iteration: 325 ms
Round:144
IR: 19, 395, 480, 293, 145
76356 0 56 76407 0 82 76407 0 83 76420 0 52 76438 0 53 76445 0 62 76446 0 63 76454 0 77 76469 0 51 76473 0 90 76473 0 91 76473 0 92 76478 0 77 76505 0 77 76521 0 54 76536 0 71 76538 0 70 76540 0 77 76601 0 52 76615 0 53 76673 0 51 76707 0 53 76707 0 54 76731 0 52 76759 0 63 76760 0 62 76762 0 77 76783 0 71 76784 0 70 76784 0 90 76784 0 91 76784 0 92 76785 0 77 76809 0 54 76811 0 77 76814 0 53 76843 0 77 76846 0 
TIME iteration: 323 ms
Round:145
IR: 12, 120, 237, 429, 260
76893 0 52 76896 0 77 76919 0 54 76959 0 53 77059 0 51 77103 0 52 77117 0 53 77148 0 54 77156 0 64 77158 0 65 77165 0 78 77178 0 51 77183 0 90 77183 0 91 77183 0 92 77189 0 78 77216 0 78 77226 0 72 77230 0 73 77250 0 78 77252 0 52 77260 0 53 77301 0 54 77305 0 
TIME iteration: 322 ms
Round:146
IR: 10, 383, 353, 410, 138
77457 0 53 77481 0 54 77529 0 52 77536 0 64 77543 0 78 77544 0 65 77554 0 51 77566 0 78 77566 0 90 77566 0 91 77566 0 92 77567 0 73 77568 0 72 77592 0 78 77624 0 78 77630 0 54 77645 0 53 77674 0 52 77678 0 78 77767 0 54 77793 0 51 77841 0 53 77870 0 
TIME iteration: 322 ms
Round:147
IR: 77, 166, 267, 532, 163
77927 0 51 77984 0 61 77985 0 54 77987 0 60 77994 0 76 78007 0 58 78013 0 90 78013 0 91 78013 0 92 78018 0 76 78043 0 58 78045 0 53 78045 0 76 78067 0 51 78072 0 86 78072 0 87 78076 0 58 78076 0 68 78079 0 69 78080 0 76 78097 0 52 78109 0 58 78141 0 58 78172 0 58 78182 0 86 78182 0 87 78186 0 54 78202 0 51 78202 0 58 78208 0 53 78234 0 58 78266 0 58 78290 0 61 78295 0 76 78296 0 58 78296 0 86 78296 0 87 78298 0 60 78317 0 68 78318 0 69 78318 0 76 78319 0 90 78319 0 91 78319 0 92 78326 0 58 78333 0 53 78344 0 76 78347 0 51 78354 0 52 78355 0 58 78375 0 76 78384 0 58 78404 0 54 78408 0 86 78408 0 87 78412 0 58 78424 0 76 78439 0 
TIME iteration: 323 ms
Round:148
IR: 14, 375, 443, 440, 225
78472 0 58 78485 0 53 78498 0 51 78504 0 52 78526 0 58 78527 0 86 78527 0 87 78562 0 54 78586 0 53 78619 0 52 78701 0 54 78706 0 53 78718 0 66 78719 0 67 78727 0 79 78729 0 52 78745 0 90 78745 0 91 78745 0 92 78751 0 79 78778 0 79 78812 0 51 78812 0 74 78813 0 79 78818 0 75 78825 0 54 78841 0 53 78844 0 52 78958 0 
TIME iteration: 322 ms
Round:149
IR: 13, 181, 419, 358, 252
78982 0 53 78997 0 66 78998 0 67 79000 0 79 79014 0 51 79019 0 74 79019 0 75 79021 0 90 79021 0 91 79021 0 92 79023 0 79 79049 0 79 79069 0 52 79075 0 54 79081 0 79 79126 0 51 79133 0 53 79136 0 79 79197 0 54 79198 0 52 79275 0 53 79285 0 51 79308 0 54 79321 0 66 79322 0 67 79326 0 79 79336 0 74 79336 0 75 79346 0 90 79346 0 91 79346 0 92 79350 0 79 79370 0 53 79372 0 52 79376 0 79 79400 0 75 79401 0 74 79409 0 79 79473 0 
TIME iteration: 324 ms
Round:150
IR: 9, 282, 441, 368, 65
79517 0 51 79542 0 53 79560 0 54 79586 0 52 79672 0 51 79675 0 54 79687 0 66 79687 0 67 79692 0 79 79712 0 90 79712 0 91 79712 0 92 79713 0 75 79714 0 53 79715 0 74 79716 0 79 79743 0 79 79776 0 79 79794 0 52 79827 0 51 79841 0 54 79852 0 79 79891 0 53 79917 0 51 79958 0 52 80028 0 
TIME iteration: 322 ms
Round:151
IR: 100, 387, 238, 305, 222
80032 0 53 80068 0 51 80076 0 61 80077 0 60 80085 0 76 80092 0 64 80094 0 65 80095 0 66 80098 0 67 80101 0 78 80102 0 79 80102 0 90 80102 0 91 80102 0 92 80109 0 76 80118 0 74 80119 0 75 80125 0 78 80126 0 79 80136 0 76 80139 0 53 80152 0 78 80153 0 79 80158 0 68 80160 0 69 80171 0 76 80186 0 78 80187 0 79 80189 0 72 80192 0 73 80197 0 52 80212 0 74 80214 0 54 80216 0 90 80216 0 91 80216 0 92 80218 0 51 80271 0 53 80311 0 52 80353 0 51 80414 0 54 80432 0 53 80485 0 51 80498 0 52 80542 0 
TIME iteration: 323 ms
Round:152
IR: 88, 227, 231, 43, 424
80563 0 61 80566 0 60 80570 0 76 80582 0 53 80587 0 66 80588 0 67 80593 0 79 80593 0 90 80593 0 91 80593 0 92 80594 0 76 80600 0 68 80601 0 52 80602 0 69 80616 0 75 80617 0 79 80621 0 76 80624 0 74 80632 0 51 80644 0 54 80644 0 79 80654 0 76 80677 0 79 80714 0 52 80717 0 90 80717 0 91 80717 0 92 80719 0 53 80721 0 76 80775 0 54 80812 0 51 80866 0 53 80879 0 52 80947 0 51 80989 0 54 81036 0 53 81073 0 
TIME iteration: 324 ms
Round:153
IR: 155, 261, 336, 314, 359
81096 0 54 81101 0 51 81117 0 60 81117 0 66 81117 0 67 81118 0 61 81123 0 79 81124 0 76 81142 0 90 81142 0 91 81142 0 92 81147 0 79 81148 0 75 81148 0 76 81149 0 74 81151 0 68 81151 0 69 81174 0 79 81175 0 76 81208 0 79 81209 0 76 81215 0 54 81223 0 52 81234 0 53 81249 0 51 81273 0 90 81273 0 91 81273 0 92 81290 0 76 81338 0 52 81362 0 54 81434 0 51 81434 0 53 81457 0 52 81579 0 53 81618 0 51 81618 0 
TIME iteration: 324 ms
Round:154
IR: 110, 288, 146, 370, 273
81622 0 52 81648 0 62 81648 0 63 81656 0 77 81678 0 90 81678 0 91 81678 0 92 81680 0 77 81707 0 77 81741 0 77 81744 0 70 81745 0 71 81766 0 51 81770 0 54 81786 0 53 81803 0 52 81884 0 51 81902 0 52 81923 0 53 81930 0 63 81931 0 62 81933 0 77 81953 0 70 81953 0 71 81955 0 90 81955 0 91 81955 0 92 81956 0 77 81982 0 77 81990 0 54 82013 0 52 82014 0 77 82032 0 51 82067 0 77 82079 0 53 82090 0 
TIME iteration: 324 ms
Round:155
IR: 62, 122, 176, 316, 117
82168 0 51 82197 0 52 82206 0 54 82216 0 53 82256 0 66 82257 0 67 82265 0 79 82281 0 90 82281 0 91 82281 0 92 82289 0 79 82305 0 52 82306 0 51 82316 0 79 82324 0 74 82324 0 75 82340 0 54 82351 0 79 82379 0 53 82493 0 52 82503 0 51 82507 0 53 82514 0 54 82617 0 53 82618 0 52 82623 0 51 82629 0 64 82629 0 65 82637 0 78 82642 0 54 82645 0 66 82646 0 67 82650 0 79 82653 0 63 82655 0 62 82655 0 90 82655 0 91 82655 0 92 82661 0 77 82661 0 78 82673 0 74 82673 0 75 82674 0 
TIME iteration: 323 ms
Round:156
IR: 127, 340, 212, 404, 71
82685 0 77 82688 0 78 82694 0 71 82695 0 70 82700 0 79 82712 0 77 82719 0 73 82722 0 72 82722 0 78 82733 0 79 82740 0 52 82746 0 77 82768 0 90 82768 0 91 82768 0 92 82799 0 79 82806 0 53 82811 0 54 82829 0 51 82876 0 52 82956 0 53 82999 0 51 83016 0 52 83099 0 54 83108 0 51 83135 0 60 83135 0 61 83142 0 52 83143 0 76 83149 0 62 83149 0 63 83154 0 77 83164 0 90 83164 0 91 83164 0 92 83167 0 76 83178 0 77 83179 0 71 83180 0 70 83194 0 76 83205 0 
TIME iteration: 324 ms
Round:157
IR: 22, 138, 231, 286, 161
83212 0 54 83219 0 69 83221 0 68 83227 0 53 83228 0 76 83238 0 77 83248 0 51 83266 0 52 83292 0 90 83292 0 91 83292 0 92 83304 0 77 83337 0 54 83375 0 53 83383 0 51 83495 0 54 83513 0 52 83524 0 53 83559 0 51 83606 0 54 83638 0 66 83638 0 67 83647 0 79 83649 0 53 83666 0 64 83666 0 65 83667 0 90 83667 0 91 83667 0 92 83671 0 79 83674 0 78 83695 0 75 83698 0 54 83698 0 74 83698 0 78 83698 0 79 83725 0 78 83729 0 52 83731 0 73 83732 0 72 83733 0 
TIME iteration: 325 ms
Round:158
IR: 9, 245, 202, 303, 162
83741 0 51 83759 0 78 83771 0 53 83789 0 90 83789 0 91 83789 0 92 83829 0 54 83907 0 53 83946 0 51 83969 0 52 84037 0 54 84062 0 51 84085 0 53 84127 0 52 84193 0 51 84198 0 60 84198 0 61 84206 0 76 84228 0 90 84228 0 91 84228 0 92 84230 0 76 84257 0 76 84262 0 68 84262 0 69 84264 0 
TIME iteration: 324 ms
Round:159
IR: 24, 166, 198, 299, 214
84291 0 76 84342 0 54 84361 0 51 84369 0 52 84397 0 53 84497 0 51 84534 0 61 84536 0 60 84538 0 76 84547 0 52 84558 0 68 84559 0 69 84560 0 53 84560 0 90 84560 0 91 84560 0 92 84561 0 76 84573 0 54 84587 0 76 84619 0 76 84662 0 51 84673 0 76 84698 0 54 84715 0 53 84719 0 
TIME iteration: 323 ms
Round:160
IR: 104, 157, 196, 304, 365
84802 0 54 84823 0 52 84825 0 51 84869 0 67 84870 0 66 84878 0 79 84894 0 90 84894 0 91 84894 0 92 84902 0 79 84929 0 79 84939 0 74 84939 0 75 84940 0 54 84949 0 51 84964 0 79 84983 0 52 85006 0 53 85063 0 51 85091 0 54 85135 0 53 85226 0 51 85256 0 61 85257 0 60 85260 0 54 85264 0 76 85269 0 66 85269 0 67 85273 0 79 85282 0 90 85282 0 91 85282 0 92 85288 0 76 85296 0 75 85297 0 52 85297 0 79 85298 0 74 85299 0 68 85300 0 69 85303 0 53 85315 0 76 85323 0 
TIME iteration: 323 ms
Round:161
IR: 97, 293, 201, 234, 330
85349 0 76 85356 0 79 85371 0 51 85378 0 54 85408 0 90 85408 0 91 85408 0 92 85422 0 79 85454 0 52 85462 0 53 85536 0 54 85561 0 51 85572 0 52 85619 0 53 85671 0 54 85707 0 51 85714 0 52 85754 0 62 85756 0 63 85763 0 77 85784 0 54 85784 0 90 85784 0 91 85784 0 92 85787 0 77 85814 0 77 85846 0 70 85846 0 71 85848 0 
TIME iteration: 323 ms
Round:162
IR: 100, 208, 345, 420, 247
85867 0 51 85872 0 53 85878 0 52 85939 0 54 85991 0 51 85993 0 53 86069 0 52 86082 0 51 86093 0 54 86098 0 61 86099 0 60 86106 0 76 86118 0 62 86118 0 63 86121 0 77 86124 0 90 86124 0 91 86124 0 92 86130 0 76 86144 0 77 86145 0 71 86146 0 70 86150 0 68 86151 0 69 86157 0 76 86161 0 53 86170 0 77 86191 0 76 86202 0 77 86211 0 51 86223 0 52 86247 0 90 86247 0 91 86247 0 92 86256 0 77 86283 0 54 86344 0 53 86373 0 
TIME iteration: 324 ms
Round:163
IR: 25, 319, 332, 216, 339
86411 0 51 86454 0 53 86514 0 52 86569 0 54 86574 0 53 86590 0 64 86591 0 65 86597 0 51 86599 0 78 86620 0 90 86620 0 91 86620 0 92 86623 0 78 86644 0 52 86650 0 78 86685 0 78 86686 0 73 86687 0 72 86732 0 52 86763 0 51 86772 0 53 86841 0 54 86873 0 52 86891 0 51 86906 0 
TIME iteration: 323 ms
Round:164
IR: 24, 151, 174, 303, 176
86929 0 64 86929 0 65 86932 0 78 86937 0 62 86940 0 63 86946 0 77 86949 0 54 86954 0 90 86954 0 91 86954 0 92 86955 0 72 86955 0 73 86955 0 78 86966 0 51 86970 0 77 86981 0 78 86986 0 71 86989 0 70 86997 0 77 87013 0 78 87031 0 77 87034 0 53 87048 0 51 87067 0 78 87081 0 90 87081 0 91 87081 0 92 87091 0 52 87140 0 54 87170 0 51 87201 0 53 87295 0 52 87300 0 51 87386 0 54 87415 0 51 87427 0 61 87428 0 60 87436 0 76 87443 0 
TIME iteration: 323 ms
Round:165
IR: 4, 164, 323, 312, 185
87457 0 90 87457 0 91 87457 0 92 87460 0 76 87463 0 52 87487 0 76 87497 0 69 87499 0 68 87522 0 76 87563 0 54 87577 0 51 87581 0 52 87662 0 54 87691 0 51 87711 0 52 87729 0 60 87729 0 61 87731 0 53 87731 0 76 87750 0 69 87751 0 68 87753 0 90 87753 0 91 87753 0 92 87754 0 76 87780 0 76 87798 0 51 87811 0 76 87839 0 52 87862 0 76 87895 0 51 87918 0 
TIME iteration: 329 ms
Round:166
IR: 39, 146, 323, 420, 194
88001 0 52 88005 0 51 88014 0 53 88024 0 60 88024 0 61 88027 0 76 88035 0 69 88037 0 68 88048 0 90 88048 0 91 88048 0 92 88050 0 76 88076 0 76 88092 0 69 88097 0 68 88108 0 76 88129 0 52 88139 0 54 88161 0 51 88162 0 76 88172 0 53 88294 0 52 88331 0 54 88360 0 51 88366 0 53 88390 0 60 88391 0 61 88395 0 76 88416 0 90 88416 0 91 88416 0 92 88417 0 68 88417 0 69 88419 0 76 88445 0 76 88461 0 52 88478 0 76 88504 0 
TIME iteration: 323 ms
Round:167
IR: 102, 143, 231, 320, 242
88534 0 51 88539 0 76 88591 0 54 88614 0 53 88646 0 52 88698 0 51 88751 0 53 88765 0 64 88766 0 65 88774 0 78 88791 0 60 88791 0 90 88791 0 91 88791 0 92 88798 0 78 88801 0 76 88803 0 51 88810 0 54 88825 0 78 88831 0 76 88848 0 73 88853 0 52 88853 0 72 88860 0 78 88870 0 53 88874 0 76 88928 0 90 88928 0 91 88928 0 92 88951 0 54 88957 0 51 88997 0 52 89034 0 
TIME iteration: 322 ms
Round:168
IR: 45, 167, 219, 235, 216
89095 0 54 89116 0 51 89135 0 52 89212 0 54 89254 0 52 89258 0 53 89262 0 66 89262 0 67 89271 0 79 89277 0 62 89277 0 63 89282 0 51 89285 0 77 89292 0 90 89292 0 91 89292 0 92 89295 0 79 89309 0 77 89322 0 79 89336 0 77 89357 0 79 89365 0 75 89367 0 70 89370 0 77 89371 0 71 89374 0 74 89393 0 53 89397 0 54 89405 0 52 89421 0 90 89421 0 91 89421 0 92 89506 0 54 89519 0 53 89558 0 
TIME iteration: 323 ms
Round:169
IR: 37, 283, 325, 296, 144
89572 0 52 89611 0 54 89614 0 53 89700 0 52 89704 0 51 89743 0 53 89755 0 65 89756 0 64 89763 0 78 89764 0 54 89776 0 63 89776 0 67 89777 0 66 89781 0 62 89782 0 79 89784 0 77 89785 0 90 89785 0 91 89785 0 92 89787 0 78 89806 0 79 89808 0 77 89813 0 74 89814 0 78 89815 0 70 89816 0 71 89817 0 75 89818 0 72 89818 0 73 89833 0 79 89835 0 77 89848 0 78 89859 0 51 89867 0 79 89868 0 77 89899 0 90 89899 0 91 89899 0 92 89935 0 77 89949 0 52 89951 0 79 89961 0 53 90038 0 51 90082 0 54 90095 0 
TIME iteration: 323 ms
Round:170
IR: 19, 169, 220, 413, 305
90170 0 51 90203 0 53 90218 0 52 90249 0 62 90251 0 63 90256 0 77 90278 0 70 90278 0 71 90279 0 90 90279 0 91 90279 0 92 90280 0 77 90307 0 77 90321 0 51 90341 0 77 90344 0 54 90356 0 53 90380 0 52 90416 0 77 90433 0 51 90524 0 52 90528 0 51 90533 0 54 90561 0 53 90565 0 61 90566 0 60 90574 0 76 90590 0 90 90590 0 91 90590 0 92 90598 0 76 90625 0 
TIME iteration: 324 ms
Round:171
IR: 55, 232, 208, 297, 182
90645 0 68 90647 0 69 90655 0 51 90660 0 76 90663 0 54 90693 0 52 90724 0 53 90832 0 51 90834 0 52 90846 0 54 90905 0 61 90908 0 60 90910 0 76 90931 0 68 90931 0 90 90931 0 91 90931 0 92 90932 0 53 90932 0 69 90933 0 76 90959 0 76 90991 0 76 91011 0 51 91031 0 52 91046 0 76 91050 0 54 91070 0 
TIME iteration: 323 ms
Round:172
IR: 52, 389, 221, 405, 281
91182 0 51 91196 0 54 91203 0 52 91230 0 53 91315 0 65 91333 0 78 91335 0 54 91344 0 67 91345 0 66 91348 0 90 91348 0 91 91348 0 92 91353 0 79 91355 0 52 91365 0 78 91377 0 79 91404 0 51 91404 0 79 91406 0 53 91420 0 78 91421 0 75 91424 0 74 91430 0 54 91439 0 79 91481 0 90 91481 0 91 91481 0 92 91507 0 51 91589 0 53 91599 0 54 91609 0 52 91629 0 
TIME iteration: 322 ms
Round:173
IR: 31, 295, 209, 342, 288
91712 0 52 91719 0 54 91730 0 51 91775 0 53 91781 0 60 91783 0 61 91790 0 76 91811 0 90 91811 0 91 91811 0 92 91814 0 76 91816 0 51 91823 0 52 91832 0 68 91836 0 69 91841 0 76 91853 0 54 91875 0 76 91911 0 53 91932 0 51 91963 0 54 92023 0 53 92066 0 52 92090 0 54 92095 0 51 92126 0 67 92127 0 66 92129 0 60 92129 0 61 92132 0 76 92134 0 79 92151 0 68 92151 0 69 92151 0 90 92151 0 91 92151 0 92 92155 0 76 92158 0 79 92179 0 75 92180 0 74 92181 0 76 92185 0 79 92213 0 76 92219 0 
TIME iteration: 324 ms
Round:174
IR: 30, 298, 211, 313, 309
92223 0 51 92224 0 53 92253 0 52 92267 0 76 92281 0 90 92281 0 91 92281 0 92 92336 0 51 92347 0 54 92367 0 52 92384 0 53 92483 0 54 92488 0 51 92522 0 52 92560 0 53 92623 0 54 92649 0 66 92649 0 67 92655 0 79 92660 0 52 92672 0 53 92673 0 62 92675 0 63 92679 0 79 92679 0 90 92679 0 91 92679 0 92 92682 0 77 92683 0 75 92685 0 74 92689 0 51 92706 0 77 92706 0 79 92733 0 77 92735 0 54 92740 0 
TIME iteration: 324 ms
Round:175
IR: 19, 198, 235, 264, 19
92758 0 52 92766 0 70 92766 0 71 92767 0 77 92803 0 90 92803 0 91 92803 0 92 92838 0 53 92868 0 54 92882 0 52 92974 0 51 92983 0 54 93023 0 52 93045 0 53 93157 0 52 93163 0 51 93167 0 54 93170 0 62 93170 0 63 93175 0 77 93196 0 66 93196 0 67 93199 0 77 93200 0 90 93200 0 91 93200 0 92 93202 0 79 93206 0 70 93207 0 71 93215 0 53 93226 0 77 93226 0 79 93228 0 75 93230 0 74 93253 0 79 93259 0 77 93279 0 
TIME iteration: 324 ms
Round:176
IR: 14, 171, 194, 428, 152
93287 0 79 93291 0 54 93324 0 90 93324 0 91 93324 0 92 93325 0 77 93381 0 51 93401 0 53 93402 0 52 93439 0 54 93514 0 52 93566 0 54 93582 0 53 93585 0 51 93684 0 52 93691 0 53 93705 0 62 93705 0 63 93711 0 64 93711 0 65 93711 0 77 93719 0 78 93732 0 54 93733 0 90 93733 0 91 93733 0 92 93735 0 77 93738 0 71 93741 0 70 93743 0 78 93762 0 77 93770 0 51 93770 0 78 93796 0 77 93801 0 72 93804 0 
TIME iteration: 323 ms
Round:177
IR: 6, 281, 174, 297, 15
93815 0 73 93859 0 53 93865 0 90 93865 0 91 93865 0 92 93872 0 52 93872 0 77 93921 0 51 93925 0 54 94004 0 53 94032 0 54 94078 0 51 94106 0 53 94107 0 52 94186 0 65 94187 0 64 94191 0 78 94212 0 54 94215 0 78 94216 0 90 94216 0 91 94216 0 92 94222 0 72 94223 0 73 94234 0 53 94241 0 78 94269 0 52 94273 0 51 94274 0 78 94335 0 
TIME iteration: 324 ms
Round:178
IR: 63, 177, 200, 309, 243
94358 0 53 94364 0 54 94408 0 52 94508 0 51 94529 0 53 94551 0 54 94561 0 65 94563 0 64 94567 0 78 94583 0 72 94583 0 73 94588 0 90 94588 0 91 94588 0 92 94591 0 78 94618 0 78 94645 0 52 94651 0 78 94677 0 54 94678 0 73 94716 0 51 94716 0 78 94739 0 53 94800 0 52 94821 0 
TIME iteration: 323 ms
Round:179
IR: 5, 139, 267, 642, 142
94886 0 53 94902 0 51 94912 0 64 94912 0 65 94916 0 78 94929 0 72 94930 0 52 94937 0 90 94937 0 91 94937 0 92 94939 0 73 94939 0 78 94965 0 78 94978 0 58 94981 0 54 94997 0 78 94998 0 72 95001 0 53 95017 0 58 95045 0 86 95045 0 87 95050 0 58 95053 0 78 95076 0 51 95077 0 52 95081 0 58 95103 0 53 95111 0 58 95128 0 54 95141 0 58 95156 0 86 95156 0 87 95171 0 58 95200 0 58 95228 0 58 95244 0 53 95256 0 58 95265 0 86 95265 0 87 95272 0 52 95281 0 51 95286 0 58 95314 0 58 95317 0 54 95342 0 58 95353 0 67 95354 0 66 95362 0 79 95371 0 58 95376 0 86 95376 0 87 95380 0 90 95380 0 91 95380 0 92 95386 0 79 95394 0 53 95399 0 
TIME iteration: 323 ms
Round:180
IR: 10, 447, 282, 433, 286
95413 0 79 95430 0 51 95434 0 58 95439 0 74 95444 0 75 95448 0 79 95476 0 52 95501 0 86 95501 0 87 95507 0 58 95539 0 54 95545 0 51 95557 0 53 95594 0 52 95663 0 51 95693 0 60 95694 0 61 95702 0 76 95703 0 52 95713 0 54 95719 0 90 95719 0 91 95719 0 92 95726 0 76 95739 0 53 95753 0 76 95780 0 69 95786 0 68 95788 0 76 95864 0 51 95865 0 54 95880 0 52 95912 0 
TIME iteration: 323 ms
Round:181
IR: 6, 160, 216, 356, 290
95992 0 54 96006 0 52 96016 0 53 96062 0 64 96063 0 65 96071 0 78 96072 0 67 96077 0 66 96082 0 79 96086 0 63 96087 0 62 96088 0 90 96088 0 91 96088 0 92 96093 0 51 96095 0 77 96095 0 78 96106 0 79 96119 0 77 96122 0 74 96122 0 78 96125 0 75 96128 0 73 96133 0 79 96136 0 72 96146 0 77 96150 0 53 96157 0 78 96163 0 52 96167 0 79 96173 0 70 96181 0 77 96184 0 71 96188 0 54 96202 0 90 96202 0 91 96202 0 92 96323 0 52 96349 0 53 96386 0 
TIME iteration: 329 ms
Round:182
IR: 6, 358, 360, 255, 295
96468 0 54 96492 0 52 96526 0 53 96528 0 51 96625 0 54 96637 0 53 96640 0 64 96641 0 65 96646 0 78 96670 0 78 96670 0 90 96670 0 91 96670 0 92 96680 0 73 96681 0 72 96683 0 52 96697 0 78 96730 0 78 96747 0 54 96749 0 53 96752 0 51 96797 0 78 96805 0 52 96873 0 54 96881 0 51 96913 0 52 96977 0 63 96979 0 62 96986 0 
TIME iteration: 324 ms
Round:183
IR: 21, 158, 430, 388, 348
97003 0 90 97003 0 91 97003 0 92 97009 0 54 97010 0 77 97024 0 53 97036 0 71 97037 0 70 97037 0 77 97059 0 51 97061 0 52 97071 0 77 97136 0 53 97180 0 51 97181 0 54 97286 0 54 97287 0 52 97333 0 53 97338 0 67 97339 0 66 97340 0 51 97347 0 79 97364 0 90 97364 0 91 97364 0 92 97371 0 79 97398 0 79 97406 0 54 97410 0 74 97411 0 75 97425 0 52 97433 0 
TIME iteration: 322 ms
Round:184
IR: 4, 462, 419, 409, 284
97521 0 54 97529 0 53 97531 0 51 97551 0 52 97638 0 54 97645 0 66 97645 0 67 97648 0 79 97666 0 74 97667 0 75 97669 0 90 97669 0 91 97669 0 92 97671 0 79 97686 0 51 97697 0 79 97728 0 52 97729 0 79 97738 0 53 97761 0 74 97775 0 54 97786 0 79 97882 0 52 97884 0 53 97940 0 51 97955 0 54 97988 0 66 97989 0 67 97993 0 79 98004 0 75 98010 0 52 98013 0 90 98013 0 91 98013 0 92 98015 0 74 98017 0 79 98043 0 
TIME iteration: 323 ms
Round:185
IR: 157, 427, 245, 241, 426
98069 0 75 98076 0 79 98132 0 53 98138 0 54 98145 0 79 98166 0 51 98183 0 52 98297 0 53 98322 0 54 98327 0 52 98343 0 51 98364 0 66 98364 0 67 98369 0 79 98383 0 74 98390 0 90 98390 0 91 98390 0 92 98391 0 75 98393 0 79 98420 0 79 98453 0 53 98453 0 79 98461 0 74 98476 0 52 98490 0 54 98528 0 79 98558 0 
TIME iteration: 322 ms
Round:186
IR: 101, 184, 271, 464, 230
98595 0 51 98663 0 52 98674 0 54 98677 0 58 98709 0 53 98713 0 58 98722 0 67 98723 0 66 98727 0 79 98736 0 64 98737 0 65 98741 0 75 98741 0 86 98741 0 87 98745 0 78 98746 0 58 98748 0 90 98748 0 91 98748 0 92 98751 0 74 98751 0 79 98769 0 78 98777 0 79 98780 0 58 98784 0 51 98796 0 78 98810 0 79 98812 0 58 98815 0 75 98817 0 52 98820 0 72 98826 0 73 98831 0 78 98838 0 54 98844 0 53 98844 0 58 98852 0 86 98852 0 87 98874 0 90 98874 0 91 98874 0 92 98876 0 79 98878 0 58 98911 0 58 98923 0 52 98944 0 58 98959 0 51 98964 0 86 98964 0 87 98976 0 58 99007 0 58 99026 0 52 99037 0 58 99047 0 53 99067 0 58 99074 0 86 99074 0 87 99094 0 54 99097 0 
TIME iteration: 323 ms
Round:187
IR: 48, 247, 399, 336, 195
99128 0 52 99131 0 58 99157 0 53 99196 0 58 99198 0 86 99198 0 87 99241 0 52 99251 0 54 99273 0 51 99297 0 53 99317 0 66 99322 0 67 99327 0 79 99350 0 90 99350 0 91 99350 0 92 99351 0 79 99355 0 74 99363 0 75 99378 0 79 99404 0 51 99412 0 79 99440 0 53 99445 0 52 99451 0 54 99508 0 51 99565 0 
TIME iteration: 323 ms
Round:188
IR: 96, 185, 258, 472, 176
99641 0 53 99645 0 54 99671 0 51 99698 0 52 99703 0 60 99704 0 61 99712 0 76 99714 0 63 99715 0 62 99721 0 58 99723 0 77 99730 0 90 99730 0 91 99730 0 92 99736 0 76 99747 0 77 99761 0 58 99763 0 76 99765 0 86 99765 0 87 99772 0 53 99774 0 77 99796 0 68 99797 0 58 99798 0 76 99800 0 69 99806 0 71 99809 0 77 99816 0 54 99816 0 70 99829 0 58 99850 0 51 99858 0 90 99858 0 91 99858 0 92 99862 0 58 99876 0 86 99876 0 87 99895 0 52 99895 0 58 99896 0 53 99927 0 58 99959 0 58 99989 0 58 99990 0 86 99990 0 87 100018 0 53 100019 0 58 100048 0 58 100055 0 51 100060 0 54 100076 0 58 100077 0 52 100102 0 86 100102 0 87 100104 0 58 100131 0 58 100159 0 
TIME iteration: 323 ms
Round:189
IR: 49, 143, 310, 424, 208
100173 0 53 100189 0 58 100199 0 54 100214 0 86 100214 0 87 100233 0 58 100250 0 51 100254 0 52 100298 0 66 100316 0 61 100316 0 79 100318 0 60 100320 0 53 100323 0 76 100339 0 90 100339 0 91 100339 0 92 100347 0 76 100348 0 79 100361 0 68 100361 0 69 100374 0 76 100382 0 52 100395 0 54 100406 0 79 100408 0 76 100427 0 53 100458 0 51 100484 0 76 100489 0 52 100513 0 54 100513 0 90 100513 0 91 100513 0 92 100603 0 52 100609 0 53 100692 0 
TIME iteration: 323 ms
Round:190
IR: 22, 181, 176, 333, 235
100735 0 53 100782 0 51 100860 0 52 100902 0 53 100911 0 51 100919 0 65 100920 0 64 100928 0 78 100950 0 90 100950 0 91 100950 0 92 100952 0 78 100979 0 78 101005 0 54 101010 0 72 101011 0 73 101014 0 78 101040 0 51 101048 0 53 101076 0 52 101164 0 54 101205 0 51 101214 0 
TIME iteration: 323 ms
Round:191
IR: 2, 173, 384, 473, 258
101235 0 53 101279 0 64 101280 0 65 101283 0 78 101305 0 90 101305 0 91 101305 0 92 101306 0 72 101306 0 78 101307 0 73 101316 0 51 101327 0 58 101328 0 54 101329 0 52 101332 0 78 101341 0 53 101363 0 58 101364 0 78 101379 0 86 101379 0 87 101396 0 58 101419 0 78 101426 0 58 101456 0 58 101468 0 52 101478 0 53 101486 0 58 101491 0 86 101491 0 87 101498 0 51 101515 0 58 101542 0 58 101563 0 54 101569 0 58 101581 0 53 101597 0 58 101601 0 86 101601 0 87 101625 0 58 101652 0 58 101664 0 52 101679 0 58 101706 0 58 101711 0 86 101711 0 87 101728 0 54 101729 0 53 101733 0 51 101734 0 
TIME iteration: 323 ms
Round:192
IR: 8, 156, 101, 319, 429
101762 0 58 101766 0 67 101768 0 66 101776 0 79 101793 0 61 101795 0 60 101795 0 90 101795 0 91 101795 0 92 101796 0 52 101798 0 58 101800 0 79 101802 0 76 101824 0 86 101824 0 87 101826 0 76 101827 0 79 101837 0 53 101844 0 75 101850 0 74 101853 0 76 101862 0 79 101868 0 69 101869 0 68 101887 0 76 101912 0 51 101917 0 90 101917 0 91 101917 0 92 101941 0 52 101976 0 54 102003 0 53 102034 0 51 102126 0 52 102128 0 54 102160 0 51 102166 0 53 102240 0 54 102266 0 66 102266 0 67 102272 0 79 102279 0 
TIME iteration: 323 ms
Round:193
IR: 106, 220, 45, 325, 216
102295 0 90 102295 0 91 102295 0 92 102296 0 79 102301 0 75 102302 0 74 102307 0 51 102310 0 53 102323 0 79 102355 0 54 102357 0 79 102395 0 52 102452 0 54 102468 0 51 102489 0 53 102518 0 52 102601 0 51 102611 0 53 102623 0 52 102630 0 62 102631 0 63 102638 0 54 102639 0 77 102653 0 66 102654 0 67 102655 0 61 102656 0 60 102656 0 90 102656 0 91 102656 0 92 102658 0 79 102663 0 76 102663 0 77 102676 0 74 102676 0 75 102682 0 79 102687 0 76 102690 0 77 102708 0 79 102711 0 68 102713 0 69 102714 0 76 102716 0 53 102725 0 77 102727 0 70 102735 0 71 102741 0 79 102748 0 76 102762 0 52 102768 0 90 102768 0 91 102768 0 92 102790 0 54 102808 0 
TIME iteration: 324 ms
Round:194
IR: 94, 337, 242, 318, 391
102876 0 53 102885 0 52 102906 0 51 102989 0 52 103014 0 54 103055 0 53 103109 0 51 103140 0 52 103142 0 62 103142 0 63 103147 0 77 103171 0 77 103171 0 90 103171 0 91 103171 0 92 103178 0 70 103180 0 71 103198 0 77 103218 0 53 103231 0 77 103267 0 51 103291 0 54 103294 0 52 103297 0 
TIME iteration: 324 ms
Round:195
IR: 35, 176, 261, 571, 693
103419 0 53 103425 0 51 103429 0 52 103442 0 58 103465 0 59 103476 0 58 103485 0 63 103486 0 62 103490 0 77 103500 0 59 103500 0 86 103500 0 87 103504 0 70 103505 0 71 103508 0 58 103511 0 90 103511 0 91 103511 0 92 103514 0 77 103528 0 54 103529 0 88 103529 0 89 103534 0 59 103538 0 58 103540 0 77 103554 0 53 103563 0 88 103563 0 89 103566 0 59 103568 0 58 103573 0 77 103579 0 70 103586 0 71 103593 0 51 103596 0 88 103596 0 89 103598 0 58 103598 0 59 103610 0 86 103610 0 87 103618 0 52 103628 0 58 103628 0 88 103628 0 89 103629 0 59 103634 0 77 103657 0 58 103659 0 59 103660 0 88 103660 0 89 103664 0 54 103687 0 58 103687 0 59 103690 0 88 103690 0 89 103705 0 53 103715 0 59 103718 0 58 103719 0 88 103719 0 89 103722 0 52 103722 0 86 103722 0 87 103743 0 59 103748 0 88 103748 0 89 103749 0 58 103751 0 51 103771 0 59 103776 0 88 103776 0 89 103780 0 58 103800 0 59 103805 0 88 103805 0 89 103806 0 54 103811 0 58 103829 0 59 103834 0 86 103834 0 87 103834 0 88 103834 0 89 103835 0 52 103841 0 58 103847 0 53 103857 0 59 103862 0 88 103862 0 89 103871 0 
TIME iteration: 324 ms
Round:196
IR: 18, 203, 208, 627, 446
103885 0 59 103890 0 88 103890 0 89 103893 0 51 103901 0 58 103909 0 61 103910 0 60 103918 0 76 103922 0 59 103922 0 88 103922 0 89 103930 0 58 103936 0 90 103936 0 91 103936 0 92 103942 0 76 103944 0 86 103944 0 87 103951 0 53 103954 0 88 103954 0 89 103960 0 58 103966 0 54 103969 0 76 103980 0 69 103984 0 68 103989 0 58 103996 0 52 104004 0 76 104005 0 88 104005 0 89 104017 0 58 104019 0 51 104045 0 58 104053 0 86 104053 0 87 104058 0 53 104072 0 58 104099 0 58 104107 0 54 104127 0 58 104155 0 58 104162 0 86 104162 0 87 104163 0 53 104182 0 58 104188 0 52 104210 0 58 104238 0 58 104255 0 54 104261 0 53 104266 0 58 104272 0 86 104272 0 87 104295 0 58 104298 0 52 104304 0 51 104323 0 58 104352 0 58 104380 0 58 104383 0 86 104383 0 87 104387 0 61 104390 0 60 104394 0 76 104408 0 
TIME iteration: 323 ms
Round:197
IR: 12, 309, 164, 437, 165
104416 0 90 104416 0 91 104416 0 92 104418 0 76 104419 0 51 104422 0 68 104422 0 69 104426 0 53 104442 0 58 104443 0 54 104445 0 76 104478 0 76 104484 0 52 104505 0 58 104506 0 86 104506 0 87 104545 0 76 104551 0 53 104561 0 51 104577 0 54 104624 0 52 104673 0 53 104700 0 51 104734 0 52 104735 0 61 104737 0 60 104740 0 76 104755 0 68 104755 0 69 104761 0 90 104761 0 91 104761 0 92 104763 0 76 104789 0 76 104797 0 54 104801 0 53 104821 0 76 104832 0 69 104837 0 68 104852 0 51 104860 0 52 104877 0 76 104936 0 
TIME iteration: 328 ms
Round:198
IR: 105, 199, 154, 335, 441
104948 0 54 104974 0 52 104994 0 51 105015 0 60 105015 0 61 105018 0 76 105037 0 68 105037 0 69 105039 0 90 105039 0 91 105039 0 92 105041 0 76 105061 0 53 105067 0 76 105073 0 54 105099 0 76 105153 0 76 105203 0 51 105221 0 52 105228 0 53 105261 0 54 105327 0 52 105381 0 51 105405 0 53 105414 0 54 105438 0 60 105438 0 61 105443 0 76 105448 0 67 105449 0 66 105452 0 64 105454 0 65 105457 0 79 105459 0 68 105459 0 69 105461 0 78 105465 0 90 105465 0 91 105465 0 92 105467 0 76 105469 0 
TIME iteration: 323 ms
Round:199
IR: 79, 135, 129, 328, 348
105481 0 79 105485 0 78 105494 0 76 105501 0 51 105508 0 79 105512 0 78 105527 0 76 105534 0 54 105543 0 74 105543 0 79 105546 0 78 105548 0 68 105548 0 73 105549 0 75 105552 0 72 105580 0 90 105580 0 91 105580 0 92 105585 0 53 105593 0 76 105645 0 51 105647 0 52 105652 0 54 105710 0 53 105770 0 51 105786 0 54 105842 0 52 105919 0 53 105927 0 51 105950 0 61 105951 0 60 105957 0 76 105980 0 69 105980 0 90 105980 0 91 105980 0 92 105981 0 76 105988 0 68 105989 0 
TIME iteration: 324 ms
