Experiment Risk
CUTOFF_IR 0
Config: ./networks/network35.conf, Protocol: ./networks/network35.pro, +100 IR
Round:0
IR: 9, 188, 172, 277, 189
383 0 53 402 0 54 416 0 51 513 0 54 520 0 52 529 0 
TIME iteration: 449 ms
Round:1
IR: 2, 158, 182, 511, 436
530 0 67 539 0 79 562 0 51 563 0 79 570 0 90 570 0 91 570 0 92 580 0 53 590 0 79 625 0 79 629 0 58 637 0 54 666 0 58 695 0 86 695 0 87 698 0 53 700 0 58 731 0 58 752 0 52 760 0 58 777 0 51 790 0 58 805 0 53 806 0 86 806 0 87 813 0 54 819 0 58 847 0 58 871 0 51 876 0 58 905 0 58 915 0 86 915 0 87 926 0 61 927 0 60 934 0 58 935 0 76 953 0 90 953 0 91 953 0 92 959 0 76 963 0 58 966 0 52 986 0 76 988 0 51 993 0 58 1004 0 53 1021 0 58 1021 0 76 1025 0 54 1026 0 86 1026 0 87 1028 0 68 1039 0 69 1048 0 
TIME iteration: 321 ms
Round:2
IR: 6, 398, 454, 251, 154
1073 0 52 1078 0 58 1086 0 51 1120 0 58 1138 0 86 1138 0 87 1163 0 53 1218 0 52 1233 0 51 1237 0 60 1237 0 61 1240 0 76 1245 0 54 1260 0 68 1261 0 69 1261 0 90 1261 0 91 1261 0 92 1263 0 76 1289 0 76 1301 0 53 1321 0 76 1332 0 51 1363 0 52 1375 0 76 1387 0 54 1464 0 53 1492 0 51 1527 0 52 1545 0 
TIME iteration: 321 ms
Round:3
IR: 5, 166, 177, 278, 263
1659 0 51 1659 0 53 1667 0 60 1667 0 61 1672 0 76 1690 0 68 1690 0 69 1694 0 90 1694 0 91 1694 0 92 1696 0 76 1723 0 76 1730 0 54 1749 0 52 1756 0 76 1778 0 51 1787 0 53 1822 0 76 1870 0 54 1911 0 52 1928 0 53 1957 0 51 2051 0 54 2091 0 52 2092 0 66 2094 0 67 2102 0 79 2103 0 53 2116 0 65 2117 0 
TIME iteration: 321 ms
Round:4
IR: 7, 177, 312, 262, 148
2120 0 90 2120 0 91 2120 0 92 2125 0 78 2126 0 79 2135 0 51 2149 0 78 2153 0 79 2172 0 74 2172 0 75 2176 0 78 2180 0 54 2188 0 79 2210 0 72 2211 0 78 2217 0 73 2226 0 52 2243 0 90 2243 0 91 2243 0 92 2286 0 53 2329 0 51 2331 0 52 2364 0 54 2392 0 53 2477 0 51 2503 0 52 2527 0 54 2545 0 53 2579 0 65 2581 0 64 2585 0 78 2606 0 51 2609 0 78 2609 0 90 2609 0 91 2609 0 92 2615 0 73 2616 0 72 2636 0 
TIME iteration: 322 ms
Round:5
IR: 30, 133, 166, 289, 244
2655 0 53 2669 0 78 2672 0 52 2676 0 54 2735 0 78 2771 0 53 2813 0 51 2817 0 54 2886 0 53 2893 0 52 2901 0 64 2901 0 65 2905 0 78 2918 0 73 2919 0 72 2926 0 90 2926 0 91 2926 0 92 2928 0 78 2954 0 78 2955 0 54 2986 0 78 2987 0 73 2989 0 51 2993 0 72 3042 0 78 3044 0 52 3052 0 53 3084 0 51 3128 0 
TIME iteration: 322 ms
Round:6
IR: 3, 264, 192, 216, 279
3189 0 53 3204 0 64 3204 0 65 3208 0 78 3221 0 54 3223 0 51 3226 0 73 3227 0 72 3228 0 90 3228 0 91 3228 0 92 3231 0 78 3256 0 52 3257 0 78 3289 0 78 3345 0 78 3362 0 52 3383 0 53 3406 0 51 3479 0 52 3483 0 54 3492 0 53 3534 0 51 3534 0 62 3536 0 63 3543 0 77 3544 0 65 3545 0 64 3549 0 78 3560 0 72 3560 0 73 3560 0 90 3560 0 91 3560 0 92 3567 0 77 3573 0 78 3585 0 52 3594 0 77 3599 0 78 3603 0 53 3626 0 73 3627 0 72 3628 0 77 3632 0 78 3633 0 54 3634 0 71 3642 0 70 3667 0 51 3687 0 90 3687 0 91 3687 0 92 3693 0 
TIME iteration: 321 ms
Round:7
IR: 10, 196, 142, 291, 379
3716 0 52 3736 0 53 3771 0 54 3779 0 51 3832 0 52 3878 0 53 3880 0 54 3953 0 52 3995 0 63 3997 0 62 4001 0 77 4007 0 51 4025 0 77 4025 0 90 4025 0 91 4025 0 92 4031 0 71 4032 0 70 4046 0 53 4048 0 54 4052 0 77 4085 0 77 4115 0 52 4151 0 77 4197 0 51 4210 0 
TIME iteration: 321 ms
Round:8
IR: 16, 295, 217, 233, 159
4278 0 52 4302 0 54 4327 0 53 4373 0 64 4373 0 65 4381 0 78 4397 0 51 4399 0 90 4399 0 91 4399 0 92 4405 0 78 4427 0 52 4430 0 72 4431 0 73 4432 0 53 4432 0 78 4466 0 78 4526 0 54 4556 0 53 4628 0 51 4668 0 52 4694 0 54 4712 0 53 4726 0 65 4728 0 64 4730 0 78 4751 0 72 4751 0 73 4752 0 90 4752 0 91 4752 0 92 4753 0 
TIME iteration: 321 ms
Round:9
IR: 22, 151, 155, 403, 428
4770 0 51 4779 0 78 4794 0 52 4811 0 78 4823 0 54 4828 0 53 4865 0 78 4900 0 52 4956 0 51 4963 0 53 5049 0 54 5066 0 52 5107 0 62 5108 0 63 5115 0 77 5133 0 90 5133 0 91 5133 0 92 5139 0 77 5166 0 77 5171 0 70 5173 0 71 5178 0 53 5198 0 54 5200 0 77 5220 0 52 5276 0 
TIME iteration: 320 ms
Round:10
IR: 24, 442, 244, 301, 395
5302 0 53 5312 0 54 5451 0 54 5462 0 52 5469 0 53 5475 0 66 5476 0 67 5484 0 79 5496 0 51 5501 0 90 5501 0 91 5501 0 92 5508 0 79 5535 0 79 5567 0 54 5570 0 79 5572 0 74 5581 0 75 5612 0 53 5616 0 51 5685 0 52 5700 0 54 5746 0 66 5746 0 67 5748 0 79 5758 0 53 5766 0 75 5767 0 74 5769 0 90 5769 0 91 5769 0 92 5771 0 79 5797 0 79 5829 0 51 5829 0 
TIME iteration: 322 ms
Round:11
IR: 9, 210, 336, 392, 259
5838 0 54 5848 0 75 5867 0 53 5884 0 79 5966 0 51 5989 0 54 5995 0 52 5996 0 53 6052 0 66 6053 0 67 6056 0 79 6061 0 51 6065 0 74 6076 0 75 6077 0 90 6077 0 91 6077 0 92 6079 0 79 6091 0 54 6105 0 79 6125 0 52 6125 0 74 6137 0 79 6155 0 53 6193 0 79 6212 0 51 6273 0 52 6279 0 
TIME iteration: 321 ms
Round:12
IR: 44, 216, 214, 325, 274
6363 0 53 6413 0 54 6428 0 66 6428 0 67 6432 0 52 6433 0 79 6447 0 51 6447 0 75 6454 0 74 6454 0 90 6454 0 91 6454 0 92 6457 0 79 6483 0 79 6497 0 53 6498 0 54 6516 0 79 6529 0 75 6585 0 79 6601 0 52 6613 0 51 6627 0 54 6682 0 53 6766 0 51 6777 0 52 6784 0 54 6788 0 66 6788 0 67 6793 0 79 6806 0 74 6813 0 90 6813 0 91 6813 0 92 6816 0 75 6817 0 79 6844 0 79 6850 0 53 6877 0 79 6881 0 
TIME iteration: 321 ms
Round:13
IR: 3, 174, 277, 523, 358
6895 0 51 6916 0 52 6917 0 54 6947 0 79 6981 0 58 7016 0 58 7020 0 51 7023 0 53 7045 0 86 7045 0 87 7048 0 58 7049 0 54 7080 0 58 7083 0 52 7084 0 66 7084 0 67 7088 0 79 7098 0 75 7106 0 74 7108 0 90 7108 0 91 7108 0 92 7111 0 58 7111 0 79 7137 0 79 7144 0 58 7154 0 53 7155 0 86 7155 0 87 7162 0 75 7169 0 79 7174 0 58 7186 0 54 7204 0 51 7205 0 58 7230 0 79 7234 0 58 7262 0 58 7266 0 86 7266 0 87 7284 0 53 7290 0 58 7305 0 54 7318 0 58 7347 0 58 7365 0 52 7372 0 66 7372 0 67 7375 0 58 7376 0 79 7378 0 86 7378 0 87 7383 0 74 7393 0 75 7394 0 51 7396 0 90 7396 0 91 7396 0 92 7400 0 79 7402 0 
TIME iteration: 321 ms
Round:14
IR: 81, 183, 165, 396, 217
7425 0 53 7426 0 79 7431 0 58 7440 0 74 7459 0 79 7468 0 54 7470 0 58 7473 0 52 7485 0 75 7490 0 86 7490 0 87 7523 0 79 7541 0 53 7603 0 51 7609 0 52 7610 0 54 7643 0 67 7644 0 66 7647 0 79 7662 0 74 7665 0 75 7667 0 90 7667 0 91 7667 0 92 7668 0 53 7670 0 79 7696 0 79 7728 0 79 7729 0 52 7734 0 54 7738 0 74 7783 0 79 7833 0 54 7842 0 53 7860 0 52 7862 0 51 7901 0 66 7903 0 67 7905 0 79 7910 0 75 7921 0 74 7925 0 90 7925 0 91 7925 0 92 7928 0 
TIME iteration: 321 ms
Round:15
IR: 30, 260, 307, 258, 251
7954 0 79 7963 0 75 7967 0 52 7986 0 79 7999 0 74 8001 0 51 8028 0 54 8042 0 79 8107 0 52 8127 0 51 8176 0 53 8199 0 54 8229 0 67 8230 0 52 8230 0 66 8234 0 79 8237 0 51 8251 0 75 8254 0 74 8254 0 90 8254 0 91 8254 0 92 8258 0 79 8284 0 79 8317 0 79 8350 0 53 8350 0 54 8377 0 51 8384 0 79 8391 0 
TIME iteration: 421 ms
Round:16
IR: 7, 177, 313, 366, 383
8488 0 54 8492 0 51 8520 0 53 8537 0 52 8619 0 51 8622 0 60 8622 0 61 8630 0 76 8645 0 52 8648 0 62 8648 0 63 8648 0 90 8648 0 91 8648 0 92 8654 0 76 8656 0 77 8680 0 77 8681 0 76 8694 0 53 8707 0 77 8711 0 68 8715 0 76 8718 0 69 8741 0 70 8741 0 77 8745 0 71 8769 0 90 8769 0 91 8769 0 92 8785 0 54 8795 0 51 8798 0 52 8888 0 53 8925 0 52 8937 0 54 8950 0 
TIME iteration: 325 ms
Round:17
IR: 23, 297, 174, 275, 165
9023 0 53 9050 0 54 9067 0 51 9106 0 61 9107 0 60 9110 0 67 9111 0 66 9112 0 76 9119 0 79 9133 0 90 9133 0 91 9133 0 92 9136 0 76 9142 0 68 9143 0 69 9143 0 79 9160 0 52 9161 0 74 9162 0 75 9163 0 76 9170 0 79 9193 0 54 9196 0 76 9205 0 79 9254 0 51 9263 0 76 9264 0 90 9264 0 91 9264 0 92 9299 0 54 9328 0 52 9336 0 53 9400 0 51 9425 0 54 9448 0 52 9452 0 
TIME iteration: 325 ms
Round:18
IR: 20, 148, 280, 249, 319
9564 0 53 9566 0 54 9570 0 52 9591 0 64 9591 0 65 9598 0 62 9598 0 63 9599 0 78 9605 0 66 9605 0 67 9606 0 77 9608 0 51 9611 0 79 9619 0 90 9619 0 91 9619 0 92 9623 0 78 9630 0 77 9635 0 79 9637 0 74 9637 0 75 9650 0 78 9657 0 77 9658 0 70 9659 0 71 9662 0 79 9684 0 78 9685 0 54 9691 0 77 9692 0 72 9693 0 73 9696 0 79 9725 0 51 9733 0 53 9735 0 90 9735 0 91 9735 0 92 9807 0 52 9846 0 51 9855 0 54 9869 0 53 9979 0 52 10000 0 53 10004 0 54 10009 0 
TIME iteration: 327 ms
Round:19
IR: 63, 183, 170, 267, 79
10076 0 65 10081 0 64 10084 0 78 10107 0 90 10107 0 91 10107 0 92 10108 0 78 10112 0 53 10113 0 73 10115 0 72 10135 0 78 10166 0 51 10168 0 78 10196 0 52 10235 0 78 10236 0 54 10271 0 51 10317 0 53 10383 0 54 10386 0 52 10424 0 51 10442 0 53 10454 0 61 10456 0 60 10463 0 76 10468 0 64 10469 0 65 10473 0 78 10481 0 90 10481 0 91 10481 0 92 10487 0 76 10491 0 72 10492 0 73 10497 0 78 10514 0 76 10523 0 78 10526 0 68 10527 0 69 10548 0 76 10556 0 78 10563 0 54 10565 0 51 10574 0 
TIME iteration: 327 ms
Round:20
IR: 23, 315, 256, 380, 224
10607 0 90 10607 0 91 10607 0 92 10617 0 78 10647 0 53 10688 0 52 10724 0 54 10753 0 51 10791 0 53 10838 0 54 10936 0 52 10967 0 51 10980 0 53 11023 0 64 11024 0 65 11030 0 54 11030 0 78 11044 0 66 11044 0 67 11053 0 79 11054 0 73 11054 0 78 11054 0 90 11054 0 91 11054 0 92 11055 0 72 11077 0 79 11081 0 78 11104 0 79 11107 0 51 11114 0 52 11115 0 78 11119 0 74 11122 0 
TIME iteration: 326 ms
Round:21
IR: 93, 231, 181, 297, 131
11139 0 79 11180 0 53 11181 0 90 11181 0 91 11181 0 92 11182 0 54 11196 0 78 11290 0 52 11302 0 53 11339 0 54 11350 0 51 11412 0 52 11448 0 53 11482 0 54 11515 0 52 11526 0 62 11527 0 63 11535 0 77 11543 0 66 11544 0 67 11549 0 79 11556 0 90 11556 0 91 11556 0 92 11559 0 77 11573 0 79 11574 0 53 11579 0 74 11580 0 75 11586 0 77 11594 0 51 11600 0 79 11609 0 70 11610 0 71 11621 0 77 11622 0 52 11628 0 54 11634 0 
TIME iteration: 326 ms
Round:22
IR: 41, 196, 165, 374, 292
11683 0 90 11683 0 91 11683 0 92 11760 0 52 11762 0 53 11773 0 54 11871 0 52 11876 0 51 11925 0 54 11928 0 53 12003 0 52 12020 0 63 12021 0 62 12026 0 77 12033 0 51 12033 0 54 12040 0 53 12046 0 66 12046 0 67 12050 0 77 12050 0 90 12050 0 91 12050 0 92 12052 0 79 12056 0 70 12056 0 71 12076 0 74 12076 0 75 12076 0 79 12077 0 77 12095 0 52 12103 0 79 12110 0 77 12124 0 54 12137 0 79 12174 0 90 12174 0 91 12174 0 92 12177 0 77 12189 0 
TIME iteration: 327 ms
Round:23
IR: 21, 251, 204, 268, 134
12191 0 53 12220 0 51 12314 0 53 12354 0 54 12391 0 51 12403 0 52 12446 0 53 12506 0 51 12517 0 54 12519 0 65 12521 0 64 12528 0 78 12539 0 61 12541 0 60 12547 0 52 12548 0 76 12549 0 90 12549 0 91 12549 0 92 12552 0 78 12564 0 53 12572 0 76 12579 0 78 12597 0 72 12597 0 73 12599 0 76 12613 0 78 12628 0 68 12633 0 76 12635 0 69 12636 0 54 12665 0 51 12675 0 90 12675 0 91 12675 0 92 12682 0 
TIME iteration: 326 ms
Round:24
IR: 6, 164, 162, 406, 238
12746 0 53 12813 0 51 12826 0 54 12848 0 52 12893 0 53 12963 0 54 12981 0 52 13003 0 51 13021 0 53 13042 0 64 13042 0 65 13044 0 62 13045 0 63 13047 0 78 13052 0 77 13068 0 90 13068 0 91 13068 0 92 13071 0 78 13076 0 77 13078 0 72 13080 0 73 13090 0 52 13092 0 54 13098 0 78 13103 0 77 13104 0 71 13106 0 70 13125 0 53 13131 0 78 13137 0 77 13197 0 78 13199 0 90 13199 0 91 13199 0 92 13219 0 51 13243 0 
TIME iteration: 325 ms
Round:25
IR: 8, 263, 184, 347, 296
13256 0 54 13327 0 51 13350 0 54 13369 0 52 13389 0 53 13448 0 51 13489 0 52 13523 0 54 13523 0 63 13524 0 62 13526 0 60 13529 0 77 13530 0 61 13536 0 76 13538 0 53 13550 0 90 13550 0 91 13550 0 92 13553 0 77 13556 0 71 13557 0 70 13560 0 76 13580 0 77 13587 0 76 13591 0 68 13591 0 69 13613 0 77 13615 0 51 13621 0 76 13678 0 52 13680 0 77 13681 0 90 13681 0 91 13681 0 92 13710 0 54 13725 0 51 13730 0 
TIME iteration: 326 ms
Round:26
IR: 8, 167, 194, 481, 370
13866 0 53 13876 0 52 13878 0 58 13885 0 51 13913 0 58 13923 0 54 13942 0 86 13942 0 87 13948 0 58 13983 0 58 13986 0 53 14016 0 58 14025 0 52 14035 0 54 14049 0 58 14055 0 86 14055 0 87 14074 0 67 14076 0 66 14080 0 58 14084 0 79 14098 0 51 14105 0 90 14105 0 91 14105 0 92 14108 0 79 14110 0 58 14135 0 79 14140 0 58 14157 0 75 14158 0 74 14168 0 58 14168 0 86 14168 0 87 14170 0 54 14170 0 79 14196 0 58 14207 0 53 14224 0 58 14252 0 58 14263 0 52 14280 0 58 14280 0 86 14280 0 87 14300 0 54 14308 0 
TIME iteration: 326 ms
Round:27
IR: 30, 129, 184, 279, 146
14342 0 58 14352 0 51 14366 0 53 14377 0 67 14381 0 66 14382 0 79 14401 0 74 14402 0 75 14402 0 86 14402 0 87 14404 0 90 14404 0 91 14404 0 92 14405 0 79 14408 0 58 14425 0 54 14431 0 79 14463 0 79 14498 0 52 14506 0 51 14514 0 53 14520 0 79 14537 0 54 14650 0 53 14674 0 51 14675 0 54 14678 0 52 14709 0 67 14710 0 66 14714 0 79 14724 0 74 14725 0 75 14734 0 90 14734 0 91 14734 0 92 14738 0 79 14764 0 79 14787 0 74 14791 0 75 14797 0 52 14797 0 79 14802 0 53 14834 0 54 14838 0 
TIME iteration: 325 ms
Round:28
IR: 39, 204, 175, 568, 68
14860 0 79 14921 0 58 14933 0 53 14948 0 51 14958 0 58 14961 0 54 14962 0 86 14962 0 87 14971 0 52 14986 0 66 14986 0 67 14990 0 79 14992 0 58 15006 0 74 15007 0 75 15010 0 90 15010 0 91 15010 0 92 15013 0 79 15022 0 58 15039 0 79 15051 0 58 15071 0 79 15074 0 86 15074 0 87 15079 0 58 15089 0 51 15090 0 74 15107 0 54 15107 0 58 15129 0 79 15135 0 58 15137 0 53 15163 0 58 15185 0 86 15185 0 87 15191 0 58 15220 0 58 15228 0 52 15248 0 58 15276 0 58 15295 0 51 15296 0 86 15296 0 87 15303 0 58 15310 0 53 15327 0 52 15331 0 58 15358 0 58 15368 0 
TIME iteration: 325 ms
Round:29
IR: 233, 293, 226, 245, 129
15387 0 58 15407 0 86 15407 0 87 15420 0 66 15425 0 67 15426 0 58 15428 0 79 15441 0 51 15445 0 75 15449 0 90 15449 0 91 15449 0 92 15452 0 79 15456 0 74 15479 0 79 15499 0 54 15509 0 52 15513 0 79 15535 0 51 15540 0 53 15602 0 54 15671 0 51 15674 0 53 15682 0 52 15790 0 54 15812 0 66 15813 0 67 15817 0 79 15821 0 53 15832 0 75 15835 0 74 15839 0 90 15839 0 91 15839 0 92 15841 0 79 15849 0 51 15867 0 79 15892 0 
TIME iteration: 325 ms
Round:30
IR: 84, 310, 182, 301, 113
15900 0 79 15916 0 75 15918 0 54 15949 0 53 15967 0 79 16025 0 54 16051 0 51 16061 0 53 16075 0 67 16076 0 66 16079 0 79 16085 0 74 16097 0 75 16099 0 90 16099 0 91 16099 0 92 16102 0 79 16128 0 79 16133 0 54 16140 0 74 16160 0 79 16192 0 52 16207 0 51 16215 0 79 16245 0 53 16245 0 54 16342 0 51 16384 0 54 16397 0 66 16398 0 67 16399 0 52 16402 0 79 16411 0 75 16419 0 74 16422 0 90 16422 0 91 16422 0 92 16426 0 
TIME iteration: 325 ms
Round:31
IR: 23, 318, 170, 193, 163
16439 0 53 16452 0 79 16460 0 51 16473 0 75 16485 0 79 16503 0 54 16553 0 79 16584 0 51 16604 0 54 16661 0 66 16662 0 67 16665 0 79 16671 0 74 16676 0 53 16680 0 52 16680 0 75 16685 0 90 16685 0 91 16685 0 92 16688 0 79 16692 0 51 16714 0 79 16726 0 74 16746 0 79 16755 0 54 16757 0 75 16801 0 79 16839 0 51 16855 0 52 16876 0 53 16928 0 
TIME iteration: 325 ms
Round:32
IR: 13, 291, 344, 256, 18
16970 0 66 16970 0 67 16974 0 79 16991 0 74 16993 0 75 16994 0 90 16994 0 91 16994 0 92 16997 0 79 17023 0 79 17032 0 52 17055 0 79 17065 0 51 17081 0 53 17081 0 74 17083 0 54 17114 0 79 17150 0 51 17214 0 52 17227 0 53 17246 0 54 17291 0 66 17291 0 67 17295 0 79 17305 0 75 17306 0 51 17315 0 90 17315 0 91 17315 0 92 17316 0 74 17318 0 79 17337 0 53 17344 0 79 17368 0 75 17373 0 52 17376 0 79 17404 0 54 17435 0 79 17452 0 
TIME iteration: 325 ms
Round:33
IR: 5, 147, 207, 280, 78
17500 0 52 17519 0 51 17532 0 54 17572 0 53 17589 0 67 17591 0 66 17594 0 79 17596 0 52 17604 0 51 17604 0 74 17612 0 75 17614 0 90 17614 0 91 17614 0 92 17618 0 79 17644 0 79 17667 0 74 17671 0 52 17677 0 79 17730 0 51 17734 0 54 17739 0 79 17748 0 52 17788 0 53 17835 0 51 17849 0 52 17870 0 63 17871 0 62 17879 0 77 17891 0 53 17894 0 90 17894 0 91 17894 0 92 17903 0 77 17916 0 54 17930 0 77 17942 0 51 17958 0 52 17965 0 77 17968 0 70 17969 0 
TIME iteration: 325 ms
Round:34
IR: 26, 475, 397, 301, 103
18022 0 53 18071 0 52 18107 0 51 18117 0 62 18117 0 63 18118 0 77 18125 0 54 18136 0 70 18136 0 71 18140 0 90 18140 0 91 18140 0 92 18141 0 77 18167 0 77 18198 0 77 18215 0 70 18215 0 71 18236 0 52 18243 0 53 18247 0 77 18280 0 54 18301 0 51 18336 0 52 18353 0 62 18354 0 63 18356 0 77 18372 0 70 18372 0 71 18376 0 90 18376 0 91 18376 0 92 18379 0 53 18379 0 77 18392 0 54 18405 0 77 18436 0 77 18442 0 51 18444 0 52 18446 0 70 18446 0 71 18487 0 
TIME iteration: 326 ms
Round:35
IR: 22, 248, 246, 260, 152
18568 0 53 18587 0 54 18612 0 51 18619 0 52 18646 0 62 18646 0 63 18649 0 77 18668 0 70 18668 0 71 18670 0 90 18670 0 91 18670 0 92 18672 0 77 18674 0 53 18698 0 77 18730 0 51 18730 0 77 18732 0 52 18772 0 54 18784 0 77 18803 0 53 18849 0 51 18875 0 52 18913 0 54 18956 0 53 19009 0 52 19013 0 51 19019 0 63 19020 0 62 19024 0 77 19036 0 65 19037 0 70 19038 0 61 19038 0 71 19039 0 60 19040 0 64 19045 0 90 19045 0 91 19045 0 92 19046 0 78 19047 0 76 19048 0 77 19070 0 78 19071 0 76 19074 0 
TIME iteration: 325 ms
Round:36
IR: 75, 201, 186, 177, 164
19095 0 54 19097 0 78 19098 0 76 19107 0 77 19108 0 70 19113 0 71 19131 0 78 19133 0 69 19133 0 73 19133 0 76 19136 0 68 19137 0 72 19159 0 90 19159 0 91 19159 0 92 19162 0 53 19168 0 77 19171 0 51 19184 0 52 19243 0 54 19305 0 53 19315 0 51 19354 0 52 19385 0 54 19429 0 53 19480 0 51 19486 0 65 19487 0 64 19491 0 54 19491 0 78 19508 0 66 19508 0 67 19515 0 78 19515 0 90 19515 0 91 19515 0 92 19517 0 79 19520 0 72 19521 0 73 19525 0 52 19541 0 78 19541 0 79 19568 0 79 19574 0 78 19593 0 75 19595 0 74 19603 0 
TIME iteration: 327 ms
Round:37
IR: 103, 282, 312, 288, 271
19621 0 53 19635 0 78 19640 0 90 19640 0 91 19640 0 92 19659 0 54 19660 0 51 19766 0 51 19775 0 52 19856 0 54 19874 0 53 19879 0 51 19964 0 61 19970 0 60 19975 0 76 19992 0 52 19996 0 90 19996 0 91 19996 0 92 19999 0 76 20026 0 76 20027 0 68 20028 0 69 20031 0 51 20049 0 53 20060 0 76 20073 0 
TIME iteration: 326 ms
Round:38
IR: 61, 307, 232, 213, 215
20201 0 51 20214 0 53 20223 0 52 20231 0 54 20358 0 54 20377 0 67 20378 0 66 20385 0 79 20388 0 52 20400 0 51 20404 0 90 20404 0 91 20404 0 92 20409 0 79 20435 0 75 20436 0 74 20436 0 79 20454 0 53 20470 0 79 20502 0 54 20539 0 51 20608 0 52 20624 0 
TIME iteration: 324 ms
Round:39
IR: 13, 187, 193, 246, 262
20671 0 54 20719 0 52 20724 0 51 20735 0 67 20736 0 66 20739 0 79 20750 0 53 20759 0 75 20760 0 74 20761 0 90 20761 0 91 20761 0 92 20762 0 79 20771 0 54 20788 0 79 20820 0 79 20858 0 51 20878 0 79 20885 0 54 20928 0 52 20935 0 53 20956 0 51 21059 0 52 21062 0 54 21072 0 51 21082 0 60 21082 0 61 21090 0 76 21105 0 67 21107 0 66 21107 0 90 21107 0 91 21107 0 92 21111 0 79 21114 0 76 21124 0 74 21125 0 75 21135 0 79 21141 0 76 21150 0 68 21151 0 69 21162 0 79 21175 0 76 21185 0 52 21195 0 79 21199 0 
TIME iteration: 325 ms
Round:40
IR: 87, 377, 153, 436, 506
21207 0 75 21229 0 90 21229 0 91 21229 0 92 21230 0 53 21247 0 54 21269 0 79 21281 0 51 21309 0 59 21329 0 52 21343 0 59 21372 0 88 21372 0 89 21375 0 59 21406 0 59 21406 0 88 21406 0 89 21436 0 59 21438 0 88 21438 0 89 21441 0 53 21457 0 52 21466 0 59 21469 0 88 21469 0 89 21475 0 54 21496 0 59 21499 0 88 21499 0 89 21516 0 51 21525 0 59 21529 0 88 21529 0 89 21553 0 59 21558 0 88 21558 0 89 21580 0 59 21586 0 88 21586 0 89 21604 0 52 21608 0 54 21608 0 59 21614 0 88 21614 0 89 21627 0 53 21637 0 59 21642 0 88 21642 0 89 21666 0 59 21671 0 88 21671 0 89 21691 0 65 21694 0 59 21696 0 64 21699 0 88 21699 0 89 21702 0 78 21703 0 54 21722 0 59 21725 0 90 21725 0 91 21725 0 92 21726 0 78 21727 0 51 21727 0 88 21727 0 
TIME iteration: 327 ms
Round:41
IR: 40, 277, 271, 486, 304
21753 0 78 21755 0 59 21757 0 88 21757 0 89 21781 0 53 21786 0 52 21786 0 72 21788 0 73 21788 0 78 21789 0 88 21789 0 89 21816 0 59 21824 0 88 21824 0 89 21825 0 58 21863 0 58 21866 0 88 21866 0 89 21891 0 86 21891 0 87 21892 0 51 21899 0 58 21933 0 58 21942 0 54 21959 0 52 21966 0 58 21997 0 58 22003 0 86 22003 0 87 22016 0 53 22029 0 58 22060 0 58 22073 0 52 22091 0 58 22115 0 86 22115 0 87 22121 0 58 22129 0 54 22151 0 58 22180 0 58 22199 0 53 22209 0 58 22216 0 51 22225 0 86 22225 0 87 22238 0 58 22257 0 
TIME iteration: 326 ms
Round:42
IR: 47, 102, 159, 141, 243
22267 0 58 22293 0 54 22306 0 58 22319 0 53 22329 0 66 22329 0 67 22338 0 79 22340 0 86 22340 0 87 22360 0 90 22360 0 91 22360 0 92 22362 0 79 22378 0 51 22389 0 79 22398 0 74 22402 0 75 22417 0 52 22424 0 79 22452 0 54 22530 0 51 22541 0 52 22566 0 53 22572 0 54 22631 0 67 22634 0 66 22635 0 79 22638 0 51 22654 0 74 22655 0 75 22657 0 90 22657 0 91 22657 0 92 22658 0 79 22684 0 79 22692 0 52 22706 0 53 22716 0 79 22722 0 54 22770 0 51 22772 0 
TIME iteration: 325 ms
Round:43
IR: 105, 186, 201, 283, 116
22802 0 53 22853 0 52 22902 0 51 22930 0 53 22956 0 52 22966 0 65 22968 0 64 22975 0 78 22991 0 62 22992 0 63 22992 0 90 22992 0 91 22992 0 92 22999 0 78 23000 0 77 23008 0 54 23024 0 77 23026 0 78 23041 0 72 23043 0 73 23049 0 53 23051 0 77 23060 0 78 23072 0 51 23084 0 71 23085 0 70 23086 0 77 23113 0 90 23113 0 91 23113 0 92 23124 0 54 23134 0 52 23202 0 53 23209 0 54 23306 0 
TIME iteration: 325 ms
Round:44
IR: 16, 212, 129, 320, 281
23345 0 53 23346 0 52 23426 0 51 23444 0 54 23450 0 66 23451 0 67 23459 0 79 23480 0 90 23480 0 91 23480 0 92 23483 0 79 23499 0 74 23499 0 75 23510 0 79 23540 0 53 23545 0 79 23558 0 54 23606 0 52 23617 0 51 23714 0 53 23742 0 51 23746 0 54 23785 0 52 23830 0 
TIME iteration: 325 ms
Round:45
IR: 61, 171, 174, 275, 105
23853 0 64 23854 0 65 23861 0 78 23865 0 54 23866 0 66 23867 0 67 23871 0 79 23880 0 90 23880 0 91 23880 0 92 23885 0 78 23894 0 74 23894 0 75 23895 0 79 23896 0 51 23911 0 72 23912 0 78 23913 0 73 23921 0 79 23946 0 78 23954 0 79 23966 0 53 23980 0 52 23992 0 54 24007 0 90 24007 0 91 24007 0 92 24018 0 79 24030 0 51 24075 0 53 24111 0 54 24145 0 51 24165 0 52 24240 0 53 24254 0 51 24261 0 54 24316 0 61 24317 0 60 24325 0 76 24345 0 90 24345 0 91 24345 0 92 24349 0 76 24376 0 76 24377 0 53 24379 0 
TIME iteration: 325 ms
Round:46
IR: 33, 14, 310, 392, 109
24411 0 76 24413 0 69 24417 0 68 24419 0 51 24506 0 54 24514 0 51 24524 0 53 24534 0 52 24565 0 60 24567 0 61 24567 0 76 24585 0 69 24586 0 68 24589 0 90 24589 0 91 24589 0 92 24590 0 76 24616 0 76 24647 0 53 24647 0 76 24669 0 52 24670 0 69 24674 0 68 24684 0 54 24696 0 76 24710 0 51 24784 0 53 24811 0 52 24812 0 51 24823 0 61 24824 0 60 24826 0 76 24843 0 69 24844 0 68 24846 0 90 24846 0 91 24846 0 92 24849 0 76 24875 0 76 24889 0 54 24907 0 
TIME iteration: 326 ms
Round:47
IR: 13, 197, 193, 231, 209
24910 0 53 24917 0 69 24937 0 52 24938 0 68 24960 0 76 24964 0 51 25030 0 53 25080 0 51 25081 0 54 25089 0 60 25089 0 61 25092 0 76 25109 0 68 25109 0 69 25112 0 90 25112 0 91 25112 0 92 25115 0 76 25128 0 53 25138 0 52 25141 0 76 25173 0 76 25184 0 51 25188 0 69 25191 0 68 25223 0 53 25227 0 76 25238 0 54 25256 0 52 25309 0 51 25328 0 60 25328 0 61 25331 0 76 25347 0 68 25347 0 69 25351 0 90 25351 0 91 25351 0 92 25354 0 76 25369 0 52 25380 0 76 25386 0 54 25392 0 53 25412 0 76 25422 0 68 25422 0 
TIME iteration: 325 ms
Round:48
IR: 123, 270, 177, 242, 103
25450 0 51 25465 0 76 25515 0 52 25555 0 54 25564 0 53 25609 0 51 25627 0 60 25627 0 61 25630 0 76 25645 0 52 25649 0 68 25649 0 69 25651 0 90 25651 0 91 25651 0 92 25653 0 76 25677 0 54 25679 0 76 25711 0 76 25739 0 53 25749 0 52 25758 0 51 25765 0 76 25780 0 54 25882 0 52 25888 0 53 25940 0 54 25946 0 
TIME iteration: 324 ms
Round:49
IR: 54, 194, 169, 398, 368
26000 0 66 26000 0 67 26009 0 79 26023 0 52 26026 0 90 26026 0 91 26026 0 92 26033 0 79 26037 0 53 26060 0 54 26060 0 79 26070 0 51 26084 0 74 26088 0 75 26095 0 79 26185 0 54 26196 0 51 26225 0 52 26264 0 53 26296 0 54 26302 0 66 26302 0 67 26305 0 79 26324 0 74 26324 0 75 26326 0 90 26326 0 91 26326 0 92 26328 0 79 26352 0 52 26354 0 79 26386 0 79 26440 0 54 26442 0 79 26464 0 
TIME iteration: 325 ms
Round:50
IR: 6, 92, 204, 402, 208
26549 0 51 26586 0 52 26630 0 54 26689 0 53 26708 0 66 26715 0 67 26717 0 79 26729 0 51 26732 0 75 26733 0 74 26738 0 90 26738 0 91 26738 0 92 26741 0 79 26768 0 79 26795 0 54 26802 0 79 26808 0 52 26817 0 75 26862 0 53 26901 0 51 26935 0 52 26950 0 54 27001 0 
TIME iteration: 324 ms
Round:51
IR: 82, 221, 284, 379, 205
27078 0 52 27089 0 54 27091 0 66 27091 0 67 27095 0 79 27102 0 62 27104 0 63 27110 0 74 27111 0 51 27111 0 77 27117 0 90 27117 0 91 27117 0 92 27119 0 79 27120 0 75 27135 0 77 27145 0 79 27162 0 77 27164 0 53 27178 0 79 27183 0 74 27192 0 71 27196 0 77 27213 0 70 27234 0 52 27241 0 79 27243 0 54 27244 0 90 27244 0 91 27244 0 92 27275 0 51 27282 0 53 27373 0 52 27405 0 51 27452 0 53 27480 0 52 27493 0 
TIME iteration: 325 ms
Round:52
IR: 33, 207, 177, 378, 128
27567 0 63 27568 0 62 27572 0 77 27590 0 53 27596 0 77 27597 0 90 27597 0 91 27597 0 92 27602 0 70 27602 0 71 27614 0 52 27622 0 77 27640 0 51 27644 0 54 27655 0 77 27716 0 77 27723 0 53 27760 0 52 27794 0 54 27856 0 51 27902 0 52 27930 0 62 27931 0 63 27935 0 77 27951 0 70 27951 0 71 27956 0 90 27956 0 91 27956 0 92 27959 0 77 27964 0 54 27966 0 53 27985 0 77 28018 0 77 28037 0 51 28045 0 70 28056 0 52 28079 0 
TIME iteration: 326 ms
Round:53
IR: 15, 210, 190, 405, 340
28143 0 53 28173 0 51 28179 0 54 28193 0 52 28230 0 62 28231 0 63 28234 0 77 28243 0 71 28255 0 70 28255 0 90 28255 0 91 28255 0 92 28257 0 77 28283 0 77 28284 0 53 28303 0 71 28315 0 77 28322 0 51 28329 0 52 28357 0 54 28370 0 77 28388 0 53 28480 0 51 28498 0 53 28512 0 52 28547 0 64 28551 0 65 28557 0 78 28573 0 90 28573 0 91 28573 0 92 28581 0 78 28608 0 78 28614 0 
TIME iteration: 325 ms
Round:54
IR: 81, 369, 215, 234, 263
28640 0 73 28642 0 78 28645 0 72 28646 0 51 28647 0 54 28718 0 52 28773 0 53 28797 0 51 28810 0 54 28875 0 52 28950 0 53 28955 0 64 28956 0 65 28960 0 78 28981 0 54 28982 0 90 28982 0 91 28982 0 92 28984 0 78 28986 0 72 28986 0 73 29010 0 78 29014 0 51 29026 0 52 29043 0 78 29104 0 78 29146 0 52 29148 0 
TIME iteration: 325 ms
Round:55
IR: 122, 339, 148, 383, 281
29161 0 51 29161 0 53 29285 0 54 29309 0 51 29350 0 61 29352 0 60 29353 0 66 29353 0 67 29359 0 76 29362 0 79 29370 0 52 29375 0 90 29375 0 91 29375 0 92 29383 0 53 29383 0 76 29386 0 79 29410 0 76 29413 0 79 29443 0 75 29444 0 69 29444 0 74 29444 0 76 29447 0 68 29448 0 79 29469 0 51 29472 0 54 29505 0 52 29505 0 90 29505 0 91 29505 0 92 29616 0 53 29654 0 51 29664 0 
TIME iteration: 325 ms
Round:56
IR: 18, 330, 296, 221, 270
29708 0 54 29808 0 53 29810 0 52 29835 0 51 29868 0 54 29889 0 63 29896 0 62 29901 0 77 29923 0 90 29923 0 91 29923 0 92 29925 0 77 29937 0 53 29952 0 77 29959 0 52 29973 0 71 29978 0 70 29986 0 77 29994 0 51 30049 0 53 30052 0 54 30144 0 51 30154 0 52 30182 0 
TIME iteration: 325 ms
Round:57
IR: 13, 231, 227, 378, 168
30225 0 53 30247 0 51 30266 0 60 30266 0 61 30274 0 76 30292 0 90 30292 0 91 30292 0 92 30298 0 76 30324 0 69 30325 0 76 30326 0 68 30359 0 76 30384 0 52 30388 0 51 30437 0 54 30441 0 53 30533 0 51 30538 0 52 30571 0 53 30591 0 61 30592 0 60 30594 0 76 30596 0 54 30612 0 69 30614 0 68 30616 0 90 30616 0 91 30616 0 92 30617 0 76 30643 0 76 30675 0 51 30675 0 76 30681 0 52 30696 0 69 30728 0 
TIME iteration: 325 ms
Round:58
IR: 99, 75, 148, 228, 109
30746 0 53 30759 0 54 30814 0 51 30851 0 52 30902 0 61 30904 0 60 30907 0 54 30907 0 76 30916 0 68 30927 0 69 30927 0 90 30927 0 91 30927 0 92 30930 0 76 30956 0 76 30962 0 51 30967 0 53 30975 0 68 30988 0 76 31005 0 52 31040 0 54 31044 0 76 31146 0 52 31146 0 54 31158 0 51 31221 0 
TIME iteration: 324 ms
Round:59
IR: 33, 289, 176, 250, 249
31311 0 51 31321 0 60 31322 0 61 31327 0 76 31342 0 52 31343 0 69 31348 0 90 31348 0 91 31348 0 92 31351 0 68 31351 0 76 31378 0 76 31379 0 54 31388 0 53 31411 0 76 31478 0 76 31487 0 54 31492 0 52 31518 0 53 31525 0 51 31616 0 54 31658 0 51 31665 0 67 31666 0 52 31668 0 66 31675 0 79 31692 0 90 31692 0 91 31692 0 92 31699 0 79 31702 0 53 31726 0 79 31761 0 79 31762 0 75 31765 0 74 31792 0 
TIME iteration: 325 ms
Round:60
IR: 62, 362, 209, 264, 88
31800 0 51 31802 0 53 31825 0 52 31904 0 53 31938 0 51 31953 0 54 31990 0 52 31990 0 66 31990 0 67 31993 0 79 32014 0 74 32014 0 75 32015 0 90 32015 0 91 32015 0 92 32016 0 79 32042 0 79 32053 0 53 32074 0 79 32112 0 54 32131 0 79 32162 0 53 32166 0 52 32195 0 51 32223 0 54 32294 0 51 32326 0 
TIME iteration: 325 ms
Round:61
IR: 31, 419, 380, 296, 176
32369 0 65 32371 0 64 32378 0 78 32387 0 54 32389 0 52 32393 0 66 32393 0 67 32395 0 51 32396 0 61 32396 0 90 32396 0 91 32396 0 92 32398 0 79 32402 0 78 32413 0 74 32413 0 76 32414 0 75 32422 0 79 32429 0 78 32445 0 76 32449 0 79 32463 0 73 32463 0 78 32467 0 72 32482 0 79 32498 0 74 32498 0 76 32512 0 75 32512 0 90 32512 0 91 32512 0 92 32530 0 51 32537 0 54 32542 0 53 32573 0 52 32762 0 51 32800 0 
TIME iteration: 325 ms
Round:62
IR: 90, 190, 150, 299, 253
32860 0 54 32882 0 52 32915 0 53 32945 0 64 32945 0 65 32951 0 78 32975 0 78 32975 0 90 32975 0 91 32975 0 92 32984 0 51 32988 0 72 32988 0 73 33002 0 78 33036 0 78 33051 0 52 33101 0 54 33112 0 78 33139 0 53 33226 0 52 33236 0 54 33244 0 51 33317 0 53 33352 0 52 33369 0 64 33369 0 65 33370 0 62 33370 0 63 33374 0 78 33378 0 77 33382 0 
TIME iteration: 326 ms
Round:63
IR: 30, 189, 191, 335, 206
33392 0 66 33392 0 67 33393 0 90 33393 0 91 33393 0 92 33395 0 72 33396 0 73 33398 0 78 33400 0 79 33402 0 77 33424 0 79 33425 0 78 33429 0 77 33451 0 79 33456 0 74 33456 0 75 33458 0 78 33462 0 70 33463 0 71 33463 0 77 33486 0 79 33487 0 52 33495 0 51 33504 0 54 33507 0 90 33507 0 91 33507 0 92 33524 0 78 33545 0 53 33631 0 52 33649 0 53 33656 0 51 33664 0 54 33747 0 52 33820 0 53 33829 0 51 33873 0 65 33875 0 54 33875 0 64 33880 0 78 33902 0 73 33903 0 72 33903 0 90 33903 0 91 33903 0 92 33904 0 78 33905 0 
TIME iteration: 326 ms
Round:64
IR: 31, 237, 161, 376, 232
33931 0 78 33965 0 78 34020 0 53 34041 0 78 34083 0 51 34133 0 52 34173 0 53 34178 0 54 34277 0 54 34331 0 66 34333 0 67 34335 0 52 34340 0 79 34351 0 53 34356 0 64 34356 0 65 34360 0 90 34360 0 91 34360 0 92 34362 0 78 34364 0 79 34385 0 72 34385 0 73 34386 0 78 34390 0 74 34391 0 79 34393 0 75 34413 0 78 34424 0 54 34425 0 79 34447 0 
TIME iteration: 326 ms
Round:65
IR: 47, 320, 252, 386, 133
34483 0 90 34483 0 91 34483 0 92 34484 0 51 34497 0 52 34521 0 53 34523 0 78 34548 0 54 34645 0 54 34649 0 53 34660 0 51 34706 0 52 34800 0 51 34817 0 54 34844 0 66 34845 0 67 34850 0 79 34859 0 53 34870 0 52 34874 0 60 34874 0 61 34874 0 79 34874 0 90 34874 0 91 34874 0 92 34880 0 74 34880 0 75 34882 0 76 34901 0 79 34906 0 76 34933 0 76 34935 0 79 34961 0 68 34967 0 76 34968 0 51 34968 0 
TIME iteration: 325 ms
Round:66
IR: 3, 395, 447, 433, 120
34996 0 90 34996 0 91 34996 0 92 35001 0 53 35012 0 54 35072 0 52 35120 0 53 35129 0 51 35155 0 54 35219 0 53 35245 0 51 35352 0 53 35354 0 64 35355 0 65 35362 0 78 35377 0 54 35384 0 90 35384 0 91 35384 0 92 35385 0 52 35386 0 78 35412 0 72 35413 0 73 35413 0 78 35447 0 51 35447 0 78 35496 0 
TIME iteration: 326 ms
Round:67
IR: 24, 167, 190, 276, 243
35557 0 52 35594 0 54 35609 0 51 35670 0 53 35721 0 64 35723 0 65 35726 0 78 35739 0 54 35747 0 72 35747 0 73 35748 0 90 35748 0 91 35748 0 92 35749 0 78 35775 0 78 35792 0 51 35797 0 52 35807 0 78 35830 0 53 35834 0 54 35863 0 78 35908 0 51 35960 0 53 35987 0 52 36035 0 
TIME iteration: 324 ms
Round:68
IR: 4, 189, 511, 476, 16
36043 0 51 36080 0 60 36081 0 61 36089 0 76 36106 0 90 36106 0 91 36106 0 92 36113 0 76 36120 0 53 36129 0 58 36140 0 76 36151 0 68 36155 0 69 36157 0 52 36158 0 54 36164 0 58 36175 0 76 36183 0 51 36193 0 86 36193 0 87 36199 0 58 36234 0 58 36265 0 58 36284 0 54 36296 0 58 36301 0 53 36304 0 86 36304 0 87 36327 0 58 36347 0 51 36352 0 52 36357 0 58 36387 0 58 36415 0 60 36416 0 61 36417 0 58 36417 0 86 36417 0 87 36419 0 76 36439 0 68 36440 0 69 36440 0 90 36440 0 91 36440 0 92 36442 0 76 36446 0 58 36452 0 54 36454 0 52 36468 0 76 36470 0 53 36474 0 58 36475 0 51 36500 0 76 36502 0 58 36529 0 58 36529 0 86 36529 0 87 36544 0 52 36555 0 76 36556 0 58 36566 0 
TIME iteration: 325 ms
Round:69
IR: 61, 289, 173, 186, 279
36585 0 58 36593 0 51 36603 0 53 36624 0 58 36640 0 86 36640 0 87 36648 0 52 36708 0 51 36730 0 54 36730 0 61 36731 0 60 36734 0 76 36744 0 68 36745 0 69 36755 0 90 36755 0 91 36755 0 92 36757 0 52 36757 0 76 36773 0 53 36783 0 76 36807 0 68 36808 0 69 36815 0 76 36842 0 51 36870 0 76 36873 0 52 36902 0 53 36907 0 54 36959 0 51 36986 0 61 36988 0 60 36990 0 76 37005 0 68 37005 0 69 37010 0 90 37010 0 91 37010 0 92 37013 0 76 37032 0 52 37039 0 76 37047 0 53 37071 0 76 37077 0 68 37081 0 
TIME iteration: 325 ms
Round:70
IR: 63, 425, 325, 288, 14
37100 0 54 37125 0 76 37126 0 51 37222 0 54 37249 0 53 37268 0 52 37380 0 54 37381 0 53 37397 0 66 37400 0 67 37401 0 51 37407 0 79 37413 0 64 37413 0 65 37421 0 78 37424 0 52 37425 0 90 37425 0 91 37425 0 92 37431 0 79 37445 0 78 37458 0 79 37472 0 78 37487 0 75 37493 0 79 37494 0 73 37496 0 72 37498 0 74 37506 0 78 37517 0 51 37538 0 53 37551 0 90 37551 0 91 37551 0 92 37598 0 52 37623 0 
TIME iteration: 325 ms
Round:71
IR: 72, 188, 217, 202, 159
37675 0 53 37742 0 54 37761 0 52 37809 0 51 37879 0 54 37921 0 53 37937 0 52 37973 0 51 37973 0 62 37973 0 63 37981 0 77 37992 0 60 37993 0 61 38000 0 76 38004 0 90 38004 0 91 38004 0 92 38005 0 77 38024 0 76 38032 0 77 38036 0 54 38051 0 76 38057 0 68 38057 0 69 38064 0 70 38066 0 71 38066 0 77 38085 0 76 38096 0 51 38131 0 90 38131 0 91 38131 0 92 38140 0 
TIME iteration: 326 ms
Round:72
IR: 46, 272, 306, 284, 176
38164 0 53 38170 0 54 38245 0 51 38286 0 53 38347 0 54 38349 0 52 38402 0 51 38513 0 54 38529 0 51 38535 0 60 38536 0 61 38541 0 76 38550 0 66 38551 0 67 38557 0 53 38559 0 79 38565 0 76 38566 0 52 38566 0 90 38566 0 91 38566 0 92 38572 0 68 38573 0 69 38583 0 79 38592 0 76 38610 0 79 38619 0 75 38622 0 74 38625 0 76 38645 0 79 38664 0 51 38672 0 
TIME iteration: 325 ms
Round:73
IR: 7, 182, 217, 308, 196
38692 0 76 38695 0 90 38695 0 91 38695 0 92 38709 0 54 38768 0 52 38793 0 53 38835 0 51 38837 0 54 38918 0 53 38989 0 52 38998 0 51 39053 0 53 39063 0 64 39064 0 65 39072 0 78 39092 0 54 39093 0 90 39093 0 91 39093 0 92 39096 0 78 39120 0 52 39123 0 78 39146 0 73 39147 0 72 39158 0 78 39162 0 51 39167 0 
TIME iteration: 324 ms
Round:74
IR: 34, 194, 199, 308, 124
39283 0 54 39305 0 53 39317 0 51 39320 0 52 39360 0 64 39361 0 65 39363 0 78 39382 0 72 39382 0 73 39385 0 90 39385 0 91 39385 0 92 39386 0 78 39392 0 54 39412 0 78 39437 0 53 39440 0 51 39444 0 78 39472 0 52 39475 0 72 39497 0 78 39527 0 54 39560 0 51 39569 0 53 39580 0 52 39666 0 65 39667 0 53 39668 0 64 39671 0 51 39671 0 78 39680 0 73 39691 0 72 39691 0 90 39691 0 91 39691 0 92 39694 0 78 39704 0 52 39720 0 78 39742 0 73 39749 0 
TIME iteration: 325 ms
Round:75
IR: 102, 257, 180, 317, 410
39752 0 78 39777 0 53 39808 0 78 39815 0 51 39858 0 52 39921 0 53 39943 0 54 39968 0 64 39968 0 65 39972 0 78 39982 0 72 39991 0 73 39992 0 90 39992 0 91 39992 0 92 39995 0 78 40021 0 78 40043 0 51 40046 0 72 40053 0 52 40053 0 78 40097 0 54 40105 0 53 40109 0 78 40169 0 51 40226 0 54 40229 0 
TIME iteration: 324 ms
Round:76
IR: 20, 283, 326, 295, 303
40298 0 53 40348 0 54 40348 0 64 40348 0 65 40353 0 78 40357 0 51 40358 0 66 40358 0 67 40366 0 73 40367 0 79 40374 0 90 40374 0 91 40374 0 92 40375 0 72 40377 0 78 40386 0 52 40391 0 79 40404 0 78 40418 0 79 40436 0 53 40437 0 73 40437 0 78 40446 0 74 40447 0 75 40453 0 79 40482 0 54 40502 0 78 40502 0 90 40502 0 91 40502 0 92 40524 0 51 40539 0 52 40647 0 53 40673 0 52 40699 0 51 40727 0 
TIME iteration: 324 ms
Round:77
IR: 73, 184, 197, 383, 233
40816 0 52 40828 0 53 40858 0 62 40860 0 63 40867 0 77 40889 0 90 40889 0 91 40889 0 92 40891 0 77 40901 0 51 40918 0 77 40949 0 71 40952 0 70 40952 0 77 40968 0 52 40996 0 54 41028 0 53 41074 0 51 41074 0 52 41126 0 63 41127 0 54 41128 0 62 41129 0 77 41147 0 71 41149 0 70 41151 0 90 41151 0 91 41151 0 92 41152 0 77 41172 0 53 41178 0 77 41209 0 77 41219 0 54 41225 0 52 41238 0 71 41260 0 77 41290 0 51 41329 0 
TIME iteration: 326 ms
Round:78
IR: 108, 166, 318, 408, 183
41357 0 53 41394 0 52 41430 0 51 41443 0 54 41451 0 63 41453 0 62 41456 0 77 41459 0 66 41460 0 67 41466 0 70 41468 0 79 41476 0 71 41477 0 90 41477 0 91 41477 0 92 41479 0 77 41492 0 79 41505 0 53 41505 0 77 41519 0 79 41526 0 74 41528 0 75 41529 0 70 41537 0 77 41554 0 79 41566 0 52 41593 0 77 41595 0 51 41605 0 90 41605 0 91 41605 0 92 41630 0 53 41715 0 52 41728 0 51 41732 0 54 41778 0 53 41855 0 
TIME iteration: 325 ms
Round:79
IR: 98, 192, 170, 272, 83
41881 0 52 41914 0 54 41936 0 53 41985 0 51 41985 0 64 41989 0 65 41990 0 60 41990 0 61 41995 0 78 41998 0 76 42014 0 90 42014 0 91 42014 0 92 42018 0 52 42019 0 78 42022 0 76 42046 0 78 42047 0 54 42049 0 76 42062 0 73 42070 0 72 42080 0 78 42083 0 76 42086 0 68 42089 0 69 42146 0 90 42146 0 91 42146 0 92 42169 0 51 42173 0 54 42185 0 53 42240 0 52 42338 0 54 42356 0 51 42357 0 
TIME iteration: 326 ms
Round:80
IR: 72, 219, 297, 288, 104
42433 0 52 42479 0 51 42518 0 60 42518 0 61 42524 0 76 42547 0 54 42548 0 76 42548 0 90 42548 0 91 42548 0 92 42557 0 69 42558 0 68 42560 0 53 42575 0 76 42609 0 76 42663 0 51 42671 0 52 42685 0 76 42708 0 53 42719 0 54 42790 0 51 42805 0 52 42864 0 60 42867 0 61 42870 0 76 42885 0 69 42886 0 68 42888 0 53 42891 0 90 42891 0 91 42891 0 92 42894 0 76 42896 0 54 42898 0 51 42920 0 
TIME iteration: 325 ms
Round:81
IR: 33, 439, 305, 250, 130
42953 0 76 42957 0 52 42961 0 69 43011 0 51 43014 0 76 43018 0 53 43076 0 54 43137 0 53 43177 0 51 43182 0 52 43199 0 61 43200 0 60 43204 0 76 43214 0 68 43224 0 69 43224 0 90 43224 0 91 43224 0 92 43228 0 76 43254 0 76 43278 0 68 43287 0 76 43293 0 54 43322 0 51 43346 0 53 43348 0 76 43393 0 52 43447 0 
TIME iteration: 324 ms
Round:82
IR: 83, 179, 308, 416, 190
43526 0 52 43530 0 51 43541 0 53 43585 0 60 43585 0 61 43590 0 76 43604 0 69 43611 0 90 43611 0 91 43611 0 92 43614 0 68 43614 0 76 43636 0 52 43641 0 76 43664 0 54 43665 0 53 43674 0 76 43680 0 69 43731 0 51 43740 0 76 43766 0 53 43834 0 52 43836 0 54 43934 0 51 43936 0 53 43968 0 65 43970 0 64 43977 0 78 43978 0 60 43978 0 61 43983 0 
TIME iteration: 325 ms
Round:83
IR: 90, 439, 256, 299, 185
43995 0 90 43995 0 91 43995 0 92 43999 0 68 44001 0 78 44007 0 69 44007 0 76 44019 0 54 44028 0 78 44034 0 76 44054 0 53 44056 0 51 44059 0 72 44062 0 73 44062 0 78 44067 0 76 44088 0 68 44093 0 52 44123 0 90 44123 0 91 44123 0 92 44133 0 76 44181 0 54 44216 0 51 44229 0 52 44299 0 53 44346 0 54 44347 0 52 44400 0 53 44422 0 51 44461 0 52 44471 0 62 44471 0 63 44479 0 77 44501 0 90 44501 0 91 44501 0 92 44503 0 
TIME iteration: 326 ms
Round:84
IR: 37, 329, 320, 412, 110
44530 0 77 44535 0 54 44564 0 71 44564 0 77 44565 0 70 44617 0 53 44618 0 52 44634 0 51 44671 0 54 44743 0 52 44771 0 62 44772 0 63 44774 0 77 44794 0 70 44794 0 71 44796 0 90 44796 0 91 44796 0 92 44797 0 77 44798 0 51 44816 0 53 44823 0 77 44836 0 54 44855 0 77 44882 0 52 44908 0 77 44932 0 51 44998 0 54 45014 0 52 45025 0 51 45026 0 
TIME iteration: 325 ms
Round:85
IR: 90, 336, 177, 402, 216
45108 0 60 45108 0 61 45116 0 76 45133 0 90 45133 0 91 45133 0 92 45140 0 76 45143 0 51 45167 0 76 45171 0 69 45176 0 68 45193 0 54 45197 0 53 45201 0 76 45218 0 52 45284 0 54 45339 0 52 45419 0 53 45422 0 51 45447 0 54 45465 0 52 45481 0 66 45481 0 67 45482 0 62 45483 0 63 45490 0 77 45490 0 79 45505 0 90 45505 0 91 45505 0 92 45514 0 77 45514 0 79 45524 0 70 45525 0 71 45541 0 77 45541 0 79 45573 0 75 45575 0 77 45576 0 
TIME iteration: 325 ms
Round:86
IR: 34, 180, 310, 424, 224
45582 0 51 45586 0 74 45592 0 54 45594 0 52 45635 0 90 45635 0 91 45635 0 92 45686 0 53 45735 0 51 45789 0 52 45867 0 54 45908 0 53 45920 0 52 45931 0 51 46050 0 52 46051 0 51 46053 0 62 46053 0 63 46059 0 77 46063 0 60 46063 0 61 46071 0 76 46083 0 77 46084 0 90 46084 0 91 46084 0 92 46088 0 70 46090 0 71 46095 0 76 46097 0 
TIME iteration: 326 ms
Round:87
IR: 16, 194, 336, 195, 240
46110 0 77 46121 0 69 46122 0 68 46122 0 76 46129 0 54 46144 0 77 46156 0 76 46165 0 52 46216 0 90 46216 0 91 46216 0 92 46220 0 77 46252 0 51 46261 0 52 46307 0 53 46391 0 54 46417 0 51 46418 0 52 46511 0 53 46529 0 54 46613 0 
TIME iteration: 324 ms
Round:88
IR: 6, 178, 194, 272, 350
46656 0 60 46658 0 52 46658 0 61 46663 0 53 46663 0 76 46681 0 65 46682 0 64 46687 0 76 46688 0 90 46688 0 91 46688 0 92 46690 0 78 46697 0 68 46697 0 69 46703 0 51 46714 0 76 46714 0 78 46724 0 54 46741 0 78 46748 0 76 46776 0 78 46781 0 72 46781 0 73 46811 0 51 46813 0 90 46813 0 91 46813 0 92 46824 0 76 46831 0 52 46865 0 54 46935 0 51 46977 0 53 46989 0 54 47006 0 52 47065 0 51 47133 0 53 47144 0 52 47160 0 
TIME iteration: 325 ms
Round:89
IR: 89, 160, 211, 463, 144
47196 0 62 47196 0 63 47197 0 67 47198 0 66 47204 0 77 47206 0 79 47222 0 90 47222 0 91 47222 0 92 47228 0 77 47230 0 79 47241 0 51 47255 0 77 47257 0 79 47259 0 70 47262 0 71 47264 0 58 47273 0 52 47275 0 53 47283 0 74 47285 0 75 47289 0 77 47292 0 79 47301 0 58 47330 0 86 47330 0 87 47337 0 58 47354 0 90 47354 0 91 47354 0 92 47372 0 58 47378 0 54 47384 0 51 47384 0 52 47405 0 58 47436 0 58 47437 0 53 47442 0 86 47442 0 87 47466 0 58 47468 0 52 47483 0 51 47495 0 58 47524 0 58 47527 0 54 47552 0 58 47554 0 86 47554 0 87 47581 0 58 47594 0 51 47608 0 53 47610 0 58 47638 0 54 47638 0 58 47645 0 52 47655 0 61 47656 0 60 47663 0 76 47665 0 58 47666 0 86 47666 0 87 47682 0 66 47683 0 67 47684 0 51 47684 0 90 47684 0 91 47684 0 92 47687 0 76 47688 0 79 47692 0 
TIME iteration: 327 ms
Round:90
IR: 36, 195, 195, 305, 112
47712 0 79 47714 0 76 47715 0 69 47717 0 68 47717 0 74 47718 0 75 47723 0 58 47739 0 79 47748 0 76 47769 0 58 47773 0 79 47778 0 86 47778 0 87 47793 0 54 47806 0 90 47806 0 91 47806 0 92 47816 0 53 47817 0 51 47849 0 52 47929 0 54 47947 0 51 47972 0 53 48027 0 52 48109 0 51 48115 0 53 48138 0 54 48142 0 52 48180 0 60 48184 0 61 48188 0 76 48191 0 63 48193 0 62 48200 0 77 48212 0 76 48212 0 90 48212 0 91 48212 0 92 48219 0 68 48219 0 69 48224 0 
TIME iteration: 326 ms
Round:91
IR: 26, 310, 200, 318, 257
48239 0 76 48251 0 77 48254 0 71 48255 0 70 48266 0 53 48269 0 52 48271 0 51 48273 0 76 48285 0 77 48343 0 90 48343 0 91 48343 0 92 48347 0 54 48348 0 76 48376 0 52 48410 0 51 48411 0 53 48534 0 54 48545 0 52 48628 0 51 48671 0 53 48674 0 54 48695 0 52 48731 0 62 48732 0 63 48737 0 77 48738 0 66 48738 0 67 48747 0 
TIME iteration: 325 ms
Round:92
IR: 21, 195, 203, 281, 163
48760 0 90 48760 0 91 48760 0 92 48761 0 77 48764 0 51 48768 0 70 48768 0 71 48771 0 79 48788 0 77 48798 0 75 48798 0 79 48800 0 74 48816 0 53 48821 0 77 48824 0 52 48833 0 79 48888 0 77 48892 0 90 48892 0 91 48892 0 92 48893 0 51 48914 0 54 48994 0 52 49039 0 53 49098 0 51 49127 0 52 49130 0 54 49197 0 53 49282 0 
TIME iteration: 325 ms
Round:93
IR: 18, 228, 211, 283, 140
49309 0 52 49319 0 54 49325 0 62 49326 0 63 49332 0 77 49345 0 60 49345 0 61 49353 0 76 49356 0 77 49356 0 90 49356 0 91 49356 0 92 49362 0 71 49363 0 70 49377 0 76 49383 0 77 49404 0 76 49406 0 53 49411 0 68 49414 0 69 49417 0 77 49430 0 51 49438 0 76 49483 0 90 49483 0 91 49483 0 92 49498 0 77 49525 0 52 49549 0 54 49566 0 51 49615 0 53 49639 0 51 49676 0 54 49734 0 51 49739 0 52 49751 0 60 49751 0 61 49755 0 76 49778 0 76 49779 0 68 49779 0 90 49779 0 91 49779 0 92 49781 0 54 49781 0 69 49804 0 
TIME iteration: 326 ms
Round:94
IR: 98, 177, 191, 338, 225
49836 0 76 49843 0 53 49849 0 51 49884 0 52 49892 0 76 49936 0 54 49953 0 51 50049 0 53 50076 0 51 50083 0 60 50083 0 61 50087 0 76 50099 0 68 50100 0 69 50108 0 90 50108 0 91 50108 0 92 50110 0 76 50116 0 54 50136 0 76 50168 0 76 50169 0 68 50172 0 69 50177 0 52 50215 0 53 50218 0 51 50224 0 76 50293 0 54 50312 0 52 50328 0 
TIME iteration: 325 ms
Round:95
IR: 108, 301, 203, 294, 134
50383 0 51 50402 0 60 50402 0 61 50406 0 76 50411 0 54 50426 0 68 50426 0 90 50426 0 91 50426 0 92 50427 0 69 50429 0 53 50429 0 76 50446 0 52 50455 0 76 50487 0 76 50539 0 53 50543 0 76 50572 0 54 50628 0 52 50637 0 51 50710 0 53 50719 0 54 50778 0 52 50822 0 63 50824 0 62 50831 0 77 50833 0 53 50835 0 64 50835 0 65 50843 0 78 50850 0 90 50850 0 91 50850 0 92 50855 0 77 50867 0 
TIME iteration: 325 ms
Round:96
IR: 97, 214, 153, 304, 152
50882 0 51 50882 0 77 50885 0 54 50894 0 78 50895 0 70 50905 0 71 50916 0 77 50922 0 72 50928 0 78 50933 0 73 50976 0 54 50978 0 90 50978 0 91 50978 0 92 51006 0 52 51030 0 53 51038 0 51 51092 0 54 51127 0 52 51184 0 51 51252 0 54 51282 0 52 51335 0 62 51337 0 63 51341 0 77 51344 0 53 51351 0 51 51365 0 77 51366 0 90 51366 0 91 51366 0 92 51373 0 70 51373 0 71 51391 0 54 51392 0 77 51393 0 
TIME iteration: 325 ms
Round:97
IR: 41, 284, 215, 333, 50
51425 0 77 51469 0 53 51491 0 77 51501 0 51 51579 0 54 51628 0 53 51653 0 52 51718 0 51 51845 0 54 51852 0 53 51858 0 52 51868 0 65 51869 0 64 51876 0 78 51881 0 63 51882 0 62 51888 0 77 51897 0 90 51897 0 91 51897 0 92 51900 0 78 51912 0 77 51916 0 70 51916 0 71 51927 0 78 51933 0 72 51934 0 73 51939 0 
TIME iteration: 326 ms
Round:98
IR: 6, 362, 201, 247, 173
51961 0 78 51973 0 77 51975 0 52 51998 0 51 52025 0 90 52025 0 91 52025 0 92 52052 0 54 52054 0 77 52058 0 53 52094 0 52 52141 0 51 52161 0 53 52231 0 51 52231 0 54 52256 0 52 52268 0 53 52319 0 64 52319 0 65 52324 0 78 52348 0 78 52348 0 90 52348 0 91 52348 0 92 52350 0 72 52351 0 73 52362 0 54 52375 0 51 52375 0 78 52381 0 53 52408 0 78 52464 0 52 52465 0 
TIME iteration: 325 ms
Round:99
IR: 4, 283, 339, 222, 176
52474 0 78 52501 0 53 52516 0 51 52590 0 52 52605 0 54 52648 0 51 52682 0 67 52693 0 60 52693 0 61 52696 0 66 52699 0 79 52701 0 76 52714 0 90 52714 0 91 52714 0 92 52723 0 79 52725 0 76 52726 0 53 52745 0 52 52750 0 79 52752 0 76 52759 0 51 52780 0 54 52781 0 74 52783 0 69 52785 0 79 52786 0 76 52787 0 68 52789 0 75 52843 0 90 52843 0 91 52843 0 92 52865 0 52 52883 0 53 52949 0 51 52996 0 
TIME iteration: 326 ms
Round:100
IR: 10, 196, 205, 436, 160
53027 0 52 53042 0 53 53076 0 51 53104 0 54 53206 0 51 53216 0 61 53217 0 53 53217 0 60 53222 0 76 53246 0 76 53246 0 90 53246 0 91 53246 0 92 53254 0 68 53254 0 69 53259 0 52 53273 0 76 53301 0 54 53306 0 76 53322 0 51 53339 0 53 53373 0 76 53398 0 52 53451 0 53 53458 0 51 53472 0 
TIME iteration: 326 ms
Round:101
IR: 73, 283, 210, 243, 70
53572 0 53 53578 0 52 53582 0 65 53583 0 64 53591 0 78 53608 0 90 53608 0 91 53608 0 92 53615 0 78 53620 0 51 53639 0 54 53642 0 78 53651 0 72 53652 0 73 53677 0 78 53720 0 53 53736 0 54 53759 0 51 53827 0 54 53848 0 52 53880 0 67 53881 0 66 53889 0 79 53905 0 90 53905 0 91 53905 0 92 53913 0 79 53931 0 51 53931 0 54 53940 0 79 53950 0 75 53951 0 74 53957 0 53 53975 0 79 54020 0 52 54052 0 54 54058 0 
TIME iteration: 325 ms
Round:102
IR: 44, 205, 325, 420, 167
54083 0 53 54152 0 52 54165 0 51 54194 0 54 54208 0 66 54208 0 67 54211 0 79 54214 0 60 54214 0 61 54222 0 76 54229 0 53 54231 0 75 54232 0 74 54233 0 90 54233 0 91 54233 0 92 54234 0 79 54246 0 76 54260 0 79 54273 0 76 54274 0 69 54275 0 68 54290 0 54 54292 0 79 54304 0 52 54307 0 76 54348 0 79 54352 0 51 54362 0 90 54362 0 91 54362 0 92 54394 0 54 54422 0 52 54460 0 53 54530 0 52 54535 0 
TIME iteration: 325 ms
Round:103
IR: 6, 201, 531, 547, 211
54598 0 54 54610 0 53 54686 0 58 54721 0 58 54730 0 51 54750 0 86 54750 0 87 54754 0 58 54769 0 52 54785 0 58 54794 0 53 54813 0 60 54814 0 54 54816 0 58 54816 0 61 54821 0 76 54845 0 58 54845 0 76 54846 0 90 54846 0 91 54846 0 92 54853 0 69 54856 0 68 54861 0 86 54861 0 87 54872 0 76 54874 0 58 54886 0 51 54902 0 58 54906 0 76 54913 0 52 54930 0 58 54936 0 53 54956 0 54 54958 0 58 54971 0 86 54971 0 87 54986 0 58 54987 0 76 55014 0 58 55016 0 51 55042 0 58 55052 0 52 55068 0 54 55070 0 58 55080 0 86 55080 0 87 55085 0 53 55098 0 
TIME iteration: 326 ms
Round:104
IR: 5, 331, 295, 226, 424
55127 0 58 55149 0 51 55167 0 58 55167 0 60 55168 0 61 55172 0 76 55188 0 52 55188 0 68 55188 0 69 55193 0 86 55193 0 87 55193 0 90 55193 0 91 55193 0 92 55196 0 76 55222 0 76 55233 0 53 55255 0 76 55273 0 54 55274 0 68 55295 0 51 55316 0 76 55330 0 52 55447 0 51 55454 0 53 55456 0 54 55485 0 60 55486 0 61 55487 0 52 55489 0 76 55500 0 69 55510 0 68 55510 0 90 55510 0 91 55510 0 92 55512 0 76 55538 0 76 55561 0 69 55570 0 76 55592 0 52 55625 0 76 55633 0 51 55642 0 
TIME iteration: 325 ms
Round:105
IR: 108, 381, 288, 222, 290
55687 0 54 55728 0 52 55752 0 51 55772 0 53 55792 0 60 55792 0 61 55796 0 76 55805 0 68 55815 0 69 55816 0 90 55816 0 91 55816 0 92 55819 0 76 55845 0 76 55864 0 68 55867 0 53 55877 0 76 55923 0 54 55928 0 51 55933 0 76 55954 0 52 55971 0 53 56079 0 51 56082 0 54 56097 0 53 56104 0 52 56124 0 64 56126 0 65 56127 0 61 56128 0 60 56132 0 76 56133 0 78 56143 0 69 56149 0 90 56149 0 91 56149 0 92 56151 0 68 56156 0 76 56157 0 
TIME iteration: 325 ms
Round:106
IR: 110, 530, 405, 222, 244
56182 0 76 56184 0 78 56212 0 69 56214 0 73 56215 0 76 56218 0 78 56221 0 72 56235 0 52 56236 0 53 56276 0 76 56278 0 56 56278 0 90 56278 0 91 56278 0 92 56298 0 51 56301 0 54 56313 0 56 56342 0 82 56342 0 83 56345 0 56 56369 0 52 56377 0 56 56408 0 53 56408 0 56 56425 0 54 56439 0 56 56453 0 82 56453 0 83 56469 0 56 56475 0 51 56499 0 56 56530 0 56 56542 0 54 56562 0 56 56565 0 82 56565 0 83 56567 0 52 56593 0 56 56621 0 53 56623 0 56 56653 0 56 56676 0 54 56677 0 82 56677 0 83 56685 0 56 56703 0 
TIME iteration: 326 ms
Round:107
IR: 87, 770, 760, 282, 334
56717 0 56 56739 0 52 56747 0 56 56754 0 63 56756 0 62 56763 0 77 56777 0 56 56786 0 54 56786 0 82 56786 0 83 56786 0 90 56786 0 91 56786 0 92 56787 0 77 56805 0 56 56805 0 57 56810 0 53 56814 0 77 56832 0 56 56845 0 57 56848 0 77 56851 0 70 56851 0 71 56859 0 51 56859 0 56 56873 0 52 56873 0 84 56873 0 85 56881 0 57 56886 0 56 56895 0 82 56895 0 83 56900 0 54 56913 0 56 56916 0 57 56940 0 56 56948 0 57 56968 0 56 56978 0 57 56984 0 84 56984 0 85 56996 0 56 57000 0 53 57004 0 82 57004 0 83 57008 0 57 57024 0 56 57038 0 57 57040 0 51 57052 0 56 57057 0 54 57067 0 57 57080 0 56 57096 0 57 57097 0 84 57097 0 85 57102 0 52 57108 0 56 57114 0 82 57114 0 83 57124 0 57 57136 0 56 57151 0 63 57153 0 57 57154 0 62 57157 0 77 57165 0 56 57168 0 54 57175 0 53 57179 0 90 57179 0 91 57179 0 92 57181 0 77 57182 0 57 57182 0 70 57183 0 71 57193 0 56 57202 0 51 57207 0 77 57209 0 84 57209 0 85 57210 0 57 57221 0 56 57225 0 82 57225 0 83 57238 0 
TIME iteration: 326 ms
Round:108
IR: 20, 445, 352, 440, 278
57240 0 77 57249 0 56 57272 0 57 57276 0 52 57286 0 56 57301 0 77 57315 0 53 57318 0 54 57331 0 84 57331 0 85 57333 0 57 57349 0 82 57349 0 83 57372 0 51 57419 0 54 57451 0 52 57456 0 53 57568 0 54 57569 0 51 57620 0 53 57652 0 52 57661 0 62 57662 0 63 57667 0 77 57677 0 64 57680 0 65 57687 0 78 57690 0 90 57690 0 91 57690 0 92 57691 0 70 57691 0 77 57692 0 71 57711 0 78 57718 0 77 57730 0 51 57738 0 78 57751 0 77 57758 0 72 57765 0 
TIME iteration: 325 ms
Round:109
IR: 45, 678, 546, 441, 286
57773 0 78 57783 0 53 57791 0 54 57812 0 52 57817 0 90 57817 0 91 57817 0 92 57818 0 77 57841 0 51 57849 0 56 57891 0 56 57896 0 82 57896 0 83 57919 0 52 57929 0 56 57931 0 53 57963 0 51 57965 0 56 57966 0 54 57998 0 56 58007 0 82 58007 0 83 58028 0 56 58057 0 56 58071 0 51 58086 0 56 58103 0 52 58115 0 53 58115 0 56 58119 0 82 58119 0 83 58143 0 56 58152 0 54 58171 0 56 58196 0 51 58199 0 56 58226 0 56 58230 0 82 58230 0 83 58251 0 52 58254 0 56 58258 0 63 58259 0 62 58265 0 77 58282 0 56 58289 0 77 58289 0 90 58289 0 91 58289 0 92 58290 0 53 58295 0 70 58295 0 
TIME iteration: 326 ms
Round:110
IR: 71, 295, 431, 275, 40
58304 0 54 58311 0 56 58316 0 77 58343 0 82 58343 0 83 58350 0 77 58351 0 56 58386 0 52 58396 0 53 58413 0 51 58431 0 77 58460 0 54 58518 0 52 58538 0 53 58585 0 51 58606 0 62 58615 0 77 58627 0 54 58637 0 90 58637 0 91 58637 0 92 58644 0 77 58672 0 71 58676 0 53 58685 0 52 58686 0 77 58731 0 
TIME iteration: 324 ms
Round:111
IR: 38, 346, 197, 322, 20
58831 0 54 58838 0 52 58897 0 51 58964 0 53 58991 0 52 59009 0 54 59009 0 63 59011 0 62 59015 0 77 59033 0 70 59039 0 77 59039 0 90 59039 0 91 59039 0 92 59044 0 71 59066 0 77 59075 0 51 59088 0 53 59099 0 77 59141 0 52 59165 0 77 59190 0 54 59205 0 53 59229 0 51 59313 0 52 59338 0 51 59354 0 
TIME iteration: 324 ms
Round:112
IR: 18, 336, 304, 416, 69
59373 0 60 59374 0 61 59382 0 76 59399 0 90 59399 0 91 59399 0 92 59402 0 53 59406 0 76 59433 0 76 59457 0 51 59464 0 69 59468 0 76 59473 0 68 59480 0 52 59523 0 54 59551 0 53 59633 0 52 59683 0 51 59695 0 54 59753 0 61 59755 0 53 59759 0 60 59760 0 76 59782 0 90 59782 0 91 59782 0 92 59783 0 76 59784 0 69 59785 0 68 59793 0 52 59809 0 76 59836 0 51 59841 0 76 59865 0 
TIME iteration: 324 ms
Round:113
IR: 108, 302, 195, 321, 78
59897 0 76 59967 0 51 59967 0 53 60012 0 54 60099 0 52 60103 0 53 60150 0 51 60166 0 54 60168 0 60 60169 0 61 60174 0 76 60178 0 65 60183 0 67 60184 0 66 60191 0 68 60191 0 69 60192 0 64 60192 0 79 60194 0 78 60195 0 90 60195 0 91 60195 0 92 60198 0 76 60202 0 52 60216 0 79 60218 0 78 60225 0 76 60243 0 79 60245 0 78 60258 0 76 60273 0 73 60276 0 53 60277 0 74 60278 0 79 60279 0 75 60280 0 78 60283 0 72 60310 0 90 60310 0 91 60310 0 92 60314 0 52 60318 0 51 60325 0 76 60343 0 54 60419 0 
TIME iteration: 325 ms
Round:114
IR: 51, 197, 294, 362, 128
60431 0 51 60470 0 52 60538 0 51 60542 0 54 60563 0 53 60635 0 52 60669 0 53 60674 0 54 60674 0 64 60674 0 65 60679 0 78 60703 0 78 60703 0 90 60703 0 91 60703 0 92 60709 0 51 60710 0 72 60710 0 73 60730 0 78 60763 0 78 60785 0 53 60799 0 52 60829 0 78 60853 0 51 60860 0 54 60948 0 
TIME iteration: 326 ms
Round:115
IR: 78, 177, 330, 430, 104
60991 0 53 60995 0 51 61016 0 54 61059 0 52 61063 0 60 61067 0 61 61070 0 62 61071 0 63 61073 0 76 61079 0 77 61091 0 90 61091 0 91 61091 0 92 61097 0 76 61103 0 77 61115 0 68 61118 0 69 61120 0 53 61124 0 76 61130 0 77 61134 0 51 61158 0 76 61159 0 71 61160 0 70 61165 0 77 61194 0 52 61221 0 90 61221 0 91 61221 0 92 61230 0 54 61251 0 51 61267 0 53 61288 0 52 61390 0 51 61392 0 52 61398 0 54 61433 0 
TIME iteration: 325 ms
Round:116
IR: 45, 132, 221, 222, 141
61493 0 51 61533 0 60 61535 0 61 61538 0 52 61539 0 76 61556 0 63 61557 0 62 61562 0 77 61563 0 76 61563 0 90 61563 0 91 61563 0 92 61565 0 68 61565 0 69 61581 0 53 61586 0 77 61590 0 76 61592 0 70 61593 0 71 61612 0 51 61613 0 77 61615 0 54 61623 0 76 61646 0 77 61676 0 52 61688 0 90 61688 0 91 61688 0 92 61689 0 76 61697 0 53 61713 0 77 61733 0 51 61808 0 54 61839 0 51 61845 0 53 61938 0 51 61963 0 54 61967 0 53 61975 0 60 61976 0 61 61981 0 76 62001 0 68 62002 0 69 62004 0 90 62004 0 91 62004 0 92 62005 0 
TIME iteration: 325 ms
Round:117
IR: 7, 317, 346, 278, 91
62014 0 52 62032 0 76 62065 0 76 62078 0 53 62082 0 51 62132 0 76 62203 0 54 62216 0 52 62301 0 51 62322 0 52 62366 0 53 62372 0 62 62372 0 63 62379 0 77 62398 0 90 62398 0 91 62398 0 92 62403 0 77 62414 0 54 62421 0 52 62421 0 71 62423 0 70 62430 0 77 62464 0 77 62502 0 
TIME iteration: 325 ms
Round:118
IR: 10, 177, 345, 552, 83
62556 0 54 62559 0 53 62562 0 52 62631 0 58 62660 0 51 62666 0 58 62695 0 86 62695 0 87 62699 0 58 62718 0 52 62732 0 58 62743 0 53 62764 0 58 62778 0 51 62789 0 60 62790 0 61 62794 0 58 62797 0 76 62801 0 54 62805 0 86 62805 0 87 62816 0 90 62816 0 91 62816 0 92 62821 0 76 62826 0 58 62838 0 69 62839 0 68 62848 0 76 62854 0 52 62856 0 58 62882 0 76 62885 0 58 62914 0 58 62917 0 86 62917 0 87 62918 0 51 62934 0 54 62943 0 58 62946 0 53 62971 0 58 62998 0 58 63025 0 58 63028 0 86 63028 0 87 63036 0 52 63052 0 
TIME iteration: 326 ms
Round:119
IR: 67, 199, 331, 420, 359
63074 0 53 63077 0 51 63077 0 54 63080 0 58 63117 0 58 63139 0 61 63140 0 86 63140 0 87 63142 0 60 63144 0 76 63162 0 68 63162 0 69 63166 0 90 63166 0 91 63166 0 92 63167 0 76 63186 0 52 63193 0 76 63204 0 51 63224 0 54 63225 0 76 63234 0 53 63280 0 76 63324 0 51 63357 0 53 63386 0 54 63404 0 52 63518 0 54 63541 0 66 63542 0 67 63543 0 53 63548 0 52 63550 0 51 63550 0 79 63568 0 90 63568 0 91 63568 0 92 63574 0 
TIME iteration: 325 ms
Round:120
IR: 67, 225, 261, 444, 243
63601 0 79 63635 0 74 63636 0 79 63651 0 75 63655 0 54 63661 0 51 63701 0 53 63731 0 52 63765 0 51 63784 0 54 63819 0 67 63820 0 66 63822 0 79 63840 0 74 63842 0 75 63843 0 90 63843 0 91 63843 0 92 63845 0 79 63871 0 79 63878 0 52 63903 0 53 63903 0 79 63934 0 74 63956 0 51 63957 0 79 63963 0 54 63988 0 53 64061 0 54 64070 0 52 64090 0 66 64090 0 67 64093 0 79 64100 0 75 64105 0 51 64111 0 74 64113 0 90 64113 0 91 64113 0 92 64116 0 
TIME iteration: 326 ms
Round:121
IR: 35, 280, 304, 260, 327
64142 0 79 64146 0 53 64155 0 75 64174 0 79 64184 0 52 64203 0 74 64231 0 79 64240 0 51 64258 0 54 64278 0 53 64293 0 52 64344 0 51 64373 0 54 64386 0 66 64386 0 67 64390 0 79 64401 0 52 64407 0 75 64409 0 74 64410 0 90 64410 0 91 64410 0 92 64413 0 79 64439 0 79 64452 0 53 64471 0 79 64501 0 54 64507 0 51 64518 0 52 64529 0 
TIME iteration: 324 ms
Round:122
IR: 90, 525, 332, 288, 87
64661 0 52 64662 0 53 64679 0 51 64684 0 54 64761 0 56 64795 0 56 64796 0 54 64798 0 66 64798 0 67 64803 0 79 64809 0 51 64818 0 75 64819 0 74 64821 0 60 64821 0 61 64824 0 82 64824 0 83 64824 0 90 64824 0 91 64824 0 92 64827 0 79 64828 0 56 64829 0 76 64836 0 53 64853 0 76 64854 0 79 64861 0 56 64871 0 52 64880 0 76 64887 0 79 64894 0 56 64904 0 69 64905 0 68 64905 0 75 64914 0 76 64923 0 51 64925 0 56 64934 0 82 64934 0 83 64946 0 90 64946 0 91 64946 0 92 64955 0 56 64959 0 79 64984 0 54 64985 0 56 65008 0 53 65016 0 56 65035 0 51 65046 0 56 65047 0 82 65047 0 83 65057 0 52 65076 0 56 65106 0 56 65121 0 54 65135 0 56 65153 0 52 65159 0 82 65159 0 83 65164 0 
TIME iteration: 325 ms
Round:123
IR: 111, 529, 380, 314, 53
65192 0 56 65195 0 53 65220 0 56 65242 0 51 65246 0 54 65248 0 56 65250 0 52 65263 0 62 65263 0 63 65270 0 82 65270 0 83 65271 0 77 65275 0 56 65292 0 90 65292 0 91 65292 0 92 65295 0 77 65302 0 56 65322 0 77 65329 0 56 65346 0 51 65350 0 70 65353 0 71 65356 0 56 65356 0 77 65359 0 53 65369 0 52 65381 0 82 65381 0 83 65383 0 56 65410 0 56 65438 0 56 65455 0 51 65460 0 54 65466 0 56 65493 0 82 65493 0 83 65495 0 56 65524 0 52 65524 0 56 65533 0 53 65555 0 56 65572 0 62 65573 0 63 65575 0 77 65585 0 56 65595 0 70 65596 0 71 65597 0 90 65597 0 91 65597 0 92 65598 0 77 65604 0 51 65604 0 82 65604 0 83 65615 0 54 65615 0 56 65624 0 77 65646 0 56 65656 0 77 65677 0 56 65708 0 56 65709 0 77 65715 0 82 65715 0 
TIME iteration: 326 ms
Round:124
IR: 19, 285, 337, 411, 156
65720 0 52 65742 0 56 65807 0 56 65809 0 53 65824 0 54 65827 0 51 65831 0 82 65831 0 83 65899 0 52 65958 0 53 65959 0 51 65996 0 62 66000 0 63 66003 0 77 66020 0 70 66020 0 71 66025 0 90 66025 0 91 66025 0 92 66027 0 77 66054 0 77 66072 0 54 66077 0 52 66087 0 77 66095 0 53 66115 0 51 66152 0 77 66203 0 52 66232 0 53 66236 0 
TIME iteration: 324 ms
Round:125
IR: 88, 205, 177, 293, 155
66276 0 54 66349 0 52 66361 0 53 66369 0 62 66369 0 63 66374 0 77 66381 0 65 66382 0 64 66387 0 70 66388 0 71 66390 0 78 66395 0 90 66395 0 91 66395 0 92 66398 0 77 66399 0 51 66406 0 54 66414 0 78 66425 0 77 66441 0 78 66458 0 77 66463 0 71 66464 0 70 66469 0 72 66476 0 73 66476 0 78 66481 0 53 66522 0 90 66522 0 91 66522 0 92 66523 0 77 66530 0 51 66573 0 52 66598 0 54 66599 0 53 66687 0 51 66714 0 54 66723 0 52 66729 0 
TIME iteration: 325 ms
Round:126
IR: 73, 209, 181, 289, 20
66812 0 51 66841 0 54 66865 0 66 66865 0 67 66874 0 60 66874 0 79 66875 0 61 66877 0 52 66883 0 76 66894 0 90 66894 0 91 66894 0 92 66898 0 79 66907 0 76 66909 0 53 66925 0 79 66934 0 76 66953 0 75 66954 0 74 66960 0 79 66963 0 51 66963 0 68 66963 0 69 66969 0 76 67019 0 52 67025 0 90 67025 0 91 67025 0 92 67086 0 53 67158 0 51 67162 0 52 67197 0 54 67286 0 53 67287 0 
TIME iteration: 326 ms
Round:127
IR: 56, 213, 221, 174, 297
67324 0 52 67343 0 54 67383 0 51 67387 0 60 67388 0 61 67393 0 76 67417 0 76 67417 0 90 67417 0 91 67417 0 92 67424 0 69 67426 0 68 67443 0 54 67444 0 76 67459 0 52 67477 0 53 67477 0 76 67478 0 51 67544 0 76 67576 0 54 67587 0 52 67624 0 51 67641 0 53 67744 0 52 67763 0 54 67779 0 53 67779 0 63 67780 0 62 67788 0 77 67791 0 51 67799 0 60 67801 0 61 67804 0 64 67805 0 65 67805 0 76 67806 0 90 67806 0 91 67806 0 92 67812 0 77 67813 0 78 67824 0 68 67825 0 69 67829 0 76 67837 0 78 67839 0 
TIME iteration: 326 ms
Round:128
IR: 12, 190, 252, 399, 298
67850 0 52 67856 0 71 67856 0 76 67857 0 70 67864 0 78 67870 0 54 67874 0 77 67879 0 73 67882 0 72 67889 0 76 67899 0 78 67905 0 53 67919 0 90 67919 0 91 67919 0 92 67936 0 51 67954 0 76 68024 0 54 68033 0 52 68106 0 53 68139 0 51 68177 0 52 68189 0 54 68308 0 53 68310 0 51 68313 0 52 68313 0 54 68321 0 62 68322 0 63 68324 0 67 68325 0 66 68327 0 77 68333 0 79 68348 0 90 68348 0 91 68348 0 92 68351 0 77 68357 0 79 68361 0 70 68361 0 
TIME iteration: 326 ms
Round:129
IR: 104, 234, 216, 295, 162
68378 0 77 68384 0 79 68404 0 74 68405 0 75 68411 0 77 68419 0 53 68419 0 79 68423 0 52 68463 0 51 68478 0 77 68480 0 90 68480 0 91 68480 0 92 68530 0 52 68544 0 53 68564 0 54 68657 0 53 68701 0 52 68705 0 54 68709 0 51 68787 0 53 68811 0 64 68812 0 65 68819 0 78 68820 0 52 68841 0 90 68841 0 91 68841 0 92 68843 0 78 68859 0 51 68870 0 78 68874 0 73 68876 0 
TIME iteration: 325 ms
Round:130
IR: 42, 246, 227, 283, 226
68904 0 78 68907 0 53 68931 0 54 68960 0 52 69022 0 53 69035 0 51 69054 0 54 69068 0 52 69147 0 53 69150 0 64 69150 0 65 69153 0 78 69173 0 73 69174 0 72 69175 0 90 69175 0 91 69175 0 92 69176 0 78 69184 0 52 69185 0 51 69202 0 78 69234 0 78 69253 0 54 69279 0 53 69288 0 78 69315 0 51 69325 0 52 69379 0 54 69415 0 
TIME iteration: 325 ms
Round:131
IR: 53, 316, 188, 412, 273
69489 0 64 69491 0 52 69497 0 65 69497 0 78 69509 0 72 69509 0 73 69518 0 90 69518 0 91 69518 0 92 69519 0 51 69520 0 78 69546 0 78 69554 0 53 69578 0 78 69579 0 72 69579 0 73 69591 0 54 69623 0 51 69633 0 78 69669 0 52 69670 0 53 69738 0 65 69740 0 64 69742 0 78 69757 0 72 69757 0 73 69762 0 90 69762 0 91 69762 0 92 69765 0 51 69765 0 78 69791 0 78 69804 0 53 69813 0 52 69823 0 78 69828 0 54 69829 0 72 69831 0 73 69876 0 78 69890 0 51 69905 0 53 69942 0 54 69953 0 65 69955 0 64 69957 0 
TIME iteration: 325 ms
Round:132
IR: 23, 189, 190, 240, 168
69971 0 72 69971 0 73 69976 0 90 69976 0 91 69976 0 92 69980 0 78 69990 0 53 70006 0 78 70010 0 52 70038 0 73 70038 0 78 70040 0 72 70068 0 51 70069 0 54 70091 0 78 70133 0 53 70207 0 54 70217 0 52 70221 0 51 70307 0 51 70321 0 61 70323 0 60 70330 0 76 70347 0 90 70347 0 91 70347 0 92 70354 0 76 70355 0 52 70381 0 76 70406 0 54 70412 0 69 70415 0 76 70417 0 68 70427 0 53 70446 0 
TIME iteration: 324 ms
Round:133
IR: 20, 192, 204, 288, 218
70560 0 52 70573 0 54 70581 0 53 70617 0 51 70652 0 60 70652 0 61 70655 0 76 70677 0 69 70677 0 90 70677 0 91 70677 0 92 70678 0 68 70678 0 76 70687 0 54 70689 0 52 70704 0 76 70734 0 53 70736 0 76 70769 0 51 70790 0 76 70855 0 52 70866 0 53 70937 0 51 70952 0 54 71004 0 
TIME iteration: 324 ms
Round:134
IR: 96, 198, 219, 351, 357
71031 0 64 71031 0 65 71039 0 78 71047 0 51 71050 0 60 71050 0 61 71054 0 52 71055 0 76 71057 0 90 71057 0 91 71057 0 92 71063 0 78 71070 0 69 71071 0 68 71079 0 76 71088 0 53 71090 0 78 71095 0 72 71095 0 73 71106 0 76 71124 0 78 71139 0 76 71153 0 69 71178 0 54 71181 0 90 71181 0 91 71181 0 92 71205 0 76 71207 0 51 71224 0 53 71228 0 52 71317 0 54 71347 0 53 71357 0 51 71387 0 52 71469 0 52 71495 0 53 71503 0 62 71503 0 63 71509 0 51 71511 0 77 71531 0 64 71532 0 90 71532 0 91 71532 0 92 71535 0 77 71536 0 54 71542 0 
TIME iteration: 325 ms
Round:135
IR: 38, 237, 347, 410, 267
71562 0 77 71572 0 78 71596 0 71 71596 0 77 71600 0 70 71604 0 52 71610 0 53 71616 0 78 71662 0 54 71673 0 90 71673 0 91 71673 0 92 71705 0 51 71738 0 53 71782 0 54 71827 0 52 71848 0 51 71889 0 54 71957 0 51 71973 0 53 71994 0 52 72002 0 60 72002 0 61 72010 0 76 72032 0 90 72032 0 91 72032 0 92 72034 0 76 72046 0 54 72057 0 68 72061 0 76 72066 0 
TIME iteration: 326 ms
Round:136
IR: 3, 223, 239, 255, 303
72086 0 53 72095 0 76 72124 0 51 72153 0 52 72184 0 53 72244 0 51 72250 0 54 72277 0 52 72301 0 53 72319 0 60 72322 0 61 72323 0 76 72329 0 64 72329 0 65 72336 0 78 72341 0 68 72342 0 69 72345 0 90 72345 0 91 72345 0 92 72346 0 76 72360 0 78 72362 0 51 72372 0 76 72381 0 72 72385 0 73 72387 0 78 72404 0 76 72421 0 78 72423 0 52 72432 0 68 72457 0 76 72463 0 54 72472 0 90 72472 0 91 72472 0 92 72518 0 53 72553 0 51 72576 0 
TIME iteration: 326 ms
Round:137
IR: 81, 241, 244, 244, 185
72673 0 53 72685 0 51 72688 0 54 72718 0 52 72807 0 54 72814 0 51 72819 0 53 72831 0 60 72831 0 61 72837 0 76 72852 0 65 72853 0 64 72858 0 78 72860 0 69 72861 0 76 72861 0 90 72861 0 91 72861 0 92 72870 0 68 72882 0 78 72887 0 72 72888 0 76 72889 0 73 72909 0 78 72922 0 76 72924 0 52 72942 0 78 72967 0 51 72987 0 90 72987 0 91 72987 0 92 72998 0 76 73009 0 53 73009 0 78 73037 0 54 73081 0 51 73114 0 
TIME iteration: 325 ms
Round:138
IR: 38, 286, 274, 227, 214
73155 0 53 73211 0 54 73217 0 52 73252 0 51 73297 0 53 73310 0 54 73342 0 66 73342 0 67 73348 0 65 73349 0 64 73351 0 79 73354 0 78 73370 0 90 73370 0 91 73370 0 92 73375 0 79 73378 0 78 73379 0 72 73379 0 73 73399 0 51 73402 0 79 73405 0 78 73407 0 53 73434 0 74 73435 0 75 73437 0 79 73438 0 78 73474 0 52 73501 0 90 73501 0 91 73501 0 92 73505 0 78 73527 0 54 73536 0 53 73540 0 51 73606 0 52 73662 0 
TIME iteration: 325 ms
Round:139
IR: 17, 280, 399, 416, 195
73718 0 52 73722 0 54 73777 0 53 73804 0 51 73848 0 60 73848 0 61 73856 0 76 73858 0 52 73869 0 62 73870 0 63 73878 0 77 73878 0 90 73878 0 91 73878 0 92 73880 0 76 73890 0 54 73902 0 77 73907 0 76 73909 0 68 73909 0 69 73919 0 51 73929 0 77 73934 0 53 73941 0 76 73963 0 70 73964 0 77 73966 0 71 73996 0 52 74004 0 90 74004 0 91 74004 0 92 74016 0 54 74065 0 51 74076 0 53 74097 0 52 74132 0 54 74183 0 
TIME iteration: 326 ms
Round:140
IR: 8, 301, 420, 388, 391
74207 0 51 74222 0 52 74297 0 53 74320 0 51 74320 0 54 74321 0 64 74321 0 65 74329 0 78 74343 0 61 74344 0 60 74349 0 76 74350 0 90 74350 0 91 74350 0 92 74353 0 78 74373 0 76 74377 0 69 74377 0 72 74378 0 68 74379 0 73 74380 0 78 74384 0 52 74400 0 76 74414 0 78 74433 0 76 74438 0 53 74475 0 90 74475 0 91 74475 0 92 74478 0 51 74500 0 76 74506 0 54 74518 0 52 74609 0 53 74643 0 54 74656 0 51 74690 0 
TIME iteration: 325 ms
Round:141
IR: 17, 302, 321, 310, 131
74759 0 53 74826 0 51 74846 0 54 74880 0 52 74889 0 60 74893 0 61 74897 0 76 74903 0 66 74906 0 67 74913 0 79 74918 0 63 74919 0 62 74921 0 76 74921 0 90 74921 0 91 74921 0 92 74924 0 69 74925 0 68 74926 0 77 74937 0 79 74948 0 76 74950 0 77 74964 0 79 74968 0 53 74977 0 77 74980 0 54 74982 0 76 74984 0 70 74984 0 71 74987 0 75 74989 0 74 74990 0 51 74999 0 79 75011 0 77 75035 0 90 75035 0 91 75035 0 92 75055 0 52 75057 0 76 75121 0 54 75137 0 53 75156 0 51 75213 0 54 75229 0 
TIME iteration: 326 ms
Round:142
IR: 14, 527, 652, 336, 156
75311 0 51 75358 0 57 75362 0 56 75364 0 54 75380 0 66 75380 0 67 75385 0 79 75396 0 57 75398 0 56 75408 0 90 75408 0 91 75408 0 92 75409 0 79 75415 0 74 75415 0 75 75424 0 84 75424 0 85 75427 0 82 75427 0 83 75429 0 53 75431 0 56 75431 0 57 75436 0 79 75459 0 52 75463 0 56 75464 0 57 75470 0 79 75494 0 56 75496 0 57 75518 0 51 75525 0 56 75526 0 57 75534 0 84 75534 0 85 75537 0 82 75537 0 83 75555 0 56 75555 0 57 75559 0 54 75583 0 57 75584 0 56 75611 0 57 75612 0 56 75627 0 52 75629 0 53 75639 0 56 75639 0 57 75644 0 84 75644 0 85 75646 0 82 75646 0 83 75665 0 51 75666 0 56 75668 0 57 75694 0 56 75696 0 57 75715 0 54 75723 0 56 75724 0 57 75751 0 56 75752 0 57 75755 0 84 75755 0 85 75756 0 82 75756 0 83 75758 0 51 75764 0 52 75779 0 56 75780 0 
TIME iteration: 327 ms
Round:143
IR: 69, 386, 513, 231, 148
75793 0 62 75793 0 63 75800 0 77 75804 0 53 75810 0 56 75812 0 57 75820 0 90 75820 0 91 75820 0 92 75824 0 77 75849 0 70 75850 0 71 75851 0 77 75857 0 56 75863 0 57 75867 0 82 75867 0 83 75870 0 84 75870 0 85 75885 0 54 75885 0 77 75924 0 51 75963 0 52 76072 0 54 76127 0 51 76132 0 53 76151 0 52 76199 0 62 76199 0 63 76201 0 54 76203 0 77 76225 0 71 76225 0 90 76225 0 91 76225 0 92 76226 0 70 76226 0 77 76243 0 51 76252 0 77 76270 0 52 76284 0 77 76317 0 
TIME iteration: 324 ms
Round:144
IR: 27, 575, 470, 543, 276
76340 0 77 76347 0 51 76396 0 56 76401 0 54 76423 0 58 76432 0 56 76437 0 82 76437 0 83 76454 0 51 76460 0 58 76465 0 56 76489 0 86 76489 0 87 76494 0 58 76497 0 56 76528 0 56 76528 0 58 76531 0 51 76545 0 53 76547 0 52 76549 0 82 76549 0 83 76555 0 54 76558 0 56 76560 0 58 76588 0 56 76591 0 58 76599 0 86 76599 0 87 76617 0 56 76621 0 51 76621 0 58 76646 0 56 76650 0 53 76650 0 58 76659 0 82 76659 0 83 76663 0 52 76674 0 56 76679 0 58 76685 0 54 76702 0 56 76707 0 58 76710 0 86 76710 0 87 76731 0 56 76735 0 58 76742 0 51 76760 0 56 76763 0 58 76768 0 82 76768 0 83 76788 0 53 76788 0 56 76790 0 58 76795 0 52 76816 0 56 76817 0 58 76821 0 86 76821 0 87 76825 0 54 76844 0 56 76844 0 58 76849 0 
TIME iteration: 325 ms
Round:145
IR: 1, 235, 227, 241, 529
76875 0 58 76878 0 56 76881 0 82 76881 0 83 76921 0 58 76932 0 86 76932 0 87 76938 0 52 76939 0 56 76959 0 54 76973 0 59 76989 0 53 76995 0 51 77011 0 59 77020 0 82 77020 0 83 77039 0 88 77039 0 89 77048 0 59 77072 0 88 77072 0 89 77081 0 59 77103 0 88 77103 0 89 77112 0 53 77112 0 59 77133 0 88 77133 0 89 77142 0 59 77144 0 52 77154 0 54 77163 0 88 77163 0 89 77170 0 59 77185 0 51 77193 0 88 77193 0 89 77198 0 59 77223 0 88 77223 0 89 77225 0 59 77232 0 53 77253 0 59 77253 0 88 77253 0 89 77281 0 59 77283 0 88 77283 0 89 77308 0 54 77309 0 59 77312 0 88 77312 0 89 77336 0 59 77340 0 88 77340 0 89 77356 0 53 77358 0 64 77358 0 65 77363 0 59 77366 0 78 77368 0 88 77368 0 
TIME iteration: 325 ms
Round:146
IR: 96, 242, 253, 357, 500
77383 0 52 77386 0 51 77390 0 78 77391 0 59 77394 0 90 77394 0 91 77394 0 92 77396 0 88 77396 0 89 77417 0 78 77418 0 59 77424 0 88 77424 0 89 77446 0 59 77451 0 78 77452 0 88 77452 0 89 77462 0 72 77462 0 73 77474 0 59 77476 0 52 77480 0 88 77480 0 89 77486 0 53 77495 0 54 77502 0 59 77508 0 88 77508 0 89 77531 0 59 77536 0 88 77536 0 89 77559 0 59 77564 0 88 77564 0 89 77587 0 59 77592 0 88 77592 0 89 77598 0 51 77615 0 59 77620 0 88 77620 0 89 77643 0 59 77648 0 88 77648 0 89 77663 0 54 77672 0 59 77677 0 53 77677 0 88 77677 0 89 77684 0 52 77701 0 59 77706 0 88 77706 0 89 77714 0 65 77718 0 64 77719 0 78 77729 0 59 77734 0 88 77734 0 89 77742 0 78 77742 0 90 77742 0 91 77742 0 92 77743 0 72 77743 0 73 77756 0 59 77762 0 88 77762 0 89 77768 0 78 77783 0 59 77789 0 88 77789 0 89 77795 0 53 77800 0 78 77809 0 52 77810 0 59 77816 0 88 77816 0 89 77820 0 51 77837 0 59 77843 0 88 77843 0 89 77854 0 78 77864 0 59 77870 0 88 77870 0 89 77871 0 54 77891 0 59 77897 0 88 77897 0 
TIME iteration: 327 ms
Round:147
IR: 108, 213, 335, 327, 232
77911 0 53 77918 0 59 77924 0 88 77924 0 89 77952 0 59 77954 0 88 77954 0 89 77973 0 51 77986 0 88 77986 0 89 77997 0 52 77997 0 53 78011 0 64 78012 0 65 78015 0 78 78020 0 54 78024 0 72 78024 0 73 78033 0 59 78034 0 88 78034 0 89 78036 0 90 78036 0 91 78036 0 92 78038 0 78 78064 0 78 78076 0 88 78076 0 89 78084 0 72 78084 0 73 78095 0 51 78096 0 78 78119 0 53 78151 0 78 78187 0 54 78228 0 53 78235 0 51 78258 0 64 78258 0 65 78261 0 78 78275 0 72 78275 0 73 78277 0 52 78281 0 90 78281 0 91 78281 0 92 78284 0 78 78310 0 78 78333 0 54 78340 0 53 78342 0 78 78344 0 73 78346 0 72 78370 0 51 78395 0 78 78426 0 
TIME iteration: 325 ms
Round:148
IR: 42, 324, 276, 257, 244
78499 0 53 78530 0 51 78535 0 64 78535 0 65 78538 0 78 78549 0 54 78556 0 72 78556 0 73 78558 0 90 78558 0 91 78558 0 92 78561 0 78 78564 0 52 78587 0 78 78619 0 78 78633 0 53 78642 0 72 78652 0 51 78673 0 78 78743 0 52 78747 0 53 78766 0 54 78782 0 51 78799 0 64 78801 0 65 78803 0 78 78809 0 73 78821 0 72 78823 0 90 78823 0 91 78823 0 92 78826 0 78 78841 0 52 78852 0 78 78862 0 73 78884 0 78 78909 0 72 78931 0 51 78938 0 53 78938 0 78 78940 0 54 78967 0 
TIME iteration: 325 ms
Round:149
IR: 1, 164, 194, 308, 105
79049 0 53 79068 0 65 79069 0 64 79072 0 78 79086 0 73 79089 0 72 79092 0 90 79092 0 91 79092 0 92 79095 0 78 79121 0 51 79121 0 78 79142 0 52 79147 0 54 79153 0 78 79155 0 73 79175 0 53 79177 0 72 79207 0 78 79258 0 51 79283 0 52 79310 0 53 79329 0 64 79329 0 65 79332 0 78 79348 0 73 79350 0 72 79352 0 90 79352 0 91 79352 0 92 79355 0 78 79377 0 54 79381 0 78 79413 0 78 79418 0 51 79423 0 73 79437 0 52 79467 0 78 79484 0 
TIME iteration: 324 ms
Round:150
IR: 4, 173, 195, 412, 219
79525 0 54 79567 0 52 79619 0 51 79620 0 53 79631 0 54 79649 0 65 79650 0 64 79653 0 78 79663 0 72 79674 0 90 79674 0 91 79674 0 92 79675 0 73 79676 0 78 79702 0 78 79723 0 72 79734 0 78 79736 0 53 79740 0 52 79766 0 54 79789 0 78 79853 0 51 79870 0 52 79910 0 53 79920 0 54 79977 0 51 80014 0 53 80015 0 64 80016 0 65 80020 0 78 80021 0 
TIME iteration: 324 ms
Round:151
IR: 17, 338, 348, 251, 137
80034 0 73 80041 0 90 80041 0 91 80041 0 92 80042 0 54 80042 0 72 80044 0 78 80070 0 78 80103 0 78 80108 0 73 80153 0 53 80164 0 78 80196 0 54 80213 0 51 80216 0 52 80265 0 53 80295 0 64 80295 0 65 80298 0 78 80307 0 72 80316 0 73 80319 0 90 80319 0 91 80319 0 92 80321 0 78 80347 0 78 80366 0 72 80375 0 54 80379 0 78 80385 0 52 80410 0 73 80430 0 53 80433 0 78 80457 0 51 80515 0 52 80527 0 
TIME iteration: 325 ms
Round:152
IR: 11, 229, 307, 369, 184
80625 0 51 80663 0 53 80689 0 52 80690 0 65 80691 0 64 80695 0 78 80711 0 54 80716 0 62 80716 0 90 80716 0 91 80716 0 92 80719 0 78 80720 0 72 80721 0 73 80734 0 77 80745 0 78 80766 0 77 80770 0 53 80778 0 78 80821 0 77 80839 0 78 80853 0 90 80853 0 91 80853 0 92 80857 0 52 80877 0 54 80897 0 53 80898 0 51 81010 0 52 81014 0 51 81071 0 
TIME iteration: 324 ms
Round:153
IR: 18, 86, 223, 255, 445
81145 0 51 81183 0 54 81188 0 60 81189 0 61 81190 0 52 81197 0 76 81218 0 90 81218 0 91 81218 0 92 81221 0 76 81248 0 76 81268 0 53 81281 0 69 81283 0 76 81289 0 68 81338 0 54 81346 0 51 81346 0 52 81455 0 53 81483 0 54 81530 0 51 81564 0 61 81565 0 60 81568 0 76 81573 0 54 81575 0 52 81580 0 66 81580 0 67 81589 0 79 81590 0 90 81590 0 91 81590 0 92 81591 0 76 81592 0 69 81594 0 68 81613 0 79 81617 0 
TIME iteration: 325 ms
Round:154
IR: 0, 131, 448, 394, 187
81640 0 79 81649 0 76 81651 0 51 81652 0 53 81672 0 74 81675 0 79 81676 0 75 81704 0 76 81712 0 54 81715 0 90 81715 0 91 81715 0 92 81752 0 52 81767 0 51 81844 0 53 81875 0 52 81885 0 54 81891 0 51 81977 0 52 81983 0 53 82004 0 54 82012 0 51 82023 0 63 82024 0 62 82032 0 77 82041 0 60 82042 0 61 82047 0 76 82052 0 90 82052 0 91 82052 0 92 82056 0 77 82068 0 69 82069 0 68 82071 0 76 82083 0 77 82098 0 76 82102 0 71 82103 0 70 82118 0 77 82131 0 76 82132 0 51 82143 0 
TIME iteration: 325 ms
Round:155
IR: 47, 183, 181, 259, 314
82151 0 54 82178 0 90 82178 0 91 82178 0 92 82198 0 76 82239 0 52 82326 0 51 82341 0 52 82391 0 53 82403 0 54 82475 0 52 82491 0 51 82506 0 62 82506 0 63 82511 0 77 82535 0 77 82535 0 90 82535 0 91 82535 0 92 82540 0 70 82541 0 71 82562 0 77 82575 0 53 82581 0 54 82595 0 77 82640 0 52 82644 0 51 82661 0 
TIME iteration: 325 ms
Round:156
IR: 20, 202, 169, 265, 378
82691 0 54 82694 0 53 82770 0 51 82822 0 53 82823 0 54 82849 0 52 82860 0 66 82860 0 67 82862 0 64 82862 0 65 82869 0 79 82870 0 78 82884 0 90 82884 0 91 82884 0 92 82893 0 79 82894 0 78 82920 0 79 82921 0 78 82933 0 75 82934 0 51 82938 0 74 82953 0 72 82955 0 78 82955 0 79 82958 0 73 82989 0 52 83014 0 90 83014 0 91 83014 0 92 83023 0 53 83023 0 54 83109 0 51 83140 0 52 83151 0 54 83163 0 53 83209 0 
TIME iteration: 325 ms
Round:157
IR: 25, 232, 164, 246, 203
83317 0 54 83321 0 51 83338 0 60 83338 0 61 83346 0 76 83367 0 90 83367 0 91 83367 0 92 83370 0 76 83374 0 53 83387 0 52 83397 0 76 83407 0 68 83408 0 69 83431 0 76 83456 0 51 83476 0 54 83536 0 52 83570 0 53 83630 0 51 83643 0 54 83667 0 52 83690 0 61 83692 0 60 83694 0 76 83715 0 68 83715 0 69 83716 0 90 83716 0 91 83716 0 92 83717 0 
TIME iteration: 325 ms
Round:158
IR: 93, 182, 311, 500, 157
83743 0 76 83762 0 53 83775 0 76 83805 0 51 83818 0 54 83826 0 58 83829 0 76 83860 0 58 83889 0 86 83889 0 87 83893 0 58 83899 0 52 83924 0 58 83954 0 58 83958 0 53 83984 0 51 83984 0 58 84000 0 86 84000 0 87 84003 0 54 84014 0 58 84043 0 58 84073 0 52 84074 0 58 84103 0 58 84110 0 86 84110 0 87 84132 0 58 84133 0 54 84144 0 66 84145 0 67 84153 0 79 84161 0 58 84170 0 51 84172 0 90 84172 0 91 84172 0 92 84177 0 79 84189 0 58 84204 0 79 84217 0 58 84221 0 86 84221 0 87 84222 0 75 84224 0 74 84239 0 79 84244 0 53 84245 0 58 84260 0 
TIME iteration: 325 ms
Round:159
IR: 21, 231, 217, 361, 296
84274 0 58 84287 0 54 84292 0 51 84313 0 58 84333 0 86 84333 0 87 84365 0 52 84409 0 51 84447 0 54 84477 0 52 84485 0 66 84486 0 67 84489 0 79 84510 0 74 84511 0 75 84511 0 90 84511 0 91 84511 0 92 84512 0 79 84516 0 51 84538 0 79 84546 0 54 84570 0 79 84594 0 53 84615 0 52 84627 0 79 84644 0 54 84657 0 51 84732 0 53 84780 0 54 84787 0 52 84790 0 
TIME iteration: 325 ms
Round:160
IR: 116, 384, 340, 246, 261
84804 0 66 84804 0 67 84808 0 79 84818 0 74 84818 0 75 84828 0 90 84828 0 91 84828 0 92 84831 0 79 84857 0 79 84880 0 74 84881 0 75 84889 0 79 84910 0 51 84915 0 54 84948 0 79 84959 0 52 85015 0 53 85030 0 54 85059 0 67 85060 0 66 85063 0 79 85077 0 74 85079 0 75 85083 0 90 85083 0 91 85083 0 92 85086 0 79 85112 0 79 85144 0 79 85148 0 52 85149 0 74 85157 0 75 85175 0 53 85191 0 51 85200 0 79 85207 0 54 85246 0 52 85303 0 
TIME iteration: 325 ms
Round:161
IR: 22, 436, 468, 421, 163
85348 0 54 85362 0 67 85363 0 66 85366 0 79 85385 0 74 85385 0 75 85386 0 90 85386 0 91 85386 0 92 85389 0 79 85415 0 79 85427 0 51 85434 0 52 85447 0 79 85456 0 53 85503 0 79 85526 0 54 85576 0 51 85593 0 53 85596 0 52 85676 0 51 85681 0 54 85711 0 60 85713 0 61 85720 0 76 85737 0 90 85737 0 91 85737 0 92 85744 0 76 85771 0 76 85785 0 53 85797 0 68 85805 0 69 85805 0 76 85822 0 51 85827 0 
TIME iteration: 324 ms
Round:162
IR: 6, 164, 183, 280, 286
85889 0 54 85939 0 53 85941 0 52 86015 0 51 86064 0 60 86066 0 61 86067 0 52 86068 0 76 86071 0 53 86084 0 62 86084 0 63 86090 0 90 86090 0 91 86090 0 92 86091 0 68 86091 0 76 86092 0 69 86092 0 77 86110 0 54 86116 0 77 86117 0 76 86143 0 77 86149 0 76 86177 0 77 86179 0 70 86185 0 71 86192 0 53 86203 0 76 86208 0 51 86213 0 90 86213 0 91 86213 0 92 86247 0 54 86262 0 52 86348 0 53 86359 0 54 86380 0 
TIME iteration: 326 ms
Round:163
IR: 27, 324, 220, 295, 287
86446 0 52 86503 0 51 86546 0 53 86575 0 61 86584 0 60 86586 0 54 86586 0 76 86609 0 68 86609 0 90 86609 0 91 86609 0 92 86610 0 69 86610 0 76 86637 0 76 86643 0 51 86671 0 76 86709 0 52 86749 0 76 86756 0 54 86760 0 53 86762 0 51 86833 0 52 86870 0 54 86907 0 
TIME iteration: 325 ms
Round:164
IR: 4, 309, 321, 305, 106
86932 0 60 86932 0 61 86936 0 76 86949 0 68 86951 0 69 86957 0 90 86957 0 91 86957 0 92 86959 0 76 86985 0 76 87000 0 54 87014 0 52 87016 0 53 87017 0 76 87022 0 68 87035 0 69 87050 0 51 87073 0 76 87139 0 54 87145 0 52 87175 0 53 87219 0 51 87241 0 60 87241 0 61 87245 0 76 87263 0 68 87265 0 69 87265 0 90 87265 0 91 87265 0 92 87268 0 76 87269 0 52 87294 0 76 87297 0 54 87326 0 76 87334 0 53 87382 0 76 87392 0 51 87418 0 
TIME iteration: 325 ms
Round:165
IR: 6, 338, 514, 256, 154
87460 0 54 87474 0 53 87537 0 52 87545 0 51 87587 0 54 87602 0 63 87603 0 62 87610 0 53 87611 0 77 87614 0 61 87617 0 60 87620 0 76 87624 0 66 87625 0 67 87628 0 90 87628 0 91 87628 0 92 87634 0 68 87634 0 79 87635 0 69 87635 0 77 87644 0 76 87658 0 79 87662 0 77 87670 0 76 87681 0 71 87683 0 70 87685 0 79 87697 0 77 87703 0 76 87706 0 74 87709 0 68 87714 0 75 87716 0 69 87717 0 54 87720 0 52 87720 0 79 87742 0 90 87742 0 91 87742 0 92 87764 0 76 87770 0 51 87814 0 53 87854 0 54 87879 0 52 87883 0 51 87962 0 54 87970 0 
TIME iteration: 325 ms
Round:166
IR: 25, 363, 284, 431, 321
87989 0 53 88007 0 52 88011 0 61 88013 0 60 88017 0 76 88039 0 90 88039 0 91 88039 0 92 88041 0 69 88041 0 76 88042 0 68 88068 0 54 88068 0 76 88087 0 51 88101 0 76 88135 0 52 88166 0 76 88175 0 53 88231 0 51 88242 0 54 88283 0 52 88361 0 51 88375 0 61 88376 0 60 88380 0 76 88394 0 68 88394 0 69 88401 0 90 88401 0 91 88401 0 92 88404 0 76 88405 0 54 88406 0 53 88420 0 52 88430 0 76 88463 0 76 88470 0 69 88473 0 68 88491 0 
TIME iteration: 326 ms
Round:167
IR: 76, 370, 321, 202, 175
88524 0 76 88570 0 53 88612 0 54 88678 0 52 88692 0 51 88717 0 60 88718 0 61 88722 0 76 88734 0 53 88742 0 90 88742 0 91 88742 0 92 88744 0 68 88744 0 69 88746 0 76 88772 0 76 88805 0 76 88812 0 52 88825 0 54 88866 0 76 88915 0 51 88954 0 54 88983 0 52 89013 0 
TIME iteration: 324 ms
Round:168
IR: 62, 356, 463, 293, 201
89067 0 51 89118 0 61 89120 0 60 89123 0 52 89124 0 76 89140 0 68 89140 0 69 89142 0 62 89142 0 63 89145 0 90 89145 0 91 89145 0 92 89148 0 76 89150 0 77 89174 0 77 89175 0 76 89176 0 54 89201 0 77 89208 0 76 89222 0 71 89223 0 70 89224 0 68 89235 0 51 89235 0 77 89238 0 52 89250 0 69 89267 0 90 89267 0 91 89267 0 92 89273 0 76 89279 0 53 89296 0 54 89379 0 53 89404 0 52 89434 0 51 89489 0 53 89503 0 54 89548 0 
TIME iteration: 325 ms
Round:169
IR: 45, 673, 660, 198, 280
89612 0 60 89613 0 61 89618 0 76 89633 0 52 89642 0 53 89642 0 76 89642 0 90 89642 0 91 89642 0 92 89649 0 68 89650 0 69 89657 0 57 89665 0 56 89669 0 76 89685 0 51 89693 0 57 89700 0 56 89702 0 76 89722 0 84 89722 0 85 89727 0 57 89729 0 82 89729 0 83 89734 0 56 89760 0 57 89766 0 56 89769 0 54 89769 0 76 89772 0 53 89792 0 57 89793 0 51 89797 0 56 89823 0 57 89828 0 56 89832 0 84 89832 0 85 89834 0 52 89839 0 82 89839 0 83 89855 0 57 89857 0 56 89885 0 57 89886 0 56 89887 0 51 89903 0 53 89914 0 57 89915 0 56 89925 0 54 89942 0 57 89944 0 56 89944 0 84 89944 0 85 89949 0 82 89949 0 83 89970 0 57 89973 0 56 89975 0 52 89997 0 57 89999 0 51 90001 0 56 90024 0 57 90028 0 56 90041 0 63 90044 0 62 90050 0 77 90052 0 57 90055 0 56 90055 0 84 90055 0 85 90059 0 82 90059 0 83 90070 0 52 90070 0 90 90070 0 91 90070 0 92 90074 0 77 90079 0 57 90082 0 
TIME iteration: 327 ms
Round:170
IR: 197, 347, 586, 376, 243
90101 0 77 90102 0 71 90103 0 70 90107 0 57 90111 0 56 90113 0 53 90114 0 51 90135 0 57 90135 0 77 90138 0 54 90150 0 56 90163 0 57 90166 0 84 90166 0 85 90171 0 82 90171 0 83 90183 0 52 90191 0 57 90219 0 57 90245 0 53 90246 0 57 90252 0 51 90274 0 57 90277 0 84 90277 0 85 90286 0 54 90302 0 57 90314 0 52 90329 0 57 90345 0 62 90347 0 63 90348 0 77 90356 0 57 90366 0 70 90366 0 71 90370 0 90 90370 0 91 90370 0 92 90371 0 77 90382 0 57 90387 0 51 90387 0 84 90387 0 85 90397 0 77 90406 0 54 90408 0 57 90427 0 52 90428 0 77 90433 0 57 90445 0 71 90448 0 53 90455 0 70 90458 0 57 90479 0 77 90484 0 57 90496 0 84 90496 0 85 90510 0 57 90536 0 57 90544 0 52 90562 0 57 90571 0 63 90573 0 62 90575 0 77 90587 0 51 90589 0 57 90590 0 70 90590 0 71 90595 0 90 90595 0 91 90595 0 92 90598 0 77 90606 0 84 90606 0 85 90617 0 57 90619 0 53 90621 0 54 90624 0 
TIME iteration: 327 ms
Round:171
IR: 682, 470, 506, 314, 329
90648 0 57 90656 0 77 90659 0 70 90664 0 71 90695 0 57 90700 0 52 90709 0 77 90710 0 51 90720 0 84 90720 0 85 90721 0 55 90725 0 53 90751 0 54 90758 0 55 90787 0 80 90787 0 81 90793 0 55 90825 0 55 90858 0 51 90858 0 55 90886 0 53 90890 0 54 90890 0 55 90893 0 52 90898 0 80 90898 0 81 90915 0 63 90916 0 62 90920 0 77 90921 0 55 90940 0 90 90940 0 91 90940 0 92 90941 0 70 90941 0 71 90944 0 77 90951 0 55 90970 0 51 90970 0 77 90980 0 55 90989 0 53 91003 0 77 91007 0 54 91011 0 55 91012 0 80 91012 0 81 91042 0 55 91054 0 52 91064 0 77 91072 0 55 91089 0 51 91102 0 55 91124 0 80 91124 0 81 91125 0 54 91131 0 55 91150 0 
TIME iteration: 325 ms
Round:172
IR: 133, 596, 663, 428, 220
91160 0 55 91198 0 55 91212 0 52 91229 0 54 91242 0 80 91242 0 81 91243 0 57 91249 0 66 91249 0 67 91254 0 56 91258 0 79 91267 0 51 91274 0 90 91274 0 91 91274 0 92 91279 0 57 91282 0 79 91285 0 84 91285 0 85 91290 0 56 91307 0 82 91307 0 83 91309 0 79 91311 0 57 91323 0 56 91325 0 53 91341 0 57 91341 0 75 91344 0 79 91354 0 56 91355 0 74 91371 0 57 91381 0 51 91384 0 56 91398 0 84 91398 0 85 91400 0 57 91413 0 56 91417 0 54 91418 0 82 91418 0 83 91428 0 57 91429 0 52 91442 0 56 91456 0 57 91471 0 56 91473 0 53 91486 0 57 91500 0 56 91510 0 84 91510 0 85 91513 0 51 91514 0 57 91529 0 56 91530 0 82 91530 0 83 91531 0 52 91543 0 57 91558 0 56 91572 0 57 91586 0 54 91586 0 56 91601 0 57 91603 0 53 91615 0 56 91621 0 84 91621 0 85 91629 0 57 91642 0 82 91642 0 83 91643 0 56 91646 0 51 91654 0 52 91657 0 57 91658 0 62 91658 0 63 91665 0 77 91671 0 56 91684 0 90 91684 0 91 91684 0 92 91685 0 57 91689 0 
TIME iteration: 326 ms
Round:173
IR: 127, 386, 399, 314, 223
91700 0 56 91703 0 70 91704 0 71 91716 0 77 91718 0 57 91731 0 84 91731 0 85 91741 0 56 91750 0 77 91753 0 82 91753 0 83 91772 0 57 91773 0 53 91779 0 54 91800 0 52 91919 0 53 91949 0 51 91949 0 54 92003 0 52 92016 0 53 92050 0 65 92051 0 64 92059 0 78 92062 0 63 92064 0 62 92067 0 77 92077 0 90 92077 0 91 92077 0 92 92083 0 78 92088 0 71 92089 0 70 92090 0 77 92110 0 78 92116 0 77 92140 0 72 92145 0 78 92146 0 53 92148 0 77 92149 0 54 92152 0 51 92154 0 73 92202 0 52 92204 0 77 92204 0 90 92204 0 91 92204 0 
TIME iteration: 325 ms
Round:174
IR: 90, 547, 462, 318, 260
92302 0 54 92302 0 56 92307 0 51 92324 0 53 92327 0 52 92341 0 56 92346 0 82 92346 0 83 92377 0 56 92410 0 56 92442 0 56 92443 0 54 92457 0 82 92457 0 83 92469 0 51 92473 0 56 92478 0 52 92489 0 53 92503 0 56 92534 0 56 92540 0 54 92565 0 56 92569 0 82 92569 0 83 92580 0 52 92583 0 62 92583 0 63 92589 0 77 92595 0 56 92612 0 71 92613 0 70 92613 0 77 92613 0 90 92613 0 91 92613 0 92 92623 0 51 92624 0 56 92628 0 54 92640 0 77 92652 0 56 92674 0 77 92680 0 53 92681 0 56 92682 0 82 92682 0 83 92709 0 56 92731 0 52 92737 0 54 92737 0 
TIME iteration: 326 ms
Round:175
IR: 71, 354, 232, 311, 214
92750 0 77 92769 0 56 92784 0 51 92794 0 82 92794 0 83 92818 0 56 92837 0 54 92896 0 52 92900 0 51 92933 0 53 92965 0 54 92966 0 62 92968 0 63 92972 0 77 92987 0 70 92987 0 71 92993 0 90 92993 0 91 92993 0 92 92996 0 77 93006 0 52 93008 0 51 93023 0 77 93056 0 77 93072 0 70 93072 0 71 93095 0 53 93097 0 54 93121 0 77 93141 0 52 93168 0 51 93215 0 63 93220 0 62 93221 0 77 93237 0 70 93237 0 71 93241 0 90 93241 0 91 93241 0 92 93243 0 54 93244 0 77 93270 0 77 93276 0 
TIME iteration: 325 ms
Round:176
IR: 98, 188, 205, 391, 285
93287 0 52 93302 0 77 93311 0 71 93313 0 70 93356 0 77 93376 0 54 93407 0 53 93441 0 51 93489 0 52 93530 0 53 93536 0 62 93537 0 63 93539 0 54 93540 0 77 93561 0 71 93561 0 90 93561 0 91 93561 0 92 93563 0 70 93563 0 77 93589 0 77 93621 0 77 93660 0 51 93676 0 77 93694 0 53 93708 0 52 93779 0 
TIME iteration: 324 ms
Round:177
IR: 85, 186, 165, 214, 187
93837 0 52 93842 0 51 93898 0 62 93905 0 63 93906 0 77 93920 0 70 93920 0 71 93927 0 90 93927 0 91 93927 0 92 93930 0 77 93947 0 52 93956 0 77 93979 0 54 93980 0 51 93989 0 77 93994 0 70 93997 0 71 94050 0 77 94093 0 52 94113 0 54 94125 0 53 94150 0 51 94167 0 63 94173 0 62 94173 0 77 94190 0 70 94190 0 71 94194 0 90 94194 0 91 94194 0 92 94196 0 77 94222 0 77 94248 0 54 94251 0 52 94253 0 51 94254 0 77 94268 0 71 94279 0 70 94307 0 
TIME iteration: 325 ms
Round:178
IR: 87, 153, 150, 286, 460
94353 0 52 94385 0 63 94386 0 62 94388 0 77 94402 0 71 94403 0 70 94408 0 90 94408 0 91 94408 0 92 94411 0 77 94433 0 53 94433 0 54 94437 0 77 94450 0 59 94468 0 77 94470 0 71 94473 0 51 94475 0 70 94486 0 59 94496 0 52 94515 0 88 94515 0 89 94519 0 77 94520 0 59 94549 0 53 94549 0 88 94549 0 89 94552 0 59 94582 0 88 94582 0 89 94583 0 59 94601 0 51 94603 0 54 94612 0 52 94613 0 59 94614 0 88 94614 0 89 94642 0 59 94645 0 88 94645 0 89 94672 0 59 94675 0 88 94675 0 89 94689 0 53 94701 0 59 94705 0 88 94705 0 89 94716 0 54 94720 0 51 94728 0 52 94730 0 59 94734 0 88 94734 0 89 94746 0 60 94746 0 61 94749 0 65 94753 0 64 94754 0 76 94758 0 59 94759 0 78 94763 0 88 94763 0 89 94771 0 90 94771 0 91 94771 0 92 94778 0 76 94783 0 78 94787 0 59 94792 0 88 94792 0 89 94805 0 76 94810 0 78 94816 0 59 94821 0 88 94821 0 89 94822 0 51 94827 0 53 94838 0 68 94839 0 76 94844 0 78 94845 0 59 94846 0 69 94848 0 72 94850 0 88 94850 0 89 94860 0 
TIME iteration: 327 ms
Round:179
IR: 133, 226, 277, 208, 160
94874 0 59 94879 0 88 94879 0 89 94900 0 90 94900 0 91 94900 0 92 94906 0 54 94912 0 88 94912 0 89 94913 0 59 94914 0 51 94934 0 53 94945 0 88 94945 0 89 94952 0 52 94998 0 88 94998 0 89 95037 0 54 95107 0 51 95136 0 52 95158 0 54 95186 0 53 95314 0 51 95316 0 52 95343 0 53 95353 0 54 95360 0 60 95361 0 61 95367 0 76 95370 0 64 95370 0 65 95376 0 78 95391 0 76 95391 0 90 95391 0 91 95391 0 
TIME iteration: 326 ms
Round:180
IR: 85, 277, 276, 299, 229
95400 0 78 95404 0 68 95405 0 69 95414 0 72 95415 0 73 95418 0 76 95427 0 78 95452 0 76 95457 0 52 95457 0 53 95461 0 78 95467 0 51 95523 0 90 95523 0 91 95523 0 92 95528 0 54 95533 0 76 95537 0 78 95556 0 53 95559 0 51 95600 0 52 95681 0 53 95697 0 51 95757 0 54 95766 0 52 95899 0 53 95905 0 51 95921 0 
TIME iteration: 325 ms
Round:181
IR: 95, 185, 340, 536, 399
95941 0 62 95941 0 63 95947 0 60 95949 0 61 95949 0 64 95949 0 65 95949 0 77 95955 0 76 95956 0 78 95960 0 54 95970 0 90 95970 0 91 95970 0 92 95973 0 77 95979 0 76 95980 0 78 95985 0 72 95986 0 68 95986 0 69 95987 0 73 96000 0 77 96006 0 76 96007 0 78 96021 0 71 96027 0 70 96034 0 58 96034 0 77 96038 0 53 96040 0 76 96041 0 78 96067 0 52 96072 0 58 96082 0 51 96085 0 54 96088 0 90 96088 0 91 96088 0 92 96100 0 86 96100 0 87 96108 0 58 96141 0 58 96151 0 53 96173 0 58 96202 0 52 96203 0 58 96211 0 86 96211 0 87 96229 0 54 96234 0 58 96263 0 58 96265 0 51 96291 0 58 96300 0 53 96318 0 58 96322 0 86 96322 0 87 96345 0 58 96373 0 58 96381 0 54 96401 0 58 96407 0 52 96429 0 58 96430 0 53 96433 0 86 96433 0 87 96457 0 
TIME iteration: 327 ms
Round:182
IR: 70, 206, 170, 222, 52
96461 0 51 96491 0 58 96527 0 53 96533 0 52 96549 0 60 96552 0 58 96552 0 61 96554 0 86 96554 0 87 96557 0 76 96562 0 54 96568 0 66 96568 0 67 96577 0 79 96581 0 76 96581 0 90 96581 0 91 96581 0 92 96587 0 68 96588 0 69 96589 0 51 96601 0 79 96608 0 76 96628 0 79 96629 0 53 96642 0 76 96663 0 74 96663 0 79 96664 0 75 96668 0 52 96704 0 54 96709 0 90 96709 0 91 96709 0 92 96723 0 76 96735 0 53 96771 0 51 96794 0 52 96809 0 54 96897 0 53 96937 0 51 96961 0 
TIME iteration: 326 ms
Round:183
IR: 69, 472, 177, 235, 122
97013 0 52 97048 0 51 97073 0 60 97073 0 61 97079 0 76 97103 0 76 97103 0 90 97103 0 91 97103 0 92 97105 0 68 97106 0 69 97130 0 76 97137 0 53 97164 0 76 97190 0 54 97207 0 52 97217 0 51 97240 0 76 97326 0 52 97351 0 53 97374 0 51 97442 0 54 97454 0 60 97464 0 76 97482 0 52 97487 0 90 97487 0 91 97487 0 92 97488 0 51 97494 0 
TIME iteration: 325 ms
Round:184
IR: 72, 351, 243, 303, 143
97537 0 76 97594 0 53 97631 0 52 97654 0 54 97677 0 51 97758 0 52 97812 0 51 97838 0 54 97839 0 62 97841 0 63 97848 0 77 97866 0 61 97867 0 60 97868 0 90 97868 0 91 97868 0 92 97872 0 76 97872 0 77 97877 0 52 97891 0 68 97891 0 69 97896 0 76 97899 0 77 97918 0 53 97923 0 76 97929 0 70 97930 0 71 97933 0 77 97956 0 76 97968 0 51 97990 0 90 97990 0 91 97990 0 92 98023 0 76 98029 0 52 98038 0 
TIME iteration: 324 ms
Round:185
IR: 85, 270, 214, 443, 165
98097 0 51 98109 0 53 98185 0 52 98196 0 54 98290 0 51 98367 0 54 98379 0 52 98396 0 53 98405 0 67 98407 0 66 98412 0 51 98415 0 79 98417 0 63 98418 0 62 98419 0 60 98419 0 61 98423 0 77 98425 0 76 98436 0 90 98436 0 91 98436 0 92 98439 0 79 98447 0 77 98449 0 76 98450 0 68 98450 0 69 98456 0 71 98459 0 70 98466 0 79 98474 0 77 98476 0 54 98476 0 76 98493 0 75 98497 0 74 98501 0 79 98507 0 77 98510 0 76 98543 0 52 98553 0 90 98553 0 91 98553 0 92 98561 0 53 98574 0 77 98575 0 
TIME iteration: 326 ms
Round:186
IR: 45, 388, 240, 322, 188
98586 0 76 98608 0 54 98663 0 52 98733 0 53 98770 0 52 98780 0 51 98802 0 54 98860 0 53 98915 0 51 98923 0 65 98924 0 64 98932 0 78 98935 0 54 98950 0 52 98953 0 53 98953 0 90 98953 0 91 98953 0 92 98956 0 78 98983 0 78 99018 0 78 99020 0 73 99025 0 72 99030 0 51 99065 0 
TIME iteration: 326 ms
Round:187
IR: 17, 239, 239, 327, 188
99115 0 52 99133 0 54 99187 0 53 99194 0 51 99203 0 65 99204 0 64 99206 0 78 99224 0 73 99225 0 72 99227 0 90 99227 0 91 99227 0 92 99229 0 78 99233 0 52 99255 0 78 99264 0 54 99287 0 78 99310 0 51 99310 0 73 99317 0 72 99340 0 78 99364 0 53 99401 0 52 99432 0 51 99437 0 54 99512 0 53 99520 0 64 99520 0 65 99524 0 78 99544 0 52 99544 0 73 99544 0 90 99544 0 91 99544 0 92 99545 0 51 99545 0 72 99547 0 78 99573 0 78 99605 0 
TIME iteration: 325 ms
Round:188
IR: 45, 353, 194, 379, 300
99656 0 54 99661 0 78 99666 0 51 99687 0 53 99779 0 54 99784 0 52 99801 0 51 99823 0 53 99876 0 64 99878 0 65 99881 0 78 99894 0 72 99894 0 73 99897 0 61 99898 0 60 99902 0 90 99902 0 91 99902 0 92 99904 0 78 99906 0 51 99906 0 76 99930 0 76 99930 0 78 99955 0 54 99957 0 76 99962 0 78 99965 0 73 99968 0 72 99972 0 69 99974 0 68 99985 0 53 99989 0 52 99992 0 76 100018 0 78 100025 0 90 100025 0 91 100025 0 92 100053 0 51 100112 0 54 100123 0 
TIME iteration: 325 ms
Round:189
IR: 69, 295, 335, 264, 157
100186 0 51 100221 0 52 100234 0 53 100267 0 54 100307 0 51 100350 0 52 100350 0 60 100350 0 61 100355 0 76 100379 0 76 100379 0 90 100379 0 91 100379 0 92 100382 0 69 100383 0 68 100400 0 54 100406 0 53 100406 0 76 100439 0 76 100486 0 52 100500 0 51 100505 0 76 100552 0 53 100600 0 54 100625 0 52 100669 0 51 100696 0 
TIME iteration: 325 ms
Round:190
IR: 103, 316, 346, 433, 298
100740 0 64 100740 0 65 100748 0 78 100756 0 60 100766 0 76 100766 0 90 100766 0 91 100766 0 92 100772 0 78 100784 0 52 100796 0 76 100798 0 72 100799 0 73 100799 0 78 100800 0 51 100819 0 54 100833 0 78 100839 0 76 100896 0 53 100911 0 90 100911 0 91 100911 0 92 100939 0 52 100948 0 51 100979 0 53 100998 0 54 101076 0 52 101080 0 53 101086 0 51 101172 0 54 101205 0 
TIME iteration: 324 ms
Round:191
IR: 40, 54, 224, 410, 301
101236 0 52 101241 0 53 101246 0 61 101247 0 60 101252 0 76 101259 0 65 101260 0 64 101265 0 78 101276 0 76 101276 0 90 101276 0 91 101276 0 92 101277 0 69 101278 0 68 101289 0 78 101294 0 72 101294 0 73 101303 0 76 101316 0 78 101321 0 54 101336 0 76 101341 0 51 101349 0 78 101382 0 53 101400 0 52 101403 0 76 101405 0 90 101405 0 91 101405 0 92 101416 0 78 101424 0 54 101442 0 51 101538 0 51 101538 0 53 101557 0 54 101662 0 51 101680 0 52 101706 0 60 101708 0 61 101713 0 76 101733 0 69 101734 0 68 101736 0 90 101736 0 91 101736 0 92 101737 0 
TIME iteration: 326 ms
Round:192
IR: 85, 181, 218, 258, 175
101764 0 76 101770 0 54 101782 0 53 101798 0 76 101824 0 51 101826 0 52 101873 0 76 101908 0 54 101933 0 51 101943 0 52 101956 0 53 102031 0 54 102072 0 66 102074 0 67 102082 0 79 102090 0 51 102097 0 60 102098 0 61 102099 0 90 102099 0 91 102099 0 92 102102 0 76 102106 0 79 102117 0 52 102118 0 68 102118 0 69 102126 0 76 102133 0 79 102152 0 76 102153 0 54 102157 0 53 102167 0 74 102168 0 79 102173 0 75 102185 0 76 102204 0 69 102221 0 90 102221 0 91 102221 0 92 102243 0 51 102246 0 76 102269 0 
TIME iteration: 326 ms
Round:193
IR: 135, 183, 226, 450, 233
102319 0 54 102351 0 53 102381 0 51 102462 0 52 102489 0 54 102514 0 53 102529 0 51 102573 0 60 102575 0 61 102580 0 76 102600 0 68 102603 0 90 102603 0 91 102603 0 92 102604 0 76 102610 0 69 102627 0 52 102631 0 76 102655 0 54 102665 0 76 102684 0 53 102723 0 51 102740 0 76 102743 0 
TIME iteration: 325 ms
Round:194
IR: 79, 321, 404, 213, 281
102856 0 54 102880 0 51 102895 0 53 102900 0 52 102956 0 62 102957 0 63 102965 0 77 102971 0 60 102981 0 76 102983 0 90 102983 0 91 102983 0 92 102989 0 77 102996 0 54 103011 0 76 103015 0 51 103016 0 77 103020 0 53 103045 0 71 103051 0 77 103053 0 70 103054 0 76 103057 0 52 103130 0 90 103130 0 91 103130 0 92 103143 0 51 103161 0 53 103218 0 52 103264 0 51 103291 0 
TIME iteration: 324 ms
Round:195
IR: 79, 201, 288, 321, 276
103389 0 52 103404 0 51 103416 0 53 103433 0 54 103481 0 60 103481 0 61 103487 0 76 103493 0 52 103506 0 63 103507 0 62 103511 0 76 103511 0 90 103511 0 91 103511 0 92 103512 0 69 103512 0 77 103513 0 68 103536 0 77 103538 0 76 103546 0 71 103547 0 70 103563 0 77 103568 0 51 103572 0 76 103583 0 52 103596 0 77 103635 0 90 103635 0 91 103635 0 92 103648 0 76 103659 0 53 103663 0 77 103684 0 54 103725 0 52 103792 0 53 103824 0 51 103841 0 
TIME iteration: 326 ms
Round:196
IR: 71, 197, 250, 473, 228
103880 0 54 103942 0 51 103952 0 53 103973 0 58 104007 0 58 104015 0 65 104018 0 64 104025 0 78 104027 0 52 104034 0 54 104036 0 86 104036 0 87 104039 0 58 104046 0 90 104046 0 91 104046 0 92 104049 0 78 104058 0 51 104070 0 58 104076 0 78 104100 0 58 104109 0 72 104111 0 78 104121 0 73 104130 0 58 104147 0 86 104147 0 87 104159 0 58 104164 0 53 104169 0 51 104188 0 58 104209 0 52 104217 0 58 104243 0 54 104246 0 58 104256 0 86 104256 0 87 104277 0 58 104307 0 58 104317 0 53 104338 0 58 104355 0 52 104360 0 51 104368 0 58 104369 0 86 104369 0 87 104387 0 54 104399 0 
TIME iteration: 325 ms
Round:197
IR: 105, 205, 229, 287, 153
104433 0 58 104448 0 61 104451 0 60 104453 0 67 104456 0 66 104457 0 76 104463 0 79 104475 0 90 104475 0 91 104475 0 92 104481 0 76 104487 0 79 104491 0 86 104491 0 87 104496 0 58 104497 0 51 104507 0 68 104507 0 69 104508 0 76 104514 0 79 104542 0 76 104543 0 74 104545 0 52 104546 0 75 104549 0 79 104556 0 53 104589 0 54 104605 0 90 104605 0 91 104605 0 92 104650 0 51 104697 0 53 104703 0 54 104788 0 51 104813 0 52 104839 0 53 104870 0 
TIME iteration: 324 ms
Round:198
IR: 93, 180, 221, 285, 273
104940 0 51 104974 0 60 104975 0 61 104978 0 53 104980 0 76 104995 0 64 104995 0 65 105003 0 52 105003 0 78 105004 0 76 105004 0 90 105004 0 91 105004 0 92 105009 0 68 105011 0 69 105027 0 78 105031 0 76 105054 0 78 105057 0 51 105058 0 72 105058 0 73 105064 0 76 105066 0 54 105088 0 78 105130 0 90 105130 0 91 105130 0 92 105131 0 76 105191 0 53 105220 0 54 105231 0 51 105232 0 52 105340 0 53 105358 0 54 105409 0 52 105457 0 
TIME iteration: 325 ms
Round:199
IR: 129, 210, 227, 283, 179
105530 0 53 105561 0 64 105561 0 65 105567 0 78 105576 0 54 105579 0 52 105591 0 78 105592 0 90 105592 0 91 105592 0 92 105599 0 73 105600 0 72 105608 0 51 105618 0 78 105652 0 78 105671 0 53 105705 0 51 105728 0 78 105758 0 52 105768 0 54 105774 0 53 105822 0 51 105893 0 53 105898 0 65 105899 0 64 105903 0 78 105906 0 60 105907 0 61 105909 0 52 105914 0 76 105917 0 72 105917 0 73 105924 0 90 105924 0 91 105924 0 92 105927 0 78 105932 0 54 105937 0 51 105938 0 76 105953 0 78 105963 0 68 105963 0 69 105965 0 76 105986 0 78 105992 0 72 105993 0 73 105999 0 
TIME iteration: 326 ms
