Experiment Risk
CUTOFF_IR 0
Config: ./networks/network35.conf, Protocol: ./networks/network35.pro, +100 IR
Round:0
IR: 22, 154, 135, 256, 145
348 0 54 408 0 51 432 0 53 469 0 52 520 0 54 521 0 
TIME iteration: 457 ms
Round:1
IR: 5, 379, 244, 267, 120
537 0 60 537 0 61 539 0 67 540 0 66 546 0 76 549 0 79 568 0 90 568 0 91 568 0 92 570 0 76 572 0 53 573 0 79 597 0 76 600 0 79 632 0 76 635 0 79 667 0 54 668 0 51 690 0 53 693 0 52 705 0 90 705 0 91 705 0 92 779 0 51 850 0 53 857 0 54 957 0 51 1004 0 52 1011 0 
TIME iteration: 322 ms
Round:2
IR: 0, 187, 418, 341, 121
1077 0 54 1113 0 51 1119 0 52 1131 0 60 1131 0 61 1137 0 76 1151 0 53 1154 0 64 1154 0 65 1161 0 76 1162 0 78 1162 0 90 1162 0 91 1162 0 92 1166 0 68 1166 0 69 1186 0 78 1188 0 76 1212 0 54 1213 0 78 1222 0 76 1247 0 78 1251 0 52 1258 0 73 1259 0 53 1266 0 72 1288 0 90 1288 0 91 1288 0 92 1298 0 76 1315 0 51 1397 0 54 1440 0 53 1446 0 52 1447 0 51 1532 0 
TIME iteration: 322 ms
Round:3
IR: 4, 157, 299, 388, 146
1590 0 51 1593 0 52 1601 0 53 1644 0 60 1644 0 61 1650 0 76 1674 0 64 1674 0 76 1674 0 90 1674 0 91 1674 0 92 1675 0 68 1676 0 69 1682 0 51 1685 0 78 1701 0 76 1702 0 54 1715 0 78 1735 0 76 1738 0 52 1746 0 53 1759 0 78 1789 0 51 1811 0 76 1815 0 90 1815 0 91 1815 0 92 1822 0 54 1854 0 53 1913 0 52 1916 0 51 1950 0 54 1979 0 53 2077 0 53 2099 0 51 2107 0 52 2115 0 64 2116 0 
TIME iteration: 323 ms
Round:4
IR: 5, 273, 282, 268, 127
2121 0 78 2145 0 78 2145 0 90 2145 0 91 2145 0 92 2147 0 72 2148 0 73 2149 0 54 2172 0 78 2205 0 78 2224 0 52 2234 0 53 2254 0 51 2272 0 78 2285 0 54 2338 0 52 2404 0 53 2429 0 54 2478 0 51 2479 0 52 2494 0 62 2495 0 63 2503 0 77 2511 0 67 2514 0 66 2521 0 90 2521 0 91 2521 0 92 2522 0 79 2527 0 77 2546 0 79 2547 0 53 2554 0 77 2562 0 54 2573 0 79 2589 0 77 2594 0 71 2595 0 70 2595 0 74 2598 0 75 2608 0 79 2614 0 52 2631 0 51 2646 0 90 2646 0 91 2646 0 
TIME iteration: 323 ms
Round:5
IR: 96, 189, 169, 301, 161
2699 0 53 2756 0 54 2790 0 52 2795 0 51 2816 0 53 2886 0 54 2928 0 51 2944 0 52 2983 0 53 3020 0 64 3021 0 65 3028 0 78 3050 0 90 3050 0 91 3050 0 92 3052 0 78 3057 0 54 3059 0 51 3074 0 73 3075 0 72 3079 0 78 3113 0 78 3136 0 52 3154 0 
TIME iteration: 323 ms
Round:6
IR: 107, 178, 287, 285, 90
3220 0 54 3233 0 51 3246 0 53 3290 0 52 3312 0 64 3314 0 65 3315 0 78 3331 0 72 3332 0 54 3332 0 73 3337 0 90 3337 0 91 3337 0 92 3338 0 78 3354 0 51 3364 0 78 3395 0 78 3399 0 53 3401 0 72 3414 0 73 3446 0 78 3460 0 54 3476 0 52 3484 0 51 3573 0 53 3600 0 54 3608 0 64 3610 0 65 3612 0 52 3612 0 78 3615 0 51 3632 0 72 3632 0 73 3633 0 90 3633 0 91 3633 0 92 3635 0 78 3661 0 78 3681 0 53 3693 0 
TIME iteration: 322 ms
Round:7
IR: 57, 198, 152, 284, 163
3722 0 51 3747 0 78 3777 0 54 3798 0 53 3828 0 52 3903 0 54 3929 0 53 3945 0 65 3946 0 51 3946 0 64 3950 0 78 3960 0 73 3961 0 72 3970 0 90 3970 0 91 3970 0 92 3974 0 78 4000 0 78 4025 0 73 4029 0 72 4033 0 78 4037 0 52 4039 0 54 4068 0 53 4092 0 51 4094 0 78 4140 0 54 4162 0 52 4213 0 
TIME iteration: 322 ms
Round:8
IR: 96, 184, 290, 411, 142
4246 0 53 4273 0 64 4273 0 65 4277 0 78 4291 0 52 4296 0 72 4297 0 73 4298 0 90 4298 0 91 4298 0 92 4300 0 78 4318 0 54 4326 0 78 4340 0 51 4358 0 78 4414 0 78 4426 0 54 4433 0 52 4440 0 51 4450 0 53 4536 0 54 4550 0 51 4586 0 60 4588 0 61 4589 0 53 4595 0 76 4598 0 66 4601 0 67 4608 0 79 4611 0 90 4611 0 91 4611 0 92 4619 0 76 4632 0 79 4639 0 52 4646 0 76 4659 0 79 4677 0 68 4680 0 76 4681 0 54 4683 0 69 4688 0 75 4691 0 74 4694 0 79 4698 0 53 4736 0 90 4736 0 91 4736 0 
TIME iteration: 323 ms
Round:9
IR: 94, 156, 140, 415, 327
4782 0 51 4811 0 54 4840 0 52 4878 0 53 4933 0 51 4970 0 53 4993 0 52 5084 0 54 5123 0 53 5129 0 64 5129 0 65 5137 0 78 5150 0 51 5159 0 90 5159 0 91 5159 0 92 5161 0 78 5179 0 72 5179 0 73 5188 0 78 5222 0 52 5222 0 78 5247 0 
TIME iteration: 323 ms
Round:10
IR: 66, 302, 312, 556, 170
5303 0 51 5308 0 53 5388 0 54 5395 0 52 5406 0 58 5409 0 53 5442 0 58 5451 0 64 5451 0 65 5454 0 78 5471 0 72 5471 0 73 5471 0 86 5471 0 87 5476 0 90 5476 0 91 5476 0 92 5477 0 78 5478 0 58 5484 0 51 5503 0 78 5511 0 52 5512 0 58 5535 0 53 5535 0 78 5545 0 58 5549 0 54 5553 0 73 5561 0 72 5577 0 58 5583 0 86 5583 0 87 5589 0 78 5609 0 58 5625 0 51 5642 0 58 5644 0 52 5674 0 58 5695 0 86 5695 0 87 5696 0 53 5706 0 58 5722 0 54 5737 0 58 5768 0 58 5781 0 52 5799 0 58 5806 0 86 5806 0 87 5827 0 51 5828 0 
TIME iteration: 323 ms
Round:11
IR: 39, 145, 252, 429, 159
5865 0 58 5883 0 53 5906 0 61 5913 0 60 5917 0 54 5918 0 76 5928 0 52 5932 0 86 5932 0 87 5937 0 90 5937 0 91 5937 0 92 5942 0 76 5969 0 76 5983 0 68 5984 0 51 5987 0 69 6003 0 76 6086 0 51 6097 0 53 6102 0 52 6112 0 54 6232 0 51 6241 0 60 6241 0 61 6244 0 76 6258 0 54 6264 0 68 6265 0 53 6266 0 69 6266 0 90 6266 0 91 6266 0 92 6267 0 76 6293 0 76 6325 0 76 6328 0 
TIME iteration: 322 ms
Round:12
IR: 105, 187, 189, 259, 255
6379 0 76 6383 0 51 6399 0 53 6411 0 54 6491 0 52 6534 0 54 6540 0 51 6587 0 53 6614 0 61 6617 0 60 6618 0 67 6620 0 76 6630 0 66 6633 0 79 6634 0 68 6634 0 69 6635 0 52 6640 0 90 6640 0 91 6640 0 92 6644 0 76 6657 0 79 6670 0 76 6684 0 79 6702 0 54 6703 0 51 6703 0 76 6709 0 69 6710 0 68 6713 0 74 6719 0 79 6722 0 75 6752 0 52 6764 0 76 6767 0 90 6767 0 91 6767 0 92 6793 0 53 6834 0 51 6834 0 54 6849 0 
TIME iteration: 322 ms
Round:13
IR: 74, 391, 282, 270, 194
6938 0 53 6960 0 52 6982 0 54 7020 0 51 7090 0 53 7116 0 52 7131 0 62 7131 0 63 7139 0 77 7142 0 64 7144 0 65 7151 0 78 7158 0 54 7161 0 90 7161 0 91 7161 0 92 7163 0 77 7175 0 78 7190 0 77 7197 0 51 7202 0 78 7222 0 70 7224 0 77 7226 0 73 7228 0 72 7236 0 78 7238 0 52 7242 0 71 7268 0 53 7270 0 54 7291 0 90 7291 0 91 7291 0 92 7333 0 51 7380 0 52 7382 0 
TIME iteration: 322 ms
Round:14
IR: 30, 166, 165, 389, 224
7446 0 53 7456 0 51 7517 0 52 7534 0 54 7617 0 52 7628 0 62 7629 0 63 7634 0 77 7658 0 53 7658 0 77 7658 0 90 7658 0 91 7658 0 92 7665 0 71 7666 0 54 7666 0 70 7671 0 51 7685 0 77 7718 0 77 7737 0 52 7785 0 77 7797 0 54 7807 0 53 7845 0 51 7901 0 52 7937 0 54 7945 0 
TIME iteration: 322 ms
Round:15
IR: 75, 407, 458, 279, 253
7971 0 51 8004 0 67 8006 0 66 8012 0 52 8014 0 79 8015 0 62 8015 0 63 8020 0 77 8022 0 60 8022 0 61 8025 0 64 8025 0 65 8030 0 76 8031 0 90 8031 0 91 8031 0 92 8032 0 78 8037 0 70 8037 0 71 8038 0 79 8044 0 77 8054 0 76 8056 0 78 8065 0 79 8071 0 77 8081 0 75 8081 0 76 8082 0 74 8083 0 73 8083 0 78 8084 0 72 8090 0 53 8094 0 54 8100 0 79 8101 0 68 8101 0 69 8104 0 77 8111 0 52 8115 0 76 8117 0 78 8141 0 51 8141 0 90 8141 0 91 8141 0 92 8170 0 77 8221 0 52 8271 0 51 8302 0 54 8307 0 53 8388 0 52 8389 0 51 8412 0 54 8469 0 60 8471 0 61 8473 0 53 8475 0 
TIME iteration: 331 ms
Round:16
IR: 45, 294, 275, 389, 124
8497 0 90 8497 0 91 8497 0 92 8499 0 76 8503 0 68 8503 0 69 8526 0 51 8526 0 76 8544 0 52 8559 0 76 8563 0 54 8596 0 53 8625 0 76 8660 0 54 8701 0 52 8707 0 53 8749 0 51 8814 0 54 8840 0 66 8841 0 67 8849 0 79 8852 0 52 8852 0 53 8862 0 64 8862 0 65 8866 0 90 8866 0 91 8866 0 92 8869 0 78 8873 0 79 8893 0 78 8897 0 75 8898 0 74 8899 0 51 8900 0 79 8915 0 72 8915 0 73 8920 0 78 8935 0 79 8954 0 78 8960 0 53 8989 0 90 8989 0 91 8989 0 92 9001 0 
TIME iteration: 325 ms
Round:17
IR: 22, 397, 186, 277, 125
9018 0 51 9041 0 54 9060 0 53 9146 0 51 9182 0 53 9197 0 54 9205 0 52 9276 0 51 9289 0 53 9303 0 65 9304 0 64 9308 0 78 9325 0 61 9327 0 60 9332 0 78 9332 0 90 9332 0 91 9332 0 92 9333 0 72 9333 0 73 9334 0 76 9351 0 52 9358 0 76 9358 0 78 9377 0 68 9379 0 69 9385 0 76 9391 0 78 9408 0 54 9414 0 51 9419 0 76 9452 0 78 9456 0 90 9456 0 91 9456 0 92 9490 0 53 9505 0 52 9523 0 
TIME iteration: 324 ms
Round:18
IR: 89, 173, 263, 526, 150
9546 0 51 9632 0 53 9645 0 58 9660 0 54 9684 0 58 9696 0 51 9697 0 52 9712 0 86 9712 0 87 9719 0 58 9751 0 58 9784 0 58 9794 0 53 9815 0 58 9823 0 86 9823 0 87 9845 0 58 9852 0 51 9863 0 54 9866 0 60 9866 0 61 9872 0 76 9875 0 58 9880 0 52 9891 0 67 9892 0 66 9896 0 76 9896 0 90 9896 0 91 9896 0 92 9900 0 79 9902 0 69 9904 0 68 9905 0 58 9923 0 76 9924 0 79 9935 0 53 9935 0 58 9936 0 86 9936 0 87 9951 0 79 9956 0 75 9957 0 76 9958 0 74 9965 0 58 9986 0 54 9986 0 79 9994 0 58 10020 0 90 10020 0 91 10020 0 92 10023 0 51 10023 0 58 10033 0 76 10042 0 52 10048 0 86 10048 0 87 10052 0 
TIME iteration: 324 ms
Round:19
IR: 36, 300, 198, 267, 138
10082 0 58 10123 0 53 10124 0 58 10166 0 86 10166 0 87 10190 0 54 10208 0 52 10249 0 53 10252 0 51 10335 0 54 10356 0 52 10412 0 51 10414 0 67 10423 0 66 10425 0 79 10449 0 79 10449 0 90 10449 0 91 10449 0 92 10454 0 75 10456 0 74 10476 0 79 10510 0 79 10527 0 54 10558 0 52 10582 0 
TIME iteration: 323 ms
Round:20
IR: 49, 163, 193, 402, 240
10616 0 53 10699 0 54 10703 0 52 10747 0 51 10787 0 53 10833 0 54 10840 0 67 10841 0 66 10845 0 79 10848 0 51 10850 0 52 10853 0 60 10853 0 61 10861 0 76 10862 0 62 10863 0 63 10865 0 75 10866 0 74 10867 0 90 10867 0 91 10867 0 92 10869 0 79 10871 0 77 10885 0 76 10895 0 77 10896 0 79 10904 0 53 10911 0 69 10912 0 76 10913 0 68 10922 0 77 10929 0 79 10946 0 76 10949 0 70 10957 0 77 10961 0 71 10981 0 90 10981 0 91 10981 0 92 11003 0 79 11007 0 51 11021 0 52 11039 0 54 11110 0 
TIME iteration: 322 ms
Round:21
IR: 38, 289, 180, 282, 118
11139 0 51 11204 0 54 11211 0 53 11298 0 51 11303 0 52 11321 0 53 11330 0 64 11330 0 65 11338 0 78 11342 0 54 11349 0 61 11350 0 60 11355 0 76 11358 0 90 11358 0 91 11358 0 92 11362 0 78 11379 0 76 11383 0 69 11385 0 68 11389 0 78 11406 0 76 11416 0 72 11416 0 73 11423 0 51 11423 0 78 11439 0 76 11467 0 53 11467 0 54 11483 0 90 11483 0 91 11483 0 92 11506 0 76 11511 0 52 11600 0 54 11608 0 51 11620 0 
TIME iteration: 324 ms
Round:22
IR: 10, 174, 203, 472, 18
11675 0 52 11746 0 54 11762 0 58 11764 0 51 11802 0 58 11804 0 52 11816 0 53 11824 0 86 11824 0 87 11837 0 58 11869 0 54 11869 0 58 11875 0 66 11875 0 67 11878 0 51 11884 0 79 11885 0 60 11885 0 61 11891 0 76 11899 0 58 11905 0 90 11905 0 91 11905 0 92 11908 0 79 11915 0 76 11917 0 69 11918 0 68 11928 0 58 11933 0 75 11935 0 79 11935 0 86 11935 0 87 11936 0 74 11942 0 76 11956 0 58 11965 0 52 11970 0 79 11976 0 76 11985 0 58 11987 0 54 12002 0 51 12014 0 58 12036 0 90 12036 0 91 12036 0 92 12043 0 58 12046 0 86 12046 0 87 12052 0 76 12073 0 58 12081 0 53 12102 0 58 12128 0 54 12130 0 58 12155 0 51 12155 0 52 12158 0 58 12159 0 86 12159 0 87 12186 0 
TIME iteration: 324 ms
Round:23
IR: 5, 188, 423, 338, 155
12219 0 58 12249 0 54 12278 0 58 12280 0 86 12280 0 87 12310 0 53 12338 0 52 12420 0 51 12454 0 52 12524 0 53 12559 0 51 12561 0 54 12566 0 61 12567 0 60 12574 0 76 12591 0 52 12593 0 66 12594 0 67 12598 0 76 12599 0 90 12599 0 91 12599 0 92 12601 0 79 12607 0 68 12609 0 69 12625 0 76 12625 0 79 12641 0 74 12642 0 75 12652 0 79 12659 0 76 12660 0 53 12686 0 79 12711 0 
TIME iteration: 323 ms
Round:24
IR: 93, 195, 310, 310, 121
12724 0 90 12724 0 91 12724 0 92 12743 0 52 12782 0 54 12799 0 51 12926 0 51 12940 0 53 12950 0 52 12952 0 54 13037 0 51 13051 0 60 13051 0 61 13056 0 76 13080 0 69 13080 0 76 13080 0 90 13080 0 91 13080 0 92 13081 0 68 13086 0 53 13107 0 76 13135 0 52 13140 0 76 13166 0 54 13174 0 51 13206 0 76 13232 0 52 13238 0 
TIME iteration: 322 ms
Round:25
IR: 34, 307, 194, 281, 71
13309 0 51 13311 0 54 13398 0 52 13398 0 53 13432 0 62 13435 0 63 13442 0 77 13460 0 90 13460 0 91 13460 0 92 13462 0 51 13466 0 77 13493 0 77 13501 0 54 13526 0 70 13527 0 71 13528 0 52 13528 0 77 13568 0 53 13576 0 51 13638 0 54 13669 0 52 13705 0 51 13724 0 62 13726 0 63 13727 0 77 13743 0 54 13747 0 70 13747 0 71 13749 0 90 13749 0 91 13749 0 92 13750 0 77 13775 0 53 13776 0 
TIME iteration: 322 ms
Round:26
IR: 20, 208, 205, 301, 167
13788 0 52 13807 0 77 13858 0 77 13882 0 54 13890 0 51 13934 0 52 13969 0 53 13994 0 54 14029 0 51 14074 0 52 14085 0 66 14093 0 62 14093 0 63 14097 0 77 14100 0 67 14102 0 79 14111 0 70 14111 0 71 14114 0 90 14114 0 91 14114 0 92 14120 0 77 14126 0 79 14130 0 54 14146 0 77 14147 0 53 14153 0 79 14166 0 51 14170 0 75 14171 0 52 14172 0 74 14178 0 77 14183 0 70 14185 0 71 14188 0 79 14234 0 77 14242 0 90 14242 0 91 14242 0 92 14281 0 51 14298 0 53 14301 0 
TIME iteration: 322 ms
Round:27
IR: 19, 181, 314, 268, 171
14349 0 52 14430 0 54 14438 0 53 14514 0 51 14543 0 52 14556 0 54 14581 0 67 14582 0 66 14587 0 79 14611 0 79 14611 0 90 14611 0 91 14611 0 92 14616 0 75 14617 0 74 14638 0 79 14663 0 53 14671 0 79 14711 0 51 14731 0 54 14746 0 79 14750 0 52 14805 0 53 14821 0 
TIME iteration: 323 ms
Round:28
IR: 89, 218, 196, 423, 145
14902 0 52 14917 0 54 14937 0 53 14952 0 51 14966 0 60 14966 0 61 14967 0 64 14968 0 65 14974 0 76 14976 0 78 14990 0 90 14990 0 91 14990 0 92 14998 0 76 15000 0 78 15025 0 76 15027 0 78 15044 0 52 15049 0 68 15049 0 69 15059 0 76 15061 0 72 15062 0 78 15066 0 73 15076 0 54 15092 0 53 15097 0 51 15120 0 90 15120 0 91 15120 0 92 15192 0 52 15220 0 54 15242 0 51 15271 0 53 15364 0 52 15367 0 
TIME iteration: 322 ms
Round:29
IR: 32, 166, 305, 342, 129
15393 0 51 15459 0 53 15495 0 52 15510 0 54 15516 0 62 15516 0 63 15522 0 66 15522 0 67 15524 0 77 15530 0 79 15544 0 90 15544 0 91 15544 0 92 15548 0 77 15554 0 51 15554 0 79 15575 0 77 15577 0 53 15578 0 74 15580 0 75 15581 0 79 15596 0 70 15596 0 71 15607 0 52 15609 0 77 15615 0 79 15676 0 90 15676 0 91 15676 0 92 15696 0 54 15712 0 51 15713 0 53 15720 0 52 15831 0 53 15835 0 52 15856 0 51 15862 0 
TIME iteration: 322 ms
Round:30
IR: 1, 132, 296, 294, 147
15958 0 52 15991 0 62 15991 0 63 15996 0 77 16002 0 51 16004 0 54 16010 0 53 16020 0 77 16020 0 90 16020 0 91 16020 0 92 16024 0 70 16025 0 71 16047 0 77 16080 0 77 16095 0 52 16103 0 54 16114 0 53 16134 0 51 16146 0 77 16201 0 52 16249 0 51 16265 0 54 16348 0 52 16356 0 62 16356 0 63 16361 0 77 16376 0 70 16376 0 71 16382 0 90 16382 0 91 16382 0 92 16385 0 77 16412 0 77 16414 0 
TIME iteration: 322 ms
Round:31
IR: 3, 151, 184, 301, 217
16437 0 51 16442 0 52 16445 0 53 16445 0 77 16459 0 71 16475 0 70 16510 0 77 16561 0 54 16573 0 52 16586 0 51 16595 0 53 16595 0 62 16595 0 63 16598 0 77 16614 0 70 16614 0 71 16618 0 90 16618 0 91 16618 0 92 16621 0 77 16647 0 77 16679 0 77 16684 0 51 16691 0 71 16695 0 70 16719 0 54 16732 0 77 16735 0 53 16757 0 52 16811 0 51 16872 0 53 16905 0 54 16919 0 52 16930 0 63 16931 0 62 16935 0 77 16955 0 90 16955 0 91 16955 0 92 16956 0 70 16956 0 71 16959 0 
TIME iteration: 327 ms
Round:32
IR: 84, 55, 168, 404, 144
16985 0 77 17005 0 51 17018 0 77 17048 0 52 17079 0 77 17090 0 53 17126 0 54 17158 0 52 17164 0 51 17231 0 54 17258 0 53 17288 0 52 17290 0 63 17291 0 62 17295 0 77 17308 0 70 17309 0 71 17316 0 90 17316 0 91 17316 0 92 17319 0 77 17345 0 51 17345 0 77 17366 0 54 17378 0 77 17382 0 70 17393 0 71 17412 0 52 17425 0 53 17439 0 77 17484 0 
TIME iteration: 322 ms
Round:33
IR: 49, 99, 291, 440, 134
17494 0 54 17543 0 53 17567 0 52 17584 0 62 17584 0 63 17588 0 77 17606 0 70 17606 0 71 17608 0 90 17608 0 91 17608 0 92 17611 0 77 17626 0 51 17637 0 77 17654 0 54 17669 0 77 17689 0 52 17724 0 77 17769 0 51 17778 0 54 17799 0 53 17832 0 52 17904 0 51 17940 0 54 17955 0 61 17958 0 60 17965 0 76 17977 0 66 17977 0 67 17982 0 90 17982 0 91 17982 0 92 17983 0 53 17986 0 79 17989 0 76 18010 0 79 18016 0 
TIME iteration: 322 ms
Round:34
IR: 23, 271, 305, 382, 130
18020 0 52 18037 0 79 18045 0 51 18045 0 54 18050 0 69 18051 0 68 18051 0 76 18072 0 75 18072 0 79 18076 0 74 18105 0 90 18105 0 91 18105 0 92 18136 0 54 18159 0 52 18170 0 53 18193 0 51 18283 0 53 18310 0 54 18354 0 52 18356 0 51 18376 0 53 18405 0 64 18406 0 65 18414 0 78 18434 0 90 18434 0 91 18434 0 92 18438 0 78 18465 0 53 18465 0 78 18473 0 54 18485 0 52 18496 0 51 18496 0 73 18500 0 78 18501 0 
TIME iteration: 324 ms
Round:35
IR: 96, 82, 301, 277, 94
18562 0 53 18580 0 54 18592 0 51 18637 0 52 18683 0 53 18689 0 65 18690 0 64 18692 0 78 18693 0 54 18708 0 51 18711 0 72 18711 0 73 18713 0 90 18713 0 91 18713 0 92 18715 0 78 18741 0 78 18773 0 78 18778 0 53 18822 0 54 18826 0 78 18835 0 52 18845 0 51 18913 0 53 18939 0 54 18952 0 51 19006 0 52 19053 0 61 19055 0 53 19055 0 60 19062 0 76 19063 0 64 19064 0 65 19068 0 78 19079 0 90 19079 0 91 19079 0 
TIME iteration: 324 ms
Round:36
IR: 43, 237, 195, 262, 131
19082 0 72 19082 0 73 19083 0 54 19086 0 51 19086 0 76 19092 0 78 19113 0 76 19118 0 78 19120 0 69 19121 0 68 19147 0 76 19151 0 78 19153 0 73 19161 0 72 19169 0 52 19196 0 53 19206 0 90 19206 0 91 19206 0 92 19212 0 78 19218 0 51 19264 0 52 19288 0 53 19347 0 51 19361 0 54 19472 0 51 19476 0 53 19480 0 52 19492 0 54 19537 0 61 19539 0 60 19543 0 76 19567 0 76 19567 0 90 19567 0 91 19567 0 92 19571 0 68 19571 0 69 19593 0 53 19594 0 
TIME iteration: 323 ms
Round:37
IR: 101, 286, 278, 241, 104
19627 0 76 19642 0 51 19658 0 54 19669 0 52 19693 0 76 19742 0 53 19790 0 52 19807 0 54 19812 0 51 19880 0 53 19921 0 64 19922 0 65 19923 0 52 19928 0 51 19929 0 78 19935 0 61 19936 0 60 19936 0 63 19937 0 62 19940 0 76 19945 0 77 19948 0 90 19948 0 91 19948 0 92 19953 0 78 19957 0 69 19958 0 54 19958 0 68 19964 0 76 19969 0 77 19979 0 72 19979 0 73 19980 0 78 19990 0 76 19996 0 77 20008 0 53 20014 0 78 20022 0 71 20023 0 76 20031 0 77 20034 0 70 20044 0 51 20063 0 90 20063 0 91 20063 0 92 20077 0 52 20084 0 76 20090 0 
TIME iteration: 324 ms
Round:38
IR: 18, 161, 250, 501, 297
20183 0 51 20185 0 53 20240 0 58 20265 0 54 20278 0 58 20279 0 52 20301 0 53 20306 0 86 20306 0 87 20313 0 58 20346 0 58 20364 0 51 20365 0 54 20378 0 58 20408 0 66 20408 0 67 20409 0 58 20417 0 79 20417 0 86 20417 0 87 20436 0 54 20437 0 90 20437 0 91 20437 0 92 20439 0 58 20441 0 79 20457 0 53 20468 0 58 20468 0 79 20488 0 51 20497 0 58 20497 0 75 20503 0 52 20503 0 79 20507 0 74 20525 0 58 20528 0 86 20528 0 87 20549 0 54 20553 0 58 20580 0 58 20585 0 51 20588 0 53 20607 0 58 20634 0 58 20638 0 86 20638 0 87 20661 0 
TIME iteration: 324 ms
Round:39
IR: 3, 212, 274, 358, 324
20690 0 58 20697 0 54 20716 0 66 20717 0 67 20719 0 79 20731 0 58 20739 0 75 20740 0 74 20741 0 90 20741 0 91 20741 0 92 20742 0 53 20742 0 79 20750 0 86 20750 0 87 20757 0 51 20763 0 52 20768 0 79 20800 0 79 20856 0 79 20879 0 51 20888 0 54 20897 0 53 20912 0 52 20982 0 51 21043 0 61 21045 0 60 21052 0 76 21060 0 53 21062 0 54 21069 0 90 21069 0 91 21069 0 92 21076 0 76 21103 0 68 21103 0 76 21104 0 69 21137 0 51 21137 0 76 21141 0 
TIME iteration: 322 ms
Round:40
IR: 112, 111, 190, 263, 205
21208 0 53 21231 0 54 21295 0 52 21297 0 51 21383 0 53 21404 0 54 21486 0 67 21490 0 66 21496 0 79 21504 0 52 21515 0 90 21515 0 91 21515 0 92 21520 0 79 21525 0 53 21534 0 75 21535 0 74 21547 0 79 21574 0 54 21581 0 79 21625 0 51 21692 0 
TIME iteration: 322 ms
Round:41
IR: 52, 225, 235, 246, 171
21735 0 52 21746 0 54 21802 0 53 21830 0 51 21846 0 54 21852 0 64 21854 0 65 21854 0 66 21855 0 67 21858 0 79 21861 0 78 21877 0 74 21877 0 75 21877 0 90 21877 0 91 21877 0 92 21881 0 79 21885 0 78 21897 0 52 21907 0 79 21912 0 78 21921 0 53 21939 0 73 21939 0 79 21944 0 72 21946 0 78 21957 0 54 21997 0 79 22004 0 51 22007 0 90 22007 0 91 22007 0 92 22018 0 53 22071 0 54 22072 0 52 22130 0 53 22182 0 51 22195 0 54 22208 0 
TIME iteration: 322 ms
Round:42
IR: 70, 424, 282, 193, 154
22281 0 53 22338 0 54 22354 0 64 22354 0 65 22359 0 78 22361 0 66 22361 0 67 22367 0 79 22372 0 51 22382 0 90 22382 0 91 22382 0 92 22383 0 78 22390 0 72 22390 0 73 22390 0 74 22390 0 75 22391 0 52 22391 0 79 22410 0 78 22418 0 79 22443 0 78 22452 0 79 22472 0 54 22485 0 53 22509 0 78 22513 0 90 22513 0 91 22513 0 92 22542 0 52 22580 0 51 22628 0 54 22668 0 53 22713 0 52 22732 0 54 22734 0 
TIME iteration: 323 ms
Round:43
IR: 21, 280, 301, 304, 152
22852 0 52 22881 0 53 22884 0 54 22891 0 51 22893 0 67 22894 0 66 22895 0 62 22897 0 63 22899 0 79 22904 0 77 22918 0 60 22918 0 61 22920 0 90 22920 0 91 22920 0 92 22923 0 79 22925 0 74 22925 0 75 22926 0 76 22928 0 77 22950 0 76 22950 0 79 22955 0 77 22977 0 76 22983 0 79 22989 0 71 22989 0 77 22991 0 70 23004 0 68 23006 0 69 23011 0 76 23014 0 52 23035 0 90 23035 0 91 23035 0 92 23040 0 53 23044 0 51 23063 0 79 23092 0 54 23137 0 53 23152 0 51 23195 0 54 23206 0 52 23274 0 51 23308 0 54 23318 0 
TIME iteration: 323 ms
Round:44
IR: 11, 497, 308, 254, 48
23342 0 66 23342 0 67 23348 0 79 23350 0 61 23351 0 60 23355 0 76 23368 0 75 23369 0 74 23370 0 90 23370 0 91 23370 0 92 23372 0 79 23379 0 76 23380 0 69 23381 0 68 23385 0 52 23399 0 79 23405 0 76 23433 0 79 23438 0 76 23455 0 51 23472 0 53 23499 0 76 23500 0 90 23500 0 91 23500 0 92 23523 0 54 23537 0 52 23576 0 51 23595 0 53 23631 0 52 23688 0 54 23714 0 51 23788 0 53 23809 0 
TIME iteration: 323 ms
Round:45
IR: 21, 404, 479, 560, 126
23868 0 63 23871 0 62 23873 0 51 23877 0 77 23891 0 60 23892 0 61 23898 0 76 23899 0 90 23899 0 91 23899 0 92 23901 0 77 23922 0 76 23923 0 68 23926 0 69 23928 0 77 23929 0 54 23933 0 70 23933 0 71 23949 0 76 23952 0 53 23953 0 58 23959 0 52 23962 0 77 23983 0 76 23990 0 58 23996 0 51 24018 0 86 24018 0 87 24022 0 58 24024 0 90 24024 0 91 24024 0 92 24051 0 58 24064 0 76 24079 0 58 24083 0 53 24102 0 54 24107 0 58 24130 0 86 24130 0 87 24136 0 58 24166 0 58 24177 0 52 24196 0 58 24202 0 53 24207 0 51 24225 0 58 24240 0 86 24240 0 87 24254 0 58 24285 0 58 24308 0 53 24316 0 54 24316 0 58 24345 0 58 24351 0 86 24351 0 87 24374 0 
TIME iteration: 324 ms
Round:46
IR: 11, 284, 339, 278, 155
24385 0 51 24397 0 52 24408 0 58 24427 0 53 24432 0 54 24450 0 67 24451 0 66 24459 0 79 24472 0 58 24474 0 86 24474 0 87 24478 0 51 24479 0 60 24479 0 61 24481 0 90 24481 0 91 24481 0 92 24483 0 79 24486 0 76 24510 0 75 24510 0 76 24510 0 79 24515 0 68 24515 0 74 24516 0 69 24537 0 76 24545 0 79 24567 0 51 24570 0 54 24571 0 76 24604 0 90 24604 0 91 24604 0 92 24660 0 53 24663 0 52 24697 0 54 24776 0 51 24827 0 52 24828 0 53 24837 0 54 24862 0 
TIME iteration: 323 ms
Round:47
IR: 1, 230, 256, 287, 217
24951 0 60 24951 0 61 24953 0 51 24956 0 76 24962 0 54 24973 0 66 24973 0 67 24979 0 68 24979 0 79 24980 0 69 24980 0 76 24980 0 90 24980 0 91 24980 0 92 24996 0 53 25001 0 52 25003 0 79 25007 0 76 25008 0 75 25009 0 74 25030 0 79 25040 0 76 25064 0 79 25092 0 54 25105 0 90 25105 0 91 25105 0 92 25106 0 51 25106 0 76 25181 0 52 25192 0 53 25217 0 54 25218 0 51 25320 0 52 25368 0 53 25377 0 54 25423 0 
TIME iteration: 324 ms
Round:48
IR: 9, 363, 169, 271, 152
25445 0 62 25445 0 63 25448 0 51 25453 0 77 25474 0 90 25474 0 91 25474 0 92 25477 0 77 25493 0 53 25504 0 77 25528 0 71 25529 0 70 25538 0 77 25606 0 51 25617 0 52 25632 0 53 25641 0 54 25746 0 51 25751 0 54 25809 0 52 25817 0 53 25842 0 63 25845 0 62 25848 0 77 25870 0 90 25870 0 91 25870 0 92 25872 0 77 25873 0 70 25873 0 71 25892 0 51 25896 0 54 25898 0 77 25931 0 
TIME iteration: 323 ms
Round:49
IR: 21, 185, 179, 281, 229
25992 0 77 25994 0 53 25999 0 52 26025 0 54 26068 0 51 26113 0 53 26118 0 54 26122 0 52 26163 0 66 26165 0 67 26173 0 79 26183 0 51 26187 0 62 26189 0 90 26189 0 91 26189 0 92 26196 0 77 26197 0 79 26218 0 53 26224 0 79 26225 0 77 26228 0 74 26233 0 75 26250 0 70 26250 0 71 26251 0 52 26259 0 79 26267 0 77 26285 0 54 26327 0 90 26327 0 91 26327 0 92 26377 0 53 26382 0 51 26436 0 52 26469 0 54 26494 0 
TIME iteration: 322 ms
Round:50
IR: 4, 445, 337, 250, 147
26521 0 51 26553 0 52 26651 0 54 26654 0 52 26658 0 53 26664 0 62 26664 0 63 26670 0 77 26694 0 77 26694 0 90 26694 0 91 26694 0 92 26702 0 51 26702 0 70 26703 0 71 26721 0 77 26755 0 77 26809 0 54 26813 0 52 26817 0 51 26824 0 53 26831 0 77 26948 0 51 26973 0 53 26985 0 52 26985 0 
TIME iteration: 322 ms
Round:51
IR: 7, 449, 231, 403, 117
27037 0 60 27037 0 61 27045 0 76 27051 0 63 27052 0 62 27056 0 77 27063 0 90 27063 0 91 27063 0 92 27069 0 76 27074 0 70 27075 0 71 27078 0 51 27080 0 77 27096 0 76 27106 0 77 27123 0 54 27124 0 69 27130 0 76 27132 0 68 27138 0 52 27139 0 77 27153 0 53 27189 0 90 27189 0 91 27189 0 92 27200 0 77 27259 0 51 27309 0 54 27346 0 53 27366 0 52 27429 0 51 27474 0 53 27512 0 52 27552 0 
TIME iteration: 322 ms
Round:52
IR: 6, 315, 300, 471, 412
27571 0 61 27572 0 60 27577 0 76 27596 0 54 27601 0 76 27601 0 90 27601 0 91 27601 0 92 27609 0 68 27610 0 69 27622 0 53 27628 0 76 27653 0 58 27661 0 76 27695 0 52 27695 0 58 27722 0 86 27722 0 87 27728 0 76 27731 0 58 27739 0 51 27758 0 54 27764 0 58 27770 0 53 27794 0 58 27824 0 58 27832 0 86 27832 0 87 27853 0 58 27857 0 52 27862 0 51 27882 0 58 27885 0 53 27912 0 58 27918 0 60 27919 0 61 27923 0 76 27938 0 68 27938 0 69 27941 0 58 27944 0 86 27944 0 87 27944 0 90 27944 0 91 27944 0 92 27947 0 76 27965 0 54 27969 0 58 27973 0 76 27990 0 53 27997 0 58 28006 0 76 28012 0 51 28022 0 52 28022 0 68 28025 0 58 28036 0 69 28053 0 58 28055 0 86 28055 0 87 28067 0 76 28081 0 
TIME iteration: 324 ms
Round:53
IR: 5, 206, 291, 328, 73
28113 0 58 28114 0 54 28156 0 52 28162 0 58 28169 0 86 28169 0 87 28181 0 53 28195 0 51 28222 0 60 28223 0 61 28226 0 76 28246 0 68 28247 0 69 28247 0 90 28247 0 91 28247 0 92 28249 0 76 28254 0 54 28275 0 76 28300 0 52 28307 0 76 28329 0 51 28362 0 76 28370 0 54 28395 0 53 28420 0 52 28429 0 51 28477 0 54 28532 0 51 28537 0 60 28538 0 61 28541 0 76 28550 0 68 28551 0 69 28562 0 90 28562 0 91 28562 0 92 28564 0 76 28573 0 53 28590 0 76 28592 0 54 28611 0 68 28612 0 
TIME iteration: 322 ms
Round:54
IR: 5, 330, 248, 260, 266
28622 0 76 28628 0 52 28655 0 51 28677 0 76 28771 0 54 28800 0 51 28821 0 53 28826 0 60 28826 0 61 28829 0 76 28846 0 69 28847 0 68 28850 0 90 28850 0 91 28850 0 92 28852 0 76 28878 0 76 28893 0 52 28910 0 76 28934 0 53 28936 0 69 28938 0 54 28941 0 68 28946 0 51 28964 0 76 29059 0 53 29079 0 52 29106 0 51 29120 0 61 29121 0 60 29124 0 76 29144 0 68 29144 0 69 29144 0 90 29144 0 91 29144 0 92 29147 0 
TIME iteration: 322 ms
Round:55
IR: 78, 227, 215, 409, 212
29150 0 53 29169 0 54 29173 0 76 29205 0 76 29231 0 52 29254 0 53 29260 0 76 29290 0 51 29333 0 54 29366 0 53 29390 0 52 29435 0 54 29466 0 65 29469 0 51 29478 0 67 29480 0 66 29484 0 78 29488 0 79 29496 0 90 29496 0 91 29496 0 92 29512 0 79 29516 0 78 29526 0 52 29539 0 79 29570 0 74 29571 0 54 29571 0 78 29572 0 75 29574 0 79 29585 0 53 29596 0 51 29643 0 52 29643 0 90 29643 0 91 29643 0 
TIME iteration: 322 ms
Round:56
IR: 19, 272, 140, 234, 116
29702 0 53 29734 0 54 29803 0 53 29805 0 51 29805 0 52 29827 0 54 29941 0 52 29962 0 53 29971 0 51 29993 0 64 29993 0 65 29999 0 78 30004 0 54 30013 0 62 30014 0 63 30022 0 66 30022 0 77 30023 0 67 30023 0 78 30023 0 90 30023 0 91 30023 0 92 30029 0 79 30041 0 72 30041 0 73 30046 0 77 30050 0 78 30053 0 79 30061 0 74 30062 0 52 30063 0 75 30073 0 77 30080 0 79 30084 0 78 30094 0 51 30108 0 77 30112 0 71 30113 0 70 30114 0 79 30131 0 53 30133 0 54 30136 0 90 30136 0 91 30136 0 92 30160 0 
TIME iteration: 323 ms
Round:57
IR: 9, 243, 166, 382, 166
30237 0 52 30256 0 51 30267 0 53 30388 0 54 30401 0 52 30427 0 51 30430 0 53 30530 0 52 30538 0 63 30539 0 62 30544 0 77 30558 0 54 30568 0 77 30568 0 90 30568 0 91 30568 0 92 30576 0 71 30578 0 70 30588 0 53 30595 0 77 30628 0 77 30695 0 77 30701 0 54 30719 0 52 30731 0 
TIME iteration: 323 ms
Round:58
IR: 25, 326, 331, 261, 122
30741 0 53 30852 0 51 30856 0 53 30889 0 54 30903 0 52 30903 0 64 30903 0 65 30911 0 78 30929 0 90 30929 0 91 30929 0 92 30935 0 78 30960 0 73 30962 0 72 30962 0 78 30978 0 51 30996 0 78 31012 0 53 31043 0 52 31074 0 54 31145 0 51 31200 0 54 31247 0 
TIME iteration: 321 ms
Round:59
IR: 6, 318, 285, 283, 209
31273 0 60 31273 0 61 31281 0 76 31288 0 52 31299 0 90 31299 0 91 31299 0 92 31305 0 76 31307 0 53 31332 0 76 31363 0 68 31363 0 69 31366 0 54 31366 0 76 31410 0 51 31427 0 52 31515 0 54 31565 0 52 31591 0 51 31595 0 53 31627 0 61 31628 0 60 31631 0 76 31653 0 69 31653 0 90 31653 0 91 31653 0 92 31654 0 68 31654 0 76 31680 0 76 31712 0 76 31715 0 51 31741 0 53 31741 0 54 31767 0 76 31768 0 
TIME iteration: 322 ms
Round:60
IR: 84, 143, 297, 261, 227
31840 0 51 31866 0 54 31884 0 53 31926 0 51 31937 0 60 31937 0 61 31941 0 76 31950 0 69 31951 0 68 31961 0 90 31961 0 91 31961 0 92 31964 0 76 31990 0 76 31993 0 52 32011 0 69 32012 0 53 32013 0 68 32022 0 76 32078 0 76 32110 0 54 32125 0 53 32129 0 51 32219 0 52 32228 0 53 32256 0 64 32257 0 65 32262 0 54 32265 0 78 32278 0 51 32281 0 90 32281 0 91 32281 0 92 32289 0 78 32316 0 
TIME iteration: 322 ms
Round:61
IR: 19, 201, 159, 288, 271
32330 0 73 32336 0 72 32351 0 78 32367 0 53 32368 0 52 32396 0 54 32483 0 51 32555 0 52 32566 0 53 32622 0 65 32624 0 54 32626 0 64 32628 0 78 32643 0 51 32650 0 90 32650 0 91 32650 0 92 32651 0 72 32651 0 73 32651 0 78 32677 0 78 32705 0 52 32709 0 78 32752 0 54 32765 0 78 32766 0 51 32779 0 53 32827 0 
TIME iteration: 323 ms
Round:62
IR: 99, 143, 167, 421, 282
32877 0 54 32900 0 51 32942 0 53 32952 0 52 32979 0 63 32981 0 62 32988 0 77 33005 0 90 33005 0 91 33005 0 92 33012 0 77 33036 0 51 33039 0 77 33068 0 70 33073 0 77 33079 0 71 33090 0 52 33124 0 53 33134 0 54 33137 0 51 33219 0 53 33241 0 51 33288 0 61 33291 0 60 33298 0 76 33314 0 90 33314 0 91 33314 0 92 33322 0 76 33332 0 53 33340 0 54 33344 0 52 33349 0 76 33363 0 68 33365 0 69 33384 0 
TIME iteration: 322 ms
Round:63
IR: 20, 197, 167, 283, 191
33397 0 51 33461 0 53 33487 0 52 33553 0 51 33568 0 54 33584 0 52 33601 0 53 33614 0 60 33616 0 61 33618 0 76 33626 0 62 33627 0 63 33633 0 77 33637 0 69 33638 0 68 33640 0 90 33640 0 91 33640 0 92 33641 0 76 33657 0 77 33667 0 76 33671 0 71 33672 0 70 33684 0 77 33690 0 51 33699 0 76 33702 0 53 33718 0 77 33745 0 52 33748 0 54 33753 0 76 33766 0 90 33766 0 91 33766 0 92 33799 0 77 33834 0 53 33867 0 52 33869 0 
TIME iteration: 326 ms
Round:64
IR: 7, 181, 301, 264, 94
33961 0 54 34010 0 51 34031 0 52 34067 0 53 34079 0 54 34157 0 51 34159 0 66 34162 0 67 34170 0 61 34170 0 79 34171 0 60 34177 0 76 34180 0 53 34191 0 90 34191 0 91 34191 0 92 34194 0 79 34201 0 76 34202 0 54 34202 0 68 34202 0 69 34221 0 79 34228 0 76 34243 0 52 34255 0 75 34256 0 79 34259 0 74 34262 0 76 34320 0 51 34323 0 90 34323 0 91 34323 0 92 34343 0 76 34363 0 54 34372 0 53 34439 0 
TIME iteration: 322 ms
Round:65
IR: 21, 269, 316, 167, 139
34463 0 51 34495 0 54 34594 0 51 34599 0 53 34619 0 54 34627 0 52 34654 0 67 34655 0 66 34660 0 79 34684 0 79 34684 0 90 34684 0 91 34684 0 92 34690 0 75 34692 0 74 34711 0 79 34745 0 52 34745 0 79 34755 0 53 34812 0 51 34828 0 54 34858 0 52 34881 0 53 34938 0 51 34961 0 
TIME iteration: 323 ms
Round:66
IR: 3, 179, 311, 523, 252
34980 0 54 34984 0 62 34985 0 63 34993 0 77 35010 0 90 35010 0 91 35010 0 92 35015 0 53 35017 0 77 35044 0 77 35057 0 70 35060 0 71 35075 0 58 35079 0 77 35086 0 52 35101 0 51 35110 0 58 35139 0 86 35139 0 87 35141 0 53 35144 0 58 35177 0 58 35209 0 58 35242 0 58 35245 0 51 35250 0 86 35250 0 87 35260 0 54 35274 0 58 35298 0 52 35305 0 58 35319 0 53 35335 0 58 35363 0 86 35363 0 87 35366 0 58 35394 0 51 35396 0 58 35409 0 61 35410 0 60 35418 0 76 35423 0 54 35427 0 58 35436 0 90 35436 0 91 35436 0 92 35442 0 76 35457 0 58 35458 0 52 35462 0 53 35469 0 76 35474 0 86 35474 0 87 35479 0 68 35481 0 69 35486 0 58 35504 0 
TIME iteration: 323 ms
Round:67
IR: 20, 194, 375, 460, 130
35514 0 58 35536 0 51 35541 0 58 35569 0 58 35575 0 53 35583 0 54 35584 0 86 35584 0 87 35596 0 58 35610 0 52 35623 0 58 35650 0 58 35669 0 51 35676 0 53 35677 0 58 35694 0 86 35694 0 87 35705 0 58 35715 0 60 35715 0 61 35717 0 76 35732 0 58 35734 0 54 35735 0 69 35736 0 68 35739 0 90 35739 0 91 35739 0 92 35740 0 76 35759 0 58 35766 0 76 35785 0 52 35787 0 58 35797 0 76 35804 0 86 35804 0 87 35813 0 69 35815 0 58 35832 0 53 35835 0 68 35843 0 58 35848 0 76 35861 0 51 35863 0 54 35870 0 58 35897 0 58 35914 0 86 35914 0 87 35924 0 58 35931 0 52 35952 0 58 35977 0 54 35979 0 58 36007 0 58 36013 0 51 36024 0 86 36024 0 87 36025 0 60 36025 0 61 36029 0 76 36033 0 53 36035 0 
TIME iteration: 324 ms
Round:68
IR: 88, 274, 299, 276, 99
36049 0 68 36049 0 69 36049 0 90 36049 0 91 36049 0 92 36050 0 52 36052 0 76 36068 0 58 36078 0 76 36093 0 54 36110 0 76 36123 0 58 36136 0 86 36136 0 87 36166 0 76 36188 0 51 36198 0 53 36207 0 54 36220 0 52 36309 0 54 36331 0 51 36341 0 67 36342 0 66 36344 0 52 36350 0 79 36366 0 90 36366 0 91 36366 0 92 36374 0 79 36401 0 79 36403 0 53 36424 0 74 36425 0 75 36436 0 79 36489 0 54 36498 0 52 36519 0 51 36538 0 
TIME iteration: 322 ms
Round:69
IR: 16, 186, 170, 401, 266
36630 0 54 36662 0 67 36664 0 66 36666 0 52 36666 0 79 36686 0 74 36687 0 75 36687 0 90 36687 0 91 36687 0 92 36689 0 79 36694 0 53 36715 0 79 36720 0 51 36745 0 54 36747 0 79 36803 0 79 36810 0 53 36835 0 51 36865 0 52 36908 0 54 36962 0 51 36980 0 53 36981 0 52 37007 0 61 37009 0 60 37016 0 76 37033 0 90 37033 0 91 37033 0 92 37040 0 76 37063 0 69 37067 0 68 37067 0 76 37071 0 54 37080 0 
TIME iteration: 322 ms
Round:70
IR: 111, 161, 196, 248, 16
37101 0 76 37149 0 53 37158 0 51 37254 0 52 37300 0 54 37307 0 51 37357 0 61 37359 0 60 37361 0 76 37380 0 69 37381 0 68 37382 0 53 37383 0 90 37383 0 91 37383 0 92 37384 0 76 37396 0 52 37410 0 76 37437 0 51 37442 0 76 37496 0 76 37546 0 52 37548 0 51 37550 0 54 37588 0 
TIME iteration: 322 ms
Round:71
IR: 6, 149, 186, 278, 265
37689 0 52 37702 0 53 37717 0 51 37723 0 54 37735 0 60 37736 0 61 37740 0 76 37744 0 63 37745 0 62 37753 0 69 37753 0 77 37754 0 68 37757 0 65 37758 0 64 37761 0 90 37761 0 91 37761 0 92 37764 0 76 37766 0 78 37777 0 77 37790 0 76 37790 0 78 37795 0 52 37804 0 77 37817 0 78 37823 0 53 37823 0 76 37825 0 69 37828 0 68 37835 0 71 37836 0 70 37839 0 77 37847 0 73 37852 0 78 37853 0 72 37875 0 90 37875 0 91 37875 0 92 37884 0 76 37906 0 51 37914 0 54 37933 0 53 37948 0 52 38080 0 54 38106 0 53 38117 0 
TIME iteration: 323 ms
Round:72
IR: 19, 201, 199, 287, 221
38164 0 51 38226 0 54 38232 0 52 38248 0 62 38248 0 63 38252 0 53 38253 0 77 38264 0 66 38266 0 67 38270 0 64 38270 0 65 38274 0 79 38275 0 78 38277 0 77 38277 0 90 38277 0 91 38277 0 92 38285 0 70 38285 0 71 38289 0 51 38298 0 79 38299 0 78 38304 0 77 38306 0 72 38307 0 73 38325 0 79 38326 0 78 38337 0 77 38344 0 74 38347 0 75 38348 0 53 38358 0 52 38359 0 78 38360 0 79 38376 0 54 38391 0 90 38391 0 91 38391 0 92 38403 0 77 38425 0 78 38428 0 51 38532 0 53 38537 0 52 38556 0 54 38568 0 51 38664 0 
TIME iteration: 324 ms
Round:73
IR: 21, 154, 195, 393, 181
38710 0 53 38730 0 67 38734 0 66 38737 0 79 38741 0 54 38760 0 90 38760 0 91 38760 0 92 38761 0 79 38765 0 74 38766 0 75 38784 0 52 38788 0 79 38822 0 79 38825 0 51 38873 0 54 38893 0 53 38904 0 52 38905 0 79 38987 0 51 39010 0 54 39056 0 53 39064 0 67 39066 0 66 39070 0 79 39082 0 74 39083 0 75 39089 0 52 39090 0 90 39090 0 91 39090 0 92 39094 0 79 39120 0 79 39153 0 79 39157 0 74 39157 0 
TIME iteration: 323 ms
Round:74
IR: 86, 434, 152, 251, 19
39220 0 79 39233 0 54 39250 0 53 39271 0 51 39280 0 52 39372 0 53 39395 0 54 39412 0 66 39412 0 67 39417 0 79 39429 0 52 39434 0 51 39437 0 90 39437 0 91 39437 0 92 39438 0 74 39439 0 75 39441 0 79 39468 0 79 39501 0 79 39516 0 54 39526 0 53 39564 0 51 39573 0 79 39586 0 52 39650 0 54 39675 0 51 39684 0 53 39704 0 
TIME iteration: 322 ms
Round:75
IR: 58, 197, 303, 375, 81
39784 0 62 39788 0 63 39794 0 77 39795 0 51 39795 0 54 39796 0 60 39796 0 61 39800 0 67 39802 0 66 39804 0 76 39806 0 79 39812 0 90 39812 0 91 39812 0 92 39818 0 77 39821 0 74 39822 0 75 39828 0 76 39830 0 79 39845 0 53 39845 0 77 39855 0 76 39857 0 79 39864 0 70 39866 0 71 39879 0 77 39886 0 68 39886 0 69 39889 0 76 39890 0 79 39905 0 74 39922 0 52 39927 0 90 39927 0 91 39927 0 92 39938 0 54 39942 0 51 39961 0 79 40015 0 53 40060 0 52 40072 0 54 40149 0 51 40176 0 53 40193 0 52 40216 0 54 40265 0 51 40272 0 66 40273 0 67 40279 0 
TIME iteration: 323 ms
Round:76
IR: 23, 201, 202, 254, 187
40298 0 75 40301 0 90 40301 0 91 40301 0 92 40303 0 79 40309 0 74 40328 0 52 40330 0 79 40351 0 54 40364 0 79 40398 0 53 40474 0 51 40480 0 54 40569 0 52 40584 0 53 40628 0 51 40648 0 54 40666 0 66 40666 0 67 40670 0 79 40687 0 75 40690 0 74 40692 0 90 40692 0 91 40692 0 92 40694 0 79 40699 0 52 40720 0 79 40753 0 79 40768 0 54 40796 0 
TIME iteration: 323 ms
Round:77
IR: 74, 186, 199, 381, 311
40816 0 79 40823 0 52 40827 0 51 40901 0 54 40951 0 53 41004 0 51 41018 0 52 41064 0 54 41073 0 66 41073 0 67 41078 0 79 41094 0 75 41095 0 74 41099 0 90 41099 0 91 41099 0 92 41102 0 79 41106 0 53 41129 0 79 41162 0 79 41211 0 54 41214 0 52 41236 0 79 41258 0 51 41284 0 
TIME iteration: 321 ms
Round:78
IR: 84, 161, 222, 218, 282
41348 0 52 41423 0 54 41453 0 53 41466 0 52 41475 0 62 41475 0 63 41483 0 51 41483 0 77 41501 0 90 41501 0 91 41501 0 92 41507 0 77 41532 0 54 41534 0 77 41555 0 71 41568 0 70 41568 0 77 41592 0 52 41608 0 53 41681 0 54 41695 0 51 41757 0 53 41800 0 54 41804 0 52 41836 0 66 41837 0 67 41844 0 79 41849 0 63 41850 0 62 41853 0 77 41862 0 90 41862 0 91 41862 0 92 41863 0 51 41868 0 
TIME iteration: 322 ms
Round:79
IR: 99, 161, 175, 235, 149
41876 0 77 41877 0 71 41879 0 70 41881 0 74 41882 0 75 41895 0 79 41902 0 77 41930 0 79 41934 0 77 41941 0 54 41957 0 52 41988 0 90 41988 0 91 41988 0 92 41989 0 77 41996 0 51 42028 0 53 42070 0 54 42108 0 52 42144 0 51 42210 0 53 42249 0 52 42266 0 54 42274 0 51 42343 0 61 42345 0 60 42352 0 76 42358 0 53 42371 0 51 42374 0 90 42374 0 91 42374 0 92 42376 0 76 42378 0 
TIME iteration: 326 ms
Round:80
IR: 24, 260, 289, 357, 158
42403 0 76 42437 0 68 42437 0 76 42438 0 69 42454 0 54 42470 0 53 42495 0 52 42582 0 51 42628 0 53 42662 0 52 42665 0 54 42803 0 53 42808 0 52 42810 0 62 42810 0 63 42813 0 64 42813 0 65 42818 0 77 42821 0 54 42821 0 78 42835 0 90 42835 0 91 42835 0 92 42842 0 77 42845 0 78 42866 0 70 42868 0 71 42869 0 77 42872 0 78 42903 0 77 42906 0 78 42917 0 72 42917 0 73 42923 0 
TIME iteration: 322 ms
Round:81
IR: 3, 165, 335, 463, 164
42959 0 52 42965 0 53 42965 0 90 42965 0 91 42965 0 92 43008 0 54 43034 0 58 43069 0 58 43078 0 51 43089 0 53 43098 0 86 43098 0 87 43101 0 54 43101 0 58 43118 0 52 43131 0 58 43161 0 58 43191 0 58 43204 0 51 43209 0 86 43209 0 87 43221 0 58 43232 0 54 43242 0 52 43251 0 58 43280 0 58 43280 0 66 43281 0 67 43289 0 79 43303 0 51 43308 0 58 43310 0 90 43310 0 91 43310 0 92 43313 0 79 43315 0 53 43318 0 86 43318 0 87 43335 0 58 43340 0 79 43355 0 75 43360 0 74 43362 0 58 43375 0 79 43387 0 54 43389 0 58 43391 0 52 43416 0 58 43418 0 51 43427 0 86 43427 0 87 43443 0 
TIME iteration: 323 ms
Round:82
IR: 40, 256, 169, 217, 170
43472 0 58 43504 0 53 43512 0 58 43541 0 86 43541 0 87 43550 0 51 43607 0 54 43684 0 52 43697 0 51 43702 0 60 43702 0 61 43706 0 66 43708 0 67 43710 0 76 43712 0 79 43728 0 90 43728 0 91 43728 0 92 43734 0 76 43736 0 79 43738 0 74 43738 0 75 43748 0 54 43761 0 76 43763 0 79 43770 0 53 43780 0 68 43782 0 69 43795 0 76 43796 0 79 43824 0 51 43858 0 90 43858 0 91 43858 0 92 43869 0 79 43870 0 52 43873 0 54 43972 0 51 43989 0 
TIME iteration: 322 ms
Round:83
IR: 87, 185, 156, 174, 190
44037 0 54 44039 0 52 44102 0 51 44172 0 53 44229 0 54 44234 0 52 44237 0 51 44243 0 61 44244 0 60 44249 0 76 44273 0 76 44274 0 90 44274 0 91 44274 0 92 44281 0 68 44283 0 69 44297 0 53 44300 0 76 44333 0 76 44375 0 51 44400 0 76 44402 0 52 44425 0 53 44487 0 51 44496 0 
TIME iteration: 322 ms
Round:84
IR: 41, 148, 200, 210, 219
44563 0 60 44564 0 61 44568 0 76 44577 0 53 44581 0 68 44582 0 69 44588 0 90 44588 0 91 44588 0 92 44592 0 76 44604 0 52 44618 0 76 44636 0 51 44651 0 76 44653 0 69 44654 0 68 44712 0 76 44725 0 54 44727 0 52 44734 0 51 44755 0 53 44782 0 61 44783 0 60 44785 0 76 44799 0 68 44800 0 69 44805 0 90 44805 0 91 44805 0 92 44808 0 76 44833 0 52 44834 0 76 44850 0 51 44865 0 76 44867 0 68 44869 0 54 44870 0 69 44876 0 53 44916 0 76 44972 0 52 44986 0 53 45011 0 51 45027 0 
TIME iteration: 322 ms
Round:85
IR: 41, 310, 216, 228, 184
45058 0 60 45058 0 61 45061 0 76 45078 0 69 45079 0 68 45080 0 52 45081 0 90 45081 0 91 45081 0 92 45084 0 76 45110 0 76 45120 0 53 45142 0 76 45161 0 54 45165 0 69 45169 0 68 45174 0 51 45196 0 76 45219 0 52 45242 0 53 45268 0 54 45314 0 51 45330 0 61 45331 0 60 45334 0 76 45352 0 68 45352 0 69 45354 0 90 45354 0 91 45354 0 92 45357 0 76 45360 0 52 45367 0 54 45383 0 76 45415 0 76 45440 0 69 45465 0 53 45469 0 76 45503 0 52 45513 0 54 45521 0 
TIME iteration: 322 ms
Round:86
IR: 20, 168, 312, 373, 195
45613 0 54 45631 0 51 45651 0 61 45653 0 60 45656 0 76 45660 0 53 45663 0 66 45664 0 67 45667 0 68 45672 0 79 45673 0 52 45676 0 90 45676 0 91 45676 0 92 45677 0 69 45679 0 76 45696 0 79 45705 0 76 45723 0 79 45732 0 68 45737 0 76 45738 0 54 45751 0 74 45754 0 75 45758 0 79 45759 0 51 45759 0 52 45793 0 76 45802 0 90 45802 0 91 45802 0 92 45821 0 53 45867 0 52 45879 0 51 45913 0 54 45965 0 53 45970 0 52 45997 0 51 46067 0 52 46090 0 62 46090 0 63 46094 0 53 46098 0 
TIME iteration: 322 ms
Round:87
IR: 51, 138, 112, 297, 171
46118 0 90 46118 0 91 46118 0 92 46121 0 54 46122 0 77 46149 0 77 46164 0 51 46181 0 70 46183 0 77 46185 0 71 46233 0 52 46283 0 53 46314 0 51 46374 0 54 46415 0 52 46448 0 63 46450 0 62 46452 0 77 46453 0 51 46475 0 77 46475 0 90 46475 0 91 46475 0 92 46477 0 70 46477 0 71 46501 0 77 46514 0 54 46528 0 53 46533 0 77 46544 0 52 46559 0 51 46587 0 
TIME iteration: 323 ms
Round:88
IR: 20, 285, 128, 268, 32
46641 0 52 46702 0 51 46712 0 53 46719 0 54 46777 0 52 46787 0 63 46788 0 62 46792 0 77 46804 0 70 46805 0 71 46809 0 51 46812 0 90 46812 0 91 46812 0 92 46816 0 54 46816 0 77 46842 0 77 46874 0 53 46875 0 71 46875 0 77 46878 0 70 46929 0 52 46936 0 77 46951 0 54 47006 0 51 47023 0 53 47099 0 52 47117 0 62 47117 0 63 47121 0 77 47142 0 71 47142 0 90 47142 0 91 47142 0 92 47143 0 70 47144 0 77 47150 0 51 47161 0 
TIME iteration: 322 ms
Round:89
IR: 37, 301, 164, 387, 162
47170 0 77 47187 0 54 47202 0 77 47208 0 52 47258 0 77 47332 0 54 47337 0 51 47353 0 53 47367 0 52 47465 0 54 47483 0 53 47496 0 51 47499 0 66 47499 0 67 47507 0 52 47508 0 79 47515 0 62 47516 0 63 47520 0 77 47523 0 65 47524 0 64 47525 0 90 47525 0 91 47525 0 92 47532 0 78 47532 0 79 47536 0 71 47537 0 70 47544 0 77 47556 0 78 47559 0 79 47570 0 77 47581 0 74 47583 0 75 47583 0 78 47594 0 79 47603 0 53 47603 0 77 47604 0 54 47618 0 78 47621 0 72 47624 0 70 47624 0 73 47625 0 71 47638 0 90 47638 0 91 47638 0 92 47660 0 51 47664 0 
TIME iteration: 322 ms
Round:90
IR: 38, 320, 433, 476, 214
47730 0 52 47738 0 53 47793 0 58 47806 0 54 47829 0 58 47858 0 86 47858 0 87 47863 0 58 47885 0 51 47892 0 53 47896 0 58 47923 0 52 47927 0 58 47960 0 58 47968 0 86 47968 0 87 47993 0 58 48003 0 53 48025 0 58 48043 0 54 48049 0 52 48056 0 51 48056 0 58 48081 0 86 48081 0 87 48085 0 58 48102 0 61 48104 0 60 48111 0 76 48114 0 58 48133 0 90 48133 0 91 48133 0 92 48135 0 76 48143 0 58 48152 0 53 48162 0 76 48173 0 58 48190 0 68 48192 0 69 48192 0 86 48192 0 87 48196 0 76 48203 0 52 48204 0 51 48204 0 
TIME iteration: 324 ms
Round:91
IR: 24, 394, 359, 266, 211
48234 0 58 48274 0 54 48275 0 58 48298 0 53 48307 0 86 48307 0 87 48354 0 51 48400 0 52 48419 0 60 48420 0 61 48422 0 76 48435 0 54 48443 0 69 48444 0 68 48444 0 90 48444 0 91 48444 0 92 48445 0 76 48454 0 53 48471 0 76 48503 0 76 48519 0 52 48556 0 76 48595 0 51 48628 0 54 48642 0 53 48668 0 
TIME iteration: 321 ms
Round:92
IR: 78, 194, 421, 288, 74
48786 0 53 48790 0 51 48795 0 52 48795 0 54 48813 0 62 48813 0 63 48821 0 77 48839 0 90 48839 0 91 48839 0 92 48845 0 77 48872 0 77 48888 0 70 48890 0 71 48902 0 52 48906 0 77 48917 0 51 48954 0 54 48988 0 53 49013 0 52 49074 0 54 49088 0 62 49090 0 63 49091 0 77 49095 0 51 49109 0 70 49109 0 71 49113 0 90 49113 0 91 49113 0 92 49114 0 77 49122 0 52 49140 0 77 49171 0 77 49189 0 71 49193 0 70 49222 0 77 49223 0 53 49229 0 54 49238 0 52 49287 0 
TIME iteration: 322 ms
Round:93
IR: 30, 216, 300, 367, 138
49347 0 52 49348 0 62 49348 0 63 49351 0 77 49356 0 54 49368 0 71 49369 0 70 49371 0 90 49371 0 91 49371 0 92 49374 0 77 49382 0 53 49400 0 77 49403 0 51 49432 0 77 49452 0 71 49486 0 77 49515 0 54 49527 0 51 49533 0 53 49579 0 52 49643 0 54 49652 0 51 49694 0 61 49695 0 60 49703 0 76 49707 0 52 49715 0 53 49719 0 90 49719 0 91 49719 0 92 49727 0 76 49754 0 76 49764 0 68 49767 0 69 49789 0 76 49796 0 51 49811 0 
TIME iteration: 322 ms
Round:94
IR: 10, 297, 163, 404, 91
49820 0 52 49962 0 52 49968 0 51 49970 0 54 49975 0 53 50039 0 60 50045 0 76 50046 0 61 50066 0 68 50067 0 69 50068 0 76 50068 0 90 50068 0 91 50068 0 92 50094 0 76 50095 0 53 50126 0 76 50134 0 52 50144 0 54 50179 0 76 50194 0 51 50258 0 53 50317 0 
TIME iteration: 322 ms
Round:95
IR: 26, 140, 299, 388, 112
50358 0 54 50360 0 51 50495 0 53 50504 0 52 50519 0 54 50529 0 63 50530 0 62 50538 0 66 50538 0 77 50539 0 67 50545 0 51 50546 0 64 50547 0 65 50547 0 79 50551 0 60 50551 0 61 50555 0 78 50557 0 76 50557 0 90 50557 0 91 50557 0 92 50562 0 77 50571 0 79 50579 0 68 50579 0 69 50579 0 78 50581 0 76 50589 0 77 50596 0 70 50598 0 79 50602 0 71 50606 0 78 50608 0 76 50624 0 77 50633 0 79 50636 0 73 50638 0 74 50641 0 78 50642 0 75 50642 0 76 50645 0 53 50646 0 52 50646 0 72 50668 0 90 50668 0 91 50668 0 92 50700 0 51 50718 0 76 50743 0 54 50756 0 52 50857 0 51 50861 0 
TIME iteration: 328 ms
Round:96
IR: 7, 184, 206, 324, 227
50909 0 53 50957 0 54 50986 0 51 51006 0 52 51017 0 63 51019 0 62 51023 0 77 51026 0 61 51027 0 60 51032 0 76 51046 0 90 51046 0 91 51046 0 92 51047 0 77 51052 0 53 51053 0 68 51053 0 70 51053 0 71 51054 0 69 51056 0 76 51074 0 77 51083 0 76 51107 0 77 51111 0 51 51111 0 54 51116 0 76 51146 0 52 51173 0 77 51176 0 90 51176 0 91 51176 0 92 51183 0 76 51228 0 51 51245 0 54 51302 0 53 51356 0 51 51380 0 52 51392 0 
TIME iteration: 324 ms
Round:97
IR: 8, 271, 178, 213, 170
51481 0 53 51526 0 51 51526 0 54 51548 0 66 51549 0 67 51557 0 61 51557 0 79 51559 0 60 51564 0 76 51578 0 90 51578 0 91 51578 0 92 51581 0 79 51584 0 52 51588 0 76 51589 0 68 51590 0 69 51608 0 79 51612 0 75 51613 0 74 51615 0 76 51643 0 79 51649 0 76 51669 0 54 51706 0 53 51709 0 90 51709 0 91 51709 0 92 51725 0 76 51741 0 52 51755 0 51 51816 0 54 51893 0 52 51936 0 
TIME iteration: 322 ms
Round:98
IR: 6, 294, 190, 233, 235
51947 0 54 51965 0 51 52007 0 52 52045 0 53 52050 0 62 52050 0 63 52058 0 77 52062 0 54 52070 0 66 52070 0 67 52076 0 79 52080 0 90 52080 0 91 52080 0 92 52082 0 77 52100 0 79 52106 0 74 52106 0 75 52107 0 71 52109 0 77 52111 0 52 52112 0 70 52127 0 79 52143 0 77 52146 0 51 52161 0 79 52163 0 54 52206 0 90 52206 0 91 52206 0 92 52215 0 53 52291 0 52 52305 0 51 52308 0 54 52448 0 
TIME iteration: 323 ms
Round:99
IR: 26, 317, 139, 249, 161
52472 0 53 52491 0 52 52575 0 54 52648 0 53 52656 0 51 52676 0 60 52676 0 61 52684 0 76 52698 0 64 52700 0 65 52707 0 78 52707 0 90 52707 0 91 52707 0 92 52708 0 76 52716 0 52 52731 0 78 52735 0 76 52738 0 69 52742 0 68 52750 0 54 52758 0 78 52763 0 53 52769 0 76 52787 0 72 52788 0 73 52792 0 78 52833 0 90 52833 0 91 52833 0 92 52855 0 51 52919 0 54 52942 0 53 52966 0 
TIME iteration: 322 ms
Round:100
IR: 6, 327, 252, 373, 57
53032 0 51 53063 0 53 53090 0 54 53159 0 51 53164 0 52 53202 0 61 53203 0 60 53208 0 76 53231 0 53 53232 0 76 53232 0 90 53232 0 91 53232 0 92 53238 0 68 53238 0 69 53240 0 54 53259 0 76 53292 0 76 53338 0 52 53359 0 76 53369 0 51 53437 0 53 53459 0 54 53473 0 
TIME iteration: 322 ms
Round:101
IR: 26, 196, 215, 258, 160
53545 0 51 53606 0 53 53612 0 61 53618 0 60 53620 0 76 53621 0 52 53633 0 62 53633 0 63 53639 0 54 53639 0 69 53640 0 68 53641 0 77 53642 0 90 53642 0 91 53642 0 92 53644 0 76 53665 0 77 53670 0 76 53692 0 77 53703 0 76 53713 0 71 53714 0 70 53718 0 51 53726 0 77 53765 0 76 53767 0 90 53767 0 91 53767 0 92 53771 0 53 53794 0 54 53799 0 52 53879 0 51 53891 0 53 53943 0 54 53952 0 52 54020 0 
TIME iteration: 322 ms
Round:102
IR: 22, 186, 147, 497, 270
54085 0 53 54095 0 52 54134 0 62 54134 0 63 54139 0 77 54159 0 58 54163 0 77 54164 0 90 54164 0 91 54164 0 92 54169 0 71 54170 0 70 54181 0 51 54182 0 54 54190 0 77 54197 0 58 54223 0 77 54225 0 86 54225 0 87 54232 0 58 54264 0 58 54270 0 52 54289 0 77 54296 0 58 54301 0 53 54314 0 54 54327 0 58 54335 0 86 54335 0 87 54357 0 51 54358 0 58 54388 0 58 54417 0 58 54446 0 58 54448 0 86 54448 0 87 54450 0 53 54474 0 58 54475 0 52 54486 0 54 54502 0 58 54516 0 51 54529 0 58 54549 0 67 54551 0 66 54557 0 58 54559 0 79 54559 0 86 54559 0 87 54565 0 60 54566 0 61 54573 0 76 54577 0 90 54577 0 91 54577 0 92 54582 0 54 54583 0 79 54585 0 
TIME iteration: 324 ms
Round:103
IR: 7, 288, 293, 218, 151
54597 0 76 54610 0 79 54617 0 58 54621 0 69 54622 0 68 54624 0 76 54641 0 74 54641 0 75 54645 0 79 54649 0 51 54651 0 52 54658 0 76 54667 0 58 54673 0 86 54673 0 87 54697 0 53 54703 0 90 54703 0 91 54703 0 92 54728 0 54 54811 0 53 54831 0 51 54849 0 52 54918 0 54 54937 0 53 54959 0 51 55045 0 52 55095 0 51 55097 0 54 55101 0 61 55102 0 60 55107 0 
TIME iteration: 322 ms
Round:104
IR: 22, 182, 195, 375, 392
55131 0 76 55132 0 90 55132 0 91 55132 0 92 55138 0 69 55139 0 68 55158 0 76 55163 0 53 55191 0 76 55198 0 51 55226 0 52 55248 0 54 55258 0 76 55269 0 53 55292 0 51 55386 0 52 55390 0 54 55393 0 53 55431 0 51 55439 0 60 55439 0 61 55443 0 76 55446 0 64 55446 0 65 55454 0 78 55457 0 68 55457 0 69 55464 0 90 55464 0 91 55464 0 92 55466 0 76 55478 0 78 55492 0 76 55505 0 78 55511 0 51 55524 0 76 55532 0 69 55534 0 68 55535 0 73 55539 0 78 55544 0 53 55551 0 52 55560 0 72 55580 0 76 55592 0 90 55592 0 91 55592 0 92 55602 0 
TIME iteration: 323 ms
Round:105
IR: 18, 294, 181, 233, 100
55665 0 51 55702 0 53 55714 0 54 55741 0 52 55812 0 51 55830 0 54 55858 0 52 55882 0 53 55955 0 54 55957 0 66 55958 0 67 55966 0 79 55979 0 52 55983 0 62 55983 0 63 55987 0 90 55987 0 91 55987 0 92 55990 0 79 55991 0 77 55992 0 51 56015 0 77 56017 0 79 56030 0 53 56034 0 74 56036 0 75 56042 0 77 56052 0 79 56071 0 70 56072 0 71 56076 0 77 56088 0 52 56111 0 90 56111 0 91 56111 0 92 56125 0 51 56143 0 53 56162 0 
TIME iteration: 323 ms
Round:106
IR: 19, 152, 197, 415, 212
56248 0 53 56250 0 52 56266 0 51 56351 0 51 56363 0 54 56391 0 53 56409 0 52 56416 0 60 56416 0 61 56424 0 76 56445 0 64 56445 0 65 56445 0 90 56445 0 91 56445 0 92 56448 0 76 56453 0 78 56475 0 76 56477 0 78 56480 0 51 56480 0 68 56481 0 54 56481 0 69 56504 0 78 56507 0 73 56509 0 72 56509 0 76 56538 0 78 56547 0 53 56555 0 52 56567 0 90 56567 0 91 56567 0 92 56603 0 54 56628 0 51 56702 0 
TIME iteration: 322 ms
Round:107
IR: 20, 286, 201, 322, 239
56718 0 53 56725 0 51 56787 0 54 56833 0 52 56847 0 51 56859 0 53 56875 0 60 56875 0 61 56880 0 76 56904 0 76 56904 0 90 56904 0 91 56904 0 92 56906 0 68 56907 0 54 56908 0 69 56931 0 76 56964 0 76 56990 0 52 57014 0 54 57015 0 53 57030 0 76 57077 0 51 57107 0 54 57152 0 52 57162 0 
TIME iteration: 322 ms
Round:108
IR: 37, 197, 153, 290, 122
57252 0 51 57278 0 52 57293 0 62 57293 0 63 57301 0 77 57306 0 60 57308 0 61 57312 0 76 57315 0 54 57320 0 90 57320 0 91 57320 0 92 57325 0 77 57331 0 68 57332 0 69 57336 0 76 57352 0 53 57352 0 77 57363 0 76 57365 0 70 57368 0 71 57386 0 77 57396 0 76 57441 0 51 57447 0 90 57447 0 91 57447 0 92 57462 0 76 57463 0 52 57509 0 53 57544 0 54 57575 0 51 57632 0 53 57696 0 51 57711 0 
TIME iteration: 322 ms
Round:109
IR: 0, 421, 228, 306, 205
57778 0 52 57818 0 53 57851 0 51 57851 0 65 57852 0 64 57855 0 60 57855 0 61 57860 0 54 57860 0 78 57861 0 76 57878 0 66 57878 0 67 57878 0 90 57878 0 91 57878 0 92 57884 0 78 57885 0 76 57886 0 68 57887 0 69 57887 0 79 57897 0 52 57911 0 78 57911 0 79 57912 0 76 57930 0 73 57933 0 72 57938 0 79 57946 0 76 57946 0 78 57953 0 53 57963 0 75 57967 0 74 57973 0 79 57976 0 51 57992 0 90 57992 0 91 57992 0 92 58022 0 76 58042 0 52 58102 0 51 58108 0 53 58153 0 54 58194 0 52 58236 0 51 58280 0 54 58282 0 
TIME iteration: 323 ms
Round:110
IR: 22, 467, 241, 285, 312
58350 0 51 58356 0 60 58357 0 52 58357 0 61 58362 0 76 58385 0 68 58385 0 90 58385 0 91 58385 0 92 58386 0 76 58388 0 69 58389 0 54 58413 0 53 58413 0 76 58446 0 76 58467 0 52 58487 0 54 58513 0 76 58544 0 51 58571 0 53 58684 0 52 58697 0 54 58727 0 51 58751 0 53 58781 0 60 58781 0 61 58786 0 76 58795 0 65 58796 0 64 58803 0 78 58805 0 68 58806 0 69 58808 0 90 58808 0 91 58808 0 92 58810 0 76 58827 0 
TIME iteration: 324 ms
Round:111
IR: 4, 236, 234, 291, 208
58837 0 76 58840 0 51 58854 0 78 58856 0 72 58860 0 73 58870 0 76 58879 0 52 58888 0 78 58889 0 54 58922 0 53 58935 0 90 58935 0 91 58935 0 92 58936 0 76 59017 0 51 59049 0 53 59054 0 54 59151 0 51 59165 0 52 59238 0 54 59279 0 52 59328 0 51 59343 0 53 59350 0 60 59351 0 61 59357 0 
TIME iteration: 326 ms
Round:112
IR: 29, 480, 303, 411, 315
59362 0 62 59377 0 63 59379 0 77 59381 0 76 59381 0 90 59381 0 91 59381 0 92 59384 0 68 59384 0 69 59403 0 52 59403 0 77 59408 0 76 59429 0 54 59430 0 77 59442 0 76 59450 0 51 59456 0 71 59457 0 70 59465 0 77 59493 0 53 59508 0 90 59508 0 91 59508 0 92 59523 0 76 59561 0 52 59571 0 51 59619 0 53 59673 0 54 59704 0 51 59749 0 52 59756 0 53 59788 0 54 59867 0 
TIME iteration: 322 ms
Round:113
IR: 20, 757, 688, 311, 132
59892 0 61 59893 0 60 59897 0 54 59899 0 76 59901 0 67 59902 0 66 59910 0 79 59922 0 90 59922 0 91 59922 0 92 59923 0 76 59926 0 68 59926 0 69 59929 0 52 59934 0 79 59949 0 53 59950 0 76 59961 0 79 59984 0 76 59986 0 57 59991 0 74 59991 0 75 59993 0 54 59994 0 56 59996 0 79 60023 0 57 60032 0 56 60052 0 84 60052 0 85 60053 0 90 60053 0 91 60053 0 92 60057 0 57 60059 0 51 60060 0 82 60060 0 83 60065 0 76 60070 0 56 60072 0 52 60089 0 57 60107 0 56 60118 0 53 60121 0 57 60141 0 56 60152 0 57 60162 0 84 60162 0 85 60171 0 54 60174 0 56 60175 0 82 60175 0 83 60182 0 57 60198 0 51 60206 0 56 60211 0 57 60237 0 56 60240 0 57 60242 0 53 60250 0 52 60267 0 56 60269 0 57 60273 0 84 60273 0 85 60286 0 82 60286 0 83 60296 0 56 60298 0 57 60306 0 51 60321 0 54 60323 0 56 60326 0 57 60351 0 53 60351 0 56 60354 0 57 60360 0 52 60379 0 56 60382 0 57 60385 0 84 60385 0 85 60396 0 82 60396 0 83 60408 0 56 60409 0 63 60410 0 57 60410 0 62 60417 0 
TIME iteration: 324 ms
Round:114
IR: 31, 771, 660, 297, 130
60424 0 51 60431 0 54 60436 0 56 60438 0 57 60439 0 90 60439 0 91 60439 0 92 60441 0 77 60464 0 56 60466 0 57 60468 0 77 60473 0 70 60477 0 71 60489 0 53 60491 0 56 60494 0 57 60496 0 84 60496 0 85 60502 0 77 60506 0 82 60506 0 83 60518 0 56 60522 0 57 60545 0 56 60546 0 51 60551 0 57 60559 0 54 60573 0 56 60579 0 57 60580 0 52 60592 0 53 60601 0 56 60607 0 57 60608 0 84 60608 0 85 60616 0 82 60616 0 83 60629 0 56 60635 0 57 60657 0 56 60660 0 51 60663 0 57 60685 0 56 60691 0 57 60713 0 56 60716 0 53 60718 0 57 60720 0 84 60720 0 85 60725 0 82 60725 0 83 60729 0 52 60737 0 54 60740 0 56 60745 0 57 60768 0 56 60772 0 63 60773 0 57 60773 0 62 60776 0 77 60780 0 51 60795 0 56 60798 0 70 60798 0 71 60798 0 90 60798 0 91 60798 0 92 60799 0 77 60801 0 57 60823 0 56 60825 0 77 60828 0 57 60831 0 84 60831 0 85 60834 0 82 60834 0 83 60851 0 56 60855 0 57 60857 0 77 60875 0 51 60879 0 56 60882 0 57 60891 0 54 60902 0 53 60907 0 56 60909 0 57 60912 0 77 60919 0 52 60934 0 56 60936 0 57 60941 0 84 60941 0 85 60943 0 82 60943 0 
TIME iteration: 324 ms
Round:115
IR: 38, 713, 740, 240, 65
60962 0 56 60962 0 57 60988 0 57 60991 0 56 60996 0 51 61014 0 57 61020 0 56 61041 0 57 61049 0 56 61050 0 54 61050 0 84 61050 0 85 61054 0 82 61054 0 83 61068 0 57 61074 0 53 61077 0 56 61095 0 57 61104 0 56 61105 0 52 61123 0 57 61131 0 56 61150 0 57 61151 0 51 61158 0 56 61159 0 84 61159 0 85 61164 0 82 61164 0 83 61177 0 57 61185 0 56 61200 0 63 61205 0 57 61211 0 56 61211 0 77 61215 0 54 61233 0 57 61234 0 90 61234 0 91 61234 0 92 61237 0 56 61241 0 77 61261 0 57 61263 0 56 61268 0 84 61268 0 85 61273 0 82 61273 0 83 61281 0 52 61285 0 77 61288 0 51 61289 0 56 61289 0 57 61315 0 56 61317 0 57 61334 0 53 61341 0 56 61345 0 57 61367 0 56 61373 0 57 61378 0 84 61378 0 85 61382 0 82 61382 0 83 61394 0 56 61401 0 57 61408 0 52 61422 0 56 61429 0 57 61437 0 54 61449 0 56 61457 0 57 61459 0 53 61476 0 
TIME iteration: 323 ms
Round:116
IR: 15, 421, 358, 525, 316
61487 0 57 61490 0 84 61490 0 85 61492 0 82 61492 0 83 61500 0 51 61508 0 56 61529 0 57 61557 0 56 61569 0 53 61581 0 58 61585 0 54 61603 0 52 61615 0 58 61618 0 82 61618 0 83 61632 0 51 61644 0 62 61644 0 63 61644 0 86 61644 0 87 61647 0 58 61649 0 77 61653 0 84 61653 0 85 61671 0 70 61671 0 71 61673 0 77 61673 0 90 61673 0 91 61673 0 92 61679 0 58 61700 0 77 61710 0 53 61710 0 58 61724 0 54 61725 0 52 61733 0 77 61741 0 58 61755 0 86 61755 0 87 61772 0 58 61786 0 51 61799 0 77 61802 0 58 61826 0 53 61832 0 58 61863 0 58 61867 0 86 61867 0 87 61893 0 58 61904 0 54 61918 0 52 61922 0 58 61952 0 58 61975 0 51 61980 0 86 61980 0 87 61982 0 
TIME iteration: 322 ms
Round:117
IR: 3, 268, 351, 270, 208
62011 0 58 62023 0 53 62049 0 58 62052 0 54 62077 0 52 62093 0 66 62094 0 67 62100 0 86 62100 0 87 62103 0 79 62121 0 90 62121 0 91 62121 0 92 62127 0 79 62139 0 51 62154 0 79 62166 0 54 62182 0 75 62186 0 74 62189 0 79 62205 0 52 62263 0 53 62308 0 51 62322 0 54 62371 0 52 62455 0 53 62480 0 54 62483 0 66 62484 0 67 62488 0 79 62510 0 90 62510 0 91 62510 0 92 62512 0 79 62513 0 51 62513 0 74 62513 0 75 62535 0 52 62538 0 
TIME iteration: 322 ms
Round:118
IR: 2, 331, 209, 455, 189
62571 0 79 62577 0 53 62616 0 58 62620 0 54 62638 0 79 62655 0 58 62661 0 86 62661 0 87 62687 0 51 62690 0 58 62711 0 52 62715 0 53 62724 0 58 62728 0 54 62756 0 58 62773 0 86 62773 0 87 62787 0 58 62797 0 66 62800 0 67 62803 0 79 62814 0 74 62814 0 75 62817 0 58 62823 0 90 62823 0 91 62823 0 92 62827 0 51 62827 0 79 62846 0 58 62853 0 79 62858 0 52 62875 0 58 62879 0 74 62882 0 75 62883 0 86 62883 0 87 62886 0 79 62903 0 58 62930 0 58 62932 0 53 62941 0 51 62952 0 79 62954 0 54 62958 0 58 62971 0 52 62986 0 58 62992 0 86 62992 0 87 63014 0 58 63043 0 58 63049 0 
TIME iteration: 322 ms
Round:119
IR: 2, 207, 275, 382, 256
63072 0 58 63095 0 54 63106 0 86 63106 0 87 63111 0 58 63115 0 66 63115 0 67 63119 0 79 63138 0 74 63138 0 75 63139 0 90 63139 0 91 63139 0 92 63142 0 79 63149 0 53 63151 0 51 63157 0 52 63168 0 79 63200 0 79 63246 0 54 63258 0 79 63291 0 52 63313 0 51 63330 0 53 63435 0 54 63456 0 51 63466 0 53 63484 0 52 63506 0 61 63508 0 60 63515 0 76 63533 0 90 63533 0 91 63533 0 92 63539 0 76 63566 0 76 63570 0 54 63587 0 53 63594 0 
TIME iteration: 322 ms
Round:120
IR: 3, 185, 203, 267, 129
63600 0 76 63601 0 69 63612 0 68 63647 0 52 63705 0 54 63711 0 51 63738 0 53 63770 0 60 63772 0 61 63773 0 76 63791 0 68 63791 0 69 63794 0 90 63794 0 91 63794 0 92 63796 0 76 63822 0 52 63822 0 76 63853 0 76 63872 0 51 63875 0 54 63876 0 68 63878 0 69 63904 0 76 63909 0 53 63987 0 52 64009 0 54 64014 0 51 64036 0 60 64036 0 61 64039 0 76 64056 0 69 64057 0 68 64059 0 90 64059 0 91 64059 0 92 64062 0 76 64088 0 76 64120 0 
TIME iteration: 322 ms
Round:121
IR: 24, 172, 172, 255, 161
64137 0 69 64139 0 54 64140 0 68 64150 0 51 64152 0 52 64169 0 53 64174 0 76 64286 0 52 64319 0 53 64321 0 51 64328 0 54 64339 0 60 64340 0 61 64343 0 76 64363 0 68 64363 0 69 64363 0 90 64363 0 91 64363 0 92 64366 0 76 64392 0 76 64424 0 76 64433 0 53 64448 0 52 64458 0 51 64464 0 54 64479 0 76 64580 0 53 64615 0 51 64623 0 54 64643 0 
TIME iteration: 322 ms
Round:122
IR: 21, 421, 326, 222, 175
64723 0 54 64732 0 66 64732 0 67 64739 0 52 64741 0 79 64744 0 53 64754 0 62 64754 0 63 64758 0 90 64758 0 91 64758 0 92 64762 0 77 64765 0 79 64786 0 77 64792 0 79 64810 0 74 64811 0 51 64813 0 75 64813 0 77 64827 0 79 64829 0 52 64839 0 53 64844 0 71 64847 0 77 64848 0 70 64881 0 90 64881 0 91 64881 0 92 64916 0 54 64957 0 53 64962 0 52 64999 0 51 65019 0 54 65098 0 53 65146 0 54 65156 0 51 65166 0 
TIME iteration: 322 ms
Round:123
IR: 38, 190, 201, 220, 164
65193 0 66 65193 0 67 65198 0 79 65204 0 53 65221 0 64 65221 0 65 65222 0 79 65222 0 90 65222 0 91 65222 0 92 65227 0 74 65227 0 75 65229 0 78 65249 0 79 65253 0 78 65280 0 78 65282 0 79 65294 0 54 65312 0 52 65312 0 73 65313 0 51 65313 0 72 65314 0 78 65344 0 90 65344 0 91 65344 0 92 65360 0 79 65394 0 53 65427 0 54 65449 0 51 65468 0 52 65573 0 54 65589 0 53 65603 0 51 65670 0 
TIME iteration: 322 ms
Round:124
IR: 2, 198, 156, 371, 439
65726 0 54 65743 0 66 65743 0 67 65750 0 79 65773 0 90 65773 0 91 65773 0 92 65774 0 79 65776 0 74 65777 0 75 65796 0 52 65801 0 79 65806 0 51 65812 0 54 65828 0 53 65835 0 79 65925 0 52 65949 0 51 65976 0 53 65978 0 54 66086 0 52 66108 0 53 66126 0 54 66136 0 64 66137 0 65 66138 0 62 66139 0 63 66142 0 66 66142 0 67 66144 0 78 66146 0 79 66147 0 77 66161 0 90 66161 0 91 66161 0 92 66163 0 51 66165 0 75 66166 0 74 66168 0 78 66170 0 79 66171 0 77 66195 0 78 66196 0 79 66197 0 72 66198 0 77 66199 0 73 66214 0 71 66218 0 70 66221 0 53 66229 0 78 66229 0 79 66233 0 
TIME iteration: 324 ms
Round:125
IR: 24, 320, 168, 373, 251
66278 0 90 66278 0 91 66278 0 92 66294 0 79 66327 0 53 66328 0 51 66348 0 52 66357 0 54 66455 0 53 66480 0 54 66497 0 51 66530 0 52 66565 0 53 66578 0 54 66592 0 65 66593 0 64 66597 0 78 66599 0 66 66600 0 67 66605 0 79 66620 0 90 66620 0 91 66620 0 92 66621 0 78 66623 0 73 66624 0 72 66624 0 75 66625 0 74 66629 0 79 66647 0 78 66656 0 79 66661 0 53 66669 0 51 66680 0 78 66690 0 79 66692 0 52 66741 0 78 66751 0 90 66751 0 91 66751 0 92 66767 0 
TIME iteration: 323 ms
Round:126
IR: 1, 172, 181, 540, 384
66797 0 53 66876 0 58 66888 0 52 66913 0 58 66932 0 51 66941 0 86 66941 0 87 66948 0 58 66968 0 54 66981 0 58 66988 0 53 67013 0 58 67034 0 52 67045 0 58 67052 0 86 67052 0 87 67066 0 51 67069 0 54 67075 0 58 67105 0 58 67115 0 66 67115 0 67 67121 0 79 67135 0 58 67144 0 75 67145 0 74 67145 0 79 67145 0 90 67145 0 91 67145 0 92 67164 0 53 67165 0 58 67165 0 86 67165 0 87 67172 0 79 67194 0 58 67196 0 52 67206 0 79 67223 0 58 67253 0 58 67263 0 51 67277 0 86 67277 0 87 67282 0 54 67283 0 
TIME iteration: 322 ms
Round:127
IR: 22, 204, 150, 405, 342
67312 0 58 67322 0 53 67348 0 52 67350 0 58 67395 0 86 67395 0 87 67469 0 53 67476 0 51 67504 0 52 67565 0 54 67592 0 53 67638 0 52 67649 0 51 67661 0 60 67662 0 61 67670 0 76 67683 0 53 67691 0 90 67691 0 91 67691 0 92 67694 0 76 67721 0 76 67743 0 51 67756 0 76 67758 0 69 67759 0 54 67761 0 68 67800 0 
TIME iteration: 325 ms
Round:128
IR: 15, 146, 249, 378, 366
67865 0 53 67886 0 54 67893 0 51 67956 0 52 67956 0 60 67956 0 61 67958 0 76 67978 0 54 67978 0 69 67979 0 68 67980 0 90 67980 0 91 67980 0 92 67981 0 76 68007 0 76 68038 0 76 68051 0 51 68076 0 54 68089 0 76 68110 0 52 68153 0 53 68183 0 51 68188 0 54 68231 0 52 68311 0 51 68315 0 53 68321 0 60 68321 0 61 68325 0 76 68338 0 68 68338 0 69 68346 0 90 68346 0 91 68346 0 92 68348 0 76 68365 0 
TIME iteration: 322 ms
Round:129
IR: 5, 208, 219, 246, 349
68374 0 76 68406 0 76 68408 0 68 68409 0 69 68462 0 76 68476 0 51 68526 0 53 68536 0 52 68604 0 51 68617 0 54 68618 0 60 68619 0 61 68622 0 76 68641 0 68 68641 0 69 68643 0 90 68643 0 91 68643 0 92 68644 0 53 68645 0 76 68671 0 76 68703 0 76 68723 0 52 68736 0 68 68758 0 76 68767 0 53 68810 0 51 68816 0 54 68862 0 
TIME iteration: 321 ms
Round:130
IR: 8, 261, 305, 289, 104
68902 0 52 68946 0 51 68959 0 64 68966 0 61 68967 0 60 68971 0 76 68977 0 78 68983 0 69 68988 0 90 68988 0 91 68988 0 92 68994 0 53 68994 0 68 68995 0 76 69006 0 54 69009 0 78 69021 0 76 69037 0 52 69053 0 69 69054 0 76 69064 0 78 69082 0 51 69115 0 76 69124 0 54 69143 0 90 69143 0 91 69143 0 92 69217 0 53 69227 0 51 69280 0 52 69296 0 54 69393 0 53 69422 0 
TIME iteration: 322 ms
Round:131
IR: 23, 222, 157, 255, 49
69437 0 52 69546 0 53 69567 0 51 69568 0 65 69569 0 64 69575 0 78 69582 0 60 69582 0 61 69589 0 76 69599 0 78 69600 0 90 69600 0 91 69600 0 92 69612 0 54 69613 0 76 69617 0 68 69618 0 73 69621 0 72 69625 0 69 69626 0 78 69640 0 76 69659 0 52 69660 0 78 69674 0 76 69688 0 53 69731 0 90 69731 0 91 69731 0 92 69741 0 78 69742 0 51 69762 0 54 69784 0 52 69847 0 53 69867 0 54 69906 0 51 69948 0 52 69951 0 
TIME iteration: 323 ms
Round:132
IR: 0, 148, 184, 266, 245
69973 0 53 70009 0 66 70010 0 67 70018 0 79 70028 0 54 70038 0 90 70038 0 91 70038 0 92 70042 0 79 70069 0 79 70095 0 74 70104 0 79 70112 0 75 70113 0 53 70117 0 51 70121 0 52 70161 0 54 70268 0 51 70273 0 52 70286 0 53 70398 0 53 70415 0 64 70415 0 65 70421 0 52 70423 0 78 70435 0 54 70438 0 62 70439 0 63 70441 0 90 70441 0 91 70441 0 92 70447 0 77 70447 0 78 70468 0 72 70469 0 73 70471 0 77 70474 0 78 70476 0 
TIME iteration: 323 ms
Round:133
IR: 37, 326, 155, 280, 15
70498 0 77 70508 0 78 70533 0 77 70535 0 71 70538 0 70 70541 0 53 70544 0 52 70551 0 54 70563 0 90 70563 0 91 70563 0 92 70611 0 51 70656 0 52 70658 0 53 70749 0 54 70805 0 53 70835 0 51 70886 0 52 70891 0 54 70967 0 67 70970 0 66 70972 0 53 70977 0 79 70984 0 64 70984 0 65 70990 0 78 70997 0 51 70999 0 90 70999 0 91 70999 0 92 71001 0 79 71014 0 78 71015 0 
TIME iteration: 324 ms
Round:134
IR: 9, 208, 204, 271, 250
71021 0 73 71022 0 72 71028 0 79 71030 0 75 71031 0 74 71041 0 78 71063 0 79 71075 0 78 71105 0 54 71109 0 53 71128 0 90 71128 0 91 71128 0 92 71151 0 78 71168 0 51 71182 0 52 71237 0 54 71292 0 51 71292 0 53 71310 0 52 71345 0 54 71445 0 53 71447 0 52 71475 0 54 71479 0 62 71480 0 63 71483 0 66 71483 0 67 71487 0 77 71489 0 79 71506 0 90 71506 0 91 71506 0 92 71511 0 77 71513 0 79 71518 0 74 71519 0 75 71520 0 51 71538 0 77 71540 0 79 71543 0 70 71545 0 
TIME iteration: 324 ms
Round:135
IR: 26, 242, 172, 275, 175
71550 0 53 71572 0 77 71574 0 79 71623 0 52 71637 0 90 71637 0 91 71637 0 92 71655 0 54 71663 0 51 71680 0 53 71782 0 52 71794 0 54 71824 0 51 71838 0 53 71920 0 52 71973 0 53 71974 0 51 72001 0 54 72007 0 64 72007 0 65 72015 0 78 72021 0 60 72025 0 61 72031 0 76 72037 0 90 72037 0 91 72037 0 92 72039 0 78 72055 0 76 72065 0 73 72066 0 78 72067 0 
TIME iteration: 323 ms
Round:136
IR: 16, 360, 186, 267, 138
72082 0 76 72084 0 52 72090 0 53 72100 0 78 72110 0 69 72116 0 76 72120 0 68 72165 0 90 72165 0 91 72165 0 92 72175 0 54 72209 0 52 72244 0 51 72245 0 53 72335 0 52 72353 0 53 72380 0 54 72483 0 52 72494 0 51 72521 0 62 72522 0 63 72526 0 53 72529 0 77 72535 0 54 72548 0 64 72549 0 65 72551 0 90 72551 0 91 72551 0 92 72553 0 77 72554 0 78 72578 0 78 72580 0 77 72584 0 71 72585 0 72 72585 0 73 72586 0 70 72605 0 
TIME iteration: 324 ms
Round:137
IR: 27, 361, 201, 218, 191
72614 0 77 72638 0 78 72663 0 52 72674 0 90 72674 0 91 72674 0 92 72686 0 54 72705 0 78 72786 0 51 72829 0 53 72838 0 52 72918 0 51 72925 0 54 72974 0 52 73005 0 53 73040 0 54 73048 0 63 73055 0 62 73057 0 77 73074 0 52 73081 0 77 73081 0 90 73081 0 91 73081 0 92 73088 0 70 73088 0 71 73108 0 
TIME iteration: 322 ms
Round:138
IR: 4, 441, 321, 268, 256
73141 0 77 73144 0 53 73182 0 54 73208 0 77 73219 0 51 73242 0 52 73327 0 53 73402 0 54 73432 0 52 73440 0 51 73472 0 62 73472 0 63 73477 0 77 73496 0 70 73497 0 71 73499 0 90 73499 0 91 73499 0 92 73501 0 77 73519 0 53 73528 0 77 73536 0 54 73561 0 77 73620 0 52 73627 0 77 73638 0 51 73645 0 
TIME iteration: 322 ms
Round:139
IR: 4, 184, 151, 259, 141
73670 0 53 73753 0 51 73774 0 53 73795 0 52 73797 0 54 73822 0 65 73823 0 64 73831 0 78 73839 0 67 73842 0 66 73848 0 90 73848 0 91 73848 0 92 73849 0 79 73855 0 78 73873 0 79 73882 0 78 73892 0 73 73893 0 72 73900 0 79 73917 0 78 73923 0 51 73926 0 74 73927 0 53 73934 0 75 73935 0 79 73936 0 52 73972 0 90 73972 0 91 73972 0 92 73975 0 54 74049 0 52 74091 0 51 74141 0 53 74180 0 52 74196 0 
TIME iteration: 322 ms
Round:140
IR: 6, 186, 228, 255, 213
74277 0 51 74319 0 52 74320 0 53 74336 0 62 74337 0 63 74344 0 77 74366 0 90 74366 0 91 74366 0 92 74368 0 77 74387 0 71 74388 0 70 74395 0 77 74419 0 54 74429 0 77 74432 0 53 74484 0 52 74491 0 51 74561 0 53 74571 0 51 74638 0 52 74643 0 54 74666 0 53 74685 0 64 74685 0 65 74690 0 51 74692 0 78 74695 0 63 74697 0 62 74699 0 60 74699 0 61 74699 0 77 74707 0 76 74710 0 90 74710 0 91 74710 0 92 74716 0 78 74719 0 70 74719 0 71 74722 0 
TIME iteration: 322 ms
Round:141
IR: 47, 218, 188, 260, 141
74731 0 76 74741 0 72 74741 0 73 74743 0 78 74748 0 77 74758 0 76 74777 0 78 74780 0 77 74781 0 54 74789 0 52 74790 0 53 74791 0 51 74792 0 76 74796 0 69 74799 0 68 74825 0 90 74825 0 91 74825 0 92 74834 0 77 74934 0 52 74971 0 53 75005 0 51 75042 0 52 75044 0 54 75121 0 53 75158 0 52 75167 0 62 75167 0 63 75173 0 77 75176 0 51 75192 0 70 75193 0 71 75195 0 90 75195 0 91 75195 0 92 75197 0 77 75216 0 54 75224 0 77 75247 0 53 75254 0 52 75258 0 
TIME iteration: 323 ms
Round:142
IR: 42, 329, 180, 257, 235
75334 0 77 75359 0 52 75386 0 51 75395 0 54 75407 0 53 75491 0 52 75502 0 62 75502 0 63 75506 0 77 75518 0 70 75518 0 71 75522 0 53 75527 0 90 75527 0 91 75527 0 92 75529 0 77 75538 0 51 75546 0 54 75555 0 77 75576 0 52 75585 0 70 75585 0 71 75587 0 77 75642 0 54 75643 0 77 75659 0 51 75695 0 53 75712 0 52 75745 0 54 75754 0 63 75755 0 62 75757 0 77 75772 0 71 75773 0 70 75778 0 90 75778 0 91 75778 0 92 75780 0 
TIME iteration: 323 ms
Round:143
IR: 25, 188, 352, 361, 204
75806 0 77 75838 0 77 75840 0 53 75841 0 71 75846 0 70 75858 0 52 75859 0 54 75891 0 77 75903 0 51 75986 0 54 76006 0 53 76020 0 51 76029 0 52 76058 0 62 76058 0 63 76062 0 77 76081 0 70 76081 0 71 76082 0 90 76082 0 91 76082 0 92 76085 0 77 76111 0 77 76118 0 52 76143 0 77 76159 0 54 76164 0 51 76173 0 53 76199 0 77 76220 0 52 76317 0 53 76319 0 
TIME iteration: 328 ms
Round:144
IR: 27, 227, 316, 257, 165
76415 0 51 76423 0 52 76429 0 53 76439 0 54 76442 0 64 76443 0 65 76451 0 62 76451 0 78 76454 0 63 76456 0 67 76457 0 66 76457 0 77 76465 0 79 76468 0 90 76468 0 91 76468 0 92 76472 0 71 76473 0 70 76475 0 78 76481 0 77 76489 0 79 76502 0 78 76507 0 77 76516 0 79 76526 0 73 76528 0 72 76537 0 78 76540 0 77 76541 0 53 76551 0 79 76552 0 75 76555 0 74 76556 0 71 76563 0 70 76564 0 51 76583 0 90 76583 0 91 76583 0 92 76601 0 77 76623 0 54 76638 0 52 76677 0 53 76776 0 51 76789 0 53 76802 0 52 76842 0 
TIME iteration: 322 ms
Round:145
IR: 56, 188, 160, 283, 166
76920 0 53 76931 0 64 76931 0 65 76936 0 78 76940 0 54 76960 0 78 76960 0 90 76960 0 91 76960 0 92 76966 0 73 76967 0 72 76987 0 78 77016 0 52 77020 0 78 77046 0 51 77052 0 54 77072 0 53 77086 0 78 77106 0 52 77191 0 54 77195 0 51 77273 0 53 77289 0 52 77325 0 54 77328 0 63 77329 0 51 77329 0 62 77333 0 66 77333 0 67 77336 0 77 77341 0 79 77347 0 60 77348 0 61 77354 0 90 77354 0 91 77354 0 92 77356 0 76 77360 0 77 77365 0 
TIME iteration: 324 ms
Round:146
IR: 21, 276, 362, 328, 178
77380 0 76 77385 0 70 77387 0 71 77387 0 77 77390 0 75 77391 0 74 77392 0 79 77407 0 76 77421 0 77 77427 0 79 77440 0 68 77442 0 76 77443 0 69 77461 0 52 77463 0 54 77468 0 53 77469 0 90 77469 0 91 77469 0 92 77502 0 51 77607 0 54 77619 0 51 77661 0 53 77733 0 52 77752 0 54 77800 0 53 77820 0 51 77864 0 60 77866 0 61 77868 0 54 77869 0 67 77870 0 66 77870 0 76 77872 0 65 77874 0 64 77876 0 79 77881 0 78 77892 0 90 77892 0 91 77892 0 92 77894 0 76 77900 0 79 77902 0 69 77904 0 68 77905 0 78 77906 0 75 77907 0 
TIME iteration: 325 ms
Round:147
IR: 41, 200, 192, 261, 149
77914 0 52 77921 0 76 77927 0 72 77927 0 79 77930 0 73 77932 0 78 77935 0 51 77954 0 76 77961 0 79 77966 0 78 77974 0 53 78009 0 54 78009 0 90 78009 0 91 78009 0 92 78020 0 76 78051 0 51 78059 0 52 78123 0 54 78143 0 53 78233 0 51 78248 0 52 78278 0 54 78287 0 53 78357 0 51 78386 0 60 78387 0 61 78393 0 76 78399 0 52 78408 0 53 78412 0 64 78413 0 65 78414 0 54 78416 0 90 78416 0 91 78416 0 92 78417 0 76 78418 0 78 78419 0 69 78420 0 
TIME iteration: 324 ms
Round:148
IR: 14, 214, 186, 249, 167
78442 0 78 78444 0 76 78448 0 73 78450 0 72 78468 0 51 78469 0 78 78478 0 76 78502 0 78 78537 0 54 78540 0 90 78540 0 91 78540 0 92 78559 0 76 78569 0 78 78582 0 51 78584 0 52 78610 0 53 78681 0 51 78693 0 54 78736 0 53 78746 0 52 78832 0 54 78846 0 51 78856 0 52 78860 0 53 78882 0 65 78883 0 64 78888 0 78 78889 0 60 78889 0 61 78892 0 62 78892 0 63 78895 0 76 78900 0 77 78911 0 72 78911 0 73 78911 0 90 78911 0 91 78911 0 92 78912 0 78 78919 0 68 78919 0 69 78919 0 76 78924 0 77 78939 0 78 78946 0 76 78951 0 77 78966 0 
TIME iteration: 323 ms
Round:149
IR: 16, 110, 296, 245, 158
78971 0 71 78972 0 78 78976 0 70 78980 0 76 78981 0 54 78985 0 77 78999 0 51 79005 0 53 79028 0 90 79028 0 91 79028 0 92 79039 0 78 79056 0 76 79113 0 52 79135 0 54 79172 0 51 79204 0 53 79270 0 54 79293 0 52 79340 0 51 79359 0 53 79424 0 52 79437 0 62 79437 0 63 79443 0 77 79445 0 54 79450 0 64 79457 0 65 79459 0 66 79459 0 67 79460 0 78 79461 0 53 79467 0 77 79467 0 90 79467 0 91 79467 0 92 79468 0 79 79476 0 70 79476 0 71 79484 0 78 79488 0 73 79489 0 72 79492 0 79 79494 0 
TIME iteration: 323 ms
Round:150
IR: 2, 197, 294, 524, 284
79511 0 78 79519 0 79 79528 0 77 79532 0 51 79536 0 74 79537 0 75 79545 0 78 79547 0 52 79549 0 53 79554 0 79 79567 0 54 79582 0 90 79582 0 91 79582 0 92 79604 0 77 79607 0 58 79624 0 78 79640 0 53 79645 0 58 79668 0 52 79673 0 86 79673 0 87 79679 0 58 79684 0 51 79711 0 58 79742 0 58 79769 0 53 79770 0 54 79772 0 58 79783 0 52 79783 0 86 79783 0 87 79802 0 58 79806 0 51 79832 0 58 79861 0 58 79890 0 58 79894 0 86 79894 0 87 79914 0 52 79918 0 58 79944 0 53 79946 0 58 79956 0 54 79960 0 51 79973 0 58 79974 0 61 79975 0 60 79982 0 76 79999 0 58 80004 0 86 80004 0 87 80004 0 90 80004 0 91 80004 0 92 80006 0 76 80026 0 
TIME iteration: 325 ms
Round:151
IR: 17, 295, 160, 358, 275
80033 0 76 80036 0 68 80039 0 69 80057 0 58 80067 0 76 80102 0 58 80112 0 52 80114 0 54 80115 0 86 80115 0 87 80140 0 53 80154 0 51 80268 0 51 80284 0 52 80284 0 54 80304 0 60 80304 0 61 80307 0 76 80314 0 53 80326 0 68 80326 0 69 80329 0 90 80329 0 91 80329 0 92 80330 0 76 80356 0 76 80388 0 76 80393 0 51 80442 0 76 80459 0 52 80467 0 54 80486 0 53 80547 0 
TIME iteration: 324 ms
Round:152
IR: 25, 226, 241, 233, 148
80607 0 54 80615 0 52 80636 0 53 80728 0 54 80730 0 51 80732 0 66 80733 0 67 80741 0 79 80744 0 60 80744 0 61 80749 0 76 80759 0 90 80759 0 91 80759 0 92 80765 0 79 80766 0 69 80768 0 68 80773 0 76 80792 0 79 80800 0 76 80805 0 74 80808 0 75 80812 0 53 80827 0 79 80829 0 54 80833 0 76 80850 0 52 80861 0 51 80887 0 90 80887 0 91 80887 0 92 80899 0 76 80946 0 54 80956 0 53 81026 0 52 81051 0 51 81062 0 
TIME iteration: 322 ms
Round:153
IR: 4, 194, 184, 333, 375
81095 0 53 81204 0 51 81245 0 52 81254 0 54 81269 0 53 81283 0 66 81283 0 67 81289 0 79 81296 0 64 81296 0 65 81304 0 78 81313 0 79 81313 0 90 81313 0 91 81313 0 92 81321 0 74 81323 0 75 81328 0 78 81340 0 79 81355 0 78 81373 0 51 81374 0 79 81379 0 54 81381 0 72 81382 0 73 81389 0 78 81421 0 53 81443 0 90 81443 0 91 81443 0 92 81445 0 52 81463 0 79 81503 0 54 81553 0 53 81570 0 52 81597 0 
TIME iteration: 323 ms
Round:154
IR: 42, 368, 209, 208, 97
81649 0 54 81720 0 51 81737 0 52 81757 0 53 81813 0 51 81815 0 54 81819 0 60 81819 0 61 81827 0 76 81841 0 66 81841 0 67 81848 0 79 81849 0 90 81849 0 91 81849 0 92 81851 0 76 81852 0 52 81857 0 53 81872 0 79 81876 0 74 81877 0 75 81878 0 68 81878 0 76 81882 0 69 81899 0 79 81912 0 76 81921 0 54 81933 0 79 81969 0 53 81975 0 90 81975 0 91 81975 0 92 82009 0 51 82022 0 52 82104 0 54 82109 0 53 82135 0 
TIME iteration: 323 ms
Round:155
IR: 107, 200, 283, 497, 329
82226 0 52 82241 0 58 82243 0 53 82281 0 58 82303 0 51 82306 0 86 82306 0 87 82315 0 58 82349 0 58 82351 0 60 82351 0 61 82357 0 76 82381 0 76 82381 0 90 82381 0 91 82381 0 92 82382 0 58 82385 0 52 82387 0 69 82388 0 68 82392 0 54 82393 0 53 82408 0 76 82412 0 58 82418 0 86 82418 0 87 82442 0 58 82442 0 76 82463 0 51 82472 0 58 82502 0 58 82518 0 76 82531 0 58 82531 0 86 82531 0 87 82550 0 52 82560 0 58 82588 0 58 82601 0 53 82610 0 51 82616 0 58 82624 0 54 82643 0 86 82643 0 87 82644 0 58 82672 0 
TIME iteration: 322 ms
Round:156
IR: 14, 90, 169, 453, 134
82700 0 58 82719 0 53 82728 0 58 82730 0 52 82755 0 58 82755 0 86 82755 0 87 82783 0 58 82788 0 51 82791 0 54 82796 0 60 82797 0 61 82802 0 76 82810 0 58 82822 0 69 82824 0 68 82824 0 90 82824 0 91 82824 0 92 82826 0 76 82837 0 58 82853 0 76 82865 0 58 82867 0 86 82867 0 87 82869 0 53 82883 0 52 82886 0 76 82893 0 58 82920 0 58 82922 0 51 82935 0 54 82947 0 58 82953 0 76 82974 0 58 82978 0 86 82978 0 87 83000 0 58 83010 0 51 83017 0 53 83027 0 58 83054 0 58 83081 0 58 83084 0 52 83087 0 86 83087 0 87 83108 0 58 83116 0 51 83117 0 60 83118 0 61 83119 0 54 83122 0 76 83132 0 69 83133 0 68 83135 0 58 83142 0 90 83142 0 91 83142 0 92 83146 0 76 83154 0 53 83163 0 58 83172 0 76 83192 0 58 83197 0 69 83197 0 86 83197 0 87 83200 0 68 83205 0 
TIME iteration: 323 ms
Round:157
IR: 73, 243, 172, 252, 154
83222 0 58 83260 0 54 83265 0 58 83266 0 76 83287 0 52 83302 0 53 83305 0 51 83319 0 86 83319 0 87 83412 0 54 83463 0 52 83468 0 51 83481 0 61 83483 0 60 83487 0 53 83487 0 76 83507 0 90 83507 0 91 83507 0 92 83508 0 69 83509 0 68 83511 0 76 83536 0 54 83538 0 76 83571 0 76 83603 0 52 83618 0 51 83636 0 76 83637 0 53 83715 0 54 83731 0 
TIME iteration: 321 ms
Round:158
IR: 16, 175, 318, 256, 241
83806 0 60 83808 0 53 83811 0 61 83813 0 76 83823 0 69 83824 0 68 83833 0 90 83833 0 91 83833 0 92 83837 0 76 83848 0 52 83861 0 51 83863 0 76 83885 0 69 83889 0 68 83896 0 76 83902 0 54 83957 0 76 83958 0 53 84046 0 53 84049 0 54 84051 0 52 84055 0 51 84146 0 54 84167 0 66 84168 0 67 84176 0 79 84193 0 90 84193 0 91 84193 0 92 84197 0 52 84200 0 79 84206 0 53 84227 0 79 84257 0 74 84261 0 75 84262 0 
TIME iteration: 322 ms
Round:159
IR: 95, 537, 438, 256, 227
84284 0 51 84314 0 54 84337 0 52 84368 0 56 84369 0 53 84404 0 56 84433 0 82 84433 0 83 84436 0 56 84442 0 52 84446 0 54 84454 0 51 84468 0 56 84498 0 56 84513 0 62 84514 0 63 84522 0 77 84529 0 56 84535 0 53 84539 0 90 84539 0 91 84539 0 92 84544 0 82 84544 0 83 84546 0 77 84561 0 56 84573 0 77 84592 0 56 84594 0 54 84608 0 77 84610 0 70 84614 0 71 84617 0 51 84622 0 56 84624 0 52 84651 0 56 84655 0 82 84655 0 83 84661 0 53 84679 0 56 84706 0 56 84732 0 56 84749 0 51 84758 0 56 84764 0 82 84764 0 83 84770 0 54 84785 0 
TIME iteration: 328 ms
Round:160
IR: 38, 354, 308, 376, 48
84801 0 53 84802 0 52 84813 0 56 84848 0 63 84849 0 56 84851 0 62 84853 0 77 84859 0 51 84874 0 71 84874 0 90 84874 0 91 84874 0 92 84875 0 70 84876 0 77 84877 0 82 84877 0 83 84902 0 77 84917 0 52 84934 0 77 84966 0 54 84980 0 53 84989 0 77 85065 0 52 85080 0 54 85085 0 51 85195 0 54 85217 0 66 85217 0 67 85223 0 52 85225 0 79 85241 0 62 85241 0 63 85242 0 90 85242 0 91 85242 0 92 85246 0 77 85249 0 79 85261 0 70 85262 0 71 85270 0 77 85276 0 79 85282 0 74 85283 0 75 85297 0 77 85311 0 
TIME iteration: 322 ms
Round:161
IR: 5, 240, 184, 239, 17
85330 0 77 85339 0 51 85339 0 54 85342 0 53 85351 0 70 85364 0 90 85364 0 91 85364 0 92 85380 0 52 85396 0 77 85448 0 54 85476 0 53 85530 0 51 85553 0 54 85609 0 52 85681 0 51 85709 0 53 85755 0 52 85779 0 54 85790 0 62 85791 0 63 85797 0 77 85799 0 67 85801 0 66 85807 0 79 85820 0 90 85820 0 91 85820 0 92 85821 0 77 85822 0 71 85830 0 70 85831 0 79 85839 0 74 85841 0 75 85848 0 77 85858 0 53 85858 0 
TIME iteration: 323 ms
Round:162
IR: 25, 148, 349, 382, 303
85882 0 77 85883 0 51 85892 0 79 85919 0 52 85951 0 90 85951 0 91 85951 0 92 85958 0 53 85963 0 77 85969 0 54 86065 0 52 86070 0 53 86090 0 51 86118 0 54 86205 0 53 86212 0 51 86223 0 52 86293 0 54 86317 0 53 86318 0 65 86319 0 64 86327 0 78 86348 0 90 86348 0 91 86348 0 92 86351 0 78 86372 0 51 86378 0 78 86389 0 
TIME iteration: 323 ms
Round:163
IR: 2, 205, 194, 471, 263
86394 0 54 86413 0 78 86418 0 72 86420 0 73 86481 0 58 86506 0 51 86515 0 58 86518 0 53 86518 0 54 86544 0 86 86544 0 87 86548 0 58 86579 0 58 86610 0 58 86616 0 51 86642 0 58 86646 0 52 86654 0 86 86654 0 87 86665 0 61 86666 0 60 86674 0 58 86674 0 76 86686 0 54 86691 0 90 86691 0 91 86691 0 92 86696 0 53 86698 0 76 86708 0 58 86725 0 76 86741 0 58 86760 0 76 86762 0 68 86767 0 86 86767 0 87 86768 0 69 86773 0 58 86799 0 52 86801 0 51 86805 0 58 86815 0 53 86835 0 58 86841 0 54 86864 0 58 86877 0 86 86877 0 87 86892 0 
TIME iteration: 323 ms
Round:164
IR: 9, 192, 181, 237, 52
86920 0 58 86930 0 52 86955 0 58 86988 0 51 86992 0 86 86992 0 87 86998 0 54 86999 0 53 87024 0 60 87026 0 61 87027 0 58 87028 0 76 87050 0 90 87050 0 91 87050 0 92 87051 0 76 87052 0 68 87052 0 69 87070 0 52 87077 0 76 87109 0 76 87163 0 76 87174 0 52 87192 0 51 87231 0 54 87286 0 52 87288 0 51 87348 0 60 87351 0 61 87353 0 76 87365 0 68 87365 0 69 87374 0 90 87374 0 91 87374 0 92 87376 0 76 87394 0 51 87402 0 76 87426 0 54 87431 0 68 87431 0 69 87434 0 76 87436 0 
TIME iteration: 322 ms
Round:165
IR: 7, 359, 174, 262, 137
87450 0 53 87489 0 76 87536 0 51 87578 0 52 87600 0 54 87716 0 53 87726 0 52 87728 0 54 87750 0 62 87750 0 63 87756 0 66 87757 0 67 87758 0 77 87765 0 79 87776 0 90 87776 0 91 87776 0 92 87782 0 77 87789 0 79 87807 0 51 87809 0 77 87816 0 79 87834 0 70 87843 0 71 87843 0 77 87844 0 75 87849 0 74 87851 0 79 87861 0 54 87886 0 52 87886 0 53 87905 0 90 87905 0 91 87905 0 
TIME iteration: 322 ms
Round:166
IR: 100, 171, 317, 316, 247
87987 0 54 88062 0 51 88066 0 53 88068 0 52 88094 0 54 88197 0 51 88212 0 53 88247 0 54 88261 0 66 88263 0 67 88268 0 79 88292 0 79 88292 0 90 88292 0 91 88292 0 92 88297 0 75 88300 0 74 88319 0 79 88334 0 52 88353 0 79 88354 0 51 88387 0 53 88475 0 52 88482 0 51 88486 0 
TIME iteration: 323 ms
Round:167
IR: 25, 230, 327, 258, 128
88554 0 53 88584 0 51 88596 0 54 88608 0 60 88608 0 61 88609 0 52 88616 0 76 88633 0 90 88633 0 91 88633 0 92 88640 0 76 88667 0 76 88679 0 68 88680 0 69 88698 0 51 88701 0 76 88728 0 52 88843 0 53 88851 0 52 88875 0 54 88878 0 51 88962 0 60 88964 0 52 88968 0 76 88971 0 61 88973 0 62 88973 0 63 88981 0 77 88982 0 53 88991 0 76 88992 0 68 88992 0 69 88992 0 90 88992 0 91 88992 0 92 89005 0 77 89015 0 51 89017 0 76 89032 0 
TIME iteration: 322 ms
Round:168
IR: 5, 278, 160, 198, 289
89043 0 70 89044 0 71 89048 0 76 89059 0 52 89066 0 77 89098 0 76 89113 0 53 89121 0 90 89121 0 91 89121 0 92 89143 0 51 89161 0 54 89191 0 52 89263 0 53 89294 0 51 89306 0 54 89343 0 52 89420 0 53 89423 0 51 89458 0 54 89470 0 61 89473 0 60 89477 0 76 89500 0 52 89500 0 69 89501 0 68 89501 0 76 89501 0 90 89501 0 91 89501 0 92 89528 0 76 89546 0 51 89561 0 
TIME iteration: 323 ms
Round:169
IR: 8, 202, 242, 242, 139
89599 0 53 89615 0 54 89628 0 76 89645 0 52 89685 0 51 89755 0 54 89781 0 53 89788 0 52 89799 0 51 89815 0 60 89815 0 61 89819 0 76 89832 0 69 89834 0 68 89840 0 90 89840 0 91 89840 0 92 89842 0 76 89868 0 76 89900 0 76 89905 0 69 89913 0 68 89923 0 51 89935 0 54 89956 0 76 89967 0 52 89980 0 53 90056 0 51 90077 0 61 90078 0 60 90081 0 76 90089 0 52 90097 0 68 90098 0 
TIME iteration: 323 ms
Round:170
IR: 61, 160, 152, 361, 259
90101 0 90 90101 0 91 90101 0 92 90104 0 76 90130 0 76 90132 0 54 90153 0 53 90162 0 76 90174 0 68 90193 0 69 90216 0 76 90229 0 52 90265 0 51 90285 0 54 90337 0 53 90418 0 54 90453 0 52 90459 0 66 90461 0 67 90469 0 79 90486 0 90 90486 0 91 90486 0 92 90493 0 79 90496 0 51 90520 0 79 90553 0 75 90555 0 53 90555 0 79 90558 0 74 90595 0 
TIME iteration: 322 ms
Round:171
IR: 37, 230, 164, 251, 169
90633 0 52 90671 0 51 90747 0 52 90758 0 53 90828 0 54 90846 0 51 90871 0 67 90872 0 66 90875 0 52 90876 0 79 90877 0 63 90878 0 62 90886 0 77 90898 0 90 90898 0 91 90898 0 92 90900 0 79 90902 0 74 90902 0 75 90910 0 77 90914 0 53 90926 0 79 90937 0 77 90955 0 51 90959 0 79 90961 0 71 90963 0 70 90972 0 77 90990 0 52 91004 0 54 91026 0 79 91028 0 90 91028 0 91 91028 0 92 91090 0 51 91100 0 53 91143 0 54 91159 0 
TIME iteration: 322 ms
Round:172
IR: 4, 134, 305, 467, 326
91250 0 58 91253 0 51 91257 0 53 91286 0 58 91310 0 54 91315 0 86 91315 0 87 91319 0 58 91351 0 58 91380 0 58 91388 0 52 91392 0 51 91401 0 53 91409 0 58 91416 0 61 91418 0 60 91425 0 76 91426 0 86 91426 0 87 91438 0 58 91447 0 90 91447 0 91 91447 0 92 91449 0 76 91466 0 58 91476 0 76 91491 0 69 91492 0 68 91493 0 58 91499 0 51 91510 0 76 91520 0 58 91521 0 53 91524 0 54 91536 0 86 91536 0 87 91547 0 58 91566 0 52 91574 0 58 91593 0 51 91601 0 58 91629 0 58 91646 0 86 91646 0 87 91650 0 54 91652 0 53 91657 0 58 91680 0 51 91685 0 58 91685 0 60 91685 0 61 91687 0 
TIME iteration: 323 ms
Round:173
IR: 21, 168, 177, 248, 218
91704 0 68 91704 0 69 91709 0 90 91709 0 91 91709 0 92 91710 0 76 91718 0 58 91732 0 52 91736 0 76 91749 0 53 91763 0 86 91763 0 87 91767 0 76 91772 0 58 91780 0 68 91784 0 69 91803 0 54 91818 0 76 91836 0 53 91870 0 51 91901 0 52 91933 0 54 91975 0 53 92031 0 51 92039 0 60 92040 0 61 92044 0 52 92044 0 76 92059 0 54 92065 0 90 92065 0 91 92065 0 92 92067 0 68 92067 0 69 92068 0 76 92094 0 76 92127 0 76 92145 0 53 92147 0 51 92188 0 76 92191 0 
TIME iteration: 322 ms
Round:174
IR: 23, 293, 302, 238, 294
92238 0 54 92292 0 52 92299 0 51 92375 0 54 92400 0 53 92422 0 52 92426 0 63 92427 0 62 92435 0 51 92435 0 77 92438 0 60 92439 0 61 92440 0 66 92440 0 67 92443 0 76 92449 0 79 92452 0 90 92452 0 91 92452 0 92 92459 0 77 92460 0 68 92460 0 69 92467 0 76 92473 0 79 92486 0 77 92493 0 76 92500 0 79 92507 0 70 92509 0 71 92515 0 74 92518 0 75 92521 0 77 92526 0 76 92535 0 79 92553 0 53 92556 0 54 92563 0 51 92567 0 90 92567 0 91 92567 0 92 92587 0 76 92640 0 52 92666 0 53 92708 0 51 92736 0 52 92749 0 
TIME iteration: 322 ms
Round:175
IR: 5, 161, 302, 252, 206
92761 0 53 92817 0 51 92884 0 53 92893 0 52 92894 0 64 92894 0 65 92902 0 78 92918 0 62 92919 0 63 92922 0 61 92922 0 90 92922 0 91 92922 0 92 92924 0 77 92926 0 78 92931 0 51 92934 0 76 92948 0 77 92952 0 71 92953 0 78 92955 0 70 92964 0 76 92975 0 77 92987 0 73 92987 0 78 92988 0 72 93008 0 77 93009 0 76 93015 0 53 93027 0 54 93038 0 90 93038 0 91 93038 0 92 93039 0 52 93075 0 77 93099 0 51 93125 0 53 93139 0 54 93254 0 54 93272 0 
TIME iteration: 328 ms
Round:176
IR: 2, 175, 156, 251, 204
93290 0 52 93321 0 51 93422 0 54 93434 0 66 93434 0 67 93442 0 52 93442 0 79 93464 0 90 93464 0 91 93464 0 92 93466 0 51 93466 0 79 93493 0 79 93495 0 74 93497 0 75 93528 0 79 93572 0 53 93602 0 54 93613 0 52 93688 0 51 93745 0 53 93753 0 52 93755 0 54 93797 0 67 93798 0 66 93801 0 
TIME iteration: 323 ms
Round:177
IR: 2, 279, 301, 252, 121
93823 0 74 93823 0 75 93823 0 90 93823 0 91 93823 0 92 93824 0 79 93844 0 51 93850 0 79 93882 0 79 93893 0 53 93941 0 79 93989 0 51 94004 0 52 94010 0 53 94014 0 54 94132 0 52 94134 0 53 94136 0 51 94153 0 54 94155 0 64 94155 0 65 94163 0 78 94180 0 90 94180 0 91 94180 0 92 94187 0 78 94214 0 78 94228 0 72 94229 0 73 94248 0 78 94254 0 52 94289 0 51 94328 0 
TIME iteration: 322 ms
Round:178
IR: 23, 195, 307, 452, 353
94385 0 54 94427 0 53 94436 0 58 94441 0 51 94456 0 64 94456 0 65 94458 0 78 94474 0 58 94478 0 72 94478 0 73 94480 0 90 94480 0 91 94480 0 92 94481 0 78 94496 0 52 94501 0 86 94501 0 87 94507 0 78 94510 0 58 94523 0 54 94538 0 78 94546 0 58 94562 0 53 94581 0 58 94589 0 78 94613 0 58 94616 0 86 94616 0 87 94629 0 54 94630 0 51 94645 0 58 94646 0 53 94675 0 58 94705 0 58 94709 0 52 94728 0 86 94728 0 87 94734 0 58 94756 0 54 94761 0 53 94762 0 58 94790 0 58 94795 0 67 94796 0 66 94804 0 79 94817 0 58 94820 0 90 94820 0 91 94820 0 92 94826 0 52 94828 0 79 94839 0 86 94839 0 87 94844 0 58 94852 0 74 94853 0 75 94855 0 
TIME iteration: 323 ms
Round:179
IR: 16, 38, 194, 216, 305
94871 0 58 94890 0 79 94896 0 54 94904 0 58 94914 0 51 94926 0 53 94959 0 86 94959 0 87 94960 0 58 94966 0 52 95043 0 53 95053 0 54 95085 0 52 95140 0 51 95176 0 54 95177 0 67 95178 0 66 95182 0 79 95202 0 74 95203 0 52 95203 0 90 95203 0 91 95203 0 92 95204 0 75 95206 0 79 95232 0 79 95255 0 53 95265 0 79 95270 0 51 95330 0 52 95332 0 54 95332 0 
TIME iteration: 323 ms
Round:180
IR: 20, 240, 421, 476, 111
95463 0 53 95463 0 54 95471 0 51 95482 0 58 95517 0 58 95521 0 66 95521 0 67 95522 0 86 95522 0 87 95526 0 79 95537 0 74 95537 0 75 95546 0 90 95546 0 91 95546 0 92 95549 0 58 95550 0 79 95563 0 52 95577 0 79 95580 0 58 95603 0 54 95606 0 74 95607 0 75 95610 0 58 95610 0 79 95635 0 86 95635 0 87 95637 0 51 95640 0 58 95671 0 58 95693 0 79 95700 0 58 95728 0 58 95746 0 86 95746 0 87 95747 0 52 95752 0 51 95756 0 58 95774 0 53 95774 0 54 95785 0 58 95814 0 58 95821 0 67 95822 0 66 95826 0 79 95843 0 58 95844 0 74 95844 0 75 95846 0 90 95846 0 91 95846 0 92 95850 0 79 95856 0 86 95856 0 87 95871 0 58 95876 0 52 95877 0 51 95877 0 79 95899 0 58 95910 0 79 95927 0 
TIME iteration: 322 ms
Round:181
IR: 6, 225, 330, 292, 307
95939 0 54 95940 0 74 95960 0 58 95966 0 86 95966 0 87 95980 0 79 96014 0 51 96017 0 58 96054 0 52 96115 0 86 96115 0 87 96116 0 54 96132 0 53 96137 0 51 96160 0 67 96161 0 66 96165 0 79 96176 0 61 96177 0 75 96179 0 60 96185 0 90 96185 0 91 96185 0 92 96186 0 76 96188 0 74 96189 0 79 96208 0 52 96210 0 76 96215 0 79 96237 0 76 96246 0 75 96248 0 79 96260 0 54 96272 0 76 96278 0 69 96279 0 68 96309 0 90 96309 0 91 96309 0 92 96311 0 79 96320 0 51 96359 0 52 96362 0 53 96370 0 54 96441 0 
TIME iteration: 322 ms
Round:182
IR: 10, 194, 183, 218, 175
96512 0 52 96535 0 54 96557 0 53 96584 0 51 96623 0 52 96641 0 61 96645 0 60 96648 0 76 96655 0 62 96655 0 63 96663 0 54 96663 0 77 96672 0 76 96672 0 90 96672 0 91 96672 0 92 96678 0 69 96679 0 68 96687 0 77 96699 0 76 96714 0 77 96723 0 53 96732 0 76 96745 0 51 96748 0 70 96748 0 77 96750 0 71 96797 0 76 96801 0 90 96801 0 91 96801 0 92 96857 0 54 96878 0 52 96886 0 53 96917 0 
TIME iteration: 322 ms
Round:183
IR: 6, 203, 371, 352, 204
97016 0 53 97052 0 52 97093 0 54 97119 0 53 97137 0 64 97137 0 65 97145 0 78 97166 0 90 97166 0 91 97166 0 92 97169 0 78 97179 0 51 97196 0 78 97206 0 52 97228 0 73 97230 0 78 97238 0 72 97307 0 52 97312 0 53 97352 0 51 97363 0 54 97437 0 53 97459 0 65 97460 0 64 97462 0 78 97484 0 72 97484 0 73 97484 0 90 97484 0 91 97484 0 92 97485 0 78 97497 0 52 97508 0 54 97511 0 
TIME iteration: 323 ms
Round:184
IR: 4, 445, 428, 231, 154
97531 0 53 97543 0 78 97548 0 51 97596 0 78 97621 0 53 97653 0 52 97733 0 54 97747 0 53 97764 0 64 97764 0 65 97767 0 51 97768 0 78 97777 0 72 97777 0 73 97788 0 90 97788 0 91 97788 0 92 97791 0 78 97817 0 78 97837 0 72 97837 0 73 97848 0 52 97849 0 78 97869 0 54 97879 0 53 97905 0 78 97974 0 51 98002 0 54 98032 0 
TIME iteration: 322 ms
Round:185
IR: 6, 184, 206, 261, 167
98050 0 53 98082 0 64 98082 0 65 98086 0 78 98104 0 72 98105 0 73 98106 0 90 98106 0 91 98106 0 92 98109 0 78 98112 0 54 98135 0 78 98167 0 78 98172 0 53 98187 0 51 98223 0 78 98229 0 52 98250 0 54 98294 0 51 98375 0 53 98399 0 54 98400 0 52 98440 0 51 98462 0 60 98462 0 61 98465 0 67 98469 0 66 98470 0 76 98476 0 79 98487 0 90 98487 0 91 98487 0 92 98494 0 76 98500 0 79 98521 0 76 98527 0 79 98546 0 69 98546 0 74 98547 0 54 98549 0 52 98555 0 76 98559 0 68 98559 0 75 98562 0 79 98576 0 51 98577 0 
TIME iteration: 322 ms
Round:186
IR: 23, 200, 269, 270, 21
98616 0 90 98616 0 91 98616 0 92 98707 0 52 98721 0 53 98747 0 51 98803 0 54 98921 0 51 98931 0 54 98933 0 52 99032 0 67 99034 0 66 99037 0 53 99039 0 79 99053 0 54 99063 0 79 99064 0 90 99064 0 91 99064 0 92 99072 0 75 99073 0 74 99090 0 
TIME iteration: 323 ms
Round:187
IR: 23, 162, 334, 440, 238
99113 0 51 99124 0 79 99168 0 54 99196 0 53 99202 0 52 99301 0 51 99325 0 53 99350 0 54 99353 0 52 99410 0 66 99414 0 67 99416 0 79 99434 0 74 99434 0 75 99438 0 90 99438 0 91 99438 0 92 99439 0 79 99453 0 54 99465 0 79 99491 0 52 99497 0 79 99509 0 51 99556 0 79 99570 0 53 99577 0 
TIME iteration: 322 ms
Round:188
IR: 8, 345, 313, 486, 346
99655 0 51 99695 0 52 99697 0 53 99712 0 54 99731 0 58 99747 0 67 99748 0 66 99752 0 79 99763 0 74 99763 0 75 99765 0 58 99772 0 90 99772 0 91 99772 0 92 99776 0 79 99794 0 86 99794 0 87 99796 0 51 99797 0 58 99802 0 79 99815 0 52 99826 0 75 99828 0 74 99832 0 58 99835 0 79 99863 0 53 99864 0 58 99895 0 58 99899 0 54 99903 0 79 99904 0 86 99904 0 87 99927 0 58 99959 0 58 99968 0 52 99978 0 53 99991 0 58 100017 0 86 100017 0 87 100022 0 58 100040 0 54 100049 0 51 100052 0 58 100060 0 66 100060 0 67 100064 0 79 100082 0 58 100083 0 74 100083 0 75 100084 0 90 100084 0 91 100084 0 92 100088 0 79 100092 0 53 100111 0 58 100114 0 79 100128 0 86 100128 0 87 100141 0 51 100141 0 58 100147 0 79 100168 0 
TIME iteration: 323 ms
Round:189
IR: 129, 276, 357, 362, 108
100171 0 58 100201 0 53 100206 0 54 100209 0 79 100211 0 58 100243 0 86 100243 0 87 100271 0 51 100375 0 51 100396 0 60 100396 0 61 100404 0 76 100413 0 54 100421 0 90 100421 0 91 100421 0 92 100428 0 76 100441 0 52 100455 0 76 100474 0 53 100483 0 69 100486 0 68 100489 0 76 100498 0 51 100536 0 54 100606 0 53 100630 0 52 100634 0 51 100639 0 54 100681 0 60 100681 0 61 100683 0 
TIME iteration: 322 ms
Round:190
IR: 60, 154, 204, 247, 133
100702 0 69 100703 0 68 100705 0 90 100705 0 91 100705 0 92 100706 0 76 100732 0 76 100741 0 51 100763 0 76 100766 0 54 100780 0 53 100799 0 69 100814 0 76 100854 0 52 100855 0 51 100963 0 54 100967 0 53 100990 0 52 101045 0 51 101054 0 60 101055 0 61 101059 0 76 101073 0 68 101078 0 53 101080 0 90 101080 0 91 101080 0 92 101083 0 76 101084 0 69 101109 0 76 101113 0 54 101142 0 76 101152 0 68 101176 0 52 101198 0 51 101203 0 
TIME iteration: 322 ms
Round:191
IR: 30, 195, 184, 359, 97
101231 0 53 101296 0 54 101322 0 51 101352 0 60 101352 0 61 101356 0 76 101366 0 69 101374 0 68 101376 0 90 101376 0 91 101376 0 92 101379 0 76 101394 0 53 101402 0 52 101405 0 76 101430 0 69 101437 0 76 101487 0 54 101493 0 76 101521 0 51 101522 0 52 101544 0 53 101663 0 54 101691 0 51 101698 0 52 101726 0 61 101728 0 60 101732 0 76 101742 0 53 101745 0 68 101753 0 90 101753 0 91 101753 0 92 101754 0 69 101756 0 
TIME iteration: 328 ms
Round:192
IR: 21, 185, 157, 252, 274
101783 0 76 101816 0 76 101825 0 54 101826 0 68 101830 0 51 101842 0 52 101881 0 76 101883 0 53 101959 0 54 101971 0 52 101972 0 51 102029 0 60 102029 0 61 102033 0 76 102043 0 69 102050 0 53 102052 0 68 102053 0 90 102053 0 91 102053 0 92 102056 0 76 102082 0 76 102086 0 54 102101 0 52 102103 0 51 102106 0 69 102114 0 76 102170 0 76 102231 0 52 102248 0 53 102273 0 
TIME iteration: 322 ms
Round:193
IR: 3, 126, 483, 478, 114
102305 0 54 102383 0 58 102386 0 53 102394 0 52 102421 0 58 102426 0 62 102426 0 63 102434 0 77 102444 0 65 102445 0 64 102447 0 86 102447 0 87 102452 0 90 102452 0 91 102452 0 92 102453 0 51 102453 0 78 102455 0 58 102458 0 77 102475 0 54 102477 0 78 102485 0 77 102488 0 58 102504 0 78 102518 0 58 102519 0 77 102522 0 70 102525 0 71 102539 0 78 102540 0 72 102541 0 73 102548 0 58 102557 0 86 102557 0 87 102576 0 90 102576 0 91 102576 0 92 102577 0 58 102585 0 52 102605 0 58 102607 0 53 102616 0 51 102632 0 58 102660 0 58 102667 0 86 102667 0 87 102688 0 58 102708 0 54 102716 0 58 102744 0 58 102747 0 53 102764 0 52 102773 0 58 102776 0 51 102778 0 86 102778 0 87 102801 0 
TIME iteration: 322 ms
Round:194
IR: 26, 302, 179, 277, 85
102829 0 58 102866 0 58 102890 0 54 102891 0 86 102891 0 87 102909 0 53 102917 0 51 102955 0 60 102956 0 61 102963 0 76 102985 0 90 102985 0 91 102985 0 92 102987 0 76 103009 0 52 103012 0 68 103014 0 69 103014 0 76 103048 0 76 103060 0 53 103080 0 51 103090 0 54 103170 0 52 103233 0 53 103267 0 51 103277 0 54 103304 0 52 103347 0 
TIME iteration: 322 ms
Round:195
IR: 21, 429, 256, 297, 19
103351 0 60 103353 0 76 103357 0 62 103360 0 63 103366 0 77 103375 0 68 103375 0 69 103375 0 90 103375 0 91 103375 0 92 103376 0 76 103390 0 77 103399 0 54 103402 0 76 103408 0 51 103417 0 71 103417 0 77 103419 0 70 103434 0 76 103436 0 53 103451 0 77 103490 0 76 103503 0 90 103503 0 91 103503 0 92 103550 0 54 103581 0 52 103607 0 51 103627 0 53 103678 0 54 103746 0 52 103756 0 51 103801 0 
TIME iteration: 322 ms
Round:196
IR: 11, 302, 505, 484, 129
103896 0 52 103904 0 54 103912 0 53 103916 0 62 103918 0 63 103920 0 65 103921 0 64 103923 0 77 103929 0 78 103934 0 51 103944 0 90 103944 0 91 103944 0 92 103947 0 77 103953 0 78 103955 0 70 103955 0 71 103969 0 58 103974 0 77 103980 0 78 103998 0 73 104000 0 72 104006 0 58 104008 0 77 104015 0 78 104023 0 86 104023 0 87 104030 0 53 104035 0 51 104041 0 52 104041 0 58 104058 0 54 104073 0 58 104076 0 90 104076 0 91 104076 0 92 104084 0 77 104103 0 58 104124 0 53 104132 0 58 104135 0 86 104135 0 87 104161 0 58 104190 0 58 104219 0 58 104224 0 52 104230 0 53 104248 0 58 104248 0 86 104248 0 87 104250 0 54 104265 0 51 104279 0 58 104310 0 58 104341 0 58 104352 0 53 104359 0 86 104359 0 87 104371 0 58 104387 0 54 104401 0 
TIME iteration: 324 ms
Round:197
IR: 21, 189, 186, 319, 17
104425 0 51 104435 0 58 104469 0 52 104475 0 86 104475 0 87 104479 0 66 104485 0 67 104491 0 79 104496 0 58 104513 0 90 104513 0 91 104513 0 92 104515 0 79 104538 0 53 104542 0 79 104547 0 54 104566 0 51 104574 0 75 104575 0 74 104577 0 79 104655 0 51 104681 0 53 104742 0 54 104755 0 52 104773 0 51 104806 0 60 104806 0 61 104814 0 76 104831 0 90 104831 0 91 104831 0 92 104835 0 53 104838 0 76 104861 0 52 104865 0 76 104880 0 69 104882 0 68 104899 0 76 104917 0 51 104932 0 
TIME iteration: 323 ms
Round:198
IR: 5, 271, 403, 330, 284
104993 0 52 105028 0 53 105032 0 51 105081 0 54 105085 0 61 105086 0 60 105087 0 76 105106 0 68 105106 0 69 105109 0 90 105109 0 91 105109 0 92 105110 0 76 105124 0 52 105136 0 76 105167 0 76 105209 0 68 105217 0 76 105239 0 53 105249 0 52 105253 0 54 105274 0 51 105393 0 51 105411 0 54 105416 0 60 105416 0 61 105420 0 76 105430 0 69 105441 0 90 105441 0 91 105441 0 92 105442 0 68 105443 0 76 105448 0 53 105469 0 
TIME iteration: 322 ms
Round:199
IR: 7, 320, 294, 282, 45
105487 0 52 105494 0 69 105501 0 76 105557 0 76 105585 0 54 105615 0 51 105618 0 53 105633 0 52 105783 0 54 105785 0 53 105839 0 51 105839 0 52 105846 0 64 105848 0 65 105855 0 78 105874 0 90 105874 0 91 105874 0 92 105879 0 78 105906 0 78 105929 0 72 105936 0 53 105937 0 73 105940 0 78 105947 0 
TIME iteration: 322 ms
