Experiment Risk
CUTOFF_IR 0
Config: ./networks/network35.conf, Protocol: ./networks/network35.pro, +100 IR
Round:0
IR: 104, 301, 324, 400, 277
310 0 53 371 0 51 391 0 52 396 0 54 493 0 51 510 0 60 510 0 61 519 0 52 519 0 
TIME iteration: 455 ms
Round:1
IR: 81, 195, 325, 409, 188
536 0 62 538 0 63 543 0 76 546 0 53 546 0 77 551 0 90 551 0 91 551 0 92 570 0 76 570 0 77 596 0 54 597 0 77 605 0 76 630 0 52 632 0 77 661 0 51 683 0 90 683 0 91 683 0 92 695 0 53 773 0 52 807 0 51 823 0 54 858 0 53 952 0 54 959 0 52 1002 0 53 1004 0 
TIME iteration: 322 ms
Round:2
IR: 75, 314, 169, 384, 266
1062 0 65 1063 0 64 1071 0 78 1093 0 90 1093 0 91 1093 0 92 1095 0 78 1102 0 52 1117 0 54 1122 0 78 1157 0 78 1165 0 73 1172 0 53 1176 0 72 1220 0 52 1248 0 51 1271 0 53 1315 0 64 1315 0 65 1317 0 78 1318 0 54 1335 0 72 1335 0 73 1339 0 90 1339 0 91 1339 0 92 1340 0 78 1364 0 52 1366 0 78 1376 0 51 1397 0 78 1419 0 73 1420 0 72 1438 0 53 1448 0 78 1485 0 54 1486 0 52 1513 0 
TIME iteration: 323 ms
Round:3
IR: 111, 305, 264, 291, 175
1609 0 52 1620 0 54 1625 0 53 1645 0 64 1646 0 65 1649 0 78 1660 0 62 1661 0 63 1668 0 77 1670 0 72 1670 0 90 1670 0 91 1670 0 92 1671 0 73 1672 0 78 1692 0 77 1693 0 51 1698 0 78 1717 0 54 1719 0 77 1723 0 70 1725 0 71 1730 0 78 1747 0 53 1753 0 77 1785 0 78 1790 0 52 1795 0 90 1795 0 91 1795 0 92 1823 0 54 1842 0 51 1872 0 53 1929 0 52 1970 0 54 1985 0 53 2038 0 51 2101 0 
TIME iteration: 322 ms
Round:4
IR: 89, 234, 184, 271, 499
2127 0 53 2137 0 51 2145 0 64 2146 0 65 2151 0 78 2166 0 60 2167 0 61 2173 0 72 2174 0 73 2175 0 54 2175 0 76 2175 0 78 2175 0 90 2175 0 91 2175 0 92 2199 0 76 2202 0 78 2225 0 51 2226 0 76 2235 0 78 2238 0 59 2246 0 68 2248 0 69 2261 0 76 2267 0 53 2272 0 59 2273 0 52 2301 0 88 2301 0 89 2301 0 90 2301 0 91 2301 0 92 2302 0 78 2305 0 59 2318 0 54 2335 0 59 2335 0 88 2335 0 89 2356 0 51 2365 0 59 2367 0 88 2367 0 89 2381 0 52 2394 0 59 2397 0 88 2397 0 89 2422 0 59 2426 0 88 2426 0 89 2441 0 53 2449 0 59 2454 0 88 2454 0 89 2458 0 51 2477 0 59 2482 0 88 2482 0 89 2488 0 54 2501 0 52 2505 0 59 2510 0 88 2510 0 89 2533 0 59 2538 0 88 2538 0 89 2558 0 51 2561 0 59 2566 0 88 2566 0 89 2583 0 54 2584 0 61 2585 0 60 2589 0 59 2589 0 76 2594 0 88 2594 0 89 2608 0 52 2611 0 53 2613 0 76 2613 0 90 2613 0 91 2613 0 92 2615 0 68 2615 0 69 2617 0 59 2622 0 88 2622 0 89 2639 0 76 2645 0 
TIME iteration: 325 ms
Round:5
IR: 65, 315, 187, 189, 208
2650 0 88 2650 0 89 2651 0 51 2672 0 76 2679 0 59 2681 0 88 2681 0 89 2691 0 54 2713 0 88 2713 0 89 2714 0 52 2733 0 76 2746 0 53 2751 0 59 2755 0 88 2755 0 89 2797 0 88 2797 0 89 2843 0 54 2845 0 51 2869 0 52 2890 0 53 3019 0 54 3031 0 51 3043 0 52 3051 0 60 3051 0 61 3057 0 76 3078 0 68 3078 0 69 3079 0 90 3079 0 91 3079 0 92 3081 0 76 3082 0 53 3108 0 76 3140 0 52 3142 0 76 3171 0 
TIME iteration: 323 ms
Round:6
IR: 133, 352, 268, 257, 198
3199 0 54 3218 0 76 3245 0 53 3306 0 52 3354 0 54 3357 0 51 3389 0 53 3434 0 52 3453 0 63 3453 0 64 3454 0 62 3454 0 65 3462 0 77 3462 0 78 3477 0 90 3477 0 91 3477 0 92 3486 0 77 3486 0 78 3513 0 77 3513 0 78 3523 0 53 3525 0 72 3526 0 51 3527 0 73 3538 0 71 3541 0 70 3548 0 77 3548 0 78 3556 0 52 3558 0 54 3607 0 90 3607 0 91 3607 0 92 3658 0 54 3667 0 52 3685 0 
TIME iteration: 322 ms
Round:7
IR: 112, 180, 198, 269, 65
3721 0 51 3766 0 54 3802 0 52 3803 0 53 3931 0 51 3957 0 53 3973 0 54 3978 0 64 3978 0 65 3984 0 78 4008 0 78 4008 0 90 4008 0 91 4008 0 92 4015 0 73 4016 0 72 4035 0 78 4044 0 52 4069 0 78 4105 0 54 4107 0 51 4145 0 78 4160 0 
TIME iteration: 323 ms
Round:8
IR: 61, 204, 190, 214, 287
4254 0 54 4259 0 52 4264 0 51 4340 0 53 4397 0 64 4398 0 65 4403 0 78 4410 0 52 4410 0 54 4421 0 67 4422 0 66 4423 0 73 4424 0 72 4424 0 90 4424 0 91 4424 0 92 4427 0 78 4430 0 79 4454 0 78 4454 0 79 4467 0 51 4481 0 79 4487 0 78 4516 0 75 4516 0 79 4517 0 74 4537 0 53 4546 0 90 4546 0 91 4546 0 92 4554 0 52 4554 0 78 4580 0 54 4592 0 51 4678 0 54 4726 0 52 4742 0 
TIME iteration: 322 ms
Round:9
IR: 77, 266, 340, 286, 157
4802 0 53 4858 0 52 4906 0 51 4915 0 53 4920 0 62 4922 0 63 4929 0 77 4937 0 54 4941 0 60 4941 0 61 4949 0 76 4951 0 90 4951 0 91 4951 0 92 4953 0 77 4973 0 76 4980 0 77 4999 0 71 5000 0 76 5002 0 70 5014 0 77 5028 0 69 5029 0 68 5032 0 53 5034 0 76 5077 0 90 5077 0 91 5077 0 92 5083 0 52 5097 0 54 5118 0 51 5143 0 53 5229 0 52 5236 0 51 5243 0 
TIME iteration: 323 ms
Round:10
IR: 39, 199, 119, 190, 139
5301 0 53 5365 0 54 5375 0 51 5391 0 52 5411 0 60 5412 0 61 5416 0 76 5419 0 66 5422 0 67 5429 0 79 5434 0 53 5440 0 76 5440 0 90 5440 0 91 5440 0 92 5446 0 68 5446 0 69 5453 0 79 5466 0 76 5480 0 79 5486 0 74 5487 0 75 5498 0 51 5499 0 76 5515 0 79 5555 0 54 5559 0 52 5560 0 76 5570 0 90 5570 0 91 5570 0 92 5593 0 53 5595 0 51 5724 0 52 5727 0 51 5748 0 53 5820 0 
TIME iteration: 322 ms
Round:11
IR: 87, 123, 162, 531, 344
5853 0 51 5900 0 61 5901 0 60 5906 0 76 5930 0 68 5930 0 69 5930 0 76 5930 0 90 5930 0 91 5930 0 92 5941 0 58 5951 0 54 5953 0 53 5957 0 76 5978 0 58 5990 0 76 6007 0 86 6007 0 87 6011 0 58 6042 0 58 6057 0 76 6064 0 51 6072 0 58 6087 0 52 6101 0 58 6118 0 86 6118 0 87 6130 0 58 6145 0 54 6147 0 53 6159 0 58 6188 0 58 6216 0 58 6223 0 51 6227 0 86 6227 0 87 6244 0 58 6271 0 58 6296 0 60 6299 0 52 6299 0 58 6305 0 61 6306 0 76 6314 0 54 6323 0 68 6323 0 69 6326 0 58 6327 0 90 6327 0 91 6327 0 92 6330 0 76 6336 0 86 6336 0 87 6353 0 58 6357 0 76 6359 0 
TIME iteration: 324 ms
Round:12
IR: 105, 176, 213, 276, 118
6384 0 58 6390 0 76 6431 0 58 6447 0 51 6448 0 86 6448 0 87 6457 0 76 6460 0 54 6472 0 52 6566 0 53 6599 0 52 6602 0 51 6602 0 54 6719 0 54 6721 0 66 6721 0 67 6730 0 79 6748 0 90 6748 0 91 6748 0 92 6754 0 79 6766 0 52 6777 0 51 6780 0 53 6781 0 79 6795 0 75 6796 0 74 6816 0 79 6863 0 54 6880 0 
TIME iteration: 322 ms
Round:13
IR: 123, 324, 167, 301, 220
6894 0 52 6915 0 51 7015 0 51 7017 0 52 7031 0 54 7057 0 61 7059 0 60 7065 0 76 7068 0 53 7068 0 67 7069 0 66 7072 0 79 7076 0 62 7076 0 63 7083 0 90 7083 0 91 7083 0 92 7084 0 77 7089 0 76 7093 0 75 7094 0 74 7095 0 79 7103 0 68 7104 0 69 7108 0 77 7116 0 76 7121 0 79 7135 0 77 7150 0 76 7153 0 79 7163 0 71 7169 0 77 7170 0 70 7183 0 51 7188 0 52 7192 0 53 7197 0 90 7197 0 91 7197 0 92 7210 0 79 7241 0 54 7280 0 51 7309 0 53 7375 0 52 7404 0 51 7415 0 
TIME iteration: 324 ms
Round:14
IR: 84, 417, 480, 392, 135
7439 0 53 7531 0 52 7564 0 54 7589 0 62 7592 0 63 7596 0 77 7598 0 66 7598 0 67 7605 0 79 7619 0 90 7619 0 91 7619 0 92 7620 0 77 7627 0 51 7628 0 70 7628 0 75 7629 0 71 7629 0 74 7629 0 79 7647 0 77 7654 0 53 7656 0 79 7668 0 52 7673 0 54 7680 0 77 7690 0 79 7747 0 77 7750 0 90 7750 0 91 7750 0 92 7822 0 52 7826 0 54 7831 0 51 7885 0 53 7933 0 52 7934 0 
TIME iteration: 324 ms
Round:15
IR: 72, 187, 169, 205, 19
7970 0 51 8036 0 52 8058 0 62 8059 0 63 8064 0 77 8068 0 53 8086 0 71 8087 0 90 8087 0 91 8087 0 92 8088 0 70 8088 0 77 8107 0 54 8115 0 77 8135 0 52 8148 0 77 8167 0 51 8208 0 54 8215 0 77 8249 0 53 8263 0 52 8327 0 54 8353 0 51 8355 0 52 8369 0 62 8369 0 63 8373 0 77 8383 0 71 8384 0 70 8386 0 53 8394 0 90 8394 0 91 8394 0 92 8396 0 77 8422 0 77 8446 0 71 8449 0 70 8454 0 77 8467 0 51 8478 0 
TIME iteration: 332 ms
Round:16
IR: 124, 314, 186, 250, 93
8495 0 54 8510 0 77 8548 0 53 8587 0 51 8608 0 52 8635 0 63 8636 0 62 8639 0 77 8654 0 71 8656 0 54 8656 0 70 8659 0 90 8659 0 91 8659 0 92 8662 0 77 8688 0 77 8720 0 77 8721 0 52 8730 0 53 8730 0 71 8734 0 51 8739 0 70 8774 0 77 8785 0 54 8821 0 52 8847 0 62 8847 0 63 8849 0 77 8863 0 71 8864 0 70 8869 0 51 8869 0 90 8869 0 91 8869 0 92 8872 0 77 8898 0 77 8916 0 54 8928 0 70 8929 0 77 8930 0 71 8938 0 52 8949 0 53 8979 0 77 9009 0 
TIME iteration: 322 ms
Round:17
IR: 83, 178, 312, 370, 128
9049 0 51 9073 0 52 9103 0 62 9104 0 63 9105 0 53 9106 0 77 9115 0 54 9123 0 70 9123 0 71 9126 0 90 9126 0 91 9126 0 92 9129 0 77 9155 0 77 9186 0 51 9187 0 77 9203 0 71 9209 0 70 9228 0 54 9237 0 52 9240 0 77 9270 0 53 9356 0 52 9367 0 51 9368 0 62 9368 0 63 9371 0 77 9389 0 70 9389 0 71 9391 0 90 9391 0 91 9391 0 92 9394 0 77 9420 0 77 9434 0 54 9452 0 77 9481 0 70 9488 0 52 9506 0 77 9528 0 51 9528 0 
TIME iteration: 322 ms
Round:18
IR: 71, 199, 205, 267, 146
9646 0 54 9655 0 52 9672 0 53 9690 0 62 9691 0 63 9694 0 77 9705 0 71 9715 0 51 9715 0 70 9715 0 90 9715 0 91 9715 0 92 9717 0 77 9743 0 77 9771 0 71 9775 0 77 9790 0 53 9800 0 54 9830 0 77 9886 0 51 9896 0 52 9914 0 53 9968 0 54 10026 0 
TIME iteration: 322 ms
Round:19
IR: 112, 234, 224, 252, 151
10086 0 52 10091 0 60 10092 0 61 10095 0 53 10100 0 76 10115 0 64 10115 0 65 10118 0 63 10118 0 90 10118 0 91 10118 0 92 10123 0 78 10124 0 76 10129 0 54 10129 0 77 10144 0 51 10147 0 78 10151 0 76 10159 0 77 10174 0 78 10182 0 68 10186 0 52 10186 0 76 10191 0 69 10203 0 77 10205 0 73 10208 0 78 10213 0 72 10234 0 90 10234 0 91 10234 0 92 10300 0 51 10310 0 52 10321 0 54 10324 0 53 10443 0 54 10484 0 53 10489 0 51 10514 0 
TIME iteration: 322 ms
Round:20
IR: 104, 320, 190, 404, 285
10602 0 53 10613 0 54 10614 0 64 10614 0 65 10619 0 78 10622 0 52 10635 0 66 10635 0 67 10638 0 63 10639 0 62 10643 0 78 10643 0 90 10643 0 91 10643 0 92 10644 0 79 10645 0 77 10650 0 72 10650 0 73 10668 0 79 10669 0 77 10670 0 78 10671 0 70 10674 0 71 10691 0 51 10695 0 79 10696 0 77 10703 0 78 10726 0 74 10726 0 75 10730 0 53 10730 0 77 10730 0 79 10757 0 52 10757 0 90 10757 0 91 10757 0 92 10769 0 78 10802 0 54 10811 0 77 10849 0 51 10880 0 52 10968 0 53 10986 0 54 11000 0 51 11043 0 52 11099 0 51 11107 0 53 11114 0 60 11115 0 61 11122 0 
TIME iteration: 324 ms
Round:21
IR: 20, 239, 313, 273, 273
11142 0 54 11143 0 90 11143 0 91 11143 0 92 11146 0 76 11173 0 76 11181 0 68 11182 0 52 11182 0 69 11192 0 51 11207 0 76 11220 0 53 11322 0 52 11351 0 53 11359 0 54 11405 0 51 11523 0 54 11551 0 53 11566 0 52 11571 0 64 11573 0 65 11577 0 67 11580 0 78 11583 0 66 11588 0 79 11599 0 90 11599 0 91 11599 0 92 11604 0 78 11612 0 79 11631 0 72 11631 0 78 11632 0 73 11639 0 79 11640 0 74 11641 0 
TIME iteration: 324 ms
Round:22
IR: 15, 199, 205, 246, 106
11665 0 78 11673 0 79 11682 0 52 11685 0 54 11710 0 53 11729 0 90 11729 0 91 11729 0 92 11737 0 51 11786 0 52 11809 0 54 11812 0 53 11930 0 53 11967 0 51 11982 0 54 12035 0 52 12043 0 53 12055 0 64 12055 0 65 12060 0 78 12084 0 78 12084 0 90 12084 0 91 12084 0 92 12087 0 72 12088 0 73 12111 0 78 12134 0 54 12144 0 78 12158 0 51 12165 0 
TIME iteration: 323 ms
Round:23
IR: 100, 204, 269, 471, 304
12210 0 78 12237 0 52 12289 0 58 12292 0 53 12304 0 51 12306 0 54 12325 0 58 12354 0 86 12354 0 87 12359 0 58 12391 0 58 12402 0 53 12421 0 58 12451 0 58 12460 0 51 12464 0 86 12464 0 87 12479 0 52 12480 0 58 12482 0 60 12482 0 61 12490 0 76 12492 0 54 12509 0 90 12509 0 91 12509 0 92 12510 0 58 12514 0 76 12538 0 58 12541 0 76 12548 0 53 12559 0 68 12563 0 69 12566 0 58 12573 0 86 12573 0 87 12575 0 76 12594 0 58 12599 0 51 12621 0 52 12622 0 58 12650 0 58 12680 0 54 12680 0 58 12684 0 86 12684 0 87 12690 0 53 12709 0 58 12717 0 
TIME iteration: 324 ms
Round:24
IR: 66, 196, 281, 465, 306
12737 0 58 12758 0 52 12764 0 60 12764 0 61 12766 0 58 12766 0 76 12784 0 68 12785 0 69 12788 0 90 12788 0 91 12788 0 92 12789 0 76 12795 0 58 12796 0 86 12796 0 87 12815 0 76 12824 0 58 12836 0 53 12846 0 76 12853 0 58 12866 0 51 12867 0 68 12872 0 69 12882 0 58 12893 0 54 12897 0 76 12908 0 86 12908 0 87 12909 0 52 12911 0 58 12939 0 58 12967 0 58 12995 0 58 12999 0 53 13020 0 86 13020 0 87 13022 0 58 13027 0 52 13029 0 51 13048 0 58 13053 0 60 13053 0 61 13056 0 76 13069 0 54 13075 0 58 13075 0 68 13076 0 69 13077 0 90 13077 0 91 13077 0 92 13079 0 76 13102 0 53 13102 0 58 13105 0 76 13129 0 58 13131 0 86 13131 0 87 13137 0 76 13156 0 58 13166 0 52 13183 0 54 13183 0 58 13191 0 76 13211 0 58 13213 0 53 13239 0 58 13242 0 86 13242 0 
TIME iteration: 323 ms
Round:25
IR: 98, 202, 166, 391, 187
13260 0 51 13270 0 58 13294 0 52 13315 0 58 13323 0 54 13341 0 53 13362 0 86 13362 0 87 13403 0 51 13418 0 52 13444 0 53 13452 0 61 13454 0 60 13458 0 76 13473 0 69 13474 0 68 13479 0 90 13479 0 91 13479 0 92 13482 0 76 13490 0 54 13509 0 76 13542 0 76 13549 0 52 13557 0 69 13564 0 51 13568 0 68 13607 0 76 13649 0 53 13663 0 51 13663 0 54 13682 0 60 13683 0 61 13685 0 76 13694 0 52 13701 0 69 13702 0 68 13705 0 90 13705 0 91 13705 0 92 13708 0 76 13734 0 76 13765 0 76 13775 0 69 13777 0 
TIME iteration: 322 ms
Round:26
IR: 67, 291, 403, 402, 257
13782 0 53 13789 0 51 13790 0 54 13816 0 76 13836 0 52 13910 0 51 13929 0 60 13929 0 61 13932 0 76 13947 0 68 13947 0 69 13952 0 53 13952 0 90 13952 0 91 13952 0 92 13955 0 76 13981 0 76 13996 0 52 13998 0 54 14013 0 76 14018 0 68 14018 0 69 14066 0 76 14093 0 52 14105 0 53 14111 0 54 14117 0 51 14187 0 52 14192 0 54 14227 0 63 14228 0 62 14229 0 66 14230 0 53 14231 0 67 14236 0 77 14239 0 79 14251 0 90 14251 0 91 14251 0 92 14260 0 77 14263 0 79 14287 0 77 14290 0 79 14294 0 
TIME iteration: 322 ms
Round:27
IR: 61, 49, 201, 401, 263
14314 0 54 14321 0 75 14322 0 52 14322 0 71 14322 0 77 14325 0 70 14325 0 79 14326 0 74 14376 0 53 14380 0 90 14380 0 91 14380 0 92 14461 0 54 14508 0 53 14533 0 52 14535 0 51 14613 0 54 14658 0 53 14700 0 52 14730 0 51 14777 0 53 14780 0 64 14780 0 65 14788 0 78 14810 0 90 14810 0 91 14810 0 92 14812 0 78 14815 0 52 14824 0 54 14839 0 
TIME iteration: 323 ms
Round:28
IR: 35, 196, 220, 263, 18
14868 0 72 14870 0 73 14873 0 78 14874 0 51 14968 0 52 15001 0 54 15006 0 51 15006 0 53 15116 0 52 15121 0 51 15125 0 53 15143 0 60 15144 0 61 15144 0 64 15144 0 65 15147 0 78 15152 0 76 15167 0 90 15167 0 91 15167 0 92 15170 0 78 15171 0 72 15171 0 73 15173 0 54 15176 0 76 15196 0 78 15203 0 76 15219 0 68 15219 0 69 15228 0 78 15238 0 76 15263 0 51 15274 0 53 15280 0 52 15282 0 78 15297 0 90 15297 0 91 15297 0 92 15303 0 
TIME iteration: 323 ms
Round:29
IR: 80, 133, 180, 278, 440
15393 0 52 15409 0 51 15414 0 54 15435 0 53 15509 0 52 15537 0 54 15550 0 51 15630 0 53 15662 0 54 15665 0 66 15665 0 67 15674 0 79 15676 0 52 15689 0 62 15689 0 63 15695 0 90 15695 0 91 15695 0 92 15697 0 77 15698 0 79 15714 0 51 15721 0 77 15725 0 79 15741 0 74 15744 0 75 15748 0 77 15751 0 53 15760 0 79 15765 0 70 15768 0 71 15775 0 52 15782 0 77 15820 0 90 15820 0 91 15820 0 92 15859 0 54 15873 0 51 15879 0 
TIME iteration: 322 ms
Round:30
IR: 74, 162, 179, 240, 50
15906 0 52 15961 0 51 15984 0 54 16029 0 53 16059 0 51 16084 0 52 16098 0 61 16099 0 60 16106 0 76 16127 0 90 16127 0 91 16127 0 92 16130 0 76 16148 0 51 16157 0 68 16157 0 76 16159 0 69 16191 0 76 16192 0 53 16202 0 54 16218 0 52 16298 0 51 16341 0 53 16364 0 54 16384 0 
TIME iteration: 322 ms
Round:31
IR: 78, 145, 182, 282, 143
16449 0 53 16471 0 64 16472 0 65 16480 0 78 16497 0 90 16497 0 91 16497 0 92 16504 0 78 16525 0 52 16531 0 78 16541 0 73 16543 0 72 16557 0 54 16566 0 78 16590 0 51 16623 0 52 16654 0 53 16742 0 54 16758 0 52 16779 0 51 16814 0 62 16816 0 63 16823 0 77 16840 0 90 16840 0 91 16840 0 92 16847 0 77 16874 0 77 16877 0 53 16883 0 71 16884 0 70 16888 0 54 16900 0 52 16908 0 77 16950 0 
TIME iteration: 329 ms
Round:32
IR: 37, 167, 153, 267, 185
17024 0 52 17028 0 53 17045 0 54 17132 0 51 17133 0 54 17162 0 66 17162 0 67 17171 0 79 17178 0 53 17187 0 90 17187 0 91 17187 0 92 17195 0 52 17195 0 79 17222 0 79 17240 0 74 17240 0 75 17257 0 79 17304 0 54 17308 0 53 17327 0 51 17330 0 52 17402 0 53 17434 0 51 17469 0 
TIME iteration: 322 ms
Round:33
IR: 74, 181, 195, 303, 473
17503 0 54 17535 0 62 17538 0 63 17540 0 53 17543 0 64 17543 0 66 17543 0 77 17544 0 65 17547 0 67 17549 0 79 17551 0 78 17562 0 90 17562 0 91 17562 0 92 17567 0 77 17568 0 51 17571 0 75 17572 0 74 17573 0 79 17575 0 78 17583 0 71 17585 0 70 17594 0 77 17599 0 79 17602 0 78 17605 0 52 17607 0 59 17608 0 72 17608 0 73 17628 0 77 17632 0 79 17636 0 78 17638 0 54 17643 0 59 17672 0 88 17672 0 89 17675 0 59 17678 0 90 17678 0 91 17678 0 92 17698 0 79 17700 0 51 17706 0 88 17706 0 89 17707 0 59 17709 0 77 17738 0 59 17739 0 88 17739 0 89 17760 0 52 17767 0 59 17770 0 88 17770 0 89 17784 0 54 17795 0 59 17799 0 88 17799 0 89 17810 0 53 17823 0 59 17828 0 88 17828 0 89 17851 0 59 17856 0 88 17856 0 89 17863 0 51 17879 0 59 17884 0 88 17884 0 89 17885 0 52 17907 0 59 17912 0 88 17912 0 89 17936 0 59 17941 0 88 17941 0 89 17965 0 59 17970 0 54 17970 0 88 17970 0 89 17977 0 53 17993 0 51 17993 0 59 17998 0 88 17998 0 
TIME iteration: 324 ms
Round:34
IR: 104, 326, 505, 506, 113
18020 0 52 18021 0 59 18026 0 88 18026 0 89 18042 0 60 18042 0 61 18050 0 76 18058 0 59 18058 0 88 18058 0 89 18071 0 90 18071 0 91 18071 0 92 18074 0 76 18089 0 54 18090 0 88 18090 0 89 18101 0 76 18110 0 58 18126 0 69 18127 0 53 18129 0 68 18135 0 76 18141 0 88 18141 0 89 18145 0 58 18150 0 52 18172 0 54 18174 0 86 18174 0 87 18177 0 58 18208 0 58 18240 0 58 18271 0 54 18271 0 58 18276 0 51 18276 0 53 18285 0 86 18285 0 87 18302 0 58 18327 0 52 18333 0 58 18363 0 58 18389 0 54 18392 0 58 18396 0 86 18396 0 87 18398 0 51 18421 0 58 18423 0 60 18423 0 61 18427 0 76 18449 0 58 18449 0 90 18449 0 91 18449 0 92 18450 0 68 18450 0 76 18452 0 69 18476 0 58 18476 0 76 18492 0 53 18505 0 58 18506 0 51 18508 0 76 18508 0 86 18508 0 87 18534 0 
TIME iteration: 324 ms
Round:35
IR: 76, 304, 285, 294, 89
18564 0 76 18565 0 58 18585 0 54 18605 0 52 18611 0 58 18620 0 51 18620 0 86 18620 0 87 18658 0 53 18745 0 52 18767 0 54 18783 0 51 18797 0 61 18798 0 60 18802 0 76 18817 0 68 18818 0 69 18823 0 90 18823 0 91 18823 0 92 18826 0 76 18852 0 53 18852 0 76 18865 0 52 18885 0 76 18888 0 54 18890 0 51 18906 0 69 18909 0 68 18946 0 76 19000 0 54 19026 0 53 19067 0 
TIME iteration: 322 ms
Round:36
IR: 101, 313, 140, 219, 313
19096 0 54 19116 0 66 19118 0 67 19126 0 79 19142 0 90 19142 0 91 19142 0 92 19149 0 51 19150 0 79 19160 0 53 19177 0 79 19197 0 75 19198 0 74 19211 0 54 19212 0 79 19225 0 52 19290 0 53 19314 0 51 19332 0 54 19382 0 52 19388 0 66 19390 0 67 19391 0 79 19409 0 74 19409 0 75 19412 0 90 19412 0 91 19412 0 92 19414 0 79 19440 0 79 19471 0 79 19481 0 54 19486 0 53 19494 0 74 19499 0 52 19507 0 75 19516 0 51 19524 0 
TIME iteration: 322 ms
Round:37
IR: 78, 153, 188, 279, 155
19613 0 54 19632 0 53 19634 0 52 19636 0 66 19636 0 67 19639 0 79 19655 0 74 19656 0 75 19659 0 90 19659 0 91 19659 0 92 19662 0 79 19679 0 51 19688 0 79 19720 0 79 19731 0 74 19741 0 75 19745 0 54 19777 0 79 19781 0 52 19886 0 53 19906 0 52 19924 0 51 19927 0 54 19948 0 66 19948 0 67 19952 0 79 19972 0 74 19972 0 90 19972 0 91 19972 0 92 19973 0 75 19975 0 79 20001 0 79 20004 0 52 20034 0 79 20086 0 54 20096 0 79 20128 0 52 20132 0 
TIME iteration: 322 ms
Round:38
IR: 76, 81, 227, 460, 524
20184 0 54 20190 0 53 20236 0 58 20253 0 59 20259 0 67 20264 0 66 20266 0 79 20273 0 58 20275 0 74 20276 0 75 20277 0 54 20286 0 90 20286 0 91 20286 0 92 20288 0 59 20290 0 79 20296 0 86 20296 0 87 20306 0 58 20314 0 88 20314 0 89 20316 0 79 20322 0 59 20326 0 52 20333 0 51 20336 0 74 20337 0 58 20338 0 75 20347 0 88 20347 0 89 20349 0 79 20356 0 59 20367 0 58 20378 0 88 20378 0 89 20388 0 59 20397 0 58 20402 0 54 20406 0 86 20406 0 87 20408 0 88 20408 0 89 20415 0 79 20418 0 59 20427 0 58 20438 0 88 20438 0 89 20448 0 53 20448 0 59 20457 0 58 20467 0 88 20467 0 89 20471 0 52 20477 0 51 20478 0 59 20487 0 58 20496 0 88 20496 0 89 20507 0 59 20517 0 54 20517 0 58 20519 0 86 20519 0 87 20525 0 88 20525 0 89 20536 0 59 20547 0 58 20554 0 88 20554 0 89 20566 0 59 20577 0 58 20582 0 88 20582 0 89 20595 0 59 20607 0 58 20608 0 53 20610 0 88 20610 0 89 20611 0 52 20623 0 59 20627 0 54 20631 0 86 20631 0 87 20636 0 58 20638 0 88 20638 0 89 20644 0 51 20652 0 59 20665 0 58 20666 0 88 20666 0 
TIME iteration: 324 ms
Round:39
IR: 83, 255, 442, 364, 197
20679 0 60 20680 0 61 20682 0 59 20688 0 76 20694 0 88 20694 0 89 20699 0 58 20706 0 90 20706 0 91 20706 0 92 20712 0 76 20727 0 59 20728 0 88 20728 0 89 20739 0 76 20742 0 53 20749 0 54 20750 0 86 20750 0 87 20762 0 88 20762 0 89 20764 0 58 20768 0 68 20768 0 69 20774 0 76 20816 0 52 20825 0 88 20825 0 89 20845 0 51 20908 0 53 20929 0 54 20976 0 51 21005 0 61 21006 0 60 21008 0 76 21013 0 52 21029 0 68 21030 0 69 21030 0 90 21030 0 91 21030 0 92 21031 0 76 21037 0 53 21057 0 76 21082 0 54 21086 0 51 21089 0 76 21142 0 76 21172 0 53 21176 0 
TIME iteration: 322 ms
Round:40
IR: 76, 112, 182, 427, 283
21217 0 54 21218 0 51 21291 0 53 21292 0 52 21360 0 65 21361 0 64 21369 0 78 21386 0 90 21386 0 91 21386 0 92 21393 0 78 21408 0 53 21411 0 51 21418 0 54 21420 0 78 21446 0 52 21455 0 78 21457 0 73 21467 0 72 21561 0 51 21583 0 53 21590 0 52 21628 0 54 21719 0 53 21724 0 64 21724 0 65 21727 0 
TIME iteration: 322 ms
Round:41
IR: 75, 399, 356, 320, 193
21745 0 51 21749 0 90 21749 0 91 21749 0 92 21750 0 72 21750 0 78 21751 0 52 21751 0 73 21770 0 54 21776 0 78 21808 0 78 21819 0 53 21862 0 78 21894 0 54 21924 0 53 21941 0 52 22021 0 53 22027 0 64 22027 0 65 22031 0 78 22040 0 73 22041 0 72 22051 0 90 22051 0 91 22051 0 92 22054 0 78 22065 0 51 22080 0 78 22089 0 52 22102 0 73 22103 0 54 22104 0 72 22112 0 78 22133 0 53 22168 0 78 22243 0 53 22244 0 
TIME iteration: 322 ms
Round:42
IR: 96, 148, 197, 281, 211
22269 0 64 22269 0 65 22272 0 78 22287 0 72 22287 0 73 22288 0 54 22290 0 51 22292 0 90 22292 0 91 22292 0 92 22295 0 78 22321 0 78 22353 0 78 22360 0 72 22363 0 73 22374 0 52 22391 0 54 22406 0 78 22453 0 51 22489 0 52 22502 0 53 22505 0 54 22609 0 51 22620 0 53 22628 0 64 22628 0 65 22632 0 78 22653 0 90 22653 0 91 22653 0 92 22655 0 72 22655 0 73 22655 0 78 22660 0 54 22669 0 52 22681 0 78 22713 0 78 22741 0 53 22769 0 78 22771 0 51 22772 0 
TIME iteration: 322 ms
Round:43
IR: 77, 188, 335, 364, 123
22797 0 52 22828 0 53 22908 0 54 22948 0 53 22950 0 64 22950 0 65 22954 0 78 22965 0 72 22966 0 73 22975 0 90 22975 0 91 22975 0 92 22977 0 78 22994 0 52 23003 0 78 23014 0 51 23032 0 72 23034 0 73 23035 0 78 23046 0 54 23091 0 78 23124 0 53 23164 0 51 23172 0 54 23195 0 52 23274 0 54 23292 0 66 23293 0 67 23302 0 53 23302 0 79 23317 0 64 23317 0 65 23317 0 90 23317 0 91 23317 0 
TIME iteration: 322 ms
Round:44
IR: 77, 210, 309, 406, 232
23321 0 78 23326 0 79 23327 0 52 23343 0 72 23344 0 78 23345 0 73 23352 0 51 23353 0 79 23370 0 78 23384 0 75 23388 0 79 23390 0 74 23402 0 78 23403 0 54 23433 0 52 23438 0 90 23438 0 91 23438 0 92 23458 0 78 23470 0 53 23530 0 54 23556 0 51 23595 0 53 23621 0 52 23637 0 54 23718 0 51 23742 0 53 23788 0 52 23789 0 65 23790 0 64 23792 0 54 23795 0 78 23803 0 66 23804 0 67 23809 0 79 23815 0 51 23816 0 72 23817 0 73 23819 0 78 23819 0 90 23819 0 91 23819 0 92 23833 0 79 23840 0 74 23842 0 75 23846 0 
TIME iteration: 323 ms
Round:45
IR: 51, 201, 170, 231, 261
23860 0 79 23877 0 53 23879 0 78 23891 0 52 23893 0 79 23919 0 54 23937 0 51 23946 0 78 23948 0 90 23948 0 91 23948 0 92 23968 0 79 24011 0 53 24050 0 52 24080 0 51 24136 0 53 24151 0 54 24171 0 52 24257 0 51 24278 0 52 24281 0 54 24288 0 53 24290 0 62 24290 0 63 24298 0 77 24314 0 64 24315 0 65 24319 0 90 24319 0 91 24319 0 92 24321 0 78 24322 0 77 24344 0 72 24345 0 73 24345 0 78 24349 0 77 24372 0 78 24378 0 
TIME iteration: 323 ms
Round:46
IR: 77, 196, 188, 295, 255
24383 0 77 24385 0 70 24390 0 71 24406 0 78 24410 0 52 24443 0 90 24443 0 91 24443 0 92 24451 0 53 24487 0 78 24536 0 52 24549 0 54 24589 0 51 24596 0 53 24702 0 51 24711 0 52 24761 0 54 24788 0 53 24803 0 51 24812 0 60 24812 0 61 24820 0 76 24842 0 90 24842 0 91 24842 0 92 24844 0 76 24871 0 76 24885 0 52 24905 0 76 24906 0 
TIME iteration: 323 ms
Round:47
IR: 117, 346, 345, 301, 253
24915 0 68 24916 0 53 24916 0 54 24962 0 51 25050 0 54 25143 0 53 25165 0 52 25213 0 54 25221 0 51 25234 0 66 25235 0 67 25243 0 79 25261 0 90 25261 0 91 25261 0 92 25267 0 79 25293 0 52 25294 0 79 25302 0 53 25310 0 74 25310 0 75 25329 0 79 25395 0 54 25419 0 
TIME iteration: 361 ms
Round:48
IR: 83, 361, 352, 301, 222
25482 0 51 25483 0 53 25524 0 54 25557 0 66 25558 0 67 25561 0 79 25580 0 75 25581 0 74 25582 0 90 25582 0 91 25582 0 92 25583 0 52 25584 0 79 25610 0 79 25612 0 53 25641 0 54 25642 0 79 25654 0 51 25699 0 79 25735 0 53 25751 0 52 25774 0 54 25835 0 53 25876 0 54 25879 0 65 25880 0 64 25882 0 52 25884 0 51 25887 0 67 25888 0 66 25888 0 78 25892 0 79 25902 0 74 25902 0 75 25904 0 90 25904 0 91 25904 0 92 25912 0 78 25916 0 79 25936 0 53 25939 0 78 25943 0 79 25958 0 72 25960 0 73 25966 0 74 25966 0 
TIME iteration: 322 ms
Round:49
IR: 87, 216, 195, 411, 260
25974 0 78 25976 0 79 26002 0 52 26009 0 54 26031 0 90 26031 0 91 26031 0 92 26045 0 79 26055 0 53 26146 0 52 26159 0 51 26164 0 54 26223 0 53 26276 0 52 26290 0 54 26294 0 51 26355 0 53 26394 0 64 26394 0 65 26399 0 78 26422 0 51 26423 0 78 26424 0 90 26424 0 91 26424 0 92 26431 0 73 26432 0 72 26437 0 52 26445 0 54 26450 0 78 26483 0 78 26496 0 
TIME iteration: 323 ms
Round:50
IR: 121, 211, 204, 273, 130
26549 0 78 26562 0 52 26590 0 51 26668 0 53 26704 0 54 26720 0 51 26783 0 60 26785 0 61 26792 0 76 26810 0 90 26810 0 91 26810 0 92 26816 0 76 26831 0 51 26843 0 53 26843 0 76 26852 0 52 26872 0 54 26872 0 69 26877 0 76 26878 0 68 26978 0 54 27005 0 
TIME iteration: 323 ms
Round:51
IR: 103, 383, 336, 292, 145
27055 0 53 27070 0 52 27112 0 54 27139 0 66 27140 0 67 27148 0 79 27155 0 51 27163 0 60 27163 0 61 27165 0 90 27165 0 91 27165 0 92 27167 0 76 27172 0 79 27190 0 76 27191 0 69 27192 0 68 27199 0 79 27210 0 74 27214 0 75 27216 0 76 27234 0 79 27248 0 76 27264 0 54 27285 0 52 27287 0 90 27287 0 91 27287 0 92 27304 0 76 27307 0 51 27404 0 52 27409 0 53 27432 0 51 27458 0 
TIME iteration: 322 ms
Round:52
IR: 354, 479, 389, 340, 225
27569 0 51 27583 0 52 27617 0 53 27629 0 60 27629 0 61 27635 0 76 27655 0 68 27655 0 69 27658 0 90 27658 0 91 27658 0 92 27659 0 76 27670 0 54 27686 0 76 27690 0 51 27697 0 52 27720 0 76 27796 0 76 27823 0 53 27900 0 51 27928 0 54 27941 0 53 28006 0 52 28062 0 53 28063 0 64 28064 0 65 28072 0 78 28077 0 
TIME iteration: 323 ms
Round:53
IR: 241, 770, 196, 288, 109
28091 0 90 28091 0 91 28091 0 92 28096 0 51 28096 0 78 28123 0 78 28148 0 72 28148 0 73 28157 0 52 28158 0 78 28187 0 56 28207 0 54 28211 0 53 28224 0 51 28225 0 56 28253 0 82 28253 0 83 28259 0 56 28293 0 52 28293 0 56 28301 0 53 28314 0 54 28320 0 51 28325 0 56 28356 0 56 28364 0 82 28364 0 83 28386 0 56 28405 0 54 28415 0 56 28444 0 52 28444 0 56 28449 0 51 28450 0 53 28467 0 62 28469 0 63 28473 0 56 28476 0 77 28476 0 82 28476 0 83 28494 0 90 28494 0 91 28494 0 92 28500 0 77 28503 0 56 28527 0 77 28533 0 56 28559 0 52 28561 0 77 28562 0 56 28563 0 71 28564 0 70 28574 0 51 28588 0 82 28588 0 83 28591 0 56 28597 0 
TIME iteration: 324 ms
Round:54
IR: 267, 756, 439, 304, 160
28620 0 56 28648 0 54 28649 0 56 28678 0 56 28695 0 51 28699 0 82 28699 0 83 28706 0 56 28710 0 52 28734 0 56 28759 0 53 28762 0 56 28762 0 63 28763 0 62 28765 0 77 28777 0 54 28783 0 70 28784 0 71 28787 0 90 28787 0 91 28787 0 92 28788 0 77 28789 0 56 28810 0 82 28810 0 83 28814 0 77 28816 0 56 28838 0 51 28844 0 56 28846 0 77 28850 0 52 28873 0 56 28875 0 70 28899 0 77 28901 0 56 28921 0 82 28921 0 83 28928 0 56 28934 0 53 28946 0 54 28950 0 52 28955 0 56 28982 0 56 29008 0 51 29009 0 56 29023 0 62 29025 0 63 29027 0 77 29032 0 82 29032 0 83 29033 0 71 29037 0 56 29045 0 70 29046 0 52 29047 0 90 29047 0 91 29047 0 92 29050 0 77 29063 0 53 29065 0 56 29071 0 54 29076 0 77 29086 0 71 29093 0 56 29108 0 77 29121 0 56 29127 0 51 29133 0 70 29143 0 82 29143 0 83 29149 0 
TIME iteration: 324 ms
Round:55
IR: 150, 395, 381, 404, 128
29162 0 77 29185 0 56 29195 0 53 29197 0 54 29198 0 52 29245 0 51 29281 0 56 29282 0 82 29282 0 83 29305 0 53 29312 0 52 29318 0 62 29318 0 63 29321 0 77 29338 0 71 29340 0 70 29342 0 90 29342 0 91 29342 0 92 29344 0 77 29370 0 77 29373 0 51 29389 0 54 29402 0 77 29426 0 71 29436 0 70 29456 0 77 29490 0 53 29491 0 52 29499 0 54 29525 0 51 29614 0 54 29628 0 52 29632 0 62 29633 0 63 29636 0 77 29654 0 66 29656 0 67 29657 0 70 29657 0 71 29657 0 90 29657 0 91 29657 0 92 29659 0 77 29664 0 
TIME iteration: 322 ms
Round:56
IR: 503, 521, 277, 163, 167
29685 0 77 29688 0 79 29715 0 79 29717 0 77 29746 0 74 29746 0 75 29750 0 79 29757 0 53 29760 0 56 29772 0 77 29779 0 90 29779 0 91 29779 0 92 29786 0 51 29789 0 54 29798 0 56 29802 0 82 29802 0 83 29809 0 52 29833 0 56 29867 0 56 29897 0 52 29899 0 56 29901 0 51 29913 0 53 29913 0 82 29913 0 83 29920 0 54 29929 0 56 29958 0 56 29986 0 56 30008 0 52 30013 0 56 30019 0 51 30022 0 82 30022 0 83 30040 0 56 30067 0 56 30076 0 62 30081 0 63 30084 0 77 30092 0 53 30094 0 56 30102 0 71 30103 0 70 30107 0 90 30107 0 91 30107 0 92 30108 0 77 30120 0 52 30120 0 56 30131 0 82 30131 0 83 30135 0 77 30147 0 56 30167 0 54 30168 0 77 30171 0 51 30175 0 56 30203 0 
TIME iteration: 322 ms
Round:57
IR: 96, 359, 328, 461, 150
30235 0 56 30235 0 77 30241 0 82 30241 0 83 30249 0 52 30285 0 51 30285 0 56 30306 0 58 30313 0 53 30340 0 58 30369 0 86 30369 0 87 30373 0 58 30399 0 51 30401 0 82 30401 0 83 30404 0 58 30409 0 52 30434 0 58 30464 0 58 30480 0 86 30480 0 87 30491 0 54 30494 0 58 30509 0 51 30509 0 53 30524 0 58 30552 0 58 30567 0 52 30581 0 58 30589 0 86 30589 0 87 30610 0 58 30640 0 58 30647 0 51 30669 0 58 30698 0 58 30701 0 86 30701 0 87 30725 0 54 30727 0 
TIME iteration: 322 ms
Round:58
IR: 238, 452, 186, 270, 281
30743 0 53 30759 0 58 30768 0 52 30801 0 51 30808 0 60 30808 0 61 30810 0 58 30816 0 76 30816 0 86 30816 0 87 30840 0 76 30840 0 90 30840 0 91 30840 0 92 30846 0 54 30867 0 76 30897 0 69 30901 0 68 30901 0 76 30927 0 53 30962 0 54 30967 0 52 31045 0 51 31096 0 54 31100 0 52 31139 0 53 31174 0 66 31176 0 67 31180 0 51 31184 0 79 31201 0 60 31201 0 61 31201 0 90 31201 0 91 31201 0 92 31205 0 76 31208 0 79 31228 0 76 31230 0 68 31231 0 69 31235 0 79 31250 0 53 31254 0 76 31255 0 75 31260 0 
TIME iteration: 322 ms
Round:59
IR: 137, 188, 178, 262, 129
31270 0 54 31270 0 79 31286 0 76 31287 0 52 31304 0 51 31322 0 90 31322 0 91 31322 0 92 31342 0 76 31390 0 54 31395 0 52 31403 0 51 31448 0 53 31532 0 54 31565 0 52 31608 0 51 31618 0 54 31636 0 67 31637 0 66 31642 0 79 31665 0 90 31665 0 91 31665 0 92 31666 0 79 31669 0 75 31672 0 74 31673 0 53 31693 0 79 31727 0 79 31742 0 
TIME iteration: 322 ms
Round:60
IR: 95, 327, 178, 310, 118
31818 0 53 31826 0 52 31844 0 54 31860 0 51 31919 0 53 31978 0 52 31984 0 64 31984 0 65 31992 0 78 32009 0 90 32009 0 91 32009 0 92 32016 0 54 32016 0 78 32043 0 78 32051 0 51 32065 0 53 32077 0 72 32077 0 78 32084 0 73 32094 0 52 32189 0 52 32189 0 54 32211 0 51 32296 0 53 32298 0 52 32310 0 62 32311 0 63 32319 0 
TIME iteration: 323 ms
Round:61
IR: 107, 175, 192, 248, 209
32335 0 90 32335 0 91 32335 0 92 32343 0 51 32343 0 77 32370 0 77 32399 0 71 32403 0 70 32405 0 77 32429 0 52 32487 0 53 32499 0 54 32548 0 52 32578 0 51 32582 0 62 32582 0 63 32584 0 77 32603 0 70 32603 0 71 32605 0 90 32605 0 91 32605 0 92 32607 0 77 32633 0 77 32664 0 77 32676 0 54 32686 0 70 32702 0 52 32704 0 53 32715 0 77 32803 0 54 32805 0 51 32820 0 52 32858 0 62 32858 0 
TIME iteration: 322 ms
Round:62
IR: 82, 144, 162, 311, 68
32861 0 77 32868 0 71 32877 0 53 32879 0 70 32881 0 90 32881 0 91 32881 0 92 32884 0 77 32905 0 51 32910 0 77 32924 0 71 32942 0 77 32943 0 54 32972 0 70 32980 0 52 32996 0 77 33032 0 53 33105 0 51 33170 0 52 33177 0 54 33192 0 53 33195 0 62 33195 0 63 33197 0 51 33199 0 77 33218 0 71 33220 0 90 33220 0 91 33220 0 92 33221 0 70 33222 0 77 33248 0 77 33280 0 77 33284 0 52 33313 0 51 33336 0 77 33355 0 
TIME iteration: 322 ms
Round:63
IR: 73, 190, 206, 382, 272
33419 0 53 33431 0 51 33450 0 54 33471 0 52 33539 0 51 33547 0 60 33548 0 61 33556 0 76 33560 0 53 33573 0 90 33573 0 91 33573 0 92 33580 0 76 33581 0 54 33607 0 76 33622 0 52 33640 0 69 33642 0 76 33644 0 68 33684 0 53 33703 0 51 33746 0 54 33792 0 52 33814 0 53 33898 0 
TIME iteration: 322 ms
Round:64
IR: 94, 157, 192, 273, 186
33927 0 60 33928 0 61 33931 0 76 33934 0 53 33938 0 64 33939 0 65 33945 0 54 33947 0 78 33953 0 90 33953 0 91 33953 0 92 33954 0 76 33955 0 69 33956 0 68 33971 0 78 33980 0 76 33989 0 52 33998 0 78 34012 0 76 34026 0 72 34027 0 73 34033 0 78 34067 0 76 34080 0 90 34080 0 91 34080 0 92 34105 0 51 34108 0 52 34119 0 54 34172 0 53 34221 0 52 34258 0 51 34289 0 54 34312 0 53 34331 0 52 34380 0 51 34385 0 63 34387 0 62 34394 0 77 34414 0 53 34415 0 90 34415 0 91 34415 0 92 34418 0 77 34429 0 54 34439 0 52 34445 0 
TIME iteration: 322 ms
Round:65
IR: 110, 336, 172, 263, 182
34451 0 70 34456 0 71 34479 0 77 34500 0 51 34559 0 53 34574 0 52 34642 0 51 34682 0 52 34695 0 62 34696 0 63 34698 0 77 34708 0 53 34717 0 71 34718 0 70 34720 0 90 34720 0 91 34720 0 92 34721 0 77 34735 0 54 34747 0 77 34779 0 77 34832 0 77 34842 0 52 34863 0 51 34870 0 53 34955 0 54 34973 0 
TIME iteration: 323 ms
Round:66
IR: 74, 148, 174, 197, 351
35023 0 52 35058 0 64 35062 0 65 35066 0 54 35068 0 78 35069 0 51 35085 0 90 35085 0 91 35085 0 92 35092 0 78 35119 0 78 35126 0 72 35128 0 73 35153 0 78 35158 0 53 35208 0 51 35227 0 54 35277 0 52 35332 0 51 35363 0 53 35404 0 54 35414 0 
TIME iteration: 321 ms
Round:67
IR: 79, 187, 211, 212, 49
35518 0 53 35521 0 65 35522 0 64 35526 0 78 35528 0 52 35529 0 62 35529 0 63 35536 0 77 35545 0 54 35547 0 66 35548 0 67 35549 0 90 35549 0 91 35549 0 92 35550 0 78 35554 0 73 35555 0 72 35556 0 79 35560 0 77 35565 0 51 35576 0 71 35576 0 78 35578 0 70 35580 0 79 35587 0 77 35607 0 79 35609 0 78 35621 0 77 35632 0 53 35642 0 79 35643 0 75 35645 0 74 35663 0 90 35663 0 91 35663 0 92 35664 0 52 35670 0 78 35682 0 51 35732 0 54 35788 0 53 35851 0 52 35852 0 54 35922 0 51 35935 0 53 35958 0 52 36015 0 63 36016 0 62 36021 0 77 36038 0 
TIME iteration: 322 ms
Round:68
IR: 93, 133, 195, 288, 169
36044 0 90 36044 0 91 36044 0 92 36045 0 77 36048 0 70 36049 0 71 36050 0 51 36072 0 77 36105 0 77 36106 0 52 36142 0 53 36161 0 54 36172 0 77 36249 0 52 36253 0 51 36267 0 54 36305 0 53 36389 0 52 36399 0 54 36400 0 62 36400 0 63 36402 0 66 36403 0 67 36405 0 77 36410 0 79 36421 0 70 36421 0 71 36424 0 90 36424 0 91 36424 0 92 36429 0 77 36430 0 53 36434 0 79 36456 0 77 36459 0 74 36459 0 75 36461 0 79 36489 0 77 36495 0 79 36509 0 71 36521 0 51 36529 0 52 36554 0 77 36554 0 90 36554 0 91 36554 0 92 36563 0 
TIME iteration: 324 ms
Round:69
IR: 89, 186, 174, 257, 199
36570 0 54 36690 0 53 36715 0 51 36739 0 52 36788 0 54 36815 0 53 36834 0 51 36899 0 52 36903 0 64 36904 0 65 36912 0 78 36932 0 54 36933 0 90 36933 0 91 36933 0 92 36936 0 78 36950 0 51 36963 0 78 36976 0 53 36976 0 72 36978 0 73 36998 0 78 37045 0 52 37077 0 54 37096 0 
TIME iteration: 322 ms
Round:70
IR: 126, 307, 180, 361, 258
37169 0 52 37212 0 54 37216 0 51 37248 0 53 37264 0 60 37267 0 61 37274 0 76 37291 0 52 37291 0 66 37291 0 90 37291 0 91 37291 0 92 37298 0 76 37309 0 79 37325 0 76 37341 0 79 37355 0 69 37360 0 54 37360 0 68 37360 0 76 37399 0 79 37415 0 51 37428 0 90 37428 0 91 37428 0 92 37451 0 52 37494 0 53 37534 0 54 37588 0 
TIME iteration: 322 ms
Round:71
IR: 78, 215, 174, 428, 491
37634 0 51 37651 0 53 37658 0 54 37743 0 52 37748 0 59 37761 0 51 37772 0 53 37786 0 59 37798 0 64 37799 0 65 37800 0 63 37802 0 62 37806 0 78 37809 0 77 37814 0 88 37814 0 89 37819 0 61 37821 0 59 37821 0 60 37825 0 90 37825 0 91 37825 0 92 37826 0 76 37830 0 78 37833 0 77 37847 0 88 37847 0 89 37850 0 76 37854 0 59 37857 0 78 37858 0 72 37858 0 73 37860 0 69 37860 0 77 37861 0 68 37871 0 53 37875 0 70 37877 0 76 37879 0 88 37879 0 89 37880 0 71 37885 0 59 37890 0 52 37891 0 78 37894 0 77 37910 0 88 37910 0 89 37911 0 76 37915 0 54 37917 0 59 37940 0 90 37940 0 91 37940 0 92 37941 0 88 37941 0 89 37947 0 59 37971 0 88 37971 0 89 37972 0 53 37976 0 59 37987 0 76 38001 0 88 38001 0 89 38006 0 59 38029 0 51 38031 0 52 38031 0 88 38031 0 89 38036 0 59 38038 0 54 38061 0 88 38061 0 89 38065 0 59 38091 0 88 38091 0 89 38094 0 59 38106 0 53 38121 0 88 38121 0 89 38122 0 59 38143 0 52 38150 0 59 38151 0 88 38151 0 
TIME iteration: 325 ms
Round:72
IR: 61, 292, 240, 279, 95
38181 0 59 38182 0 88 38182 0 89 38214 0 88 38214 0 89 38222 0 54 38228 0 51 38230 0 59 38244 0 88 38244 0 89 38280 0 52 38286 0 88 38286 0 89 38289 0 53 38332 0 65 38333 0 64 38338 0 78 38362 0 78 38362 0 90 38362 0 91 38362 0 92 38368 0 72 38369 0 73 38377 0 54 38379 0 51 38387 0 52 38389 0 78 38422 0 78 38457 0 53 38489 0 78 38506 0 54 38533 0 52 38535 0 51 38635 0 53 38639 0 
TIME iteration: 323 ms
Round:73
IR: 88, 197, 287, 385, 186
38741 0 54 38743 0 66 38744 0 67 38753 0 79 38770 0 52 38770 0 90 38770 0 91 38770 0 92 38777 0 79 38804 0 79 38825 0 75 38826 0 51 38826 0 53 38826 0 74 38833 0 54 38839 0 79 38936 0 54 38940 0 52 38958 0 51 38993 0 67 38994 0 66 38995 0 79 39011 0 74 39012 0 75 39017 0 90 39017 0 91 39017 0 92 39018 0 79 39044 0 79 39054 0 53 39068 0 51 39075 0 79 39082 0 74 39089 0 75 39104 0 54 39126 0 79 39143 0 52 39206 0 
TIME iteration: 322 ms
Round:74
IR: 86, 236, 315, 396, 131
39276 0 53 39276 0 54 39291 0 52 39303 0 66 39303 0 67 39307 0 79 39326 0 74 39326 0 75 39327 0 90 39327 0 91 39327 0 92 39330 0 79 39356 0 79 39381 0 54 39388 0 79 39401 0 51 39407 0 52 39446 0 79 39468 0 53 39546 0 52 39556 0 51 39651 0 54 39659 0 51 39671 0 52 39678 0 60 39678 0 61 39684 0 63 39685 0 62 39686 0 76 39693 0 77 39702 0 53 39704 0 90 39704 0 91 39704 0 92 39710 0 76 39717 0 77 39737 0 76 39744 0 
TIME iteration: 322 ms
Round:75
IR: 117, 282, 179, 283, 93
39760 0 69 39761 0 68 39767 0 70 39771 0 76 39774 0 71 39776 0 51 39779 0 77 39796 0 52 39805 0 54 39833 0 90 39833 0 91 39833 0 92 39840 0 53 39921 0 51 39930 0 54 39959 0 52 40086 0 51 40119 0 54 40171 0 53 40231 0 51 40236 0 52 40244 0 61 40245 0 60 40250 0 76 40274 0 76 40275 0 90 40275 0 91 40275 0 
TIME iteration: 322 ms
Round:76
IR: 91, 204, 287, 400, 49
40285 0 69 40286 0 68 40301 0 76 40332 0 54 40334 0 76 40340 0 51 40347 0 53 40359 0 52 40401 0 76 40476 0 51 40494 0 52 40525 0 54 40527 0 53 40614 0 51 40615 0 52 40621 0 60 40621 0 61 40626 0 76 40629 0 62 40629 0 63 40637 0 77 40643 0 69 40644 0 68 40647 0 90 40647 0 91 40647 0 92 40650 0 76 40661 0 77 40677 0 76 40686 0 53 40688 0 70 40688 0 77 40693 0 71 40697 0 54 40710 0 76 40713 0 51 40722 0 77 40756 0 52 40775 0 76 40776 0 90 40776 0 91 40776 0 92 40803 0 
TIME iteration: 323 ms
Round:77
IR: 77, 160, 159, 325, 189
40862 0 51 40863 0 54 40937 0 52 40957 0 53 40958 0 51 41030 0 54 41100 0 52 41113 0 53 41160 0 65 41161 0 64 41169 0 78 41175 0 51 41191 0 90 41191 0 91 41191 0 92 41193 0 78 41200 0 54 41220 0 78 41251 0 53 41255 0 73 41255 0 78 41258 0 72 41277 0 52 41339 0 
TIME iteration: 323 ms
Round:78
IR: 74, 179, 200, 309, 271
41348 0 54 41444 0 53 41464 0 54 41466 0 52 41483 0 51 41519 0 64 41521 0 65 41523 0 67 41523 0 78 41524 0 66 41532 0 79 41545 0 90 41545 0 91 41545 0 92 41546 0 78 41547 0 73 41548 0 72 41556 0 79 41559 0 54 41572 0 78 41583 0 53 41583 0 79 41597 0 51 41604 0 78 41613 0 74 41613 0 75 41618 0 79 41634 0 52 41658 0 78 41675 0 90 41675 0 91 41675 0 92 41708 0 53 41713 0 54 41747 0 51 41798 0 52 41818 0 
TIME iteration: 322 ms
Round:79
IR: 36, 200, 216, 259, 168
41874 0 54 41927 0 53 41941 0 51 41942 0 52 41973 0 64 41975 0 65 41979 0 78 41999 0 72 41999 0 73 42003 0 78 42003 0 90 42003 0 91 42003 0 92 42006 0 54 42030 0 78 42048 0 53 42063 0 78 42118 0 52 42129 0 78 42158 0 54 42160 0 53 42249 0 51 42275 0 54 42282 0 53 42298 0 52 42300 0 65 42301 0 64 42305 0 78 42315 0 72 42315 0 73 42325 0 90 42325 0 91 42325 0 92 42329 0 78 42355 0 78 42379 0 73 42380 0 72 42388 0 
TIME iteration: 323 ms
Round:80
IR: 97, 322, 332, 260, 36
42417 0 52 42420 0 53 42437 0 51 42449 0 78 42545 0 53 42549 0 51 42564 0 52 42569 0 65 42570 0 64 42573 0 78 42587 0 54 42589 0 72 42589 0 73 42593 0 90 42593 0 91 42593 0 92 42596 0 78 42622 0 78 42654 0 78 42662 0 72 42673 0 73 42678 0 51 42680 0 53 42708 0 78 42737 0 52 42792 0 54 42815 0 51 42855 0 52 42857 0 53 42878 0 64 42880 0 65 42883 0 78 42902 0 72 42903 0 73 42903 0 90 42903 0 91 42903 0 92 42906 0 
TIME iteration: 322 ms
Round:81
IR: 48, 299, 346, 260, 188
42932 0 78 42950 0 54 42964 0 78 42981 0 52 42990 0 53 43006 0 51 43020 0 78 43117 0 52 43162 0 53 43164 0 51 43178 0 54 43283 0 51 43294 0 52 43294 0 61 43295 0 60 43303 0 76 43312 0 62 43313 0 63 43321 0 77 43321 0 90 43321 0 91 43321 0 92 43325 0 53 43327 0 76 43345 0 77 43347 0 54 43354 0 76 43372 0 77 43387 0 69 43389 0 68 43389 0 76 43407 0 70 43407 0 77 43408 0 71 43446 0 51 43446 0 90 43446 0 91 43446 0 
TIME iteration: 322 ms
Round:82
IR: 5, 192, 200, 323, 109
43469 0 54 43481 0 52 43492 0 53 43574 0 51 43620 0 54 43662 0 53 43688 0 51 43716 0 52 43773 0 61 43783 0 60 43783 0 76 43799 0 53 43807 0 76 43807 0 90 43807 0 91 43807 0 92 43813 0 69 43814 0 68 43833 0 76 43834 0 51 43835 0 52 43866 0 76 43928 0 76 43930 0 54 43936 0 51 43960 0 
TIME iteration: 323 ms
Round:83
IR: 109, 330, 317, 449, 248
43991 0 53 44065 0 51 44073 0 52 44094 0 60 44095 0 61 44098 0 76 44111 0 68 44111 0 69 44117 0 62 44117 0 63 44118 0 54 44119 0 90 44119 0 91 44119 0 92 44121 0 76 44124 0 77 44126 0 53 44147 0 76 44148 0 77 44172 0 70 44172 0 71 44175 0 77 44179 0 76 44180 0 69 44181 0 68 44209 0 77 44225 0 51 44234 0 76 44241 0 90 44241 0 91 44241 0 92 44255 0 52 44283 0 54 44299 0 53 44373 0 51 44416 0 52 44418 0 53 44418 0 54 44472 0 
TIME iteration: 322 ms
Round:84
IR: 83, 306, 231, 238, 190
44524 0 53 44555 0 65 44556 0 64 44564 0 78 44568 0 61 44580 0 76 44584 0 90 44584 0 91 44584 0 92 44588 0 78 44592 0 54 44606 0 51 44610 0 76 44615 0 78 44620 0 52 44634 0 73 44635 0 72 44650 0 78 44655 0 76 44683 0 53 44739 0 90 44739 0 91 44739 0 92 44755 0 51 44800 0 54 44832 0 53 44889 0 51 44905 0 52 44950 0 53 45015 0 54 45040 0 
TIME iteration: 323 ms
Round:85
IR: 40, 329, 336, 430, 254
45096 0 52 45104 0 60 45106 0 61 45111 0 76 45135 0 76 45135 0 90 45135 0 91 45135 0 92 45143 0 68 45143 0 69 45149 0 53 45160 0 51 45162 0 76 45196 0 76 45209 0 54 45272 0 76 45346 0 52 45374 0 54 45394 0 53 45446 0 51 45508 0 52 45543 0 53 45554 0 54 45578 0 66 45578 0 
TIME iteration: 322 ms
Round:86
IR: 84, 478, 387, 157, 245
45582 0 65 45583 0 64 45587 0 79 45588 0 62 45588 0 63 45590 0 78 45596 0 77 45604 0 90 45604 0 91 45604 0 92 45611 0 79 45614 0 78 45620 0 77 45634 0 52 45638 0 79 45641 0 78 45646 0 72 45646 0 73 45647 0 77 45666 0 54 45666 0 70 45668 0 71 45669 0 75 45673 0 79 45675 0 74 45675 0 78 45678 0 53 45681 0 77 45721 0 90 45721 0 91 45721 0 92 45754 0 51 45787 0 54 45806 0 53 45877 0 52 45914 0 54 45923 0 51 45953 0 53 46026 0 54 46043 0 67 46044 0 66 46049 0 79 46072 0 90 46072 0 91 46072 0 92 46073 0 79 46078 0 75 46079 0 74 46080 0 51 46096 0 53 46100 0 79 46105 0 
TIME iteration: 322 ms
Round:87
IR: 44, 359, 274, 306, 274
46134 0 79 46153 0 54 46233 0 52 46245 0 53 46279 0 51 46363 0 54 46407 0 53 46442 0 51 46454 0 64 46456 0 65 46462 0 78 46482 0 90 46482 0 91 46482 0 92 46486 0 78 46509 0 54 46509 0 73 46511 0 72 46513 0 78 46543 0 52 46547 0 78 46569 0 
TIME iteration: 323 ms
Round:88
IR: 50, 356, 383, 516, 425
46641 0 54 46653 0 51 46719 0 52 46737 0 58 46751 0 53 46757 0 54 46774 0 58 46801 0 66 46802 0 67 46803 0 86 46803 0 87 46807 0 58 46809 0 79 46827 0 90 46827 0 91 46827 0 92 46833 0 79 46838 0 51 46840 0 58 46848 0 52 46848 0 75 46849 0 74 46860 0 79 46871 0 58 46895 0 79 46897 0 53 46897 0 54 46903 0 58 46913 0 86 46913 0 87 46935 0 58 46965 0 58 46992 0 51 46993 0 54 46994 0 58 47024 0 58 47026 0 52 47026 0 86 47026 0 87 47036 0 53 47053 0 58 47081 0 58 47110 0 58 47113 0 54 47118 0 66 47118 0 67 47121 0 79 47137 0 53 47137 0 75 47138 0 74 47139 0 58 47139 0 86 47139 0 87 47142 0 90 47142 0 91 47142 0 92 47144 0 79 47147 0 51 47168 0 
TIME iteration: 323 ms
Round:89
IR: 73, 360, 330, 304, 202
47170 0 79 47202 0 79 47204 0 58 47208 0 52 47214 0 75 47218 0 74 47258 0 79 47260 0 86 47260 0 87 47264 0 53 47271 0 54 47324 0 52 47345 0 51 47372 0 54 47380 0 67 47381 0 66 47384 0 79 47401 0 74 47401 0 75 47404 0 90 47404 0 91 47404 0 92 47407 0 53 47407 0 79 47433 0 79 47453 0 51 47465 0 79 47467 0 52 47487 0 74 47489 0 75 47511 0 53 47521 0 79 47522 0 54 47633 0 51 47640 0 
TIME iteration: 322 ms
Round:90
IR: 98, 359, 404, 244, 261
47702 0 54 47704 0 52 47713 0 67 47714 0 66 47718 0 79 47738 0 90 47738 0 91 47738 0 92 47740 0 53 47740 0 74 47740 0 75 47742 0 79 47768 0 79 47801 0 79 47832 0 52 47860 0 53 47866 0 79 47868 0 54 47996 0 52 47998 0 53 48064 0 54 48086 0 65 48093 0 64 48098 0 78 48115 0 90 48115 0 91 48115 0 92 48121 0 53 48122 0 78 48149 0 78 48151 0 51 48167 0 73 48168 0 72 48183 0 78 48206 0 54 48209 0 53 48218 0 
TIME iteration: 322 ms
Round:91
IR: 76, 398, 415, 417, 348
48310 0 54 48322 0 51 48362 0 52 48392 0 53 48409 0 54 48421 0 67 48422 0 66 48424 0 65 48425 0 64 48427 0 78 48429 0 79 48446 0 90 48446 0 91 48446 0 92 48449 0 72 48449 0 73 48450 0 78 48453 0 79 48455 0 51 48464 0 75 48465 0 74 48476 0 78 48480 0 79 48508 0 78 48514 0 79 48521 0 54 48542 0 53 48561 0 78 48576 0 90 48576 0 91 48576 0 92 48589 0 51 48603 0 52 48675 0 54 48713 0 
TIME iteration: 323 ms
Round:92
IR: 63, 316, 289, 406, 234
48773 0 51 48775 0 52 48838 0 54 48868 0 53 48905 0 52 48950 0 62 48953 0 63 48960 0 77 48969 0 51 48982 0 90 48982 0 91 48982 0 92 48984 0 53 48984 0 77 49011 0 77 49046 0 77 49051 0 71 49054 0 70 49059 0 52 49060 0 54 49125 0 53 49145 0 51 49243 0 54 49244 0 51 49266 0 
TIME iteration: 323 ms
Round:93
IR: 67, 236, 255, 293, 201
49322 0 60 49323 0 61 49328 0 52 49331 0 76 49338 0 65 49340 0 64 49347 0 78 49348 0 90 49348 0 91 49348 0 92 49350 0 51 49355 0 76 49362 0 54 49371 0 78 49380 0 53 49382 0 76 49393 0 72 49393 0 73 49398 0 78 49413 0 69 49417 0 76 49419 0 68 49432 0 78 49473 0 90 49473 0 91 49473 0 92 49480 0 51 49515 0 53 49518 0 54 49524 0 52 49585 0 51 49626 0 53 49627 0 52 49675 0 54 49724 0 51 49729 0 53 49764 0 54 49766 0 64 49766 0 65 49770 0 78 49775 0 52 49793 0 78 49794 0 72 49794 0 73 49794 0 90 49794 0 91 49794 0 92 49819 0 
TIME iteration: 322 ms
Round:94
IR: 80, 210, 208, 277, 193
49850 0 53 49851 0 78 49902 0 51 49907 0 78 49979 0 52 50036 0 51 50042 0 53 50063 0 54 50097 0 52 50167 0 63 50169 0 62 50171 0 51 50176 0 77 50182 0 60 50183 0 61 50190 0 76 50194 0 90 50194 0 91 50194 0 92 50200 0 77 50214 0 76 50227 0 77 50236 0 71 50239 0 68 50239 0 69 50240 0 70 50241 0 76 50251 0 53 50251 0 54 50261 0 77 50275 0 76 50278 0 52 50291 0 51 50320 0 90 50320 0 91 50320 0 
TIME iteration: 323 ms
Round:95
IR: 83, 196, 216, 153, 159
50378 0 54 50411 0 51 50411 0 52 50436 0 53 50487 0 54 50555 0 51 50599 0 52 50624 0 54 50654 0 66 50655 0 67 50657 0 53 50663 0 79 50684 0 90 50684 0 91 50684 0 92 50687 0 79 50704 0 52 50714 0 79 50742 0 75 50748 0 74 50749 0 79 50763 0 51 50791 0 53 50792 0 54 50812 0 
TIME iteration: 329 ms
Round:96
IR: 101, 331, 402, 425, 194
50883 0 51 50896 0 54 50906 0 52 50930 0 66 50931 0 67 50933 0 79 50950 0 75 50952 0 74 50954 0 90 50954 0 91 50954 0 92 50956 0 79 50981 0 53 50982 0 79 51014 0 79 51029 0 54 51030 0 75 51064 0 52 51068 0 51 51069 0 79 51132 0 53 51226 0 51 51232 0 54 51259 0 52 51294 0 67 51295 0 66 51299 0 79 51312 0 74 51320 0 53 51320 0 90 51320 0 91 51320 0 92 51322 0 75 51323 0 79 51349 0 79 51382 0 79 51385 0 74 51390 0 51 51395 0 54 51409 0 
TIME iteration: 322 ms
Round:97
IR: 106, 216, 259, 315, 284
51426 0 52 51448 0 79 51491 0 54 51528 0 51 51560 0 67 51562 0 66 51565 0 79 51572 0 75 51575 0 52 51581 0 74 51584 0 53 51584 0 90 51584 0 91 51584 0 92 51589 0 79 51615 0 79 51624 0 54 51629 0 75 51648 0 79 51662 0 74 51710 0 79 51712 0 51 51720 0 53 51721 0 52 51736 0 54 51794 0 67 51796 0 66 51798 0 79 51811 0 75 51814 0 74 51817 0 52 51818 0 90 51818 0 91 51818 0 92 51821 0 79 51842 0 54 51847 0 79 51862 0 51 51878 0 75 51879 0 79 51891 0 74 51927 0 53 51934 0 
TIME iteration: 322 ms
Round:98
IR: 146, 384, 232, 297, 34
51942 0 52 51973 0 54 51980 0 51 52047 0 66 52048 0 67 52051 0 79 52065 0 75 52067 0 74 52070 0 90 52070 0 91 52070 0 92 52074 0 79 52100 0 79 52113 0 53 52132 0 79 52135 0 75 52141 0 54 52144 0 51 52145 0 74 52180 0 52 52188 0 79 52252 0 53 52275 0 51 52333 0 52 52343 0 53 52370 0 54 52378 0 64 52378 0 65 52386 0 78 52402 0 90 52402 0 91 52402 0 92 52410 0 78 52434 0 51 52437 0 78 52446 0 53 52449 0 
TIME iteration: 322 ms
Round:99
IR: 99, 350, 347, 413, 340
52470 0 73 52471 0 78 52474 0 72 52602 0 51 52603 0 52 52615 0 54 52629 0 53 52712 0 64 52712 0 65 52715 0 78 52724 0 52 52737 0 73 52737 0 90 52737 0 91 52737 0 92 52738 0 72 52738 0 78 52743 0 54 52764 0 78 52796 0 78 52808 0 53 52837 0 52 52838 0 51 52850 0 78 52918 0 54 52940 0 53 52954 0 52 52970 0 
TIME iteration: 322 ms
Round:100
IR: 87, 363, 343, 360, 298
53062 0 53 53072 0 64 53072 0 65 53076 0 78 53089 0 73 53090 0 72 53097 0 90 53097 0 91 53097 0 92 53099 0 78 53107 0 52 53119 0 51 53125 0 78 53154 0 54 53157 0 78 53162 0 72 53162 0 73 53213 0 78 53218 0 52 53220 0 53 53259 0 54 53342 0 52 53367 0 51 53402 0 53 53420 0 64 53420 0 65 53424 0 62 53424 0 78 53429 0 63 53435 0 77 53445 0 90 53445 0 91 53445 0 92 53446 0 73 53447 0 72 53447 0 78 53449 0 52 53459 0 77 53472 0 54 53473 0 78 53486 0 77 53490 0 51 53505 0 78 53512 0 53 53521 0 70 53521 0 77 53524 0 
TIME iteration: 322 ms
Round:101
IR: 77, 354, 360, 401, 369
53561 0 78 53574 0 90 53574 0 91 53574 0 92 53589 0 52 53597 0 54 53621 0 51 53646 0 53 53722 0 52 53759 0 53 53799 0 51 53799 0 54 53854 0 52 53906 0 51 53906 0 62 53909 0 63 53913 0 77 53921 0 53 53936 0 60 53936 0 61 53937 0 77 53937 0 90 53937 0 91 53937 0 92 53941 0 52 53943 0 70 53943 0 71 53944 0 76 53964 0 77 53968 0 76 53995 0 76 53997 0 77 54013 0 54 54022 0 51 54029 0 76 54033 0 68 54040 0 69 54056 0 
TIME iteration: 323 ms
Round:102
IR: 83, 346, 260, 389, 260
54060 0 90 54060 0 91 54060 0 92 54064 0 77 54071 0 53 54148 0 51 54215 0 52 54215 0 54 54230 0 53 54327 0 51 54345 0 53 54363 0 52 54364 0 54 54407 0 65 54409 0 64 54416 0 78 54437 0 90 54437 0 91 54437 0 92 54440 0 78 54463 0 51 54465 0 73 54466 0 72 54467 0 78 54472 0 54 54501 0 78 54523 0 52 54528 0 
TIME iteration: 323 ms
Round:103
IR: 87, 202, 242, 273, 308
54603 0 51 54713 0 52 54721 0 53 54757 0 51 54792 0 54 54801 0 60 54802 0 61 54809 0 76 54828 0 90 54828 0 91 54828 0 92 54833 0 76 54859 0 69 54860 0 76 54861 0 68 54865 0 52 54894 0 76 54928 0 51 54937 0 53 54961 0 54 55011 0 52 55069 0 53 55071 0 54 55079 0 
TIME iteration: 322 ms
Round:104
IR: 93, 242, 260, 381, 152
55139 0 52 55144 0 61 55147 0 60 55149 0 76 55168 0 69 55169 0 68 55171 0 90 55171 0 91 55171 0 92 55172 0 76 55198 0 76 55203 0 54 55230 0 76 55234 0 53 55240 0 51 55285 0 76 55313 0 52 55383 0 51 55401 0 54 55465 0 53 55489 0 51 55499 0 60 55499 0 61 55503 0 76 55516 0 68 55516 0 69 55524 0 90 55524 0 91 55524 0 92 55525 0 52 55526 0 76 55552 0 76 55583 0 54 55584 0 76 55587 0 69 55588 0 68 55620 0 53 55622 0 51 55639 0 52 55640 0 
TIME iteration: 322 ms
Round:105
IR: 139, 612, 480, 285, 220
55703 0 54 55743 0 51 55745 0 56 55752 0 53 55761 0 60 55761 0 61 55764 0 76 55780 0 56 55781 0 68 55781 0 69 55784 0 90 55784 0 91 55784 0 92 55787 0 76 55807 0 52 55809 0 82 55809 0 83 55813 0 76 55816 0 56 55845 0 76 55849 0 56 55861 0 68 55876 0 69 55881 0 56 55883 0 53 55884 0 54 55899 0 76 55914 0 56 55921 0 82 55921 0 83 55946 0 56 55957 0 52 55968 0 51 55978 0 56 55995 0 53 56008 0 56 56027 0 54 56034 0 82 56034 0 83 56038 0 56 56069 0 56 56100 0 56 56108 0 51 56115 0 52 56125 0 53 56130 0 56 56144 0 82 56144 0 83 56161 0 56 56164 0 62 56164 0 63 56172 0 77 56178 0 
TIME iteration: 322 ms
Round:106
IR: 137, 484, 323, 243, 239
56190 0 90 56190 0 91 56190 0 92 56192 0 56 56196 0 77 56223 0 77 56239 0 56 56254 0 71 56257 0 77 56257 0 82 56257 0 83 56259 0 70 56260 0 53 56282 0 51 56325 0 52 56353 0 54 56401 0 53 56484 0 51 56487 0 54 56579 0 54 56587 0 53 56587 0 66 56588 0 67 56597 0 79 56605 0 52 56614 0 90 56614 0 91 56614 0 92 56621 0 79 56636 0 51 56648 0 79 56682 0 74 56682 0 75 56683 0 
TIME iteration: 323 ms
Round:107
IR: 191, 776, 444, 464, 101
56748 0 53 56750 0 54 56757 0 52 56789 0 56 56804 0 58 56816 0 51 56830 0 56 56835 0 82 56835 0 83 56841 0 58 56866 0 56 56870 0 86 56870 0 87 56875 0 58 56899 0 56 56909 0 58 56927 0 53 56930 0 56 56941 0 58 56946 0 82 56946 0 83 56960 0 56 56963 0 54 56972 0 58 56978 0 51 56980 0 86 56980 0 87 56990 0 56 57002 0 58 57019 0 56 57033 0 58 57047 0 56 57055 0 82 57055 0 83 57063 0 58 57075 0 56 57084 0 52 57093 0 58 57094 0 86 57094 0 87 57103 0 56 57123 0 58 57132 0 54 57132 0 56 57153 0 58 57161 0 53 57161 0 56 57166 0 82 57166 0 83 57182 0 51 57183 0 58 57189 0 56 57206 0 86 57206 0 87 57213 0 58 57217 0 
TIME iteration: 323 ms
Round:108
IR: 137, 683, 531, 546, 159
57244 0 58 57246 0 56 57270 0 54 57274 0 56 57275 0 58 57277 0 82 57277 0 83 57301 0 56 57305 0 58 57316 0 86 57316 0 87 57324 0 51 57328 0 56 57335 0 58 57355 0 56 57364 0 58 57376 0 52 57377 0 53 57383 0 56 57387 0 82 57387 0 83 57392 0 58 57410 0 56 57419 0 58 57425 0 86 57425 0 87 57437 0 56 57441 0 51 57446 0 58 57463 0 56 57464 0 54 57474 0 58 57490 0 56 57496 0 82 57496 0 83 57501 0 58 57517 0 56 57518 0 52 57528 0 58 57534 0 86 57534 0 87 57544 0 53 57544 0 56 57555 0 58 57562 0 51 57571 0 56 57583 0 58 57598 0 56 57605 0 82 57605 0 83 57611 0 58 57625 0 56 57638 0 58 57644 0 86 57644 0 87 57652 0 56 57665 0 58 57670 0 54 57679 0 56 57680 0 51 57680 0 52 57691 0 58 57706 0 56 57710 0 53 57714 0 82 57714 0 83 57718 0 58 57732 0 56 57744 0 58 57753 0 86 57753 0 87 57758 0 
TIME iteration: 323 ms
Round:109
IR: 180, 763, 433, 299, 180
57770 0 58 57784 0 56 57788 0 51 57801 0 58 57810 0 56 57823 0 82 57823 0 83 57836 0 56 57837 0 52 57837 0 54 57846 0 58 57847 0 53 57862 0 56 57865 0 86 57865 0 87 57889 0 56 57916 0 56 57926 0 51 57933 0 82 57933 0 83 57943 0 56 57954 0 53 57970 0 56 57997 0 56 58009 0 52 58024 0 56 58043 0 82 58043 0 83 58050 0 56 58057 0 54 58062 0 51 58077 0 56 58104 0 56 58109 0 53 58131 0 56 58154 0 82 58154 0 83 58158 0 56 58171 0 52 58186 0 51 58186 0 56 58198 0 54 58214 0 56 58242 0 56 58265 0 82 58265 0 83 58269 0 56 58280 0 53 58285 0 52 58290 0 62 58290 0 63 58296 0 56 58298 0 
TIME iteration: 322 ms
Round:110
IR: 126, 783, 378, 301, 222
58320 0 54 58322 0 77 58325 0 56 58329 0 90 58329 0 91 58329 0 92 58339 0 51 58349 0 77 58354 0 56 58372 0 70 58375 0 71 58376 0 82 58376 0 83 58383 0 56 58383 0 77 58402 0 52 58413 0 56 58419 0 53 58442 0 56 58444 0 54 58471 0 56 58486 0 82 58486 0 83 58489 0 51 58500 0 56 58529 0 56 58542 0 52 58546 0 53 58558 0 56 58587 0 56 58595 0 54 58595 0 82 58595 0 83 58611 0 62 58611 0 63 58614 0 77 58616 0 51 58616 0 56 58634 0 53 58634 0 70 58635 0 71 58636 0 90 58636 0 91 58636 0 92 58637 0 77 58645 0 56 58663 0 77 58673 0 56 58693 0 52 58695 0 77 58701 0 56 58706 0 82 58706 0 83 58731 0 56 58745 0 51 58749 0 77 58761 0 56 58777 0 53 58779 0 54 58790 0 56 58818 0 56 58819 0 82 58819 0 
TIME iteration: 322 ms
Round:111
IR: 178, 536, 256, 272, 178
58837 0 52 58847 0 56 58871 0 51 58875 0 54 58876 0 56 58905 0 56 58906 0 53 58931 0 82 58931 0 83 58934 0 56 58958 0 52 58961 0 56 58971 0 62 58972 0 63 58976 0 77 58988 0 56 58988 0 70 58988 0 71 58997 0 90 58997 0 91 58997 0 92 58999 0 51 58999 0 54 59000 0 77 59016 0 56 59021 0 53 59026 0 77 59043 0 82 59043 0 83 59044 0 56 59058 0 70 59058 0 71 59059 0 77 59072 0 56 59100 0 56 59120 0 77 59121 0 54 59127 0 52 59128 0 56 59155 0 51 59155 0 82 59155 0 83 59156 0 56 59165 0 53 59184 0 56 59212 0 56 59240 0 56 59256 0 52 59267 0 82 59267 0 83 59268 0 56 59270 0 63 59271 0 62 59272 0 51 59274 0 77 59289 0 54 59292 0 70 59293 0 71 59295 0 90 59295 0 91 59295 0 92 59296 0 56 59297 0 77 59323 0 77 59324 0 56 59352 0 56 59355 0 52 59355 0 
TIME iteration: 328 ms
Round:112
IR: 92, 671, 665, 346, 35
59361 0 53 59379 0 56 59379 0 82 59379 0 83 59406 0 56 59410 0 77 59418 0 51 59433 0 56 59460 0 56 59463 0 52 59466 0 57 59470 0 54 59487 0 56 59490 0 82 59490 0 83 59502 0 57 59514 0 56 59526 0 53 59531 0 84 59531 0 85 59537 0 57 59540 0 51 59541 0 56 59567 0 56 59571 0 57 59587 0 52 59594 0 56 59598 0 62 59598 0 63 59599 0 82 59599 0 83 59602 0 57 59602 0 77 59612 0 70 59612 0 71 59620 0 56 59623 0 90 59623 0 91 59623 0 92 59625 0 77 59632 0 57 59641 0 84 59641 0 85 59646 0 56 59648 0 54 59651 0 77 59661 0 57 59672 0 56 59674 0 71 59676 0 70 59683 0 77 59686 0 53 59690 0 57 59698 0 56 59708 0 82 59708 0 83 59718 0 57 59724 0 56 59739 0 77 59746 0 57 59750 0 56 59751 0 84 59751 0 85 59768 0 52 59774 0 57 59776 0 56 59797 0 54 59802 0 57 59804 0 56 59817 0 82 59817 0 83 59831 0 56 59831 0 57 59832 0 51 59858 0 56 59859 0 57 59862 0 84 59862 0 85 59886 0 56 59887 0 53 59887 0 
TIME iteration: 323 ms
Round:113
IR: 217, 355, 387, 299, 180
59893 0 52 59908 0 62 59908 0 63 59912 0 77 59919 0 56 59920 0 57 59927 0 82 59927 0 83 59930 0 71 59931 0 70 59932 0 90 59932 0 91 59932 0 92 59933 0 54 59935 0 77 59961 0 77 59977 0 56 59978 0 57 59981 0 84 59981 0 85 59993 0 77 60010 0 51 60030 0 52 60049 0 77 60065 0 54 60079 0 82 60079 0 83 60118 0 52 60144 0 53 60187 0 51 60193 0 54 60276 0 52 60279 0 62 60279 0 63 60284 0 77 60296 0 70 60297 0 71 60304 0 90 60304 0 91 60304 0 92 60308 0 77 60311 0 53 60333 0 54 60335 0 77 60368 0 70 60368 0 77 60371 0 71 60413 0 
TIME iteration: 322 ms
Round:114
IR: 93, 326, 351, 426, 208
60433 0 77 60437 0 52 60454 0 54 60466 0 53 60528 0 51 60573 0 52 60586 0 62 60586 0 63 60590 0 77 60609 0 71 60610 0 70 60610 0 90 60610 0 91 60610 0 92 60613 0 77 60617 0 53 60639 0 77 60651 0 54 60671 0 77 60676 0 51 60727 0 77 60778 0 54 60791 0 51 60814 0 52 60829 0 53 60909 0 54 60935 0 51 60944 0 52 60946 0 67 60947 0 
TIME iteration: 322 ms
Round:115
IR: 79, 163, 320, 512, 294
60955 0 79 60958 0 60 60959 0 61 60967 0 76 60972 0 90 60972 0 91 60972 0 92 60979 0 79 60991 0 76 61006 0 79 61018 0 76 61024 0 53 61041 0 79 61043 0 58 61045 0 75 61051 0 69 61052 0 74 61053 0 76 61054 0 68 61058 0 52 61069 0 54 61079 0 51 61083 0 58 61099 0 90 61099 0 91 61099 0 92 61110 0 86 61110 0 87 61119 0 58 61137 0 53 61153 0 58 61167 0 52 61187 0 58 61223 0 58 61225 0 86 61225 0 87 61230 0 54 61256 0 58 61266 0 53 61272 0 51 61289 0 58 61314 0 52 61320 0 58 61336 0 86 61336 0 87 61351 0 58 61381 0 58 61391 0 54 61394 0 51 61411 0 58 61440 0 58 61446 0 86 61446 0 87 61454 0 53 61460 0 60 61461 0 61 61466 0 76 61469 0 
TIME iteration: 323 ms
Round:116
IR: 322, 248, 191, 429, 297
61480 0 52 61490 0 76 61490 0 90 61490 0 91 61490 0 92 61497 0 68 61497 0 69 61502 0 58 61517 0 76 61533 0 54 61542 0 51 61550 0 76 61557 0 58 61563 0 86 61563 0 87 61595 0 53 61617 0 76 61627 0 52 61685 0 54 61702 0 51 61730 0 52 61789 0 54 61820 0 67 61821 0 66 61829 0 79 61846 0 90 61846 0 91 61846 0 92 61851 0 53 61853 0 79 61856 0 52 61873 0 51 61877 0 74 61880 0 75 61880 0 79 61893 0 54 61915 0 79 61964 0 
TIME iteration: 323 ms
Round:117
IR: 107, 312, 325, 549, 436
62025 0 53 62069 0 54 62087 0 58 62088 0 51 62123 0 58 62128 0 86 62128 0 87 62136 0 52 62157 0 58 62158 0 53 62184 0 54 62191 0 58 62191 0 66 62191 0 67 62195 0 79 62215 0 74 62216 0 75 62217 0 90 62217 0 91 62217 0 92 62219 0 79 62222 0 58 62240 0 86 62240 0 87 62245 0 79 62251 0 58 62253 0 52 62276 0 51 62278 0 79 62280 0 58 62296 0 53 62309 0 58 62338 0 58 62341 0 79 62350 0 86 62350 0 87 62361 0 51 62364 0 54 62366 0 58 62370 0 52 62394 0 58 62421 0 53 62422 0 58 62451 0 58 62459 0 86 62459 0 87 62482 0 58 62512 0 58 62526 0 51 62530 0 
TIME iteration: 323 ms
Round:118
IR: 75, 205, 211, 396, 139
62541 0 58 62554 0 53 62561 0 61 62563 0 60 62570 0 76 62572 0 86 62572 0 87 62579 0 58 62581 0 52 62584 0 66 62588 0 67 62588 0 90 62588 0 91 62588 0 92 62591 0 79 62594 0 76 62606 0 74 62607 0 75 62615 0 79 62621 0 76 62625 0 68 62625 0 69 62642 0 79 62655 0 76 62675 0 79 62690 0 74 62692 0 75 62696 0 51 62700 0 53 62710 0 90 62710 0 91 62710 0 92 62747 0 79 62777 0 54 62786 0 52 62803 0 53 62893 0 51 62909 0 54 62913 0 52 62922 0 53 63014 0 54 63030 0 66 63030 0 67 63036 0 79 63059 0 90 63059 0 91 63059 0 92 63060 0 52 63060 0 79 63063 0 74 63064 0 
TIME iteration: 323 ms
Round:119
IR: 106, 183, 332, 228, 277
63087 0 79 63093 0 53 63103 0 51 63121 0 79 63155 0 54 63184 0 52 63254 0 51 63270 0 54 63274 0 53 63333 0 52 63391 0 54 63392 0 67 63393 0 66 63396 0 79 63412 0 75 63413 0 74 63418 0 90 63418 0 91 63418 0 92 63419 0 79 63435 0 51 63444 0 52 63445 0 79 63466 0 53 63477 0 79 63498 0 75 63500 0 74 63522 0 54 63535 0 79 63579 0 
TIME iteration: 323 ms
Round:120
IR: 120, 449, 338, 325, 192
63616 0 53 63645 0 52 63680 0 51 63726 0 53 63734 0 60 63734 0 61 63737 0 54 63742 0 76 63755 0 66 63755 0 67 63756 0 64 63757 0 65 63759 0 90 63759 0 91 63759 0 92 63760 0 79 63765 0 78 63766 0 76 63782 0 74 63784 0 75 63784 0 79 63789 0 78 63793 0 76 63801 0 52 63801 0 69 63803 0 68 63805 0 51 63811 0 79 63816 0 78 63827 0 76 63833 0 53 63844 0 79 63851 0 72 63851 0 78 63855 0 73 63869 0 54 63872 0 90 63872 0 91 63872 0 92 63914 0 51 63916 0 79 63967 0 52 64007 0 53 64037 0 54 64064 0 51 64088 0 
TIME iteration: 322 ms
Round:121
IR: 97, 305, 226, 313, 323
64164 0 53 64184 0 54 64214 0 52 64230 0 63 64231 0 62 64239 0 77 64257 0 66 64257 0 67 64258 0 51 64259 0 90 64259 0 91 64259 0 92 64263 0 77 64263 0 79 64285 0 75 64286 0 74 64287 0 79 64290 0 77 64314 0 79 64324 0 71 64325 0 77 64334 0 53 64335 0 70 64348 0 54 64348 0 79 64361 0 52 64382 0 90 64382 0 91 64382 0 92 64399 0 51 64462 0 54 64503 0 53 64565 0 51 64565 0 52 64599 0 
TIME iteration: 323 ms
Round:122
IR: 22, 306, 448, 414, 216
64684 0 52 64686 0 53 64749 0 54 64749 0 62 64751 0 63 64755 0 77 64764 0 66 64765 0 67 64770 0 79 64773 0 52 64779 0 77 64780 0 90 64780 0 91 64780 0 92 64788 0 70 64788 0 71 64794 0 74 64794 0 75 64794 0 79 64806 0 77 64821 0 79 64839 0 77 64855 0 79 64863 0 52 64889 0 51 64897 0 54 64905 0 77 64909 0 90 64909 0 91 64909 0 92 64942 0 53 64970 0 52 65043 0 51 65074 0 54 65117 0 52 65142 0 51 65176 0 
TIME iteration: 322 ms
Round:123
IR: 73, 190, 231, 289, 126
65196 0 54 65269 0 52 65273 0 67 65277 0 66 65281 0 79 65292 0 62 65292 0 63 65298 0 77 65305 0 74 65305 0 79 65305 0 90 65305 0 91 65305 0 92 65306 0 75 65321 0 54 65322 0 77 65325 0 51 65326 0 70 65326 0 71 65332 0 79 65349 0 77 65366 0 79 65383 0 77 65411 0 52 65411 0 53 65432 0 54 65433 0 90 65433 0 91 65433 0 92 65457 0 51 65459 0 77 65565 0 52 65570 0 54 65592 0 51 65610 0 53 65690 0 
TIME iteration: 323 ms
Round:124
IR: 104, 343, 335, 428, 131
65739 0 52 65755 0 51 65779 0 67 65791 0 79 65797 0 53 65812 0 60 65813 0 61 65820 0 90 65820 0 91 65820 0 92 65821 0 76 65821 0 79 65845 0 76 65853 0 54 65859 0 52 65866 0 79 65872 0 76 65904 0 68 65905 0 69 65907 0 76 65959 0 90 65959 0 91 65959 0 92 65975 0 53 66003 0 51 66013 0 54 66060 0 52 66145 0 53 66190 0 52 66195 0 54 66238 0 
TIME iteration: 323 ms
Round:125
IR: 83, 391, 432, 277, 176
66318 0 52 66333 0 62 66333 0 63 66341 0 77 66353 0 54 66357 0 53 66363 0 90 66363 0 91 66363 0 92 66365 0 77 66392 0 77 66394 0 71 66395 0 70 66426 0 77 66435 0 51 66466 0 52 66547 0 53 66553 0 54 66574 0 51 66692 0 52 66745 0 54 66758 0 63 66763 0 62 66764 0 53 66765 0 
TIME iteration: 323 ms
Round:126
IR: 83, 308, 281, 376, 390
66788 0 90 66788 0 91 66788 0 92 66789 0 71 66789 0 77 66790 0 70 66815 0 77 66827 0 51 66848 0 77 66854 0 52 66883 0 54 66909 0 77 66925 0 53 66950 0 51 67052 0 54 67068 0 51 67081 0 53 67096 0 52 67106 0 60 67107 0 61 67115 0 76 67132 0 90 67132 0 91 67132 0 92 67139 0 76 67166 0 76 67181 0 68 67181 0 69 67201 0 76 67202 0 54 67205 0 51 67250 0 53 67278 0 
TIME iteration: 322 ms
Round:127
IR: 96, 185, 230, 310, 136
67347 0 51 67347 0 54 67395 0 52 67413 0 60 67417 0 61 67418 0 76 67437 0 68 67437 0 69 67439 0 90 67439 0 91 67439 0 92 67441 0 76 67467 0 53 67467 0 76 67499 0 76 67534 0 52 67534 0 54 67553 0 76 67593 0 53 67640 0 51 67695 0 52 67753 0 53 67757 0 54 67805 0 65 67806 0 64 67814 0 78 67827 0 52 67829 0 51 67831 0 90 67831 0 91 67831 0 92 67838 0 
TIME iteration: 440 ms
Round:128
IR: 96, 121, 188, 225, 161
67865 0 78 67866 0 54 67900 0 72 67900 0 78 67904 0 73 67938 0 53 67993 0 54 68017 0 52 68066 0 51 68122 0 54 68131 0 52 68159 0 66 68159 0 67 68168 0 79 68184 0 90 68184 0 91 68184 0 92 68192 0 79 68204 0 53 68219 0 79 68249 0 74 68249 0 75 68253 0 54 68254 0 79 68267 0 51 68312 0 
TIME iteration: 323 ms
Round:129
IR: 147, 481, 308, 297, 115
68378 0 54 68422 0 53 68433 0 66 68434 0 67 68436 0 79 68441 0 52 68454 0 74 68454 0 75 68457 0 90 68457 0 91 68457 0 92 68459 0 79 68485 0 79 68511 0 53 68517 0 79 68533 0 51 68533 0 54 68537 0 74 68544 0 75 68573 0 79 68603 0 52 68664 0 51 68677 0 53 68715 0 52 68729 0 54 68755 0 67 68756 0 66 68760 0 79 68780 0 74 68780 0 75 68780 0 90 68780 0 91 68780 0 92 68784 0 79 68810 0 79 68828 0 51 68843 0 79 68882 0 52 68883 0 53 68899 0 
TIME iteration: 323 ms
Round:130
IR: 79, 239, 296, 256, 279
68908 0 79 69020 0 52 69070 0 53 69083 0 54 69097 0 51 69114 0 52 69125 0 62 69125 0 63 69133 0 77 69150 0 90 69150 0 91 69150 0 92 69157 0 77 69173 0 53 69184 0 77 69208 0 52 69212 0 71 69214 0 70 69218 0 77 69259 0 51 69265 0 54 69338 0 52 69344 0 53 69393 0 62 69396 0 63 69396 0 77 69415 0 70 69415 0 71 69418 0 90 69418 0 91 69418 0 92 69419 0 
TIME iteration: 322 ms
Round:131
IR: 96, 178, 158, 183, 156
69445 0 77 69446 0 54 69452 0 52 69470 0 51 69476 0 77 69504 0 70 69504 0 71 69521 0 53 69526 0 77 69578 0 54 69628 0 52 69668 0 62 69668 0 63 69671 0 77 69682 0 51 69687 0 53 69690 0 70 69690 0 71 69691 0 90 69691 0 91 69691 0 92 69694 0 77 69720 0 77 69735 0 54 69743 0 52 69752 0 77 69806 0 77 69827 0 51 69856 0 53 69863 0 52 69885 0 
TIME iteration: 323 ms
Round:132
IR: 66, 165, 223, 245, 108
70005 0 53 70006 0 52 70021 0 63 70022 0 62 70026 0 77 70037 0 70 70038 0 71 70047 0 90 70047 0 91 70047 0 92 70050 0 77 70065 0 51 70072 0 54 70076 0 77 70103 0 70 70107 0 71 70109 0 77 70132 0 52 70150 0 53 70170 0 77 70244 0 51 70288 0 54 70361 0 52 70368 0 51 70385 0 53 70398 0 62 70398 0 63 70403 0 77 70413 0 60 70414 0 61 70422 0 76 70424 0 90 70424 0 91 70424 0 92 70425 0 70 70426 0 71 70427 0 77 70446 0 76 70454 0 77 70473 0 76 70479 0 53 70487 0 77 70489 0 
TIME iteration: 322 ms
Round:133
IR: 94, 241, 205, 314, 300
70495 0 54 70505 0 69 70508 0 76 70513 0 68 70549 0 90 70549 0 91 70549 0 92 70552 0 77 70573 0 52 70594 0 53 70673 0 51 70723 0 54 70802 0 51 70809 0 52 70825 0 54 70851 0 53 70900 0 51 70905 0 60 70905 0 61 70910 0 76 70934 0 76 70935 0 52 70935 0 90 70935 0 91 70935 0 92 70941 0 69 70942 0 68 70961 0 76 70981 0 53 70994 0 
TIME iteration: 322 ms
Round:134
IR: 125, 324, 191, 223, 179
71060 0 76 71067 0 51 71103 0 54 71152 0 52 71206 0 53 71263 0 51 71271 0 52 71316 0 54 71319 0 62 71320 0 63 71327 0 53 71327 0 60 71327 0 61 71327 0 77 71332 0 76 71346 0 90 71346 0 91 71346 0 92 71351 0 77 71352 0 68 71352 0 69 71356 0 76 71374 0 70 71374 0 71 71378 0 77 71383 0 76 71412 0 77 71416 0 76 71454 0 51 71475 0 90 71475 0 91 71475 0 92 71482 0 76 71484 0 53 71516 0 52 71523 0 
TIME iteration: 322 ms
Round:135
IR: 86, 222, 286, 505, 310
71582 0 53 71591 0 51 71630 0 52 71640 0 58 71649 0 54 71673 0 58 71703 0 86 71703 0 87 71705 0 58 71736 0 58 71745 0 51 71761 0 52 71767 0 58 71769 0 54 71779 0 53 71797 0 58 71807 0 66 71807 0 67 71814 0 86 71814 0 87 71816 0 79 71826 0 58 71836 0 90 71836 0 91 71836 0 92 71840 0 79 71854 0 58 71867 0 79 71883 0 58 71901 0 51 71902 0 79 71904 0 75 71908 0 74 71912 0 58 71914 0 52 71924 0 86 71924 0 87 71927 0 54 71940 0 53 71940 0 58 71969 0 58 71997 0 58 72016 0 52 72025 0 58 72033 0 86 72033 0 87 72046 0 51 72053 0 58 72058 0 53 72076 0 
TIME iteration: 323 ms
Round:136
IR: 236, 134, 355, 386, 263
72081 0 58 72115 0 66 72115 0 67 72117 0 58 72118 0 79 72135 0 52 72139 0 74 72139 0 75 72140 0 90 72140 0 91 72140 0 92 72141 0 79 72147 0 86 72147 0 87 72167 0 54 72167 0 79 72195 0 53 72199 0 79 72212 0 58 72255 0 79 72269 0 54 72294 0 86 72294 0 87 72301 0 52 72308 0 53 72326 0 51 72416 0 54 72437 0 53 72445 0 66 72445 0 67 72449 0 79 72460 0 74 72460 0 75 72466 0 51 72470 0 90 72470 0 91 72470 0 92 72473 0 79 72485 0 52 72499 0 79 72524 0 74 72526 0 75 72532 0 79 72574 0 53 72577 0 54 72598 0 
TIME iteration: 322 ms
Round:137
IR: 77, 200, 179, 222, 168
72635 0 51 72635 0 52 72720 0 53 72759 0 51 72828 0 60 72832 0 61 72834 0 52 72838 0 76 72855 0 54 72856 0 51 72856 0 90 72856 0 91 72856 0 92 72862 0 76 72879 0 53 72889 0 76 72907 0 68 72907 0 69 72923 0 76 72966 0 54 73015 0 52 73020 0 51 73099 0 53 73131 0 
TIME iteration: 321 ms
Round:138
IR: 108, 289, 475, 328, 199
73149 0 51 73166 0 60 73166 0 61 73169 0 76 73189 0 68 73190 0 69 73191 0 90 73191 0 91 73191 0 92 73192 0 76 73201 0 52 73218 0 76 73236 0 53 73250 0 76 73266 0 51 73286 0 54 73304 0 76 73407 0 52 73410 0 54 73446 0 51 73517 0 54 73529 0 66 73529 0 67 73533 0 53 73538 0 79 73554 0 90 73554 0 91 73554 0 92 73562 0 79 73589 0 79 73595 0 75 73599 0 74 73600 0 52 73624 0 79 73625 0 51 73653 0 
TIME iteration: 322 ms
Round:139
IR: 88, 234, 221, 274, 151
73689 0 52 73722 0 53 73774 0 52 73789 0 54 73816 0 62 73816 0 63 73824 0 77 73835 0 66 73835 0 67 73838 0 79 73840 0 90 73840 0 91 73840 0 92 73848 0 77 73855 0 74 73856 0 75 73861 0 79 73867 0 51 73875 0 77 73887 0 79 73902 0 54 73909 0 77 73912 0 70 73912 0 71 73919 0 79 73922 0 53 73940 0 74 73944 0 52 73963 0 90 73963 0 91 73963 0 92 73974 0 79 73996 0 51 74010 0 54 74077 0 52 74109 0 53 74167 0 54 74189 0 
TIME iteration: 323 ms
Round:140
IR: 111, 94, 193, 234, 279
74229 0 52 74238 0 53 74305 0 51 74305 0 54 74329 0 66 74330 0 67 74336 0 79 74342 0 60 74342 0 61 74350 0 76 74357 0 75 74359 0 90 74359 0 91 74359 0 92 74360 0 79 74366 0 74 74373 0 52 74374 0 76 74387 0 79 74401 0 76 74405 0 68 74409 0 69 74421 0 79 74435 0 76 74438 0 53 74441 0 51 74489 0 90 74489 0 91 74489 0 92 74511 0 52 74575 0 54 74577 0 51 74639 0 52 74653 0 
TIME iteration: 323 ms
Round:141
IR: 118, 308, 182, 206, 257
74745 0 54 74771 0 53 74776 0 51 74817 0 52 74862 0 53 74866 0 65 74867 0 64 74875 0 78 74879 0 62 74882 0 63 74888 0 77 74897 0 90 74897 0 91 74897 0 92 74899 0 78 74912 0 77 74922 0 54 74926 0 78 74939 0 77 74946 0 70 74947 0 71 74954 0 51 74961 0 78 74963 0 72 74963 0 73 74973 0 77 75004 0 52 75012 0 53 75027 0 90 75027 0 91 75027 0 92 75047 0 54 75212 0 51 75212 0 54 75251 0 53 75252 0 
TIME iteration: 322 ms
Round:142
IR: 28, 146, 215, 375, 269
75338 0 51 75350 0 54 75398 0 67 75400 0 66 75408 0 79 75429 0 90 75429 0 91 75429 0 92 75432 0 52 75432 0 79 75459 0 75 75459 0 79 75462 0 74 75494 0 79 75509 0 54 75516 0 51 75521 0 53 75574 0 52 75632 0 54 75647 0 51 75701 0 53 75769 0 54 75771 0 66 75771 0 67 75775 0 
TIME iteration: 322 ms
Round:143
IR: 80, 207, 221, 236, 122
75791 0 51 75797 0 74 75797 0 75 75797 0 90 75797 0 91 75797 0 92 75799 0 79 75825 0 79 75850 0 53 75858 0 79 75869 0 52 75897 0 54 75923 0 79 75957 0 51 76023 0 53 76050 0 54 76079 0 52 76093 0 51 76138 0 67 76139 0 66 76142 0 53 76143 0 79 76156 0 75 76157 0 74 76163 0 61 76164 0 90 76164 0 91 76164 0 92 76167 0 79 76181 0 76 76194 0 79 76202 0 54 76213 0 76 76227 0 79 76228 0 75 76234 0 74 76243 0 51 76268 0 76 76275 0 52 76294 0 53 76297 0 79 76302 0 90 76302 0 91 76302 0 92 76314 0 
TIME iteration: 322 ms
Round:144
IR: 82, 311, 299, 281, 158
76375 0 52 76432 0 51 76490 0 54 76497 0 52 76536 0 53 76651 0 52 76652 0 54 76669 0 63 76671 0 62 76678 0 77 76679 0 53 76683 0 51 76699 0 66 76699 0 67 76700 0 90 76700 0 91 76700 0 92 76702 0 77 76706 0 79 76729 0 77 76730 0 79 76738 0 75 76739 0 74 76751 0 71 76753 0 70 76757 0 79 76763 0 77 76774 0 52 76791 0 79 76807 0 53 76823 0 90 76823 0 91 76823 0 
TIME iteration: 322 ms
Round:145
IR: 78, 158, 195, 230, 255
76851 0 54 76861 0 51 76923 0 53 76933 0 52 76968 0 51 77011 0 54 77054 0 52 77061 0 53 77161 0 51 77164 0 52 77171 0 63 77172 0 62 77177 0 77 77201 0 77 77201 0 90 77201 0 91 77201 0 92 77205 0 53 77208 0 70 77209 0 71 77228 0 77 77236 0 54 77261 0 77 77305 0 52 77328 0 77 77337 0 51 77346 0 
TIME iteration: 322 ms
Round:146
IR: 236, 386, 320, 250, 164
77453 0 53 77463 0 52 77466 0 54 77501 0 51 77518 0 64 77520 0 65 77527 0 78 77540 0 63 77544 0 90 77544 0 91 77544 0 92 77549 0 77 77551 0 78 77578 0 77 77578 0 78 77604 0 52 77608 0 54 77608 0 73 77612 0 78 77615 0 72 77620 0 77 77629 0 53 77683 0 51 77684 0 90 77684 0 91 77684 0 92 77714 0 54 77743 0 52 77821 0 54 77833 0 53 77866 0 52 77893 0 
TIME iteration: 322 ms
Round:147
IR: 86, 134, 189, 223, 152
77934 0 54 77965 0 52 77984 0 53 77985 0 67 77987 0 66 77993 0 62 77993 0 63 77995 0 79 77998 0 77 78014 0 90 78014 0 91 78014 0 92 78019 0 79 78020 0 70 78020 0 71 78022 0 77 78046 0 79 78049 0 77 78056 0 74 78061 0 75 78070 0 51 78081 0 79 78082 0 77 78093 0 52 78141 0 53 78143 0 54 78145 0 90 78145 0 91 78145 0 92 78148 0 77 78247 0 52 78249 0 51 78281 0 53 78342 0 54 78348 0 52 78414 0 53 78428 0 
TIME iteration: 323 ms
Round:148
IR: 121, 227, 186, 526, 498
78469 0 52 78481 0 62 78481 0 63 78482 0 54 78487 0 77 78508 0 71 78509 0 70 78510 0 90 78510 0 91 78510 0 92 78511 0 77 78531 0 58 78538 0 77 78562 0 51 78562 0 59 78567 0 58 78572 0 77 78596 0 86 78596 0 87 78600 0 58 78600 0 59 78622 0 53 78628 0 88 78628 0 89 78632 0 58 78635 0 59 78648 0 77 78657 0 54 78659 0 51 78661 0 88 78661 0 89 78664 0 58 78668 0 52 78669 0 59 78693 0 88 78693 0 89 78695 0 58 78701 0 59 78706 0 86 78706 0 87 78724 0 88 78724 0 89 78725 0 58 78733 0 59 78754 0 88 78754 0 89 78755 0 58 78764 0 59 78765 0 53 78784 0 58 78784 0 88 78784 0 89 78795 0 59 78813 0 88 78813 0 89 78814 0 58 78818 0 86 78818 0 87 78824 0 59 78830 0 51 78842 0 88 78842 0 89 78844 0 58 78853 0 59 78860 0 54 78864 0 61 78866 0 60 78867 0 53 78871 0 88 78871 0 89 78873 0 76 78876 0 58 78882 0 59 78891 0 90 78891 0 91 78891 0 92 78897 0 76 78900 0 88 78900 0 89 78908 0 58 78909 0 52 78910 0 59 78924 0 76 78929 0 88 78929 0 89 78930 0 86 78930 0 87 78939 0 58 78939 0 59 78958 0 69 78958 0 76 78958 0 88 78958 0 89 78959 0 68 78968 0 
TIME iteration: 325 ms
Round:149
IR: 132, 266, 218, 217, 18
78970 0 58 78977 0 51 78987 0 88 78987 0 89 78997 0 53 79005 0 59 79012 0 58 79015 0 88 79015 0 89 79025 0 54 79046 0 86 79046 0 87 79051 0 88 79051 0 89 79076 0 51 79118 0 61 79119 0 60 79120 0 76 79128 0 52 79135 0 88 79135 0 89 79138 0 68 79138 0 69 79142 0 90 79142 0 91 79142 0 92 79143 0 76 79169 0 76 79170 0 53 79198 0 54 79200 0 76 79219 0 68 79221 0 69 79231 0 51 79250 0 76 79315 0 53 79331 0 52 79332 0 54 79374 0 51 79393 0 60 79393 0 61 79396 0 76 79414 0 69 79415 0 68 79416 0 90 79416 0 91 79416 0 92 79419 0 76 79445 0 76 79457 0 52 79459 0 54 79477 0 76 79484 0 
TIME iteration: 323 ms
Round:150
IR: 71, 217, 298, 490, 316
79507 0 69 79531 0 76 79550 0 52 79571 0 54 79578 0 51 79578 0 58 79595 0 53 79618 0 58 79624 0 86 79624 0 87 79652 0 52 79654 0 58 79688 0 58 79713 0 54 79719 0 58 79736 0 86 79736 0 87 79745 0 53 79747 0 51 79749 0 58 79750 0 66 79750 0 67 79759 0 79 79770 0 60 79772 0 61 79775 0 90 79775 0 91 79775 0 92 79776 0 76 79780 0 58 79783 0 79 79790 0 68 79800 0 76 79801 0 69 79807 0 52 79809 0 58 79810 0 79 79813 0 54 79827 0 76 79833 0 74 79833 0 75 79839 0 58 79845 0 79 79846 0 86 79846 0 87 79860 0 76 79867 0 68 79868 0 51 79868 0 58 79896 0 58 79898 0 90 79898 0 91 79898 0 92 79923 0 58 79925 0 76 79951 0 58 79956 0 86 79956 0 87 79966 0 54 79979 0 58 79982 0 53 80006 0 51 80007 0 
TIME iteration: 322 ms
Round:151
IR: 84, 124, 315, 326, 165
80035 0 58 80038 0 52 80070 0 86 80070 0 87 80071 0 58 80091 0 53 80131 0 54 80176 0 52 80198 0 53 80207 0 51 80274 0 54 80293 0 67 80294 0 66 80300 0 79 80312 0 52 80324 0 79 80324 0 90 80324 0 91 80324 0 92 80330 0 74 80333 0 75 80348 0 53 80351 0 79 80352 0 51 80385 0 79 80394 0 54 80409 0 52 80473 0 53 80494 0 
TIME iteration: 322 ms
Round:152
IR: 76, 241, 204, 244, 114
80600 0 53 80607 0 51 80607 0 52 80625 0 54 80649 0 60 80649 0 61 80651 0 64 80652 0 65 80657 0 76 80660 0 78 80673 0 90 80673 0 91 80673 0 92 80681 0 76 80684 0 78 80700 0 69 80706 0 68 80708 0 76 80711 0 78 80742 0 76 80743 0 73 80746 0 78 80748 0 72 80751 0 51 80764 0 53 80802 0 90 80802 0 91 80802 0 92 80806 0 54 80814 0 52 80913 0 54 80932 0 51 80944 0 52 80954 0 53 81011 0 54 81075 0 52 81083 0 
TIME iteration: 322 ms
Round:153
IR: 62, 239, 447, 512, 386
81115 0 53 81154 0 54 81156 0 62 81159 0 67 81160 0 66 81164 0 63 81167 0 79 81169 0 77 81182 0 58 81185 0 90 81185 0 91 81185 0 92 81191 0 79 81193 0 77 81213 0 74 81215 0 75 81218 0 58 81218 0 79 81220 0 77 81229 0 52 81235 0 86 81235 0 87 81253 0 79 81254 0 58 81255 0 77 81258 0 70 81261 0 71 81274 0 51 81288 0 58 81317 0 90 81317 0 91 81317 0 92 81322 0 58 81328 0 53 81344 0 52 81349 0 86 81349 0 87 81356 0 58 81388 0 58 81417 0 51 81421 0 54 81421 0 58 81451 0 52 81453 0 58 81460 0 53 81460 0 86 81460 0 87 81484 0 58 81515 0 58 81544 0 58 81551 0 54 81565 0 52 81573 0 58 81573 0 86 81573 0 87 81601 0 58 81605 0 
TIME iteration: 323 ms
Round:154
IR: 26, 171, 303, 500, 152
81629 0 58 81655 0 54 81657 0 58 81669 0 66 81669 0 67 81675 0 79 81685 0 58 81685 0 86 81685 0 87 81696 0 51 81699 0 79 81699 0 90 81699 0 91 81699 0 92 81703 0 74 81703 0 75 81713 0 58 81726 0 79 81733 0 52 81740 0 58 81760 0 79 81762 0 54 81767 0 58 81778 0 53 81794 0 58 81796 0 86 81796 0 87 81821 0 58 81849 0 58 81855 0 51 81876 0 58 81904 0 58 81907 0 86 81907 0 87 81931 0 58 81947 0 54 81955 0 52 81958 0 58 81980 0 51 81986 0 58 81998 0 53 82014 0 58 82018 0 86 82018 0 87 82042 0 58 82058 0 61 82061 0 60 82068 0 76 82070 0 58 82086 0 90 82086 0 91 82086 0 92 82092 0 76 82098 0 58 82104 0 54 82119 0 76 82125 0 58 82129 0 86 82129 0 87 82136 0 68 82137 0 
TIME iteration: 323 ms
Round:155
IR: 73, 382, 345, 236, 316
82154 0 58 82154 0 76 82159 0 53 82167 0 51 82173 0 52 82192 0 58 82234 0 54 82252 0 86 82252 0 87 82302 0 51 82311 0 53 82331 0 52 82369 0 61 82370 0 60 82372 0 76 82391 0 69 82392 0 68 82394 0 90 82394 0 91 82394 0 92 82395 0 76 82420 0 54 82421 0 76 82453 0 76 82488 0 52 82491 0 69 82505 0 53 82506 0 76 82541 0 54 82590 0 51 82645 0 
TIME iteration: 322 ms
Round:156
IR: 99, 200, 167, 490, 423
82699 0 54 82702 0 53 82753 0 66 82753 0 67 82758 0 51 82761 0 79 82764 0 58 82779 0 90 82779 0 91 82779 0 92 82785 0 79 82804 0 58 82810 0 86 82810 0 87 82812 0 52 82812 0 79 82816 0 74 82817 0 75 82841 0 58 82847 0 79 82854 0 54 82875 0 58 82877 0 53 82908 0 58 82915 0 52 82921 0 86 82921 0 87 82939 0 58 82944 0 51 82969 0 58 82998 0 58 83000 0 54 83028 0 58 83032 0 86 83032 0 87 83057 0 53 83059 0 58 83068 0 52 83090 0 58 83101 0 66 83102 0 51 83108 0 79 83121 0 58 83132 0 90 83132 0 91 83132 0 92 83137 0 54 83137 0 79 83144 0 86 83144 0 87 83152 0 58 83178 0 79 83182 0 52 83182 0 58 83185 0 
TIME iteration: 323 ms
Round:157
IR: 120, 166, 183, 252, 295
83212 0 58 83239 0 54 83251 0 58 83257 0 86 83257 0 87 83264 0 51 83292 0 52 83314 0 53 83383 0 52 83384 0 54 83397 0 51 83455 0 53 83483 0 52 83499 0 54 83501 0 66 83501 0 67 83506 0 79 83525 0 74 83526 0 75 83530 0 79 83530 0 90 83530 0 91 83530 0 92 83538 0 51 83557 0 79 83590 0 79 83606 0 53 83613 0 54 83676 0 79 83686 0 52 83706 0 51 83707 0 
TIME iteration: 322 ms
Round:158
IR: 77, 202, 183, 291, 190
83824 0 54 83853 0 53 83872 0 51 83872 0 52 83874 0 65 83875 0 64 83883 0 78 83900 0 90 83900 0 91 83900 0 92 83907 0 78 83934 0 78 83947 0 54 83968 0 72 83969 0 78 83971 0 73 83993 0 52 84003 0 51 84043 0 53 84065 0 54 84100 0 52 84180 0 54 84190 0 51 84211 0 66 84211 0 67 84219 0 79 84224 0 53 84226 0 52 84236 0 63 84236 0 90 84236 0 91 84236 0 92 84243 0 79 84252 0 75 84254 0 77 84255 0 
TIME iteration: 322 ms
Round:159
IR: 90, 128, 195, 289, 240
84270 0 79 84286 0 77 84287 0 54 84305 0 79 84341 0 77 84360 0 53 84362 0 51 84373 0 90 84373 0 91 84373 0 92 84411 0 52 84428 0 54 84510 0 51 84533 0 53 84605 0 51 84631 0 54 84665 0 52 84682 0 51 84686 0 61 84687 0 60 84691 0 53 84695 0 76 84716 0 90 84716 0 91 84716 0 92 84719 0 76 84746 0 76 84762 0 51 84775 0 69 84779 0 68 84780 0 54 84781 0 
TIME iteration: 447 ms
Round:160
IR: 74, 372, 310, 329, 151
84838 0 52 84882 0 53 84895 0 54 84906 0 51 84976 0 61 84979 0 60 84980 0 76 84999 0 68 85000 0 69 85002 0 90 85002 0 91 85002 0 92 85003 0 76 85017 0 53 85024 0 51 85029 0 76 85040 0 54 85061 0 76 85078 0 52 85114 0 76 85131 0 51 85193 0 53 85223 0 52 85243 0 51 85251 0 54 85274 0 60 85274 0 61 85277 0 76 85285 0 69 85286 0 68 85298 0 90 85298 0 91 85298 0 92 85300 0 76 85303 0 53 85326 0 
TIME iteration: 323 ms
Round:161
IR: 117, 413, 446, 435, 168
85342 0 69 85343 0 68 85358 0 76 85366 0 51 85371 0 54 85412 0 76 85427 0 52 85518 0 54 85523 0 53 85528 0 51 85574 0 61 85575 0 60 85578 0 76 85595 0 69 85596 0 68 85598 0 90 85598 0 91 85598 0 92 85601 0 76 85612 0 52 85627 0 76 85649 0 53 85659 0 76 85685 0 69 85703 0 51 85714 0 76 85752 0 54 85781 0 53 85798 0 
TIME iteration: 322 ms
Round:162
IR: 78, 455, 396, 296, 379
85895 0 52 85896 0 51 85934 0 54 85937 0 61 85941 0 60 85942 0 63 85943 0 62 85943 0 76 85951 0 77 85956 0 68 85963 0 53 85964 0 90 85964 0 91 85964 0 92 85966 0 76 85967 0 69 85975 0 77 85992 0 76 86002 0 77 86007 0 51 86024 0 76 86027 0 68 86029 0 71 86034 0 70 86037 0 52 86037 0 77 86057 0 54 86080 0 76 86094 0 90 86094 0 91 86094 0 92 86113 0 53 86120 0 51 86154 0 54 86155 0 52 86261 0 53 86275 0 54 86276 0 51 86277 0 
TIME iteration: 322 ms
Round:163
IR: 117, 180, 194, 296, 35
86402 0 53 86441 0 51 86449 0 54 86458 0 64 86458 0 65 86466 0 78 86476 0 66 86477 0 67 86479 0 52 86483 0 60 86483 0 61 86485 0 79 86488 0 90 86488 0 91 86488 0 92 86489 0 76 86490 0 78 86509 0 79 86513 0 76 86516 0 69 86517 0 78 86524 0 68 86536 0 79 86540 0 76 86551 0 78 86553 0 73 86555 0 72 86564 0 74 86565 0 75 86571 0 79 86572 0 52 86574 0 76 86582 0 51 86597 0 53 86602 0 90 86602 0 91 86602 0 92 86627 0 54 86650 0 76 86681 0 52 86739 0 53 86776 0 54 86777 0 51 86823 0 52 86846 0 
TIME iteration: 323 ms
Round:164
IR: 73, 332, 265, 402, 284
86920 0 65 86930 0 78 86931 0 51 86932 0 64 86934 0 54 86953 0 78 86954 0 90 86954 0 91 86954 0 92 86961 0 72 86961 0 73 86975 0 53 86976 0 52 86979 0 78 87011 0 78 87043 0 54 87066 0 78 87099 0 51 87116 0 52 87117 0 53 87148 0 54 87248 0 52 87286 0 54 87290 0 51 87295 0 62 87296 0 63 87297 0 66 87298 0 67 87304 0 77 87305 0 79 87320 0 90 87320 0 91 87320 0 92 87328 0 77 87329 0 79 87351 0 75 87354 0 74 87355 0 77 87356 0 79 87371 0 71 87372 0 70 87387 0 53 87390 0 77 87390 0 79 87422 0 
TIME iteration: 324 ms
Round:165
IR: 36, 306, 433, 418, 219
87450 0 90 87450 0 91 87450 0 92 87482 0 54 87545 0 52 87601 0 51 87622 0 53 87636 0 54 87666 0 52 87755 0 51 87755 0 53 87770 0 54 87810 0 66 87811 0 67 87816 0 79 87840 0 79 87840 0 90 87840 0 91 87840 0 92 87846 0 74 87846 0 75 87867 0 79 87887 0 51 87901 0 79 87905 0 52 87943 0 53 87968 0 
TIME iteration: 323 ms
Round:166
IR: 113, 315, 245, 283, 285
88031 0 52 88077 0 54 88080 0 51 88097 0 53 88144 0 66 88148 0 67 88149 0 79 88165 0 74 88165 0 75 88171 0 54 88171 0 90 88171 0 91 88171 0 92 88172 0 79 88198 0 79 88199 0 52 88207 0 51 88230 0 79 88234 0 53 88241 0 75 88242 0 74 88285 0 79 88318 0 54 88349 0 52 88367 0 53 88369 0 51 88435 0 54 88438 0 66 88439 0 67 88442 0 79 88461 0 74 88461 0 75 88462 0 90 88462 0 91 88462 0 92 88465 0 79 88491 0 
TIME iteration: 322 ms
Round:167
IR: 103, 195, 145, 224, 168
88515 0 53 88523 0 79 88532 0 52 88581 0 79 88615 0 51 88643 0 54 88646 0 53 88657 0 52 88768 0 53 88792 0 51 88796 0 64 88797 0 65 88805 0 78 88822 0 90 88822 0 91 88822 0 92 88829 0 54 88829 0 78 88856 0 78 88882 0 72 88883 0 73 88884 0 53 88891 0 78 88892 0 52 88962 0 51 89019 0 53 89033 0 
TIME iteration: 322 ms
Round:168
IR: 100, 166, 168, 285, 192
89082 0 65 89083 0 64 89085 0 78 89104 0 72 89104 0 73 89105 0 53 89106 0 90 89106 0 91 89106 0 92 89108 0 52 89108 0 78 89134 0 78 89147 0 51 89166 0 78 89194 0 72 89198 0 53 89199 0 54 89219 0 78 89290 0 51 89325 0 53 89344 0 52 89348 0 64 89348 0 65 89351 0 78 89357 0 73 89365 0 54 89368 0 72 89371 0 90 89371 0 91 89371 0 92 89374 0 78 89400 0 78 89411 0 73 89424 0 51 89432 0 78 89451 0 72 89481 0 53 89486 0 78 89509 0 52 89560 0 
TIME iteration: 323 ms
Round:169
IR: 110, 292, 204, 383, 385
89604 0 54 89660 0 53 89675 0 52 89683 0 64 89683 0 65 89687 0 78 89690 0 51 89705 0 73 89708 0 90 89708 0 91 89708 0 92 89709 0 72 89710 0 78 89721 0 54 89736 0 78 89768 0 78 89793 0 52 89824 0 78 89841 0 51 89843 0 54 89879 0 53 89930 0 52 89988 0 54 90013 0 53 90014 0 51 90055 0 66 90056 0 52 90057 0 67 90062 0 64 90065 0 79 90066 0 65 90068 0 62 90068 0 63 90069 0 78 90076 0 77 90082 0 73 90082 0 90 90082 0 91 90082 0 92 90084 0 72 90089 0 79 90093 0 
TIME iteration: 322 ms
Round:170
IR: 87, 181, 325, 575, 280
90100 0 77 90116 0 79 90119 0 78 90127 0 77 90135 0 74 90137 0 75 90151 0 79 90152 0 78 90158 0 71 90159 0 73 90161 0 77 90171 0 72 90190 0 53 90198 0 90 90198 0 91 90198 0 92 90205 0 58 90214 0 78 90220 0 52 90244 0 58 90272 0 54 90272 0 86 90272 0 87 90282 0 58 90317 0 58 90334 0 51 90350 0 58 90351 0 52 90360 0 53 90382 0 58 90386 0 86 90386 0 87 90411 0 54 90414 0 58 90445 0 58 90474 0 58 90485 0 52 90498 0 86 90498 0 87 90502 0 58 90527 0 51 90530 0 53 90530 0 58 90557 0 58 90585 0 58 90610 0 86 90610 0 87 90612 0 
TIME iteration: 324 ms
Round:171
IR: 59, 206, 187, 241, 82
90640 0 58 90648 0 54 90676 0 58 90678 0 67 90680 0 66 90686 0 79 90690 0 52 90705 0 53 90710 0 79 90710 0 90 90710 0 91 90710 0 92 90714 0 51 90722 0 74 90723 0 75 90730 0 86 90730 0 87 90737 0 79 90769 0 58 90771 0 79 90781 0 54 90819 0 51 90820 0 52 90886 0 53 90893 0 54 90934 0 52 90954 0 51 91002 0 53 91052 0 54 91060 0 67 91061 0 66 91065 0 79 91084 0 74 91084 0 75 91087 0 90 91087 0 91 91087 0 92 91089 0 79 91108 0 52 91116 0 79 91126 0 51 91149 0 79 91158 0 
TIME iteration: 323 ms
Round:172
IR: 120, 266, 161, 292, 155
91202 0 54 91225 0 79 91255 0 51 91278 0 52 91311 0 53 91353 0 51 91390 0 60 91391 0 61 91399 0 76 91407 0 54 91415 0 90 91415 0 91 91415 0 92 91423 0 76 91435 0 52 91445 0 53 91450 0 76 91475 0 51 91479 0 69 91484 0 68 91485 0 76 91555 0 52 91564 0 54 91567 0 53 91596 0 51 91655 0 60 91656 0 61 91657 0 76 91671 0 54 91676 0 68 91676 0 69 91679 0 90 91679 0 91 91679 0 92 91680 0 
TIME iteration: 322 ms
Round:173
IR: 105, 449, 450, 430, 390
91706 0 76 91709 0 51 91737 0 76 91746 0 53 91755 0 52 91760 0 68 91768 0 69 91787 0 76 91804 0 54 91856 0 51 91881 0 52 91899 0 60 91900 0 61 91902 0 76 91919 0 53 91919 0 68 91919 0 69 91922 0 90 91922 0 91 91922 0 92 91925 0 76 91951 0 76 91971 0 51 91983 0 76 91998 0 68 92000 0 69 92034 0 52 92036 0 76 92050 0 54 92097 0 51 92130 0 60 92131 0 61 92133 0 53 92133 0 76 92148 0 68 92149 0 69 92153 0 90 92153 0 91 92153 0 92 92156 0 76 92160 0 54 92178 0 52 92182 0 76 92213 0 76 92218 0 
TIME iteration: 323 ms
Round:174
IR: 132, 336, 192, 284, 17
92227 0 69 92230 0 51 92264 0 76 92291 0 52 92310 0 53 92363 0 54 92413 0 51 92422 0 52 92441 0 60 92441 0 61 92445 0 76 92447 0 53 92463 0 68 92464 0 69 92465 0 90 92465 0 91 92465 0 92 92468 0 76 92494 0 76 92523 0 54 92526 0 76 92582 0 76 92598 0 51 92607 0 52 92667 0 53 92677 0 
TIME iteration: 322 ms
Round:175
IR: 87, 212, 213, 386, 284
92787 0 51 92789 0 52 92792 0 53 92813 0 54 92839 0 66 92839 0 67 92848 0 79 92856 0 64 92857 0 65 92865 0 61 92865 0 78 92865 0 90 92865 0 91 92865 0 92 92872 0 79 92876 0 76 92887 0 53 92889 0 78 92899 0 79 92906 0 76 92909 0 51 92916 0 78 92923 0 75 92926 0 74 92930 0 52 92934 0 79 92947 0 73 92950 0 76 92951 0 78 92955 0 72 92982 0 90 92982 0 91 92982 0 92 93028 0 54 93032 0 53 93051 0 52 93075 0 51 93147 0 52 93234 0 51 93235 0 54 93253 0 
TIME iteration: 322 ms
Round:176
IR: 59, 355, 264, 311, 273
93318 0 52 93347 0 62 93347 0 63 93355 0 77 93371 0 53 93376 0 90 93376 0 91 93376 0 92 93379 0 77 93381 0 54 93406 0 77 93440 0 77 93442 0 52 93442 0 70 93442 0 71 93470 0 51 93539 0 54 93553 0 53 93597 0 52 93641 0 51 93655 0 62 93657 0 63 93658 0 53 93659 0 77 93679 0 71 93680 0 70 93681 0 90 93681 0 91 93681 0 92 93682 0 77 93697 0 54 93708 0 77 93740 0 77 93768 0 51 93794 0 52 93794 0 77 93802 0 
TIME iteration: 323 ms
Round:177
IR: 86, 229, 222, 220, 218
93844 0 53 93911 0 51 93960 0 54 93975 0 53 93999 0 52 94038 0 66 94041 0 67 94048 0 79 94060 0 51 94061 0 65 94065 0 90 94065 0 91 94065 0 92 94072 0 79 94078 0 78 94099 0 79 94108 0 75 94110 0 78 94113 0 74 94134 0 79 94137 0 52 94153 0 53 94155 0 54 94163 0 78 94205 0 90 94205 0 91 94205 0 92 94208 0 51 94330 0 
TIME iteration: 322 ms
Round:178
IR: 102, 248, 196, 293, 24
94341 0 51 94359 0 54 94402 0 52 94455 0 53 94526 0 51 94533 0 54 94551 0 52 94667 0 54 94672 0 66 94672 0 67 94679 0 79 94699 0 53 94703 0 79 94704 0 90 94704 0 91 94704 0 92 94712 0 51 94715 0 75 94717 0 74 94728 0 52 94730 0 79 94764 0 79 94823 0 53 94839 0 
TIME iteration: 322 ms
Round:179
IR: 76, 195, 195, 222, 100
94870 0 54 94879 0 51 94979 0 53 95031 0 52 95037 0 54 95083 0 67 95084 0 66 95088 0 79 95093 0 62 95097 0 63 95103 0 77 95109 0 75 95110 0 74 95110 0 90 95110 0 91 95110 0 92 95112 0 79 95119 0 51 95127 0 77 95131 0 52 95138 0 79 95154 0 77 95167 0 70 95171 0 79 95174 0 71 95184 0 53 95188 0 77 95207 0 54 95234 0 79 95238 0 90 95238 0 91 95238 0 92 95257 0 52 95276 0 51 95285 0 53 95377 0 54 95388 0 52 95389 0 
TIME iteration: 322 ms
Round:180
IR: 82, 236, 200, 288, 18
95427 0 51 95527 0 54 95542 0 53 95560 0 52 95580 0 64 95581 0 65 95589 0 78 95596 0 51 95610 0 90 95610 0 91 95610 0 92 95613 0 78 95640 0 78 95664 0 72 95667 0 73 95675 0 78 95689 0 52 95689 0 54 95696 0 53 95718 0 51 95822 0 53 95844 0 51 95844 0 52 95845 0 54 95872 0 64 95873 0 65 95875 0 78 95894 0 72 95894 0 73 95897 0 90 95897 0 91 95897 0 92 95898 0 78 95924 0 
TIME iteration: 323 ms
Round:181
IR: 98, 331, 202, 403, 313
95956 0 78 95984 0 53 95998 0 52 96009 0 78 96035 0 51 96118 0 54 96140 0 52 96162 0 51 96185 0 53 96298 0 54 96304 0 53 96310 0 64 96310 0 65 96315 0 78 96317 0 52 96331 0 62 96332 0 63 96333 0 72 96333 0 73 96337 0 90 96337 0 91 96337 0 92 96339 0 78 96340 0 77 96364 0 77 96366 0 78 96391 0 77 96399 0 78 96402 0 71 96403 0 70 96409 0 54 96426 0 52 96426 0 77 96430 0 
TIME iteration: 322 ms
Round:182
IR: 93, 198, 196, 412, 405
96461 0 90 96461 0 91 96461 0 92 96465 0 78 96487 0 53 96544 0 52 96560 0 54 96597 0 51 96659 0 54 96679 0 52 96701 0 53 96782 0 51 96829 0 54 96844 0 52 96846 0 66 96846 0 67 96855 0 79 96858 0 62 96859 0 63 96864 0 77 96876 0 90 96876 0 91 96876 0 92 96879 0 79 96888 0 77 96894 0 53 96895 0 70 96896 0 71 96906 0 79 96915 0 77 96926 0 74 96928 0 75 96931 0 51 96941 0 79 96948 0 
TIME iteration: 322 ms
Round:183
IR: 44, 179, 264, 320, 268
97006 0 90 97006 0 91 97006 0 92 97015 0 77 97016 0 52 97030 0 54 97105 0 53 97111 0 51 97154 0 54 97193 0 52 97231 0 53 97259 0 54 97269 0 51 97310 0 67 97311 0 66 97316 0 79 97339 0 90 97339 0 91 97339 0 92 97340 0 79 97343 0 75 97344 0 74 97367 0 52 97367 0 79 97400 0 79 97408 0 51 97419 0 53 97420 0 54 97472 0 
TIME iteration: 322 ms
Round:184
IR: 88, 181, 305, 428, 151
97538 0 53 97557 0 52 97567 0 51 97611 0 54 97665 0 52 97670 0 53 97688 0 64 97689 0 65 97697 0 78 97702 0 62 97702 0 63 97710 0 77 97714 0 90 97714 0 91 97714 0 92 97721 0 78 97734 0 77 97742 0 51 97748 0 78 97752 0 71 97753 0 70 97759 0 72 97761 0 73 97761 0 77 97783 0 78 97795 0 77 97799 0 52 97809 0 53 97840 0 90 97840 0 91 97840 0 92 97861 0 51 97924 0 52 97931 0 53 97933 0 54 98013 0 51 98046 0 
TIME iteration: 322 ms
Round:185
IR: 73, 186, 274, 424, 295
98066 0 54 98084 0 52 98136 0 51 98164 0 53 98174 0 65 98175 0 64 98180 0 78 98186 0 60 98186 0 61 98194 0 76 98204 0 78 98204 0 90 98204 0 91 98204 0 92 98210 0 72 98210 0 73 98218 0 76 98220 0 51 98231 0 78 98242 0 54 98245 0 76 98248 0 52 98264 0 53 98264 0 78 98279 0 76 98288 0 69 98296 0 68 98308 0 51 98331 0 78 98334 0 90 98334 0 91 98334 0 92 98379 0 52 98395 0 53 98411 0 54 98446 0 51 98505 0 52 98529 0 54 98543 0 53 98567 0 
TIME iteration: 322 ms
Round:186
IR: 95, 350, 302, 330, 190
98625 0 52 98659 0 54 98661 0 62 98661 0 63 98669 0 77 98681 0 66 98682 0 67 98690 0 79 98690 0 90 98690 0 91 98690 0 92 98693 0 77 98714 0 79 98720 0 77 98721 0 71 98723 0 70 98741 0 79 98754 0 74 98754 0 75 98754 0 77 98776 0 79 98790 0 54 98801 0 51 98815 0 90 98815 0 91 98815 0 92 98855 0 52 98856 0 53 98942 0 51 98988 0 52 99008 0 53 99060 0 51 99102 0 
TIME iteration: 323 ms
Round:187
IR: 89, 200, 212, 380, 314
99130 0 53 99161 0 52 99169 0 64 99170 0 65 99177 0 78 99199 0 90 99199 0 91 99199 0 92 99201 0 78 99228 0 72 99228 0 78 99229 0 73 99260 0 53 99262 0 78 99281 0 54 99332 0 52 99333 0 51 99398 0 53 99436 0 54 99482 0 51 99530 0 52 99552 0 53 99559 0 64 99560 0 65 99561 0 54 99563 0 78 99578 0 66 99578 0 67 99586 0 72 99586 0 73 99586 0 78 99586 0 79 99586 0 90 99586 0 91 99586 0 92 99610 0 79 99612 0 78 99636 0 74 99637 0 51 99637 0 75 99637 0 
TIME iteration: 322 ms
Round:188
IR: 96, 320, 187, 149, 226
99644 0 78 99671 0 79 99695 0 52 99699 0 78 99711 0 90 99711 0 91 99711 0 92 99728 0 54 99746 0 53 99795 0 51 99820 0 52 99898 0 53 99922 0 54 99971 0 52 100006 0 51 100049 0 54 100079 0 52 100086 0 62 100087 0 63 100092 0 66 100092 0 67 100095 0 77 100098 0 79 100114 0 90 100114 0 91 100114 0 92 100119 0 77 100122 0 79 100126 0 75 100128 0 74 100130 0 53 100146 0 77 100149 0 79 100157 0 70 100162 0 
TIME iteration: 323 ms
Round:189
IR: 83, 208, 180, 334, 207
100181 0 77 100183 0 79 100211 0 51 100243 0 52 100245 0 90 100245 0 91 100245 0 92 100265 0 53 100273 0 54 100380 0 53 100458 0 51 100481 0 52 100501 0 53 100503 0 54 100567 0 64 100571 0 65 100577 0 78 100598 0 90 100598 0 91 100598 0 92 100600 0 53 100601 0 78 100620 0 51 100627 0 72 100627 0 73 100628 0 78 100653 0 54 100662 0 78 100671 0 
TIME iteration: 323 ms
Round:190
IR: 85, 212, 210, 283, 258
100728 0 53 100795 0 52 100802 0 54 100816 0 51 100929 0 53 100965 0 64 100965 0 65 100969 0 78 100978 0 52 100981 0 54 100991 0 73 100991 0 90 100991 0 91 100991 0 92 100992 0 72 100992 0 78 101018 0 78 101050 0 51 101050 0 78 101106 0 78 101152 0 54 101176 0 52 101190 0 53 101194 0 
TIME iteration: 323 ms
Round:191
IR: 124, 327, 234, 301, 149
101246 0 54 101323 0 67 101325 0 66 101333 0 79 101340 0 51 101349 0 90 101349 0 91 101349 0 92 101354 0 52 101357 0 79 101368 0 54 101378 0 53 101384 0 79 101392 0 75 101393 0 74 101419 0 79 101529 0 54 101550 0 52 101566 0 53 101581 0 51 101698 0 53 101706 0 54 101723 0 66 101724 0 67 101728 0 79 101736 0 65 101737 0 64 101742 0 51 101744 0 78 101750 0 90 101750 0 91 101750 0 92 101751 0 74 101752 0 75 101752 0 
TIME iteration: 324 ms
Round:192
IR: 85, 224, 293, 430, 78
101768 0 52 101768 0 78 101778 0 79 101782 0 72 101782 0 73 101795 0 78 101811 0 79 101817 0 53 101829 0 78 101838 0 54 101875 0 79 101877 0 90 101877 0 91 101877 0 92 101899 0 51 101920 0 52 101940 0 53 101955 0 54 102015 0 51 102084 0 53 102100 0 52 102125 0 51 102151 0 54 102189 0 61 102192 0 60 102199 0 76 102219 0 90 102219 0 91 102219 0 92 102223 0 76 102232 0 51 102244 0 53 102249 0 52 102250 0 76 102285 0 76 102286 0 
TIME iteration: 323 ms
Round:193
IR: 116, 193, 204, 304, 314
102296 0 69 102326 0 54 102343 0 51 102396 0 52 102432 0 53 102522 0 51 102532 0 52 102535 0 54 102538 0 60 102538 0 61 102541 0 76 102563 0 90 102563 0 91 102563 0 92 102564 0 68 102564 0 76 102565 0 69 102587 0 53 102590 0 76 102615 0 52 102622 0 76 102629 0 54 102676 0 76 102738 0 54 102763 0 53 102772 0 51 102807 0 
TIME iteration: 322 ms
Round:194
IR: 77, 213, 201, 355, 467
102894 0 51 102921 0 54 102923 0 53 102935 0 61 102936 0 60 102937 0 59 102940 0 76 102944 0 66 102945 0 67 102953 0 79 102955 0 69 102957 0 68 102962 0 90 102962 0 91 102962 0 92 102964 0 76 102974 0 59 102977 0 79 102990 0 76 102994 0 51 103003 0 88 103003 0 89 103004 0 79 103007 0 52 103008 0 59 103012 0 75 103015 0 74 103023 0 76 103030 0 53 103034 0 69 103037 0 88 103037 0 89 103039 0 79 103040 0 59 103070 0 88 103070 0 89 103071 0 59 103084 0 76 103085 0 54 103091 0 90 103091 0 91 103091 0 92 103092 0 51 103102 0 59 103103 0 88 103103 0 89 103131 0 59 103134 0 88 103134 0 89 103161 0 59 103164 0 88 103164 0 89 103173 0 52 103190 0 59 103193 0 53 103194 0 88 103194 0 89 103219 0 59 103223 0 88 103223 0 89 103249 0 59 103253 0 88 103253 0 89 103262 0 54 103266 0 51 103278 0 59 103282 0 52 103282 0 88 103282 0 89 103307 0 59 103311 0 88 103311 0 89 103318 0 53 103335 0 59 103340 0 88 103340 0 
TIME iteration: 323 ms
Round:195
IR: 143, 316, 231, 270, 59
103366 0 59 103370 0 88 103370 0 89 103394 0 52 103403 0 88 103403 0 89 103413 0 59 103419 0 53 103426 0 51 103432 0 64 103432 0 65 103434 0 88 103434 0 89 103440 0 78 103447 0 54 103461 0 90 103461 0 91 103461 0 92 103464 0 78 103480 0 88 103480 0 89 103491 0 78 103515 0 73 103518 0 72 103525 0 78 103556 0 52 103586 0 53 103612 0 54 103646 0 51 103753 0 54 103757 0 53 103789 0 64 103790 0 65 103793 0 78 103803 0 51 103808 0 52 103815 0 72 103815 0 90 103815 0 91 103815 0 92 103816 0 73 103816 0 78 103842 0 78 103874 0 
TIME iteration: 323 ms
Round:196
IR: 147, 338, 289, 288, 190
103882 0 53 103912 0 52 103929 0 78 103937 0 51 103975 0 54 104022 0 52 104057 0 53 104094 0 51 104117 0 52 104124 0 63 104125 0 62 104133 0 77 104149 0 90 104149 0 91 104149 0 92 104157 0 77 104164 0 53 104171 0 54 104184 0 77 104215 0 70 104219 0 77 104225 0 71 104237 0 51 104316 0 52 104353 0 53 104366 0 51 104381 0 
TIME iteration: 322 ms
Round:197
IR: 93, 233, 272, 225, 118
104520 0 51 104524 0 52 104535 0 60 104536 0 61 104544 0 76 104548 0 63 104549 0 62 104553 0 77 104558 0 54 104562 0 90 104562 0 91 104562 0 92 104568 0 76 104577 0 77 104580 0 70 104580 0 71 104595 0 76 104603 0 77 104614 0 68 104623 0 69 104630 0 76 104636 0 77 104662 0 52 104674 0 53 104684 0 51 104689 0 90 104689 0 91 104689 0 92 104697 0 77 104744 0 54 104803 0 52 104857 0 51 104900 0 
TIME iteration: 322 ms
Round:198
IR: 89, 207, 346, 359, 476
104958 0 51 104979 0 52 105013 0 54 105019 0 53 105022 0 61 105024 0 60 105028 0 76 105044 0 59 105052 0 76 105052 0 90 105052 0 91 105052 0 92 105057 0 68 105059 0 69 105079 0 76 105080 0 51 105080 0 59 105103 0 88 105103 0 89 105112 0 76 105113 0 52 105113 0 59 105135 0 88 105135 0 89 105145 0 59 105166 0 88 105166 0 89 105171 0 51 105176 0 59 105178 0 76 105196 0 88 105196 0 89 105205 0 53 105207 0 59 105225 0 88 105225 0 89 105229 0 54 105237 0 59 105254 0 88 105254 0 89 105267 0 59 105283 0 88 105283 0 89 105284 0 51 105299 0 59 105307 0 52 105311 0 88 105311 0 89 105312 0 61 105313 0 60 105316 0 76 105327 0 68 105327 0 69 105332 0 59 105337 0 90 105337 0 91 105337 0 92 105339 0 76 105339 0 88 105339 0 89 105365 0 76 105367 0 59 105370 0 88 105370 0 89 105390 0 68 105392 0 69 105397 0 76 105400 0 59 105402 0 88 105402 0 89 105405 0 52 105406 0 54 105424 0 53 105432 0 59 105434 0 88 105434 0 89 105441 0 51 105452 0 76 105462 0 59 105465 0 88 105465 0 
TIME iteration: 325 ms
Round:199
IR: 90, 187, 447, 511, 344
105498 0 59 105498 0 88 105498 0 89 105531 0 88 105531 0 89 105539 0 52 105557 0 53 105561 0 58 105571 0 51 105585 0 88 105585 0 89 105595 0 60 105595 0 61 105596 0 58 105598 0 76 105616 0 68 105616 0 69 105619 0 90 105619 0 91 105619 0 92 105621 0 76 105625 0 86 105625 0 87 105631 0 58 105638 0 53 105647 0 76 105649 0 54 105664 0 58 105679 0 76 105688 0 52 105697 0 58 105707 0 69 105709 0 51 105728 0 58 105733 0 76 105736 0 86 105736 0 87 105758 0 58 105773 0 53 105780 0 52 105788 0 58 105799 0 54 105817 0 58 105832 0 51 105845 0 58 105848 0 86 105848 0 87 105871 0 60 105872 0 61 105873 0 58 105875 0 76 105881 0 68 105893 0 53 105894 0 69 105895 0 90 105895 0 91 105895 0 92 105898 0 76 105901 0 58 105924 0 76 105928 0 58 105936 0 68 105943 0 54 105954 0 52 105956 0 58 105956 0 76 105959 0 86 105959 0 87 105983 0 58 105986 0 
TIME iteration: 323 ms
