Experiment Risk
CUTOFF_IR 0
Config: ./networks/network35.conf, Protocol: ./networks/network35.pro, +100 IR
Round:0
IR: 4, 194, 217, 340, 135
327 0 52 353 0 54 429 0 53 448 0 51 449 0 54 466 0 66 466 0 67 475 0 79 499 0 79 507 0 90 507 0 91 507 0 92 519 0 52 526 0 
TIME iteration: 452 ms
Round:1
IR: 7, 327, 419, 386, 105
546 0 54 561 0 51 561 0 79 632 0 52 657 0 53 700 0 51 715 0 54 743 0 52 776 0 53 821 0 63 829 0 62 834 0 77 851 0 90 851 0 91 851 0 92 858 0 77 864 0 51 870 0 52 885 0 77 920 0 77 926 0 54 930 0 70 940 0 71 951 0 53 955 0 
TIME iteration: 322 ms
Round:2
IR: 2, 345, 293, 269, 108
1060 0 52 1066 0 53 1071 0 51 1108 0 54 1196 0 53 1208 0 65 1209 0 64 1215 0 52 1217 0 78 1220 0 62 1221 0 63 1223 0 54 1225 0 77 1234 0 90 1234 0 91 1234 0 92 1241 0 78 1249 0 51 1249 0 77 1251 0 70 1251 0 71 1268 0 78 1275 0 77 1303 0 78 1308 0 77 1309 0 72 1314 0 73 1318 0 53 1323 0 54 1361 0 90 1361 0 91 1361 0 92 1369 0 77 1442 0 53 1460 0 52 1484 0 54 1491 0 
TIME iteration: 323 ms
Round:3
IR: 5, 180, 174, 233, 65
1612 0 51 1619 0 54 1634 0 53 1705 0 52 1729 0 53 1740 0 64 1740 0 65 1746 0 78 1748 0 51 1758 0 60 1759 0 61 1767 0 76 1770 0 78 1770 0 90 1770 0 91 1770 0 92 1772 0 54 1778 0 72 1780 0 73 1791 0 76 1792 0 52 1797 0 78 1818 0 76 1831 0 78 1853 0 69 1853 0 76 1859 0 68 1862 0 51 1864 0 53 1897 0 90 1897 0 91 1897 0 92 1907 0 78 1928 0 54 1929 0 52 1977 0 51 2054 0 53 2063 0 54 2091 0 52 2119 0 
TIME iteration: 324 ms
Round:4
IR: 1, 213, 404, 513, 260
2217 0 58 2230 0 53 2255 0 58 2273 0 52 2274 0 51 2283 0 86 2283 0 87 2286 0 54 2286 0 60 2287 0 61 2288 0 58 2292 0 76 2316 0 76 2317 0 90 2317 0 91 2317 0 92 2320 0 58 2325 0 69 2326 0 68 2343 0 76 2350 0 58 2371 0 51 2376 0 76 2380 0 58 2387 0 53 2393 0 86 2393 0 87 2410 0 58 2417 0 54 2428 0 52 2439 0 58 2443 0 76 2468 0 58 2496 0 51 2497 0 58 2503 0 86 2503 0 87 2525 0 58 2538 0 53 2554 0 58 2566 0 54 2579 0 52 2582 0 58 2611 0 58 2614 0 86 2614 0 87 2615 0 51 2625 0 60 2625 0 61 2629 0 76 2640 0 58 2644 0 68 2644 0 
TIME iteration: 324 ms
Round:5
IR: 20, 267, 294, 287, 190
2650 0 90 2650 0 91 2650 0 92 2652 0 76 2672 0 58 2678 0 76 2710 0 76 2717 0 53 2725 0 58 2725 0 69 2730 0 86 2730 0 87 2748 0 54 2748 0 68 2766 0 76 2768 0 52 2844 0 53 2853 0 51 2870 0 52 2896 0 54 2959 0 53 2979 0 51 2983 0 60 2983 0 61 2987 0 76 3008 0 90 3008 0 91 3008 0 92 3010 0 76 3011 0 68 3011 0 69 3036 0 54 3036 0 76 3068 0 76 3113 0 51 3114 0 52 3120 0 53 3124 0 76 3141 0 
TIME iteration: 323 ms
Round:6
IR: 23, 177, 148, 256, 233
3254 0 52 3266 0 51 3274 0 54 3328 0 67 3329 0 66 3338 0 79 3341 0 61 3344 0 53 3346 0 60 3348 0 76 3354 0 90 3354 0 91 3354 0 92 3362 0 68 3362 0 69 3362 0 79 3372 0 76 3389 0 79 3395 0 52 3398 0 76 3409 0 54 3417 0 75 3420 0 74 3424 0 79 3431 0 76 3436 0 68 3437 0 51 3442 0 69 3455 0 53 3479 0 90 3479 0 91 3479 0 92 3492 0 76 3502 0 52 3608 0 51 3619 0 52 3623 0 54 3630 0 
TIME iteration: 323 ms
Round:7
IR: 5, 190, 192, 263, 200
3751 0 53 3769 0 54 3780 0 52 3839 0 63 3845 0 62 3850 0 77 3872 0 90 3872 0 91 3872 0 92 3874 0 77 3901 0 77 3902 0 51 3918 0 52 3928 0 54 3929 0 70 3935 0 77 3942 0 53 3943 0 71 4096 0 54 4099 0 52 4107 0 53 4123 0 
TIME iteration: 323 ms
Round:8
IR: 16, 136, 133, 280, 145
4241 0 54 4267 0 66 4267 0 67 4275 0 79 4294 0 90 4294 0 91 4294 0 92 4298 0 52 4299 0 79 4326 0 79 4328 0 74 4328 0 75 4329 0 53 4342 0 51 4361 0 79 4471 0 52 4472 0 51 4474 0 53 4508 0 54 4603 0 51 4608 0 53 4635 0 61 4636 0 60 4644 0 76 4647 0 64 4647 0 65 4651 0 52 4655 0 78 4661 0 90 4661 0 91 4661 0 92 4668 0 76 4679 0 78 4695 0 76 4706 0 78 4709 0 68 4710 0 69 4730 0 76 4740 0 78 4741 0 72 4742 0 73 4763 0 
TIME iteration: 323 ms
Round:9
IR: 3, 169, 296, 368, 177
4788 0 90 4788 0 91 4788 0 92 4790 0 54 4819 0 52 4865 0 51 4885 0 54 4919 0 53 5000 0 52 5044 0 51 5061 0 54 5067 0 53 5137 0 52 5179 0 62 5179 0 63 5187 0 77 5197 0 51 5207 0 54 5209 0 90 5209 0 91 5209 0 92 5211 0 77 5226 0 53 5238 0 77 5254 0 71 5255 0 52 5257 0 70 5272 0 
TIME iteration: 324 ms
Round:10
IR: 4, 148, 150, 243, 85
5336 0 51 5368 0 54 5400 0 53 5447 0 52 5485 0 51 5553 0 54 5563 0 53 5610 0 52 5611 0 64 5614 0 65 5617 0 63 5618 0 62 5620 0 78 5622 0 77 5631 0 67 5633 0 66 5639 0 90 5639 0 91 5639 0 92 5641 0 79 5644 0 78 5646 0 77 5649 0 71 5650 0 70 5665 0 79 5671 0 78 5672 0 77 5673 0 72 5674 0 73 5692 0 79 5695 0 54 5705 0 77 5705 0 78 5706 0 74 5709 0 51 5709 0 75 5727 0 79 5744 0 53 5754 0 90 5754 0 91 5754 0 92 5766 0 77 5785 0 52 5806 0 
TIME iteration: 323 ms
Round:11
IR: 23, 307, 317, 259, 230
5845 0 54 5864 0 53 5900 0 52 5983 0 53 5991 0 54 5995 0 51 6022 0 52 6073 0 62 6074 0 63 6079 0 77 6099 0 71 6100 0 53 6101 0 70 6102 0 90 6102 0 91 6102 0 92 6103 0 77 6130 0 77 6132 0 52 6142 0 51 6151 0 54 6163 0 77 6221 0 53 6230 0 77 6266 0 52 6286 0 
TIME iteration: 324 ms
Round:12
IR: 45, 456, 197, 266, 116
6405 0 54 6430 0 52 6445 0 53 6455 0 62 6456 0 63 6460 0 77 6466 0 51 6475 0 71 6476 0 70 6482 0 90 6482 0 91 6482 0 92 6484 0 77 6510 0 77 6543 0 77 6558 0 71 6568 0 70 6581 0 54 6604 0 77 6618 0 52 6632 0 53 6734 0 51 6739 0 54 6751 0 53 6769 0 52 6780 0 63 6781 0 62 6785 0 77 6805 0 70 6805 0 71 6805 0 90 6805 0 91 6805 0 92 6809 0 77 6835 0 77 6868 0 77 6889 0 
TIME iteration: 323 ms
Round:13
IR: 19, 280, 200, 249, 137
6898 0 53 6907 0 51 6928 0 54 6929 0 77 7038 0 52 7079 0 53 7082 0 54 7093 0 51 7198 0 52 7202 0 54 7204 0 62 7204 0 63 7209 0 66 7209 0 77 7210 0 67 7218 0 79 7226 0 70 7227 0 71 7230 0 90 7230 0 91 7230 0 92 7233 0 77 7240 0 53 7242 0 79 7260 0 77 7269 0 79 7285 0 74 7289 0 75 7293 0 77 7304 0 79 7307 0 51 7326 0 52 7359 0 77 7360 0 90 7360 0 91 7360 0 92 7364 0 53 7376 0 
TIME iteration: 323 ms
Round:14
IR: 0, 80, 216, 239, 196
7446 0 52 7488 0 53 7554 0 51 7606 0 53 7607 0 54 7684 0 52 7721 0 51 7745 0 54 7762 0 53 7765 0 64 7765 0 65 7773 0 78 7785 0 66 7786 0 67 7792 0 79 7795 0 90 7795 0 91 7795 0 92 7797 0 78 7814 0 52 7816 0 79 7824 0 78 7826 0 74 7826 0 75 7843 0 79 7857 0 73 7858 0 78 7859 0 72 7877 0 79 7879 0 54 7890 0 53 7921 0 90 7921 0 91 7921 0 92 7935 0 52 7944 0 
TIME iteration: 323 ms
Round:15
IR: 9, 295, 310, 366, 352
8017 0 54 8092 0 53 8115 0 52 8171 0 54 8221 0 53 8229 0 51 8276 0 52 8302 0 64 8304 0 65 8309 0 78 8324 0 53 8329 0 62 8331 0 63 8333 0 78 8333 0 90 8333 0 91 8333 0 92 8335 0 54 8338 0 77 8342 0 72 8342 0 73 8360 0 78 8362 0 77 8389 0 77 8392 0 70 8393 0 52 8394 0 78 8396 0 71 8412 0 51 8423 0 77 8425 0 53 8456 0 90 8456 0 91 8456 0 92 8470 0 
TIME iteration: 327 ms
Round:16
IR: 2, 290, 312, 237, 225
8487 0 54 8523 0 52 8527 0 53 8545 0 51 8617 0 53 8628 0 52 8687 0 54 8698 0 51 8720 0 52 8722 0 53 8741 0 62 8741 0 63 8741 0 64 8741 0 65 8745 0 77 8746 0 78 8765 0 90 8765 0 91 8765 0 92 8768 0 70 8768 0 73 8768 0 77 8769 0 72 8770 0 78 8771 0 71 8794 0 77 8797 0 78 8826 0 77 8830 0 78 8832 0 53 8843 0 51 8860 0 54 8882 0 77 8896 0 78 8896 0 90 8896 0 91 8896 0 92 8903 0 52 8972 0 51 8989 0 
TIME iteration: 323 ms
Round:17
IR: 6, 183, 171, 315, 419
9010 0 54 9028 0 52 9095 0 51 9125 0 53 9158 0 52 9183 0 54 9253 0 53 9267 0 65 9268 0 64 9274 0 78 9287 0 51 9297 0 90 9297 0 91 9297 0 92 9298 0 72 9298 0 73 9298 0 78 9325 0 78 9329 0 52 9359 0 78 9385 0 54 9386 0 53 9440 0 78 9476 0 51 9509 0 52 9515 0 
TIME iteration: 323 ms
Round:18
IR: 0, 80, 311, 520, 409
9547 0 54 9574 0 51 9641 0 60 9642 0 61 9643 0 58 9650 0 76 9667 0 90 9667 0 91 9667 0 92 9674 0 76 9680 0 58 9691 0 53 9701 0 76 9709 0 86 9709 0 87 9711 0 51 9714 0 52 9714 0 58 9735 0 68 9736 0 76 9738 0 69 9745 0 58 9776 0 58 9779 0 54 9806 0 58 9819 0 86 9819 0 87 9833 0 53 9835 0 58 9857 0 52 9864 0 58 9871 0 51 9893 0 58 9909 0 54 9922 0 58 9929 0 86 9929 0 87 9951 0 58 9953 0 53 9972 0 51 9973 0 60 9973 0 61 9976 0 76 9979 0 58 9998 0 68 9998 0 69 9998 0 90 9998 0 91 9998 0 92 9999 0 76 10008 0 58 10025 0 76 10028 0 52 10037 0 58 10040 0 86 10040 0 87 10057 0 76 10066 0 
TIME iteration: 323 ms
Round:19
IR: 23, 270, 246, 258, 123
10096 0 54 10101 0 51 10102 0 58 10111 0 76 10115 0 53 10151 0 52 10163 0 86 10163 0 87 10191 0 58 10237 0 53 10262 0 52 10269 0 54 10287 0 51 10366 0 61 10376 0 60 10376 0 76 10392 0 69 10393 0 68 10397 0 90 10397 0 91 10397 0 92 10400 0 76 10408 0 54 10426 0 76 10430 0 51 10446 0 52 10459 0 76 10482 0 53 10489 0 69 10521 0 76 10537 0 54 10552 0 51 10569 0 
TIME iteration: 322 ms
Round:20
IR: 3, 208, 190, 239, 215
10645 0 53 10663 0 54 10707 0 52 10726 0 67 10728 0 66 10736 0 79 10741 0 62 10741 0 63 10749 0 77 10752 0 90 10752 0 91 10752 0 92 10758 0 54 10760 0 79 10762 0 51 10773 0 77 10787 0 79 10797 0 53 10800 0 77 10817 0 74 10822 0 79 10825 0 71 10828 0 70 10831 0 75 10834 0 77 10847 0 54 10877 0 90 10877 0 91 10877 0 92 10888 0 52 10937 0 54 10972 0 53 10987 0 51 11050 0 52 11091 0 53 11125 0 
TIME iteration: 323 ms
Round:21
IR: 53, 466, 203, 271, 36
11163 0 51 11242 0 53 11260 0 64 11260 0 65 11268 0 78 11290 0 90 11290 0 91 11290 0 92 11292 0 78 11303 0 52 11319 0 78 11339 0 54 11344 0 51 11345 0 72 11348 0 73 11353 0 78 11378 0 53 11446 0 54 11463 0 51 11466 0 52 11585 0 51 11586 0 54 11591 0 53 11615 0 61 11616 0 60 11622 0 67 11623 0 66 11624 0 76 11631 0 79 11641 0 90 11641 0 91 11641 0 92 11648 0 76 11655 0 
TIME iteration: 323 ms
Round:22
IR: 22, 192, 298, 226, 241
11675 0 76 11682 0 75 11682 0 79 11684 0 68 11684 0 74 11687 0 69 11710 0 76 11717 0 79 11744 0 54 11758 0 51 11764 0 52 11770 0 90 11770 0 91 11770 0 92 11789 0 53 11867 0 54 11868 0 52 11902 0 53 11906 0 51 11970 0 54 11978 0 52 12051 0 51 12120 0 53 12140 0 52 12150 0 62 12152 0 63 12159 0 77 12166 0 54 12181 0 66 12181 0 67 12181 0 90 12181 0 91 12181 0 92 12183 0 77 12187 0 
TIME iteration: 324 ms
Round:23
IR: 7, 180, 152, 266, 349
12210 0 77 12211 0 79 12218 0 75 12220 0 74 12228 0 71 12230 0 70 12232 0 51 12238 0 79 12244 0 77 12272 0 79 12298 0 52 12303 0 90 12303 0 91 12303 0 92 12316 0 53 12328 0 54 12397 0 51 12488 0 54 12515 0 52 12516 0 51 12528 0 53 12610 0 51 12617 0 54 12626 0 60 12627 0 61 12634 0 76 12655 0 90 12655 0 91 12655 0 92 12656 0 53 12658 0 76 12685 0 76 12687 0 69 12691 0 68 12719 0 
TIME iteration: 324 ms
Round:24
IR: 2, 286, 251, 272, 137
12739 0 51 12754 0 54 12798 0 53 12806 0 52 12931 0 51 12960 0 54 12994 0 53 13005 0 60 13006 0 61 13009 0 76 13031 0 69 13031 0 90 13031 0 91 13031 0 92 13032 0 68 13032 0 76 13034 0 52 13058 0 76 13090 0 76 13104 0 54 13144 0 51 13145 0 76 13208 0 53 13226 0 54 13247 0 
TIME iteration: 323 ms
Round:25
IR: 6, 280, 320, 290, 187
13343 0 51 13365 0 52 13416 0 62 13418 0 63 13425 0 77 13430 0 53 13436 0 54 13443 0 90 13443 0 91 13443 0 92 13449 0 77 13476 0 77 13488 0 70 13492 0 71 13498 0 52 13500 0 51 13510 0 77 13623 0 52 13631 0 54 13651 0 53 13682 0 51 13711 0 52 13715 0 62 13715 0 63 13717 0 77 13736 0 71 13737 0 54 13737 0 70 13739 0 90 13739 0 91 13739 0 92 13740 0 77 13766 0 
TIME iteration: 323 ms
Round:26
IR: 17, 116, 200, 253, 90
13797 0 77 13809 0 53 13827 0 52 13836 0 71 13848 0 77 13858 0 51 13861 0 54 13973 0 51 14015 0 54 14019 0 52 14039 0 53 14056 0 62 14057 0 63 14061 0 77 14072 0 70 14081 0 90 14081 0 91 14081 0 92 14084 0 71 14085 0 77 14111 0 77 14123 0 51 14138 0 70 14144 0 77 14159 0 54 14184 0 53 14191 0 52 14205 0 77 14227 0 51 14304 0 53 14305 0 
TIME iteration: 323 ms
Round:27
IR: 1, 215, 346, 296, 197
14354 0 52 14366 0 51 14399 0 62 14400 0 63 14404 0 77 14406 0 60 14406 0 61 14414 0 76 14416 0 71 14424 0 70 14424 0 90 14424 0 91 14424 0 92 14428 0 77 14432 0 54 14438 0 76 14445 0 53 14454 0 77 14465 0 76 14477 0 69 14478 0 52 14478 0 68 14485 0 71 14487 0 77 14499 0 76 14548 0 77 14552 0 90 14552 0 91 14552 0 92 14573 0 53 14598 0 54 14609 0 52 14667 0 51 14722 0 54 14743 0 53 14791 0 52 14835 0 
TIME iteration: 323 ms
Round:28
IR: 95, 249, 181, 246, 177
14887 0 53 14920 0 52 14922 0 54 14933 0 65 14936 0 64 14942 0 62 14942 0 63 14943 0 78 14948 0 77 14963 0 90 14963 0 91 14963 0 92 14967 0 78 14972 0 77 14973 0 70 14982 0 71 14994 0 78 14999 0 51 14999 0 77 15028 0 72 15029 0 73 15029 0 78 15033 0 77 15078 0 53 15081 0 52 15094 0 90 15094 0 91 15094 0 92 15102 0 54 15109 0 77 15144 0 51 15170 0 53 15239 0 52 15282 0 54 15324 0 53 15368 0 
TIME iteration: 324 ms
Round:29
IR: 42, 148, 208, 246, 135
15382 0 54 15428 0 51 15439 0 66 15445 0 67 15451 0 79 15472 0 90 15472 0 91 15472 0 92 15475 0 79 15484 0 53 15494 0 52 15502 0 79 15511 0 54 15537 0 79 15539 0 74 15541 0 75 15574 0 51 15594 0 52 15668 0 54 15695 0 51 15711 0 52 15713 0 53 15770 0 62 15771 0 63 15778 0 77 15796 0 90 15796 0 91 15796 0 92 15802 0 77 15809 0 52 15818 0 51 15821 0 70 15822 0 71 15829 0 77 15863 0 77 15878 0 
TIME iteration: 324 ms
Round:30
IR: 17, 212, 316, 373, 132
15905 0 52 15950 0 54 15993 0 51 16036 0 53 16045 0 52 16076 0 62 16077 0 63 16079 0 77 16095 0 71 16096 0 70 16101 0 90 16101 0 91 16101 0 92 16102 0 77 16128 0 77 16160 0 77 16173 0 71 16176 0 70 16181 0 53 16182 0 51 16202 0 54 16213 0 77 16261 0 52 16309 0 53 16316 0 54 16364 0 52 16373 0 63 16374 0 62 16377 0 77 16396 0 70 16396 0 71 16397 0 90 16397 0 91 16397 0 92 16400 0 77 16426 0 
TIME iteration: 323 ms
Round:31
IR: 21, 172, 197, 351, 257
16458 0 77 16485 0 54 16489 0 51 16513 0 77 16550 0 53 16562 0 52 16660 0 53 16694 0 51 16725 0 52 16758 0 54 16768 0 53 16773 0 64 16773 0 65 16774 0 62 16774 0 63 16779 0 77 16781 0 78 16794 0 70 16795 0 71 16797 0 90 16797 0 91 16797 0 92 16803 0 77 16805 0 78 16814 0 51 16830 0 77 16832 0 78 16861 0 73 16862 0 72 16863 0 77 16866 0 78 16871 0 52 16875 0 70 16920 0 53 16926 0 54 16927 0 90 16927 0 91 16927 0 92 16929 0 
TIME iteration: 323 ms
Round:32
IR: 113, 264, 193, 256, 163
17001 0 51 17019 0 53 17022 0 52 17023 0 54 17120 0 53 17126 0 52 17160 0 54 17208 0 51 17230 0 53 17237 0 64 17237 0 65 17242 0 78 17262 0 54 17266 0 78 17266 0 90 17266 0 91 17266 0 92 17268 0 52 17271 0 73 17272 0 72 17293 0 78 17326 0 78 17331 0 51 17355 0 54 17370 0 52 17370 0 53 17392 0 78 17448 0 54 17458 0 51 17481 0 
TIME iteration: 323 ms
Round:33
IR: 13, 229, 337, 388, 294
17520 0 53 17582 0 51 17584 0 52 17587 0 62 17588 0 63 17595 0 77 17600 0 65 17601 0 64 17603 0 60 17603 0 61 17605 0 78 17611 0 76 17613 0 90 17613 0 91 17613 0 92 17619 0 77 17620 0 72 17620 0 73 17629 0 78 17633 0 71 17635 0 76 17641 0 70 17644 0 53 17646 0 77 17655 0 78 17662 0 54 17662 0 76 17680 0 77 17688 0 78 17694 0 68 17695 0 69 17696 0 76 17704 0 72 17705 0 73 17711 0 52 17728 0 90 17728 0 91 17728 0 92 17749 0 78 17758 0 51 17768 0 53 17818 0 52 17826 0 54 17895 0 53 17966 0 54 17980 0 52 17986 0 
TIME iteration: 323 ms
Round:34
IR: 1, 145, 240, 250, 243
18024 0 53 18051 0 64 18052 0 65 18057 0 78 18080 0 90 18080 0 91 18080 0 92 18081 0 78 18086 0 72 18086 0 73 18108 0 78 18137 0 51 18139 0 52 18141 0 78 18175 0 54 18208 0 78 18276 0 53 18279 0 52 18289 0 51 18372 0 54 18418 0 51 18429 0 52 18442 0 61 18443 0 60 18450 0 76 18455 0 63 18456 0 62 18463 0 77 18469 0 90 18469 0 91 18469 0 92 18474 0 76 18487 0 77 18497 0 68 18499 0 69 18501 0 76 18508 0 54 18509 0 70 18509 0 71 18514 0 77 18533 0 53 18535 0 76 18548 0 
TIME iteration: 324 ms
Round:35
IR: 6, 332, 298, 248, 279
18595 0 52 18596 0 90 18596 0 91 18596 0 92 18632 0 51 18648 0 53 18665 0 54 18759 0 52 18760 0 53 18781 0 54 18782 0 51 18871 0 52 18919 0 53 18920 0 54 18937 0 63 18940 0 62 18944 0 77 18945 0 67 18946 0 51 18946 0 66 18953 0 65 18954 0 64 18954 0 79 18961 0 78 18967 0 90 18967 0 91 18967 0 92 18968 0 77 18969 0 71 18970 0 70 18978 0 79 18985 0 78 18995 0 77 19005 0 79 19006 0 72 19008 0 73 19012 0 78 19028 0 77 19037 0 75 19040 0 79 19046 0 78 19047 0 74 19070 0 
TIME iteration: 324 ms
Round:36
IR: 1, 323, 299, 250, 123
19083 0 90 19083 0 91 19083 0 92 19088 0 51 19095 0 77 19115 0 53 19156 0 54 19195 0 51 19262 0 52 19308 0 51 19327 0 54 19350 0 53 19405 0 52 19409 0 51 19413 0 60 19413 0 61 19421 0 76 19441 0 90 19441 0 91 19441 0 92 19445 0 76 19472 0 68 19472 0 76 19474 0 69 19481 0 53 19497 0 54 19506 0 76 19508 0 51 19556 0 52 19603 0 
TIME iteration: 324 ms
Round:37
IR: 41, 334, 262, 235, 305
19611 0 54 19652 0 53 19696 0 51 19697 0 61 19698 0 60 19700 0 76 19716 0 68 19716 0 69 19721 0 90 19721 0 91 19721 0 92 19723 0 76 19738 0 54 19739 0 52 19749 0 76 19781 0 76 19790 0 69 19794 0 51 19794 0 68 19802 0 53 19830 0 54 19834 0 76 19896 0 53 19941 0 54 19943 0 51 19956 0 52 19963 0 60 19963 0 61 19966 0 76 19983 0 68 19984 0 69 19986 0 90 19986 0 91 19986 0 92 19989 0 76 20015 0 76 20047 0 76 20069 0 51 20071 0 68 20078 0 69 20083 0 53 20101 0 76 20107 0 52 20128 0 
TIME iteration: 323 ms
Round:38
IR: 16, 257, 186, 234, 303
20222 0 51 20222 0 53 20227 0 52 20238 0 60 20238 0 61 20241 0 76 20259 0 68 20260 0 69 20261 0 90 20261 0 91 20261 0 92 20264 0 76 20290 0 76 20314 0 54 20322 0 76 20325 0 53 20347 0 51 20348 0 69 20351 0 68 20376 0 76 20430 0 52 20461 0 53 20478 0 54 20496 0 51 20511 0 60 20511 0 61 20514 0 76 20533 0 68 20533 0 69 20534 0 90 20534 0 91 20534 0 92 20537 0 76 20553 0 52 20563 0 76 20575 0 53 20595 0 76 20649 0 76 20654 0 
TIME iteration: 323 ms
Round:39
IR: 24, 197, 217, 231, 73
20675 0 52 20712 0 54 20791 0 51 20814 0 53 20834 0 52 20840 0 54 20858 0 61 20859 0 60 20863 0 76 20875 0 68 20875 0 69 20883 0 90 20883 0 91 20883 0 92 20887 0 76 20913 0 76 20943 0 68 20944 0 69 20946 0 76 20956 0 52 20972 0 53 20976 0 54 21007 0 76 21031 0 51 21081 0 52 21112 0 54 21168 0 51 21185 0 60 21186 0 61 21190 0 
TIME iteration: 322 ms
Round:40
IR: 1, 177, 149, 235, 152
21209 0 68 21210 0 53 21210 0 69 21210 0 90 21210 0 91 21210 0 92 21214 0 76 21240 0 76 21263 0 52 21273 0 76 21294 0 54 21329 0 51 21334 0 76 21371 0 53 21393 0 52 21433 0 54 21510 0 51 21556 0 52 21587 0 63 21588 0 62 21589 0 60 21590 0 61 21594 0 76 21596 0 77 21610 0 68 21611 0 69 21612 0 90 21612 0 91 21612 0 92 21618 0 76 21620 0 77 21644 0 76 21647 0 77 21650 0 54 21659 0 53 21674 0 51 21677 0 76 21682 0 70 21682 0 77 21687 0 71 21694 0 68 21712 0 
TIME iteration: 323 ms
Round:41
IR: 22, 185, 218, 255, 123
21738 0 76 21742 0 90 21742 0 91 21742 0 92 21805 0 51 21819 0 53 21870 0 54 21872 0 52 21933 0 51 21951 0 53 21994 0 54 22004 0 52 22065 0 51 22086 0 61 22087 0 60 22092 0 76 22114 0 69 22116 0 76 22116 0 90 22116 0 91 22116 0 92 22118 0 54 22124 0 68 22126 0 52 22127 0 53 22143 0 76 22176 0 76 22222 0 52 22243 0 
TIME iteration: 323 ms
Round:42
IR: 3, 183, 315, 340, 124
22273 0 51 22338 0 53 22343 0 54 22364 0 52 22456 0 51 22494 0 52 22496 0 62 22496 0 63 22497 0 54 22504 0 77 22511 0 53 22513 0 61 22516 0 60 22520 0 76 22523 0 90 22523 0 91 22523 0 92 22528 0 77 22538 0 69 22540 0 68 22544 0 76 22554 0 71 22555 0 70 22555 0 77 22571 0 76 22578 0 51 22589 0 77 22601 0 54 22604 0 76 22643 0 52 22648 0 90 22648 0 91 22648 0 92 22671 0 76 22714 0 54 22773 0 51 22774 0 52 22783 0 
TIME iteration: 323 ms
Round:43
IR: 4, 287, 301, 320, 210
22857 0 54 22887 0 51 22898 0 52 22930 0 53 22997 0 51 23005 0 60 23005 0 61 23011 0 76 23031 0 69 23032 0 68 23035 0 76 23035 0 90 23035 0 91 23035 0 92 23044 0 53 23060 0 52 23062 0 76 23096 0 76 23097 0 54 23126 0 51 23172 0 76 23208 0 52 23214 0 53 23228 0 51 23303 0 
TIME iteration: 323 ms
Round:44
IR: 3, 286, 285, 222, 239
23331 0 51 23334 0 60 23334 0 61 23338 0 76 23347 0 53 23350 0 69 23351 0 68 23359 0 90 23359 0 91 23359 0 92 23361 0 52 23361 0 76 23387 0 76 23416 0 69 23419 0 76 23423 0 68 23448 0 54 23475 0 76 23478 0 51 23490 0 52 23511 0 53 23565 0 54 23635 0 52 23689 0 53 23690 0 51 23711 0 61 23712 0 60 23716 0 76 23723 0 62 23731 0 54 23732 0 63 23736 0 77 23737 0 90 23737 0 91 23737 0 92 23739 0 68 23739 0 69 23740 0 76 23760 0 77 23766 0 76 23787 0 77 23798 0 70 23799 0 71 23799 0 76 23810 0 52 23818 0 53 23821 0 
TIME iteration: 323 ms
Round:45
IR: 26, 369, 212, 215, 18
23860 0 76 23862 0 90 23862 0 91 23862 0 92 23871 0 51 23931 0 54 23964 0 52 23974 0 51 24015 0 53 24039 0 54 24121 0 52 24138 0 54 24165 0 67 24166 0 66 24167 0 53 24174 0 79 24186 0 51 24194 0 90 24194 0 91 24194 0 92 24198 0 79 24225 0 79 24248 0 52 24259 0 75 24260 0 79 24269 0 74 24281 0 51 24308 0 
TIME iteration: 323 ms
Round:46
IR: 157, 324, 177, 356, 255
24386 0 52 24388 0 51 24412 0 53 24443 0 54 24473 0 66 24473 0 67 24476 0 79 24489 0 52 24490 0 51 24496 0 75 24497 0 74 24497 0 90 24497 0 91 24497 0 92 24499 0 79 24525 0 79 24556 0 53 24557 0 79 24593 0 52 24612 0 79 24615 0 54 24618 0 51 24686 0 53 24690 0 52 24732 0 51 24778 0 54 24850 0 53 24851 0 52 24859 0 62 24859 0 63 24867 0 77 24868 0 51 24870 0 60 24870 0 61 24878 0 64 24878 0 65 24878 0 76 24885 0 90 24885 0 91 24885 0 92 24886 0 78 24891 0 77 24902 0 76 24903 0 
TIME iteration: 323 ms
Round:47
IR: 127, 258, 163, 254, 92
24910 0 78 24918 0 77 24925 0 70 24929 0 76 24930 0 71 24934 0 69 24935 0 68 24937 0 78 24952 0 77 24963 0 76 24971 0 78 24972 0 73 24977 0 53 24983 0 72 25000 0 90 25000 0 91 25000 0 92 25006 0 51 25031 0 52 25035 0 54 25128 0 51 25135 0 53 25162 0 54 25191 0 52 25251 0 51 25253 0 53 25283 0 54 25320 0 52 25328 0 60 25329 0 67 25330 0 66 25332 0 61 25335 0 65 25335 0 76 25336 0 64 25338 0 79 25340 0 78 25354 0 90 25354 0 91 25354 0 92 25359 0 76 25361 0 68 25362 0 69 25362 0 79 25364 0 78 25369 0 73 25370 0 72 25378 0 75 25379 0 74 25386 0 76 25389 0 79 25390 0 78 25405 0 51 25419 0 76 25423 0 78 25424 0 79 25430 0 53 25436 0 
TIME iteration: 337 ms
Round:48
IR: 31, 181, 385, 544, 146
25446 0 52 25471 0 90 25471 0 91 25471 0 92 25484 0 76 25484 0 78 25535 0 53 25538 0 58 25554 0 51 25574 0 54 25575 0 58 25604 0 86 25604 0 87 25611 0 58 25643 0 58 25667 0 54 25674 0 58 25683 0 52 25693 0 53 25705 0 58 25714 0 86 25714 0 87 25723 0 51 25737 0 58 25768 0 58 25800 0 58 25827 0 86 25827 0 87 25830 0 58 25831 0 54 25844 0 66 25845 0 67 25850 0 79 25861 0 58 25874 0 79 25874 0 90 25874 0 91 25874 0 92 25878 0 74 25879 0 75 25883 0 51 25893 0 58 25895 0 52 25901 0 79 25923 0 58 25935 0 79 25937 0 86 25937 0 87 25952 0 
TIME iteration: 325 ms
Round:49
IR: 13, 129, 187, 207, 259
25982 0 58 25985 0 53 25997 0 51 26001 0 52 26026 0 58 26043 0 54 26051 0 86 26051 0 87 26096 0 52 26113 0 53 26179 0 52 26199 0 51 26223 0 54 26241 0 53 26273 0 67 26275 0 66 26279 0 79 26298 0 74 26299 0 75 26301 0 90 26301 0 91 26301 0 92 26303 0 79 26324 0 51 26330 0 79 26363 0 79 26364 0 53 26389 0 54 26414 0 52 26431 0 79 26446 0 51 26495 0 
TIME iteration: 324 ms
Round:50
IR: 323, 190, 241, 391, 87
26549 0 52 26589 0 54 26626 0 51 26641 0 53 26664 0 64 26664 0 65 26672 0 78 26682 0 60 26683 0 61 26690 0 90 26690 0 91 26690 0 92 26691 0 76 26693 0 52 26696 0 78 26715 0 76 26723 0 78 26735 0 72 26736 0 73 26742 0 76 26747 0 54 26753 0 68 26757 0 78 26758 0 69 26774 0 51 26777 0 76 26814 0 90 26814 0 91 26814 0 92 26843 0 53 26889 0 52 26928 0 51 26966 0 54 26997 0 53 27024 0 
TIME iteration: 322 ms
Round:51
IR: 92, 229, 362, 398, 159
27085 0 51 27114 0 53 27144 0 54 27154 0 64 27156 0 65 27160 0 78 27168 0 52 27184 0 78 27184 0 90 27184 0 91 27184 0 92 27189 0 72 27190 0 73 27211 0 78 27236 0 51 27244 0 78 27264 0 54 27279 0 52 27310 0 78 27315 0 53 27367 0 51 27422 0 53 27450 0 54 27468 0 52 27486 0 64 27486 0 65 27490 0 78 27503 0 72 27503 0 73 27511 0 90 27511 0 91 27511 0 92 27513 0 78 27532 0 51 27539 0 78 27544 0 
TIME iteration: 323 ms
Round:52
IR: 88, 197, 219, 247, 147
27571 0 72 27571 0 78 27575 0 73 27598 0 54 27627 0 78 27649 0 53 27655 0 51 27683 0 52 27719 0 64 27724 0 65 27724 0 78 27739 0 72 27739 0 73 27744 0 90 27744 0 91 27744 0 92 27747 0 78 27764 0 54 27766 0 51 27773 0 78 27804 0 78 27805 0 53 27809 0 73 27811 0 72 27848 0 52 27855 0 78 27866 0 54 27872 0 51 27964 0 52 27965 0 54 27978 0 53 28003 0 51 28016 0 65 28018 0 64 28020 0 78 28033 0 66 28034 0 67 28039 0 73 28040 0 72 28041 0 90 28041 0 91 28041 0 92 28042 0 79 28043 0 78 28066 0 79 28069 0 
TIME iteration: 323 ms
Round:53
IR: 65, 168, 180, 357, 273
28093 0 79 28101 0 78 28110 0 53 28118 0 74 28119 0 75 28128 0 52 28128 0 79 28152 0 54 28155 0 78 28165 0 90 28165 0 91 28165 0 92 28233 0 51 28240 0 52 28263 0 53 28316 0 54 28355 0 52 28390 0 53 28414 0 51 28437 0 54 28488 0 52 28508 0 62 28508 0 63 28511 0 67 28512 0 66 28516 0 77 28517 0 79 28526 0 54 28534 0 90 28534 0 91 28534 0 92 28540 0 77 28541 0 79 28545 0 75 28546 0 74 28557 0 53 28567 0 77 28568 0 79 28601 0 77 28601 0 79 28602 0 70 28605 0 71 28606 0 
TIME iteration: 324 ms
Round:54
IR: 48, 153, 214, 254, 175
28651 0 52 28665 0 90 28665 0 91 28665 0 92 28679 0 54 28683 0 79 28701 0 53 28740 0 51 28768 0 52 28848 0 54 28901 0 52 28907 0 51 28939 0 53 28960 0 54 29003 0 52 29008 0 62 29008 0 63 29011 0 66 29012 0 67 29013 0 77 29018 0 79 29035 0 90 29035 0 91 29035 0 92 29037 0 77 29041 0 75 29042 0 74 29042 0 79 29043 0 70 29044 0 71 29064 0 77 29069 0 79 29082 0 51 29091 0 53 29097 0 77 29103 0 79 29107 0 54 29112 0 
TIME iteration: 324 ms
Round:55
IR: 39, 377, 361, 390, 91
29163 0 77 29167 0 90 29167 0 91 29167 0 92 29229 0 53 29231 0 54 29236 0 51 29245 0 52 29364 0 52 29364 0 54 29369 0 51 29374 0 53 29527 0 51 29529 0 53 29546 0 52 29553 0 61 29554 0 60 29557 0 64 29557 0 65 29562 0 76 29565 0 78 29567 0 62 29567 0 63 29573 0 77 29576 0 54 29580 0 90 29580 0 91 29580 0 92 29586 0 76 29589 0 78 29597 0 77 29601 0 70 29603 0 71 29613 0 76 29616 0 78 29624 0 77 29634 0 72 29637 0 73 29648 0 76 29649 0 68 29650 0 78 29654 0 69 29658 0 
TIME iteration: 324 ms
Round:56
IR: 4, 301, 417, 364, 284
29681 0 51 29696 0 90 29696 0 91 29696 0 92 29734 0 77 29736 0 52 29758 0 54 29818 0 53 29830 0 51 29856 0 52 29886 0 54 29957 0 51 29960 0 53 30005 0 52 30048 0 62 30049 0 63 30054 0 77 30055 0 60 30066 0 76 30070 0 61 30077 0 90 30077 0 91 30077 0 92 30078 0 70 30078 0 71 30078 0 77 30089 0 76 30091 0 54 30101 0 69 30102 0 68 30105 0 77 30115 0 76 30138 0 77 30147 0 76 30155 0 51 30176 0 53 30201 0 76 30205 0 77 30205 0 90 30205 0 91 30205 0 
TIME iteration: 324 ms
Round:57
IR: 8, 197, 212, 218, 220
30254 0 52 30272 0 54 30311 0 51 30352 0 53 30373 0 52 30446 0 54 30472 0 51 30503 0 52 30542 0 62 30542 0 63 30548 0 77 30570 0 71 30571 0 90 30571 0 91 30571 0 92 30572 0 70 30572 0 77 30599 0 77 30616 0 53 30633 0 77 30706 0 52 30709 0 77 30714 0 51 30720 0 
TIME iteration: 323 ms
Round:58
IR: 38, 320, 200, 243, 154
30814 0 53 30826 0 52 30893 0 63 30895 0 54 30897 0 62 30900 0 77 30913 0 70 30913 0 71 30921 0 90 30921 0 91 30921 0 92 30924 0 77 30950 0 77 30983 0 77 30986 0 70 30987 0 71 31045 0 77 31086 0 51 31089 0 54 31129 0 53 31140 0 
TIME iteration: 322 ms
Round:59
IR: 21, 132, 214, 284, 156
31283 0 51 31297 0 52 31302 0 54 31311 0 62 31312 0 63 31317 0 77 31320 0 53 31338 0 90 31338 0 91 31338 0 92 31341 0 77 31343 0 70 31343 0 71 31368 0 77 31401 0 77 31430 0 53 31468 0 77 31475 0 52 31481 0 54 31498 0 51 31553 0 53 31592 0 54 31664 0 52 31686 0 54 31689 0 67 31690 0 66 31698 0 79 31714 0 51 31715 0 90 31715 0 91 31715 0 92 31722 0 79 31749 0 79 31763 0 53 31784 0 79 31789 0 74 31789 0 
TIME iteration: 323 ms
Round:60
IR: 2, 174, 215, 351, 259
31829 0 54 31834 0 51 31868 0 53 31941 0 51 31944 0 52 31976 0 54 31981 0 53 31999 0 66 32000 0 67 32002 0 79 32017 0 64 32017 0 65 32022 0 75 32024 0 74 32024 0 90 32024 0 91 32024 0 92 32025 0 78 32025 0 79 32049 0 78 32051 0 79 32073 0 51 32075 0 52 32076 0 78 32083 0 79 32101 0 54 32110 0 73 32110 0 78 32112 0 72 32125 0 53 32139 0 79 32148 0 90 32148 0 91 32148 0 92 32184 0 51 32254 0 53 32257 0 54 32275 0 
TIME iteration: 324 ms
Round:61
IR: 73, 332, 343, 620, 155
32410 0 53 32417 0 58 32453 0 58 32469 0 51 32476 0 54 32482 0 86 32482 0 87 32489 0 58 32496 0 52 32508 0 53 32523 0 58 32556 0 58 32587 0 58 32594 0 86 32594 0 87 32599 0 54 32609 0 66 32609 0 67 32612 0 52 32616 0 79 32617 0 58 32629 0 53 32640 0 79 32640 0 90 32640 0 91 32640 0 92 32644 0 74 32644 0 75 32647 0 58 32661 0 51 32667 0 79 32676 0 58 32701 0 79 32704 0 58 32706 0 86 32706 0 87 32732 0 58 32735 0 54 32748 0 52 32755 0 53 32761 0 58 32791 0 58 32804 0 51 32818 0 86 32818 0 87 32821 0 58 32851 0 
TIME iteration: 324 ms
Round:62
IR: 120, 277, 168, 507, 239
32881 0 52 32881 0 58 32910 0 58 32916 0 54 32929 0 86 32929 0 87 32930 0 53 32938 0 58 32965 0 58 32979 0 51 32993 0 58 33021 0 58 33033 0 60 33033 0 61 33039 0 86 33039 0 87 33041 0 76 33043 0 54 33045 0 67 33046 0 66 33049 0 58 33050 0 52 33050 0 79 33060 0 90 33060 0 91 33060 0 92 33065 0 76 33070 0 74 33072 0 75 33074 0 79 33077 0 58 33092 0 76 33094 0 53 33100 0 79 33104 0 58 33109 0 51 33123 0 69 33126 0 76 33132 0 58 33133 0 68 33133 0 79 33149 0 86 33149 0 87 33159 0 58 33186 0 58 33187 0 90 33187 0 91 33187 0 92 33197 0 79 33213 0 58 33217 0 54 33233 0 51 33235 0 53 33241 0 58 33259 0 86 33259 0 87 33261 0 52 33269 0 58 33297 0 58 33326 0 58 33351 0 53 33355 0 58 33369 0 86 33369 0 87 33384 0 
TIME iteration: 323 ms
Round:63
IR: 17, 74, 231, 429, 461
33402 0 52 33419 0 58 33430 0 51 33462 0 53 33478 0 54 33489 0 58 33493 0 86 33493 0 87 33504 0 59 33539 0 59 33568 0 88 33568 0 89 33572 0 59 33590 0 52 33602 0 88 33602 0 89 33603 0 53 33604 0 59 33625 0 54 33635 0 59 33635 0 88 33635 0 89 33637 0 51 33666 0 59 33667 0 88 33667 0 89 33668 0 61 33671 0 60 33676 0 76 33695 0 59 33698 0 88 33698 0 89 33700 0 76 33701 0 90 33701 0 91 33701 0 92 33707 0 52 33714 0 68 33715 0 69 33724 0 59 33727 0 76 33728 0 88 33728 0 89 33738 0 54 33754 0 59 33758 0 88 33758 0 89 33761 0 76 33765 0 51 33778 0 53 33784 0 59 33788 0 88 33788 0 89 33814 0 59 33818 0 88 33818 0 89 33831 0 52 33842 0 76 33844 0 59 33848 0 88 33848 0 89 33874 0 59 33878 0 88 33878 0 89 33895 0 51 33903 0 59 33907 0 88 33907 0 89 33912 0 
TIME iteration: 448 ms
Round:64
IR: 14, 415, 312, 309, 317
33928 0 53 33934 0 59 33937 0 88 33937 0 89 33970 0 88 33970 0 89 33982 0 59 34001 0 88 34001 0 89 34006 0 51 34010 0 52 34014 0 60 34014 0 61 34018 0 76 34034 0 68 34036 0 69 34039 0 90 34039 0 91 34039 0 92 34041 0 76 34043 0 54 34046 0 88 34046 0 89 34067 0 76 34099 0 76 34103 0 53 34114 0 51 34119 0 68 34148 0 52 34155 0 76 34157 0 54 34201 0 53 34292 0 52 34307 0 54 34325 0 53 34352 0 64 34353 0 65 34361 0 78 34367 0 51 34377 0 90 34377 0 91 34377 0 92 34385 0 78 34412 0 78 34415 0 53 34437 0 54 34445 0 72 34446 0 73 34447 0 
TIME iteration: 323 ms
Round:65
IR: 28, 230, 223, 257, 218
34490 0 51 34520 0 52 34548 0 53 34601 0 54 34636 0 51 34673 0 53 34674 0 64 34674 0 65 34677 0 78 34685 0 52 34698 0 73 34698 0 90 34698 0 91 34698 0 92 34699 0 72 34700 0 78 34726 0 78 34758 0 78 34770 0 54 34771 0 51 34812 0 78 34841 0 52 34887 0 51 34911 0 53 34953 0 
TIME iteration: 323 ms
Round:66
IR: 4, 152, 131, 214, 295
35014 0 52 35022 0 51 35041 0 61 35042 0 60 35049 0 76 35050 0 53 35067 0 90 35067 0 91 35067 0 92 35073 0 76 35080 0 54 35100 0 76 35102 0 69 35105 0 68 35134 0 76 35139 0 51 35195 0 54 35202 0 53 35231 0 52 35299 0 51 35305 0 54 35370 0 52 35375 0 66 35377 0 67 35381 0 60 35385 0 79 35387 0 76 35396 0 61 35397 0 53 35401 0 90 35401 0 91 35401 0 92 35409 0 79 35410 0 76 35412 0 69 35413 0 68 35417 0 54 35435 0 76 35436 0 51 35436 0 79 35465 0 76 35469 0 74 35471 0 79 35473 0 75 35509 0 
TIME iteration: 323 ms
Round:67
IR: 6, 300, 208, 193, 182
35527 0 90 35527 0 91 35527 0 92 35536 0 54 35545 0 52 35575 0 53 35615 0 51 35644 0 54 35658 0 52 35704 0 53 35739 0 51 35748 0 52 35823 0 54 35830 0 62 35830 0 63 35838 0 53 35838 0 77 35839 0 52 35859 0 90 35859 0 91 35859 0 92 35860 0 51 35862 0 77 35889 0 77 35923 0 77 35926 0 71 35940 0 70 35973 0 53 35994 0 
TIME iteration: 323 ms
Round:68
IR: 41, 322, 293, 144, 167
36073 0 54 36093 0 52 36094 0 53 36110 0 62 36110 0 63 36112 0 77 36132 0 70 36132 0 71 36134 0 90 36134 0 91 36134 0 92 36135 0 77 36145 0 51 36161 0 77 36192 0 77 36214 0 53 36215 0 54 36243 0 77 36250 0 52 36311 0 51 36316 0 54 36353 0 53 36428 0 54 36446 0 51 36446 0 66 36446 0 67 36455 0 79 36471 0 90 36471 0 91 36471 0 92 36479 0 79 36497 0 52 36506 0 79 36512 0 74 36512 0 75 36540 0 53 36541 0 
TIME iteration: 323 ms
Round:69
IR: 27, 229, 230, 248, 301
36570 0 54 36586 0 51 36665 0 52 36669 0 53 36684 0 54 36703 0 51 36730 0 67 36731 0 66 36733 0 79 36749 0 75 36750 0 74 36754 0 90 36754 0 91 36754 0 92 36756 0 79 36776 0 52 36782 0 79 36814 0 79 36825 0 75 36827 0 51 36828 0 74 36864 0 53 36868 0 79 36902 0 52 36989 0 53 36990 0 54 37009 0 51 37027 0 52 37075 0 63 37077 0 62 37084 0 77 37096 0 
TIME iteration: 323 ms
Round:70
IR: 25, 458, 406, 366, 197
37101 0 90 37101 0 91 37101 0 92 37108 0 77 37129 0 71 37133 0 70 37135 0 77 37141 0 52 37169 0 77 37189 0 51 37207 0 54 37277 0 52 37303 0 53 37327 0 51 37369 0 54 37378 0 52 37389 0 62 37389 0 63 37392 0 77 37408 0 53 37408 0 70 37408 0 71 37413 0 90 37413 0 91 37413 0 92 37415 0 77 37441 0 77 37473 0 77 37479 0 52 37482 0 71 37483 0 51 37484 0 70 37490 0 54 37502 0 53 37527 0 77 37615 0 53 37618 0 
TIME iteration: 323 ms
Round:71
IR: 24, 319, 226, 281, 288
37631 0 51 37637 0 54 37643 0 62 37643 0 63 37646 0 77 37662 0 70 37663 0 71 37666 0 90 37666 0 91 37666 0 92 37669 0 77 37695 0 77 37727 0 77 37735 0 70 37740 0 71 37749 0 53 37750 0 52 37762 0 54 37781 0 77 37802 0 51 37854 0 53 37899 0 54 37914 0 52 37936 0 63 37938 0 62 37940 0 77 37942 0 51 37960 0 70 37960 0 71 37961 0 90 37961 0 91 37961 0 92 37963 0 77 37989 0 77 38011 0 53 38021 0 77 38046 0 52 38063 0 54 38075 0 77 38092 0 
TIME iteration: 323 ms
Round:72
IR: 22, 213, 200, 311, 526
38191 0 53 38246 0 54 38276 0 52 38279 0 59 38300 0 53 38313 0 59 38320 0 51 38326 0 64 38327 0 65 38335 0 78 38342 0 88 38342 0 89 38346 0 59 38352 0 90 38352 0 91 38352 0 92 38359 0 78 38376 0 88 38376 0 89 38377 0 59 38385 0 54 38386 0 78 38407 0 59 38408 0 88 38408 0 89 38420 0 73 38421 0 78 38426 0 72 38436 0 59 38439 0 88 38439 0 89 38440 0 52 38443 0 53 38464 0 59 38468 0 88 38468 0 89 38472 0 51 38492 0 59 38495 0 54 38497 0 88 38497 0 89 38520 0 59 38525 0 88 38525 0 89 38547 0 59 38553 0 88 38553 0 89 38575 0 59 38581 0 88 38581 0 89 38603 0 59 38604 0 54 38609 0 88 38609 0 89 38631 0 59 38637 0 88 38637 0 89 38644 0 52 38660 0 59 38665 0 88 38665 0 89 38674 0 51 38679 0 53 38688 0 
TIME iteration: 324 ms
Round:73
IR: 2, 169, 322, 695, 571
38693 0 88 38693 0 89 38717 0 59 38722 0 88 38722 0 89 38727 0 64 38727 0 65 38731 0 78 38745 0 54 38746 0 59 38750 0 52 38751 0 88 38751 0 89 38753 0 90 38753 0 91 38753 0 92 38754 0 78 38757 0 72 38757 0 73 38776 0 59 38780 0 78 38780 0 88 38780 0 89 38784 0 58 38806 0 59 38810 0 88 38810 0 89 38811 0 51 38812 0 78 38820 0 58 38828 0 53 38837 0 59 38840 0 88 38840 0 89 38849 0 86 38849 0 87 38852 0 58 38857 0 54 38868 0 59 38868 0 78 38871 0 52 38871 0 88 38871 0 89 38881 0 58 38898 0 59 38901 0 88 38901 0 89 38910 0 58 38928 0 59 38931 0 88 38931 0 89 38932 0 51 38940 0 58 38958 0 59 38961 0 86 38961 0 87 38961 0 88 38961 0 89 38970 0 54 38970 0 58 38987 0 59 38991 0 88 38991 0 89 39000 0 58 39016 0 59 39020 0 88 39020 0 89 39031 0 58 39034 0 51 39043 0 52 39045 0 59 39049 0 88 39049 0 89 39059 0 60 39059 0 61 39061 0 58 39063 0 53 39067 0 76 39070 0 86 39070 0 87 39074 0 59 39078 0 88 39078 0 89 39084 0 90 39084 0 91 39084 0 92 39091 0 58 39091 0 76 39103 0 59 39107 0 88 39107 0 89 39118 0 76 39120 0 58 39122 0 52 39133 0 59 39137 0 88 39137 0 89 39141 0 51 39150 0 58 39151 0 54 39152 0 76 39155 0 69 39160 0 68 39163 0 59 39167 0 88 39167 0 89 39180 0 58 39182 0 86 39182 0 87 39193 0 59 39197 0 88 39197 0 89 39210 0 58 39215 0 
TIME iteration: 325 ms
Round:74
IR: 8, 253, 202, 557, 727
39222 0 53 39223 0 51 39223 0 59 39227 0 88 39227 0 89 39241 0 58 39253 0 59 39257 0 88 39257 0 89 39272 0 58 39278 0 54 39281 0 60 39282 0 76 39283 0 59 39284 0 61 39287 0 88 39287 0 89 39294 0 86 39294 0 87 39300 0 68 39301 0 69 39302 0 58 39305 0 76 39305 0 90 39305 0 91 39305 0 92 39313 0 53 39313 0 59 39315 0 51 39317 0 88 39317 0 89 39330 0 76 39332 0 58 39339 0 52 39343 0 59 39347 0 88 39347 0 89 39360 0 76 39361 0 58 39370 0 68 39372 0 59 39373 0 69 39376 0 88 39376 0 89 39389 0 58 39402 0 59 39404 0 86 39404 0 87 39405 0 76 39406 0 88 39406 0 89 39416 0 58 39431 0 59 39435 0 88 39435 0 89 39443 0 53 39443 0 58 39461 0 59 39465 0 88 39465 0 89 39470 0 58 39490 0 59 39494 0 51 39494 0 88 39494 0 89 39498 0 58 39514 0 86 39514 0 87 39519 0 59 39523 0 88 39523 0 89 39527 0 58 39548 0 59 39552 0 88 39552 0 89 39555 0 58 39558 0 54 39575 0 59 39580 0 88 39580 0 89 39583 0 58 39602 0 59 39602 0 60 39608 0 88 39608 0 89 39609 0 76 39611 0 58 39614 0 52 39617 0 53 39623 0 86 39623 0 87 39629 0 59 39631 0 90 39631 0 91 39631 0 92 39635 0 88 39635 0 89 39638 0 76 39639 0 58 39644 0 54 39656 0 59 39662 0 88 39662 0 89 39667 0 58 39678 0 76 39682 0 59 39689 0 88 39689 0 89 39695 0 58 39708 0 59 39715 0 88 39715 0 89 39722 0 58 39730 0 53 39732 0 86 39732 0 87 39735 0 59 39742 0 88 39742 0 89 39749 0 
TIME iteration: 326 ms
Round:75
IR: 8, 248, 323, 675, 427
39751 0 51 39757 0 54 39762 0 52 39764 0 59 39770 0 88 39770 0 89 39777 0 58 39802 0 88 39802 0 89 39803 0 59 39804 0 58 39831 0 58 39834 0 88 39834 0 89 39841 0 86 39841 0 87 39856 0 53 39858 0 58 39859 0 51 39885 0 58 39885 0 88 39885 0 89 39907 0 52 39912 0 54 39912 0 58 39940 0 58 39950 0 86 39950 0 87 39969 0 58 39973 0 53 39997 0 58 40006 0 51 40018 0 60 40018 0 61 40023 0 76 40026 0 58 40041 0 52 40044 0 69 40045 0 68 40047 0 76 40047 0 90 40047 0 91 40047 0 92 40055 0 58 40060 0 86 40060 0 87 40073 0 54 40074 0 76 40083 0 58 40090 0 53 40107 0 76 40111 0 58 40140 0 58 40165 0 51 40169 0 58 40172 0 86 40172 0 87 40173 0 76 40184 0 52 40197 0 58 40209 0 53 40226 0 58 40247 0 54 40254 0 
TIME iteration: 323 ms
Round:76
IR: 40, 354, 207, 451, 495
40283 0 58 40284 0 86 40284 0 87 40311 0 58 40314 0 51 40337 0 53 40339 0 58 40366 0 58 40376 0 59 40390 0 60 40390 0 61 40394 0 58 40395 0 76 40396 0 86 40396 0 87 40409 0 68 40409 0 69 40412 0 59 40416 0 52 40416 0 90 40416 0 91 40416 0 92 40417 0 88 40417 0 89 40419 0 76 40422 0 54 40422 0 58 40444 0 59 40446 0 76 40449 0 58 40450 0 88 40450 0 89 40475 0 59 40476 0 58 40479 0 76 40481 0 88 40481 0 89 40487 0 69 40488 0 68 40489 0 53 40492 0 51 40503 0 58 40505 0 59 40507 0 86 40507 0 87 40511 0 88 40511 0 89 40531 0 58 40535 0 59 40540 0 88 40540 0 89 40544 0 76 40559 0 52 40560 0 58 40566 0 59 40570 0 88 40570 0 89 40589 0 58 40596 0 59 40600 0 88 40600 0 89 40607 0 54 40618 0 58 40619 0 86 40619 0 87 40626 0 59 40630 0 88 40630 0 89 40646 0 58 40656 0 59 40660 0 53 40660 0 88 40660 0 89 40673 0 58 40686 0 59 40690 0 88 40690 0 89 40701 0 58 40711 0 54 40714 0 59 40717 0 52 40719 0 88 40719 0 89 40730 0 58 40731 0 86 40731 0 87 40742 0 59 40747 0 88 40747 0 89 40748 0 51 40758 0 58 40770 0 59 40775 0 88 40775 0 89 40786 0 58 40790 0 60 40790 0 61 40792 0 53 40795 0 76 40797 0 59 40803 0 88 40803 0 
TIME iteration: 325 ms
Round:77
IR: 10, 326, 192, 312, 178
40813 0 58 40816 0 90 40816 0 91 40816 0 92 40819 0 76 40820 0 68 40820 0 69 40826 0 59 40831 0 88 40831 0 89 40844 0 86 40844 0 87 40846 0 76 40847 0 58 40861 0 54 40863 0 88 40863 0 89 40865 0 59 40879 0 76 40883 0 51 40892 0 52 40895 0 88 40895 0 89 40912 0 58 40945 0 76 40945 0 88 40945 0 89 40973 0 86 40973 0 87 40985 0 54 41009 0 53 41048 0 52 41142 0 54 41162 0 51 41190 0 53 41238 0 52 41263 0 54 41309 0 53 41311 0 51 41321 0 60 41321 0 61 41322 0 66 41323 0 67 41327 0 76 41331 0 
TIME iteration: 323 ms
Round:78
IR: 11, 213, 306, 366, 310
41346 0 90 41346 0 91 41346 0 92 41351 0 76 41352 0 52 41352 0 68 41352 0 69 41355 0 79 41378 0 76 41382 0 79 41412 0 76 41415 0 74 41417 0 79 41419 0 75 41426 0 54 41433 0 53 41438 0 51 41477 0 90 41477 0 91 41477 0 92 41488 0 76 41533 0 52 41582 0 54 41589 0 51 41625 0 53 41701 0 51 41713 0 52 41746 0 54 41789 0 53 41814 0 51 41822 0 60 41822 0 61 41828 0 76 41852 0 68 41852 0 69 41852 0 76 41852 0 90 41852 0 91 41852 0 
TIME iteration: 323 ms
Round:79
IR: 4, 277, 196, 254, 158
41879 0 76 41913 0 53 41913 0 76 41945 0 54 41950 0 52 41989 0 76 42035 0 51 42146 0 52 42175 0 51 42186 0 54 42219 0 53 42221 0 60 42221 0 61 42226 0 76 42242 0 69 42244 0 68 42247 0 90 42247 0 91 42247 0 92 42250 0 76 42277 0 76 42310 0 76 42315 0 54 42330 0 51 42334 0 69 42360 0 52 42361 0 53 42376 0 
TIME iteration: 323 ms
Round:80
IR: 3, 415, 413, 380, 200
42474 0 51 42490 0 53 42490 0 54 42522 0 60 42522 0 61 42526 0 76 42527 0 52 42535 0 68 42545 0 69 42546 0 90 42546 0 91 42546 0 92 42549 0 76 42575 0 76 42596 0 68 42607 0 76 42630 0 54 42650 0 52 42661 0 51 42663 0 76 42680 0 53 42786 0 51 42800 0 52 42827 0 53 42831 0 60 42831 0 61 42835 0 76 42844 0 69 42853 0 68 42855 0 90 42855 0 91 42855 0 92 42858 0 76 42884 0 76 42905 0 69 42907 0 51 42916 0 76 42927 0 
TIME iteration: 323 ms
Round:81
IR: 38, 134, 212, 249, 242
42948 0 53 42972 0 76 43005 0 52 43041 0 51 43048 0 53 43131 0 52 43150 0 54 43230 0 51 43239 0 60 43240 0 61 43244 0 76 43255 0 53 43261 0 68 43266 0 90 43266 0 91 43266 0 92 43268 0 76 43269 0 69 43294 0 76 43327 0 76 43339 0 52 43379 0 51 43388 0 76 43417 0 
TIME iteration: 322 ms
Round:82
IR: 18, 200, 183, 517, 296
43467 0 54 43494 0 52 43539 0 53 43551 0 58 43589 0 58 43616 0 86 43616 0 87 43624 0 58 43639 0 51 43657 0 58 43688 0 58 43692 0 54 43718 0 58 43726 0 86 43726 0 87 43742 0 51 43743 0 60 43744 0 53 43744 0 61 43747 0 58 43749 0 76 43772 0 68 43772 0 69 43772 0 90 43772 0 91 43772 0 92 43773 0 76 43777 0 58 43800 0 76 43806 0 58 43818 0 52 43833 0 76 43834 0 58 43837 0 86 43837 0 87 43862 0 58 43866 0 51 43883 0 53 43889 0 58 43900 0 76 43916 0 58 43944 0 58 43945 0 54 43948 0 86 43948 0 87 43972 0 
TIME iteration: 323 ms
Round:83
IR: 1, 157, 392, 518, 348
44000 0 58 44003 0 51 44011 0 52 44028 0 58 44031 0 53 44056 0 58 44059 0 86 44059 0 87 44083 0 58 44110 0 58 44116 0 51 44117 0 60 44117 0 61 44119 0 54 44122 0 76 44137 0 58 44137 0 68 44137 0 69 44143 0 90 44143 0 91 44143 0 92 44146 0 76 44165 0 58 44169 0 86 44169 0 87 44173 0 76 44178 0 52 44192 0 58 44206 0 76 44219 0 58 44223 0 53 44233 0 68 44246 0 58 44267 0 51 44271 0 76 44273 0 58 44279 0 86 44279 0 87 44300 0 58 44320 0 54 44327 0 58 44355 0 58 44382 0 58 44388 0 86 44388 0 87 44397 0 53 44410 0 58 44433 0 54 44439 0 58 44455 0 52 44467 0 58 44493 0 53 44496 0 58 44499 0 86 44499 0 87 44508 0 51 44511 0 67 44514 0 
TIME iteration: 323 ms
Round:84
IR: 4, 427, 416, 256, 179
44521 0 79 44526 0 58 44539 0 90 44539 0 91 44539 0 92 44545 0 79 44567 0 58 44572 0 79 44589 0 52 44603 0 54 44605 0 53 44605 0 74 44607 0 79 44609 0 75 44620 0 86 44620 0 87 44706 0 51 44718 0 52 44787 0 54 44854 0 52 44857 0 66 44858 0 67 44861 0 79 44870 0 53 44883 0 75 44883 0 90 44883 0 91 44883 0 92 44884 0 74 44884 0 79 44910 0 79 44941 0 51 44942 0 79 44951 0 54 44974 0 52 44999 0 
TIME iteration: 322 ms
Round:85
IR: 23, 176, 285, 415, 91
45082 0 52 45094 0 53 45124 0 54 45183 0 51 45201 0 52 45212 0 62 45212 0 63 45220 0 77 45237 0 90 45237 0 91 45237 0 92 45244 0 77 45248 0 54 45254 0 53 45271 0 77 45305 0 77 45309 0 71 45312 0 70 45316 0 52 45404 0 51 45410 0 53 45478 0 54 45510 0 52 45551 0 62 45552 0 63 45555 0 77 45576 0 90 45576 0 91 45576 0 92 45577 0 71 45578 0 70 45578 0 
TIME iteration: 322 ms
Round:86
IR: 21, 379, 326, 221, 148
45604 0 77 45609 0 54 45610 0 53 45613 0 51 45626 0 52 45636 0 77 45691 0 77 45743 0 52 45760 0 54 45776 0 53 45782 0 51 45837 0 52 45852 0 62 45852 0 63 45856 0 77 45865 0 70 45865 0 71 45876 0 90 45876 0 91 45876 0 92 45877 0 54 45879 0 77 45905 0 77 45925 0 70 45927 0 71 45937 0 77 45965 0 53 45973 0 52 45986 0 51 45993 0 77 46052 0 54 46104 0 
TIME iteration: 322 ms
Round:87
IR: 18, 462, 308, 264, 113
46129 0 62 46130 0 63 46133 0 77 46150 0 70 46150 0 71 46153 0 90 46153 0 91 46153 0 92 46156 0 77 46157 0 51 46169 0 53 46182 0 77 46214 0 77 46229 0 70 46257 0 54 46269 0 77 46282 0 51 46312 0 53 46348 0 52 46386 0 54 46451 0 53 46458 0 51 46508 0 64 46510 0 65 46511 0 54 46517 0 78 46523 0 66 46524 0 67 46532 0 79 46535 0 90 46535 0 91 46535 0 92 46541 0 78 46556 0 79 46568 0 78 46579 0 52 46583 0 79 46589 0 51 46599 0 73 46600 0 72 46602 0 78 46605 0 75 46607 0 74 46618 0 79 46619 0 53 46621 0 
TIME iteration: 323 ms
Round:88
IR: 25, 197, 206, 250, 192
46661 0 90 46661 0 91 46661 0 92 46723 0 51 46724 0 52 46767 0 54 46817 0 52 46820 0 53 46864 0 54 46945 0 53 46973 0 52 46986 0 54 46993 0 51 46993 0 66 46993 0 67 46998 0 79 47005 0 62 47006 0 63 47013 0 77 47022 0 79 47022 0 90 47022 0 91 47022 0 92 47027 0 75 47028 0 74 47037 0 77 47048 0 79 47053 0 53 47057 0 71 47063 0 70 47064 0 77 47081 0 79 47086 0 52 47098 0 77 47115 0 54 47145 0 79 47151 0 90 47151 0 91 47151 0 92 47154 0 
TIME iteration: 324 ms
Round:89
IR: 22, 455, 291, 238, 73
47171 0 53 47267 0 51 47280 0 54 47309 0 53 47321 0 52 47391 0 51 47451 0 54 47485 0 53 47515 0 52 47545 0 65 47547 0 64 47554 0 78 47576 0 90 47576 0 91 47576 0 92 47578 0 78 47584 0 51 47602 0 54 47605 0 78 47607 0 53 47611 0 72 47611 0 73 47639 0 
TIME iteration: 323 ms
Round:90
IR: 22, 192, 202, 315, 387
47709 0 51 47777 0 52 47787 0 53 47835 0 54 47906 0 51 47974 0 53 47981 0 52 47989 0 64 47991 0 65 47992 0 60 47995 0 78 48010 0 76 48011 0 61 48016 0 90 48016 0 91 48016 0 92 48019 0 78 48020 0 73 48021 0 72 48034 0 76 48046 0 78 48059 0 54 48061 0 76 48062 0 51 48079 0 78 48089 0 53 48095 0 76 48099 0 68 48110 0 69 48143 0 90 48143 0 91 48143 0 92 48145 0 78 48211 0 
TIME iteration: 322 ms
Round:91
IR: 4, 205, 285, 379, 135
48238 0 52 48275 0 53 48311 0 54 48333 0 51 48343 0 52 48412 0 54 48416 0 53 48439 0 66 48439 0 67 48444 0 52 48448 0 79 48463 0 62 48463 0 63 48468 0 90 48468 0 91 48468 0 92 48471 0 77 48472 0 79 48488 0 51 48495 0 77 48499 0 79 48509 0 74 48517 0 75 48522 0 77 48531 0 53 48534 0 79 48542 0 70 48542 0 71 48556 0 77 48586 0 52 48592 0 90 48592 0 91 48592 0 92 48595 0 54 48627 0 51 48729 0 54 48740 0 52 48749 0 
TIME iteration: 324 ms
Round:92
IR: 2, 390, 484, 393, 169
48847 0 51 48855 0 54 48916 0 53 48938 0 67 48939 0 66 48944 0 79 48968 0 79 48968 0 90 48968 0 91 48968 0 92 48974 0 74 48975 0 75 48976 0 54 48979 0 52 48992 0 51 48995 0 79 49029 0 79 49070 0 53 49097 0 54 49136 0 52 49240 0 53 49246 0 51 49284 0 
TIME iteration: 322 ms
Round:93
IR: 7, 165, 269, 242, 229
49290 0 54 49332 0 66 49333 0 67 49337 0 79 49342 0 62 49346 0 63 49352 0 77 49355 0 74 49355 0 75 49359 0 90 49359 0 91 49359 0 92 49361 0 79 49376 0 77 49387 0 79 49401 0 71 49402 0 70 49403 0 77 49420 0 79 49437 0 77 49448 0 54 49468 0 51 49486 0 90 49486 0 91 49486 0 92 49487 0 79 49501 0 53 49515 0 52 49606 0 53 49632 0 51 49633 0 54 49695 0 53 49699 0 52 49747 0 
TIME iteration: 323 ms
Round:94
IR: 6, 323, 209, 282, 270
49833 0 52 49868 0 51 49871 0 53 49871 0 60 49872 0 61 49872 0 62 49873 0 63 49876 0 64 49876 0 65 49878 0 77 49880 0 54 49880 0 76 49884 0 78 49897 0 90 49897 0 91 49897 0 92 49902 0 77 49904 0 76 49907 0 71 49908 0 70 49908 0 78 49929 0 77 49931 0 76 49935 0 78 49956 0 69 49960 0 68 49962 0 73 49962 0 77 49964 0 72 49966 0 76 49967 0 52 49969 0 78 49990 0 53 50006 0 51 50015 0 90 50015 0 91 50015 0 92 50029 0 77 50114 0 53 50147 0 51 50154 0 54 50163 0 52 50225 0 53 50280 0 54 50347 0 
TIME iteration: 324 ms
Round:95
IR: 19, 115, 206, 247, 285
50409 0 51 50424 0 53 50437 0 64 50437 0 65 50443 0 78 50467 0 78 50467 0 90 50467 0 91 50467 0 92 50477 0 73 50478 0 72 50489 0 54 50494 0 78 50528 0 53 50528 0 78 50530 0 52 50559 0 51 50604 0 78 50631 0 52 50639 0 53 50697 0 51 50729 0 54 50781 0 52 50809 0 63 50810 0 62 50811 0 51 50817 0 77 50823 0 60 50823 0 61 50828 0 53 50831 0 76 50835 0 90 50835 0 91 50835 0 92 50841 0 77 50855 0 76 50865 0 71 50866 0 70 50868 0 
TIME iteration: 329 ms
Round:96
IR: 0, 208, 268, 401, 283
50882 0 76 50884 0 69 50885 0 68 50902 0 77 50916 0 76 50918 0 51 50945 0 54 50956 0 52 50961 0 90 50961 0 91 50961 0 92 50980 0 53 51033 0 51 51125 0 53 51136 0 54 51183 0 52 51212 0 51 51234 0 54 51276 0 53 51324 0 67 51330 0 51 51334 0 64 51335 0 65 51338 0 66 51341 0 79 51342 0 78 51345 0 60 51345 0 61 51350 0 76 51358 0 52 51358 0 90 51358 0 91 51358 0 92 51365 0 79 51366 0 78 51374 0 76 51381 0 68 51381 0 69 51389 0 73 51391 0 72 51392 0 79 51393 0 78 51401 0 
TIME iteration: 325 ms
Round:97
IR: 5, 299, 440, 256, 88
51414 0 75 51423 0 54 51427 0 78 51427 0 79 51429 0 74 51434 0 76 51457 0 53 51474 0 90 51474 0 91 51474 0 92 51500 0 76 51522 0 54 51551 0 51 51561 0 52 51599 0 53 51666 0 54 51672 0 51 51770 0 54 51788 0 53 51790 0 52 51794 0 67 51795 0 66 51800 0 79 51823 0 90 51823 0 91 51823 0 92 51824 0 79 51827 0 75 51829 0 74 51851 0 79 51882 0 54 51884 0 79 51920 0 51 51927 0 
TIME iteration: 325 ms
Round:98
IR: 6, 308, 204, 261, 359
51947 0 52 51958 0 79 52014 0 54 52071 0 51 52090 0 53 52171 0 54 52173 0 52 52182 0 66 52183 0 67 52188 0 79 52204 0 74 52204 0 75 52209 0 90 52209 0 91 52209 0 92 52212 0 79 52219 0 51 52239 0 79 52272 0 79 52273 0 53 52280 0 52 52293 0 54 52393 0 52 52398 0 51 52464 0 
TIME iteration: 323 ms
Round:99
IR: 1, 387, 329, 240, 100
52475 0 54 52549 0 51 52601 0 60 52601 0 61 52609 0 76 52628 0 90 52628 0 91 52628 0 92 52633 0 76 52638 0 53 52660 0 76 52669 0 68 52674 0 69 52676 0 52 52694 0 76 52699 0 51 52712 0 54 52747 0 53 52810 0 52 52826 0 51 52860 0 54 52881 0 53 52907 0 52 52939 0 63 52941 0 62 52947 0 51 52948 0 60 52948 0 61 52948 0 77 52951 0 76 52965 0 90 52965 0 91 52965 0 92 52972 0 68 52972 0 77 52973 0 69 52974 0 76 52999 0 
TIME iteration: 323 ms
Round:100
IR: 4, 177, 198, 471, 292
53000 0 76 53007 0 54 53014 0 53 53021 0 52 53028 0 70 53032 0 76 53033 0 77 53038 0 71 53086 0 76 53090 0 51 53093 0 90 53093 0 91 53093 0 92 53098 0 58 53134 0 58 53141 0 52 53159 0 53 53163 0 86 53163 0 87 53168 0 58 53201 0 58 53233 0 51 53233 0 58 53266 0 58 53267 0 52 53270 0 54 53274 0 86 53274 0 87 53298 0 58 53330 0 58 53342 0 53 53360 0 58 53381 0 51 53387 0 86 53387 0 87 53389 0 58 53395 0 54 53418 0 58 53447 0 58 53448 0 52 53474 0 53 53478 0 58 53498 0 86 53498 0 87 53508 0 58 53509 0 54 53513 0 66 53513 0 67 53521 0 51 53522 0 60 53522 0 61 53522 0 79 53528 0 
TIME iteration: 323 ms
Round:101
IR: 21, 197, 188, 359, 260
53539 0 58 53543 0 90 53543 0 91 53543 0 92 53546 0 79 53552 0 76 53556 0 68 53556 0 69 53573 0 79 53579 0 76 53581 0 74 53582 0 52 53584 0 75 53587 0 58 53608 0 79 53612 0 86 53612 0 87 53613 0 76 53663 0 54 53675 0 90 53675 0 91 53675 0 92 53678 0 53 53689 0 76 53712 0 51 53764 0 52 53794 0 54 53857 0 53 53880 0 51 53933 0 54 54041 0 52 54046 0 53 54048 0 
TIME iteration: 323 ms
Round:102
IR: 2, 390, 340, 257, 26
54064 0 54 54068 0 66 54069 0 67 54075 0 79 54088 0 60 54088 0 61 54094 0 76 54099 0 79 54099 0 90 54099 0 91 54099 0 92 54106 0 74 54107 0 75 54118 0 76 54122 0 68 54123 0 69 54126 0 79 54145 0 76 54160 0 79 54179 0 76 54193 0 54 54217 0 51 54222 0 52 54226 0 90 54226 0 91 54226 0 92 54231 0 53 54255 0 76 54360 0 52 54365 0 54 54393 0 51 54399 0 53 54512 0 53 54521 0 54 54528 0 52 54576 0 65 54579 0 64 54586 0 
TIME iteration: 324 ms
Round:103
IR: 4, 202, 171, 270, 351
54607 0 90 54607 0 91 54607 0 92 54610 0 78 54621 0 51 54637 0 78 54667 0 53 54667 0 73 54672 0 78 54674 0 72 54707 0 54 54750 0 51 54832 0 52 54893 0 53 54893 0 54 54942 0 51 54982 0 64 54982 0 65 54986 0 78 55009 0 78 55009 0 90 55009 0 91 55009 0 92 55012 0 73 55013 0 54 55013 0 72 55035 0 78 55036 0 53 55067 0 78 55093 0 52 55095 0 
TIME iteration: 323 ms
Round:104
IR: 23, 365, 311, 279, 23
55123 0 78 55189 0 53 55211 0 54 55247 0 52 55279 0 51 55340 0 53 55364 0 65 55365 0 64 55369 0 78 55385 0 72 55385 0 73 55390 0 90 55390 0 91 55390 0 92 55393 0 78 55419 0 78 55443 0 54 55452 0 78 55457 0 53 55469 0 52 55470 0 72 55472 0 73 55485 0 51 55513 0 78 55569 0 54 55600 0 53 55623 0 65 55624 0 64 55627 0 78 55636 0 51 55643 0 73 55644 0 72 55647 0 52 55647 0 90 55647 0 91 55647 0 
TIME iteration: 323 ms
Round:105
IR: 20, 376, 368, 229, 375
55650 0 78 55676 0 78 55708 0 78 55724 0 73 55731 0 54 55735 0 72 55762 0 78 55773 0 53 55806 0 52 55817 0 51 55918 0 54 55945 0 52 56018 0 62 56021 0 63 56023 0 53 56028 0 77 56043 0 64 56044 0 65 56045 0 90 56045 0 91 56045 0 92 56049 0 78 56052 0 77 56055 0 51 56073 0 78 56076 0 72 56076 0 73 56079 0 77 56086 0 54 56100 0 78 56108 0 71 56114 0 77 56115 0 70 56133 0 78 56167 0 90 56167 0 91 56167 0 
TIME iteration: 323 ms
Round:106
IR: 21, 259, 262, 298, 36
56197 0 52 56199 0 53 56200 0 78 56203 0 51 56293 0 54 56343 0 51 56357 0 53 56401 0 52 56429 0 54 56477 0 53 56517 0 64 56519 0 65 56524 0 78 56530 0 54 56536 0 51 56537 0 52 56539 0 66 56539 0 67 56546 0 72 56546 0 73 56547 0 90 56547 0 91 56547 0 92 56548 0 53 56548 0 78 56548 0 79 56572 0 79 56575 0 78 56599 0 79 56609 0 78 56625 0 75 56627 0 74 56634 0 79 56647 0 52 56653 0 53 56657 0 54 56672 0 90 56672 0 91 56672 0 92 56684 0 78 56688 0 
TIME iteration: 324 ms
Round:107
IR: 21, 269, 390, 385, 156
56806 0 51 56844 0 53 56866 0 52 56917 0 54 56947 0 51 56961 0 53 56987 0 52 57028 0 60 57028 0 61 57036 0 64 57036 0 76 57045 0 65 57047 0 78 57052 0 51 57057 0 90 57057 0 91 57057 0 92 57060 0 76 57070 0 73 57071 0 72 57071 0 78 57087 0 76 57098 0 78 57118 0 52 57121 0 76 57122 0 68 57128 0 69 57132 0 78 57134 0 53 57161 0 51 57186 0 90 57186 0 91 57186 0 92 57208 0 54 57210 0 
TIME iteration: 323 ms
Round:108
IR: 3, 360, 397, 561, 340
57267 0 53 57332 0 52 57332 0 58 57369 0 58 57397 0 86 57397 0 87 57403 0 58 57413 0 51 57428 0 53 57437 0 58 57469 0 58 57475 0 52 57499 0 58 57507 0 86 57507 0 87 57529 0 58 57538 0 54 57555 0 53 57559 0 58 57568 0 51 57589 0 58 57614 0 52 57618 0 58 57620 0 86 57620 0 87 57623 0 60 57627 0 61 57631 0 76 57647 0 58 57655 0 76 57656 0 90 57656 0 91 57656 0 92 57665 0 69 57669 0 68 57675 0 58 57682 0 76 57690 0 54 57703 0 58 57716 0 76 57732 0 58 57733 0 86 57733 0 87 57759 0 52 57761 0 
TIME iteration: 323 ms
Round:109
IR: 24, 390, 285, 431, 346
57786 0 51 57791 0 76 57795 0 58 57850 0 53 57855 0 86 57855 0 87 57856 0 58 57892 0 54 57904 0 52 57945 0 51 58016 0 60 58016 0 61 58021 0 53 58021 0 76 58039 0 69 58040 0 68 58042 0 90 58042 0 91 58042 0 92 58045 0 76 58061 0 54 58072 0 51 58072 0 76 58105 0 52 58105 0 76 58171 0 76 58191 0 53 58192 0 51 58215 0 54 58261 0 
TIME iteration: 322 ms
Round:110
IR: 17, 418, 429, 381, 160
58324 0 51 58341 0 54 58343 0 53 58350 0 60 58351 0 61 58355 0 76 58356 0 52 58365 0 68 58365 0 69 58375 0 90 58375 0 91 58375 0 92 58379 0 76 58405 0 76 58427 0 68 58429 0 69 58438 0 76 58439 0 51 58499 0 76 58512 0 54 58527 0 52 58536 0 53 58566 0 51 58604 0 61 58606 0 60 58608 0 76 58623 0 68 58624 0 69 58628 0 90 58628 0 91 58628 0 92 58631 0 76 58655 0 51 58657 0 76 58687 0 54 58689 0 76 58698 0 68 58701 0 69 58712 0 53 58720 0 52 58743 0 
TIME iteration: 323 ms
Round:111
IR: 46, 671, 703, 312, 313
58859 0 51 58913 0 60 58918 0 61 58919 0 76 58931 0 57 58937 0 56 58939 0 68 58939 0 69 58940 0 90 58940 0 91 58940 0 92 58942 0 76 58943 0 52 58968 0 76 58969 0 57 58976 0 56 58978 0 54 58997 0 84 58997 0 85 59000 0 76 59003 0 57 59004 0 82 59004 0 83 59012 0 56 59034 0 53 59038 0 57 59045 0 56 59055 0 76 59063 0 51 59071 0 57 59076 0 56 59103 0 57 59108 0 56 59109 0 84 59109 0 85 59110 0 52 59115 0 82 59115 0 83 59136 0 57 59138 0 56 59144 0 54 59167 0 56 59168 0 57 59197 0 56 59199 0 57 59221 0 84 59221 0 85 59228 0 56 59229 0 82 59229 0 83 59230 0 57 59252 0 51 59260 0 56 59261 0 57 59284 0 54 59291 0 57 59292 0 56 59296 0 52 59320 0 57 59324 0 56 59331 0 84 59331 0 85 59340 0 82 59340 0 83 59348 0 57 59355 0 
TIME iteration: 325 ms
Round:112
IR: 161, 479, 434, 413, 126
59367 0 63 59369 0 62 59376 0 77 59379 0 57 59395 0 56 59395 0 90 59395 0 91 59395 0 92 59396 0 53 59400 0 54 59400 0 77 59406 0 52 59426 0 57 59427 0 77 59443 0 84 59443 0 85 59461 0 70 59461 0 77 59463 0 71 59472 0 82 59472 0 83 59503 0 51 59559 0 52 59585 0 53 59614 0 54 59697 0 51 59743 0 52 59743 0 53 59757 0 62 59757 0 63 59761 0 77 59783 0 90 59783 0 91 59783 0 92 59784 0 77 59786 0 70 59787 0 54 59787 0 71 59810 0 77 59836 0 51 59842 0 77 59882 0 
TIME iteration: 322 ms
Round:113
IR: 664, 451, 518, 444, 67
59898 0 77 59931 0 54 59935 0 53 59970 0 51 59980 0 55 60015 0 52 60015 0 55 60044 0 80 60044 0 81 60047 0 55 60063 0 53 60072 0 51 60078 0 55 60109 0 55 60124 0 62 60133 0 77 60140 0 55 60155 0 80 60155 0 81 60156 0 90 60156 0 91 60156 0 92 60157 0 52 60162 0 77 60170 0 55 60199 0 55 60204 0 77 60228 0 55 60233 0 51 60257 0 53 60257 0 55 60264 0 80 60264 0 81 60277 0 54 60287 0 55 60294 0 52 60318 0 55 60348 0 55 60377 0 80 60377 0 81 60378 0 55 60407 0 55 60411 0 
TIME iteration: 323 ms
Round:114
IR: 402, 612, 592, 327, 230
60435 0 53 60438 0 55 60445 0 54 60482 0 51 60483 0 55 60484 0 62 60488 0 63 60490 0 80 60490 0 81 60491 0 77 60506 0 71 60507 0 70 60511 0 56 60514 0 57 60514 0 90 60514 0 91 60514 0 92 60515 0 77 60538 0 54 60541 0 77 60547 0 56 60550 0 57 60565 0 82 60565 0 83 60567 0 84 60567 0 85 60574 0 77 60583 0 56 60585 0 57 60595 0 71 60597 0 70 60617 0 56 60617 0 57 60626 0 52 60636 0 77 60648 0 54 60648 0 57 60649 0 56 60652 0 51 60678 0 57 60680 0 56 60680 0 82 60680 0 83 60680 0 84 60680 0 85 60707 0 57 60712 0 56 60714 0 53 60735 0 57 60744 0 56 60764 0 57 60768 0 52 60774 0 56 60784 0 62 60784 0 63 60788 0 77 60789 0 54 60791 0 57 60791 0 82 60791 0 83 60792 0 84 60792 0 85 60803 0 56 60807 0 70 60808 0 71 60808 0 90 60808 0 91 60808 0 92 60810 0 51 60811 0 77 60819 0 57 60823 0 53 60832 0 56 60837 0 77 60847 0 57 60861 0 56 60869 0 77 60874 0 57 60890 0 56 60900 0 82 60900 0 83 60901 0 57 60903 0 84 60903 0 85 60920 0 56 60925 0 77 60928 0 57 60931 0 52 60944 0 54 60949 0 
TIME iteration: 324 ms
Round:115
IR: 115, 285, 293, 275, 141
60951 0 51 60955 0 57 60985 0 56 60989 0 57 61013 0 82 61013 0 83 61015 0 84 61015 0 85 61053 0 57 61067 0 53 61082 0 54 61091 0 52 61138 0 51 61160 0 52 61161 0 62 61161 0 63 61166 0 77 61180 0 70 61180 0 71 61187 0 90 61187 0 91 61187 0 92 61190 0 77 61205 0 54 61217 0 77 61232 0 53 61233 0 52 61250 0 77 61260 0 70 61263 0 71 61281 0 51 61315 0 77 61335 0 52 61341 0 54 61363 0 62 61363 0 63 61366 0 77 61380 0 70 61380 0 71 61385 0 90 61385 0 91 61385 0 92 61389 0 77 61415 0 77 61430 0 53 61447 0 70 61447 0 71 61447 0 77 61449 0 51 61457 0 
TIME iteration: 323 ms
Round:116
IR: 77, 213, 215, 243, 166
61480 0 54 61500 0 77 61589 0 52 61616 0 53 61617 0 62 61617 0 63 61620 0 77 61636 0 70 61636 0 71 61640 0 90 61640 0 91 61640 0 92 61643 0 77 61649 0 51 61669 0 77 61694 0 52 61701 0 77 61710 0 70 61715 0 71 61749 0 51 61755 0 77 61768 0 53 61810 0 54 61833 0 52 61852 0 51 61864 0 63 61865 0 62 61867 0 77 61871 0 53 61883 0 70 61884 0 71 61887 0 90 61887 0 91 61887 0 92 61890 0 77 61916 0 77 61948 0 77 61955 0 70 61966 0 71 61988 0 51 61992 0 53 62001 0 52 62001 0 
TIME iteration: 323 ms
Round:117
IR: 86, 379, 256, 297, 200
62067 0 54 62126 0 53 62141 0 51 62225 0 52 62248 0 62 62248 0 63 62253 0 77 62262 0 53 62267 0 54 62269 0 64 62269 0 65 62274 0 90 62274 0 91 62274 0 92 62277 0 70 62277 0 71 62277 0 77 62277 0 78 62301 0 78 62304 0 77 62322 0 51 62328 0 78 62337 0 77 62362 0 78 62363 0 72 62368 0 73 62383 0 54 62397 0 90 62397 0 91 62397 0 92 62402 0 77 62444 0 52 62448 0 51 62451 0 53 62486 0 
TIME iteration: 323 ms
Round:118
IR: 96, 181, 297, 491, 203
62553 0 52 62576 0 54 62616 0 51 62641 0 53 62641 0 58 62677 0 58 62706 0 86 62706 0 87 62713 0 58 62727 0 54 62740 0 66 62741 0 67 62746 0 58 62749 0 79 62754 0 51 62770 0 90 62770 0 91 62770 0 92 62773 0 53 62773 0 79 62778 0 58 62800 0 79 62808 0 58 62810 0 52 62816 0 86 62816 0 87 62835 0 79 62837 0 58 62837 0 75 62838 0 74 62866 0 58 62895 0 58 62923 0 58 62927 0 86 62927 0 87 62929 0 51 62950 0 58 62960 0 54 62977 0 58 63003 0 52 63004 0 58 63031 0 58 63033 0 53 63037 0 86 63037 0 87 63058 0 58 63064 0 
TIME iteration: 324 ms
Round:119
IR: 107, 198, 173, 301, 333
63087 0 58 63127 0 58 63139 0 54 63149 0 61 63149 0 86 63149 0 87 63151 0 60 63155 0 52 63158 0 76 63161 0 66 63162 0 67 63166 0 79 63177 0 90 63177 0 91 63177 0 92 63182 0 76 63190 0 79 63193 0 75 63194 0 74 63209 0 76 63216 0 79 63243 0 76 63246 0 68 63246 0 69 63249 0 79 63280 0 54 63281 0 52 63302 0 53 63305 0 90 63305 0 91 63305 0 92 63316 0 79 63352 0 51 63412 0 52 63463 0 54 63520 0 51 63527 0 52 63533 0 
TIME iteration: 323 ms
Round:120
IR: 66, 291, 291, 284, 178
63630 0 51 63641 0 52 63650 0 62 63651 0 63 63654 0 53 63658 0 60 63658 0 61 63659 0 77 63660 0 54 63663 0 76 63679 0 90 63679 0 91 63679 0 92 63683 0 77 63687 0 76 63695 0 69 63696 0 68 63710 0 77 63714 0 76 63726 0 70 63728 0 71 63745 0 77 63747 0 76 63749 0 51 63759 0 52 63770 0 54 63787 0 53 63810 0 90 63810 0 91 63810 0 92 63813 0 76 63870 0 51 63880 0 54 63900 0 52 63961 0 53 64008 0 52 64043 0 54 64086 0 51 64104 0 52 64117 0 62 64117 0 63 64122 0 
TIME iteration: 324 ms
Round:121
IR: 80, 453, 153, 295, 188
64146 0 77 64146 0 90 64146 0 91 64146 0 92 64149 0 70 64151 0 71 64173 0 77 64189 0 54 64193 0 51 64206 0 77 64209 0 53 64272 0 77 64314 0 54 64320 0 51 64357 0 52 64445 0 54 64447 0 51 64465 0 53 64476 0 61 64477 0 60 64480 0 66 64481 0 67 64484 0 76 64489 0 79 64502 0 90 64502 0 91 64502 0 92 64508 0 76 64513 0 79 64526 0 68 64528 0 69 64535 0 76 64540 0 79 64551 0 74 64552 0 75 64569 0 76 64575 0 79 64590 0 53 64594 0 52 64632 0 90 64632 0 91 64632 0 92 64635 0 
TIME iteration: 324 ms
Round:122
IR: 113, 206, 199, 260, 283
64677 0 54 64709 0 52 64713 0 53 64819 0 54 64834 0 52 64852 0 51 64867 0 53 64927 0 54 64960 0 66 64960 0 67 64966 0 79 64969 0 53 64985 0 64 64985 0 65 64989 0 90 64989 0 91 64989 0 92 64990 0 79 64993 0 78 64994 0 74 64994 0 75 65017 0 78 65017 0 79 65026 0 52 65044 0 78 65049 0 51 65051 0 79 65074 0 73 65078 0 78 65081 0 72 65103 0 54 65105 0 53 65113 0 90 65113 0 91 65113 0 
TIME iteration: 324 ms
Round:123
IR: 10, 293, 177, 270, 168
65225 0 53 65229 0 51 65245 0 52 65255 0 54 65346 0 53 65397 0 54 65419 0 51 65451 0 53 65452 0 65 65453 0 64 65457 0 78 65481 0 78 65482 0 90 65482 0 91 65482 0 92 65486 0 72 65488 0 73 65507 0 78 65526 0 52 65540 0 78 65544 0 51 65563 0 53 65601 0 78 65610 0 54 65655 0 51 65680 0 53 65707 0 
TIME iteration: 323 ms
Round:124
IR: 24, 306, 229, 402, 282
65766 0 54 65769 0 51 65792 0 61 65793 0 60 65796 0 53 65799 0 64 65799 0 65 65801 0 76 65803 0 78 65817 0 72 65818 0 73 65818 0 90 65818 0 91 65818 0 92 65825 0 76 65826 0 78 65852 0 76 65852 0 78 65861 0 51 65862 0 52 65869 0 69 65870 0 68 65884 0 78 65887 0 76 65889 0 54 65889 0 72 65899 0 73 65940 0 78 65947 0 53 65947 0 90 65947 0 91 65947 0 92 66019 0 52 66022 0 51 66046 0 54 66068 0 53 66164 0 52 66174 0 51 66192 0 53 66223 0 
TIME iteration: 323 ms
Round:125
IR: 4, 427, 448, 206, 172
66280 0 64 66286 0 65 66289 0 78 66311 0 53 66312 0 90 66312 0 91 66312 0 92 66313 0 78 66319 0 73 66320 0 72 66332 0 54 66340 0 78 66352 0 52 66373 0 78 66419 0 54 66430 0 53 66442 0 78 66455 0 51 66483 0 52 66561 0 53 66582 0 54 66604 0 65 66605 0 64 66609 0 78 66621 0 73 66622 0 72 66629 0 90 66629 0 91 66629 0 92 66631 0 52 66632 0 51 66633 0 78 66659 0 78 66668 0 53 66687 0 73 66689 0 72 66692 0 78 66732 0 54 66753 0 
TIME iteration: 324 ms
Round:126
IR: 49, 162, 200, 303, 314
66785 0 51 66787 0 52 66796 0 53 66852 0 64 66853 0 65 66856 0 78 66871 0 72 66871 0 73 66875 0 90 66875 0 91 66875 0 92 66879 0 78 66905 0 78 66921 0 51 66922 0 52 66937 0 78 66943 0 73 66950 0 72 66953 0 54 66969 0 53 66991 0 78 67051 0 51 67071 0 52 67106 0 53 67115 0 54 67127 0 64 67127 0 65 67130 0 78 67147 0 73 67148 0 72 67150 0 90 67150 0 91 67150 0 92 67153 0 78 67172 0 51 67179 0 78 67187 0 52 67202 0 53 67211 0 78 67228 0 73 67263 0 54 67265 0 
TIME iteration: 323 ms
Round:127
IR: 97, 180, 318, 519, 328
67312 0 52 67331 0 53 67355 0 51 67401 0 58 67410 0 64 67416 0 78 67425 0 65 67429 0 54 67430 0 72 67435 0 58 67437 0 90 67437 0 91 67437 0 92 67439 0 78 67441 0 73 67445 0 52 67464 0 78 67464 0 86 67464 0 87 67469 0 58 67489 0 53 67490 0 72 67494 0 78 67501 0 58 67513 0 51 67535 0 58 67538 0 78 67567 0 58 67571 0 52 67572 0 54 67575 0 86 67575 0 87 67597 0 58 67628 0 58 67659 0 58 67663 0 51 67665 0 53 67688 0 86 67688 0 87 67689 0 58 67703 0 52 67711 0 54 67719 0 58 67749 0 58 67778 0 58 67781 0 51 67799 0 60 67799 0 61 67799 0 86 67799 0 87 67807 0 58 67807 0 76 67812 0 54 67813 0 67 67814 0 66 67822 0 79 67824 0 90 67824 0 91 67824 0 92 67831 0 76 67835 0 
TIME iteration: 325 ms
Round:128
IR: 73, 140, 278, 289, 65
67846 0 79 67848 0 53 67858 0 76 67863 0 52 67867 0 58 67873 0 79 67888 0 68 67888 0 69 67892 0 76 67908 0 74 67908 0 79 67918 0 58 67918 0 86 67918 0 87 67924 0 75 67949 0 90 67949 0 91 67949 0 92 67952 0 51 67975 0 54 68051 0 52 68083 0 51 68130 0 53 68155 0 54 68193 0 52 68211 0 51 68272 0 54 68294 0 61 68296 0 60 68300 0 76 68305 0 53 68305 0 67 68306 0 66 68307 0 52 68311 0 79 68324 0 76 68324 0 90 68324 0 91 68324 0 92 68330 0 68 68333 0 69 68334 0 51 68335 0 79 68341 0 74 68342 0 75 68351 0 76 68362 0 
TIME iteration: 324 ms
Round:129
IR: 88, 159, 227, 407, 204
68384 0 76 68396 0 79 68438 0 52 68438 0 54 68450 0 76 68454 0 90 68454 0 91 68454 0 92 68500 0 51 68525 0 53 68591 0 52 68633 0 54 68654 0 51 68759 0 53 68763 0 52 68794 0 51 68797 0 54 68827 0 61 68828 0 60 68834 0 76 68857 0 90 68857 0 91 68857 0 92 68858 0 76 68861 0 68 68861 0 69 68885 0 52 68885 0 76 68896 0 
TIME iteration: 323 ms
Round:130
IR: 92, 214, 228, 441, 138
68916 0 53 68919 0 76 68946 0 54 68986 0 51 69000 0 76 69024 0 52 69030 0 54 69054 0 53 69147 0 51 69170 0 61 69171 0 60 69175 0 76 69177 0 54 69189 0 68 69190 0 69 69194 0 66 69194 0 67 69196 0 90 69196 0 91 69196 0 92 69199 0 76 69202 0 79 69209 0 53 69225 0 76 69226 0 79 69247 0 74 69249 0 75 69253 0 79 69258 0 76 69261 0 52 69271 0 68 69276 0 69 69287 0 79 69318 0 90 69318 0 91 69318 0 92 69319 0 76 69344 0 53 69363 0 
TIME iteration: 324 ms
Round:131
IR: 72, 407, 328, 117, 168
69433 0 51 69451 0 53 69490 0 52 69526 0 54 69576 0 51 69617 0 53 69619 0 52 69665 0 54 69689 0 64 69689 0 65 69696 0 66 69696 0 67 69697 0 78 69702 0 52 69702 0 79 69706 0 62 69706 0 63 69714 0 77 69717 0 90 69717 0 91 69717 0 92 69721 0 78 69726 0 79 69729 0 74 69729 0 75 69738 0 77 69748 0 78 69750 0 51 69753 0 79 69765 0 77 69779 0 72 69782 0 73 69782 0 78 69787 0 79 69792 0 53 69792 0 54 69799 0 71 69799 0 77 69806 0 70 69833 0 52 69833 0 90 69833 0 91 69833 0 92 69917 0 53 69949 0 
TIME iteration: 324 ms
Round:132
IR: 118, 320, 194, 289, 149
70039 0 52 70049 0 54 70101 0 51 70105 0 53 70177 0 53 70190 0 64 70190 0 65 70195 0 78 70197 0 52 70219 0 78 70219 0 90 70219 0 91 70219 0 92 70227 0 72 70227 0 73 70246 0 78 70262 0 51 70274 0 53 70279 0 78 70328 0 54 70345 0 78 70401 0 52 70401 0 53 70445 0 51 70445 0 
TIME iteration: 324 ms
Round:133
IR: 51, 291, 199, 371, 210
70530 0 52 70534 0 53 70543 0 65 70544 0 64 70548 0 78 70557 0 54 70564 0 72 70564 0 73 70569 0 67 70569 0 90 70569 0 91 70569 0 92 70570 0 51 70572 0 78 70587 0 79 70598 0 78 70619 0 79 70631 0 78 70647 0 73 70652 0 52 70654 0 53 70659 0 72 70676 0 79 70692 0 78 70701 0 51 70705 0 54 70706 0 90 70706 0 91 70706 0 92 70763 0 53 70802 0 52 70852 0 51 70889 0 53 70922 0 54 70992 0 
TIME iteration: 322 ms
Round:134
IR: 120, 153, 317, 417, 248
71033 0 54 71062 0 53 71078 0 52 71086 0 64 71086 0 65 71089 0 66 71090 0 67 71092 0 78 71096 0 79 71113 0 90 71113 0 91 71113 0 92 71116 0 78 71120 0 79 71125 0 72 71125 0 73 71130 0 74 71131 0 75 71143 0 78 71147 0 79 71177 0 78 71180 0 53 71181 0 79 71192 0 54 71201 0 51 71205 0 52 71245 0 90 71245 0 91 71245 0 92 71253 0 78 71292 0 54 71305 0 53 71317 0 51 71317 0 52 71422 0 53 71422 0 54 71425 0 52 71494 0 
TIME iteration: 323 ms
Round:135
IR: 90, 197, 205, 395, 386
71556 0 53 71580 0 52 71582 0 64 71583 0 65 71588 0 78 71597 0 54 71603 0 62 71603 0 63 71611 0 77 71612 0 78 71612 0 90 71612 0 91 71612 0 92 71613 0 72 71613 0 73 71635 0 77 71639 0 78 71653 0 51 71662 0 77 71672 0 78 71691 0 70 71696 0 77 71697 0 71 71704 0 53 71738 0 90 71738 0 91 71738 0 92 71739 0 78 71796 0 51 71816 0 53 71818 0 54 71866 0 52 71915 0 51 71995 0 53 72038 0 51 72049 0 54 72067 0 60 72068 0 61 72071 0 52 72076 0 
TIME iteration: 324 ms
Round:136
IR: 94, 234, 298, 416, 184
72097 0 90 72097 0 91 72097 0 92 72100 0 76 72114 0 53 72127 0 76 72144 0 51 72158 0 68 72160 0 69 72162 0 76 72220 0 54 72274 0 53 72278 0 52 72325 0 54 72421 0 51 72432 0 52 72464 0 53 72465 0 54 72472 0 66 72472 0 67 72481 0 79 72499 0 90 72499 0 91 72499 0 92 72505 0 79 72532 0 79 72546 0 74 72546 0 75 72557 0 52 72561 0 54 72567 0 79 72589 0 
TIME iteration: 324 ms
Round:137
IR: 87, 186, 178, 315, 287
72613 0 53 72679 0 54 72720 0 53 72753 0 66 72753 0 67 72755 0 79 72757 0 52 72773 0 74 72773 0 75 72777 0 90 72777 0 91 72777 0 92 72778 0 79 72798 0 54 72804 0 79 72815 0 51 72836 0 79 72849 0 74 72854 0 75 72858 0 53 72879 0 52 72890 0 79 73016 0 52 73019 0 51 73092 0 54 73093 0 
TIME iteration: 323 ms
Round:138
IR: 110, 411, 306, 301, 207
73172 0 67 73176 0 66 73180 0 79 73188 0 51 73201 0 90 73201 0 91 73201 0 92 73204 0 79 73205 0 74 73206 0 75 73220 0 54 73231 0 79 73245 0 52 73265 0 79 73380 0 53 73409 0 54 73411 0 51 73468 0 52 73493 0 53 73541 0 54 73565 0 66 73565 0 67 73569 0 79 73574 0 51 73586 0 74 73587 0 75 73591 0 90 73591 0 91 73591 0 92 73593 0 79 73602 0 52 73619 0 79 73647 0 53 73652 0 
TIME iteration: 323 ms
Round:139
IR: 133, 335, 169, 397, 168
73716 0 79 73737 0 51 73740 0 54 73746 0 52 73799 0 53 73892 0 52 73912 0 53 73937 0 64 73937 0 65 73945 0 78 73950 0 54 73951 0 51 73952 0 62 73954 0 63 73961 0 77 73963 0 90 73963 0 91 73963 0 92 73969 0 78 73985 0 77 73996 0 78 74012 0 77 74024 0 73 74025 0 72 74030 0 78 74046 0 70 74046 0 77 74053 0 71 74088 0 90 74088 0 91 74088 0 92 74117 0 51 74122 0 54 74123 0 53 74127 0 
TIME iteration: 323 ms
Round:140
IR: 23, 433, 421, 305, 323
74242 0 54 74275 0 51 74335 0 53 74356 0 52 74396 0 54 74416 0 51 74449 0 67 74450 0 66 74458 0 79 74462 0 61 74464 0 60 74468 0 53 74471 0 76 74479 0 90 74479 0 91 74479 0 92 74482 0 79 74495 0 76 74501 0 74 74503 0 75 74509 0 79 74514 0 52 74522 0 76 74530 0 54 74544 0 79 74556 0 76 74558 0 69 74561 0 68 74568 0 51 74603 0 53 74608 0 90 74608 0 91 74608 0 92 74624 0 52 74711 0 
TIME iteration: 324 ms
Round:141
IR: 10, 180, 202, 283, 235
74739 0 52 74759 0 51 74780 0 53 74867 0 52 74874 0 54 74924 0 53 74940 0 51 74940 0 62 74941 0 63 74948 0 77 74970 0 90 74970 0 91 74970 0 92 74972 0 77 74999 0 77 75003 0 70 75003 0 71 75026 0 52 75033 0 77 75035 0 51 75060 0 54 75148 0 51 75154 0 53 75198 0 54 75229 0 
TIME iteration: 323 ms
Round:142
IR: 76, 174, 303, 416, 336
75321 0 54 75336 0 66 75336 0 67 75344 0 79 75347 0 53 75352 0 51 75362 0 90 75362 0 91 75362 0 92 75368 0 79 75394 0 74 75394 0 75 75395 0 79 75402 0 52 75429 0 79 75462 0 53 75480 0 51 75544 0 54 75552 0 52 75622 0 51 75631 0 53 75653 0 52 75688 0 62 75688 0 63 75695 0 77 75713 0 90 75713 0 91 75713 0 92 75719 0 77 75737 0 71 75739 0 70 75746 0 77 75780 0 77 75785 0 
TIME iteration: 322 ms
Round:143
IR: 117, 213, 178, 302, 254
75803 0 54 75821 0 51 75838 0 52 75953 0 53 75979 0 54 75985 0 51 75999 0 52 76053 0 62 76053 0 63 76056 0 77 76076 0 71 76077 0 70 76078 0 53 76078 0 90 76078 0 91 76078 0 92 76079 0 77 76104 0 54 76105 0 77 76108 0 52 76137 0 77 76191 0 77 76205 0 51 76208 0 54 76227 0 53 76250 0 
TIME iteration: 324 ms
Round:144
IR: 79, 186, 181, 298, 154
76335 0 51 76354 0 53 76384 0 54 76424 0 65 76428 0 64 76434 0 78 76435 0 52 76441 0 67 76445 0 53 76446 0 66 76452 0 79 76452 0 90 76452 0 91 76452 0 92 76458 0 78 76463 0 51 76476 0 79 76485 0 78 76503 0 79 76508 0 75 76510 0 74 76519 0 78 76520 0 72 76527 0 73 76537 0 79 76563 0 52 76577 0 90 76577 0 91 76577 0 92 76585 0 53 76609 0 54 76640 0 51 76686 0 52 76740 0 53 76782 0 54 76799 0 
TIME iteration: 323 ms
Round:145
IR: 87, 172, 389, 539, 161
76871 0 53 76876 0 51 76925 0 65 76927 0 64 76929 0 52 76931 0 78 76936 0 63 76937 0 62 76940 0 54 76944 0 77 76954 0 58 76955 0 78 76955 0 90 76955 0 91 76955 0 92 76962 0 72 76963 0 73 76968 0 77 76982 0 78 76989 0 70 76990 0 71 76992 0 58 76995 0 77 77011 0 51 77015 0 78 77020 0 86 77020 0 87 77027 0 58 77029 0 77 77053 0 54 77061 0 58 77071 0 52 77081 0 78 77083 0 53 77085 0 90 77085 0 91 77085 0 92 77094 0 58 77125 0 58 77132 0 86 77132 0 87 77136 0 51 77155 0 58 77185 0 58 77213 0 52 77214 0 58 77243 0 58 77245 0 86 77245 0 87 77259 0 53 77266 0 51 77272 0 58 77299 0 54 77303 0 58 77333 0 58 77343 0 52 77357 0 86 77357 0 87 77362 0 
TIME iteration: 324 ms
Round:146
IR: 77, 273, 157, 270, 160
77383 0 51 77391 0 58 77404 0 53 77413 0 60 77414 0 61 77422 0 76 77432 0 58 77443 0 90 77443 0 91 77443 0 92 77446 0 76 77467 0 54 77473 0 76 77475 0 52 77475 0 86 77475 0 87 77506 0 69 77508 0 76 77510 0 68 77579 0 51 77596 0 53 77622 0 54 77623 0 52 77720 0 54 77764 0 67 77766 0 66 77771 0 53 77774 0 79 77790 0 90 77790 0 91 77790 0 92 77798 0 79 77820 0 52 77825 0 79 77830 0 54 77839 0 74 77843 0 51 77843 0 75 77860 0 
TIME iteration: 323 ms
Round:147
IR: 128, 272, 185, 280, 278
77911 0 53 77937 0 54 77969 0 52 77971 0 51 78093 0 54 78099 0 51 78102 0 66 78102 0 67 78105 0 79 78118 0 53 78126 0 74 78127 0 75 78127 0 90 78127 0 91 78127 0 92 78128 0 79 78154 0 79 78171 0 52 78186 0 79 78230 0 54 78243 0 79 78247 0 51 78279 0 52 78295 0 53 78344 0 51 78354 0 54 78406 0 
TIME iteration: 323 ms
Round:148
IR: 345, 166, 157, 395, 277
78444 0 63 78445 0 62 78445 0 67 78453 0 77 78454 0 53 78454 0 79 78463 0 51 78468 0 60 78468 0 61 78468 0 90 78468 0 91 78468 0 92 78476 0 76 78477 0 77 78483 0 79 78494 0 74 78497 0 75 78500 0 76 78504 0 77 78522 0 71 78523 0 70 78525 0 54 78525 0 79 78527 0 76 78533 0 69 78534 0 68 78539 0 77 78560 0 51 78561 0 76 78563 0 52 78585 0 90 78585 0 91 78585 0 92 78632 0 53 78673 0 51 78696 0 54 78753 0 52 78835 0 51 78851 0 53 78892 0 52 78929 0 51 78937 0 61 78938 0 60 78942 0 76 78958 0 54 78966 0 76 78966 0 90 78966 0 91 78966 0 92 78969 0 
TIME iteration: 323 ms
Round:149
IR: 332, 310, 186, 306, 251
78970 0 69 78992 0 76 79025 0 76 79046 0 53 79084 0 52 79086 0 76 79099 0 54 79151 0 51 79201 0 52 79225 0 53 79240 0 54 79241 0 51 79283 0 60 79283 0 61 79287 0 76 79301 0 68 79301 0 69 79308 0 90 79308 0 91 79308 0 92 79310 0 76 79329 0 52 79336 0 76 79351 0 51 79354 0 54 79368 0 76 79379 0 68 79379 0 69 79386 0 53 79424 0 76 79484 0 54 79485 0 
TIME iteration: 324 ms
Round:150
IR: 323, 312, 179, 300, 217
79504 0 52 79521 0 53 79525 0 60 79527 0 61 79529 0 76 79545 0 68 79545 0 69 79549 0 90 79549 0 91 79549 0 92 79552 0 76 79578 0 76 79610 0 76 79621 0 69 79625 0 68 79631 0 51 79644 0 53 79663 0 76 79674 0 52 79694 0 54 79791 0 52 79793 0 53 79814 0 54 79887 0 51 79920 0 54 79921 0 60 79923 0 61 79925 0 66 79925 0 67 79927 0 76 79934 0 79 79947 0 90 79947 0 91 79947 0 92 79951 0 68 79951 0 76 79952 0 69 79958 0 79 79973 0 52 79978 0 76 79983 0 53 79985 0 79 80004 0 74 80005 0 75 80011 0 76 80020 0 
TIME iteration: 323 ms
Round:151
IR: 124, 206, 237, 228, 197
80056 0 54 80076 0 76 80077 0 90 80077 0 91 80077 0 92 80091 0 51 80112 0 52 80114 0 53 80188 0 54 80233 0 53 80242 0 52 80246 0 51 80318 0 54 80351 0 51 80377 0 52 80408 0 60 80408 0 61 80414 0 76 80422 0 62 80422 0 63 80430 0 77 80433 0 53 80436 0 68 80437 0 69 80437 0 90 80437 0 91 80437 0 92 80438 0 76 80452 0 54 80454 0 77 80465 0 76 80481 0 77 80499 0 76 80511 0 70 80513 0 71 80515 0 77 80531 0 
TIME iteration: 323 ms
Round:152
IR: 75, 199, 220, 431, 384
80565 0 90 80565 0 91 80565 0 92 80571 0 54 80575 0 76 80595 0 52 80658 0 53 80671 0 51 80706 0 52 80788 0 51 80844 0 52 80845 0 54 80848 0 53 80885 0 51 80892 0 63 80894 0 60 80894 0 62 80895 0 61 80898 0 77 80900 0 76 80918 0 90 80918 0 91 80918 0 92 80922 0 77 80923 0 68 80923 0 69 80924 0 76 80927 0 70 80928 0 71 80943 0 52 80949 0 77 80951 0 76 80980 0 53 80982 0 77 80984 0 76 81037 0 51 81048 0 77 81049 0 90 81049 0 91 81049 0 92 81051 0 76 81052 0 54 81081 0 
TIME iteration: 324 ms
Round:153
IR: 79, 219, 256, 307, 184
81111 0 53 81176 0 51 81229 0 52 81254 0 53 81254 0 54 81366 0 51 81372 0 52 81409 0 54 81414 0 62 81414 0 63 81420 0 77 81444 0 77 81444 0 90 81444 0 91 81444 0 92 81445 0 53 81446 0 70 81446 0 71 81471 0 77 81478 0 52 81505 0 77 81535 0 54 81569 0 51 81581 0 77 81592 0 
TIME iteration: 323 ms
Round:154
IR: 112, 348, 272, 342, 148
81634 0 52 81700 0 54 81729 0 51 81829 0 52 81845 0 54 81853 0 62 81853 0 63 81857 0 66 81857 0 67 81858 0 77 81859 0 51 81866 0 79 81867 0 60 81867 0 61 81875 0 76 81879 0 70 81879 0 71 81879 0 90 81879 0 91 81879 0 92 81882 0 77 81890 0 79 81896 0 53 81899 0 76 81909 0 77 81917 0 79 81924 0 69 81925 0 68 81926 0 76 81942 0 77 81945 0 74 81945 0 75 81952 0 79 81960 0 76 81975 0 52 81995 0 90 81995 0 91 81995 0 92 82008 0 77 82043 0 53 82047 0 51 82114 0 54 82133 0 
TIME iteration: 323 ms
Round:155
IR: 104, 335, 369, 289, 170
82210 0 51 82214 0 53 82274 0 52 82298 0 54 82416 0 53 82445 0 51 82455 0 64 82456 0 65 82462 0 54 82464 0 78 82474 0 66 82474 0 67 82481 0 79 82484 0 60 82484 0 61 82486 0 90 82486 0 91 82486 0 92 82488 0 78 82490 0 76 82492 0 52 82505 0 79 82514 0 76 82515 0 78 82518 0 74 82519 0 75 82524 0 69 82526 0 68 82532 0 79 82541 0 76 82550 0 78 82555 0 72 82561 0 73 82566 0 79 82569 0 53 82575 0 76 82577 0 51 82583 0 54 82600 0 90 82600 0 91 82600 0 92 82651 0 
TIME iteration: 324 ms
Round:156
IR: 25, 197, 257, 425, 205
82695 0 51 82719 0 52 82739 0 53 82766 0 54 82860 0 52 82884 0 53 82929 0 51 82931 0 54 82974 0 52 82986 0 62 82986 0 63 82994 0 77 83015 0 90 83015 0 91 83015 0 92 83018 0 77 83045 0 77 83049 0 70 83049 0 71 83063 0 54 83064 0 53 83079 0 77 83111 0 51 83198 0 
TIME iteration: 324 ms
Round:157
IR: 105, 194, 235, 281, 198
83233 0 52 83254 0 53 83256 0 54 83305 0 51 83319 0 61 83320 0 60 83327 0 76 83345 0 90 83345 0 91 83345 0 92 83351 0 76 83371 0 69 83373 0 68 83378 0 76 83393 0 54 83412 0 76 83425 0 52 83450 0 53 83457 0 51 83538 0 54 83571 0 52 83631 0 53 83659 0 54 83668 0 51 83688 0 67 83689 0 66 83697 0 79 83714 0 90 83714 0 91 83714 0 92 83721 0 79 83723 0 
TIME iteration: 323 ms
Round:158
IR: 104, 156, 233, 413, 210
83748 0 79 83756 0 74 83759 0 75 83777 0 53 83783 0 79 83828 0 51 83900 0 54 83909 0 52 83946 0 51 83948 0 53 84073 0 54 84098 0 52 84105 0 66 84106 0 67 84110 0 79 84121 0 53 84126 0 51 84132 0 90 84132 0 91 84132 0 92 84134 0 79 84135 0 74 84136 0 75 84160 0 79 84193 0 79 84231 0 54 84250 0 52 84256 0 
TIME iteration: 323 ms
Round:159
IR: 81, 319, 382, 203, 124
84279 0 51 84380 0 54 84389 0 52 84404 0 53 84484 0 54 84486 0 66 84486 0 67 84491 0 79 84506 0 75 84507 0 74 84512 0 90 84512 0 91 84512 0 92 84515 0 79 84519 0 51 84541 0 79 84556 0 52 84574 0 79 84593 0 53 84596 0 75 84597 0 74 84639 0 54 84640 0 79 84665 0 51 84706 0 52 84794 0 
TIME iteration: 326 ms
Round:160
IR: 351, 253, 210, 291, 243
84837 0 51 84842 0 52 84859 0 54 84873 0 62 84873 0 67 84874 0 63 84875 0 66 84879 0 79 84882 0 77 84897 0 90 84897 0 91 84897 0 92 84903 0 79 84904 0 74 84905 0 75 84906 0 77 84930 0 79 84933 0 77 84952 0 70 84958 0 71 84963 0 79 84968 0 77 84973 0 53 84979 0 52 85027 0 90 85027 0 91 85027 0 92 85034 0 79 85041 0 54 85063 0 51 85127 0 53 85145 0 52 85186 0 54 85200 0 51 85248 0 53 85253 0 52 85325 0 
TIME iteration: 323 ms
Round:161
IR: 135, 476, 210, 289, 205
85361 0 54 85371 0 60 85372 0 61 85380 0 76 85385 0 52 85391 0 63 85393 0 62 85395 0 53 85397 0 77 85401 0 90 85401 0 91 85401 0 92 85404 0 76 85421 0 77 85429 0 71 85430 0 70 85431 0 76 85448 0 77 85451 0 68 85463 0 69 85466 0 76 85481 0 77 85482 0 54 85486 0 52 85517 0 53 85527 0 90 85527 0 91 85527 0 92 85530 0 51 85547 0 77 85612 0 54 85640 0 52 85668 0 51 85682 0 53 85734 0 54 85781 0 52 85832 0 
TIME iteration: 324 ms
Round:162
IR: 93, 318, 192, 401, 18
85914 0 60 85915 0 61 85916 0 53 85920 0 76 85921 0 52 85925 0 54 85929 0 62 85929 0 63 85935 0 77 85944 0 76 85945 0 90 85945 0 91 85945 0 92 85953 0 68 85955 0 69 85959 0 77 85962 0 70 85962 0 71 85971 0 76 85986 0 77 86004 0 76 86020 0 77 86047 0 51 86071 0 76 86072 0 53 86075 0 90 86075 0 91 86075 0 92 86096 0 77 86098 0 54 86109 0 52 86178 0 53 86227 0 52 86231 0 51 86322 0 53 86359 0 52 86380 0 51 86382 0 
TIME iteration: 324 ms
Round:163
IR: 79, 191, 180, 267, 87
86407 0 63 86408 0 62 86413 0 77 86436 0 70 86436 0 71 86437 0 77 86437 0 90 86437 0 91 86437 0 92 86457 0 52 86464 0 77 86478 0 53 86497 0 77 86564 0 77 86577 0 52 86585 0 51 86605 0 54 86643 0 53 86698 0 51 86699 0 54 86719 0 52 86750 0 62 86750 0 63 86754 0 77 86766 0 70 86767 0 71 86775 0 90 86775 0 91 86775 0 92 86777 0 77 86787 0 53 86803 0 77 86833 0 71 86834 0 70 86835 0 77 86841 0 54 86852 0 51 86879 0 52 86891 0 
TIME iteration: 323 ms
Round:164
IR: 83, 266, 279, 279, 117
86977 0 54 86978 0 53 87014 0 52 87022 0 51 87036 0 62 87036 0 63 87039 0 77 87057 0 70 87057 0 71 87060 0 90 87060 0 91 87060 0 92 87062 0 77 87088 0 77 87097 0 53 87103 0 54 87120 0 77 87124 0 51 87152 0 70 87159 0 71 87166 0 52 87174 0 77 87229 0 53 87256 0 51 87258 0 54 87285 0 52 87294 0 62 87294 0 63 87297 0 77 87315 0 70 87315 0 71 87317 0 90 87317 0 91 87317 0 92 87320 0 77 87346 0 77 87378 0 77 87392 0 51 87402 0 53 87403 0 70 87409 0 71 87426 0 52 87432 0 
TIME iteration: 323 ms
Round:165
IR: 40, 176, 182, 260, 299
87451 0 54 87527 0 51 87558 0 53 87640 0 54 87654 0 51 87657 0 52 87671 0 61 87672 0 60 87673 0 63 87674 0 62 87678 0 77 87680 0 76 87695 0 90 87695 0 91 87695 0 92 87702 0 70 87702 0 77 87703 0 71 87704 0 76 87728 0 77 87731 0 76 87751 0 69 87755 0 68 87761 0 77 87764 0 53 87766 0 76 87776 0 51 87806 0 52 87822 0 77 87824 0 90 87824 0 91 87824 0 92 87925 0 52 87950 0 53 87975 0 
TIME iteration: 323 ms
Round:166
IR: 74, 201, 297, 385, 115
87991 0 54 88054 0 52 88108 0 53 88121 0 54 88202 0 52 88211 0 63 88212 0 62 88218 0 77 88233 0 51 88241 0 53 88242 0 77 88242 0 90 88242 0 91 88242 0 92 88243 0 71 88244 0 70 88269 0 77 88285 0 54 88303 0 77 88342 0 52 88384 0 77 88400 0 51 88420 0 54 88438 0 
TIME iteration: 323 ms
Round:167
IR: 87, 297, 176, 207, 131
88516 0 52 88579 0 51 88593 0 54 88630 0 67 88632 0 66 88639 0 52 88640 0 63 88640 0 79 88641 0 62 88646 0 77 88658 0 90 88658 0 91 88658 0 92 88664 0 79 88665 0 70 88665 0 71 88670 0 77 88691 0 79 88697 0 77 88712 0 51 88721 0 75 88723 0 74 88726 0 79 88730 0 77 88754 0 53 88769 0 54 88787 0 90 88787 0 91 88787 0 92 88797 0 77 88809 0 52 88905 0 52 88907 0 51 88939 0 53 88980 0 54 89022 0 
TIME iteration: 323 ms
Round:168
IR: 119, 274, 294, 372, 137
89061 0 53 89079 0 51 89100 0 63 89101 0 62 89106 0 77 89126 0 70 89126 0 71 89129 0 90 89129 0 91 89129 0 92 89130 0 77 89148 0 54 89157 0 77 89169 0 52 89188 0 51 89190 0 77 89251 0 53 89257 0 77 89293 0 52 89324 0 54 89386 0 51 89421 0 53 89460 0 52 89474 0 54 89484 0 62 89485 0 63 89489 0 77 89503 0 71 89504 0 70 89511 0 90 89511 0 91 89511 0 92 89513 0 77 89523 0 51 89539 0 77 89540 0 
TIME iteration: 324 ms
Round:169
IR: 124, 155, 185, 371, 130
89572 0 77 89582 0 54 89583 0 71 89589 0 70 89593 0 52 89613 0 51 89633 0 77 89637 0 53 89708 0 54 89736 0 51 89750 0 53 89802 0 64 89803 0 65 89811 0 78 89827 0 90 89827 0 91 89827 0 92 89835 0 78 89848 0 52 89862 0 78 89887 0 54 89894 0 51 89897 0 78 89903 0 73 89905 0 72 89915 0 53 90046 0 53 90049 0 52 90053 0 51 90066 0 54 90082 0 65 90083 0 64 90085 0 
TIME iteration: 323 ms
Round:170
IR: 81, 230, 167, 350, 258
90104 0 72 90105 0 73 90106 0 90 90106 0 91 90106 0 92 90108 0 78 90134 0 78 90163 0 53 90166 0 78 90183 0 51 90194 0 72 90206 0 52 90219 0 78 90258 0 53 90332 0 64 90333 0 65 90335 0 78 90341 0 73 90350 0 52 90350 0 54 90353 0 72 90355 0 90 90355 0 91 90355 0 92 90358 0 78 90360 0 51 90384 0 78 90394 0 73 90398 0 53 90416 0 78 90469 0 78 90498 0 54 90527 0 51 90592 0 52 90594 0 
TIME iteration: 324 ms
Round:171
IR: 85, 316, 232, 356, 182
90657 0 51 90712 0 54 90716 0 60 90717 0 61 90719 0 52 90725 0 76 90742 0 90 90742 0 91 90742 0 92 90749 0 76 90774 0 53 90776 0 76 90805 0 68 90810 0 69 90811 0 76 90822 0 51 90836 0 52 90905 0 53 90934 0 51 90948 0 54 90983 0 60 90985 0 61 90986 0 76 90992 0 52 91004 0 68 91005 0 69 91007 0 90 91007 0 91 91007 0 92 91009 0 76 91035 0 76 91059 0 51 91066 0 76 91088 0 68 91101 0 54 91103 0 69 91109 0 53 91117 0 
TIME iteration: 323 ms
Round:172
IR: 70, 126, 300, 260, 114
91217 0 52 91227 0 51 91256 0 60 91256 0 61 91259 0 76 91277 0 68 91277 0 69 91279 0 90 91279 0 91 91279 0 92 91282 0 76 91290 0 54 91308 0 76 91312 0 53 91340 0 76 91353 0 52 91364 0 68 91373 0 51 91394 0 76 91410 0 53 91432 0 54 91547 0 51 91553 0 52 91566 0 53 91580 0 54 91590 0 60 91591 0 61 91595 0 76 91605 0 69 91615 0 90 91615 0 91 91615 0 92 91616 0 68 91619 0 76 91645 0 76 91670 0 69 91675 0 52 91678 0 
TIME iteration: 323 ms
Round:173
IR: 102, 184, 224, 272, 93
91700 0 53 91724 0 51 91739 0 76 91795 0 54 91834 0 52 91895 0 53 91909 0 51 91931 0 54 91960 0 60 91960 0 61 91965 0 76 91978 0 68 91985 0 90 91985 0 91 91985 0 92 91987 0 69 91989 0 76 91998 0 52 92016 0 76 92041 0 51 92042 0 54 92049 0 76 92057 0 68 92079 0 53 92109 0 52 92114 0 76 92154 0 54 92207 0 53 92211 0 
TIME iteration: 322 ms
Round:174
IR: 64, 153, 140, 278, 179
92258 0 52 92307 0 53 92321 0 64 92321 0 65 92324 0 54 92329 0 78 92339 0 62 92339 0 63 92346 0 90 92346 0 91 92346 0 92 92347 0 77 92353 0 78 92371 0 77 92380 0 78 92396 0 52 92398 0 77 92406 0 72 92408 0 73 92410 0 51 92414 0 78 92432 0 77 92434 0 70 92435 0 71 92470 0 90 92470 0 91 92470 0 92 92484 0 54 92504 0 52 92542 0 51 92600 0 53 92673 0 54 92686 0 52 92700 0 
TIME iteration: 322 ms
Round:175
IR: 40, 344, 176, 290, 186
92774 0 53 92799 0 52 92804 0 54 92826 0 62 92827 0 63 92830 0 51 92832 0 77 92850 0 60 92851 0 61 92856 0 66 92856 0 77 92856 0 90 92856 0 91 92856 0 92 92858 0 76 92863 0 70 92863 0 71 92876 0 79 92882 0 76 92883 0 77 92904 0 69 92907 0 68 92909 0 76 92909 0 79 92916 0 77 92937 0 52 92943 0 76 92950 0 54 92973 0 90 92973 0 91 92973 0 92 92975 0 79 92983 0 77 93020 0 53 93077 0 51 93106 0 54 93108 0 52 93216 0 53 93218 0 54 93248 0 51 93251 0 
TIME iteration: 329 ms
Round:176
IR: 35, 151, 185, 412, 308
93355 0 51 93366 0 54 93367 0 60 93367 0 61 93372 0 66 93372 0 67 93372 0 76 93379 0 79 93386 0 53 93394 0 90 93394 0 91 93394 0 92 93396 0 76 93400 0 69 93401 0 68 93403 0 79 93404 0 52 93419 0 74 93420 0 75 93423 0 76 93430 0 79 93455 0 51 93456 0 76 93464 0 79 93522 0 52 93522 0 76 93524 0 53 93525 0 90 93525 0 91 93525 0 92 93546 0 54 93597 0 51 93641 0 53 93758 0 51 93780 0 
TIME iteration: 324 ms
Round:177
IR: 99, 436, 185, 278, 132
93816 0 54 93818 0 53 93922 0 51 93931 0 52 93933 0 53 93937 0 65 93938 0 64 93943 0 60 93944 0 61 93946 0 78 93950 0 76 93966 0 90 93966 0 91 93966 0 92 93970 0 78 93974 0 76 93979 0 68 93980 0 69 93997 0 78 94001 0 76 94017 0 54 94021 0 72 94024 0 73 94032 0 78 94035 0 76 94056 0 51 94098 0 90 94098 0 91 94098 0 92 94107 0 52 94115 0 53 94116 0 76 94156 0 54 94234 0 51 94240 0 52 94276 0 53 94289 0 
TIME iteration: 324 ms
Round:178
IR: 109, 446, 272, 252, 172
94359 0 52 94374 0 51 94393 0 54 94421 0 66 94421 0 67 94430 0 79 94434 0 53 94442 0 62 94442 0 63 94450 0 77 94450 0 90 94450 0 91 94450 0 92 94454 0 79 94474 0 77 94481 0 79 94484 0 75 94485 0 74 94490 0 52 94501 0 77 94516 0 79 94522 0 70 94527 0 71 94535 0 77 94539 0 54 94575 0 90 94575 0 91 94575 0 92 94607 0 51 94626 0 52 94638 0 53 94651 0 54 94748 0 52 94755 0 53 94758 0 54 94804 0 
TIME iteration: 324 ms
Round:179
IR: 92, 248, 239, 279, 459
94888 0 53 94894 0 52 94918 0 65 94920 0 64 94922 0 63 94923 0 62 94926 0 54 94927 0 78 94928 0 77 94945 0 66 94945 0 67 94945 0 90 94945 0 91 94945 0 92 94947 0 51 94951 0 78 94951 0 79 94952 0 77 94957 0 70 94957 0 71 94975 0 79 94978 0 78 94979 0 77 94981 0 74 94981 0 75 94982 0 72 94982 0 73 94993 0 59 95002 0 79 95012 0 77 95012 0 78 95029 0 52 95029 0 59 95036 0 79 95058 0 88 95058 0 89 95059 0 90 95059 0 91 95059 0 92 95061 0 59 95079 0 77 95080 0 54 95083 0 51 95087 0 53 95092 0 59 95092 0 88 95092 0 89 95124 0 59 95125 0 88 95125 0 89 95127 0 52 95155 0 59 95157 0 88 95157 0 89 95185 0 59 95188 0 88 95188 0 89 95204 0 54 95213 0 51 95214 0 59 95218 0 88 95218 0 89 95231 0 52 95244 0 59 95248 0 88 95248 0 89 95249 0 53 95276 0 59 95279 0 88 95279 0 89 95307 0 59 95310 0 88 95310 0 89 95336 0 59 95340 0 88 95340 0 89 95345 0 51 95353 0 54 95359 0 52 95366 0 59 95370 0 88 95370 0 89 95396 0 
TIME iteration: 325 ms
Round:180
IR: 37, 353, 232, 415, 352
95400 0 88 95400 0 89 95402 0 61 95406 0 60 95412 0 76 95433 0 88 95433 0 89 95433 0 90 95433 0 91 95433 0 92 95434 0 59 95436 0 76 95446 0 53 95463 0 51 95463 0 76 95466 0 88 95466 0 89 95477 0 54 95480 0 68 95490 0 69 95497 0 76 95500 0 52 95519 0 88 95519 0 89 95591 0 53 95641 0 54 95683 0 52 95698 0 51 95759 0 54 95786 0 53 95830 0 52 95851 0 64 95852 0 65 95859 0 78 95879 0 90 95879 0 91 95879 0 92 95883 0 78 95906 0 54 95909 0 72 95910 0 73 95910 0 78 95921 0 
TIME iteration: 324 ms
Round:181
IR: 58, 263, 235, 268, 175
95944 0 78 95964 0 51 95979 0 52 96057 0 54 96140 0 53 96149 0 51 96206 0 52 96221 0 54 96264 0 66 96266 0 67 96274 0 79 96280 0 51 96292 0 90 96292 0 91 96292 0 92 96298 0 79 96325 0 79 96337 0 75 96338 0 74 96344 0 53 96360 0 79 96368 0 54 96390 0 52 96418 0 51 96455 0 
TIME iteration: 323 ms
Round:182
IR: 151, 281, 214, 245, 137
96520 0 54 96527 0 52 96561 0 51 96583 0 53 96603 0 67 96610 0 79 96614 0 66 96617 0 64 96617 0 65 96624 0 78 96633 0 74 96633 0 79 96633 0 90 96633 0 91 96633 0 92 96634 0 75 96648 0 78 96659 0 79 96667 0 72 96668 0 73 96675 0 78 96690 0 79 96706 0 52 96707 0 51 96709 0 78 96742 0 79 96743 0 53 96760 0 90 96760 0 91 96760 0 92 96761 0 54 96858 0 52 96885 0 53 96899 0 54 96925 0 
TIME iteration: 323 ms
Round:183
IR: 112, 200, 217, 241, 138
96995 0 52 97054 0 51 97120 0 53 97152 0 54 97197 0 52 97211 0 51 97216 0 61 97217 0 60 97217 0 63 97218 0 62 97225 0 76 97226 0 77 97229 0 53 97233 0 65 97234 0 64 97240 0 78 97242 0 90 97242 0 91 97242 0 92 97249 0 76 97250 0 77 97264 0 78 97272 0 73 97275 0 72 97276 0 76 97277 0 77 97291 0 78 97302 0 68 97302 0 69 97310 0 51 97311 0 76 97312 0 70 97312 0 77 97315 0 71 97325 0 78 97327 0 54 97356 0 52 97358 0 90 97358 0 91 97358 0 92 97365 0 53 97406 0 78 97452 0 51 97489 0 53 97497 0 
TIME iteration: 324 ms
Round:184
IR: 124, 303, 414, 249, 189
97553 0 54 97589 0 51 97622 0 53 97663 0 52 97688 0 51 97698 0 60 97698 0 61 97703 0 76 97704 0 65 97707 0 64 97711 0 78 97726 0 90 97726 0 91 97726 0 92 97727 0 76 97729 0 54 97733 0 68 97734 0 69 97734 0 73 97735 0 72 97735 0 78 97754 0 76 97762 0 78 97787 0 76 97795 0 78 97840 0 51 97849 0 54 97853 0 76 97855 0 52 97857 0 90 97857 0 91 97857 0 92 97862 0 78 97891 0 53 97984 0 54 97996 0 53 98039 0 
TIME iteration: 324 ms
Round:185
IR: 71, 206, 155, 250, 178
98066 0 51 98132 0 53 98152 0 54 98186 0 64 98187 0 65 98192 0 78 98214 0 73 98215 0 72 98216 0 78 98216 0 90 98216 0 91 98216 0 92 98238 0 52 98243 0 78 98246 0 53 98274 0 51 98276 0 78 98313 0 54 98328 0 52 98343 0 78 98404 0 51 98418 0 53 98422 0 52 98457 0 54 98500 0 63 98501 0 62 98509 0 52 98509 0 77 98525 0 90 98525 0 91 98525 0 92 98533 0 77 98555 0 51 98557 0 53 98560 0 77 98573 0 71 98574 0 
TIME iteration: 323 ms
Round:186
IR: 99, 202, 212, 259, 245
98593 0 54 98595 0 77 98653 0 52 98728 0 54 98810 0 53 98825 0 51 98840 0 52 98843 0 54 98862 0 67 98865 0 66 98871 0 62 98871 0 63 98872 0 79 98875 0 77 98889 0 90 98889 0 91 98889 0 92 98896 0 79 98897 0 71 98898 0 70 98898 0 77 98923 0 79 98924 0 77 98952 0 74 98956 0 77 98958 0 79 98959 0 75 98965 0 53 98981 0 54 99012 0 77 99017 0 90 99017 0 91 99017 0 92 99021 0 51 99104 0 
TIME iteration: 323 ms
Round:187
IR: 107, 217, 177, 248, 89
99123 0 54 99146 0 53 99207 0 51 99250 0 52 99250 0 54 99296 0 53 99352 0 51 99402 0 52 99413 0 61 99417 0 60 99421 0 63 99422 0 62 99423 0 76 99428 0 77 99444 0 90 99444 0 91 99444 0 92 99447 0 76 99452 0 54 99452 0 77 99453 0 71 99455 0 70 99474 0 76 99479 0 77 99491 0 68 99498 0 69 99502 0 53 99508 0 76 99513 0 77 99557 0 52 99576 0 90 99576 0 91 99576 0 92 99577 0 54 99594 0 77 99598 0 
TIME iteration: 323 ms
Round:188
IR: 110, 186, 454, 425, 205
99662 0 53 99724 0 52 99772 0 54 99810 0 53 99869 0 51 99953 0 53 99954 0 52 99963 0 54 99972 0 64 99972 0 65 99977 0 51 99980 0 78 100002 0 90 100002 0 91 100002 0 92 100004 0 78 100031 0 78 100057 0 72 100059 0 73 100065 0 78 100152 0 51 100154 0 
TIME iteration: 323 ms
Round:189
IR: 96, 197, 189, 319, 367
100175 0 52 100206 0 53 100264 0 51 100359 0 53 100361 0 52 100382 0 65 100383 0 64 100385 0 54 100387 0 78 100409 0 90 100409 0 91 100409 0 92 100411 0 72 100411 0 78 100413 0 73 100418 0 51 100437 0 78 100470 0 78 100471 0 52 100495 0 53 100527 0 51 100531 0 78 100587 0 52 100612 0 53 100632 0 54 100665 0 
TIME iteration: 322 ms
Round:190
IR: 110, 266, 200, 231, 180
100724 0 52 100746 0 63 100747 0 62 100752 0 53 100755 0 77 100757 0 64 100757 0 65 100762 0 78 100770 0 60 100771 0 51 100772 0 61 100772 0 90 100772 0 91 100772 0 92 100777 0 72 100777 0 73 100779 0 76 100779 0 77 100786 0 78 100803 0 76 100806 0 77 100813 0 78 100814 0 70 100819 0 54 100819 0 71 100830 0 76 100841 0 77 100846 0 68 100846 0 78 100848 0 69 100864 0 76 100866 0 72 100875 0 73 100886 0 90 100886 0 91 100886 0 92 100889 0 51 100896 0 53 100911 0 78 100969 0 54 101030 0 52 101056 0 51 101068 0 53 101151 0 54 101173 0 52 101183 0 53 101188 0 51 101219 0 64 101221 0 65 101226 0 
TIME iteration: 323 ms
Round:191
IR: 96, 276, 231, 223, 453
101239 0 60 101240 0 61 101244 0 76 101248 0 90 101248 0 91 101248 0 92 101250 0 78 101255 0 72 101255 0 73 101268 0 76 101272 0 69 101273 0 52 101273 0 68 101277 0 78 101294 0 76 101311 0 78 101327 0 76 101347 0 53 101359 0 59 101373 0 51 101373 0 90 101373 0 91 101373 0 92 101386 0 78 101388 0 76 101397 0 59 101402 0 52 101404 0 54 101425 0 88 101425 0 89 101430 0 59 101459 0 88 101459 0 89 101463 0 59 101492 0 88 101492 0 89 101495 0 59 101505 0 53 101519 0 51 101524 0 88 101524 0 89 101527 0 59 101534 0 52 101556 0 88 101556 0 89 101559 0 59 101588 0 88 101588 0 89 101589 0 59 101618 0 59 101619 0 88 101619 0 89 101629 0 53 101648 0 59 101650 0 88 101650 0 89 101679 0 59 101681 0 88 101681 0 89 101688 0 52 101709 0 59 101711 0 88 101711 0 89 101729 0 51 101736 0 54 101739 0 59 101741 0 88 101741 0 89 101742 0 53 101746 0 65 101747 0 64 101753 0 
TIME iteration: 331 ms
Round:192
IR: 46, 303, 231, 315, 191
101769 0 59 101771 0 88 101771 0 89 101776 0 90 101776 0 91 101776 0 92 101777 0 78 101778 0 72 101779 0 73 101803 0 88 101803 0 89 101804 0 78 101812 0 52 101814 0 59 101834 0 88 101834 0 89 101838 0 78 101873 0 51 101876 0 53 101879 0 88 101879 0 89 101919 0 78 101925 0 54 101984 0 51 102003 0 53 102018 0 52 102096 0 64 102100 0 54 102101 0 53 102102 0 51 102102 0 65 102104 0 78 102113 0 60 102113 0 61 102118 0 72 102119 0 73 102121 0 76 102125 0 90 102125 0 91 102125 0 92 102128 0 78 102144 0 52 102145 0 76 102154 0 78 102166 0 69 102167 0 68 102172 0 76 102187 0 78 102193 0 72 102201 0 54 102203 0 53 102204 0 73 102206 0 76 102249 0 78 102251 0 90 102251 0 91 102251 0 
TIME iteration: 325 ms
Round:193
IR: 148, 480, 371, 259, 86
102328 0 51 102336 0 53 102337 0 54 102388 0 52 102453 0 53 102479 0 51 102519 0 52 102545 0 54 102599 0 53 102611 0 64 102611 0 65 102617 0 78 102628 0 51 102641 0 78 102641 0 90 102641 0 91 102641 0 92 102648 0 72 102650 0 73 102668 0 78 102683 0 54 102702 0 78 102731 0 52 102778 0 78 102813 0 
TIME iteration: 323 ms
Round:194
IR: 149, 620, 505, 247, 173
102848 0 52 102881 0 54 102912 0 51 102913 0 56 102919 0 53 102948 0 56 102977 0 82 102977 0 83 102980 0 56 103008 0 51 103010 0 56 103024 0 52 103041 0 56 103043 0 63 103044 0 62 103052 0 77 103071 0 54 103071 0 90 103071 0 91 103071 0 92 103073 0 56 103076 0 77 103088 0 82 103088 0 83 103103 0 77 103106 0 56 103133 0 71 103136 0 70 103138 0 56 103138 0 77 103151 0 52 103168 0 56 103182 0 51 103198 0 56 103201 0 82 103201 0 83 103219 0 53 103226 0 56 103231 0 54 103254 0 56 103282 0 56 103308 0 52 103309 0 56 103312 0 82 103312 0 83 103337 0 56 103349 0 
TIME iteration: 323 ms
Round:195
IR: 108, 344, 389, 266, 123
103355 0 63 103357 0 62 103359 0 77 103367 0 56 103375 0 53 103380 0 71 103381 0 70 103381 0 90 103381 0 91 103381 0 92 103382 0 77 103408 0 77 103409 0 56 103423 0 82 103423 0 83 103440 0 77 103456 0 54 103483 0 52 103494 0 77 103502 0 51 103580 0 53 103588 0 54 103613 0 51 103658 0 52 103739 0 54 103773 0 51 103778 0 67 103779 0 66 103787 0 79 103805 0 90 103805 0 91 103805 0 92 103811 0 79 103824 0 53 103838 0 79 103873 0 79 103875 0 
TIME iteration: 323 ms
Round:196
IR: 44, 349, 371, 250, 249
103880 0 74 103895 0 52 103895 0 54 103985 0 53 103989 0 51 104035 0 54 104053 0 52 104073 0 67 104074 0 66 104076 0 79 104096 0 74 104097 0 75 104098 0 90 104098 0 91 104098 0 92 104099 0 79 104125 0 79 104142 0 54 104157 0 79 104163 0 52 104180 0 53 104184 0 51 104213 0 79 104262 0 52 104272 0 54 104283 0 53 104304 0 51 104388 0 53 104388 0 54 104405 0 66 104405 0 67 104407 0 64 104407 0 65 104409 0 
TIME iteration: 324 ms
Round:197
IR: 109, 212, 219, 344, 264
104415 0 78 104420 0 74 104420 0 75 104429 0 90 104429 0 91 104429 0 92 104432 0 79 104439 0 78 104440 0 51 104458 0 79 104466 0 78 104470 0 52 104484 0 75 104486 0 74 104487 0 72 104490 0 79 104493 0 73 104500 0 78 104547 0 53 104548 0 51 104549 0 79 104559 0 90 104559 0 91 104559 0 92 104619 0 52 104623 0 54 104735 0 51 104739 0 53 104756 0 52 104764 0 54 104861 0 53 104882 0 54 104889 0 51 104903 0 52 104905 0 67 104906 0 66 104912 0 79 104925 0 65 104928 0 64 104932 0 78 104933 0 62 104933 0 63 104935 0 90 104935 0 91 104935 0 92 104936 0 
TIME iteration: 323 ms
Round:198
IR: 11, 215, 202, 320, 259
104941 0 74 104941 0 77 104942 0 75 104956 0 78 104963 0 79 104965 0 72 104965 0 73 104965 0 77 104983 0 78 104991 0 54 104992 0 77 104997 0 79 105009 0 71 105011 0 70 105016 0 78 105026 0 77 105037 0 51 105049 0 90 105049 0 91 105049 0 92 105083 0 78 105134 0 54 105148 0 53 105192 0 52 105246 0 51 105279 0 53 105313 0 54 105377 0 52 105430 0 
TIME iteration: 322 ms
Round:199
IR: 5, 204, 203, 276, 477
105490 0 52 105495 0 63 105496 0 62 105501 0 77 105510 0 61 105511 0 60 105514 0 54 105519 0 76 105525 0 77 105526 0 90 105526 0 91 105526 0 92 105535 0 70 105535 0 71 105543 0 76 105552 0 77 105570 0 76 105584 0 59 105585 0 77 105601 0 51 105603 0 69 105605 0 76 105610 0 68 105618 0 59 105637 0 53 105638 0 52 105647 0 88 105647 0 89 105649 0 59 105652 0 77 105655 0 90 105655 0 91 105655 0 92 105679 0 59 105680 0 88 105680 0 89 105710 0 59 105712 0 88 105712 0 89 105715 0 54 105740 0 59 105743 0 88 105743 0 89 105763 0 52 105769 0 59 105773 0 88 105773 0 89 105799 0 53 105799 0 59 105803 0 88 105803 0 89 105815 0 51 105828 0 59 105832 0 88 105832 0 89 105852 0 54 105856 0 59 105861 0 88 105861 0 89 105884 0 59 105889 0 88 105889 0 89 105912 0 59 105917 0 88 105917 0 89 105940 0 59 105941 0 53 105945 0 88 105945 0 89 105955 0 52 105965 0 51 105968 0 59 105973 0 88 105973 0 89 105989 0 54 105996 0 
TIME iteration: 325 ms
