Experiment Risk
CUTOFF_IR 0
Config: ./networks/network35.conf, Protocol: ./networks/network35.pro, +100 IR
Round:0
IR: 9, 203, 133, 167, 463
125 0 59 161 0 59 190 0 88 190 0 89 195 0 59 224 0 88 224 0 89 230 0 59 256 0 88 256 0 89 264 0 59 287 0 88 287 0 89 296 0 59 317 0 88 317 0 89 327 0 59 347 0 88 347 0 89 358 0 59 376 0 88 376 0 89 381 0 51 389 0 59 405 0 88 405 0 89 418 0 59 420 0 53 433 0 88 433 0 89 447 0 59 461 0 88 461 0 89 475 0 59 478 0 54 489 0 88 489 0 89 503 0 59 511 0 52 517 0 88 517 0 
TIME iteration: 456 ms
Round:1
IR: 0, 223, 183, 246, 132
532 0 59 537 0 53 545 0 88 545 0 89 551 0 51 553 0 64 553 0 65 561 0 78 569 0 59 571 0 60 571 0 61 575 0 88 575 0 89 579 0 76 585 0 78 592 0 90 592 0 91 592 0 92 603 0 76 610 0 88 610 0 89 612 0 78 630 0 76 646 0 78 650 0 53 664 0 76 676 0 88 676 0 89 702 0 52 729 0 90 729 0 91 729 0 92 730 0 54 750 0 51 836 0 52 880 0 53 882 0 51 911 0 54 998 0 52 1014 0 51 1051 0 
TIME iteration: 323 ms
Round:2
IR: 2, 239, 212, 257, 152
1064 0 54 1076 0 61 1077 0 60 1082 0 76 1104 0 69 1106 0 68 1106 0 76 1106 0 90 1106 0 91 1106 0 92 1133 0 76 1166 0 76 1187 0 53 1217 0 51 1219 0 52 1233 0 76 1248 0 54 1330 0 51 1353 0 53 1367 0 54 1453 0 52 1466 0 54 1470 0 66 1470 0 67 1479 0 79 1496 0 90 1496 0 91 1496 0 92 1503 0 79 1506 0 51 1517 0 53 1530 0 79 1564 0 75 1565 0 54 1565 0 79 1566 0 74 1577 0 
TIME iteration: 323 ms
Round:3
IR: 17, 88, 206, 335, 254
1665 0 51 1692 0 53 1706 0 52 1779 0 54 1796 0 51 1828 0 66 1829 0 67 1832 0 79 1842 0 53 1852 0 60 1853 0 52 1854 0 61 1854 0 90 1854 0 91 1854 0 92 1855 0 74 1855 0 79 1856 0 75 1860 0 76 1881 0 79 1884 0 76 1891 0 54 1899 0 69 1900 0 68 1911 0 76 1913 0 79 1928 0 51 1945 0 76 1970 0 79 1975 0 53 1976 0 90 1976 0 91 1976 0 92 1982 0 54 2051 0 52 2064 0 51 2078 0 
TIME iteration: 324 ms
Round:4
IR: 29, 144, 318, 304, 123
2163 0 53 2216 0 52 2226 0 54 2250 0 51 2329 0 54 2332 0 67 2333 0 66 2339 0 79 2355 0 52 2361 0 74 2361 0 75 2362 0 90 2362 0 91 2362 0 92 2363 0 79 2390 0 79 2424 0 79 2446 0 53 2468 0 51 2478 0 54 2613 0 52 2616 0 54 2617 0 53 2629 0 
TIME iteration: 323 ms
Round:5
IR: 37, 423, 307, 259, 166
2682 0 66 2685 0 67 2687 0 79 2700 0 74 2701 0 75 2709 0 90 2709 0 91 2709 0 92 2710 0 79 2716 0 52 2736 0 79 2745 0 53 2768 0 74 2768 0 79 2772 0 54 2777 0 75 2798 0 51 2825 0 79 2862 0 52 2875 0 54 2914 0 66 2914 0 67 2917 0 79 2931 0 53 2931 0 74 2932 0 75 2937 0 90 2937 0 91 2937 0 92 2940 0 79 2966 0 79 2998 0 52 2998 0 79 2999 0 74 3002 0 54 3002 0 75 3046 0 51 3053 0 79 3070 0 53 3145 0 54 3178 0 66 3179 0 
TIME iteration: 323 ms
Round:6
IR: 8, 194, 298, 278, 145
3182 0 79 3183 0 51 3198 0 74 3199 0 75 3202 0 90 3202 0 91 3202 0 92 3205 0 79 3212 0 53 3231 0 79 3263 0 79 3280 0 54 3284 0 74 3286 0 75 3305 0 51 3321 0 79 3336 0 53 3362 0 52 3463 0 54 3481 0 53 3485 0 66 3487 0 67 3490 0 79 3509 0 74 3510 0 75 3510 0 90 3510 0 91 3510 0 92 3514 0 79 3540 0 52 3540 0 79 3573 0 79 3601 0 54 3631 0 51 3636 0 79 3695 0 
TIME iteration: 323 ms
Round:7
IR: 5, 136, 261, 280, 395
3738 0 52 3762 0 51 3825 0 54 3877 0 52 3914 0 62 3914 0 63 3922 0 77 3928 0 51 3941 0 54 3941 0 60 3941 0 61 3941 0 90 3941 0 91 3941 0 92 3946 0 77 3949 0 76 3973 0 76 3973 0 77 4000 0 76 4004 0 71 4007 0 77 4017 0 70 4029 0 69 4031 0 68 4034 0 53 4034 0 76 4062 0 52 4063 0 90 4063 0 91 4063 0 92 4065 0 54 4144 0 51 4177 0 54 4231 0 53 4239 0 
TIME iteration: 323 ms
Round:8
IR: 7, 204, 187, 315, 156
4315 0 51 4318 0 54 4380 0 53 4385 0 52 4442 0 62 4442 0 63 4448 0 77 4454 0 54 4458 0 67 4459 0 66 4467 0 79 4472 0 77 4472 0 90 4472 0 91 4472 0 92 4480 0 70 4480 0 71 4491 0 51 4491 0 79 4499 0 77 4512 0 52 4514 0 74 4515 0 75 4518 0 79 4533 0 77 4553 0 79 4576 0 53 4600 0 90 4600 0 91 4600 0 92 4606 0 51 4609 0 77 4629 0 54 4678 0 52 4720 0 
TIME iteration: 323 ms
Round:9
IR: 23, 168, 333, 389, 168
4772 0 53 4847 0 54 4932 0 52 4940 0 51 5047 0 54 5062 0 53 5071 0 51 5075 0 60 5075 0 61 5083 0 76 5088 0 66 5090 0 67 5096 0 79 5106 0 90 5106 0 91 5106 0 92 5107 0 76 5120 0 79 5131 0 74 5131 0 75 5134 0 52 5134 0 76 5142 0 69 5144 0 68 5147 0 79 5160 0 54 5161 0 53 5168 0 76 5181 0 79 5228 0 51 5236 0 90 5236 0 91 5236 0 92 5278 0 52 5288 0 
TIME iteration: 324 ms
Round:10
IR: 5, 212, 171, 375, 154
5342 0 51 5374 0 54 5388 0 52 5443 0 53 5474 0 54 5476 0 51 5487 0 52 5531 0 62 5531 0 63 5539 0 77 5556 0 53 5560 0 90 5560 0 91 5560 0 92 5563 0 77 5590 0 77 5594 0 70 5595 0 71 5624 0 77 5632 0 51 5633 0 54 5651 0 52 5745 0 53 5760 0 52 5771 0 51 5801 0 54 5827 0 63 5828 0 
TIME iteration: 323 ms
Round:11
IR: 4, 298, 148, 400, 272
5830 0 77 5847 0 70 5847 0 71 5852 0 90 5852 0 91 5852 0 92 5853 0 77 5855 0 52 5879 0 77 5885 0 53 5911 0 77 5913 0 51 5929 0 71 5933 0 70 5935 0 54 5958 0 52 5964 0 77 6016 0 54 6023 0 51 6067 0 53 6114 0 52 6120 0 62 6120 0 63 6123 0 77 6127 0 54 6143 0 70 6143 0 71 6144 0 66 6144 0 67 6144 0 90 6144 0 91 6144 0 92 6146 0 77 6151 0 51 6153 0 79 6172 0 77 6177 0 79 6204 0 77 6204 0 79 6207 0 74 6207 0 75 6214 0 53 6239 0 79 6258 0 77 6265 0 90 6265 0 91 6265 0 92 6272 0 51 6279 0 52 6305 0 
TIME iteration: 323 ms
Round:12
IR: 65, 63, 193, 231, 244
6376 0 53 6443 0 52 6467 0 54 6487 0 51 6490 0 53 6575 0 53 6587 0 64 6587 0 65 6595 0 78 6596 0 52 6611 0 51 6616 0 90 6616 0 91 6616 0 92 6619 0 78 6646 0 78 6662 0 54 6678 0 72 6680 0 78 6687 0 73 6735 0 53 6758 0 51 6777 0 52 6841 0 53 6861 0 51 6866 0 65 6867 0 64 6868 0 78 6878 0 54 6887 0 72 6888 0 
TIME iteration: 324 ms
Round:13
IR: 30, 199, 136, 242, 175
6890 0 90 6890 0 91 6890 0 92 6891 0 78 6917 0 78 6948 0 78 6969 0 72 6973 0 53 6981 0 73 6987 0 51 6998 0 78 7033 0 52 7098 0 53 7114 0 64 7114 0 65 7117 0 78 7133 0 54 7134 0 72 7134 0 73 7137 0 90 7137 0 91 7137 0 92 7140 0 78 7148 0 51 7166 0 78 7198 0 78 7202 0 52 7216 0 73 7218 0 72 7251 0 78 7253 0 54 7297 0 53 7330 0 51 7364 0 
TIME iteration: 322 ms
Round:14
IR: 72, 172, 185, 167, 171
7420 0 53 7426 0 64 7426 0 65 7430 0 54 7430 0 78 7450 0 73 7450 0 90 7450 0 91 7450 0 92 7451 0 72 7453 0 78 7479 0 78 7510 0 52 7511 0 78 7519 0 51 7567 0 78 7592 0 54 7614 0 53 7662 0 52 7682 0 51 7738 0 54 7783 0 53 7829 0 52 7831 0 64 7834 0 65 7837 0 78 7853 0 72 7853 0 73 7855 0 62 7855 0 63 7859 0 90 7859 0 91 7859 0 92 7861 0 78 7863 0 77 7867 0 51 7875 0 54 7887 0 77 7887 0 78 7914 0 77 7920 0 78 7933 0 71 7938 0 73 7939 0 72 7941 0 70 7946 0 53 7948 0 52 7948 0 
TIME iteration: 323 ms
Round:15
IR: 100, 156, 174, 211, 232
7981 0 78 7982 0 54 7982 0 90 7982 0 91 7982 0 92 8017 0 51 8110 0 52 8117 0 53 8117 0 54 8131 0 51 8246 0 54 8261 0 53 8268 0 52 8307 0 51 8360 0 61 8362 0 60 8369 0 76 8381 0 52 8381 0 53 8383 0 63 8383 0 64 8383 0 65 8384 0 62 8389 0 77 8389 0 78 8391 0 90 8391 0 91 8391 0 92 8393 0 76 8413 0 77 8413 0 78 8420 0 76 8421 0 70 8422 0 71 8425 0 72 8425 0 73 8440 0 77 8440 0 78 8451 0 54 8454 0 76 8456 0 68 8461 0 69 8465 0 51 8473 0 77 8474 0 
TIME iteration: 328 ms
Round:16
IR: 32, 181, 394, 285, 207
8505 0 90 8505 0 91 8505 0 92 8511 0 52 8514 0 53 8540 0 77 8550 0 78 8585 0 54 8645 0 51 8647 0 52 8696 0 54 8746 0 53 8757 0 52 8820 0 51 8828 0 63 8831 0 62 8835 0 77 8857 0 54 8857 0 70 8857 0 71 8858 0 90 8858 0 91 8858 0 92 8859 0 77 8866 0 53 8886 0 77 8914 0 52 8919 0 77 8986 0 77 8996 0 53 9000 0 
TIME iteration: 324 ms
Round:17
IR: 18, 156, 193, 537, 290
9028 0 51 9090 0 52 9101 0 53 9101 0 58 9135 0 58 9147 0 54 9164 0 86 9164 0 87 9167 0 58 9173 0 51 9201 0 58 9217 0 52 9232 0 53 9233 0 58 9233 0 67 9239 0 66 9245 0 79 9263 0 90 9263 0 91 9263 0 92 9264 0 58 9265 0 54 9269 0 79 9274 0 86 9274 0 87 9295 0 58 9296 0 79 9297 0 51 9324 0 58 9331 0 79 9332 0 75 9333 0 53 9341 0 74 9355 0 58 9371 0 52 9385 0 58 9387 0 86 9387 0 87 9401 0 54 9415 0 58 9420 0 51 9444 0 58 9473 0 58 9490 0 53 9499 0 86 9499 0 87 9502 0 58 9532 0 
TIME iteration: 324 ms
Round:18
IR: 103, 269, 320, 365, 52
9541 0 52 9548 0 54 9561 0 67 9562 0 66 9565 0 51 9565 0 79 9566 0 58 9586 0 75 9586 0 90 9586 0 91 9586 0 92 9587 0 74 9588 0 79 9614 0 79 9619 0 86 9619 0 87 9629 0 58 9630 0 53 9646 0 79 9669 0 51 9670 0 54 9701 0 52 9702 0 79 9747 0 53 9788 0 54 9820 0 52 9829 0 51 9913 0 54 9915 0 53 9917 0 66 9917 0 67 9922 0 79 9930 0 52 9935 0 74 9935 0 75 9942 0 90 9942 0 91 9942 0 92 9946 0 79 9973 0 79 10002 0 51 10006 0 79 10009 0 74 10010 0 75 10041 0 
TIME iteration: 323 ms
Round:19
IR: 74, 210, 183, 218, 115
10076 0 79 10104 0 53 10116 0 52 10140 0 51 10182 0 54 10199 0 66 10199 0 67 10203 0 79 10220 0 75 10221 0 74 10223 0 90 10223 0 91 10223 0 92 10227 0 79 10253 0 79 10285 0 53 10286 0 79 10301 0 52 10309 0 51 10310 0 75 10348 0 54 10350 0 79 10442 0 52 10450 0 54 10475 0 53 10477 0 66 10477 0 67 10481 0 79 10487 0 74 10499 0 75 10500 0 90 10500 0 91 10500 0 92 10505 0 79 10531 0 79 10542 0 51 10543 0 74 10564 0 79 10593 0 
TIME iteration: 323 ms
Round:20
IR: 4, 273, 226, 351, 235
10626 0 79 10637 0 53 10673 0 51 10728 0 52 10731 0 54 10748 0 53 10825 0 51 10864 0 60 10864 0 61 10872 0 76 10874 0 54 10890 0 90 10890 0 91 10890 0 92 10893 0 53 10896 0 76 10923 0 76 10957 0 68 10957 0 76 10961 0 69 10982 0 52 11005 0 54 11064 0 53 11071 0 51 11116 0 
TIME iteration: 322 ms
Round:21
IR: 62, 202, 150, 397, 172
11172 0 54 11253 0 53 11275 0 51 11302 0 60 11303 0 61 11307 0 76 11320 0 64 11323 0 65 11329 0 90 11329 0 91 11329 0 92 11330 0 78 11331 0 76 11334 0 68 11336 0 69 11351 0 52 11354 0 78 11357 0 76 11377 0 54 11381 0 78 11390 0 76 11409 0 51 11415 0 72 11416 0 78 11418 0 73 11451 0 76 11452 0 53 11453 0 90 11453 0 91 11453 0 92 11514 0 52 11515 0 54 11566 0 51 11586 0 
TIME iteration: 323 ms
Round:22
IR: 24, 323, 290, 246, 156
11685 0 54 11692 0 51 11731 0 52 11752 0 53 11794 0 54 11818 0 66 11819 0 67 11827 0 64 11827 0 79 11830 0 51 11831 0 65 11834 0 78 11839 0 60 11840 0 61 11846 0 76 11848 0 90 11848 0 91 11848 0 92 11851 0 79 11858 0 78 11866 0 72 11866 0 73 11870 0 76 11872 0 68 11872 0 69 11878 0 79 11885 0 78 11888 0 75 11897 0 74 11897 0 76 11906 0 52 11913 0 79 11918 0 78 11931 0 76 11944 0 51 11957 0 53 11964 0 90 11964 0 91 11964 0 92 11983 0 78 12012 0 76 12094 0 52 12157 0 53 12162 0 
TIME iteration: 324 ms
Round:23
IR: 28, 327, 179, 251, 260
12227 0 51 12263 0 53 12315 0 52 12324 0 65 12325 0 64 12330 0 78 12353 0 90 12353 0 91 12353 0 92 12354 0 78 12355 0 72 12355 0 73 12362 0 53 12369 0 54 12379 0 51 12381 0 78 12414 0 78 12471 0 52 12481 0 78 12499 0 53 12527 0 51 12564 0 54 12573 0 52 12635 0 53 12646 0 51 12668 0 64 12668 0 65 12672 0 78 12686 0 72 12686 0 73 12689 0 60 12690 0 61 12693 0 90 12693 0 91 12693 0 92 12695 0 78 12697 0 76 12699 0 52 12702 0 
TIME iteration: 324 ms
Round:24
IR: 90, 177, 193, 195, 173
12721 0 76 12721 0 78 12741 0 69 12742 0 68 12748 0 76 12753 0 78 12759 0 72 12762 0 73 12782 0 76 12802 0 53 12805 0 51 12809 0 78 12815 0 90 12815 0 91 12815 0 92 12835 0 54 12846 0 52 12937 0 53 12945 0 54 12952 0 51 13059 0 54 13065 0 52 13093 0 51 13134 0 67 13136 0 66 13144 0 79 13164 0 90 13164 0 91 13164 0 92 13168 0 54 13168 0 79 13180 0 53 13195 0 79 13209 0 74 13209 0 75 13230 0 79 13232 0 
TIME iteration: 323 ms
Round:25
IR: 27, 132, 312, 281, 128
13279 0 51 13304 0 54 13343 0 52 13350 0 53 13374 0 51 13461 0 51 13471 0 61 13472 0 60 13479 0 76 13497 0 90 13497 0 91 13497 0 92 13503 0 76 13521 0 54 13521 0 69 13522 0 68 13525 0 52 13530 0 76 13548 0 53 13564 0 76 13567 0 51 13614 0 54 13702 0 53 13713 0 51 13734 0 52 13744 0 
TIME iteration: 323 ms
Round:26
IR: 21, 200, 279, 364, 273
13815 0 67 13816 0 66 13823 0 79 13832 0 54 13841 0 90 13841 0 91 13841 0 92 13847 0 79 13856 0 51 13862 0 75 13863 0 74 13870 0 53 13874 0 79 13888 0 52 13908 0 79 13973 0 54 14006 0 53 14016 0 51 14047 0 52 14160 0 54 14179 0 51 14201 0 67 14202 0 66 14206 0 79 14210 0 53 14224 0 52 14226 0 74 14227 0 75 14227 0 90 14227 0 91 14227 0 92 14230 0 79 14256 0 79 14289 0 
TIME iteration: 323 ms
Round:27
IR: 0, 211, 304, 389, 256
14311 0 51 14333 0 52 14357 0 79 14393 0 53 14413 0 54 14447 0 51 14447 0 52 14499 0 53 14552 0 54 14561 0 51 14574 0 60 14574 0 61 14580 0 64 14580 0 65 14582 0 76 14588 0 78 14589 0 52 14594 0 62 14594 0 63 14600 0 90 14600 0 91 14600 0 92 14602 0 77 14606 0 76 14612 0 78 14626 0 77 14633 0 76 14637 0 69 14639 0 78 14640 0 68 14653 0 77 14667 0 72 14667 0 76 14668 0 53 14668 0 73 14673 0 78 14682 0 70 14687 0 77 14693 0 51 14694 0 71 14715 0 90 14715 0 91 14715 0 92 14734 0 54 14750 0 52 14798 0 51 14805 0 
TIME iteration: 323 ms
Round:28
IR: 23, 250, 322, 319, 260
14882 0 52 14894 0 54 14967 0 53 14982 0 51 15010 0 54 15026 0 52 15061 0 63 15062 0 62 15065 0 67 15066 0 66 15066 0 77 15074 0 79 15088 0 90 15088 0 91 15088 0 92 15090 0 77 15096 0 70 15098 0 71 15098 0 79 15116 0 74 15116 0 77 15118 0 75 15125 0 79 15135 0 54 15149 0 77 15160 0 79 15170 0 52 15185 0 51 15198 0 53 15210 0 77 15219 0 90 15219 0 91 15219 0 92 15288 0 51 15322 0 53 15335 0 54 15338 0 
TIME iteration: 325 ms
Round:29
IR: 38, 296, 164, 272, 146
15445 0 53 15476 0 54 15493 0 52 15510 0 51 15608 0 54 15617 0 67 15618 0 66 15621 0 53 15624 0 79 15634 0 65 15635 0 64 15638 0 51 15642 0 78 15648 0 79 15648 0 90 15648 0 91 15648 0 92 15653 0 74 15654 0 75 15666 0 78 15675 0 79 15686 0 52 15693 0 78 15697 0 73 15698 0 72 15709 0 79 15727 0 78 15776 0 90 15776 0 91 15776 0 92 15783 0 51 15811 0 53 15835 0 52 15869 0 
TIME iteration: 324 ms
Round:30
IR: 29, 234, 283, 393, 128
15909 0 51 15961 0 52 15978 0 54 16064 0 53 16084 0 52 16112 0 63 16114 0 62 16118 0 51 16121 0 77 16134 0 54 16142 0 90 16142 0 91 16142 0 92 16145 0 77 16172 0 77 16173 0 70 16173 0 71 16182 0 53 16206 0 77 16261 0 52 16281 0 51 16288 0 54 16318 0 53 16407 0 53 16415 0 
TIME iteration: 323 ms
Round:31
IR: 19, 198, 182, 257, 244
16441 0 64 16441 0 65 16443 0 51 16448 0 78 16463 0 54 16465 0 62 16466 0 90 16466 0 91 16466 0 92 16471 0 77 16472 0 78 16493 0 72 16493 0 73 16499 0 78 16500 0 77 16527 0 52 16533 0 78 16540 0 77 16586 0 51 16604 0 90 16604 0 91 16604 0 92 16605 0 53 16706 0 51 16718 0 54 16756 0 53 16850 0 51 16873 0 53 16873 0 54 16876 0 52 16947 0 64 16950 0 65 16954 0 
TIME iteration: 329 ms
Round:32
IR: 7, 287, 220, 367, 425
16978 0 78 16978 0 90 16978 0 91 16978 0 92 16981 0 73 16984 0 51 16984 0 72 17005 0 78 17006 0 53 17014 0 52 17038 0 78 17039 0 54 17081 0 51 17105 0 78 17142 0 52 17155 0 53 17177 0 51 17201 0 54 17270 0 51 17273 0 60 17273 0 61 17281 0 76 17298 0 90 17298 0 91 17298 0 92 17300 0 53 17305 0 76 17332 0 76 17337 0 52 17360 0 69 17366 0 76 17370 0 68 17379 0 54 17381 0 51 17439 0 53 17472 0 
TIME iteration: 324 ms
Round:33
IR: 22, 322, 135, 375, 311
17514 0 54 17538 0 51 17548 0 53 17574 0 61 17575 0 60 17577 0 76 17597 0 69 17598 0 68 17599 0 90 17599 0 91 17599 0 92 17600 0 76 17626 0 76 17639 0 54 17649 0 52 17658 0 76 17675 0 51 17711 0 76 17731 0 53 17772 0 52 17799 0 54 17800 0 51 17844 0 53 17941 0 54 17951 0 52 17968 0 53 17973 0 64 17973 0 66 17974 0 65 17974 0 67 17981 0 78 17982 0 79 17988 0 62 17988 0 63 17996 0 77 17997 0 90 17997 0 91 17997 0 92 17998 0 51 18005 0 78 18006 0 
TIME iteration: 323 ms
Round:34
IR: 4, 407, 449, 356, 75
18020 0 77 18032 0 78 18033 0 72 18033 0 79 18034 0 73 18047 0 77 18064 0 74 18065 0 71 18066 0 54 18066 0 75 18066 0 78 18067 0 70 18068 0 79 18075 0 51 18081 0 77 18112 0 90 18112 0 91 18112 0 92 18183 0 53 18194 0 52 18216 0 51 18227 0 54 18350 0 53 18368 0 54 18438 0 51 18519 0 53 18520 0 52 18543 0 64 18544 0 65 18549 0 
TIME iteration: 325 ms
Round:35
IR: 3, 178, 250, 256, 147
18555 0 54 18564 0 67 18565 0 66 18571 0 79 18573 0 78 18574 0 90 18574 0 91 18574 0 92 18581 0 72 18582 0 73 18590 0 51 18595 0 79 18600 0 78 18607 0 74 18608 0 75 18622 0 79 18633 0 78 18656 0 79 18675 0 52 18700 0 78 18700 0 90 18700 0 91 18700 0 92 18724 0 54 18745 0 51 18757 0 53 18783 0 52 18855 0 51 18916 0 52 18938 0 53 18986 0 54 18993 0 51 19035 0 61 19036 0 60 19044 0 76 19064 0 52 19065 0 90 19065 0 91 19065 0 92 19068 0 
TIME iteration: 324 ms
Round:36
IR: 25, 176, 162, 265, 237
19095 0 76 19107 0 68 19119 0 53 19121 0 69 19128 0 54 19130 0 76 19176 0 51 19239 0 52 19257 0 53 19259 0 54 19329 0 51 19373 0 61 19377 0 60 19378 0 76 19400 0 68 19400 0 90 19400 0 91 19400 0 92 19401 0 69 19401 0 76 19406 0 52 19407 0 53 19427 0 76 19441 0 51 19459 0 76 19491 0 54 19513 0 76 19551 0 52 19577 0 
TIME iteration: 324 ms
Round:37
IR: 0, 81, 403, 324, 220
19644 0 51 19647 0 54 19736 0 52 19752 0 53 19777 0 51 19783 0 54 19793 0 60 19794 0 61 19799 0 67 19799 0 76 19800 0 66 19808 0 79 19809 0 62 19811 0 64 19812 0 65 19815 0 68 19816 0 69 19819 0 63 19820 0 78 19820 0 90 19820 0 91 19820 0 92 19823 0 76 19823 0 77 19832 0 79 19844 0 78 19847 0 77 19850 0 76 19859 0 79 19869 0 75 19871 0 78 19873 0 74 19874 0 77 19878 0 72 19882 0 73 19883 0 76 19894 0 51 19894 0 79 19902 0 70 19903 0 71 19906 0 78 19909 0 77 19917 0 53 19917 0 68 19931 0 90 19931 0 91 19931 0 92 19950 0 76 19952 0 54 19985 0 52 20034 0 51 20089 0 54 20125 0 
TIME iteration: 323 ms
Round:38
IR: 2, 127, 147, 238, 191
20186 0 51 20210 0 52 20317 0 53 20364 0 52 20378 0 54 20384 0 64 20384 0 65 20386 0 62 20388 0 63 20390 0 78 20393 0 77 20410 0 90 20410 0 91 20410 0 92 20414 0 78 20415 0 51 20417 0 77 20423 0 72 20424 0 73 20427 0 70 20429 0 71 20441 0 78 20442 0 53 20444 0 77 20457 0 52 20475 0 78 20478 0 77 20500 0 54 20541 0 90 20541 0 91 20541 0 92 20551 0 78 20554 0 77 20560 0 53 20593 0 52 20594 0 51 20641 0 
TIME iteration: 325 ms
Round:39
IR: 2, 131, 265, 417, 254
20710 0 52 20754 0 51 20779 0 54 20824 0 53 20847 0 52 20877 0 62 20878 0 63 20883 0 77 20907 0 77 20907 0 90 20907 0 91 20907 0 92 20908 0 70 20908 0 71 20922 0 51 20934 0 77 20967 0 77 20974 0 54 20976 0 53 21008 0 52 21034 0 77 21059 0 51 21113 0 53 21145 0 52 21154 0 51 21188 0 
TIME iteration: 322 ms
Round:40
IR: 22, 299, 135, 256, 338
21210 0 60 21212 0 61 21219 0 76 21236 0 90 21236 0 91 21236 0 92 21243 0 76 21263 0 53 21270 0 76 21278 0 51 21284 0 69 21296 0 68 21304 0 76 21310 0 54 21338 0 52 21414 0 51 21415 0 53 21511 0 51 21516 0 60 21516 0 61 21518 0 76 21538 0 69 21539 0 68 21540 0 90 21540 0 91 21540 0 92 21541 0 76 21551 0 52 21563 0 53 21567 0 76 21579 0 54 21598 0 76 21634 0 51 21649 0 76 21679 0 
TIME iteration: 322 ms
Round:41
IR: 15, 184, 188, 230, 283
21730 0 53 21745 0 54 21786 0 52 21808 0 51 21852 0 54 21857 0 62 21857 0 63 21865 0 77 21870 0 53 21882 0 52 21882 0 90 21882 0 91 21882 0 92 21889 0 77 21913 0 70 21915 0 71 21916 0 77 21950 0 77 21960 0 51 22001 0 54 22026 0 52 22062 0 53 22135 0 51 22156 0 52 22177 0 54 22181 0 62 22181 0 63 22184 0 77 22202 0 70 22202 0 71 22206 0 90 22206 0 91 22206 0 92 22207 0 77 22233 0 77 22245 0 
TIME iteration: 322 ms
Round:42
IR: 0, 58, 190, 265, 241
22265 0 77 22290 0 71 22292 0 51 22319 0 77 22329 0 52 22337 0 54 22379 0 53 22408 0 51 22455 0 52 22456 0 54 22485 0 62 22486 0 63 22489 0 77 22498 0 70 22500 0 53 22509 0 71 22510 0 90 22510 0 91 22510 0 92 22512 0 77 22538 0 77 22559 0 70 22562 0 51 22570 0 77 22615 0 53 22625 0 77 22626 0 54 22628 0 52 22745 0 51 22772 0 52 22772 0 
TIME iteration: 322 ms
Round:43
IR: 7, 148, 214, 263, 200
22815 0 63 22816 0 62 22819 0 77 22831 0 71 22839 0 70 22840 0 90 22840 0 91 22840 0 92 22842 0 77 22867 0 51 22868 0 77 22898 0 52 22899 0 71 22900 0 53 22900 0 77 22901 0 54 22955 0 77 22975 0 51 23013 0 52 23025 0 53 23046 0 54 23133 0 52 23135 0 62 23136 0 63 23139 0 77 23148 0 53 23149 0 70 23159 0 71 23160 0 90 23160 0 91 23160 0 92 23162 0 77 23188 0 51 23188 0 77 23199 0 54 23211 0 70 23220 0 77 23262 0 52 23272 0 53 23275 0 
TIME iteration: 323 ms
Round:44
IR: 19, 109, 206, 387, 241
23348 0 51 23392 0 54 23411 0 53 23464 0 51 23476 0 52 23502 0 53 23505 0 61 23506 0 60 23506 0 64 23507 0 65 23514 0 76 23515 0 78 23517 0 54 23524 0 62 23526 0 63 23529 0 90 23529 0 91 23529 0 92 23530 0 77 23538 0 76 23539 0 78 23544 0 71 23554 0 70 23554 0 77 23561 0 51 23565 0 76 23566 0 78 23581 0 77 23592 0 69 23593 0 68 23600 0 76 23601 0 73 23601 0 78 23604 0 72 23614 0 77 23622 0 71 23628 0 53 23644 0 90 23644 0 91 23644 0 92 23662 0 52 23665 0 54 23679 0 77 23720 0 53 23728 0 51 23773 0 54 23825 0 
TIME iteration: 323 ms
Round:45
IR: 21, 154, 206, 229, 166
23876 0 53 23885 0 54 23960 0 67 23961 0 52 23966 0 66 23972 0 79 23991 0 90 23991 0 91 23991 0 92 23995 0 51 23996 0 79 24023 0 79 24037 0 54 24049 0 53 24055 0 75 24058 0 79 24062 0 74 24125 0 51 24209 0 52 24231 0 51 24246 0 54 24257 0 53 24316 0 60 24319 0 61 24325 0 76 24339 0 51 24343 0 90 24343 0 91 24343 0 92 24348 0 52 24349 0 76 24371 0 69 24372 0 68 24376 0 
TIME iteration: 324 ms
Round:46
IR: 9, 77, 203, 238, 167
24410 0 76 24439 0 53 24456 0 52 24478 0 54 24482 0 51 24553 0 52 24657 0 53 24673 0 52 24674 0 63 24675 0 62 24683 0 77 24685 0 51 24700 0 90 24700 0 91 24700 0 92 24707 0 77 24722 0 54 24734 0 77 24741 0 70 24745 0 71 24769 0 77 24825 0 52 24879 0 51 24881 0 
TIME iteration: 323 ms
Round:47
IR: 19, 288, 283, 344, 249
24959 0 52 24966 0 54 24992 0 62 24994 0 63 24996 0 77 25015 0 70 25015 0 71 25017 0 90 25017 0 91 25017 0 92 25019 0 77 25045 0 77 25057 0 52 25063 0 51 25077 0 77 25094 0 53 25131 0 77 25186 0 54 25189 0 52 25215 0 51 25281 0 53 25317 0 54 25332 0 52 25343 0 51 25350 0 62 25352 0 63 25355 0 77 25367 0 70 25368 0 71 25374 0 61 25375 0 60 25376 0 90 25376 0 91 25376 0 92 25378 0 77 25382 0 76 25404 0 77 25406 0 76 25433 0 76 25435 0 70 25436 0 77 25438 0 68 25439 0 
TIME iteration: 327 ms
Round:48
IR: 22, 362, 260, 248, 167
25441 0 69 25444 0 53 25467 0 76 25476 0 52 25490 0 51 25492 0 77 25498 0 90 25498 0 91 25498 0 92 25519 0 54 25569 0 53 25615 0 52 25654 0 54 25699 0 53 25712 0 51 25744 0 52 25839 0 51 25871 0 53 25888 0 60 25891 0 61 25893 0 52 25895 0 65 25895 0 76 25897 0 62 25897 0 64 25898 0 63 25900 0 54 25904 0 77 25904 0 78 25918 0 90 25918 0 91 25918 0 92 25919 0 76 25925 0 68 25926 0 69 25928 0 77 25928 0 78 25936 0 70 25937 0 71 25946 0 76 25955 0 77 25955 0 
TIME iteration: 323 ms
Round:49
IR: 4, 285, 539, 391, 242
25979 0 76 25987 0 72 25989 0 77 25989 0 78 25997 0 73 26007 0 52 26019 0 51 26032 0 53 26036 0 90 26036 0 91 26036 0 92 26046 0 76 26070 0 77 26097 0 54 26102 0 52 26127 0 53 26233 0 52 26251 0 51 26259 0 54 26327 0 53 26358 0 54 26369 0 52 26385 0 67 26386 0 66 26387 0 51 26387 0 62 26387 0 63 26393 0 77 26394 0 79 26411 0 90 26411 0 91 26411 0 92 26417 0 70 26417 0 77 26418 0 71 26418 0 79 26444 0 77 26445 0 79 26473 0 74 26478 0 75 26478 0 77 26479 0 53 26480 0 
TIME iteration: 323 ms
Round:50
IR: 9, 252, 219, 349, 488
26512 0 52 26518 0 54 26542 0 90 26542 0 91 26542 0 92 26549 0 51 26554 0 77 26602 0 53 26610 0 59 26615 0 54 26639 0 51 26646 0 59 26675 0 88 26675 0 89 26679 0 59 26709 0 88 26709 0 89 26710 0 59 26741 0 59 26742 0 88 26742 0 89 26748 0 54 26762 0 51 26764 0 52 26773 0 53 26773 0 59 26774 0 88 26774 0 89 26804 0 59 26806 0 88 26806 0 89 26834 0 59 26837 0 88 26837 0 89 26863 0 59 26867 0 88 26867 0 89 26874 0 52 26885 0 53 26892 0 59 26896 0 88 26896 0 89 26908 0 64 26909 0 65 26916 0 78 26922 0 59 26924 0 54 26926 0 88 26926 0 89 26931 0 51 26938 0 90 26938 0 91 26938 0 92 26940 0 78 26952 0 59 26956 0 88 26956 0 89 26967 0 78 26972 0 73 26974 0 72 26981 0 59 26985 0 88 26985 0 89 26997 0 52 27001 0 78 27010 0 59 27014 0 88 27014 0 
TIME iteration: 325 ms
Round:51
IR: 57, 146, 216, 242, 318
27040 0 59 27042 0 54 27044 0 88 27044 0 89 27066 0 53 27077 0 88 27077 0 89 27083 0 59 27107 0 52 27109 0 51 27109 0 88 27109 0 89 27158 0 88 27158 0 89 27239 0 51 27239 0 54 27270 0 53 27284 0 52 27306 0 61 27307 0 60 27315 0 76 27319 0 64 27320 0 51 27323 0 65 27325 0 78 27333 0 90 27333 0 91 27333 0 92 27339 0 76 27348 0 78 27349 0 73 27351 0 72 27366 0 76 27371 0 54 27374 0 78 27384 0 68 27390 0 69 27401 0 76 27406 0 78 27431 0 53 27459 0 90 27459 0 91 27459 0 92 27462 0 78 27474 0 51 27490 0 52 27547 0 
TIME iteration: 323 ms
Round:52
IR: 65, 324, 165, 270, 220
27583 0 53 27628 0 52 27668 0 51 27669 0 54 27722 0 53 27753 0 52 27801 0 62 27803 0 63 27810 0 77 27813 0 54 27817 0 53 27821 0 51 27823 0 64 27823 0 65 27829 0 78 27831 0 90 27831 0 91 27831 0 92 27834 0 77 27853 0 72 27853 0 73 27853 0 78 27861 0 77 27876 0 71 27880 0 70 27880 0 78 27895 0 77 27914 0 78 27928 0 52 27928 0 53 27956 0 90 27956 0 91 27956 0 92 27959 0 54 27979 0 51 27990 0 78 28072 0 
TIME iteration: 324 ms
Round:53
IR: 10, 301, 291, 408, 125
28094 0 51 28110 0 53 28123 0 54 28196 0 51 28227 0 52 28244 0 54 28260 0 60 28263 0 61 28269 0 76 28290 0 90 28290 0 91 28290 0 92 28293 0 76 28313 0 51 28314 0 53 28320 0 76 28321 0 68 28322 0 69 28354 0 76 28383 0 52 28464 0 54 28471 0 53 28506 0 52 28536 0 51 28614 0 
TIME iteration: 323 ms
Round:54
IR: 18, 94, 213, 263, 275
28656 0 54 28661 0 65 28662 0 64 28669 0 78 28688 0 90 28688 0 91 28688 0 92 28693 0 78 28703 0 52 28711 0 73 28713 0 72 28720 0 78 28742 0 51 28747 0 53 28754 0 78 28817 0 54 28889 0 53 28937 0 51 28963 0 54 28998 0 52 29037 0 53 29045 0 64 29045 0 65 29049 0 78 29070 0 72 29070 0 73 29071 0 90 29071 0 91 29071 0 92 29072 0 78 29098 0 78 29129 0 53 29130 0 78 29145 0 
TIME iteration: 322 ms
Round:55
IR: 5, 186, 199, 255, 238
29161 0 52 29186 0 78 29200 0 54 29283 0 51 29312 0 52 29340 0 53 29345 0 54 29409 0 52 29422 0 62 29423 0 63 29431 0 51 29431 0 77 29445 0 54 29448 0 90 29448 0 91 29448 0 92 29455 0 77 29466 0 53 29482 0 77 29504 0 71 29505 0 70 29515 0 52 29517 0 77 29539 0 51 29604 0 54 29637 0 51 29673 0 
TIME iteration: 322 ms
Round:56
IR: 6, 431, 356, 237, 121
29688 0 53 29726 0 51 29732 0 62 29733 0 63 29735 0 60 29735 0 77 29736 0 61 29744 0 76 29747 0 54 29755 0 70 29755 0 71 29756 0 90 29756 0 91 29756 0 92 29758 0 77 29768 0 76 29784 0 77 29795 0 76 29812 0 68 29815 0 69 29816 0 77 29830 0 76 29838 0 52 29867 0 53 29869 0 77 29875 0 51 29885 0 90 29885 0 91 29885 0 92 29935 0 54 29982 0 52 30022 0 53 30094 0 54 30119 0 52 30159 0 
TIME iteration: 323 ms
Round:57
IR: 101, 284, 183, 501, 308
30224 0 52 30232 0 53 30236 0 62 30236 0 63 30242 0 77 30261 0 54 30264 0 70 30264 0 71 30266 0 77 30266 0 90 30266 0 91 30266 0 92 30293 0 77 30299 0 58 30323 0 51 30327 0 77 30333 0 58 30362 0 86 30362 0 87 30365 0 58 30371 0 52 30383 0 54 30396 0 58 30403 0 77 30428 0 58 30438 0 51 30438 0 53 30459 0 58 30473 0 86 30473 0 87 30489 0 58 30518 0 58 30520 0 52 30540 0 54 30546 0 58 30574 0 58 30582 0 86 30582 0 87 30603 0 58 30618 0 51 30632 0 58 30640 0 53 30650 0 61 30653 0 60 30659 0 76 30661 0 58 30677 0 52 30678 0 90 30678 0 91 30678 0 92 30683 0 76 30690 0 58 30693 0 86 30693 0 87 30710 0 76 30711 0 69 30714 0 68 30719 0 58 30735 0 
TIME iteration: 324 ms
Round:58
IR: 90, 264, 493, 422, 121
30744 0 76 30749 0 58 30769 0 51 30776 0 53 30791 0 58 30804 0 86 30804 0 87 30819 0 52 30913 0 53 30926 0 51 30939 0 52 30983 0 54 30997 0 60 31000 0 61 31002 0 76 31022 0 69 31023 0 68 31024 0 90 31024 0 91 31024 0 92 31025 0 76 31051 0 76 31064 0 52 31083 0 76 31138 0 76 31146 0 51 31148 0 54 31198 0 53 31213 0 
TIME iteration: 323 ms
Round:59
IR: 68, 335, 228, 319, 307
31282 0 54 31315 0 52 31326 0 53 31348 0 62 31348 0 63 31354 0 51 31356 0 77 31373 0 90 31373 0 91 31373 0 92 31380 0 77 31407 0 77 31409 0 70 31411 0 71 31422 0 52 31441 0 77 31457 0 53 31459 0 54 31470 0 51 31577 0 52 31586 0 53 31630 0 51 31631 0 54 31735 0 51 31743 0 60 31743 0 61 31750 0 76 31761 0 53 31769 0 90 31769 0 91 31769 0 92 31774 0 76 31782 0 52 31788 0 68 31789 0 
TIME iteration: 323 ms
Round:60
IR: 9, 212, 188, 418, 295
31801 0 76 31803 0 54 31835 0 76 31892 0 54 31921 0 52 31922 0 53 31944 0 51 32002 0 54 32037 0 52 32046 0 53 32054 0 66 32057 0 67 32065 0 79 32080 0 90 32080 0 91 32080 0 92 32089 0 79 32116 0 79 32148 0 74 32151 0 79 32158 0 75 32210 0 54 32215 0 52 32229 0 53 32232 0 
TIME iteration: 323 ms
Round:61
IR: 3, 274, 206, 364, 206
32376 0 54 32381 0 53 32402 0 51 32406 0 66 32406 0 67 32410 0 79 32431 0 90 32431 0 91 32431 0 92 32432 0 75 32433 0 74 32433 0 79 32454 0 52 32459 0 79 32491 0 79 32523 0 51 32525 0 53 32541 0 54 32549 0 79 32629 0 51 32638 0 52 32701 0 53 32802 0 51 32816 0 60 32817 0 61 32819 0 53 32824 0 76 32830 0 64 32830 0 65 32838 0 78 32843 0 90 32843 0 91 32843 0 92 32848 0 76 32855 0 
TIME iteration: 324 ms
Round:62
IR: 7, 193, 287, 478, 494
32862 0 78 32875 0 76 32881 0 69 32882 0 68 32889 0 78 32909 0 76 32923 0 78 32924 0 73 32926 0 52 32930 0 72 32945 0 53 32950 0 51 32959 0 58 32970 0 90 32970 0 91 32970 0 92 32974 0 59 32995 0 58 33011 0 59 33021 0 86 33021 0 87 33030 0 58 33040 0 88 33040 0 89 33043 0 53 33047 0 59 33055 0 54 33062 0 58 33074 0 88 33074 0 89 33079 0 59 33092 0 58 33106 0 88 33106 0 89 33110 0 59 33123 0 58 33125 0 52 33131 0 86 33131 0 87 33138 0 88 33138 0 89 33141 0 59 33153 0 58 33169 0 53 33170 0 88 33170 0 89 33172 0 59 33182 0 58 33197 0 51 33197 0 54 33202 0 59 33202 0 88 33202 0 89 33211 0 58 33231 0 59 33233 0 88 33233 0 89 33239 0 58 33242 0 86 33242 0 87 33260 0 59 33263 0 88 33263 0 89 33266 0 58 33289 0 59 33293 0 58 33293 0 88 33293 0 89 33295 0 53 33318 0 59 33320 0 58 33322 0 88 33322 0 89 33346 0 58 33348 0 59 33351 0 86 33351 0 87 33352 0 88 33352 0 89 33353 0 52 33362 0 51 33373 0 58 33378 0 59 33382 0 88 33382 0 
TIME iteration: 325 ms
Round:63
IR: 24, 292, 241, 350, 249
33401 0 58 33413 0 59 33414 0 88 33414 0 89 33423 0 61 33425 0 60 33430 0 53 33430 0 76 33438 0 58 33443 0 54 33447 0 88 33447 0 89 33454 0 76 33455 0 90 33455 0 91 33455 0 92 33464 0 86 33464 0 87 33466 0 68 33466 0 69 33481 0 76 33501 0 88 33501 0 89 33515 0 76 33529 0 53 33559 0 52 33575 0 54 33585 0 51 33591 0 76 33677 0 52 33687 0 53 33720 0 54 33822 0 52 33832 0 53 33858 0 51 33863 0 54 33869 0 64 33871 0 65 33878 0 78 33897 0 90 33897 0 91 33897 0 92 33902 0 
TIME iteration: 329 ms
Round:64
IR: 49, 284, 164, 311, 222
33929 0 78 33935 0 72 33936 0 73 33955 0 53 33963 0 78 33983 0 52 33995 0 51 34055 0 54 34095 0 53 34134 0 52 34140 0 51 34168 0 54 34252 0 53 34258 0 64 34258 0 65 34262 0 78 34284 0 54 34284 0 90 34284 0 91 34284 0 92 34285 0 72 34285 0 78 34286 0 73 34299 0 51 34311 0 78 34343 0 78 34352 0 52 34379 0 53 34399 0 78 34419 0 
TIME iteration: 323 ms
Round:65
IR: 25, 170, 206, 259, 103
34488 0 51 34520 0 52 34578 0 54 34595 0 53 34649 0 51 34671 0 66 34679 0 67 34684 0 79 34696 0 61 34697 0 60 34702 0 90 34702 0 91 34702 0 92 34705 0 76 34708 0 79 34712 0 52 34722 0 53 34729 0 76 34735 0 79 34744 0 54 34756 0 76 34765 0 69 34765 0 74 34769 0 75 34770 0 79 34771 0 68 34791 0 76 34812 0 52 34826 0 90 34826 0 91 34826 0 92 34854 0 51 34855 0 54 34903 0 53 34959 0 
TIME iteration: 322 ms
Round:66
IR: 46, 256, 240, 259, 20
34994 0 54 35042 0 51 35052 0 53 35127 0 54 35155 0 52 35166 0 66 35167 0 67 35172 0 79 35190 0 51 35196 0 79 35196 0 90 35196 0 91 35196 0 92 35203 0 74 35203 0 75 35223 0 79 35236 0 53 35256 0 79 35305 0 52 35315 0 54 35319 0 51 35337 0 79 35379 0 53 35462 0 
TIME iteration: 322 ms
Round:67
IR: 24, 238, 325, 293, 61
35511 0 51 35521 0 54 35579 0 52 35587 0 62 35587 0 63 35595 0 77 35611 0 53 35614 0 90 35614 0 91 35614 0 92 35619 0 77 35643 0 54 35646 0 77 35676 0 71 35680 0 77 35687 0 51 35687 0 70 35747 0 54 35792 0 53 35808 0 52 35819 0 51 35910 0 52 35912 0 54 35927 0 62 35927 0 63 35930 0 77 35943 0 53 35949 0 51 35952 0 71 35952 0 90 35952 0 91 35952 0 92 35953 0 70 35953 0 77 35979 0 77 36011 0 77 36039 0 
TIME iteration: 323 ms
Round:68
IR: 23, 241, 254, 292, 65
36042 0 54 36065 0 77 36075 0 51 36128 0 53 36162 0 52 36195 0 54 36202 0 51 36290 0 53 36327 0 52 36331 0 54 36332 0 63 36333 0 62 36337 0 77 36343 0 66 36343 0 67 36352 0 79 36354 0 70 36354 0 71 36359 0 90 36359 0 91 36359 0 92 36361 0 77 36376 0 79 36377 0 51 36387 0 77 36403 0 79 36409 0 74 36409 0 75 36412 0 53 36420 0 77 36438 0 79 36445 0 70 36480 0 51 36481 0 77 36487 0 90 36487 0 91 36487 0 92 36509 0 54 36567 0 
TIME iteration: 323 ms
Round:69
IR: 7, 202, 207, 543, 465
36592 0 52 36610 0 51 36616 0 54 36672 0 58 36679 0 59 36709 0 58 36716 0 59 36737 0 86 36737 0 87 36740 0 54 36744 0 58 36744 0 88 36744 0 89 36750 0 53 36750 0 59 36776 0 58 36778 0 88 36778 0 89 36782 0 59 36786 0 52 36799 0 51 36810 0 58 36811 0 88 36811 0 89 36813 0 59 36843 0 58 36843 0 59 36843 0 88 36843 0 89 36849 0 86 36849 0 87 36872 0 59 36874 0 58 36874 0 88 36874 0 89 36901 0 59 36904 0 58 36904 0 88 36904 0 89 36906 0 53 36929 0 59 36933 0 88 36933 0 89 36934 0 58 36937 0 54 36938 0 52 36958 0 59 36962 0 86 36962 0 87 36962 0 88 36962 0 89 36963 0 51 36963 0 58 36969 0 60 36969 0 61 36977 0 76 36989 0 59 36992 0 58 36992 0 88 36992 0 89 37000 0 90 37000 0 91 37000 0 92 37001 0 76 37019 0 59 37020 0 58 37022 0 88 37022 0 89 37028 0 76 37035 0 52 37048 0 59 37049 0 58 37052 0 88 37052 0 89 37058 0 68 37062 0 76 37063 0 69 37068 0 54 37074 0 86 37074 0 87 37077 0 59 37078 0 58 37081 0 88 37081 0 89 37092 0 
TIME iteration: 324 ms
Round:70
IR: 27, 223, 265, 558, 286
37107 0 58 37107 0 59 37111 0 88 37111 0 89 37133 0 52 37136 0 58 37144 0 88 37144 0 89 37149 0 59 37153 0 51 37165 0 58 37176 0 88 37176 0 89 37185 0 86 37185 0 87 37193 0 58 37220 0 53 37222 0 58 37226 0 88 37226 0 89 37248 0 54 37250 0 58 37267 0 52 37279 0 58 37295 0 86 37295 0 87 37308 0 58 37336 0 58 37345 0 51 37350 0 53 37364 0 58 37374 0 60 37374 0 61 37378 0 76 37392 0 58 37401 0 76 37401 0 90 37401 0 91 37401 0 92 37404 0 86 37404 0 87 37405 0 68 37405 0 69 37420 0 58 37426 0 54 37427 0 52 37427 0 76 37448 0 58 37459 0 76 37477 0 58 37481 0 53 37507 0 58 37514 0 86 37514 0 87 37515 0 76 37526 0 51 37535 0 58 37537 0 54 37563 0 58 37591 0 58 37619 0 58 37624 0 86 37624 0 
TIME iteration: 323 ms
Round:71
IR: 6, 357, 435, 598, 324
37647 0 58 37670 0 51 37672 0 54 37677 0 58 37707 0 53 37707 0 58 37710 0 52 37735 0 66 37736 0 58 37737 0 67 37737 0 86 37737 0 87 37741 0 61 37745 0 79 37746 0 60 37748 0 76 37762 0 90 37762 0 91 37762 0 92 37763 0 69 37764 0 68 37766 0 58 37769 0 79 37772 0 76 37796 0 58 37796 0 79 37798 0 76 37811 0 75 37812 0 74 37825 0 52 37826 0 58 37831 0 76 37831 0 79 37832 0 51 37842 0 69 37849 0 86 37849 0 87 37855 0 58 37860 0 68 37869 0 53 37883 0 58 37891 0 90 37891 0 91 37891 0 92 37892 0 76 37912 0 58 37920 0 54 37939 0 58 37960 0 86 37960 0 87 37966 0 58 37973 0 52 37973 0 53 37994 0 58 38023 0 58 38052 0 58 38055 0 51 38071 0 86 38071 0 87 38077 0 54 38081 0 58 38089 0 52 38102 0 53 38110 0 58 38139 0 
TIME iteration: 323 ms
Round:72
IR: 5, 150, 188, 251, 216
38169 0 58 38181 0 86 38181 0 87 38186 0 54 38212 0 58 38226 0 67 38227 0 66 38232 0 79 38238 0 52 38256 0 79 38256 0 90 38256 0 91 38256 0 92 38262 0 74 38263 0 75 38270 0 51 38283 0 79 38308 0 54 38316 0 79 38354 0 53 38361 0 52 38393 0 79 38414 0 54 38489 0 51 38551 0 52 38562 0 53 38605 0 51 38605 0 54 38624 0 66 38625 0 67 38630 0 79 38647 0 60 38647 0 61 38647 0 74 38648 0 75 38651 0 90 38651 0 91 38651 0 92 38654 0 79 38655 0 76 38679 0 76 38681 0 53 38681 0 
TIME iteration: 324 ms
Round:73
IR: 42, 354, 319, 343, 154
38705 0 69 38706 0 76 38707 0 68 38711 0 52 38715 0 79 38735 0 51 38740 0 76 38774 0 90 38774 0 91 38774 0 92 38786 0 54 38822 0 53 38842 0 51 38903 0 52 38919 0 54 38961 0 53 39002 0 51 39061 0 52 39062 0 54 39134 0 66 39139 0 67 39142 0 79 39161 0 51 39164 0 74 39165 0 53 39165 0 75 39166 0 54 39166 0 79 39166 0 90 39166 0 91 39166 0 92 39193 0 79 39218 0 
TIME iteration: 324 ms
Round:74
IR: 18, 256, 178, 345, 324
39227 0 79 39315 0 53 39316 0 54 39352 0 51 39382 0 52 39429 0 54 39465 0 66 39465 0 67 39468 0 79 39481 0 75 39482 0 74 39490 0 90 39490 0 91 39490 0 92 39491 0 79 39500 0 52 39517 0 79 39531 0 54 39548 0 75 39549 0 79 39553 0 53 39556 0 74 39560 0 51 39606 0 79 39644 0 52 39658 0 54 39709 0 66 39710 0 51 39710 0 67 39713 0 79 39728 0 74 39728 0 75 39731 0 53 39732 0 90 39732 0 91 39732 0 92 39736 0 
TIME iteration: 324 ms
Round:75
IR: 82, 273, 172, 274, 200
39752 0 54 39762 0 79 39794 0 79 39802 0 52 39802 0 74 39802 0 75 39851 0 79 39865 0 51 39898 0 53 39926 0 54 39940 0 52 39964 0 51 39990 0 66 39990 0 67 39993 0 79 40011 0 74 40011 0 75 40013 0 90 40013 0 91 40013 0 92 40016 0 79 40024 0 53 40042 0 79 40058 0 51 40069 0 52 40074 0 79 40105 0 54 40105 0 75 40130 0 79 40161 0 51 40170 0 53 40197 0 52 40243 0 
TIME iteration: 322 ms
Round:76
IR: 15, 365, 422, 414, 309
40281 0 51 40287 0 66 40287 0 67 40291 0 79 40298 0 74 40310 0 75 40311 0 90 40311 0 91 40311 0 92 40314 0 79 40340 0 79 40342 0 54 40344 0 52 40356 0 53 40356 0 74 40372 0 79 40417 0 51 40431 0 79 40476 0 52 40490 0 53 40553 0 51 40565 0 54 40604 0 52 40645 0 62 40645 0 63 40653 0 77 40665 0 53 40670 0 90 40670 0 91 40670 0 92 40677 0 77 40704 0 77 40708 0 52 40713 0 54 40738 0 70 40738 0 77 40741 0 71 40777 0 
TIME iteration: 323 ms
Round:77
IR: 30, 292, 224, 284, 296
40812 0 53 40832 0 52 40853 0 54 40944 0 51 41008 0 53 41024 0 54 41061 0 66 41062 0 67 41069 0 79 41088 0 90 41088 0 91 41088 0 92 41093 0 79 41108 0 75 41112 0 74 41120 0 79 41132 0 51 41144 0 52 41154 0 79 41179 0 53 41232 0 54 41261 0 
TIME iteration: 323 ms
Round:78
IR: 6, 172, 309, 352, 182
41373 0 52 41373 0 54 41381 0 51 41416 0 60 41417 0 61 41421 0 67 41425 0 66 41425 0 76 41427 0 79 41435 0 53 41442 0 90 41442 0 91 41442 0 92 41445 0 75 41446 0 74 41449 0 76 41451 0 79 41476 0 76 41477 0 79 41498 0 51 41508 0 68 41509 0 79 41511 0 76 41519 0 69 41558 0 52 41568 0 79 41571 0 54 41571 0 90 41571 0 91 41571 0 92 41574 0 53 41626 0 51 41691 0 54 41710 0 53 41800 0 52 41816 0 53 41816 0 54 41832 0 
TIME iteration: 323 ms
Round:79
IR: 3, 160, 212, 302, 382
41908 0 54 41911 0 65 41911 0 66 41911 0 67 41917 0 79 41918 0 64 41923 0 78 41937 0 90 41937 0 91 41937 0 92 41938 0 74 41938 0 75 41941 0 79 41943 0 53 41947 0 78 41968 0 79 41974 0 78 41996 0 51 41998 0 52 42002 0 79 42003 0 72 42008 0 78 42021 0 73 42068 0 90 42068 0 91 42068 0 92 42087 0 54 42158 0 53 42173 0 52 42196 0 51 42246 0 54 42312 0 53 42349 0 54 42353 0 52 42365 0 
TIME iteration: 329 ms
Round:80
IR: 4, 192, 203, 295, 264
42400 0 67 42401 0 66 42406 0 79 42428 0 75 42429 0 74 42430 0 79 42430 0 90 42430 0 91 42430 0 92 42442 0 54 42454 0 53 42457 0 79 42490 0 79 42553 0 52 42561 0 79 42571 0 53 42573 0 51 42635 0 54 42667 0 53 42702 0 52 42719 0 64 42719 0 65 42726 0 78 42731 0 51 42744 0 90 42744 0 91 42744 0 92 42750 0 78 42764 0 54 42773 0 72 42773 0 73 42777 0 78 42811 0 78 42831 0 53 42837 0 52 42887 0 
TIME iteration: 323 ms
Round:81
IR: 25, 236, 246, 300, 246
42949 0 52 43001 0 54 43018 0 51 43055 0 66 43055 0 67 43062 0 53 43062 0 79 43080 0 90 43080 0 91 43080 0 92 43086 0 79 43093 0 75 43095 0 74 43106 0 52 43113 0 79 43147 0 79 43178 0 51 43220 0 52 43265 0 53 43289 0 54 43314 0 51 43317 0 52 43367 0 63 43370 0 62 43377 0 77 43393 0 90 43393 0 91 43393 0 92 43401 0 77 43424 0 53 43428 0 77 43454 0 
TIME iteration: 323 ms
Round:82
IR: 0, 201, 189, 292, 203
43461 0 71 43463 0 77 43477 0 70 43537 0 52 43541 0 51 43582 0 53 43607 0 54 43693 0 53 43732 0 64 43733 0 65 43740 0 51 43740 0 78 43758 0 90 43758 0 91 43758 0 92 43764 0 78 43791 0 78 43792 0 73 43794 0 72 43810 0 52 43822 0 53 43825 0 78 43837 0 54 43951 0 53 43959 0 52 43962 0 
TIME iteration: 323 ms
Round:83
IR: 4, 223, 321, 307, 164
44004 0 51 44104 0 54 44115 0 52 44124 0 66 44125 0 53 44125 0 67 44132 0 64 44132 0 65 44133 0 79 44136 0 78 44146 0 62 44147 0 63 44151 0 90 44151 0 91 44151 0 92 44154 0 77 44157 0 79 44158 0 72 44159 0 78 44160 0 73 44178 0 77 44184 0 79 44185 0 78 44188 0 75 44189 0 74 44199 0 71 44200 0 70 44205 0 77 44212 0 51 44217 0 78 44219 0 79 44233 0 54 44239 0 77 44266 0 90 44266 0 91 44266 0 92 44273 0 78 44280 0 53 44317 0 51 44332 0 54 44347 0 52 44447 0 53 44478 0 54 44489 0 
TIME iteration: 323 ms
Round:84
IR: 1, 310, 348, 291, 250
44586 0 51 44598 0 52 44613 0 60 44614 0 61 44622 0 76 44625 0 53 44634 0 54 44642 0 90 44642 0 91 44642 0 92 44646 0 76 44673 0 76 44708 0 76 44710 0 69 44715 0 68 44738 0 52 44770 0 53 44796 0 51 44810 0 54 44922 0 52 44932 0 51 44949 0 54 44954 0 60 44954 0 61 44957 0 76 44979 0 90 44979 0 91 44979 0 92 44980 0 68 44980 0 69 44980 0 76 45006 0 76 45018 0 53 45038 0 
TIME iteration: 324 ms
Round:85
IR: 23, 360, 340, 449, 14
45070 0 51 45092 0 76 45117 0 54 45165 0 53 45171 0 52 45202 0 51 45271 0 54 45331 0 52 45345 0 53 45374 0 51 45380 0 61 45381 0 60 45386 0 76 45387 0 64 45388 0 65 45396 0 78 45403 0 69 45404 0 68 45407 0 90 45407 0 91 45407 0 92 45410 0 76 45420 0 78 45437 0 76 45447 0 78 45453 0 73 45455 0 72 45470 0 76 45473 0 51 45482 0 78 45499 0 52 45528 0 53 45537 0 76 45537 0 90 45537 0 91 45537 0 92 45566 0 
TIME iteration: 322 ms
Round:86
IR: 41, 518, 318, 270, 245
45611 0 51 45627 0 52 45678 0 56 45707 0 54 45714 0 56 45743 0 82 45743 0 83 45746 0 51 45748 0 56 45765 0 52 45768 0 53 45780 0 56 45811 0 56 45842 0 54 45842 0 56 45853 0 82 45853 0 83 45872 0 56 45873 0 51 45902 0 56 45911 0 52 45926 0 62 45926 0 63 45931 0 56 45934 0 77 45956 0 90 45956 0 91 45956 0 92 45958 0 77 45960 0 54 45960 0 56 45964 0 82 45964 0 83 45970 0 53 45985 0 77 45988 0 56 46011 0 70 46011 0 71 46016 0 56 46019 0 77 46024 0 52 46043 0 56 46070 0 56 46074 0 82 46074 0 83 46097 0 
TIME iteration: 323 ms
Round:87
IR: 2, 309, 358, 435, 285
46110 0 51 46122 0 53 46126 0 56 46156 0 52 46157 0 54 46166 0 56 46186 0 82 46186 0 83 46217 0 63 46218 0 62 46220 0 51 46220 0 77 46239 0 71 46240 0 70 46242 0 90 46242 0 91 46242 0 92 46243 0 77 46269 0 77 46288 0 54 46301 0 77 46306 0 53 46313 0 52 46333 0 71 46354 0 77 46445 0 51 46475 0 52 46480 0 53 46483 0 54 46534 0 62 46534 0 63 46538 0 77 46548 0 70 46558 0 90 46558 0 91 46558 0 92 46559 0 71 46561 0 77 46587 0 77 46607 0 51 46611 0 70 46619 0 77 46620 0 
TIME iteration: 322 ms
Round:88
IR: 9, 346, 383, 176, 109
46640 0 54 46660 0 52 46675 0 77 46747 0 54 46759 0 51 46769 0 53 46842 0 52 46874 0 51 46880 0 54 46886 0 53 46898 0 62 46898 0 63 46898 0 66 46899 0 67 46902 0 77 46904 0 60 46904 0 61 46907 0 79 46908 0 64 46908 0 65 46912 0 76 46916 0 71 46916 0 78 46921 0 90 46921 0 91 46921 0 92 46924 0 70 46925 0 77 46931 0 79 46936 0 76 46940 0 78 46951 0 77 46958 0 79 46963 0 76 46967 0 78 46981 0 68 46983 0 77 46985 0 69 46987 0 71 46989 0 72 46991 0 73 46992 0 74 46993 0 75 46993 0 79 46997 0 76 46999 0 53 47001 0 78 47006 0 51 47023 0 52 47032 0 90 47032 0 91 47032 0 92 47033 0 54 47039 0 77 47112 0 53 47155 0 54 47161 0 
TIME iteration: 323 ms
Round:89
IR: 59, 438, 460, 219, 137
47201 0 52 47273 0 53 47329 0 51 47335 0 54 47344 0 52 47414 0 63 47415 0 62 47420 0 53 47420 0 77 47429 0 67 47433 0 64 47433 0 65 47438 0 78 47442 0 79 47443 0 90 47443 0 91 47443 0 92 47444 0 70 47444 0 77 47451 0 71 47462 0 78 47469 0 72 47471 0 77 47472 0 73 47473 0 79 47489 0 78 47495 0 52 47504 0 77 47521 0 51 47522 0 78 47522 0 79 47526 0 54 47529 0 53 47562 0 90 47562 0 91 47562 0 92 47571 0 77 47588 0 78 47628 0 52 47679 0 54 47686 0 
TIME iteration: 325 ms
Round:90
IR: 23, 205, 230, 230, 363
47714 0 51 47740 0 52 47782 0 54 47842 0 52 47866 0 62 47867 0 63 47872 0 77 47892 0 70 47895 0 71 47895 0 90 47895 0 91 47895 0 92 47896 0 77 47923 0 77 47946 0 54 47956 0 77 47967 0 51 47995 0 53 48008 0 52 48023 0 77 48120 0 54 48123 0 51 48127 0 53 48178 0 
TIME iteration: 324 ms
Round:91
IR: 3, 143, 442, 316, 407
48239 0 54 48265 0 62 48265 0 67 48266 0 66 48270 0 63 48273 0 77 48274 0 53 48274 0 79 48275 0 51 48289 0 65 48289 0 70 48289 0 71 48290 0 64 48290 0 90 48290 0 91 48290 0 92 48295 0 52 48297 0 77 48297 0 78 48298 0 79 48319 0 74 48321 0 75 48321 0 78 48324 0 77 48325 0 79 48340 0 72 48343 0 73 48348 0 78 48357 0 77 48360 0 79 48373 0 54 48382 0 78 48404 0 90 48404 0 91 48404 0 92 48415 0 52 48424 0 77 48440 0 51 48496 0 54 48507 0 53 48611 0 54 48633 0 51 48678 0 52 48715 0 53 48752 0 
TIME iteration: 323 ms
Round:92
IR: 5, 180, 207, 304, 372
48764 0 67 48765 0 66 48770 0 79 48793 0 90 48793 0 91 48793 0 92 48794 0 79 48798 0 74 48798 0 75 48805 0 51 48821 0 79 48855 0 79 48864 0 53 48916 0 52 48987 0 53 49064 0 54 49088 0 51 49102 0 52 49116 0 53 49137 0 64 49137 0 65 49144 0 78 49163 0 90 49163 0 91 49163 0 92 49168 0 78 49174 0 51 49193 0 73 49194 0 72 49195 0 78 49212 0 52 49222 0 54 49229 0 78 49289 0 
TIME iteration: 324 ms
Round:93
IR: 17, 253, 189, 541, 330
49341 0 51 49382 0 52 49386 0 58 49397 0 53 49401 0 54 49421 0 58 49441 0 64 49442 0 65 49444 0 78 49450 0 86 49450 0 87 49452 0 58 49460 0 73 49461 0 72 49466 0 90 49466 0 91 49466 0 92 49467 0 78 49481 0 58 49493 0 78 49511 0 58 49518 0 51 49525 0 78 49539 0 73 49541 0 58 49541 0 72 49544 0 54 49562 0 86 49562 0 87 49565 0 53 49570 0 58 49578 0 78 49601 0 58 49631 0 58 49635 0 54 49661 0 58 49672 0 86 49672 0 87 49679 0 52 49691 0 58 49718 0 51 49721 0 58 49751 0 58 49780 0 54 49780 0 58 49783 0 53 49784 0 86 49784 0 87 49800 0 67 49801 0 66 49808 0 58 49809 0 
TIME iteration: 323 ms
Round:94
IR: 24, 246, 311, 417, 108
49826 0 90 49826 0 91 49826 0 92 49833 0 79 49839 0 58 49849 0 52 49859 0 75 49860 0 79 49862 0 74 49874 0 51 49884 0 58 49895 0 79 49895 0 86 49895 0 87 49934 0 54 49965 0 53 50020 0 51 50046 0 52 50076 0 54 50128 0 67 50129 0 66 50132 0 79 50148 0 51 50149 0 52 50150 0 75 50151 0 74 50153 0 90 50153 0 91 50153 0 92 50155 0 79 50181 0 53 50181 0 79 50198 0 54 50213 0 79 50270 0 79 50306 0 52 50327 0 53 50333 0 
TIME iteration: 322 ms
Round:95
IR: 7, 218, 189, 297, 249
50360 0 54 50406 0 53 50452 0 64 50453 0 65 50460 0 78 50477 0 90 50477 0 91 50477 0 92 50484 0 78 50495 0 54 50506 0 51 50511 0 78 50515 0 73 50518 0 72 50528 0 53 50536 0 52 50545 0 78 50615 0 54 50696 0 53 50713 0 51 50727 0 54 50740 0 52 50784 0 66 50785 0 67 50792 0 79 50809 0 90 50809 0 91 50809 0 92 50816 0 79 50823 0 75 50824 0 74 50843 0 79 50878 0 
TIME iteration: 324 ms
Round:96
IR: 25, 247, 214, 303, 263
50889 0 53 50907 0 54 50923 0 52 50940 0 51 51046 0 53 51107 0 52 51148 0 51 51165 0 54 51198 0 53 51216 0 64 51218 0 65 51224 0 78 51244 0 90 51244 0 91 51244 0 92 51248 0 78 51267 0 51 51268 0 73 51270 0 72 51275 0 78 51286 0 54 51302 0 52 51309 0 78 51382 0 
TIME iteration: 323 ms
Round:97
IR: 8, 172, 194, 407, 188
51434 0 51 51483 0 54 51524 0 53 51546 0 52 51569 0 64 51570 0 65 51573 0 78 51592 0 72 51592 0 73 51595 0 90 51595 0 91 51595 0 92 51596 0 78 51622 0 51 51622 0 78 51654 0 78 51669 0 54 51693 0 73 51709 0 78 51716 0 53 51760 0 51 51763 0 52 51834 0 54 51884 0 52 51919 0 
TIME iteration: 322 ms
Round:98
IR: 19, 292, 427, 326, 187
51955 0 65 51956 0 64 51960 0 78 51962 0 54 51975 0 72 51981 0 67 51981 0 90 51981 0 91 51981 0 92 51984 0 73 51984 0 78 52000 0 79 52010 0 78 52021 0 53 52024 0 52 52033 0 79 52043 0 78 52064 0 72 52097 0 79 52104 0 78 52111 0 51 52118 0 90 52118 0 91 52118 0 92 52141 0 52 52144 0 53 52168 0 54 52293 0 53 52318 0 51 52336 0 54 52373 0 52 52420 0 53 52459 0 65 52460 0 64 52465 0 
TIME iteration: 323 ms
Round:99
IR: 8, 251, 308, 400, 234
52487 0 51 52489 0 73 52489 0 78 52489 0 90 52489 0 91 52489 0 92 52497 0 72 52516 0 78 52525 0 52 52526 0 54 52549 0 78 52559 0 53 52605 0 51 52616 0 78 52687 0 54 52725 0 52 52726 0 53 52745 0 51 52864 0 51 52867 0 60 52867 0 61 52875 0 76 52878 0 53 52887 0 64 52888 0 65 52893 0 78 52894 0 90 52894 0 91 52894 0 92 52898 0 54 52899 0 76 52900 0 52 52911 0 73 52913 0 72 52917 0 78 52926 0 76 52944 0 78 52960 0 76 52963 0 69 52964 0 68 52977 0 78 52992 0 
TIME iteration: 323 ms
Round:100
IR: 75, 233, 183, 238, 300
53013 0 52 53018 0 90 53018 0 91 53018 0 92 53044 0 78 53119 0 53 53138 0 54 53190 0 52 53240 0 51 53241 0 53 53333 0 52 53397 0 54 53407 0 62 53408 0 53 53412 0 63 53413 0 51 53418 0 77 53424 0 65 53425 0 64 53431 0 78 53440 0 90 53440 0 91 53440 0 92 53442 0 77 53450 0 52 53455 0 73 53455 0 78 53456 0 72 53469 0 77 53482 0 78 53504 0 77 53506 0 70 53510 0 71 53516 0 78 53518 0 
TIME iteration: 323 ms
Round:101
IR: 24, 176, 401, 466, 290
53552 0 51 53566 0 52 53569 0 90 53569 0 91 53569 0 92 53597 0 78 53628 0 58 53633 0 53 53644 0 54 53665 0 58 53693 0 86 53693 0 87 53697 0 51 53699 0 58 53723 0 52 53730 0 58 53739 0 53 53760 0 58 53790 0 58 53798 0 51 53803 0 86 53803 0 87 53820 0 58 53843 0 52 53850 0 58 53858 0 54 53879 0 58 53895 0 53 53908 0 58 53914 0 86 53914 0 87 53922 0 51 53926 0 60 53926 0 61 53934 0 76 53937 0 58 53956 0 90 53956 0 91 53956 0 92 53958 0 76 53965 0 58 53985 0 76 53990 0 69 53993 0 58 53993 0 68 54010 0 54 54018 0 53 54019 0 76 54022 0 58 54025 0 86 54025 0 87 54032 0 52 54037 0 51 54050 0 
TIME iteration: 324 ms
Round:102
IR: 71, 443, 271, 230, 162
54080 0 58 54123 0 58 54126 0 53 54136 0 86 54136 0 87 54158 0 54 54205 0 51 54213 0 52 54271 0 61 54275 0 60 54276 0 76 54296 0 69 54297 0 68 54298 0 90 54298 0 91 54298 0 92 54299 0 76 54309 0 53 54325 0 76 54329 0 54 54338 0 51 54357 0 76 54376 0 52 54411 0 76 54432 0 54 54492 0 53 54514 0 51 54563 0 
TIME iteration: 322 ms
Round:103
IR: 29, 347, 292, 290, 182
54593 0 52 54615 0 67 54618 0 66 54619 0 53 54625 0 79 54642 0 90 54642 0 91 54642 0 92 54649 0 79 54676 0 79 54707 0 75 54708 0 74 54711 0 79 54718 0 53 54723 0 51 54763 0 54 54782 0 52 54827 0 51 54876 0 53 54923 0 54 54957 0 66 54957 0 67 54960 0 79 54965 0 51 54982 0 75 54982 0 90 54982 0 91 54982 0 92 54983 0 74 54983 0 79 55000 0 52 55009 0 79 55041 0 53 55041 0 79 55060 0 54 55087 0 51 55097 0 
TIME iteration: 323 ms
Round:104
IR: 48, 430, 329, 254, 261
55130 0 52 55157 0 53 55193 0 51 55216 0 54 55292 0 51 55298 0 61 55299 0 60 55306 0 76 55323 0 90 55323 0 91 55323 0 92 55325 0 53 55330 0 76 55341 0 52 55356 0 69 55357 0 76 55359 0 68 55375 0 54 55391 0 76 55421 0 51 55481 0 52 55503 0 51 55520 0 53 55535 0 54 55552 0 60 55552 0 61 55553 0 76 55568 0 68 55568 0 69 55575 0 90 55575 0 91 55575 0 92 55576 0 76 55602 0 76 55633 0 76 55634 0 68 55636 0 
TIME iteration: 323 ms
Round:105
IR: 27, 321, 310, 259, 267
55656 0 52 55682 0 76 55699 0 51 55702 0 53 55717 0 54 55765 0 52 55850 0 53 55883 0 51 55883 0 54 55905 0 60 55907 0 61 55910 0 76 55931 0 90 55931 0 91 55931 0 92 55933 0 68 55933 0 69 55933 0 76 55959 0 76 55975 0 52 55982 0 53 55991 0 76 56008 0 54 56044 0 51 56047 0 76 56113 0 52 56137 0 53 56171 0 
TIME iteration: 322 ms
Round:106
IR: 0, 171, 401, 340, 102
56239 0 52 56251 0 53 56273 0 63 56274 0 62 56277 0 64 56277 0 65 56282 0 77 56285 0 78 56290 0 51 56298 0 90 56298 0 91 56298 0 92 56306 0 77 56309 0 78 56318 0 54 56333 0 77 56336 0 78 56364 0 72 56366 0 73 56368 0 71 56368 0 77 56370 0 78 56376 0 70 56398 0 53 56414 0 52 56427 0 90 56427 0 91 56427 0 92 56511 0 54 56541 0 53 56544 0 51 56660 0 53 56693 0 54 56698 0 
TIME iteration: 322 ms
Round:107
IR: 24, 193, 290, 501, 156
56738 0 51 56805 0 58 56829 0 53 56837 0 64 56837 0 65 56840 0 58 56843 0 78 56861 0 51 56861 0 54 56867 0 78 56868 0 86 56868 0 87 56868 0 90 56868 0 91 56868 0 92 56873 0 58 56876 0 73 56879 0 72 56894 0 78 56905 0 58 56928 0 78 56931 0 52 56936 0 58 56967 0 58 56978 0 86 56978 0 87 56983 0 53 56998 0 58 57001 0 51 57004 0 78 57027 0 58 57032 0 54 57057 0 58 57087 0 58 57090 0 86 57090 0 87 57100 0 53 57116 0 58 57118 0 51 57139 0 52 57145 0 58 57174 0 58 57202 0 58 57203 0 86 57203 0 87 57204 0 60 57214 0 61 57217 0 76 57219 0 51 57231 0 58 57235 0 90 57235 0 91 57235 0 
TIME iteration: 323 ms
Round:108
IR: 6, 192, 183, 280, 220
57241 0 76 57264 0 58 57268 0 76 57279 0 68 57280 0 69 57302 0 76 57319 0 51 57320 0 58 57322 0 86 57322 0 87 57329 0 53 57347 0 54 57399 0 52 57489 0 51 57524 0 53 57535 0 61 57537 0 60 57539 0 76 57559 0 68 57559 0 69 57561 0 90 57561 0 91 57561 0 92 57562 0 76 57588 0 76 57600 0 52 57608 0 54 57620 0 76 57656 0 51 57674 0 76 57686 0 53 57754 0 
TIME iteration: 323 ms
Round:109
IR: 4, 425, 168, 237, 134
57804 0 53 57807 0 52 57833 0 51 57892 0 54 57927 0 66 57927 0 67 57936 0 52 57936 0 79 57953 0 90 57953 0 91 57953 0 92 57960 0 79 57968 0 53 57987 0 79 58022 0 74 58022 0 79 58024 0 75 58036 0 54 58069 0 51 58085 0 52 58125 0 53 58174 0 54 58217 0 66 58217 0 67 58220 0 79 58223 0 51 58239 0 74 58239 0 75 58241 0 90 58241 0 91 58241 0 92 58243 0 79 58269 0 79 58293 0 
TIME iteration: 322 ms
Round:110
IR: 27, 185, 202, 273, 73
58301 0 79 58356 0 79 58361 0 54 58365 0 52 58439 0 54 58440 0 51 58469 0 53 58523 0 67 58531 0 66 58531 0 79 58532 0 54 58539 0 75 58540 0 74 58551 0 90 58551 0 91 58551 0 92 58555 0 79 58574 0 52 58581 0 79 58597 0 51 58598 0 75 58600 0 74 58614 0 79 58639 0 54 58677 0 79 58694 0 51 58694 0 52 58705 0 
TIME iteration: 322 ms
Round:111
IR: 85, 289, 196, 254, 74
58834 0 51 58841 0 52 58873 0 60 58873 0 61 58881 0 76 58892 0 53 58894 0 54 58898 0 90 58898 0 91 58898 0 92 58905 0 76 58932 0 76 58942 0 69 58945 0 68 58966 0 76 58999 0 51 59009 0 52 59079 0 53 59079 0 54 59127 0 52 59184 0 53 59212 0 51 59227 0 52 59235 0 63 59236 0 62 59244 0 77 59248 0 64 59250 0 65 59257 0 78 59261 0 90 59261 0 91 59261 0 92 59268 0 77 59281 0 78 59291 0 53 59295 0 77 59299 0 54 59308 0 78 59318 0 51 59328 0 70 59330 0 77 59337 0 72 59339 0 71 59339 0 73 59342 0 
TIME iteration: 332 ms
Round:112
IR: 33, 309, 188, 265, 119
59365 0 52 59387 0 90 59387 0 91 59387 0 92 59466 0 51 59477 0 53 59489 0 54 59536 0 52 59602 0 53 59634 0 54 59653 0 51 59718 0 52 59730 0 53 59731 0 54 59743 0 65 59744 0 64 59745 0 66 59745 0 67 59749 0 78 59754 0 79 59769 0 90 59769 0 91 59769 0 92 59773 0 78 59778 0 79 59779 0 72 59780 0 51 59782 0 73 59800 0 78 59805 0 79 59816 0 74 59819 0 75 59833 0 78 59840 0 54 59840 0 79 59847 0 53 59866 0 52 59888 0 
TIME iteration: 324 ms
Round:113
IR: 12, 168, 176, 266, 135
59900 0 78 59900 0 90 59900 0 91 59900 0 92 59968 0 53 60009 0 51 60011 0 54 60087 0 52 60130 0 51 60138 0 54 60165 0 53 60265 0 51 60272 0 60 60272 0 61 60276 0 54 60280 0 76 60285 0 67 60286 0 66 60289 0 53 60292 0 79 60302 0 90 60302 0 91 60302 0 92 60304 0 76 60316 0 79 60322 0 74 60322 0 75 60330 0 52 60331 0 76 60343 0 79 60347 0 69 60352 0 68 60365 0 76 60377 0 79 60409 0 53 60411 0 
TIME iteration: 323 ms
Round:114
IR: 13, 307, 165, 246, 51
60432 0 90 60432 0 91 60432 0 92 60453 0 52 60463 0 51 60527 0 53 60544 0 54 60578 0 52 60591 0 51 60669 0 54 60706 0 52 60717 0 51 60745 0 53 60762 0 60 60762 0 61 60764 0 62 60767 0 63 60767 0 76 60772 0 54 60774 0 77 60778 0 66 60779 0 67 60784 0 79 60788 0 90 60788 0 91 60788 0 92 60791 0 76 60797 0 69 60798 0 77 60799 0 68 60808 0 74 60808 0 75 60808 0 79 60818 0 76 60825 0 77 60835 0 79 60842 0 71 60851 0 76 60853 0 70 60857 0 52 60860 0 77 60868 0 79 60895 0 51 60904 0 90 60904 0 91 60904 0 92 60917 0 76 60929 0 54 60936 0 53 60946 0 
TIME iteration: 325 ms
Round:115
IR: 3, 172, 148, 323, 319
61069 0 52 61092 0 51 61151 0 53 61158 0 54 61195 0 52 61276 0 51 61290 0 63 61301 0 77 61302 0 53 61316 0 52 61317 0 62 61320 0 54 61324 0 77 61331 0 90 61331 0 91 61331 0 92 61343 0 71 61344 0 70 61349 0 77 61378 0 77 61412 0 52 61420 0 77 61423 0 51 61427 0 53 61430 0 
TIME iteration: 324 ms
Round:116
IR: 0, 55, 172, 197, 493
61564 0 52 61594 0 54 61594 0 59 61602 0 51 61629 0 59 61643 0 53 61643 0 63 61650 0 77 61657 0 62 61658 0 88 61658 0 89 61662 0 59 61669 0 71 61671 0 70 61673 0 77 61673 0 90 61673 0 91 61673 0 92 61687 0 52 61692 0 88 61692 0 89 61694 0 59 61699 0 77 61717 0 54 61724 0 59 61725 0 88 61725 0 89 61730 0 77 61748 0 51 61750 0 71 61755 0 59 61757 0 88 61757 0 89 61766 0 70 61778 0 77 61787 0 59 61789 0 88 61789 0 89 61818 0 59 61820 0 88 61820 0 89 61842 0 54 61848 0 59 61849 0 51 61851 0 88 61851 0 89 61867 0 53 61878 0 59 61881 0 88 61881 0 89 61908 0 59 61909 0 52 61911 0 88 61911 0 89 61937 0 51 61937 0 59 61941 0 88 61941 0 89 61957 0 60 61957 0 61 61965 0 59 61965 0 76 61970 0 88 61970 0 89 61973 0 54 61981 0 90 61981 0 91 61981 0 92 61989 0 76 61994 0 59 61999 0 88 61999 0 
TIME iteration: 324 ms
Round:117
IR: 26, 178, 202, 363, 367
62016 0 76 62023 0 68 62024 0 59 62024 0 69 62028 0 52 62028 0 88 62028 0 89 62050 0 76 62061 0 88 62061 0 89 62068 0 59 62093 0 88 62093 0 89 62099 0 51 62102 0 53 62111 0 54 62119 0 52 62142 0 88 62142 0 89 62245 0 52 62261 0 53 62266 0 51 62298 0 54 62309 0 60 62309 0 61 62312 0 76 62333 0 68 62333 0 69 62334 0 90 62334 0 91 62334 0 92 62335 0 76 62361 0 76 62393 0 76 62396 0 51 62413 0 52 62414 0 54 62424 0 53 62447 0 76 62515 0 
TIME iteration: 324 ms
Round:118
IR: 0, 116, 156, 279, 220
62548 0 52 62568 0 53 62572 0 51 62667 0 52 62686 0 62 62686 0 63 62694 0 54 62694 0 77 62712 0 90 62712 0 91 62712 0 92 62714 0 53 62718 0 77 62745 0 77 62750 0 71 62752 0 70 62779 0 77 62784 0 52 62790 0 51 62855 0 54 62861 0 53 62900 0 51 62914 0 52 62988 0 53 62992 0 62 62997 0 77 62998 0 63 63013 0 51 63016 0 70 63016 0 71 63019 0 90 63019 0 91 63019 0 92 63020 0 77 63046 0 
TIME iteration: 322 ms
Round:119
IR: 6, 327, 474, 325, 113
63077 0 77 63099 0 54 63104 0 53 63106 0 71 63128 0 77 63129 0 52 63178 0 51 63228 0 53 63233 0 52 63270 0 62 63271 0 63 63272 0 54 63274 0 77 63280 0 70 63292 0 71 63294 0 90 63294 0 91 63294 0 92 63297 0 77 63323 0 77 63335 0 70 63345 0 52 63346 0 53 63355 0 77 63398 0 54 63408 0 51 63410 0 77 63441 0 52 63498 0 53 63541 0 52 63548 0 62 63548 0 63 63551 0 77 63558 0 71 63567 0 70 63571 0 90 63571 0 91 63571 0 92 63574 0 
TIME iteration: 323 ms
Round:120
IR: 13, 331, 308, 300, 94
63600 0 77 63610 0 54 63613 0 71 63632 0 77 63642 0 70 63665 0 51 63666 0 53 63683 0 52 63686 0 77 63765 0 53 63778 0 51 63843 0 54 63878 0 52 63892 0 51 63896 0 53 63901 0 62 63901 0 63 63905 0 77 63908 0 60 63909 0 61 63910 0 64 63911 0 65 63917 0 76 63919 0 78 63926 0 71 63926 0 90 63926 0 91 63926 0 92 63928 0 77 63929 0 70 63941 0 76 63943 0 78 63954 0 77 63968 0 76 63970 0 78 63986 0 68 63986 0 77 63989 0 69 64003 0 76 64004 0 72 64005 0 78 64008 0 73 64019 0 51 64022 0 52 64042 0 77 64042 0 90 64042 0 91 64042 0 92 64072 0 53 64082 0 
TIME iteration: 323 ms
Round:121
IR: 6, 249, 276, 463, 420
64165 0 52 64182 0 51 64208 0 53 64229 0 58 64235 0 54 64265 0 58 64294 0 86 64294 0 87 64298 0 58 64325 0 52 64325 0 53 64329 0 58 64360 0 58 64388 0 54 64391 0 58 64405 0 86 64405 0 87 64416 0 51 64423 0 58 64430 0 67 64433 0 66 64441 0 79 64455 0 58 64461 0 90 64461 0 91 64461 0 92 64465 0 79 64474 0 52 64486 0 53 64486 0 58 64492 0 79 64518 0 58 64519 0 86 64519 0 87 64521 0 74 64527 0 79 64534 0 75 64549 0 58 64555 0 54 64579 0 58 64610 0 58 64624 0 52 64630 0 86 64630 0 87 64642 0 
TIME iteration: 323 ms
Round:122
IR: 137, 282, 250, 431, 151
64663 0 51 64673 0 54 64677 0 58 64687 0 53 64713 0 67 64714 0 66 64716 0 79 64734 0 75 64735 0 74 64738 0 90 64738 0 91 64738 0 92 64739 0 79 64740 0 52 64758 0 58 64761 0 86 64761 0 87 64765 0 79 64797 0 79 64822 0 75 64829 0 54 64852 0 79 64855 0 53 64909 0 51 64917 0 52 65008 0 54 65056 0 66 65056 0 67 65059 0 53 65060 0 79 65071 0 74 65081 0 90 65081 0 91 65081 0 92 65082 0 75 65084 0 79 65096 0 51 65096 0 52 65110 0 79 65138 0 74 65143 0 79 65157 0 
TIME iteration: 323 ms
Round:123
IR: 77, 181, 168, 296, 212
65208 0 79 65243 0 51 65244 0 53 65254 0 52 65339 0 54 65381 0 52 65416 0 67 65417 0 66 65421 0 79 65427 0 51 65433 0 62 65433 0 63 65434 0 75 65441 0 77 65442 0 90 65442 0 91 65442 0 92 65444 0 74 65445 0 79 65465 0 77 65471 0 79 65483 0 52 65492 0 53 65492 0 77 65504 0 79 65506 0 75 65509 0 70 65515 0 71 65517 0 54 65526 0 77 65557 0 51 65567 0 90 65567 0 91 65567 0 92 65572 0 79 65588 0 52 65663 0 53 65664 0 51 65709 0 52 65712 0 
TIME iteration: 323 ms
Round:124
IR: 81, 177, 280, 276, 122
65826 0 51 65859 0 54 65873 0 53 65945 0 51 65953 0 60 65953 0 61 65956 0 52 65961 0 76 65983 0 53 65983 0 90 65983 0 91 65983 0 92 65985 0 76 66012 0 76 66039 0 68 66040 0 69 66046 0 76 66066 0 54 66146 0 52 66151 0 53 66177 0 51 66243 0 
TIME iteration: 322 ms
Round:125
IR: 13, 142, 291, 324, 117
66262 0 52 66298 0 53 66309 0 51 66330 0 60 66330 0 61 66334 0 76 66352 0 54 66356 0 90 66356 0 91 66356 0 92 66357 0 69 66357 0 76 66358 0 68 66383 0 76 66415 0 76 66418 0 51 66444 0 52 66471 0 76 66511 0 53 66545 0 54 66596 0 51 66684 0 52 66712 0 54 66767 0 53 66771 0 66 66772 0 
TIME iteration: 322 ms
Round:126
IR: 16, 286, 221, 299, 293
66780 0 79 66784 0 51 66797 0 60 66799 0 61 66799 0 90 66799 0 91 66799 0 92 66804 0 76 66804 0 79 66825 0 68 66825 0 69 66828 0 76 66831 0 79 66844 0 74 66847 0 75 66855 0 76 66860 0 52 66866 0 79 66889 0 76 66893 0 54 66918 0 53 66921 0 90 66921 0 91 66921 0 92 66964 0 76 66975 0 51 67003 0 52 67031 0 54 67055 0 53 67129 0 51 67144 0 54 67179 0 52 67239 0 53 67279 0 51 67309 0 
TIME iteration: 322 ms
Round:127
IR: 5, 301, 218, 419, 290
67310 0 60 67316 0 76 67320 0 54 67330 0 67 67331 0 66 67337 0 79 67339 0 69 67339 0 90 67339 0 91 67339 0 92 67340 0 68 67340 0 76 67361 0 79 67367 0 76 67370 0 74 67371 0 75 67388 0 52 67388 0 79 67401 0 76 67422 0 79 67465 0 90 67465 0 91 67465 0 92 67466 0 51 67471 0 53 67478 0 54 67482 0 76 67573 0 52 67597 0 54 67647 0 51 67658 0 53 67695 0 52 67764 0 54 67795 0 
TIME iteration: 325 ms
Round:128
IR: 5, 213, 212, 365, 131
67843 0 53 67843 0 67 67854 0 66 67855 0 79 67860 0 60 67867 0 61 67870 0 76 67879 0 79 67879 0 90 67879 0 91 67879 0 92 67882 0 74 67882 0 75 67894 0 76 67896 0 69 67897 0 68 67902 0 52 67906 0 54 67906 0 79 67921 0 76 67928 0 51 67940 0 79 67955 0 76 68008 0 90 68008 0 91 68008 0 92 68019 0 54 68034 0 76 68054 0 52 68070 0 53 68090 0 51 68173 0 54 68178 0 52 68189 0 53 68292 0 51 68293 0 52 68307 0 54 68329 0 62 68330 0 63 68338 0 77 68349 0 53 68359 0 90 68359 0 91 68359 0 92 68362 0 
TIME iteration: 324 ms
Round:129
IR: 3, 203, 458, 369, 263
68389 0 77 68412 0 52 68423 0 71 68424 0 77 68425 0 70 68453 0 54 68469 0 53 68501 0 51 68540 0 52 68595 0 53 68612 0 54 68613 0 63 68617 0 77 68619 0 62 68638 0 70 68638 0 71 68640 0 77 68640 0 90 68640 0 91 68640 0 92 68654 0 51 68661 0 52 68666 0 77 68697 0 77 68746 0 77 68749 0 53 68760 0 54 68810 0 51 68845 0 
TIME iteration: 323 ms
Round:130
IR: 3, 425, 450, 275, 187
68956 0 51 68957 0 52 68981 0 63 68982 0 62 68986 0 77 68999 0 70 68999 0 71 69007 0 90 69007 0 91 69007 0 92 69010 0 77 69021 0 54 69036 0 77 69061 0 53 69069 0 77 69071 0 71 69072 0 70 69105 0 51 69130 0 77 69144 0 52 69215 0 54 69229 0 51 69251 0 52 69254 0 53 69265 0 62 69265 0 63 69268 0 77 69286 0 70 69286 0 71 69289 0 90 69289 0 91 69289 0 92 69291 0 77 69317 0 77 69322 0 54 69349 0 77 69357 0 51 69376 0 52 69378 0 70 69403 0 
TIME iteration: 322 ms
Round:131
IR: 9, 277, 325, 247, 100
69440 0 53 69502 0 51 69517 0 52 69522 0 54 69551 0 53 69555 0 63 69556 0 62 69559 0 77 69567 0 71 69578 0 70 69579 0 90 69579 0 91 69579 0 92 69582 0 77 69608 0 77 69625 0 71 69637 0 52 69640 0 77 69651 0 54 69653 0 51 69674 0 53 69695 0 77 69749 0 52 69858 0 53 69876 0 51 69886 0 54 69924 0 52 69932 0 62 69932 0 63 69937 0 77 69950 0 70 69957 0 71 69958 0 90 69958 0 91 69958 0 
TIME iteration: 323 ms
Round:132
IR: 86, 443, 293, 266, 140
69961 0 77 69988 0 77 70001 0 53 70021 0 77 70025 0 70 70056 0 51 70086 0 77 70126 0 54 70132 0 52 70155 0 53 70198 0 51 70232 0 52 70255 0 62 70256 0 63 70260 0 77 70270 0 71 70280 0 53 70280 0 70 70280 0 90 70280 0 91 70280 0 92 70284 0 77 70300 0 51 70310 0 77 70333 0 71 70343 0 77 70373 0 54 70391 0 52 70404 0 77 70421 0 53 70436 0 51 70485 0 
TIME iteration: 322 ms
Round:133
IR: 15, 160, 185, 373, 265
70521 0 53 70525 0 62 70525 0 63 70528 0 77 70536 0 70 70544 0 71 70548 0 90 70548 0 91 70548 0 92 70551 0 77 70552 0 54 70577 0 77 70593 0 70 70608 0 52 70608 0 53 70609 0 77 70623 0 71 70636 0 51 70663 0 77 70707 0 54 70718 0 53 70764 0 51 70802 0 52 70808 0 53 70827 0 64 70828 0 65 70836 0 78 70844 0 63 70846 0 62 70849 0 77 70851 0 90 70851 0 91 70851 0 92 70860 0 78 70867 0 70 70869 0 71 70870 0 54 70872 0 77 70887 0 78 70898 0 77 70908 0 51 70922 0 78 70928 0 72 70930 0 77 70937 0 53 70939 0 73 70959 0 52 70974 0 90 70974 0 91 70974 0 92 70986 0 
TIME iteration: 323 ms
Round:134
IR: 19, 249, 188, 258, 148
71029 0 54 71064 0 53 71111 0 51 71130 0 52 71216 0 54 71225 0 53 71253 0 51 71289 0 52 71361 0 53 71370 0 64 71370 0 65 71376 0 78 71393 0 54 71400 0 78 71400 0 90 71400 0 91 71400 0 92 71405 0 51 71408 0 73 71409 0 72 71427 0 78 71457 0 53 71461 0 78 71477 0 52 71519 0 54 71537 0 
TIME iteration: 323 ms
Round:135
IR: 5, 267, 477, 419, 293
71570 0 51 71642 0 53 71656 0 52 71659 0 51 71706 0 54 71716 0 61 71717 0 60 71725 0 76 71742 0 90 71742 0 91 71742 0 92 71749 0 76 71754 0 51 71776 0 76 71808 0 69 71811 0 68 71811 0 76 71861 0 51 71883 0 54 71929 0 52 71939 0 53 72005 0 51 72019 0 61 72020 0 60 72022 0 76 72042 0 69 72043 0 68 72044 0 90 72044 0 91 72044 0 92 72045 0 76 72071 0 
TIME iteration: 322 ms
Round:136
IR: 24, 210, 164, 403, 194
72081 0 53 72101 0 52 72103 0 76 72150 0 51 72156 0 76 72169 0 54 72272 0 52 72315 0 53 72345 0 51 72350 0 54 72377 0 52 72402 0 62 72402 0 63 72410 0 77 72423 0 53 72428 0 90 72428 0 91 72428 0 92 72434 0 77 72461 0 77 72475 0 71 72479 0 70 72485 0 52 72495 0 77 72519 0 51 72525 0 54 72532 0 
TIME iteration: 322 ms
Round:137
IR: 23, 216, 261, 348, 250
72619 0 52 72625 0 54 72653 0 53 72726 0 54 72727 0 63 72732 0 77 72740 0 66 72740 0 67 72749 0 79 72757 0 90 72757 0 91 72757 0 92 72760 0 77 72773 0 79 72775 0 52 72780 0 51 72798 0 77 72800 0 79 72811 0 53 72835 0 79 72838 0 75 72845 0 74 72872 0 54 72904 0 90 72904 0 91 72904 0 92 72951 0 52 72977 0 51 72978 0 53 72992 0 54 73091 0 51 73116 0 53 73130 0 
TIME iteration: 323 ms
Round:138
IR: 21, 286, 176, 232, 138
73178 0 54 73249 0 51 73261 0 53 73275 0 60 73275 0 61 73283 0 65 73283 0 76 73285 0 64 73292 0 78 73297 0 54 73305 0 90 73305 0 91 73305 0 92 73307 0 76 73316 0 78 73334 0 76 73343 0 78 73344 0 68 73344 0 69 73355 0 52 73357 0 51 73368 0 73 73368 0 76 73372 0 72 73377 0 78 73394 0 53 73437 0 90 73437 0 91 73437 0 92 73448 0 54 73500 0 51 73534 0 52 73535 0 53 73615 0 54 73645 0 52 73655 0 
TIME iteration: 324 ms
Round:139
IR: 22, 182, 186, 163, 229
73735 0 53 73750 0 52 73766 0 62 73766 0 63 73774 0 77 73776 0 51 73795 0 90 73795 0 91 73795 0 92 73798 0 77 73825 0 77 73827 0 70 73829 0 71 73831 0 54 73859 0 77 73920 0 51 73922 0 52 73946 0 54 73952 0 53 74091 0 54 74107 0 52 74122 0 53 74136 0 67 74139 0 51 74140 0 66 74147 0 79 74155 0 62 74156 0 63 74159 0 77 74164 0 90 74164 0 91 74164 0 92 74171 0 79 74181 0 70 74182 0 71 74182 0 77 74198 0 
TIME iteration: 323 ms
Round:140
IR: 1, 413, 297, 205, 164
74208 0 77 74211 0 74 74217 0 75 74233 0 79 74240 0 77 74268 0 53 74280 0 54 74287 0 52 74289 0 90 74289 0 91 74289 0 92 74295 0 77 74381 0 51 74408 0 53 74428 0 54 74455 0 52 74542 0 51 74589 0 53 74591 0 54 74669 0 51 74687 0 60 74687 0 61 74695 0 76 74714 0 52 74717 0 90 74717 0 91 74717 0 92 74719 0 
TIME iteration: 323 ms
Round:141
IR: 6, 329, 140, 214, 106
74746 0 76 74748 0 53 74754 0 54 74767 0 69 74768 0 68 74780 0 76 74854 0 51 74883 0 54 74904 0 52 74904 0 53 74996 0 54 75023 0 52 75034 0 51 75034 0 66 75034 0 67 75042 0 79 75047 0 53 75059 0 90 75059 0 91 75059 0 92 75066 0 79 75092 0 75 75093 0 79 75094 0 74 75109 0 52 75128 0 79 75186 0 53 75203 0 51 75230 0 
TIME iteration: 323 ms
Round:142
IR: 2, 325, 285, 393, 225
75261 0 54 75336 0 51 75341 0 53 75373 0 52 75397 0 63 75398 0 62 75406 0 77 75423 0 90 75423 0 91 75423 0 92 75430 0 77 75457 0 77 75466 0 70 75468 0 71 75481 0 53 75492 0 77 75500 0 54 75505 0 51 75526 0 52 75606 0 54 75631 0 53 75665 0 52 75697 0 51 75711 0 63 75713 0 62 75715 0 77 75721 0 54 75733 0 71 75734 0 70 75736 0 90 75736 0 91 75736 0 92 75738 0 77 75764 0 
TIME iteration: 323 ms
Round:143
IR: 16, 249, 306, 413, 229
75796 0 77 75808 0 52 75824 0 53 75824 0 71 75850 0 77 75913 0 53 75928 0 54 75942 0 51 75999 0 52 76059 0 53 76060 0 63 76061 0 54 76061 0 62 76065 0 77 76074 0 51 76076 0 70 76078 0 64 76078 0 65 76086 0 78 76086 0 90 76086 0 91 76086 0 92 76087 0 71 76089 0 77 76110 0 78 76115 0 77 76137 0 78 76144 0 70 76148 0 77 76171 0 78 76173 0 73 76178 0 51 76179 0 72 76183 0 53 76209 0 77 76210 0 90 76210 0 91 76210 0 92 76233 0 52 76243 0 
TIME iteration: 324 ms
Round:144
IR: 5, 435, 412, 391, 355
76353 0 51 76380 0 53 76382 0 52 76400 0 54 76463 0 51 76505 0 52 76552 0 62 76554 0 63 76559 0 77 76580 0 53 76581 0 71 76582 0 90 76582 0 91 76582 0 92 76583 0 77 76589 0 70 76599 0 51 76599 0 54 76610 0 77 76644 0 77 76682 0 52 76720 0 77 76728 0 51 76763 0 54 76808 0 53 76823 0 
TIME iteration: 323 ms
Round:145
IR: 11, 141, 341, 358, 211
76850 0 51 76893 0 54 76904 0 60 76904 0 61 76912 0 76 76929 0 90 76929 0 91 76929 0 92 76936 0 76 76940 0 53 76959 0 51 76963 0 76 76974 0 52 76988 0 68 76994 0 69 76997 0 76 77003 0 54 77059 0 53 77096 0 51 77123 0 52 77124 0 54 77214 0 51 77220 0 60 77220 0 61 77223 0 53 77223 0 76 77243 0 69 77244 0 68 77244 0 90 77244 0 91 77244 0 92 77246 0 76 77272 0 76 77304 0 76 77316 0 54 77350 0 52 77358 0 
TIME iteration: 322 ms
Round:146
IR: 4, 210, 160, 475, 416
77429 0 53 77456 0 54 77466 0 52 77485 0 58 77507 0 51 77520 0 58 77549 0 86 77549 0 87 77553 0 58 77582 0 52 77587 0 58 77620 0 58 77629 0 53 77633 0 54 77634 0 51 77651 0 58 77657 0 66 77658 0 67 77659 0 86 77659 0 87 77666 0 79 77668 0 60 77669 0 61 77674 0 76 77681 0 58 77684 0 90 77684 0 91 77684 0 92 77690 0 79 77693 0 68 77693 0 69 77698 0 76 77710 0 58 77717 0 79 77725 0 76 77738 0 58 77744 0 52 77752 0 79 77756 0 53 77758 0 76 77759 0 75 77762 0 74 77765 0 58 77770 0 86 77770 0 87 77780 0 51 77792 0 54 77792 0 58 77812 0 90 77812 0 91 77812 0 92 77819 0 58 77825 0 76 77848 0 58 77862 0 53 77876 0 58 77880 0 86 77880 0 87 77888 0 52 77901 0 54 77904 0 
TIME iteration: 323 ms
Round:147
IR: 48, 211, 199, 365, 230
77936 0 58 77944 0 51 77988 0 58 77995 0 86 77995 0 87 78029 0 52 78037 0 53 78047 0 54 78092 0 51 78153 0 53 78174 0 52 78287 0 54 78297 0 51 78306 0 67 78307 0 66 78308 0 61 78309 0 60 78314 0 79 78315 0 76 78319 0 53 78333 0 90 78333 0 91 78333 0 92 78338 0 79 78339 0 76 78346 0 68 78346 0 69 78352 0 75 78353 0 74 78365 0 79 78366 0 52 78366 0 76 78399 0 79 78400 0 76 78419 0 51 78423 0 53 78433 0 
TIME iteration: 324 ms
Round:148
IR: 60, 243, 515, 416, 57
78465 0 90 78465 0 91 78465 0 92 78478 0 52 78481 0 76 78535 0 53 78548 0 51 78552 0 54 78583 0 52 78623 0 53 78672 0 52 78707 0 51 78758 0 53 78766 0 63 78767 0 54 78782 0 64 78782 0 65 78784 0 77 78790 0 78 78803 0 90 78803 0 91 78803 0 92 78814 0 78 78816 0 77 78821 0 52 78841 0 78 78867 0 51 78871 0 77 78875 0 78 78876 0 72 78880 0 54 78881 0 73 78929 0 53 78951 0 52 78965 0 90 78965 0 91 78965 0 
TIME iteration: 323 ms
Round:149
IR: 25, 309, 464, 509, 288
78998 0 51 79002 0 54 79063 0 58 79095 0 52 79099 0 58 79102 0 51 79116 0 86 79116 0 87 79117 0 53 79133 0 58 79166 0 58 79196 0 58 79198 0 51 79225 0 58 79229 0 86 79229 0 87 79248 0 60 79249 0 61 79251 0 54 79253 0 58 79256 0 76 79273 0 53 79278 0 90 79278 0 91 79278 0 92 79280 0 76 79282 0 58 79304 0 69 79306 0 68 79307 0 76 79310 0 58 79312 0 52 79327 0 51 79339 0 58 79341 0 76 79341 0 86 79341 0 87 79367 0 58 79394 0 58 79421 0 58 79428 0 54 79448 0 58 79452 0 86 79452 0 87 79470 0 51 79475 0 58 79498 0 
TIME iteration: 323 ms
Round:150
IR: 5, 128, 314, 314, 209
79501 0 58 79531 0 52 79532 0 58 79566 0 86 79566 0 87 79574 0 51 79580 0 58 79582 0 54 79582 0 60 79582 0 61 79585 0 76 79603 0 68 79603 0 69 79607 0 90 79607 0 91 79607 0 92 79608 0 76 79624 0 53 79634 0 76 79666 0 76 79694 0 51 79720 0 76 79724 0 52 79729 0 54 79767 0 53 79845 0 54 79849 0 52 79863 0 53 79941 0 51 79955 0 64 79956 0 54 79960 0 67 79961 0 66 79969 0 79 79972 0 78 79983 0 90 79983 0 91 79983 0 92 79987 0 53 79993 0 79 79994 0 52 80004 0 78 80020 0 
TIME iteration: 323 ms
Round:151
IR: 7, 449, 229, 293, 172
80043 0 74 80044 0 75 80055 0 79 80057 0 78 80087 0 54 80139 0 90 80139 0 91 80139 0 92 80171 0 53 80209 0 51 80223 0 52 80290 0 53 80335 0 52 80336 0 51 80373 0 54 80455 0 52 80467 0 53 80474 0 51 80476 0 62 80476 0 63 80484 0 77 80500 0 61 80501 0 60 80506 0 90 80506 0 91 80506 0 92 80508 0 76 80508 0 77 80532 0 76 80535 0 77 80540 0 54 80552 0 68 80553 0 69 80559 0 
TIME iteration: 324 ms
Round:152
IR: 2, 123, 185, 501, 426
80560 0 71 80562 0 70 80564 0 52 80569 0 77 80593 0 76 80601 0 51 80630 0 90 80630 0 91 80630 0 92 80653 0 58 80690 0 58 80693 0 53 80706 0 86 80706 0 87 80725 0 58 80742 0 51 80747 0 54 80758 0 58 80789 0 58 80818 0 58 80820 0 86 80820 0 87 80846 0 58 80874 0 58 80876 0 53 80880 0 52 80901 0 58 80911 0 51 80928 0 58 80931 0 86 80931 0 87 80956 0 58 80964 0 54 80982 0 53 80984 0 58 80999 0 51 81005 0 61 81006 0 60 81011 0 76 81012 0 58 81035 0 76 81035 0 90 81035 0 91 81035 0 92 81039 0 68 81039 0 69 81040 0 58 81042 0 86 81042 0 87 81062 0 52 81062 0 76 81068 0 
TIME iteration: 325 ms
Round:153
IR: 2, 273, 252, 235, 142
81095 0 76 81096 0 58 81106 0 54 81113 0 53 81132 0 58 81154 0 86 81154 0 87 81162 0 76 81217 0 58 81222 0 52 81274 0 53 81281 0 54 81295 0 51 81300 0 86 81300 0 87 81379 0 52 81407 0 53 81415 0 51 81448 0 60 81449 0 61 81454 0 76 81458 0 54 81474 0 69 81475 0 68 81476 0 90 81476 0 91 81476 0 92 81478 0 76 81505 0 76 81510 0 52 81538 0 76 81579 0 54 81596 0 53 81605 0 
TIME iteration: 322 ms
Round:154
IR: 7, 81, 325, 270, 161
81660 0 51 81716 0 53 81717 0 52 81797 0 54 81835 0 51 81847 0 53 81850 0 52 81857 0 65 81858 0 64 81866 0 78 81884 0 63 81884 0 90 81884 0 91 81884 0 92 81890 0 78 81902 0 77 81917 0 78 81934 0 77 81949 0 72 81949 0 73 81952 0 78 81955 0 51 81989 0 52 81989 0 77 81998 0 53 82022 0 90 82022 0 91 82022 0 92 82057 0 54 82091 0 53 82145 0 
TIME iteration: 322 ms
Round:155
IR: 3, 168, 210, 396, 204
82242 0 52 82333 0 54 82336 0 53 82367 0 51 82460 0 52 82494 0 54 82501 0 51 82511 0 60 82511 0 61 82519 0 76 82523 0 53 82528 0 67 82530 0 66 82538 0 79 82540 0 64 82542 0 65 82543 0 76 82543 0 90 82543 0 91 82543 0 92 82548 0 78 82562 0 79 82570 0 76 82571 0 69 82572 0 78 82574 0 68 82589 0 72 82589 0 73 82589 0 79 82599 0 78 82604 0 76 82622 0 74 82623 0 75 82624 0 79 82633 0 78 82648 0 52 82651 0 54 82657 0 90 82657 0 91 82657 0 
TIME iteration: 324 ms
Round:156
IR: 8, 221, 183, 373, 421
82681 0 53 82761 0 52 82763 0 51 82844 0 54 82847 0 53 82873 0 51 82956 0 54 82963 0 52 82963 0 53 82992 0 51 83004 0 64 83004 0 65 83006 0 60 83006 0 61 83008 0 66 83009 0 67 83009 0 78 83011 0 76 83014 0 79 83029 0 90 83029 0 91 83029 0 92 83033 0 78 83034 0 72 83034 0 73 83035 0 76 83038 0 79 83041 0 68 83041 0 69 83043 0 75 83045 0 74 83060 0 78 83062 0 54 83062 0 76 83065 0 79 83091 0 53 83093 0 78 83095 0 76 83099 0 79 83114 0 51 83114 0 52 83146 0 90 83146 0 91 83146 0 92 83159 0 78 83161 0 76 83178 0 
TIME iteration: 325 ms
Round:157
IR: 19, 273, 333, 257, 144
83226 0 53 83260 0 51 83301 0 52 83333 0 54 83429 0 53 83431 0 52 83441 0 54 83458 0 51 83478 0 66 83479 0 67 83484 0 79 83506 0 74 83507 0 75 83507 0 90 83507 0 91 83507 0 92 83508 0 79 83535 0 79 83568 0 79 83580 0 53 83586 0 52 83588 0 51 83595 0 54 83645 0 79 83717 0 54 83724 0 
TIME iteration: 324 ms
Round:158
IR: 0, 94, 136, 276, 196
83744 0 53 83748 0 52 83812 0 54 83817 0 66 83817 0 67 83822 0 79 83833 0 74 83834 0 75 83842 0 90 83842 0 91 83842 0 92 83845 0 53 83846 0 79 83872 0 79 83879 0 51 83902 0 74 83904 0 75 83905 0 79 83923 0 52 83971 0 54 83972 0 79 83994 0 51 84011 0 53 84054 0 52 84077 0 54 84090 0 66 84090 0 67 84094 0 79 84110 0 74 84111 0 53 84112 0 75 84113 0 90 84113 0 91 84113 0 92 84117 0 79 84143 0 79 84151 0 51 84171 0 52 84175 0 79 84199 0 74 84218 0 53 84232 0 79 84259 0 
TIME iteration: 323 ms
Round:159
IR: 22, 197, 185, 375, 282
84290 0 51 84308 0 52 84382 0 53 84384 0 54 84406 0 67 84407 0 66 84411 0 79 84412 0 51 84420 0 75 84423 0 52 84431 0 90 84431 0 91 84431 0 92 84432 0 74 84435 0 79 84461 0 79 84482 0 75 84494 0 79 84514 0 53 84540 0 54 84541 0 51 84557 0 79 84590 0 52 84658 0 53 84671 0 51 84747 0 52 84754 0 54 84763 0 51 84768 0 61 84769 0 60 84777 0 76 84794 0 90 84794 0 91 84794 0 
TIME iteration: 329 ms
Round:160
IR: 120, 101, 188, 235, 297
84801 0 76 84828 0 76 84853 0 69 84856 0 53 84858 0 68 84863 0 76 84912 0 54 84922 0 52 84981 0 51 85043 0 53 85073 0 52 85105 0 54 85106 0 51 85124 0 61 85125 0 60 85128 0 76 85150 0 90 85150 0 91 85150 0 92 85151 0 69 85151 0 76 85152 0 68 85177 0 76 85206 0 53 85209 0 76 85260 0 52 85264 0 76 85275 0 54 85306 0 51 85310 0 
TIME iteration: 323 ms
Round:161
IR: 45, 296, 280, 310, 165
85386 0 52 85443 0 54 85466 0 53 85494 0 51 85499 0 64 85499 0 65 85507 0 78 85525 0 90 85525 0 91 85525 0 92 85531 0 78 85558 0 78 85585 0 54 85589 0 73 85592 0 78 85594 0 72 85626 0 52 85641 0 53 85666 0 51 85741 0 54 85777 0 52 85778 0 53 85792 0 51 85808 0 64 85810 0 65 85812 0 78 85832 0 72 85832 0 73 85833 0 90 85833 0 91 85833 0 92 85835 0 
TIME iteration: 322 ms
Round:162
IR: 3, 269, 335, 366, 431
85861 0 78 85889 0 54 85893 0 78 85901 0 52 85926 0 53 85938 0 51 85947 0 78 86016 0 54 86039 0 51 86044 0 52 86045 0 53 86131 0 54 86158 0 66 86158 0 67 86165 0 52 86167 0 79 86183 0 51 86183 0 90 86183 0 91 86183 0 92 86191 0 79 86209 0 53 86218 0 79 86241 0 74 86245 0 75 86253 0 79 86270 0 52 86353 0 54 86359 0 
TIME iteration: 322 ms
Round:163
IR: 3, 185, 321, 240, 280
86404 0 53 86464 0 54 86466 0 52 86487 0 66 86487 0 67 86490 0 79 86511 0 74 86511 0 75 86512 0 90 86512 0 91 86512 0 92 86513 0 79 86539 0 79 86560 0 51 86563 0 54 86571 0 79 86627 0 79 86629 0 53 86690 0 52 86714 0 54 86794 0 51 86823 0 52 86827 0 
TIME iteration: 323 ms
Round:164
IR: 19, 237, 171, 302, 219
86935 0 54 86941 0 51 86954 0 66 86956 0 67 86961 0 79 86965 0 52 86967 0 62 86968 0 61 86968 0 63 86969 0 60 86976 0 77 86977 0 76 86981 0 74 86982 0 75 86983 0 90 86983 0 91 86983 0 92 86985 0 79 86998 0 53 87000 0 77 87001 0 76 87012 0 79 87027 0 77 87028 0 76 87046 0 79 87051 0 69 87058 0 71 87060 0 68 87061 0 70 87062 0 77 87063 0 76 87066 0 54 87086 0 51 87088 0 52 87099 0 90 87099 0 91 87099 0 92 87126 0 53 87168 0 54 87176 0 52 87207 0 51 87282 0 53 87301 0 52 87342 0 54 87393 0 52 87394 0 51 87402 0 62 87402 0 63 87403 0 53 87407 0 77 87430 0 90 87430 0 91 87430 0 92 87431 0 77 87434 0 70 87434 0 
TIME iteration: 323 ms
Round:165
IR: 21, 208, 251, 315, 57
87458 0 77 87491 0 77 87499 0 52 87499 0 53 87510 0 54 87550 0 51 87557 0 77 87618 0 53 87647 0 52 87750 0 52 87755 0 63 87756 0 62 87760 0 77 87774 0 70 87775 0 71 87779 0 51 87781 0 90 87781 0 91 87781 0 92 87784 0 77 87786 0 54 87810 0 77 87843 0 77 87852 0 70 87854 0 71 87871 0 53 87904 0 77 87976 0 
TIME iteration: 324 ms
Round:166
IR: 2, 301, 218, 428, 152
87991 0 52 87991 0 54 88093 0 53 88106 0 52 88112 0 51 88112 0 62 88112 0 63 88116 0 77 88137 0 90 88137 0 91 88137 0 92 88139 0 70 88139 0 71 88139 0 77 88148 0 54 88165 0 77 88197 0 53 88197 0 77 88199 0 52 88253 0 77 88283 0 54 88299 0 53 88331 0 51 88360 0 52 88403 0 53 88426 0 64 88427 0 65 88431 0 54 88434 0 51 88435 0 78 88451 0 90 88451 0 91 88451 0 92 88459 0 78 88486 0 
TIME iteration: 323 ms
Round:167
IR: 39, 225, 264, 257, 42
88519 0 72 88521 0 78 88523 0 73 88527 0 51 88536 0 53 88540 0 52 88561 0 54 88676 0 54 88727 0 52 88732 0 53 88735 0 51 88775 0 64 88775 0 65 88778 0 78 88800 0 90 88800 0 91 88800 0 92 88801 0 72 88801 0 73 88801 0 78 88827 0 78 88859 0 78 88873 0 54 88897 0 51 88898 0 53 88913 0 78 88965 0 52 89036 0 
TIME iteration: 323 ms
Round:168
IR: 3, 273, 193, 290, 40
89045 0 54 89053 0 53 89177 0 51 89187 0 52 89189 0 61 89190 0 60 89196 0 53 89198 0 76 89200 0 64 89200 0 65 89205 0 78 89216 0 90 89216 0 91 89216 0 92 89222 0 76 89223 0 73 89224 0 72 89225 0 54 89229 0 78 89249 0 76 89256 0 78 89274 0 69 89283 0 68 89284 0 76 89289 0 78 89324 0 53 89330 0 51 89340 0 52 89344 0 90 89344 0 91 89344 0 92 89355 0 78 89409 0 54 89425 0 53 89443 0 52 89533 0 53 89544 0 52 89552 0 
TIME iteration: 323 ms
Round:169
IR: 5, 192, 192, 226, 109
89586 0 54 89658 0 53 89671 0 65 89672 0 64 89677 0 78 89697 0 72 89698 0 73 89701 0 78 89701 0 90 89701 0 91 89701 0 92 89723 0 54 89728 0 78 89743 0 52 89761 0 78 89828 0 78 89841 0 53 89843 0 51 89888 0 54 89910 0 52 89988 0 51 90034 0 53 90089 0 
TIME iteration: 323 ms
Round:170
IR: 18, 174, 188, 261, 122
90101 0 65 90105 0 64 90108 0 78 90119 0 51 90122 0 52 90126 0 72 90126 0 73 90127 0 60 90127 0 61 90130 0 90 90130 0 91 90130 0 92 90132 0 78 90135 0 76 90159 0 76 90159 0 78 90185 0 69 90186 0 76 90189 0 68 90192 0 78 90213 0 51 90220 0 53 90220 0 76 90228 0 54 90245 0 52 90253 0 90 90253 0 91 90253 0 92 90257 0 78 90316 0 51 90319 0 53 90370 0 52 90430 0 54 90446 0 51 90453 0 53 90580 0 53 90599 0 64 90599 0 65 90605 0 78 90606 0 52 90610 0 51 90626 0 73 90627 0 72 90628 0 90 90628 0 91 90628 0 92 90629 0 
TIME iteration: 323 ms
Round:171
IR: 3, 193, 285, 330, 143
90637 0 54 90656 0 78 90690 0 78 90732 0 54 90735 0 51 90766 0 78 90786 0 53 90788 0 52 90858 0 51 90888 0 54 90990 0 52 90993 0 51 90993 0 53 90999 0 60 90999 0 61 91006 0 76 91009 0 54 91012 0 66 91012 0 67 91021 0 79 91025 0 90 91025 0 91 91025 0 92 91030 0 76 91045 0 79 91053 0 68 91056 0 69 91057 0 76 91072 0 79 91091 0 76 91106 0 75 91107 0 79 91109 0 74 91115 0 52 91121 0 51 91138 0 54 91151 0 90 91151 0 91 91151 0 
TIME iteration: 323 ms
Round:172
IR: 24, 189, 305, 326, 130
91166 0 53 91226 0 52 91256 0 51 91272 0 54 91286 0 53 91344 0 52 91372 0 51 91449 0 52 91468 0 62 91468 0 63 91476 0 77 91481 0 53 91497 0 90 91497 0 91 91497 0 92 91500 0 51 91500 0 77 91526 0 54 91527 0 77 91561 0 77 91563 0 70 91564 0 71 91578 0 52 91651 0 53 91688 0 
TIME iteration: 324 ms
Round:173
IR: 10, 204, 164, 276, 185
91692 0 52 91725 0 51 91732 0 62 91733 0 63 91734 0 77 91752 0 71 91753 0 70 91756 0 90 91756 0 91 91756 0 92 91757 0 77 91783 0 77 91799 0 53 91802 0 52 91814 0 77 91832 0 71 91864 0 77 91873 0 51 91885 0 54 91900 0 52 91937 0 53 92035 0 51 92067 0 54 92093 0 53 92103 0 52 92113 0 62 92114 0 63 92118 0 77 92130 0 64 92130 0 65 92132 0 70 92138 0 78 92139 0 90 92139 0 91 92139 0 92 92142 0 51 92142 0 71 92142 0 77 92162 0 78 92168 0 77 92189 0 78 92201 0 77 92207 0 73 92208 0 54 92209 0 70 92209 0 72 92219 0 
TIME iteration: 323 ms
Round:174
IR: 20, 197, 270, 394, 141
92223 0 78 92259 0 52 92262 0 77 92264 0 90 92264 0 91 92264 0 92 92293 0 51 92355 0 53 92389 0 54 92409 0 52 92462 0 51 92506 0 53 92515 0 54 92558 0 52 92629 0 51 92632 0 53 92637 0 62 92641 0 54 92643 0 63 92643 0 64 92643 0 65 92646 0 77 92648 0 78 92649 0 66 92650 0 67 92658 0 79 92666 0 90 92666 0 91 92666 0 92 92670 0 77 92672 0 71 92672 0 78 92679 0 70 92679 0 72 92680 0 73 92682 0 79 92697 0 77 92699 0 78 92709 0 79 92731 0 77 92732 0 74 92732 0 75 92732 0 78 92744 0 
TIME iteration: 323 ms
Round:175
IR: 29, 319, 298, 234, 81
92751 0 52 92771 0 53 92783 0 90 92783 0 91 92783 0 92 92798 0 78 92806 0 77 92812 0 54 92834 0 51 92937 0 52 92937 0 53 92971 0 54 93020 0 51 93085 0 53 93090 0 52 93101 0 54 93138 0 66 93138 0 67 93144 0 79 93167 0 90 93167 0 91 93167 0 92 93168 0 79 93172 0 74 93174 0 75 93195 0 79 93203 0 51 93215 0 53 93229 0 79 93248 0 54 93261 0 
TIME iteration: 329 ms
Round:176
IR: 22, 297, 350, 402, 127
93363 0 52 93364 0 53 93379 0 54 93414 0 51 93535 0 52 93536 0 54 93543 0 66 93543 0 67 93547 0 79 93552 0 51 93552 0 62 93552 0 63 93560 0 77 93566 0 74 93567 0 75 93570 0 90 93570 0 91 93570 0 92 93571 0 79 93584 0 77 93597 0 53 93597 0 79 93607 0 71 93609 0 70 93611 0 77 93630 0 79 93645 0 77 93692 0 79 93697 0 52 93699 0 90 93699 0 91 93699 0 92 93711 0 51 93725 0 53 93729 0 
TIME iteration: 324 ms
Round:177
IR: 2, 106, 295, 229, 143
93852 0 53 93859 0 52 93868 0 54 93879 0 51 93998 0 54 94028 0 52 94045 0 66 94045 0 67 94049 0 53 94051 0 79 94072 0 75 94074 0 74 94075 0 79 94075 0 90 94075 0 91 94075 0 92 94099 0 51 94102 0 79 94125 0 54 94136 0 79 94156 0 52 94282 0 51 94325 0 54 94329 0 
TIME iteration: 323 ms
Round:178
IR: 5, 251, 297, 273, 267
94423 0 53 94456 0 54 94470 0 66 94470 0 67 94475 0 51 94475 0 79 94485 0 52 94493 0 75 94494 0 74 94497 0 90 94497 0 91 94497 0 92 94499 0 79 94525 0 79 94558 0 79 94574 0 54 94594 0 52 94625 0 79 94675 0 51 94687 0 54 94711 0 53 94714 0 52 94831 0 51 94856 0 52 94864 0 62 94864 0 63 94867 0 
TIME iteration: 322 ms
Round:179
IR: 5, 189, 180, 288, 138
94872 0 77 94883 0 54 94890 0 90 94890 0 91 94890 0 92 94896 0 77 94923 0 77 94935 0 71 94940 0 70 94957 0 52 94957 0 77 95015 0 51 95058 0 53 95080 0 52 95085 0 54 95146 0 62 95146 0 63 95148 0 77 95165 0 71 95166 0 70 95170 0 90 95170 0 91 95170 0 92 95171 0 77 95179 0 51 95197 0 77 95200 0 53 95205 0 52 95228 0 77 95243 0 54 95243 0 71 95253 0 70 95277 0 51 95279 0 77 95341 0 52 95383 0 54 95384 0 51 95386 0 63 95387 0 62 95389 0 
TIME iteration: 323 ms
Round:180
IR: 20, 176, 187, 433, 213
95405 0 71 95406 0 70 95409 0 90 95409 0 91 95409 0 92 95412 0 77 95417 0 53 95438 0 77 95470 0 77 95480 0 71 95485 0 70 95501 0 52 95502 0 51 95517 0 54 95523 0 77 95560 0 53 95626 0 52 95644 0 51 95645 0 62 95645 0 63 95648 0 77 95659 0 54 95662 0 53 95665 0 70 95665 0 71 95668 0 90 95668 0 91 95668 0 92 95671 0 77 95697 0 77 95729 0 77 95743 0 51 95757 0 52 95757 0 70 95759 0 71 95783 0 77 95787 0 53 95835 0 54 95896 0 52 95909 0 62 95909 0 63 95912 0 
TIME iteration: 323 ms
Round:181
IR: 20, 142, 350, 520, 246
95930 0 70 95930 0 71 95932 0 90 95932 0 91 95932 0 92 95935 0 51 95935 0 77 95961 0 77 95982 0 53 95993 0 77 96018 0 70 96019 0 71 96025 0 58 96037 0 54 96047 0 77 96054 0 52 96061 0 58 96090 0 86 96090 0 87 96094 0 58 96109 0 53 96128 0 58 96158 0 58 96178 0 51 96181 0 52 96187 0 58 96200 0 86 96200 0 87 96215 0 58 96244 0 58 96273 0 58 96302 0 58 96306 0 54 96309 0 86 96309 0 87 96312 0 53 96330 0 58 96338 0 51 96358 0 58 96365 0 52 96386 0 58 96389 0 60 96389 0 61 96397 0 76 96413 0 58 96417 0 90 96417 0 91 96417 0 92 96419 0 86 96419 0 87 96421 0 76 96440 0 58 96448 0 
TIME iteration: 323 ms
Round:182
IR: 1, 292, 289, 412, 237
96468 0 58 96478 0 51 96482 0 76 96484 0 69 96489 0 53 96489 0 68 96495 0 52 96504 0 58 96511 0 54 96532 0 86 96532 0 87 96613 0 51 96619 0 53 96660 0 52 96674 0 61 96675 0 60 96677 0 76 96695 0 54 96696 0 69 96697 0 68 96698 0 90 96698 0 91 96698 0 92 96700 0 76 96726 0 76 96758 0 76 96786 0 69 96811 0 76 96832 0 52 96832 0 54 96849 0 53 96852 0 51 96925 0 54 96951 0 52 96988 0 
TIME iteration: 323 ms
Round:183
IR: 21, 255, 296, 281, 155
97015 0 60 97015 0 61 97019 0 67 97019 0 76 97030 0 68 97037 0 53 97039 0 79 97040 0 90 97040 0 91 97040 0 92 97042 0 69 97042 0 76 97044 0 54 97058 0 52 97068 0 76 97072 0 79 97095 0 51 97095 0 68 97100 0 76 97139 0 79 97156 0 76 97187 0 54 97194 0 90 97194 0 91 97194 0 92 97204 0 52 97258 0 51 97315 0 52 97329 0 53 97411 0 54 97491 0 53 97495 0 
TIME iteration: 322 ms
Round:184
IR: 21, 437, 446, 317, 76
97542 0 52 97553 0 54 97611 0 67 97613 0 66 97619 0 79 97643 0 79 97643 0 90 97643 0 91 97643 0 92 97662 0 74 97662 0 75 97670 0 79 97674 0 52 97689 0 54 97704 0 51 97704 0 79 97766 0 53 97782 0 52 97848 0 51 97876 0 54 97896 0 52 97913 0 53 97942 0 62 97943 0 63 97951 0 77 97968 0 90 97968 0 91 97968 0 92 97975 0 77 97988 0 51 98002 0 77 98029 0 70 98035 0 71 98037 0 
TIME iteration: 323 ms
Round:185
IR: 98, 155, 175, 263, 192
98054 0 54 98079 0 53 98156 0 51 98169 0 54 98208 0 52 98264 0 51 98295 0 53 98309 0 60 98309 0 61 98317 0 76 98334 0 90 98334 0 91 98334 0 92 98341 0 76 98347 0 54 98362 0 52 98368 0 76 98377 0 69 98384 0 68 98399 0 51 98402 0 76 98465 0 52 98489 0 53 98527 0 51 98549 0 
TIME iteration: 323 ms
Round:186
IR: 33, 293, 363, 391, 473
98624 0 52 98667 0 53 98683 0 63 98684 0 62 98690 0 77 98695 0 51 98697 0 59 98699 0 60 98699 0 61 98703 0 76 98709 0 90 98709 0 91 98709 0 92 98714 0 77 98725 0 69 98726 0 76 98727 0 68 98733 0 71 98736 0 59 98737 0 70 98741 0 77 98742 0 54 98752 0 76 98755 0 52 98764 0 88 98764 0 89 98770 0 59 98775 0 77 98784 0 76 98786 0 53 98798 0 88 98798 0 89 98801 0 59 98831 0 59 98831 0 88 98831 0 89 98834 0 90 98834 0 91 98834 0 92 98840 0 76 98851 0 51 98856 0 77 98861 0 59 98863 0 88 98863 0 89 98875 0 52 98891 0 59 98892 0 54 98894 0 88 98894 0 89 98920 0 59 98924 0 88 98924 0 89 98948 0 59 98953 0 88 98953 0 89 98973 0 52 98976 0 59 98981 0 88 98981 0 89 98993 0 53 99004 0 59 99009 0 88 99009 0 89 99010 0 51 99020 0 54 99031 0 59 99037 0 88 99037 0 89 99060 0 59 99065 0 88 99065 0 89 99072 0 52 99089 0 59 99094 0 88 99094 0 
TIME iteration: 324 ms
Round:187
IR: 11, 300, 190, 258, 246
99119 0 59 99123 0 88 99123 0 89 99155 0 88 99155 0 89 99158 0 51 99162 0 59 99182 0 54 99184 0 52 99186 0 53 99186 0 88 99186 0 89 99209 0 61 99213 0 60 99217 0 76 99233 0 88 99233 0 89 99241 0 69 99241 0 76 99241 0 90 99241 0 91 99241 0 92 99242 0 68 99268 0 76 99280 0 54 99302 0 76 99326 0 51 99340 0 53 99341 0 52 99377 0 76 99409 0 54 99445 0 51 99475 0 52 99480 0 53 99550 0 54 99562 0 51 99568 0 60 99568 0 61 99573 0 76 99587 0 68 99587 0 69 99594 0 90 99594 0 91 99594 0 92 99597 0 76 99624 0 76 99630 0 
TIME iteration: 323 ms
Round:188
IR: 7, 307, 184, 262, 255
99646 0 52 99657 0 76 99660 0 69 99675 0 54 99675 0 68 99676 0 51 99722 0 76 99746 0 53 99810 0 52 99846 0 53 99864 0 51 99886 0 60 99887 0 64 99887 0 65 99888 0 61 99891 0 54 99891 0 76 99895 0 78 99909 0 90 99909 0 91 99909 0 92 99911 0 69 99912 0 68 99914 0 76 99919 0 78 99933 0 52 99940 0 76 99946 0 78 99972 0 76 99974 0 72 99980 0 78 99989 0 53 99994 0 73 100028 0 76 100038 0 90 100038 0 91 100038 0 92 100058 0 54 100061 0 52 100115 0 53 100150 0 
TIME iteration: 323 ms
Round:189
IR: 4, 325, 338, 564, 192
100219 0 52 100249 0 54 100270 0 53 100270 0 58 100305 0 58 100334 0 86 100334 0 87 100338 0 58 100368 0 58 100375 0 54 100383 0 51 100398 0 52 100398 0 58 100420 0 67 100422 0 66 100427 0 58 100430 0 79 100445 0 86 100445 0 87 100451 0 90 100451 0 91 100451 0 92 100454 0 79 100456 0 58 100472 0 53 100481 0 79 100484 0 58 100486 0 51 100512 0 58 100515 0 52 100515 0 74 100516 0 75 100516 0 79 100540 0 58 100547 0 54 100555 0 86 100555 0 87 100568 0 58 100596 0 58 100614 0 51 100624 0 58 100652 0 58 100658 0 53 100664 0 86 100664 0 87 100680 0 58 100686 0 
TIME iteration: 324 ms
Round:190
IR: 69, 361, 475, 381, 49
100709 0 58 100726 0 66 100728 0 67 100730 0 79 100749 0 58 100750 0 74 100750 0 75 100752 0 90 100752 0 91 100752 0 92 100753 0 79 100778 0 86 100778 0 87 100779 0 79 100797 0 51 100811 0 79 100824 0 53 100832 0 52 100866 0 79 100944 0 53 101018 0 54 101086 0 51 101096 0 52 101103 0 53 101168 0 65 101175 0 64 101180 0 54 101180 0 78 101199 0 90 101199 0 91 101199 0 92 101204 0 78 101225 0 
TIME iteration: 322 ms
Round:191
IR: 98, 223, 320, 424, 225
101230 0 53 101231 0 78 101246 0 72 101246 0 73 101265 0 78 101279 0 52 101366 0 51 101372 0 53 101377 0 54 101444 0 52 101505 0 53 101515 0 64 101515 0 65 101518 0 78 101521 0 51 101540 0 72 101540 0 73 101540 0 90 101540 0 91 101540 0 92 101541 0 78 101558 0 54 101567 0 78 101573 0 52 101599 0 78 101638 0 53 101650 0 51 101653 0 78 101660 0 54 101729 0 52 101742 0 
TIME iteration: 327 ms
Round:192
IR: 41, 244, 211, 399, 297
101791 0 53 101833 0 54 101845 0 52 101875 0 51 101880 0 63 101881 0 60 101881 0 61 101882 0 62 101889 0 76 101889 0 77 101901 0 53 101902 0 64 101902 0 65 101904 0 90 101904 0 91 101904 0 92 101907 0 78 101913 0 76 101913 0 77 101922 0 72 101922 0 73 101931 0 78 101940 0 76 101940 0 77 101958 0 78 101965 0 68 101969 0 69 101974 0 76 101974 0 77 101977 0 70 101982 0 71 101991 0 78 101998 0 54 101999 0 72 102008 0 73 102018 0 90 102018 0 91 102018 0 92 102027 0 53 102057 0 78 102064 0 51 102094 0 52 102152 0 53 102187 0 54 102218 0 
TIME iteration: 323 ms
Round:193
IR: 17, 364, 356, 436, 116
102326 0 53 102335 0 52 102336 0 54 102375 0 64 102377 0 65 102378 0 51 102382 0 78 102405 0 90 102405 0 91 102405 0 92 102406 0 78 102412 0 72 102412 0 73 102433 0 78 102467 0 78 102497 0 53 102542 0 78 102546 0 52 102548 0 51 102592 0 54 102710 0 53 102731 0 51 102741 0 52 102809 0 
TIME iteration: 324 ms
Round:194
IR: 9, 255, 244, 297, 162
102823 0 53 102824 0 51 102827 0 60 102827 0 61 102827 0 65 102828 0 64 102833 0 78 102835 0 76 102851 0 90 102851 0 91 102851 0 92 102854 0 73 102855 0 72 102857 0 78 102859 0 76 102880 0 52 102884 0 78 102886 0 68 102886 0 76 102887 0 69 102906 0 54 102917 0 78 102920 0 76 102946 0 51 102981 0 90 102981 0 91 102981 0 92 102984 0 78 103007 0 52 103072 0 54 103090 0 53 103091 0 51 103154 0 52 103200 0 54 103249 0 53 103269 0 
TIME iteration: 323 ms
Round:195
IR: 5, 395, 273, 310, 101
103357 0 52 103375 0 53 103385 0 54 103386 0 51 103388 0 64 103388 0 65 103393 0 60 103393 0 61 103394 0 78 103399 0 76 103405 0 66 103406 0 67 103412 0 62 103413 0 63 103415 0 79 103416 0 90 103416 0 91 103416 0 92 103418 0 78 103421 0 72 103421 0 73 103421 0 77 103423 0 76 103431 0 68 103432 0 69 103439 0 79 103445 0 77 103445 0 78 103450 0 76 103466 0 79 103470 0 51 103472 0 77 103479 0 78 103484 0 76 103491 0 71 103496 0 74 103497 0 70 103501 0 79 103503 0 75 103507 0 77 103527 0 90 103527 0 91 103527 0 92 103543 0 54 103555 0 78 103560 0 76 103577 0 51 103607 0 53 103639 0 52 103683 0 54 103702 0 51 103759 0 53 103863 0 52 103873 0 
TIME iteration: 324 ms
Round:196
IR: 20, 240, 264, 306, 56
103904 0 61 103906 0 60 103911 0 76 103912 0 54 103933 0 90 103933 0 91 103933 0 92 103935 0 76 103936 0 68 103937 0 69 103951 0 53 103962 0 76 103996 0 76 104009 0 51 104072 0 52 104072 0 54 104072 0 76 104153 0 51 104227 0 53 104270 0 54 104301 0 
TIME iteration: 324 ms
Round:197
IR: 3, 479, 544, 547, 200
104413 0 54 104418 0 66 104418 0 67 104426 0 79 104436 0 53 104441 0 51 104446 0 90 104446 0 91 104446 0 92 104450 0 79 104477 0 79 104480 0 52 104480 0 75 104484 0 74 104512 0 79 104521 0 58 104546 0 54 104559 0 58 104587 0 86 104587 0 87 104595 0 58 104618 0 53 104628 0 51 104628 0 58 104632 0 52 104659 0 58 104690 0 58 104698 0 86 104698 0 87 104721 0 58 104753 0 58 104758 0 54 104782 0 53 104783 0 58 104811 0 86 104811 0 87 104813 0 58 104818 0 67 104819 0 66 104823 0 79 104843 0 58 104845 0 90 104845 0 91 104845 0 92 104847 0 74 104847 0 75 104847 0 79 104862 0 51 104873 0 58 104874 0 79 104875 0 52 104902 0 58 104907 0 79 104922 0 86 104922 0 87 104930 0 
TIME iteration: 323 ms
Round:198
IR: 12, 666, 524, 257, 94
104962 0 58 104977 0 51 104978 0 79 104988 0 54 105013 0 58 105029 0 56 105036 0 86 105036 0 87 105054 0 52 105062 0 56 105070 0 51 105080 0 53 105092 0 56 105092 0 82 105092 0 83 105123 0 56 105125 0 54 105153 0 56 105178 0 52 105182 0 56 105189 0 51 105204 0 82 105204 0 83 105211 0 56 105237 0 53 105240 0 56 105268 0 56 105287 0 52 105296 0 56 105315 0 82 105315 0 83 105325 0 56 105335 0 51 105354 0 56 105362 0 63 105363 0 62 105371 0 77 105384 0 56 105391 0 90 105391 0 91 105391 0 92 105395 0 77 105400 0 54 105405 0 53 105413 0 56 105422 0 77 105425 0 82 105425 0 83 105439 0 52 105443 0 56 105448 0 70 105454 0 71 105457 0 
TIME iteration: 323 ms
Round:199
IR: 5, 316, 427, 561, 178
105472 0 56 105477 0 51 105511 0 56 105539 0 82 105539 0 83 105547 0 58 105563 0 53 105587 0 58 105592 0 86 105592 0 87 105601 0 51 105602 0 54 105603 0 52 105621 0 58 105652 0 58 105683 0 58 105704 0 86 105704 0 87 105713 0 58 105743 0 58 105755 0 53 105765 0 54 105772 0 58 105774 0 52 105783 0 51 105803 0 58 105814 0 86 105814 0 87 105834 0 58 105865 0 58 105896 0 58 105898 0 51 105904 0 53 105922 0 61 105923 0 60 105928 0 58 105928 0 86 105928 0 87 105931 0 76 105944 0 54 105952 0 90 105952 0 91 105952 0 92 105955 0 76 105959 0 58 105966 0 52 105982 0 76 105988 0 58 105998 0 
TIME iteration: 323 ms
