Experiment Risk
CUTOFF_IR 0
Config: ./networks/network35.conf, Protocol: ./networks/network35.pro, +100 IR
Round:0
IR: 90, 50, 158, 412, 135
292 0 52 374 0 52 386 0 54 392 0 62 393 0 63 401 0 77 409 0 51 425 0 77 433 0 90 433 0 91 433 0 92 439 0 53 452 0 77 467 0 52 487 0 
TIME iteration: 452 ms
Round:1
IR: 72, 162, 186, 253, 151
537 0 54 542 0 51 547 0 52 635 0 52 662 0 53 682 0 62 682 0 63 684 0 77 693 0 51 693 0 70 694 0 71 707 0 77 707 0 90 707 0 91 707 0 92 733 0 77 749 0 70 754 0 71 764 0 77 785 0 53 809 0 51 815 0 77 817 0 52 889 0 54 895 0 53 899 0 51 1003 0 51 1007 0 52 1010 0 60 1010 0 61 1018 0 76 1034 0 53 1035 0 90 1035 0 91 1035 0 92 1042 0 
TIME iteration: 322 ms
Round:2
IR: 102, 152, 431, 496, 148
1060 0 54 1069 0 76 1103 0 76 1113 0 69 1116 0 68 1119 0 51 1154 0 58 1161 0 52 1172 0 53 1190 0 58 1219 0 86 1219 0 87 1222 0 58 1240 0 54 1253 0 58 1256 0 51 1283 0 58 1286 0 60 1287 0 61 1288 0 76 1308 0 68 1309 0 69 1310 0 90 1310 0 91 1310 0 92 1311 0 76 1313 0 58 1330 0 86 1330 0 87 1337 0 76 1344 0 58 1345 0 53 1351 0 52 1368 0 76 1373 0 58 1382 0 51 1384 0 54 1403 0 58 1418 0 76 1434 0 58 1440 0 86 1440 0 87 1464 0 58 1493 0 58 1518 0 51 1522 0 58 1535 0 52 1551 0 58 1552 0 86 1552 0 87 1554 0 54 1556 0 53 1579 0 
TIME iteration: 323 ms
Round:3
IR: 77, 177, 311, 361, 168
1611 0 58 1660 0 58 1666 0 86 1666 0 87 1676 0 52 1694 0 51 1705 0 61 1706 0 60 1710 0 76 1726 0 68 1728 0 69 1729 0 53 1731 0 54 1732 0 90 1732 0 91 1732 0 92 1734 0 76 1760 0 76 1791 0 52 1793 0 76 1822 0 68 1846 0 51 1854 0 76 1861 0 53 1899 0 54 1949 0 53 1978 0 52 2056 0 53 2059 0 54 2062 0 64 2062 0 65 2070 0 78 2087 0 90 2087 0 91 2087 0 92 2092 0 51 2094 0 
TIME iteration: 322 ms
Round:4
IR: 67, 105, 263, 571, 372
2121 0 78 2155 0 78 2164 0 72 2177 0 53 2186 0 52 2207 0 58 2226 0 51 2245 0 58 2250 0 86 2250 0 87 2265 0 54 2279 0 58 2295 0 53 2311 0 58 2342 0 58 2362 0 86 2362 0 87 2374 0 58 2384 0 51 2397 0 54 2405 0 52 2405 0 58 2411 0 53 2435 0 58 2464 0 58 2467 0 60 2469 0 61 2472 0 86 2472 0 87 2475 0 76 2478 0 66 2488 0 67 2492 0 79 2493 0 58 2494 0 90 2494 0 91 2494 0 92 2499 0 76 2512 0 69 2516 0 79 2517 0 51 2519 0 68 2522 0 58 2526 0 76 2543 0 79 2550 0 58 2560 0 76 2577 0 75 2578 0 58 2578 0 79 2583 0 86 2583 0 87 2584 0 74 2590 0 53 2606 0 58 2620 0 90 2620 0 91 2620 0 92 2625 0 54 2634 0 58 2638 0 
TIME iteration: 324 ms
Round:5
IR: 72, 419, 195, 387, 282
2665 0 51 2665 0 58 2696 0 86 2696 0 87 2710 0 58 2734 0 52 2746 0 53 2750 0 54 2841 0 51 2846 0 52 2873 0 53 2882 0 54 2952 0 67 2955 0 66 2957 0 52 2959 0 79 2983 0 79 2983 0 90 2983 0 91 2983 0 92 2988 0 75 2989 0 74 3005 0 54 3010 0 79 3018 0 51 3039 0 53 3044 0 79 3090 0 52 3122 0 54 3164 0 
TIME iteration: 322 ms
Round:6
IR: 112, 285, 173, 250, 105
3229 0 52 3236 0 53 3282 0 51 3298 0 54 3320 0 60 3320 0 61 3327 0 76 3329 0 67 3330 0 66 3333 0 79 3346 0 90 3346 0 91 3346 0 92 3351 0 74 3351 0 75 3351 0 76 3356 0 79 3361 0 53 3373 0 68 3374 0 69 3378 0 76 3381 0 51 3382 0 79 3412 0 76 3414 0 79 3425 0 52 3453 0 54 3455 0 74 3473 0 79 3474 0 90 3474 0 91 3474 0 92 3519 0 53 3554 0 51 3595 0 52 3603 0 54 3650 0 53 3685 0 
TIME iteration: 322 ms
Round:7
IR: 60, 184, 158, 364, 387
3717 0 52 3770 0 53 3776 0 54 3807 0 64 3807 0 65 3814 0 52 3815 0 78 3823 0 62 3823 0 63 3831 0 77 3836 0 90 3836 0 91 3836 0 92 3837 0 51 3839 0 78 3855 0 77 3866 0 78 3882 0 77 3890 0 72 3891 0 73 3900 0 78 3905 0 54 3916 0 53 3916 0 77 3921 0 71 3927 0 70 3944 0 51 3958 0 52 3963 0 90 3963 0 91 3963 0 92 4025 0 54 4074 0 52 4084 0 51 4126 0 53 4200 0 54 4208 0 53 4228 0 
TIME iteration: 323 ms
Round:8
IR: 39, 115, 151, 408, 206
4287 0 51 4314 0 53 4315 0 64 4315 0 65 4320 0 78 4322 0 52 4323 0 63 4324 0 62 4329 0 77 4344 0 78 4344 0 90 4344 0 91 4344 0 92 4352 0 73 4353 0 72 4353 0 77 4360 0 71 4361 0 70 4371 0 78 4380 0 77 4381 0 54 4404 0 78 4413 0 77 4427 0 53 4467 0 52 4470 0 78 4475 0 90 4475 0 91 4475 0 92 4480 0 77 4515 0 51 4535 0 54 4558 0 53 4638 0 52 4650 0 54 4670 0 53 4738 0 51 4760 0 
TIME iteration: 322 ms
Round:9
IR: 7, 184, 282, 384, 253
4789 0 66 4789 0 67 4798 0 79 4818 0 90 4818 0 91 4818 0 92 4822 0 79 4833 0 53 4846 0 52 4849 0 79 4865 0 75 4866 0 54 4867 0 74 4884 0 79 4944 0 51 4950 0 53 4974 0 52 5033 0 54 5038 0 53 5103 0 64 5104 0 65 5111 0 78 5112 0 51 5128 0 90 5128 0 91 5128 0 92 5135 0 78 5152 0 73 5153 0 52 5153 0 72 5162 0 78 5167 0 54 5196 0 78 5220 0 53 5267 0 
TIME iteration: 322 ms
Round:10
IR: 1, 90, 162, 356, 189
5345 0 51 5345 0 53 5349 0 54 5448 0 52 5449 0 64 5455 0 78 5476 0 53 5477 0 65 5479 0 90 5479 0 91 5479 0 92 5480 0 78 5488 0 72 5488 0 73 5505 0 78 5509 0 51 5533 0 54 5534 0 78 5573 0 78 5599 0 52 5611 0 53 5628 0 51 5659 0 54 5734 0 52 5807 0 
TIME iteration: 322 ms
Round:11
IR: 13, 223, 194, 207, 237
5853 0 64 5854 0 54 5854 0 65 5855 0 51 5855 0 52 5858 0 78 5860 0 62 5861 0 63 5869 0 77 5872 0 73 5873 0 72 5879 0 90 5879 0 91 5879 0 92 5882 0 78 5893 0 77 5908 0 78 5920 0 53 5920 0 77 5940 0 70 5941 0 78 5945 0 71 5950 0 73 5951 0 54 5955 0 77 5957 0 72 5980 0 51 5994 0 52 6002 0 78 6008 0 90 6008 0 91 6008 0 92 6100 0 53 6173 0 51 6187 0 52 6229 0 53 6278 0 54 6306 0 
TIME iteration: 322 ms
Round:12
IR: 109, 229, 283, 403, 162
6365 0 51 6369 0 62 6372 0 63 6376 0 77 6400 0 77 6400 0 90 6400 0 91 6400 0 92 6407 0 70 6408 0 53 6408 0 71 6427 0 77 6431 0 52 6460 0 77 6497 0 51 6527 0 77 6539 0 53 6551 0 54 6583 0 52 6625 0 51 6676 0 53 6745 0 64 6749 0 65 6755 0 78 6773 0 90 6773 0 91 6773 0 92 6779 0 78 6796 0 54 6804 0 72 6805 0 52 6805 0 73 6806 0 78 6822 0 53 6837 0 51 6840 0 
TIME iteration: 323 ms
Round:13
IR: 73, 215, 295, 358, 147
6948 0 53 6963 0 51 7028 0 52 7039 0 54 7126 0 53 7139 0 51 7139 0 65 7140 0 64 7143 0 78 7165 0 72 7166 0 73 7166 0 78 7166 0 90 7166 0 91 7166 0 92 7172 0 54 7192 0 78 7202 0 52 7224 0 78 7263 0 53 7279 0 78 7293 0 51 7359 0 54 7376 0 53 7388 0 
TIME iteration: 322 ms
Round:14
IR: 72, 161, 223, 439, 188
7440 0 51 7511 0 52 7512 0 53 7514 0 64 7514 0 65 7519 0 78 7533 0 72 7534 0 73 7539 0 54 7540 0 90 7540 0 91 7540 0 92 7543 0 78 7552 0 51 7570 0 78 7603 0 78 7607 0 72 7623 0 73 7647 0 53 7650 0 52 7668 0 54 7668 0 78 7684 0 51 7752 0 54 7800 0 53 7801 0 52 7815 0 64 7815 0 65 7819 0 78 7837 0 72 7838 0 73 7839 0 90 7839 0 91 7839 0 92 7842 0 78 7868 0 78 7878 0 51 7900 0 78 7924 0 54 7927 0 
TIME iteration: 322 ms
Round:15
IR: 40, 179, 172, 257, 167
7956 0 78 8007 0 52 8033 0 51 8049 0 54 8159 0 51 8163 0 53 8164 0 52 8181 0 54 8194 0 60 8194 0 61 8197 0 66 8197 0 67 8202 0 76 8206 0 79 8219 0 90 8219 0 91 8219 0 92 8226 0 76 8230 0 79 8253 0 76 8257 0 79 8260 0 51 8285 0 68 8287 0 74 8287 0 76 8288 0 54 8289 0 69 8292 0 79 8295 0 75 8331 0 52 8349 0 90 8349 0 91 8349 0 92 8367 0 53 8412 0 54 8416 0 51 8470 0 
TIME iteration: 328 ms
Round:16
IR: 28, 166, 307, 472, 286
8485 0 53 8551 0 51 8566 0 54 8572 0 58 8601 0 52 8608 0 53 8609 0 58 8638 0 86 8638 0 87 8645 0 58 8678 0 51 8680 0 58 8698 0 61 8699 0 60 8704 0 76 8714 0 58 8728 0 76 8728 0 90 8728 0 91 8728 0 92 8734 0 53 8736 0 68 8736 0 69 8737 0 54 8748 0 58 8752 0 86 8752 0 87 8755 0 76 8780 0 58 8788 0 76 8800 0 52 8811 0 58 8820 0 51 8841 0 58 8855 0 76 8864 0 86 8864 0 87 8870 0 58 8895 0 54 8899 0 58 8926 0 53 8927 0 58 8955 0 58 8962 0 52 8975 0 86 8975 0 87 8984 0 
TIME iteration: 324 ms
Round:17
IR: 84, 75, 313, 431, 165
9013 0 58 9014 0 51 9051 0 58 9080 0 52 9092 0 86 9092 0 87 9128 0 54 9137 0 53 9199 0 67 9201 0 66 9208 0 79 9226 0 52 9228 0 51 9228 0 90 9228 0 91 9228 0 92 9232 0 79 9240 0 54 9259 0 79 9262 0 74 9262 0 75 9293 0 79 9317 0 53 9337 0 52 9353 0 54 9402 0 51 9455 0 52 9461 0 53 9462 0 54 9486 0 66 9486 0 67 9488 0 79 9504 0 75 9505 0 74 9510 0 90 9510 0 91 9510 0 92 9511 0 79 9537 0 
TIME iteration: 322 ms
Round:18
IR: 80, 111, 287, 496, 270
9556 0 53 9568 0 79 9576 0 75 9579 0 51 9583 0 74 9585 0 52 9614 0 58 9621 0 79 9624 0 54 9648 0 53 9656 0 58 9661 0 86 9661 0 87 9693 0 58 9725 0 54 9726 0 52 9729 0 58 9732 0 51 9739 0 66 9739 0 67 9742 0 79 9758 0 74 9758 0 75 9762 0 58 9762 0 90 9762 0 91 9762 0 92 9765 0 79 9772 0 86 9772 0 87 9791 0 79 9793 0 58 9823 0 79 9824 0 58 9835 0 53 9836 0 75 9838 0 74 9855 0 58 9865 0 51 9877 0 79 9881 0 54 9886 0 58 9886 0 86 9886 0 87 9904 0 52 9917 0 58 9947 0 58 9976 0 58 9997 0 86 9997 0 87 10005 0 58 10022 0 53 10028 0 54 10033 0 51 10034 0 58 10040 0 66 10040 0 67 10044 0 79 10062 0 58 10063 0 74 10064 0 75 10064 0 90 10064 0 91 10064 0 92 10068 0 
TIME iteration: 323 ms
Round:19
IR: 32, 213, 258, 279, 247
10093 0 58 10094 0 79 10107 0 86 10107 0 87 10127 0 79 10139 0 58 10164 0 53 10192 0 79 10195 0 51 10251 0 52 10273 0 54 10298 0 53 10357 0 51 10401 0 54 10402 0 52 10416 0 53 10440 0 67 10442 0 66 10446 0 79 10457 0 64 10457 0 65 10461 0 74 10462 0 75 10465 0 78 10467 0 90 10467 0 91 10467 0 92 10468 0 51 10470 0 79 10489 0 78 10497 0 79 10516 0 78 10530 0 79 10540 0 74 10544 0 73 10546 0 72 10550 0 78 10592 0 90 10592 0 91 10592 0 92 10597 0 
TIME iteration: 322 ms
Round:20
IR: 82, 118, 152, 213, 260
10601 0 79 10621 0 52 10637 0 53 10657 0 51 10712 0 54 10803 0 54 10822 0 53 10879 0 52 10902 0 51 10902 0 66 10915 0 79 10929 0 54 10930 0 67 10938 0 79 10941 0 90 10941 0 91 10941 0 92 10944 0 75 10953 0 74 10963 0 79 10993 0 79 10996 0 52 11023 0 53 11038 0 79 11102 0 
TIME iteration: 322 ms
Round:21
IR: 34, 205, 167, 267, 131
11171 0 52 11202 0 54 11223 0 53 11293 0 51 11353 0 53 11353 0 54 11370 0 65 11371 0 64 11378 0 78 11383 0 67 11384 0 66 11389 0 79 11397 0 51 11398 0 90 11398 0 91 11398 0 92 11402 0 78 11409 0 75 11411 0 74 11413 0 79 11429 0 73 11429 0 78 11430 0 72 11440 0 79 11448 0 52 11449 0 53 11451 0 54 11463 0 78 11474 0 79 11526 0 90 11526 0 91 11526 0 92 11554 0 53 11566 0 51 11592 0 52 11602 0 
TIME iteration: 322 ms
Round:22
IR: 20, 134, 160, 259, 154
11709 0 52 11734 0 53 11755 0 54 11818 0 51 11847 0 53 11849 0 52 11874 0 63 11876 0 62 11881 0 64 11881 0 65 11883 0 77 11886 0 78 11903 0 90 11903 0 91 11903 0 92 11907 0 77 11910 0 78 11915 0 72 11916 0 73 11923 0 54 11929 0 53 11930 0 51 11934 0 77 11937 0 78 11967 0 70 11968 0 77 11970 0 78 11973 0 71 12000 0 53 12035 0 90 12035 0 91 12035 0 92 12036 0 78 12049 0 51 12076 0 54 12095 0 53 12150 0 52 12172 0 
TIME iteration: 322 ms
Round:23
IR: 46, 240, 203, 273, 115
12226 0 54 12245 0 53 12277 0 52 12336 0 51 12367 0 53 12385 0 52 12386 0 64 12386 0 65 12389 0 54 12392 0 78 12396 0 62 12396 0 63 12401 0 77 12410 0 60 12416 0 78 12416 0 90 12416 0 91 12416 0 92 12417 0 72 12417 0 73 12425 0 77 12428 0 76 12435 0 71 12436 0 70 12443 0 78 12452 0 77 12460 0 76 12470 0 54 12477 0 78 12485 0 77 12496 0 52 12512 0 51 12515 0 76 12536 0 90 12536 0 91 12536 0 92 12543 0 53 12551 0 77 12553 0 78 12559 0 54 12614 0 52 12664 0 53 12684 0 51 12716 0 54 12719 0 
TIME iteration: 324 ms
Round:24
IR: 23, 273, 297, 285, 345
12799 0 53 12817 0 51 12886 0 54 12900 0 52 12920 0 62 12921 0 63 12927 0 53 12927 0 77 12928 0 65 12929 0 64 12931 0 67 12935 0 66 12935 0 78 12942 0 79 12950 0 90 12950 0 91 12950 0 92 12951 0 77 12953 0 70 12954 0 71 12959 0 78 12960 0 72 12961 0 73 12966 0 79 12978 0 77 12986 0 78 12993 0 79 13012 0 74 13012 0 77 13017 0 75 13020 0 78 13028 0 79 13031 0 53 13067 0 90 13067 0 91 13067 0 92 13068 0 51 13072 0 52 13088 0 54 13093 0 77 13101 0 78 13206 0 52 13222 0 51 13234 0 54 13241 0 
TIME iteration: 324 ms
Round:25
IR: 0, 76, 215, 357, 255
13363 0 52 13398 0 53 13448 0 51 13449 0 54 13467 0 63 13480 0 77 13507 0 67 13509 0 66 13509 0 90 13509 0 91 13509 0 92 13510 0 77 13514 0 79 13530 0 52 13538 0 79 13549 0 74 13550 0 75 13556 0 77 13565 0 79 13599 0 79 13621 0 51 13641 0 90 13641 0 91 13641 0 92 13659 0 54 13724 0 51 13762 0 53 13770 0 
TIME iteration: 323 ms
Round:26
IR: 97, 479, 432, 249, 132
13805 0 54 13843 0 51 13875 0 53 13919 0 52 13980 0 54 13990 0 51 14004 0 60 14005 0 61 14013 0 76 14018 0 53 14032 0 64 14032 0 65 14034 0 90 14034 0 91 14034 0 92 14037 0 76 14040 0 78 14064 0 76 14064 0 78 14084 0 52 14089 0 68 14089 0 69 14091 0 78 14095 0 72 14096 0 73 14099 0 76 14105 0 54 14118 0 51 14125 0 78 14157 0 90 14157 0 91 14157 0 92 14193 0 53 14215 0 54 14289 0 
TIME iteration: 323 ms
Round:27
IR: 52, 253, 292, 372, 118
14311 0 53 14316 0 51 14372 0 54 14433 0 51 14450 0 52 14487 0 53 14512 0 51 14512 0 54 14514 0 61 14515 0 60 14520 0 76 14532 0 64 14534 0 65 14536 0 67 14537 0 66 14538 0 78 14544 0 76 14544 0 90 14544 0 91 14544 0 92 14545 0 79 14551 0 68 14553 0 69 14562 0 78 14568 0 72 14568 0 73 14569 0 79 14571 0 76 14589 0 78 14596 0 79 14597 0 75 14598 0 74 14604 0 76 14610 0 52 14622 0 78 14628 0 51 14631 0 79 14633 0 53 14658 0 90 14658 0 91 14658 0 92 14671 0 76 14688 0 78 14732 0 52 14735 0 51 14766 0 54 14792 0 
TIME iteration: 323 ms
Round:28
IR: 24, 236, 209, 194, 146
14845 0 52 14884 0 51 14934 0 52 14952 0 54 14955 0 62 14955 0 63 14962 0 53 14963 0 77 14983 0 90 14983 0 91 14983 0 92 14987 0 77 15014 0 77 15030 0 51 15032 0 70 15032 0 71 15048 0 77 15057 0 52 15069 0 54 15137 0 51 15169 0 54 15179 0 53 15280 0 51 15287 0 52 15316 0 60 15316 0 61 15323 0 76 15342 0 90 15342 0 91 15342 0 92 15347 0 76 15366 0 69 15367 0 
TIME iteration: 323 ms
Round:29
IR: 17, 160, 128, 252, 135
15374 0 76 15381 0 53 15408 0 76 15422 0 54 15468 0 52 15469 0 51 15499 0 53 15519 0 54 15575 0 51 15621 0 52 15626 0 61 15627 0 60 15629 0 76 15645 0 68 15645 0 69 15648 0 54 15651 0 90 15651 0 91 15651 0 92 15652 0 76 15678 0 76 15690 0 53 15695 0 51 15710 0 76 15721 0 68 15722 0 69 15725 0 52 15763 0 76 15783 0 54 15873 0 53 15893 0 52 15898 0 
TIME iteration: 323 ms
Round:30
IR: 77, 169, 261, 377, 240
15945 0 60 15945 0 61 15949 0 54 15949 0 76 15969 0 68 15969 0 90 15969 0 91 15969 0 92 15970 0 69 15972 0 76 15998 0 76 16019 0 52 16030 0 76 16045 0 51 16086 0 76 16094 0 54 16160 0 53 16208 0 51 16217 0 52 16234 0 54 16317 0 51 16324 0 60 16324 0 61 16325 0 53 16329 0 76 16343 0 68 16344 0 69 16350 0 90 16350 0 91 16350 0 92 16353 0 76 16359 0 54 16380 0 76 16385 0 52 16413 0 76 16421 0 
TIME iteration: 322 ms
Round:31
IR: 30, 285, 310, 280, 181
16430 0 69 16476 0 53 16478 0 76 16507 0 54 16542 0 52 16543 0 51 16617 0 53 16626 0 54 16669 0 52 16683 0 66 16683 0 67 16692 0 79 16704 0 62 16704 0 63 16708 0 90 16708 0 91 16708 0 92 16712 0 77 16716 0 79 16736 0 54 16736 0 77 16743 0 79 16755 0 51 16763 0 77 16771 0 74 16777 0 75 16778 0 79 16787 0 71 16790 0 70 16796 0 53 16797 0 77 16831 0 90 16831 0 91 16831 0 92 16846 0 52 16911 0 53 16950 0 51 16951 0 
TIME iteration: 328 ms
Round:32
IR: 20, 183, 307, 460, 250
16984 0 52 17050 0 53 17062 0 58 17068 0 54 17078 0 52 17101 0 58 17128 0 62 17129 0 63 17129 0 86 17129 0 87 17133 0 77 17136 0 53 17136 0 58 17157 0 77 17157 0 90 17157 0 91 17157 0 92 17160 0 70 17160 0 71 17169 0 51 17170 0 58 17183 0 77 17202 0 58 17216 0 77 17224 0 52 17234 0 58 17241 0 86 17241 0 87 17265 0 53 17265 0 58 17267 0 54 17277 0 77 17296 0 58 17299 0 51 17327 0 58 17354 0 86 17354 0 87 17358 0 58 17381 0 53 17390 0 58 17398 0 52 17420 0 58 17433 0 51 17450 0 58 17464 0 86 17464 0 87 17480 0 58 17489 0 
TIME iteration: 324 ms
Round:33
IR: 58, 461, 226, 255, 308
17500 0 61 17507 0 60 17512 0 76 17514 0 58 17530 0 90 17530 0 91 17530 0 92 17536 0 76 17563 0 76 17568 0 51 17573 0 68 17575 0 58 17576 0 69 17582 0 86 17582 0 87 17597 0 76 17604 0 54 17651 0 52 17656 0 53 17777 0 52 17791 0 51 17798 0 53 17798 0 54 17932 0 51 17938 0 52 17941 0 60 17941 0 61 17946 0 76 17950 0 53 17968 0 90 17968 0 91 17968 0 92 17970 0 76 17971 0 69 17972 0 68 17997 0 
TIME iteration: 321 ms
Round:34
IR: 64, 295, 306, 314, 151
18030 0 76 18062 0 53 18080 0 54 18092 0 52 18096 0 76 18153 0 53 18164 0 51 18205 0 52 18250 0 54 18276 0 51 18317 0 60 18318 0 61 18322 0 76 18338 0 68 18338 0 69 18343 0 90 18343 0 91 18343 0 92 18346 0 76 18364 0 53 18372 0 76 18374 0 54 18388 0 52 18405 0 76 18429 0 68 18466 0 76 18498 0 51 18498 0 
TIME iteration: 321 ms
Round:35
IR: 79, 128, 190, 289, 439
18567 0 53 18583 0 54 18633 0 52 18669 0 62 18673 0 63 18679 0 77 18696 0 90 18696 0 91 18696 0 92 18698 0 51 18703 0 77 18730 0 77 18748 0 70 18752 0 71 18755 0 54 18764 0 77 18800 0 52 18823 0 53 18882 0 51 18895 0 54 18930 0 52 18972 0 62 18972 0 63 18974 0 77 18994 0 70 18994 0 71 18996 0 90 18996 0 91 18996 0 92 18997 0 77 19022 0 53 19023 0 77 19054 0 
TIME iteration: 321 ms
Round:36
IR: 96, 115, 165, 285, 107
19083 0 54 19089 0 70 19097 0 71 19102 0 52 19105 0 77 19113 0 51 19138 0 53 19210 0 54 19232 0 52 19242 0 62 19242 0 63 19245 0 77 19263 0 70 19263 0 71 19265 0 90 19265 0 91 19265 0 92 19268 0 77 19294 0 77 19302 0 51 19326 0 53 19326 0 77 19348 0 71 19354 0 70 19380 0 77 19410 0 54 19413 0 52 19452 0 51 19463 0 53 19518 0 52 19522 0 63 19523 0 62 19526 0 77 19545 0 70 19545 0 71 19546 0 90 19546 0 91 19546 0 92 19549 0 77 19566 0 54 19575 0 77 19607 0 
TIME iteration: 322 ms
Round:37
IR: 105, 182, 194, 256, 134
19662 0 77 19663 0 52 19686 0 51 19722 0 54 19775 0 52 19808 0 51 19839 0 63 19842 0 62 19844 0 77 19853 0 70 19854 0 71 19861 0 54 19865 0 90 19865 0 91 19865 0 92 19867 0 77 19873 0 53 19893 0 77 19913 0 70 19915 0 71 19925 0 77 19959 0 51 19980 0 77 19984 0 52 20014 0 54 20118 0 52 20129 0 
TIME iteration: 321 ms
Round:38
IR: 85, 178, 390, 489, 252
20142 0 53 20144 0 62 20144 0 63 20148 0 77 20165 0 70 20165 0 71 20168 0 90 20168 0 91 20168 0 92 20171 0 77 20173 0 51 20197 0 77 20229 0 77 20235 0 58 20237 0 52 20268 0 71 20272 0 58 20285 0 77 20289 0 53 20292 0 54 20299 0 86 20299 0 87 20305 0 58 20337 0 58 20347 0 51 20368 0 58 20391 0 52 20398 0 58 20409 0 86 20409 0 87 20428 0 58 20441 0 54 20457 0 58 20458 0 51 20486 0 58 20499 0 53 20505 0 52 20515 0 58 20516 0 60 20517 0 61 20520 0 86 20520 0 87 20525 0 76 20542 0 90 20542 0 91 20542 0 92 20544 0 58 20549 0 76 20573 0 58 20574 0 54 20576 0 76 20600 0 58 20604 0 68 20605 0 69 20611 0 76 20628 0 58 20631 0 86 20631 0 87 20634 0 51 20640 0 53 20656 0 
TIME iteration: 322 ms
Round:39
IR: 97, 193, 181, 353, 415
20674 0 54 20686 0 58 20728 0 58 20730 0 52 20742 0 86 20742 0 87 20781 0 53 20802 0 51 20825 0 52 20851 0 60 20851 0 61 20854 0 76 20876 0 68 20876 0 90 20876 0 91 20876 0 92 20877 0 69 20877 0 76 20883 0 54 20903 0 76 20922 0 51 20927 0 53 20935 0 76 20981 0 52 20989 0 76 21029 0 54 21033 0 51 21067 0 53 21078 0 52 21157 0 54 21184 0 52 21195 0 63 21196 0 
TIME iteration: 323 ms
Round:40
IR: 94, 330, 261, 312, 166
21203 0 77 21221 0 90 21221 0 91 21221 0 92 21227 0 77 21250 0 54 21254 0 77 21255 0 70 21261 0 71 21288 0 77 21292 0 51 21308 0 53 21347 0 52 21356 0 54 21448 0 52 21462 0 51 21484 0 62 21485 0 63 21487 0 77 21503 0 70 21504 0 71 21506 0 53 21508 0 90 21508 0 91 21508 0 92 21510 0 77 21523 0 54 21536 0 77 21568 0 77 21580 0 70 21585 0 71 21621 0 52 21621 0 77 21634 0 54 21646 0 51 21667 0 
TIME iteration: 322 ms
Round:41
IR: 91, 171, 188, 246, 454
21799 0 54 21833 0 51 21842 0 52 21848 0 59 21865 0 62 21866 0 63 21870 0 77 21879 0 67 21880 0 66 21884 0 59 21888 0 79 21891 0 90 21891 0 91 21891 0 92 21894 0 77 21895 0 70 21895 0 71 21911 0 53 21912 0 79 21913 0 88 21913 0 89 21920 0 77 21921 0 59 21939 0 79 21946 0 88 21946 0 89 21953 0 77 21954 0 59 21969 0 51 21974 0 79 21976 0 75 21978 0 88 21978 0 89 21981 0 74 21985 0 59 22009 0 88 22009 0 89 22014 0 54 22014 0 77 22017 0 59 22017 0 90 22017 0 91 22017 0 92 22039 0 88 22039 0 89 22047 0 59 22069 0 88 22069 0 89 22078 0 59 22085 0 52 22099 0 88 22099 0 89 22109 0 59 22128 0 88 22128 0 89 22139 0 59 22145 0 53 22157 0 88 22157 0 89 22169 0 59 22177 0 51 22186 0 88 22186 0 89 22199 0 59 22212 0 54 22214 0 88 22214 0 89 22228 0 59 22242 0 88 22242 0 89 22257 0 
TIME iteration: 323 ms
Round:42
IR: 83, 207, 174, 235, 139
22267 0 53 22270 0 88 22270 0 89 22275 0 52 22292 0 59 22299 0 88 22299 0 89 22333 0 51 22334 0 88 22334 0 89 22401 0 88 22401 0 89 22414 0 52 22473 0 51 22476 0 53 22478 0 60 22478 0 61 22486 0 76 22492 0 64 22494 0 65 22501 0 78 22509 0 90 22509 0 91 22509 0 92 22510 0 76 22525 0 78 22537 0 76 22539 0 52 22543 0 54 22552 0 78 22557 0 68 22561 0 69 22571 0 76 22586 0 78 22596 0 72 22600 0 73 22604 0 51 22639 0 90 22639 0 91 22639 0 92 22651 0 52 22705 0 53 22732 0 54 22749 0 52 22766 0 
TIME iteration: 323 ms
Round:43
IR: 110, 204, 223, 346, 264
22828 0 53 22882 0 54 22892 0 51 22972 0 53 22994 0 65 22995 0 64 22998 0 52 23000 0 78 23021 0 51 23024 0 78 23024 0 90 23024 0 91 23024 0 92 23032 0 72 23032 0 73 23035 0 54 23051 0 78 23084 0 78 23151 0 78 23172 0 52 23172 0 53 23201 0 51 23205 0 54 23298 0 
TIME iteration: 322 ms
Round:44
IR: 70, 252, 307, 356, 122
23349 0 64 23353 0 65 23356 0 78 23358 0 51 23371 0 72 23371 0 73 23377 0 90 23377 0 91 23377 0 92 23380 0 78 23393 0 52 23406 0 78 23428 0 53 23439 0 78 23449 0 73 23460 0 72 23463 0 54 23501 0 78 23503 0 51 23529 0 53 23565 0 65 23566 0 64 23568 0 52 23568 0 78 23581 0 54 23583 0 72 23583 0 73 23588 0 90 23588 0 91 23588 0 92 23591 0 78 23617 0 78 23638 0 51 23648 0 78 23650 0 72 23655 0 73 23670 0 54 23676 0 53 23699 0 78 23773 0 52 23787 0 51 23846 0 
TIME iteration: 322 ms
Round:45
IR: 77, 357, 289, 308, 269
23903 0 53 23904 0 52 23933 0 64 23935 0 51 23935 0 65 23938 0 78 23959 0 90 23959 0 91 23959 0 92 23961 0 72 23961 0 78 23962 0 73 23965 0 54 23987 0 78 24019 0 78 24029 0 52 24056 0 53 24075 0 78 24081 0 51 24131 0 54 24161 0 52 24214 0 51 24273 0 53 24275 0 54 24328 0 51 24329 0 67 24331 0 66 24332 0 60 24332 0 61 24335 0 52 24339 0 79 24340 0 76 24354 0 90 24354 0 91 24354 0 92 24363 0 79 24364 0 
TIME iteration: 322 ms
Round:46
IR: 68, 324, 184, 352, 181
24380 0 54 24390 0 79 24391 0 76 24414 0 69 24417 0 68 24425 0 76 24425 0 79 24427 0 53 24427 0 75 24428 0 74 24484 0 90 24484 0 91 24484 0 92 24518 0 51 24523 0 53 24552 0 54 24612 0 52 24664 0 53 24680 0 54 24700 0 51 24748 0 52 24787 0 53 24822 0 64 24823 0 65 24830 0 78 24835 0 51 24852 0 90 24852 0 91 24852 0 92 24854 0 78 24873 0 72 24875 0 73 24881 0 78 24900 0 52 24909 0 
TIME iteration: 323 ms
Round:47
IR: 40, 321, 268, 226, 141
24915 0 78 24963 0 51 24974 0 54 25057 0 52 25061 0 53 25111 0 51 25143 0 54 25209 0 53 25218 0 64 25218 0 65 25222 0 78 25243 0 73 25244 0 72 25244 0 90 25244 0 91 25244 0 92 25245 0 78 25262 0 52 25266 0 51 25271 0 78 25272 0 54 25303 0 78 25336 0 53 25359 0 78 25402 0 54 25436 0 
TIME iteration: 327 ms
Round:48
IR: 76, 147, 201, 268, 291
25447 0 51 25476 0 52 25549 0 54 25590 0 52 25594 0 67 25595 0 66 25603 0 79 25619 0 53 25620 0 90 25620 0 91 25620 0 92 25625 0 51 25627 0 79 25654 0 79 25667 0 74 25670 0 75 25689 0 79 25698 0 54 25735 0 52 25783 0 53 25836 0 51 25868 0 54 25895 0 53 25922 0 52 25938 0 66 25940 0 67 25943 0 79 25960 0 64 25960 0 65 25963 0 74 25963 0 75 25964 0 90 25964 0 91 25964 0 92 25966 0 79 25967 0 
TIME iteration: 322 ms
Round:49
IR: 88, 63, 278, 366, 129
25991 0 78 25992 0 79 26002 0 54 26004 0 72 26004 0 73 26008 0 51 26018 0 78 26024 0 79 26045 0 53 26052 0 78 26083 0 79 26087 0 90 26087 0 91 26087 0 92 26102 0 52 26148 0 54 26193 0 51 26194 0 53 26277 0 54 26332 0 53 26343 0 52 26360 0 51 26441 0 53 26447 0 54 26449 0 65 26450 0 64 26455 0 78 26475 0 67 26477 0 66 26479 0 78 26479 0 90 26479 0 91 26479 0 92 26480 0 72 26480 0 73 26483 0 
TIME iteration: 322 ms
Round:50
IR: 80, 248, 297, 432, 323
26506 0 78 26507 0 74 26507 0 75 26507 0 79 26516 0 52 26519 0 51 26534 0 79 26539 0 78 26563 0 54 26568 0 79 26575 0 53 26602 0 90 26602 0 91 26602 0 92 26606 0 78 26679 0 51 26700 0 54 26745 0 53 26759 0 52 26801 0 51 26822 0 54 26880 0 53 26901 0 51 26923 0 60 26923 0 61 26931 0 76 26941 0 52 26952 0 90 26952 0 91 26952 0 92 26955 0 76 26974 0 54 26982 0 76 27012 0 53 27012 0 69 27016 0 76 27028 0 
TIME iteration: 322 ms
Round:51
IR: 84, 165, 194, 249, 122
27043 0 51 27091 0 52 27145 0 53 27163 0 51 27171 0 54 27199 0 60 27199 0 61 27201 0 76 27220 0 69 27221 0 68 27223 0 90 27223 0 91 27223 0 92 27224 0 76 27250 0 76 27281 0 76 27306 0 51 27332 0 76 27353 0 52 27371 0 54 27454 0 53 27475 0 52 27503 0 54 27541 0 
TIME iteration: 322 ms
Round:52
IR: 90, 320, 308, 305, 129
27619 0 54 27623 0 66 27623 0 67 27632 0 79 27635 0 53 27650 0 90 27650 0 91 27650 0 92 27656 0 79 27661 0 52 27663 0 51 27683 0 79 27690 0 75 27693 0 74 27718 0 79 27776 0 53 27844 0 51 27847 0 52 27874 0 54 27889 0 53 27979 0 52 27983 0 54 27990 0 51 28005 0 66 28006 0 67 28010 0 79 28012 0 53 28015 0 64 28015 0 65 28023 0 78 28026 0 63 28029 0 62 28031 0 74 28031 0 90 28031 0 91 28031 0 92 28033 0 75 28033 0 79 28036 0 77 28047 0 78 28059 0 79 28060 0 77 28074 0 78 28084 0 52 28087 0 
TIME iteration: 322 ms
Round:53
IR: 39, 270, 263, 422, 227
28091 0 79 28094 0 72 28094 0 73 28108 0 78 28109 0 53 28114 0 71 28122 0 77 28124 0 51 28125 0 70 28145 0 90 28145 0 91 28145 0 92 28148 0 54 28152 0 79 28239 0 53 28249 0 52 28257 0 51 28302 0 54 28399 0 52 28413 0 51 28474 0 53 28508 0 54 28521 0 52 28528 0 62 28529 0 63 28532 0 51 28534 0 77 28540 0 60 28540 0 61 28548 0 76 28558 0 77 28558 0 90 28558 0 91 28558 0 92 28565 0 70 28566 0 71 28572 0 76 28585 0 77 28592 0 53 28599 0 76 28609 0 69 28611 0 68 28613 0 52 28618 0 54 28618 0 
TIME iteration: 323 ms
Round:54
IR: 9, 157, 216, 345, 238
28633 0 76 28665 0 51 28685 0 77 28688 0 90 28688 0 91 28688 0 92 28729 0 54 28788 0 52 28820 0 51 28896 0 54 28957 0 53 28973 0 52 29017 0 51 29069 0 54 29105 0 67 29106 0 66 29109 0 53 29114 0 79 29134 0 52 29136 0 90 29136 0 91 29136 0 92 29138 0 
TIME iteration: 322 ms
Round:55
IR: 2, 136, 158, 357, 259
29150 0 51 29165 0 79 29166 0 75 29167 0 74 29200 0 79 29204 0 54 29270 0 53 29313 0 52 29315 0 54 29324 0 51 29458 0 53 29483 0 51 29509 0 52 29513 0 54 29523 0 66 29523 0 67 29528 0 79 29529 0 60 29531 0 61 29538 0 76 29550 0 75 29550 0 90 29550 0 91 29550 0 92 29552 0 74 29552 0 79 29562 0 76 29579 0 79 29589 0 76 29592 0 68 29592 0 69 29612 0 79 29623 0 76 29653 0 53 29659 0 51 29676 0 
TIME iteration: 323 ms
Round:56
IR: 11, 182, 154, 265, 160
29680 0 90 29680 0 91 29680 0 92 29687 0 79 29688 0 54 29775 0 53 29808 0 52 29821 0 51 29902 0 54 29919 0 53 29953 0 51 29962 0 52 30038 0 54 30068 0 51 30070 0 60 30070 0 61 30076 0 76 30086 0 66 30090 0 67 30095 0 79 30100 0 76 30100 0 90 30100 0 91 30100 0 92 30107 0 69 30108 0 68 30119 0 79 30121 0 75 30122 0 74 30124 0 52 30127 0 76 30146 0 79 30154 0 54 30161 0 76 30167 0 53 30180 0 
TIME iteration: 322 ms
Round:57
IR: 10, 321, 210, 238, 260
30212 0 51 30227 0 90 30227 0 91 30227 0 92 30237 0 76 30256 0 52 30283 0 54 30292 0 53 30376 0 51 30400 0 52 30414 0 54 30506 0 51 30528 0 53 30562 0 52 30563 0 54 30590 0 67 30591 0 66 30596 0 79 30610 0 63 30612 0 62 30619 0 77 30620 0 79 30620 0 90 30620 0 91 30620 0 92 30622 0 74 30622 0 75 30643 0 77 30647 0 79 30661 0 53 30670 0 77 30680 0 79 30693 0 51 30698 0 70 30700 0 71 30704 0 77 30711 0 
TIME iteration: 322 ms
Round:58
IR: 5, 158, 166, 249, 285
30746 0 90 30746 0 91 30746 0 92 30753 0 79 30798 0 51 30810 0 53 30834 0 52 30869 0 54 30907 0 51 30936 0 53 31035 0 53 31045 0 52 31049 0 54 31061 0 64 31061 0 65 31069 0 78 31090 0 90 31090 0 91 31090 0 92 31093 0 78 31120 0 78 31133 0 51 31144 0 53 31154 0 73 31154 0 78 31155 0 72 31182 0 54 31218 0 
TIME iteration: 323 ms
Round:59
IR: 6, 162, 172, 222, 146
31276 0 53 31309 0 51 31321 0 54 31345 0 64 31347 0 65 31348 0 78 31368 0 72 31368 0 73 31370 0 90 31370 0 91 31370 0 92 31371 0 78 31386 0 52 31397 0 78 31428 0 78 31429 0 53 31479 0 78 31501 0 54 31520 0 51 31572 0 52 31590 0 53 31657 0 54 31684 0 51 31706 0 52 31752 0 62 31753 0 63 31758 0 53 31760 0 77 31773 0 64 31773 0 65 31778 0 78 31779 0 90 31779 0 91 31779 0 92 31784 0 77 31796 0 72 31796 0 73 31798 0 
TIME iteration: 322 ms
Round:60
IR: 7, 270, 236, 351, 240
31802 0 78 31811 0 77 31821 0 70 31821 0 71 31829 0 78 31845 0 77 31859 0 53 31862 0 78 31866 0 51 31889 0 52 31903 0 90 31903 0 91 31903 0 92 31910 0 54 31928 0 78 31976 0 53 31992 0 51 32055 0 52 32081 0 54 32095 0 53 32149 0 51 32150 0 52 32216 0 54 32219 0 53 32236 0 64 32237 0 65 32240 0 63 32242 0 78 32248 0 62 32249 0 77 32251 0 52 32261 0 73 32262 0 72 32264 0 90 32264 0 91 32264 0 92 32266 0 78 32273 0 77 32278 0 70 32279 0 71 32291 0 51 32293 0 78 32299 0 77 32319 0 54 32326 0 
TIME iteration: 322 ms
Round:61
IR: 27, 190, 163, 254, 198
32332 0 77 32387 0 52 32393 0 78 32394 0 77 32394 0 90 32394 0 91 32394 0 92 32410 0 51 32415 0 53 32512 0 54 32527 0 52 32563 0 51 32591 0 53 32613 0 54 32683 0 52 32741 0 54 32752 0 66 32752 0 67 32761 0 79 32770 0 51 32775 0 53 32782 0 90 32782 0 91 32782 0 92 32785 0 79 32803 0 52 32812 0 79 32844 0 75 32845 0 74 32847 0 
TIME iteration: 323 ms
Round:62
IR: 2, 176, 162, 259, 254
32916 0 54 32927 0 53 32944 0 51 32963 0 52 33099 0 52 33100 0 51 33128 0 53 33143 0 62 33143 0 63 33151 0 77 33169 0 90 33169 0 91 33169 0 92 33175 0 77 33179 0 54 33198 0 70 33199 0 71 33202 0 77 33236 0 77 33255 0 52 33272 0 53 33284 0 51 33372 0 
TIME iteration: 323 ms
Round:63
IR: 6, 181, 184, 389, 268
33416 0 51 33443 0 53 33446 0 52 33548 0 51 33557 0 60 33557 0 61 33565 0 76 33566 0 54 33584 0 90 33584 0 91 33584 0 92 33587 0 53 33589 0 76 33616 0 76 33650 0 76 33656 0 68 33657 0 69 33675 0 51 33701 0 53 33733 0 54 33740 0 52 33834 0 53 33847 0 51 33879 0 54 33883 0 61 33884 0 60 33886 0 76 33895 0 52 33908 0 68 33908 0 90 33908 0 91 33908 0 92 33909 0 69 33909 0 
TIME iteration: 326 ms
Round:64
IR: 65, 99, 163, 290, 155
33935 0 76 33967 0 76 33990 0 53 33995 0 54 34020 0 76 34022 0 51 34050 0 52 34090 0 53 34135 0 54 34152 0 51 34194 0 52 34211 0 53 34228 0 64 34229 0 65 34237 0 78 34253 0 90 34253 0 91 34253 0 92 34261 0 78 34288 0 78 34293 0 54 34304 0 51 34311 0 73 34313 0 53 34315 0 72 34323 0 78 34337 0 52 34404 0 54 34433 0 
TIME iteration: 322 ms
Round:65
IR: 47, 437, 215, 278, 124
34467 0 53 34530 0 64 34532 0 65 34533 0 78 34537 0 54 34553 0 72 34553 0 73 34555 0 90 34555 0 91 34555 0 92 34556 0 78 34574 0 51 34577 0 52 34582 0 78 34589 0 53 34613 0 78 34664 0 78 34678 0 51 34735 0 52 34736 0 53 34754 0 54 34842 0 51 34913 0 61 34919 0 60 34924 0 76 34934 0 53 34936 0 52 34942 0 90 34942 0 91 34942 0 92 34948 0 76 34973 0 69 34975 0 68 34975 0 76 34976 0 
TIME iteration: 323 ms
Round:66
IR: 11, 307, 295, 234, 151
35009 0 76 35036 0 53 35039 0 51 35138 0 54 35153 0 52 35192 0 53 35220 0 51 35277 0 54 35288 0 52 35305 0 60 35312 0 61 35313 0 76 35315 0 67 35316 0 66 35324 0 79 35335 0 68 35335 0 69 35335 0 90 35335 0 91 35335 0 92 35337 0 76 35343 0 53 35348 0 79 35363 0 76 35375 0 79 35376 0 51 35396 0 76 35403 0 75 35410 0 79 35412 0 74 35428 0 52 35444 0 54 35457 0 76 35465 0 90 35465 0 91 35465 0 92 35485 0 51 35504 0 
TIME iteration: 322 ms
Round:67
IR: 60, 201, 144, 279, 17
35601 0 54 35628 0 53 35630 0 52 35634 0 51 35716 0 54 35783 0 51 35792 0 52 35832 0 60 35833 0 61 35839 0 76 35854 0 53 35862 0 68 35862 0 69 35862 0 90 35862 0 91 35862 0 92 35863 0 76 35890 0 76 35895 0 54 35916 0 51 35924 0 76 36005 0 
TIME iteration: 322 ms
Round:68
IR: 88, 326, 293, 252, 180
36040 0 52 36043 0 54 36098 0 53 36099 0 51 36215 0 52 36228 0 51 36234 0 53 36240 0 60 36241 0 61 36246 0 76 36254 0 54 36263 0 68 36263 0 69 36267 0 90 36267 0 91 36267 0 92 36270 0 76 36297 0 76 36330 0 76 36346 0 54 36369 0 52 36374 0 53 36379 0 51 36397 0 76 36510 0 53 36537 0 
TIME iteration: 321 ms
Round:69
IR: 23, 199, 203, 286, 61
36613 0 51 36617 0 54 36658 0 53 36660 0 52 36667 0 64 36667 0 65 36670 0 62 36671 0 63 36675 0 78 36679 0 77 36692 0 90 36692 0 91 36692 0 92 36699 0 78 36703 0 77 36726 0 78 36730 0 77 36751 0 73 36757 0 72 36760 0 78 36761 0 71 36765 0 77 36777 0 53 36777 0 70 36787 0 51 36819 0 54 36822 0 90 36822 0 91 36822 0 92 36824 0 52 36896 0 53 37008 0 51 37008 0 53 37060 0 52 37077 0 
TIME iteration: 322 ms
Round:70
IR: 68, 227, 227, 307, 233
37129 0 51 37156 0 53 37173 0 65 37174 0 64 37179 0 78 37203 0 78 37203 0 90 37203 0 91 37203 0 92 37208 0 73 37210 0 72 37225 0 54 37228 0 52 37230 0 78 37263 0 78 37306 0 53 37312 0 51 37330 0 78 37395 0 52 37399 0 54 37457 0 53 37480 0 51 37511 0 54 37549 0 64 37552 0 67 37553 0 66 37559 0 78 37561 0 79 37575 0 90 37575 0 91 37575 0 92 37585 0 79 37589 0 78 37600 0 53 37612 0 79 37619 0 51 37624 0 
TIME iteration: 322 ms
Round:71
IR: 53, 233, 224, 312, 369
37632 0 78 37641 0 75 37644 0 74 37647 0 79 37729 0 90 37729 0 91 37729 0 92 37732 0 51 37746 0 54 37752 0 52 37806 0 53 37904 0 54 37932 0 51 37933 0 52 37994 0 53 38009 0 54 38051 0 52 38054 0 66 38055 0 67 38060 0 79 38084 0 79 38084 0 90 38084 0 91 38084 0 92 38091 0 74 38091 0 75 38111 0 79 38115 0 51 38144 0 79 38156 0 
TIME iteration: 322 ms
Round:72
IR: 81, 349, 353, 420, 174
38167 0 52 38204 0 53 38225 0 79 38239 0 51 38268 0 52 38334 0 53 38349 0 51 38384 0 54 38394 0 61 38396 0 60 38399 0 52 38403 0 76 38412 0 62 38412 0 63 38420 0 77 38420 0 90 38420 0 91 38420 0 92 38427 0 76 38444 0 77 38445 0 51 38454 0 76 38471 0 77 38484 0 69 38485 0 68 38488 0 76 38496 0 70 38498 0 71 38505 0 77 38516 0 53 38534 0 51 38544 0 90 38544 0 91 38544 0 92 38554 0 52 38560 0 54 38662 0 51 38679 0 52 38686 0 
TIME iteration: 323 ms
Round:73
IR: 33, 248, 223, 295, 166
38767 0 53 38825 0 51 38827 0 54 38884 0 52 38902 0 66 38905 0 67 38912 0 53 38912 0 79 38933 0 90 38933 0 91 38933 0 92 38936 0 79 38954 0 75 38956 0 74 38963 0 79 38973 0 54 38985 0 51 38998 0 79 39036 0 53 39051 0 52 39105 0 51 39160 0 54 39202 0 
TIME iteration: 323 ms
Round:74
IR: 78, 214, 225, 385, 278
39220 0 53 39229 0 51 39258 0 60 39260 0 61 39266 0 76 39285 0 90 39285 0 91 39285 0 92 39290 0 76 39316 0 69 39317 0 76 39318 0 68 39328 0 53 39336 0 51 39351 0 76 39374 0 52 39418 0 53 39421 0 54 39455 0 51 39466 0 52 39569 0 54 39581 0 53 39622 0 64 39623 0 65 39631 0 78 39633 0 52 39648 0 90 39648 0 91 39648 0 92 39655 0 78 39681 0 51 39682 0 78 39714 0 73 39715 0 72 39717 0 78 39720 0 
TIME iteration: 322 ms
Round:75
IR: 71, 319, 406, 480, 450
39803 0 53 39804 0 52 39814 0 51 39854 0 58 39892 0 58 39920 0 86 39920 0 87 39922 0 51 39926 0 58 39946 0 53 39959 0 58 39964 0 60 39965 0 54 39965 0 61 39969 0 52 39971 0 76 39989 0 90 39989 0 91 39989 0 92 39991 0 58 39995 0 76 40010 0 68 40013 0 69 40021 0 58 40022 0 76 40030 0 86 40030 0 87 40049 0 53 40051 0 58 40056 0 76 40080 0 58 40089 0 52 40110 0 58 40125 0 54 40137 0 76 40139 0 58 40142 0 86 40142 0 87 40165 0 51 40168 0 53 40169 0 58 40198 0 58 40227 0 58 40254 0 86 40254 0 87 40256 0 58 40260 0 52 40278 0 
TIME iteration: 322 ms
Round:76
IR: 41, 236, 211, 434, 374
40285 0 58 40320 0 51 40323 0 58 40333 0 53 40361 0 61 40362 0 60 40367 0 76 40374 0 86 40374 0 87 40387 0 68 40387 0 69 40388 0 90 40388 0 91 40388 0 92 40391 0 76 40418 0 76 40424 0 52 40447 0 54 40451 0 76 40518 0 76 40519 0 53 40536 0 51 40604 0 54 40616 0 52 40621 0 53 40690 0 51 40739 0 52 40754 0 61 40757 0 60 40760 0 76 40776 0 68 40776 0 69 40782 0 90 40782 0 91 40782 0 92 40784 0 76 40796 0 
TIME iteration: 322 ms
Round:77
IR: 15, 546, 390, 244, 204
40810 0 76 40812 0 53 40843 0 76 40866 0 69 40874 0 68 40904 0 76 40906 0 56 40909 0 52 40921 0 51 40944 0 56 40970 0 53 40972 0 82 40972 0 83 40978 0 56 41009 0 56 41014 0 54 41040 0 56 41069 0 56 41072 0 52 41082 0 82 41082 0 83 41094 0 51 41098 0 56 41109 0 53 41127 0 56 41155 0 56 41182 0 56 41191 0 82 41191 0 83 41209 0 56 41211 0 51 41215 0 54 41236 0 56 41237 0 52 41245 0 62 41246 0 63 41254 0 77 41260 0 53 41263 0 56 41273 0 90 41273 0 91 41273 0 92 41278 0 77 41290 0 56 41300 0 82 41300 0 83 41305 0 77 41317 0 56 41335 0 
TIME iteration: 322 ms
Round:78
IR: 128, 424, 430, 550, 318
41340 0 77 41344 0 56 41346 0 70 41369 0 54 41373 0 51 41376 0 56 41384 0 53 41396 0 52 41415 0 82 41415 0 83 41428 0 56 41433 0 58 41468 0 58 41470 0 53 41486 0 86 41486 0 87 41500 0 58 41503 0 51 41531 0 58 41555 0 54 41562 0 58 41582 0 52 41593 0 58 41598 0 86 41598 0 87 41616 0 53 41624 0 58 41648 0 51 41654 0 58 41684 0 58 41711 0 86 41711 0 87 41715 0 58 41724 0 54 41734 0 52 41746 0 58 41759 0 53 41778 0 58 41784 0 66 41784 0 67 41793 0 79 41809 0 58 41813 0 51 41813 0 90 41813 0 91 41813 0 92 41817 0 79 41821 0 86 41821 0 87 41839 0 58 41844 0 79 41868 0 
TIME iteration: 322 ms
Round:79
IR: 142, 618, 372, 256, 266
41873 0 75 41879 0 79 41882 0 74 41899 0 52 41904 0 58 41912 0 54 41921 0 51 41921 0 53 41935 0 86 41935 0 87 41955 0 56 41992 0 56 41995 0 82 41995 0 83 42027 0 56 42060 0 53 42062 0 56 42079 0 51 42094 0 52 42094 0 56 42103 0 54 42106 0 82 42106 0 83 42126 0 56 42156 0 56 42186 0 56 42194 0 53 42202 0 51 42215 0 56 42218 0 82 42218 0 83 42228 0 52 42229 0 54 42244 0 56 42271 0 56 42287 0 51 42298 0 56 42326 0 56 42329 0 82 42329 0 83 42354 0 54 42354 0 56 42374 0 51 42384 0 
TIME iteration: 324 ms
Round:80
IR: 78, 404, 209, 286, 330
42416 0 56 42431 0 53 42441 0 82 42441 0 83 42444 0 52 42455 0 62 42456 0 63 42464 0 77 42468 0 56 42487 0 90 42487 0 91 42487 0 92 42488 0 77 42515 0 77 42526 0 70 42527 0 71 42550 0 77 42569 0 54 42582 0 52 42611 0 51 42658 0 53 42769 0 52 42778 0 54 42787 0 51 42822 0 53 42827 0 62 42828 0 63 42831 0 77 42853 0 71 42854 0 77 42854 0 90 42854 0 91 42854 0 92 42855 0 70 42880 0 77 42912 0 77 42921 0 
TIME iteration: 322 ms
Round:81
IR: 2, 213, 207, 238, 217
42953 0 52 42954 0 53 42967 0 77 42976 0 51 43039 0 54 43094 0 52 43103 0 53 43164 0 51 43164 0 54 43187 0 66 43187 0 67 43196 0 79 43212 0 90 43212 0 91 43212 0 92 43220 0 79 43244 0 53 43247 0 79 43263 0 75 43264 0 74 43282 0 79 43303 0 51 43310 0 52 43332 0 54 43367 0 53 43428 0 
TIME iteration: 321 ms
Round:82
IR: 96, 307, 307, 243, 121
43495 0 54 43508 0 53 43517 0 52 43533 0 66 43534 0 67 43537 0 79 43553 0 64 43553 0 65 43558 0 74 43558 0 75 43559 0 90 43559 0 91 43559 0 92 43560 0 79 43561 0 51 43561 0 78 43585 0 78 43586 0 79 43612 0 78 43618 0 79 43640 0 53 43646 0 78 43648 0 73 43653 0 72 43663 0 54 43675 0 52 43675 0 79 43682 0 90 43682 0 91 43682 0 92 43756 0 51 43792 0 54 43843 0 53 43849 0 52 43890 0 51 43912 0 54 43982 0 
TIME iteration: 322 ms
Round:83
IR: 44, 282, 366, 328, 145
44023 0 51 44047 0 61 44048 0 60 44049 0 52 44056 0 76 44063 0 64 44063 0 65 44068 0 78 44077 0 90 44077 0 91 44077 0 92 44080 0 76 44092 0 78 44094 0 54 44100 0 73 44102 0 72 44107 0 76 44114 0 53 44119 0 78 44141 0 69 44142 0 76 44145 0 68 44152 0 78 44185 0 52 44205 0 90 44205 0 91 44205 0 92 44207 0 54 44218 0 78 44264 0 51 44277 0 52 44278 0 53 44327 0 54 44397 0 53 44485 0 54 44507 0 
TIME iteration: 323 ms
Round:84
IR: 65, 448, 224, 386, 152
44524 0 53 44533 0 52 44545 0 64 44546 0 65 44551 0 78 44575 0 72 44575 0 73 44575 0 78 44575 0 90 44575 0 91 44575 0 92 44602 0 78 44622 0 54 44635 0 78 44663 0 53 44683 0 51 44702 0 78 44742 0 52 44826 0 51 44848 0 54 44852 0 53 44975 0 52 44987 0 54 45013 0 67 45014 0 66 45022 0 79 45041 0 90 45041 0 91 45041 0 92 45046 0 
TIME iteration: 323 ms
Round:85
IR: 4, 174, 197, 258, 157
45050 0 51 45050 0 53 45073 0 79 45088 0 75 45091 0 74 45108 0 79 45122 0 54 45223 0 51 45236 0 54 45262 0 52 45265 0 53 45293 0 66 45296 0 67 45297 0 79 45315 0 74 45315 0 75 45318 0 90 45318 0 91 45318 0 92 45320 0 79 45346 0 79 45378 0 79 45384 0 52 45397 0 74 45404 0 75 45414 0 54 45422 0 53 45433 0 79 45476 0 51 45538 0 
TIME iteration: 322 ms
Round:86
IR: 69, 338, 194, 255, 119
45581 0 54 45585 0 51 45600 0 67 45601 0 66 45604 0 79 45614 0 53 45624 0 74 45624 0 75 45625 0 90 45625 0 91 45625 0 92 45627 0 79 45653 0 79 45685 0 79 45710 0 54 45720 0 51 45742 0 79 45754 0 52 45778 0 53 45855 0 52 45863 0 54 45877 0 51 45933 0 53 45992 0 52 46000 0 62 46000 0 63 46008 0 77 46026 0 90 46026 0 91 46026 0 92 46032 0 77 46044 0 54 46059 0 77 46091 0 70 46093 0 77 46095 0 71 46096 0 53 46100 0 52 46102 0 
TIME iteration: 322 ms
Round:87
IR: 9, 278, 322, 556, 373
46211 0 58 46231 0 51 46233 0 54 46249 0 58 46271 0 52 46277 0 86 46277 0 87 46286 0 58 46320 0 58 46340 0 51 46342 0 53 46353 0 58 46361 0 60 46361 0 61 46369 0 76 46383 0 58 46386 0 90 46386 0 91 46386 0 92 46389 0 86 46389 0 87 46393 0 76 46410 0 52 46412 0 58 46420 0 76 46425 0 54 46441 0 58 46449 0 68 46451 0 69 46454 0 76 46469 0 58 46495 0 51 46498 0 58 46501 0 86 46501 0 87 46527 0 58 46552 0 53 46556 0 58 46582 0 54 46584 0 58 46603 0 52 46611 0 58 46613 0 86 46613 0 87 46638 0 
TIME iteration: 323 ms
Round:88
IR: 10, 237, 191, 430, 235
46670 0 58 46688 0 51 46715 0 52 46721 0 58 46726 0 60 46726 0 61 46727 0 86 46727 0 87 46729 0 76 46751 0 90 46751 0 91 46751 0 92 46752 0 76 46753 0 68 46754 0 69 46778 0 76 46792 0 53 46810 0 76 46844 0 54 46855 0 52 46864 0 76 46892 0 51 46921 0 53 46986 0 52 46996 0 54 47058 0 53 47067 0 51 47104 0 52 47122 0 63 47123 0 62 47126 0 64 47130 0 65 47130 0 77 47134 0 61 47136 0 60 47136 0 78 47137 0 54 47140 0 76 47148 0 90 47148 0 91 47148 0 92 47154 0 77 47157 0 68 47157 0 69 47160 0 78 47164 0 
TIME iteration: 322 ms
Round:89
IR: 93, 243, 144, 258, 137
47181 0 77 47187 0 78 47189 0 71 47191 0 70 47191 0 76 47215 0 77 47216 0 72 47221 0 78 47223 0 73 47224 0 76 47228 0 53 47255 0 51 47264 0 90 47264 0 91 47264 0 92 47286 0 54 47289 0 76 47290 0 52 47400 0 51 47404 0 52 47424 0 53 47462 0 54 47557 0 53 47588 0 52 47622 0 54 47650 0 64 47651 0 62 47651 0 63 47657 0 77 47658 0 51 47661 0 78 47671 0 67 47674 0 66 47677 0 90 47677 0 91 47677 0 92 47681 0 77 47682 0 79 47687 0 70 47688 0 71 47691 0 
TIME iteration: 323 ms
Round:90
IR: 72, 363, 170, 258, 59
47706 0 79 47708 0 77 47713 0 53 47733 0 79 47735 0 78 47742 0 77 47754 0 75 47763 0 74 47768 0 79 47784 0 52 47795 0 90 47795 0 91 47795 0 92 47818 0 77 47830 0 51 47834 0 54 47916 0 53 47957 0 51 47977 0 54 48042 0 52 48063 0 51 48111 0 60 48111 0 61 48119 0 76 48136 0 53 48139 0 90 48139 0 91 48139 0 92 48143 0 76 48167 0 69 48168 0 68 48170 0 76 48201 0 54 48204 0 76 48206 0 51 48218 0 
TIME iteration: 324 ms
Round:91
IR: 0, 124, 201, 379, 239
48297 0 53 48336 0 51 48405 0 52 48475 0 54 48484 0 53 48512 0 51 48520 0 60 48520 0 61 48524 0 76 48536 0 52 48547 0 76 48547 0 90 48547 0 91 48547 0 92 48548 0 68 48548 0 69 48573 0 76 48599 0 53 48605 0 76 48621 0 54 48647 0 51 48661 0 76 48731 0 53 48743 0 54 48755 0 
TIME iteration: 323 ms
Round:92
IR: 2, 95, 367, 356, 113
48849 0 51 48878 0 53 48886 0 54 48904 0 52 48905 0 65 48906 0 64 48906 0 67 48907 0 66 48914 0 78 48915 0 79 48929 0 90 48929 0 91 48929 0 92 48938 0 78 48939 0 79 48965 0 78 48966 0 79 48976 0 73 48981 0 72 48981 0 75 48982 0 74 48984 0 51 49000 0 78 49001 0 79 49033 0 52 49059 0 90 49059 0 91 49059 0 92 49090 0 51 49116 0 54 49131 0 53 49177 0 51 49243 0 
TIME iteration: 321 ms
Round:93
IR: 8, 303, 415, 410, 180
49293 0 51 49297 0 52 49353 0 54 49353 0 61 49355 0 60 49362 0 76 49368 0 53 49383 0 90 49383 0 91 49383 0 92 49386 0 76 49405 0 68 49407 0 69 49413 0 76 49424 0 51 49447 0 76 49496 0 53 49502 0 52 49564 0 51 49605 0 54 49645 0 52 49689 0 51 49694 0 53 49701 0 60 49702 0 61 49705 0 76 49723 0 68 49723 0 69 49727 0 90 49727 0 91 49727 0 92 49728 0 76 49754 0 76 49786 0 76 49796 0 52 49816 0 51 49817 0 
TIME iteration: 322 ms
Round:94
IR: 65, 199, 293, 336, 197
49841 0 76 49848 0 53 49942 0 52 49944 0 54 49981 0 53 49993 0 51 50143 0 53 50150 0 65 50153 0 64 50157 0 54 50160 0 78 50179 0 90 50179 0 91 50179 0 92 50184 0 78 50199 0 52 50211 0 78 50221 0 72 50222 0 73 50246 0 78 50266 0 51 50294 0 53 50343 0 
TIME iteration: 321 ms
Round:95
IR: 45, 191, 195, 257, 247
50381 0 52 50396 0 51 50460 0 53 50476 0 54 50502 0 64 50503 0 65 50506 0 78 50527 0 72 50527 0 73 50528 0 90 50528 0 91 50528 0 92 50529 0 78 50540 0 52 50546 0 51 50555 0 78 50587 0 78 50623 0 54 50628 0 53 50642 0 78 50668 0 51 50694 0 52 50775 0 54 50776 0 53 50784 0 51 50841 0 60 50843 0 61 50850 0 76 50867 0 90 50867 0 91 50867 0 92 50874 0 
TIME iteration: 322 ms
Round:96
IR: 30, 327, 204, 255, 253
50901 0 76 50906 0 68 50909 0 69 50918 0 53 50928 0 54 50930 0 52 50935 0 76 50990 0 51 51075 0 52 51079 0 54 51083 0 53 51127 0 51 51172 0 60 51174 0 61 51176 0 76 51196 0 68 51196 0 69 51198 0 90 51198 0 91 51198 0 92 51199 0 76 51225 0 76 51227 0 53 51250 0 54 51257 0 76 51279 0 52 51311 0 76 51394 0 
TIME iteration: 322 ms
Round:97
IR: 43, 296, 214, 261, 190
51425 0 51 51499 0 54 51522 0 53 51535 0 52 51559 0 64 51560 0 65 51567 0 78 51570 0 51 51585 0 90 51585 0 91 51585 0 92 51591 0 78 51618 0 78 51622 0 72 51622 0 73 51647 0 54 51652 0 78 51662 0 53 51707 0 51 51718 0 52 51782 0 54 51792 0 51 51871 0 52 51872 0 51 51877 0 60 51877 0 61 51884 0 76 51901 0 90 51901 0 91 51901 0 92 51908 0 76 51915 0 53 51917 0 68 51919 0 69 51935 0 
TIME iteration: 322 ms
Round:98
IR: 16, 336, 258, 223, 257
51953 0 54 51969 0 76 51988 0 51 51999 0 52 52069 0 53 52081 0 52 52110 0 54 52147 0 51 52188 0 52 52198 0 63 52199 0 62 52207 0 77 52219 0 61 52223 0 90 52223 0 91 52223 0 92 52225 0 76 52231 0 77 52239 0 53 52254 0 76 52258 0 77 52293 0 77 52294 0 76 52297 0 70 52300 0 54 52301 0 71 52302 0 52 52324 0 53 52348 0 51 52362 0 90 52362 0 91 52362 0 92 52419 0 52 52437 0 54 52444 0 53 52468 0 
TIME iteration: 323 ms
Round:99
IR: 98, 488, 417, 320, 117
52572 0 53 52575 0 52 52623 0 51 52627 0 54 52699 0 53 52714 0 64 52714 0 65 52722 0 78 52744 0 90 52744 0 91 52744 0 92 52746 0 78 52773 0 78 52781 0 72 52784 0 73 52801 0 54 52807 0 78 52811 0 51 52832 0 52 52898 0 53 52931 0 54 52948 0 
TIME iteration: 322 ms
Round:100
IR: 52, 393, 418, 289, 171
53033 0 54 53059 0 66 53059 0 67 53066 0 51 53068 0 79 53071 0 52 53078 0 53 53084 0 90 53084 0 91 53084 0 92 53092 0 79 53119 0 79 53149 0 74 53154 0 79 53155 0 75 53187 0 51 53210 0 54 53241 0 52 53254 0 53 53339 0 51 53344 0 54 53370 0 66 53371 0 67 53373 0 79 53394 0 53 53394 0 74 53395 0 75 53395 0 90 53395 0 91 53395 0 92 53396 0 79 53422 0 79 53423 0 52 53439 0 51 53454 0 79 53510 0 
TIME iteration: 322 ms
Round:101
IR: 35, 512, 292, 307, 98
53572 0 53 53574 0 52 53603 0 54 53612 0 51 53625 0 56 53662 0 56 53691 0 82 53691 0 83 53698 0 56 53723 0 51 53735 0 56 53769 0 56 53791 0 53 53799 0 52 53802 0 56 53805 0 82 53805 0 83 53833 0 56 53853 0 62 53854 0 63 53856 0 51 53862 0 77 53865 0 56 53881 0 90 53881 0 91 53881 0 92 53886 0 77 53897 0 54 53897 0 56 53913 0 77 53917 0 82 53917 0 83 53929 0 56 53935 0 70 53936 0 53 53941 0 71 53948 0 77 53960 0 56 53963 0 52 53991 0 56 54021 0 56 54027 0 82 54027 0 83 54051 0 56 54052 0 
TIME iteration: 322 ms
Round:102
IR: 0, 309, 369, 591, 370
54086 0 56 54092 0 51 54139 0 53 54144 0 52 54153 0 82 54153 0 83 54154 0 58 54160 0 56 54195 0 58 54206 0 62 54207 0 63 54210 0 77 54223 0 86 54223 0 87 54232 0 58 54232 0 70 54232 0 90 54232 0 91 54232 0 92 54233 0 71 54233 0 77 54239 0 51 54259 0 77 54268 0 58 54276 0 53 54284 0 54 54291 0 77 54303 0 52 54303 0 58 54333 0 51 54336 0 58 54338 0 86 54338 0 87 54346 0 77 54367 0 58 54397 0 58 54419 0 51 54427 0 58 54443 0 52 54450 0 86 54450 0 87 54458 0 58 54489 0 54 54489 0 58 54519 0 58 54550 0 58 54560 0 86 54560 0 87 54563 0 51 54573 0 60 54573 0 61 54580 0 58 54581 0 
TIME iteration: 322 ms
Round:103
IR: 31, 230, 204, 373, 285
54598 0 90 54598 0 91 54598 0 92 54605 0 76 54614 0 58 54632 0 53 54632 0 76 54647 0 54 54651 0 52 54666 0 76 54668 0 68 54672 0 69 54674 0 58 54679 0 86 54679 0 87 54756 0 51 54786 0 52 54812 0 54 54855 0 53 54877 0 51 54896 0 60 54896 0 61 54899 0 76 54920 0 69 54921 0 68 54921 0 90 54921 0 91 54921 0 92 54922 0 76 54938 0 54 54948 0 76 54949 0 52 54980 0 76 54983 0 51 55034 0 76 55047 0 53 55057 0 54 55075 0 
TIME iteration: 322 ms
Round:104
IR: 87, 238, 211, 240, 147
55155 0 51 55161 0 54 55178 0 52 55219 0 67 55220 0 66 55226 0 63 55228 0 53 55228 0 79 55229 0 62 55235 0 77 55244 0 90 55244 0 91 55244 0 92 55252 0 79 55259 0 77 55279 0 79 55284 0 70 55286 0 77 55288 0 71 55306 0 74 55306 0 75 55314 0 79 55317 0 51 55320 0 77 55339 0 52 55347 0 54 55371 0 90 55371 0 91 55371 0 92 55452 0 54 55457 0 53 55468 0 52 55472 0 51 55561 0 53 55595 0 54 55612 0 
TIME iteration: 322 ms
Round:105
IR: 19, 354, 308, 420, 121
55690 0 53 55703 0 52 55711 0 65 55712 0 64 55720 0 78 55726 0 51 55738 0 61 55739 0 60 55741 0 90 55741 0 91 55741 0 92 55744 0 78 55746 0 76 55750 0 54 55770 0 76 55771 0 78 55788 0 68 55789 0 69 55797 0 76 55804 0 73 55806 0 78 55810 0 72 55826 0 53 55831 0 76 55862 0 52 55864 0 90 55864 0 91 55864 0 92 55867 0 51 55894 0 54 55961 0 53 56003 0 52 56013 0 51 56054 0 54 56082 0 53 56156 0 
TIME iteration: 322 ms
Round:106
IR: 7, 239, 435, 523, 266
56181 0 54 56217 0 51 56224 0 66 56225 0 67 56233 0 79 56242 0 53 56253 0 64 56253 0 65 56254 0 90 56254 0 91 56254 0 92 56257 0 79 56259 0 78 56268 0 52 56269 0 58 56283 0 78 56284 0 79 56285 0 75 56288 0 74 56292 0 73 56293 0 72 56303 0 58 56310 0 78 56319 0 79 56327 0 86 56327 0 87 56335 0 58 56344 0 78 56367 0 58 56370 0 51 56377 0 90 56377 0 91 56377 0 92 56395 0 54 56398 0 58 56420 0 53 56420 0 78 56428 0 58 56437 0 86 56437 0 87 56446 0 52 56457 0 58 56487 0 58 56519 0 58 56533 0 51 56536 0 53 56549 0 58 56550 0 86 56550 0 87 56579 0 58 56584 0 54 56608 0 58 56637 0 58 56641 0 52 56647 0 51 56662 0 86 56662 0 87 56665 0 58 56694 0 
TIME iteration: 323 ms
Round:107
IR: 21, 369, 259, 518, 230
56722 0 58 56746 0 61 56750 0 58 56757 0 60 56760 0 76 56773 0 86 56773 0 87 56778 0 58 56782 0 90 56782 0 91 56782 0 92 56784 0 52 56784 0 54 56784 0 76 56805 0 58 56806 0 51 56811 0 76 56813 0 68 56815 0 69 56831 0 53 56832 0 58 56845 0 76 56860 0 58 56884 0 86 56884 0 87 56888 0 58 56915 0 58 56942 0 58 56952 0 52 56967 0 53 56969 0 58 56974 0 54 56988 0 51 56996 0 58 56996 0 86 56996 0 87 57022 0 58 57048 0 58 57075 0 58 57099 0 52 57101 0 53 57101 0 58 57106 0 86 57106 0 87 57128 0 54 57128 0 58 57155 0 58 57182 0 58 57188 0 67 57189 0 66 57197 0 79 57210 0 58 57216 0 86 57216 0 87 57216 0 90 57216 0 91 57216 0 92 57217 0 53 57221 0 52 57221 0 79 57222 0 51 57237 0 
TIME iteration: 324 ms
Round:108
IR: 44, 419, 381, 235, 191
57248 0 75 57248 0 79 57249 0 74 57268 0 58 57283 0 79 57316 0 58 57322 0 54 57327 0 86 57327 0 87 57440 0 52 57451 0 53 57486 0 54 57516 0 51 57549 0 67 57552 0 66 57554 0 79 57575 0 74 57575 0 75 57576 0 90 57576 0 91 57576 0 92 57577 0 79 57583 0 54 57603 0 79 57628 0 53 57635 0 79 57692 0 79 57707 0 51 57714 0 52 57726 0 
TIME iteration: 322 ms
Round:109
IR: 45, 422, 391, 347, 153
57878 0 53 57893 0 51 57914 0 54 57924 0 52 57951 0 66 57954 0 67 57958 0 79 57973 0 75 57974 0 74 57979 0 90 57979 0 91 57979 0 92 57982 0 79 58009 0 79 58010 0 51 58027 0 53 58039 0 52 58042 0 79 58062 0 54 58066 0 74 58071 0 75 58113 0 79 58154 0 52 58159 0 53 58181 0 51 58260 0 52 58260 0 54 58282 0 67 58283 0 62 58283 0 63 58283 0 66 58287 0 79 58291 0 
TIME iteration: 322 ms
Round:110
IR: 6, 414, 264, 274, 290
58300 0 51 58305 0 90 58305 0 91 58305 0 92 58308 0 74 58308 0 75 58311 0 79 58315 0 77 58320 0 53 58338 0 79 58342 0 77 58371 0 79 58373 0 52 58374 0 70 58376 0 77 58378 0 71 58434 0 90 58434 0 91 58434 0 92 58441 0 51 58442 0 53 58444 0 79 58497 0 52 58533 0 54 58568 0 51 58630 0 53 58651 0 52 58669 0 51 58683 0 54 58763 0 60 58769 0 61 58774 0 76 58789 0 52 58795 0 90 58795 0 91 58795 0 92 58798 0 76 58799 0 53 58825 0 
TIME iteration: 322 ms
Round:111
IR: 3, 264, 217, 388, 400
58837 0 51 58851 0 68 58854 0 69 58859 0 76 58903 0 52 58921 0 54 58992 0 53 59020 0 52 59026 0 51 59039 0 54 59171 0 54 59174 0 51 59175 0 52 59180 0 60 59180 0 63 59180 0 67 59181 0 61 59181 0 62 59181 0 66 59185 0 76 59188 0 77 59189 0 79 59203 0 90 59203 0 91 59203 0 92 59209 0 76 59211 0 68 59211 0 69 59212 0 77 59213 0 79 59222 0 53 59234 0 75 59235 0 74 59235 0 76 59238 0 70 59239 0 77 59240 0 79 59243 0 71 59268 0 76 59273 0 77 59275 0 79 59305 0 54 59309 0 52 59320 0 90 59320 0 91 59320 0 92 59329 0 76 59337 0 
TIME iteration: 325 ms
Round:112
IR: 21, 375, 300, 288, 294
59406 0 53 59428 0 52 59428 0 54 59473 0 51 59595 0 54 59606 0 52 59611 0 53 59749 0 51 59750 0 53 59756 0 52 59763 0 62 59763 0 63 59768 0 64 59768 0 65 59769 0 77 59776 0 78 59778 0 54 59788 0 66 59788 0 67 59791 0 90 59791 0 91 59791 0 92 59793 0 77 59795 0 79 59800 0 78 59803 0 70 59803 0 71 59819 0 79 59820 0 77 59827 0 75 59827 0 78 59829 0 74 59846 0 79 59854 0 77 59860 0 73 59861 0 78 59877 0 72 59880 0 
TIME iteration: 324 ms
Round:113
IR: 3, 499, 447, 252, 425
59898 0 53 59906 0 90 59906 0 91 59906 0 92 59926 0 52 59930 0 77 59937 0 51 60023 0 53 60057 0 52 60071 0 54 60092 0 51 60207 0 52 60214 0 54 60217 0 53 60267 0 62 60267 0 63 60273 0 77 60278 0 51 60296 0 90 60296 0 91 60296 0 92 60297 0 77 60298 0 71 60300 0 70 60324 0 77 60348 0 52 60358 0 77 60385 0 
TIME iteration: 323 ms
Round:114
IR: 1, 347, 325, 256, 227
60426 0 53 60434 0 77 60447 0 54 60541 0 51 60598 0 53 60602 0 52 60674 0 54 60693 0 51 60704 0 60 60704 0 61 60712 0 76 60731 0 90 60731 0 91 60731 0 92 60736 0 76 60738 0 52 60763 0 76 60780 0 68 60783 0 69 60797 0 76 60833 0 54 60839 0 53 60844 0 51 60895 0 
TIME iteration: 321 ms
Round:115
IR: 99, 221, 165, 207, 219
60983 0 53 61027 0 51 61046 0 54 61067 0 60 61069 0 61 61071 0 76 61093 0 68 61094 0 52 61094 0 69 61094 0 76 61094 0 90 61094 0 91 61094 0 92 61120 0 76 61152 0 76 61167 0 53 61206 0 54 61206 0 76 61224 0 51 61245 0 52 61285 0 53 61365 0 52 61395 0 53 61403 0 54 61416 0 64 61416 0 65 61424 0 78 61441 0 90 61441 0 91 61441 0 92 61448 0 78 61459 0 52 61475 0 
TIME iteration: 322 ms
Round:116
IR: 52, 296, 305, 407, 210
61501 0 72 61503 0 73 61509 0 78 61514 0 54 61523 0 51 61554 0 53 61574 0 52 61699 0 51 61705 0 53 61713 0 54 61717 0 52 61738 0 64 61738 0 65 61741 0 78 61761 0 72 61762 0 73 61763 0 90 61763 0 91 61763 0 92 61764 0 78 61790 0 78 61822 0 78 61835 0 52 61858 0 53 61876 0 78 61914 0 54 61959 0 52 61971 0 51 61972 0 
TIME iteration: 323 ms
Round:117
IR: 250, 520, 330, 335, 305
62055 0 54 62079 0 52 62096 0 63 62097 0 62 62099 0 56 62105 0 77 62107 0 51 62122 0 90 62122 0 91 62122 0 92 62129 0 77 62134 0 56 62156 0 77 62160 0 54 62161 0 53 62163 0 82 62163 0 83 62167 0 56 62181 0 71 62182 0 70 62191 0 77 62193 0 52 62198 0 56 62227 0 56 62256 0 56 62268 0 51 62274 0 82 62274 0 83 62275 0 54 62286 0 56 62316 0 56 62330 0 52 62345 0 56 62352 0 53 62374 0 56 62376 0 51 62382 0 62 62382 0 63 62383 0 82 62383 0 83 62384 0 77 62403 0 56 62403 0 70 62403 0 71 62406 0 90 62406 0 91 62406 0 92 62407 0 77 62424 0 54 62431 0 56 62433 0 77 62437 0 52 62459 0 56 62464 0 77 62475 0 51 62487 0 56 62493 0 82 62493 0 83 62501 0 71 62515 0 56 62515 0 
TIME iteration: 322 ms
Round:118
IR: 156, 528, 323, 287, 219
62540 0 52 62540 0 53 62542 0 56 62557 0 51 62570 0 56 62592 0 54 62598 0 56 62603 0 82 62603 0 83 62625 0 56 62639 0 52 62641 0 51 62645 0 63 62646 0 62 62648 0 77 62653 0 56 62654 0 70 62666 0 71 62669 0 90 62669 0 91 62669 0 92 62671 0 77 62680 0 56 62687 0 53 62697 0 77 62707 0 56 62707 0 70 62713 0 82 62713 0 83 62729 0 77 62730 0 54 62734 0 56 62747 0 71 62761 0 56 62763 0 52 62780 0 51 62782 0 77 62788 0 56 62815 0 56 62822 0 82 62822 0 83 62842 0 56 62867 0 54 62870 0 56 62898 0 56 62917 0 52 62925 0 56 62931 0 82 62931 0 83 62939 0 62 62939 0 63 62942 0 77 62949 0 51 62952 0 56 62958 0 70 62962 0 71 62963 0 90 62963 0 91 62963 0 92 62965 0 77 62980 0 56 62991 0 77 62992 0 53 63006 0 54 63008 0 56 63023 0 77 63034 0 70 63035 0 52 63035 0 56 63041 0 82 63041 0 83 63062 0 
TIME iteration: 323 ms
Round:119
IR: 116, 289, 232, 273, 161
63077 0 77 63091 0 56 63092 0 51 63131 0 56 63144 0 52 63153 0 82 63153 0 83 63187 0 53 63199 0 62 63201 0 63 63203 0 77 63209 0 71 63220 0 70 63223 0 90 63223 0 91 63223 0 92 63226 0 77 63245 0 54 63252 0 77 63262 0 71 63284 0 77 63289 0 51 63293 0 52 63299 0 70 63338 0 77 63387 0 53 63415 0 54 63417 0 51 63423 0 52 63459 0 63 63460 0 62 63462 0 77 63477 0 71 63479 0 70 63483 0 90 63483 0 91 63483 0 92 63485 0 77 63511 0 77 63517 0 53 63543 0 77 63548 0 71 63549 0 51 63554 0 70 63570 0 54 63596 0 
TIME iteration: 322 ms
Round:120
IR: 132, 342, 195, 271, 294
63627 0 52 63655 0 53 63689 0 51 63697 0 54 63758 0 52 63771 0 62 63771 0 63 63775 0 77 63786 0 54 63793 0 71 63794 0 70 63795 0 90 63795 0 91 63795 0 92 63798 0 77 63813 0 51 63824 0 77 63856 0 77 63903 0 53 63912 0 77 63930 0 54 63959 0 51 64022 0 52 64045 0 
TIME iteration: 321 ms
Round:121
IR: 32, 176, 203, 389, 174
64137 0 67 64142 0 66 64149 0 79 64152 0 51 64158 0 52 64165 0 90 64165 0 91 64165 0 92 64173 0 79 64196 0 54 64200 0 79 64225 0 53 64231 0 75 64235 0 79 64244 0 74 64293 0 51 64326 0 54 64344 0 53 64356 0 52 64406 0 51 64448 0 54 64453 0 66 64453 0 67 64456 0 79 64477 0 75 64477 0 90 64477 0 91 64477 0 92 64478 0 74 64479 0 79 64481 0 52 64486 0 53 64505 0 79 64521 0 51 64537 0 79 64580 0 54 64592 0 79 64628 0 52 64645 0 53 64655 0 
TIME iteration: 322 ms
Round:122
IR: 30, 165, 138, 265, 36
64730 0 54 64764 0 52 64797 0 53 64808 0 66 64817 0 79 64819 0 67 64824 0 51 64829 0 63 64831 0 75 64832 0 74 64834 0 62 64839 0 90 64839 0 91 64839 0 92 64840 0 77 64840 0 79 64864 0 77 64866 0 79 64891 0 77 64893 0 71 64894 0 70 64898 0 79 64899 0 54 64902 0 75 64905 0 74 64926 0 77 64943 0 53 64954 0 79 64963 0 90 64963 0 91 64963 0 92 65011 0 51 65028 0 54 65030 0 52 65081 0 53 65116 0 
TIME iteration: 322 ms
Round:123
IR: 6, 293, 309, 230, 151
65229 0 52 65241 0 54 65246 0 51 65289 0 60 65289 0 61 65297 0 76 65302 0 53 65318 0 90 65318 0 91 65318 0 92 65321 0 76 65348 0 76 65359 0 52 65382 0 76 65388 0 68 65393 0 69 65449 0 54 65460 0 53 65475 0 51 65497 0 52 65545 0 53 65574 0 54 65633 0 52 65667 0 62 65668 0 63 65675 0 77 65678 0 51 65693 0 90 65693 0 91 65693 0 92 65699 0 77 65704 0 
TIME iteration: 323 ms
Round:124
IR: 29, 190, 227, 250, 77
65724 0 71 65725 0 70 65726 0 77 65760 0 77 65774 0 54 65813 0 52 65885 0 53 65935 0 51 65975 0 54 66012 0 53 66034 0 52 66060 0 64 66061 0 65 66069 0 78 66087 0 90 66087 0 91 66087 0 92 66093 0 78 66101 0 51 66120 0 78 66135 0 53 66153 0 72 66155 0 78 66160 0 73 66161 0 54 66220 0 51 66233 0 
TIME iteration: 323 ms
Round:125
IR: 8, 142, 317, 388, 145
66336 0 54 66374 0 52 66386 0 51 66439 0 53 66461 0 60 66461 0 61 66469 0 76 66472 0 54 66483 0 51 66487 0 90 66487 0 91 66487 0 92 66493 0 76 66520 0 76 66529 0 69 66530 0 68 66532 0 52 66554 0 76 66574 0 53 66592 0 54 66598 0 51 66673 0 52 66769 0 
TIME iteration: 322 ms
Round:126
IR: 91, 164, 214, 263, 176
66786 0 52 66818 0 62 66818 0 63 66823 0 51 66826 0 77 66843 0 90 66843 0 91 66843 0 92 66846 0 54 66850 0 77 66877 0 77 66885 0 71 66886 0 70 66887 0 53 66911 0 77 66960 0 52 66963 0 54 66970 0 51 67069 0 53 67117 0 51 67126 0 52 67163 0 54 67172 0 63 67173 0 62 67176 0 77 67196 0 70 67197 0 71 67198 0 90 67198 0 91 67198 0 92 67199 0 77 67225 0 77 67245 0 53 67257 0 77 67278 0 54 67287 0 51 67289 0 
TIME iteration: 322 ms
Round:127
IR: 18, 180, 201, 287, 359
67312 0 77 67354 0 53 67429 0 54 67443 0 52 67470 0 51 67521 0 53 67560 0 65 67561 0 64 67562 0 52 67566 0 62 67567 0 63 67569 0 78 67571 0 77 67586 0 70 67586 0 90 67586 0 91 67586 0 92 67587 0 71 67593 0 78 67595 0 77 67599 0 51 67620 0 78 67621 0 77 67622 0 54 67640 0 72 67649 0 73 67654 0 77 67655 0 78 67670 0 70 67708 0 53 67715 0 77 67715 0 90 67715 0 91 67715 0 92 67717 0 52 67767 0 51 67787 0 
TIME iteration: 325 ms
Round:128
IR: 6, 177, 147, 279, 306
67850 0 52 67890 0 51 67913 0 53 67923 0 54 67987 0 52 68044 0 51 68062 0 62 68063 0 63 68068 0 77 68081 0 60 68082 0 61 68089 0 71 68090 0 76 68092 0 77 68092 0 90 68092 0 91 68092 0 92 68099 0 70 68112 0 52 68114 0 76 68119 0 77 68139 0 53 68141 0 76 68152 0 77 68159 0 51 68161 0 68 68164 0 69 68176 0 76 68207 0 52 68209 0 54 68218 0 90 68218 0 91 68218 0 92 68219 0 77 68273 0 
TIME iteration: 322 ms
Round:129
IR: 76, 182, 254, 304, 125
68371 0 52 68382 0 54 68399 0 53 68479 0 51 68498 0 54 68530 0 52 68554 0 53 68587 0 64 68587 0 65 68595 0 78 68599 0 66 68617 0 90 68617 0 91 68617 0 92 68619 0 78 68619 0 79 68646 0 78 68651 0 73 68652 0 79 68655 0 72 68673 0 52 68680 0 78 68684 0 51 68689 0 53 68725 0 79 68779 0 90 68779 0 91 68779 0 92 68818 0 52 68819 0 53 68824 0 
TIME iteration: 323 ms
Round:130
IR: 26, 160, 173, 373, 282
68956 0 51 68960 0 52 69007 0 54 69008 0 53 69121 0 52 69141 0 54 69161 0 62 69161 0 63 69169 0 77 69174 0 67 69175 0 66 69182 0 79 69183 0 53 69192 0 90 69192 0 91 69192 0 92 69193 0 77 69206 0 79 69211 0 51 69220 0 77 69224 0 70 69224 0 74 69225 0 71 69228 0 75 69233 0 79 69254 0 77 69267 0 79 69286 0 52 69298 0 54 69323 0 90 69323 0 91 69323 0 92 69324 0 53 69331 0 51 69419 0 
TIME iteration: 323 ms
Round:131
IR: 32, 215, 417, 434, 158
69478 0 53 69484 0 51 69563 0 54 69590 0 52 69614 0 53 69699 0 64 69699 0 65 69705 0 54 69706 0 51 69707 0 78 69715 0 66 69715 0 67 69721 0 79 69727 0 53 69729 0 90 69729 0 91 69729 0 92 69731 0 78 69735 0 52 69745 0 79 69750 0 75 69752 0 74 69758 0 78 69765 0 73 69766 0 72 69772 0 79 69792 0 78 69806 0 79 69839 0 52 69846 0 54 69857 0 90 69857 0 91 69857 0 92 69866 0 53 69873 0 51 69939 0 
TIME iteration: 322 ms
Round:132
IR: 0, 42, 156, 272, 143
69965 0 52 70018 0 51 70063 0 54 70070 0 53 70158 0 52 70177 0 51 70241 0 53 70241 0 60 70243 0 61 70250 0 76 70254 0 54 70269 0 67 70270 0 66 70272 0 90 70272 0 91 70272 0 92 70274 0 76 70276 0 79 70300 0 79 70301 0 76 70302 0 75 70304 0 74 70320 0 52 70326 0 69 70327 0 79 70329 0 68 70335 0 76 70339 0 51 70361 0 79 70395 0 90 70395 0 91 70395 0 92 70432 0 54 70438 0 53 70443 0 
TIME iteration: 322 ms
Round:133
IR: 24, 297, 169, 290, 234
70545 0 53 70553 0 51 70573 0 52 70604 0 54 70646 0 53 70681 0 51 70691 0 64 70691 0 65 70699 0 78 70719 0 90 70719 0 91 70719 0 92 70723 0 78 70748 0 52 70748 0 54 70750 0 78 70753 0 73 70754 0 72 70784 0 78 70789 0 53 70869 0 52 70908 0 51 70908 0 54 70949 0 53 70993 0 52 71015 0 
TIME iteration: 322 ms
Round:134
IR: 3, 222, 294, 354, 126
71042 0 62 71044 0 63 71051 0 77 71068 0 90 71068 0 91 71068 0 92 71075 0 77 71094 0 54 71100 0 53 71102 0 77 71120 0 52 71124 0 70 71134 0 71 71136 0 77 71174 0 51 71220 0 52 71240 0 53 71277 0 54 71330 0 52 71331 0 62 71332 0 63 71334 0 77 71353 0 70 71354 0 71 71355 0 90 71355 0 91 71355 0 92 71357 0 77 71383 0 77 71397 0 53 71415 0 54 71415 0 77 71427 0 52 71459 0 70 71468 0 77 71519 0 51 71525 0 54 71541 0 
TIME iteration: 322 ms
Round:135
IR: 7, 272, 313, 393, 234
71590 0 52 71627 0 63 71629 0 62 71631 0 77 71641 0 71 71652 0 70 71652 0 90 71652 0 91 71652 0 92 71654 0 77 71663 0 53 71669 0 54 71670 0 51 71680 0 77 71703 0 71 71712 0 77 71713 0 52 71766 0 77 71809 0 54 71825 0 52 71831 0 51 71869 0 53 71977 0 51 71999 0 52 72005 0 63 72006 0 62 72010 0 77 72012 0 54 72018 0 53 72025 0 70 72027 0 61 72029 0 60 72031 0 90 72031 0 91 72031 0 92 72034 0 71 72034 0 77 72036 0 76 72060 0 76 72060 0 
TIME iteration: 322 ms
Round:136
IR: 7, 218, 164, 316, 320
72087 0 76 72093 0 77 72098 0 70 72109 0 69 72113 0 68 72121 0 76 72126 0 51 72126 0 52 72153 0 90 72153 0 91 72153 0 92 72154 0 77 72238 0 53 72274 0 51 72319 0 54 72362 0 52 72396 0 53 72437 0 51 72444 0 54 72540 0 53 72543 0 52 72560 0 65 72561 0 64 72569 0 78 72591 0 90 72591 0 91 72591 0 92 72592 0 54 72593 0 78 72607 0 
TIME iteration: 323 ms
Round:137
IR: 9, 190, 160, 385, 291
72620 0 78 72647 0 72 72648 0 73 72655 0 78 72699 0 52 72721 0 53 72743 0 51 72782 0 54 72824 0 52 72890 0 53 72900 0 51 72924 0 64 72924 0 65 72927 0 78 72937 0 52 72946 0 62 72946 0 63 72950 0 72 72950 0 78 72950 0 90 72950 0 91 72950 0 92 72951 0 73 72954 0 77 72960 0 54 72976 0 78 72978 0 77 73000 0 53 73002 0 71 73005 0 77 73006 0 70 73008 0 78 73039 0 77 73062 0 78 73073 0 90 73073 0 91 73073 0 92 73085 0 51 73106 0 52 73108 0 54 73124 0 
TIME iteration: 324 ms
Round:138
IR: 7, 309, 436, 375, 307
73212 0 51 73218 0 54 73296 0 52 73316 0 53 73321 0 51 73378 0 54 73402 0 61 73404 0 60 73411 0 76 73432 0 66 73432 0 67 73432 0 90 73432 0 91 73432 0 92 73435 0 76 73441 0 79 73444 0 51 73462 0 76 73465 0 79 73470 0 52 73474 0 68 73482 0 69 73487 0 53 73492 0 79 73496 0 76 73504 0 54 73524 0 75 73527 0 79 73528 0 74 73554 0 90 73554 0 91 73554 0 92 73593 0 51 73626 0 53 73640 0 
TIME iteration: 323 ms
Round:139
IR: 4, 161, 199, 255, 154
73670 0 52 73751 0 54 73761 0 53 73775 0 51 73822 0 52 73884 0 54 73895 0 67 73896 0 66 73901 0 79 73904 0 53 73925 0 79 73925 0 90 73925 0 91 73925 0 92 73930 0 75 73931 0 74 73952 0 79 73956 0 51 73984 0 52 73986 0 79 74030 0 53 74124 0 51 74133 0 54 74149 0 52 74182 0 
TIME iteration: 322 ms
Round:140
IR: 38, 364, 208, 217, 146
74280 0 51 74287 0 54 74289 0 52 74313 0 62 74314 0 63 74320 0 60 74320 0 61 74322 0 77 74328 0 76 74329 0 67 74330 0 66 74334 0 53 74334 0 79 74340 0 90 74340 0 91 74340 0 92 74346 0 77 74352 0 76 74355 0 74 74355 0 75 74358 0 79 74373 0 77 74378 0 68 74379 0 76 74380 0 69 74384 0 79 74385 0 71 74389 0 70 74408 0 77 74413 0 76 74417 0 79 74456 0 90 74456 0 91 74456 0 92 74459 0 54 74462 0 51 74469 0 53 74481 0 79 74536 0 52 74592 0 53 74619 0 51 74683 0 54 74697 0 
TIME iteration: 322 ms
Round:141
IR: 4, 277, 199, 262, 146
74777 0 51 74777 0 64 74778 0 52 74778 0 65 74786 0 78 74806 0 90 74806 0 91 74806 0 92 74810 0 78 74828 0 54 74837 0 78 74859 0 73 74866 0 72 74872 0 78 74873 0 53 74889 0 52 74912 0 54 74928 0 51 74987 0 52 75004 0 53 75074 0 54 75084 0 64 75086 0 65 75088 0 78 75102 0 52 75108 0 72 75108 0 73 75109 0 90 75109 0 91 75109 0 92 75111 0 78 75124 0 51 75134 0 53 75137 0 78 75169 0 78 75223 0 78 75240 0 
TIME iteration: 323 ms
Round:142
IR: 37, 377, 216, 395, 326
75266 0 51 75309 0 53 75367 0 54 75400 0 51 75402 0 52 75459 0 60 75459 0 61 75467 0 76 75483 0 54 75485 0 90 75485 0 91 75485 0 92 75491 0 76 75518 0 76 75521 0 53 75526 0 68 75528 0 69 75531 0 51 75532 0 52 75552 0 76 75648 0 51 75699 0 53 75704 0 54 75756 0 
TIME iteration: 321 ms
Round:143
IR: 6, 218, 308, 273, 350
75812 0 51 75822 0 60 75822 0 61 75825 0 76 75835 0 53 75847 0 69 75847 0 90 75847 0 91 75847 0 92 75848 0 68 75848 0 76 75874 0 76 75904 0 54 75906 0 76 75931 0 51 75960 0 76 75984 0 53 76020 0 52 76053 0 54 76092 0 51 76160 0 53 76184 0 54 76211 0 67 76213 0 66 76221 0 79 76223 0 52 76238 0 90 76238 0 91 76238 0 92 76245 0 79 76272 0 79 76284 0 51 76294 0 74 76298 0 75 76307 0 
TIME iteration: 328 ms
Round:144
IR: 1, 136, 246, 397, 138
76350 0 54 76371 0 53 76373 0 52 76450 0 51 76459 0 54 76489 0 53 76493 0 67 76494 0 66 76496 0 79 76515 0 74 76515 0 75 76517 0 90 76517 0 91 76517 0 92 76519 0 79 76545 0 79 76552 0 52 76577 0 79 76596 0 54 76615 0 75 76632 0 79 76651 0 51 76682 0 53 76683 0 52 76773 0 51 76804 0 53 76825 0 
TIME iteration: 322 ms
Round:145
IR: 6, 290, 316, 288, 123
76860 0 51 76866 0 63 76867 0 60 76867 0 61 76867 0 62 76868 0 54 76875 0 76 76875 0 77 76890 0 90 76890 0 91 76890 0 92 76899 0 76 76899 0 77 76926 0 69 76926 0 76 76926 0 77 76927 0 68 76960 0 76 76961 0 77 76962 0 71 76963 0 70 76976 0 52 77020 0 90 77020 0 91 77020 0 92 77033 0 53 77041 0 54 77110 0 51 77135 0 52 77269 0 54 77316 0 52 77320 0 53 77337 0 
TIME iteration: 321 ms
Round:146
IR: 5, 325, 249, 253, 309
77419 0 54 77453 0 53 77462 0 52 77463 0 66 77463 0 67 77470 0 62 77470 0 63 77471 0 79 77476 0 77 77492 0 90 77492 0 91 77492 0 92 77495 0 79 77500 0 77 77513 0 71 77514 0 70 77520 0 74 77522 0 54 77522 0 79 77527 0 75 77527 0 77 77535 0 51 77557 0 79 77561 0 77 77580 0 53 77604 0 52 77624 0 90 77624 0 91 77624 0 92 77637 0 77 77695 0 51 77695 0 54 77727 0 53 77747 0 52 77873 0 51 77899 0 
TIME iteration: 322 ms
Round:147
IR: 41, 336, 215, 250, 148
77941 0 52 78022 0 51 78023 0 54 78044 0 60 78045 0 61 78052 0 76 78075 0 90 78075 0 91 78075 0 92 78076 0 76 78103 0 76 78104 0 52 78112 0 69 78114 0 68 78124 0 54 78132 0 53 78137 0 76 78152 0 51 78207 0 52 78256 0 54 78291 0 53 78348 0 51 78368 0 54 78391 0 52 78394 0 67 78396 0 66 78403 0 79 78421 0 90 78421 0 91 78421 0 92 78427 0 
TIME iteration: 323 ms
Round:148
IR: 20, 321, 189, 130, 178
78452 0 75 78454 0 79 78455 0 74 78462 0 53 78488 0 79 78516 0 52 78520 0 51 78569 0 53 78603 0 54 78684 0 52 78712 0 51 78733 0 53 78776 0 54 78776 0 64 78776 0 65 78784 0 78 78802 0 90 78802 0 91 78802 0 92 78807 0 52 78808 0 78 78835 0 78 78841 0 51 78869 0 73 78869 0 78 78870 0 72 78876 0 53 78916 0 54 78928 0 
TIME iteration: 322 ms
Round:149
IR: 6, 185, 185, 266, 123
78998 0 53 79017 0 51 79047 0 64 79049 0 65 79050 0 78 79069 0 72 79069 0 73 79072 0 90 79072 0 91 79072 0 92 79073 0 78 79082 0 54 79096 0 52 79099 0 78 79130 0 78 79181 0 78 79214 0 53 79229 0 51 79230 0 54 79264 0 52 79339 0 54 79358 0 53 79388 0 51 79399 0 66 79400 0 67 79408 0 79 79425 0 90 79425 0 91 79425 0 92 79432 0 79 79459 0 79 79460 0 74 79460 0 75 79476 0 52 79494 0 
TIME iteration: 323 ms
Round:150
IR: 5, 203, 285, 551, 261
79508 0 51 79544 0 54 79586 0 58 79592 0 53 79622 0 58 79634 0 52 79643 0 51 79651 0 86 79651 0 87 79655 0 58 79687 0 58 79717 0 58 79724 0 54 79746 0 58 79762 0 86 79762 0 87 79774 0 58 79777 0 51 79779 0 66 79779 0 67 79783 0 79 79790 0 61 79791 0 60 79799 0 76 79802 0 58 79804 0 74 79804 0 75 79805 0 90 79805 0 91 79805 0 92 79806 0 79 79810 0 52 79823 0 76 79825 0 53 79829 0 58 79832 0 79 79850 0 76 79856 0 58 79864 0 79 79872 0 86 79872 0 87 79873 0 68 79874 0 69 79883 0 58 79885 0 76 79895 0 51 79898 0 54 79910 0 58 79922 0 79 79932 0 52 79932 0 90 79932 0 91 79932 0 92 79938 0 58 79965 0 58 79982 0 86 79982 0 87 79992 0 58 80007 0 51 80019 0 58 80024 0 
TIME iteration: 323 ms
Round:151
IR: 8, 215, 203, 381, 249
80050 0 58 80079 0 54 80086 0 52 80096 0 58 80098 0 86 80098 0 87 80117 0 51 80141 0 53 80206 0 52 80247 0 54 80249 0 53 80313 0 51 80329 0 52 80333 0 60 80333 0 61 80339 0 76 80363 0 76 80363 0 90 80363 0 91 80363 0 92 80373 0 68 80373 0 69 80390 0 76 80424 0 76 80442 0 54 80468 0 53 80479 0 51 80491 0 52 80500 0 
TIME iteration: 322 ms
Round:152
IR: 23, 176, 320, 407, 299
80561 0 54 80595 0 53 80608 0 51 80668 0 52 80669 0 54 80674 0 60 80677 0 61 80680 0 76 80688 0 66 80688 0 67 80694 0 68 80695 0 69 80696 0 79 80701 0 90 80701 0 91 80701 0 92 80704 0 76 80720 0 79 80730 0 76 80740 0 74 80741 0 75 80746 0 51 80747 0 79 80750 0 53 80763 0 76 80770 0 68 80778 0 69 80782 0 79 80790 0 54 80819 0 52 80824 0 76 80827 0 90 80827 0 91 80827 0 92 80878 0 51 80924 0 53 80945 0 54 80962 0 52 81004 0 51 81029 0 53 81082 0 
TIME iteration: 322 ms
Round:153
IR: 85, 219, 287, 413, 220
81154 0 51 81157 0 52 81180 0 61 81181 0 60 81186 0 76 81210 0 76 81210 0 90 81210 0 91 81210 0 92 81219 0 68 81219 0 69 81231 0 53 81237 0 76 81270 0 76 81284 0 52 81304 0 54 81313 0 51 81337 0 76 81433 0 53 81439 0 52 81446 0 54 81564 0 53 81602 0 54 81603 0 51 81604 0 64 81604 0 65 81612 0 78 81618 0 66 81619 0 
TIME iteration: 323 ms
Round:154
IR: 41, 402, 276, 313, 255
81627 0 79 81631 0 90 81631 0 91 81631 0 92 81636 0 78 81651 0 79 81658 0 52 81663 0 78 81677 0 74 81677 0 75 81678 0 79 81694 0 72 81695 0 73 81697 0 78 81713 0 79 81758 0 90 81758 0 91 81758 0 92 81787 0 51 81793 0 54 81845 0 53 81856 0 52 81925 0 51 81963 0 54 81985 0 53 82032 0 52 82072 0 51 82100 0 54 82125 0 60 82125 0 61 82133 0 76 82135 0 66 82137 0 67 82142 0 79 82145 0 
TIME iteration: 323 ms
Round:155
IR: 27, 575, 466, 258, 191
82155 0 90 82155 0 91 82155 0 92 82157 0 76 82158 0 52 82166 0 79 82171 0 74 82171 0 75 82182 0 68 82184 0 69 82184 0 76 82193 0 79 82218 0 76 82222 0 54 82227 0 79 82245 0 56 82257 0 51 82282 0 56 82286 0 90 82286 0 91 82286 0 92 82292 0 53 82310 0 52 82311 0 82 82311 0 83 82318 0 56 82333 0 54 82351 0 56 82383 0 56 82415 0 56 82422 0 82 82422 0 83 82446 0 56 82456 0 51 82460 0 53 82476 0 56 82486 0 52 82490 0 54 82506 0 56 82535 0 56 82535 0 82 82535 0 83 82564 0 56 82589 0 53 82590 0 52 82593 0 56 82596 0 51 82621 0 56 82635 0 62 82635 0 63 82643 0 77 82647 0 82 82647 0 83 82649 0 56 82663 0 54 82665 0 90 82665 0 91 82665 0 92 82667 0 77 82678 0 
TIME iteration: 324 ms
Round:156
IR: 32, 312, 211, 272, 193
82694 0 77 82698 0 52 82715 0 56 82716 0 51 82728 0 77 82733 0 70 82741 0 71 82767 0 82 82767 0 83 82785 0 53 82785 0 54 82840 0 52 82876 0 51 82917 0 54 82925 0 53 82950 0 52 82952 0 63 82953 0 62 82955 0 77 82976 0 70 82977 0 71 82977 0 90 82977 0 91 82977 0 92 82978 0 77 83004 0 77 83025 0 54 83036 0 77 83052 0 53 83089 0 77 83113 0 51 83152 0 52 83161 0 54 83172 0 
TIME iteration: 322 ms
Round:157
IR: 23, 294, 207, 279, 323
83265 0 51 83295 0 54 83322 0 66 83324 0 67 83332 0 79 83349 0 90 83349 0 91 83349 0 92 83356 0 79 83383 0 52 83383 0 79 83390 0 74 83392 0 75 83418 0 79 83432 0 51 83480 0 54 83522 0 53 83557 0 51 83590 0 52 83610 0 54 83648 0 67 83649 0 66 83652 0 79 83671 0 75 83672 0 74 83673 0 90 83673 0 91 83673 0 92 83675 0 79 83700 0 51 83701 0 79 83715 0 53 83733 0 
TIME iteration: 322 ms
Round:158
IR: 19, 205, 174, 256, 177
83769 0 54 83772 0 52 83790 0 79 83855 0 53 83888 0 51 83972 0 54 83987 0 52 84038 0 51 84045 0 53 84076 0 60 84077 0 61 84085 0 64 84085 0 76 84087 0 65 84094 0 78 84103 0 90 84103 0 91 84103 0 92 84109 0 76 84118 0 78 84121 0 54 84136 0 76 84145 0 78 84147 0 52 84163 0 68 84167 0 69 84171 0 76 84178 0 72 84179 0 78 84181 0 51 84193 0 73 84231 0 90 84231 0 91 84231 0 92 84232 0 
TIME iteration: 322 ms
Round:159
IR: 22, 189, 188, 231, 260
84289 0 54 84295 0 52 84386 0 51 84433 0 53 84440 0 52 84440 0 54 84491 0 51 84542 0 54 84553 0 52 84570 0 66 84570 0 67 84578 0 79 84579 0 62 84579 0 63 84587 0 77 84588 0 53 84599 0 90 84599 0 91 84599 0 92 84602 0 79 84611 0 77 84622 0 51 84623 0 74 84624 0 75 84629 0 79 84638 0 77 84656 0 71 84657 0 70 84664 0 54 84664 0 79 84671 0 52 84672 0 77 84730 0 90 84730 0 91 84730 0 92 84783 0 
TIME iteration: 329 ms
Round:160
IR: 1, 152, 323, 480, 328
84813 0 52 84825 0 54 84851 0 51 84895 0 58 84911 0 53 84921 0 52 84932 0 58 84961 0 86 84961 0 87 84966 0 54 84967 0 58 84992 0 51 85001 0 58 85020 0 53 85033 0 58 85064 0 58 85072 0 86 85072 0 87 85094 0 58 85100 0 54 85111 0 52 85112 0 51 85114 0 66 85114 0 67 85120 0 79 85122 0 61 85123 0 60 85125 0 58 85130 0 76 85138 0 53 85144 0 79 85144 0 90 85144 0 91 85144 0 92 85149 0 75 85150 0 74 85154 0 76 85157 0 58 85171 0 79 85181 0 76 85185 0 86 85185 0 87 85188 0 68 85188 0 69 85189 0 58 85205 0 79 85215 0 76 85220 0 58 85251 0 52 85251 0 58 85256 0 51 85265 0 53 85276 0 90 85276 0 91 85276 0 92 85282 0 58 85283 0 54 85295 0 86 85295 0 87 85313 0 
TIME iteration: 323 ms
Round:161
IR: 19, 168, 128, 253, 366
85345 0 58 85355 0 52 85383 0 53 85395 0 58 85407 0 86 85407 0 87 85469 0 53 85474 0 54 85489 0 52 85501 0 51 85622 0 52 85631 0 53 85651 0 51 85694 0 54 85709 0 60 85711 0 61 85716 0 76 85740 0 76 85741 0 90 85741 0 91 85741 0 92 85750 0 69 85751 0 68 85767 0 76 85801 0 76 85807 0 53 85818 0 51 85820 0 54 85834 0 
TIME iteration: 322 ms
Round:162
IR: 4, 201, 189, 359, 256
85877 0 76 85957 0 51 85967 0 54 86015 0 53 86051 0 52 86082 0 51 86088 0 60 86089 0 61 86093 0 76 86097 0 54 86110 0 69 86111 0 68 86113 0 66 86113 0 67 86115 0 90 86115 0 91 86115 0 92 86117 0 76 86121 0 79 86143 0 76 86145 0 79 86172 0 79 86173 0 74 86173 0 75 86174 0 52 86176 0 76 86195 0 51 86197 0 53 86207 0 79 86216 0 54 86237 0 76 86237 0 90 86237 0 91 86237 0 92 86328 0 52 86349 0 
TIME iteration: 322 ms
Round:163
IR: 21, 241, 192, 369, 312
86438 0 53 86447 0 54 86470 0 51 86473 0 52 86605 0 51 86614 0 60 86614 0 61 86620 0 76 86622 0 53 86644 0 69 86644 0 76 86644 0 90 86644 0 91 86644 0 92 86645 0 68 86653 0 54 86671 0 76 86673 0 52 86705 0 76 86718 0 51 86769 0 53 86781 0 76 86793 0 52 86838 0 51 86868 0 54 86890 0 
TIME iteration: 322 ms
Round:164
IR: 46, 434, 234, 273, 185
86936 0 51 86941 0 60 86942 0 61 86946 0 76 86957 0 69 86958 0 68 86966 0 90 86966 0 91 86966 0 92 86970 0 76 86988 0 52 86996 0 76 87013 0 54 87024 0 69 87026 0 68 87029 0 76 87090 0 76 87122 0 53 87141 0 52 87146 0 54 87166 0 51 87248 0 54 87280 0 66 87280 0 67 87289 0 79 87291 0 53 87305 0 90 87305 0 91 87305 0 92 87313 0 79 87340 0 79 87347 0 75 87348 0 74 87357 0 52 87375 0 79 87394 0 54 87417 0 51 87441 0 
TIME iteration: 322 ms
Round:165
IR: 210, 666, 320, 280, 171
87518 0 52 87547 0 56 87582 0 51 87584 0 56 87609 0 54 87613 0 82 87613 0 83 87618 0 56 87644 0 53 87650 0 56 87680 0 56 87696 0 52 87711 0 56 87723 0 82 87723 0 83 87728 0 62 87729 0 63 87734 0 51 87737 0 77 87741 0 56 87756 0 90 87756 0 91 87756 0 92 87761 0 77 87771 0 56 87788 0 77 87801 0 56 87817 0 70 87823 0 77 87827 0 71 87830 0 56 87834 0 82 87834 0 83 87859 0 56 87869 0 53 87871 0 52 87880 0 54 87888 0 56 87896 0 51 87917 0 56 87946 0 56 87947 0 82 87947 0 83 87975 0 
TIME iteration: 323 ms
Round:166
IR: 180, 791, 675, 524, 155
88005 0 56 88014 0 53 88022 0 51 88030 0 52 88034 0 56 88059 0 82 88059 0 83 88063 0 56 88063 0 62 88065 0 63 88067 0 77 88069 0 58 88077 0 57 88089 0 70 88089 0 90 88089 0 91 88089 0 92 88090 0 71 88090 0 77 88092 0 56 88099 0 54 88105 0 58 88112 0 57 88116 0 77 88122 0 56 88133 0 86 88133 0 87 88140 0 58 88141 0 84 88141 0 85 88144 0 57 88148 0 77 88151 0 56 88170 0 82 88170 0 83 88173 0 58 88175 0 57 88179 0 56 88198 0 52 88202 0 77 88204 0 57 88205 0 58 88208 0 56 88229 0 53 88232 0 57 88235 0 58 88237 0 56 88243 0 86 88243 0 87 88252 0 84 88252 0 85 88260 0 51 88260 0 57 88265 0 58 88266 0 54 88266 0 56 88280 0 82 88280 0 83 88288 0 57 88294 0 58 88295 0 56 88315 0 57 88323 0 58 88325 0 56 88342 0 57 88353 0 58 88354 0 56 88355 0 86 88355 0 87 88363 0 84 88363 0 85 88369 0 57 88382 0 54 88382 0 58 88383 0 53 88384 0 56 88390 0 82 88390 0 83 88397 0 57 88398 0 52 88411 0 58 88413 0 56 88425 0 57 88440 0 58 88441 0 56 88444 0 51 88452 0 57 88467 0 86 88467 0 87 88469 0 58 88470 0 56 88474 0 84 88474 0 85 88479 0 57 88497 0 58 88499 0 56 88502 0 82 88502 0 83 88506 0 
TIME iteration: 323 ms
Round:167
IR: 80, 370, 226, 401, 227
88524 0 54 88528 0 58 88533 0 56 88538 0 57 88573 0 53 88575 0 58 88581 0 86 88581 0 87 88586 0 51 88590 0 57 88592 0 84 88592 0 85 88595 0 56 88610 0 52 88617 0 82 88617 0 83 88660 0 54 88741 0 53 88762 0 52 88771 0 54 88772 0 51 88880 0 53 88892 0 54 88923 0 66 88923 0 67 88932 0 79 88956 0 79 88956 0 90 88956 0 91 88956 0 92 88965 0 52 88982 0 51 88983 0 79 89004 0 75 89005 0 74 89018 0 
TIME iteration: 321 ms
Round:168
IR: 189, 245, 210, 256, 250
89045 0 53 89063 0 54 89075 0 52 89121 0 51 89177 0 52 89195 0 53 89223 0 54 89257 0 51 89269 0 66 89270 0 67 89273 0 79 89293 0 74 89295 0 75 89295 0 90 89295 0 91 89295 0 92 89296 0 79 89302 0 52 89322 0 79 89338 0 53 89354 0 79 89413 0 79 89432 0 54 89442 0 52 89452 0 53 89454 0 51 89562 0 
TIME iteration: 321 ms
Round:169
IR: 102, 303, 254, 405, 417
89571 0 54 89598 0 64 89599 0 65 89607 0 78 89611 0 52 89623 0 90 89623 0 91 89623 0 92 89631 0 78 89651 0 51 89658 0 78 89681 0 54 89693 0 73 89693 0 78 89694 0 72 89737 0 52 89754 0 53 89782 0 51 89811 0 54 89859 0 52 89899 0 51 89916 0 54 89938 0 66 89938 0 67 89942 0 53 89945 0 61 89945 0 79 89946 0 60 89954 0 76 89963 0 90 89963 0 91 89963 0 92 89969 0 79 89977 0 75 89978 0 74 89978 0 76 89996 0 79 90005 0 76 90016 0 54 90030 0 79 90033 0 52 90036 0 69 90039 0 68 90040 0 76 90056 0 53 90091 0 90 90091 0 91 90091 0 
TIME iteration: 322 ms
Round:170
IR: 42, 235, 209, 305, 65
90108 0 54 90180 0 51 90263 0 54 90270 0 52 90271 0 53 90359 0 51 90367 0 54 90386 0 52 90412 0 66 90414 0 67 90416 0 53 90418 0 79 90442 0 74 90442 0 75 90442 0 79 90442 0 90 90442 0 91 90442 0 92 90469 0 79 90486 0 54 90502 0 79 90515 0 51 90533 0 53 90577 0 52 90578 0 
TIME iteration: 323 ms
Round:171
IR: 105, 208, 245, 340, 165
90633 0 54 90672 0 53 90691 0 52 90706 0 51 90801 0 52 90806 0 62 90806 0 63 90814 0 77 90825 0 53 90832 0 90 90832 0 91 90832 0 92 90838 0 77 90864 0 51 90865 0 77 90890 0 54 90898 0 71 90899 0 70 90899 0 77 90903 0 52 90984 0 53 91010 0 52 91049 0 51 91053 0 62 91053 0 63 91054 0 77 91072 0 70 91072 0 71 91076 0 90 91076 0 91 91076 0 92 91077 0 77 91103 0 77 91134 0 77 91146 0 70 91148 0 71 91150 0 
TIME iteration: 322 ms
Round:172
IR: 44, 132, 176, 399, 110
91183 0 77 91200 0 53 91217 0 54 91223 0 51 91280 0 52 91305 0 62 91305 0 63 91308 0 77 91324 0 70 91325 0 71 91328 0 90 91328 0 91 91328 0 92 91329 0 53 91331 0 77 91357 0 77 91367 0 54 91385 0 52 91389 0 77 91405 0 70 91408 0 51 91424 0 71 91442 0 77 91456 0 53 91526 0 52 91543 0 54 91550 0 62 91550 0 63 91551 0 51 91553 0 77 91569 0 70 91569 0 71 91573 0 90 91573 0 91 91573 0 92 91576 0 77 91585 0 53 91602 0 77 91634 0 77 91646 0 70 91659 0 71 91672 0 52 91687 0 51 91687 0 
TIME iteration: 322 ms
Round:173
IR: 17, 248, 248, 642, 255
91692 0 53 91709 0 54 91798 0 58 91826 0 54 91833 0 52 91839 0 58 91845 0 53 91849 0 62 91849 0 63 91852 0 77 91866 0 86 91866 0 87 91872 0 70 91873 0 71 91873 0 90 91873 0 91 91873 0 92 91875 0 58 91875 0 77 91901 0 77 91907 0 58 91922 0 51 91933 0 54 91933 0 77 91938 0 58 91968 0 58 91976 0 86 91976 0 87 91980 0 53 91987 0 77 91996 0 58 92002 0 52 92024 0 58 92052 0 58 92062 0 54 92079 0 58 92085 0 86 92085 0 87 92106 0 58 92110 0 53 92117 0 51 92133 0 58 92134 0 52 92160 0 58 92187 0 58 92194 0 86 92194 0 87 92214 0 
TIME iteration: 322 ms
Round:174
IR: 83, 180, 172, 243, 859
92246 0 53 92246 0 58 92278 0 52 92284 0 54 92295 0 58 92305 0 86 92305 0 87 92313 0 67 92314 0 66 92322 0 79 92333 0 51 92337 0 59 92341 0 90 92341 0 91 92341 0 92 92346 0 79 92371 0 59 92373 0 79 92394 0 54 92398 0 74 92398 0 75 92400 0 88 92400 0 89 92403 0 59 92408 0 79 92418 0 53 92419 0 52 92434 0 88 92434 0 89 92435 0 59 92466 0 59 92467 0 88 92467 0 89 92496 0 59 92498 0 88 92498 0 89 92506 0 54 92525 0 51 92526 0 59 92529 0 88 92529 0 89 92540 0 53 92557 0 59 92560 0 88 92560 0 89 92586 0 59 92590 0 88 92590 0 89 92601 0 52 92613 0 54 92615 0 59 92619 0 88 92619 0 89 92645 0 59 92649 0 88 92649 0 89 92674 0 59 92678 0 88 92678 0 89 92695 0 51 92702 0 59 92707 0 88 92707 0 89 92726 0 54 92727 0 53 92731 0 59 92736 0 88 92736 0 89 92738 0 
TIME iteration: 323 ms
Round:175
IR: 25, 264, 194, 456, 663
92761 0 59 92764 0 60 92764 0 64 92764 0 65 92765 0 88 92765 0 89 92770 0 61 92772 0 78 92775 0 76 92789 0 90 92789 0 91 92789 0 92 92791 0 59 92795 0 88 92795 0 89 92796 0 78 92799 0 76 92818 0 53 92820 0 51 92820 0 59 92823 0 78 92824 0 88 92824 0 89 92826 0 76 92830 0 58 92849 0 59 92853 0 88 92853 0 89 92857 0 73 92857 0 78 92858 0 69 92859 0 72 92860 0 76 92861 0 68 92869 0 58 92873 0 54 92873 0 86 92873 0 87 92879 0 59 92883 0 88 92883 0 89 92902 0 52 92905 0 58 92908 0 59 92912 0 88 92912 0 89 92919 0 90 92919 0 91 92919 0 92 92926 0 53 92938 0 58 92938 0 59 92942 0 88 92942 0 89 92947 0 51 92969 0 58 92969 0 59 92972 0 88 92972 0 89 92984 0 86 92984 0 87 92999 0 58 92999 0 59 93002 0 88 93002 0 89 93026 0 53 93028 0 58 93030 0 59 93033 0 88 93033 0 89 93053 0 51 93057 0 58 93060 0 59 93063 0 88 93063 0 89 93079 0 52 93086 0 58 93090 0 59 93093 0 86 93093 0 87 93093 0 88 93093 0 89 93096 0 54 93115 0 58 93122 0 59 93124 0 88 93124 0 89 93139 0 51 93144 0 58 93152 0 59 93155 0 88 93155 0 89 93170 0 52 93176 0 58 93181 0 59 93185 0 88 93185 0 89 93186 0 61 93188 0 60 93191 0 76 93199 0 53 93206 0 86 93206 0 87 93208 0 58 93210 0 59 93214 0 76 93214 0 88 93214 0 89 93215 0 90 93215 0 91 93215 0 92 93218 0 68 93219 0 69 93238 0 59 93239 0 58 93240 0 76 93243 0 88 93243 0 89 93265 0 51 93269 0 58 93269 0 59 93272 0 76 93273 0 88 93273 0 
TIME iteration: 329 ms
Round:176
IR: 17, 385, 389, 368, 652
93288 0 52 93296 0 54 93298 0 59 93300 0 53 93302 0 88 93302 0 89 93305 0 58 93316 0 86 93316 0 87 93327 0 59 93328 0 76 93331 0 88 93331 0 89 93355 0 59 93360 0 88 93360 0 89 93383 0 59 93388 0 88 93388 0 89 93393 0 58 93407 0 51 93410 0 54 93411 0 59 93416 0 88 93416 0 89 93439 0 59 93444 0 88 93444 0 89 93445 0 86 93445 0 87 93467 0 59 93472 0 88 93472 0 89 93484 0 52 93496 0 59 93501 0 88 93501 0 89 93523 0 53 93525 0 59 93530 0 88 93530 0 89 93539 0 51 93553 0 60 93553 0 61 93555 0 59 93557 0 76 93559 0 88 93559 0 89 93572 0 68 93573 0 69 93579 0 90 93579 0 91 93579 0 92 93580 0 76 93584 0 59 93587 0 54 93588 0 52 93588 0 88 93588 0 89 93606 0 76 93615 0 59 93618 0 88 93618 0 89 93638 0 76 93646 0 59 93649 0 88 93649 0 89 93652 0 51 93655 0 68 93665 0 69 93676 0 59 93679 0 88 93679 0 89 93694 0 76 93706 0 59 93709 0 88 93709 0 89 93728 0 52 93736 0 59 93739 0 88 93739 0 89 93759 0 54 93765 0 59 93769 0 88 93769 0 89 93791 0 51 93795 0 59 93799 0 88 93799 0 
TIME iteration: 325 ms
Round:177
IR: 53, 207, 168, 371, 267
93811 0 61 93813 0 60 93815 0 76 93827 0 59 93830 0 88 93830 0 89 93832 0 68 93833 0 69 93835 0 90 93835 0 91 93835 0 92 93838 0 76 93851 0 53 93863 0 88 93863 0 89 93864 0 76 93880 0 59 93893 0 88 93893 0 89 93896 0 76 93905 0 54 93919 0 68 93923 0 69 93936 0 88 93936 0 89 93939 0 52 93950 0 76 93977 0 53 93978 0 51 94070 0 54 94080 0 52 94164 0 53 94186 0 52 94232 0 54 94241 0 64 94244 0 51 94246 0 65 94252 0 78 94264 0 60 94266 0 61 94270 0 76 94270 0 90 94270 0 91 94270 0 92 94276 0 78 94294 0 76 94300 0 68 94300 0 69 94303 0 52 94303 0 78 94321 0 73 94321 0 76 94323 0 72 94324 0 53 94338 0 
TIME iteration: 322 ms
Round:178
IR: 15, 16, 253, 376, 238
94354 0 76 94393 0 90 94393 0 91 94393 0 92 94408 0 52 94420 0 76 94427 0 54 94435 0 51 94456 0 53 94532 0 52 94565 0 54 94573 0 53 94642 0 51 94688 0 54 94719 0 53 94734 0 66 94734 0 67 94743 0 79 94744 0 64 94744 0 65 94749 0 78 94751 0 52 94763 0 90 94763 0 91 94763 0 92 94767 0 79 94773 0 78 94780 0 72 94780 0 73 94794 0 79 94800 0 78 94823 0 75 94827 0 74 94829 0 79 94833 0 
TIME iteration: 323 ms
Round:179
IR: 64, 440, 248, 310, 179
94893 0 90 94893 0 91 94893 0 92 94897 0 53 94899 0 78 94921 0 54 94932 0 51 94950 0 52 95045 0 54 95073 0 53 95122 0 52 95127 0 51 95158 0 54 95187 0 53 95206 0 66 95206 0 67 95211 0 79 95235 0 79 95235 0 90 95235 0 91 95235 0 92 95242 0 74 95242 0 75 95255 0 51 95262 0 79 95274 0 54 95291 0 53 95295 0 79 95362 0 52 95366 0 79 95373 0 
TIME iteration: 323 ms
Round:180
IR: 22, 325, 212, 339, 434
95411 0 53 95434 0 54 95472 0 52 95509 0 53 95515 0 51 95521 0 54 95532 0 64 95532 0 65 95537 0 66 95537 0 67 95539 0 78 95541 0 79 95555 0 75 95556 0 74 95557 0 90 95557 0 91 95557 0 92 95563 0 78 95565 0 79 95580 0 72 95581 0 73 95590 0 78 95591 0 79 95624 0 78 95624 0 79 95627 0 74 95628 0 75 95642 0 51 95650 0 53 95677 0 54 95686 0 79 95686 0 90 95686 0 91 95686 0 92 95727 0 52 95748 0 51 95839 0 53 95844 0 51 95905 0 54 95918 0 
TIME iteration: 323 ms
Round:181
IR: 11, 241, 269, 350, 201
95937 0 53 96012 0 51 96040 0 61 96042 0 60 96049 0 76 96065 0 52 96071 0 90 96071 0 91 96071 0 92 96073 0 76 96079 0 54 96100 0 76 96123 0 68 96124 0 53 96130 0 69 96134 0 76 96148 0 51 96211 0 52 96249 0 54 96295 0 53 96305 0 51 96334 0 52 96363 0 60 96363 0 61 96366 0 76 96371 0 54 96386 0 68 96387 0 69 96388 0 90 96388 0 91 96388 0 92 96389 0 76 96415 0 76 96447 0 
TIME iteration: 323 ms
Round:182
IR: 6, 203, 341, 342, 225
96477 0 51 96480 0 53 96501 0 76 96502 0 52 96542 0 54 96592 0 53 96643 0 51 96687 0 52 96699 0 53 96714 0 64 96714 0 65 96715 0 54 96722 0 78 96739 0 90 96739 0 91 96739 0 92 96746 0 78 96762 0 51 96773 0 78 96779 0 73 96784 0 72 96799 0 53 96807 0 78 96811 0 52 96851 0 51 96925 0 54 96943 0 53 96965 0 
TIME iteration: 321 ms
Round:183
IR: 2, 257, 441, 402, 171
97002 0 52 97032 0 60 97034 0 61 97039 0 65 97040 0 76 97044 0 78 97051 0 64 97057 0 90 97057 0 91 97057 0 92 97064 0 76 97067 0 78 97068 0 72 97069 0 73 97072 0 69 97073 0 68 97080 0 53 97091 0 76 97092 0 78 97122 0 78 97125 0 76 97127 0 54 97129 0 51 97143 0 52 97167 0 78 97182 0 90 97182 0 91 97182 0 92 97237 0 53 97243 0 54 97244 0 51 97285 0 52 97332 0 54 97334 0 53 97387 0 51 97395 0 52 97431 0 54 97461 0 66 97461 0 67 97464 0 53 97470 0 79 97489 0 90 97489 0 91 97489 0 92 97490 0 51 97494 0 
TIME iteration: 322 ms
Round:184
IR: 42, 406, 304, 349, 302
97521 0 79 97538 0 52 97544 0 74 97547 0 75 97556 0 79 97596 0 54 97621 0 53 97629 0 51 97678 0 52 97754 0 54 97794 0 66 97794 0 67 97797 0 53 97797 0 79 97818 0 51 97818 0 75 97819 0 74 97819 0 90 97819 0 91 97819 0 92 97820 0 79 97846 0 79 97851 0 52 97878 0 79 97899 0 54 97935 0 79 97964 0 53 97982 0 51 98001 0 52 98019 0 
TIME iteration: 322 ms
Round:185
IR: 26, 271, 353, 509, 325
98085 0 53 98134 0 51 98145 0 52 98147 0 58 98176 0 54 98184 0 66 98185 0 62 98185 0 63 98185 0 67 98187 0 58 98188 0 53 98190 0 64 98190 0 65 98190 0 79 98193 0 77 98198 0 78 98203 0 61 98204 0 74 98205 0 75 98206 0 60 98208 0 90 98208 0 91 98208 0 92 98213 0 76 98214 0 79 98215 0 86 98215 0 87 98217 0 77 98222 0 78 98226 0 58 98237 0 76 98241 0 79 98244 0 77 98249 0 78 98252 0 72 98257 0 73 98260 0 58 98264 0 76 98269 0 69 98273 0 71 98274 0 68 98274 0 79 98278 0 77 98280 0 70 98281 0 74 98283 0 78 98290 0 75 98292 0 58 98299 0 76 98319 0 90 98319 0 91 98319 0 92 98321 0 58 98327 0 86 98327 0 87 98334 0 52 98350 0 58 98351 0 51 98353 0 53 98357 0 79 98375 0 54 98378 0 58 98406 0 58 98434 0 58 98438 0 86 98438 0 87 98452 0 53 98462 0 58 98464 0 54 98475 0 52 98490 0 58 98494 0 51 98518 0 58 98546 0 58 98549 0 86 98549 0 87 98571 0 53 98573 0 
TIME iteration: 323 ms
Round:186
IR: 8, 185, 326, 501, 416
98594 0 54 98600 0 58 98622 0 51 98623 0 66 98623 0 67 98628 0 58 98629 0 79 98650 0 90 98650 0 91 98650 0 92 98653 0 79 98656 0 58 98656 0 74 98657 0 75 98660 0 86 98660 0 87 98680 0 79 98685 0 58 98696 0 52 98713 0 58 98714 0 79 98741 0 58 98764 0 53 98769 0 58 98771 0 86 98771 0 87 98785 0 51 98796 0 58 98823 0 58 98852 0 58 98859 0 52 98880 0 58 98882 0 86 98882 0 87 98907 0 58 98928 0 54 98935 0 58 98956 0 51 98962 0 58 98990 0 58 98993 0 86 98993 0 87 99019 0 58 99020 0 53 99022 0 52 99048 0 58 99077 0 58 99088 0 51 99092 0 60 99092 0 61 99095 0 54 99099 0 76 99106 0 86 99106 0 87 99107 0 
TIME iteration: 324 ms
Round:187
IR: 9, 235, 193, 206, 162
99120 0 90 99120 0 91 99120 0 92 99123 0 76 99126 0 52 99143 0 58 99149 0 68 99149 0 69 99150 0 76 99184 0 76 99219 0 53 99232 0 54 99266 0 86 99266 0 87 99298 0 51 99308 0 52 99370 0 54 99417 0 51 99423 0 53 99448 0 60 99449 0 61 99452 0 76 99472 0 69 99473 0 68 99474 0 90 99474 0 91 99474 0 92 99475 0 76 99487 0 54 99501 0 76 99533 0 76 99545 0 53 99588 0 76 99639 0 
TIME iteration: 322 ms
Round:188
IR: 31, 402, 236, 221, 213
99646 0 52 99660 0 53 99714 0 54 99802 0 52 99818 0 53 99840 0 65 99841 0 51 99841 0 64 99849 0 78 99867 0 90 99867 0 91 99867 0 92 99873 0 78 99877 0 54 99900 0 78 99921 0 73 99923 0 72 99935 0 78 99976 0 53 99979 0 52 99987 0 54 100011 0 51 100122 0 53 100127 0 54 100160 0 65 100161 0 64 100163 0 
TIME iteration: 321 ms
Round:189
IR: 6, 483, 276, 182, 347
100184 0 52 100184 0 72 100184 0 73 100185 0 90 100185 0 91 100185 0 92 100186 0 78 100212 0 78 100218 0 51 100244 0 78 100261 0 53 100276 0 54 100297 0 78 100335 0 52 100410 0 53 100430 0 54 100449 0 51 100545 0 53 100551 0 52 100552 0 64 100552 0 65 100557 0 78 100571 0 72 100572 0 73 100578 0 90 100578 0 91 100578 0 92 100581 0 78 100601 0 51 100608 0 78 100641 0 78 100646 0 72 100653 0 54 100662 0 
TIME iteration: 322 ms
Round:190
IR: 27, 210, 249, 194, 219
100707 0 78 100727 0 53 100806 0 52 100817 0 51 100857 0 54 100923 0 53 100936 0 64 100937 0 52 100937 0 65 100941 0 78 100962 0 90 100962 0 91 100962 0 92 100965 0 78 100966 0 72 100967 0 73 100973 0 51 100991 0 78 101024 0 78 101045 0 53 101085 0 78 101100 0 54 101102 0 52 101165 0 53 101167 0 
TIME iteration: 321 ms
Round:191
IR: 22, 339, 204, 182, 229
101246 0 52 101254 0 54 101290 0 51 101334 0 53 101337 0 61 101339 0 60 101340 0 65 101341 0 64 101345 0 78 101346 0 76 101363 0 54 101363 0 72 101363 0 73 101363 0 90 101363 0 91 101363 0 92 101369 0 78 101370 0 76 101378 0 52 101395 0 78 101397 0 76 101423 0 51 101428 0 68 101428 0 69 101428 0 78 101431 0 76 101446 0 53 101489 0 78 101493 0 90 101493 0 91 101493 0 92 101503 0 54 101525 0 52 101575 0 51 101596 0 53 101697 0 54 101703 0 51 101716 0 
TIME iteration: 328 ms
Round:192
IR: 36, 284, 297, 214, 200
101762 0 53 101842 0 54 101845 0 52 101860 0 53 101870 0 64 101870 0 65 101876 0 78 101883 0 63 101884 0 62 101892 0 77 101893 0 66 101896 0 67 101900 0 73 101900 0 78 101900 0 90 101900 0 91 101900 0 92 101901 0 72 101904 0 79 101916 0 77 101927 0 78 101928 0 79 101943 0 77 101955 0 79 101961 0 78 101966 0 51 101978 0 77 101979 0 71 101980 0 53 101980 0 70 101983 0 52 101989 0 75 101990 0 79 101995 0 74 102015 0 90 102015 0 91 102015 0 92 102037 0 78 102088 0 53 102106 0 52 102113 0 51 102137 0 54 102197 0 53 102241 0 52 102269 0 
TIME iteration: 323 ms
Round:193
IR: 3, 287, 427, 280, 251
102310 0 54 102349 0 53 102369 0 64 102369 0 65 102375 0 78 102393 0 52 102397 0 72 102398 0 90 102398 0 91 102398 0 92 102399 0 73 102399 0 78 102426 0 78 102428 0 51 102460 0 78 102461 0 54 102536 0 78 102565 0 51 102604 0 52 102623 0 54 102634 0 53 102733 0 52 102735 0 51 102780 0 60 102780 0 61 102785 0 63 102787 0 62 102788 0 76 102794 0 77 102806 0 90 102806 0 91 102806 0 92 102812 0 76 102818 0 
TIME iteration: 323 ms
Round:194
IR: 50, 268, 227, 177, 160
102835 0 52 102835 0 53 102838 0 54 102839 0 76 102843 0 70 102844 0 71 102845 0 77 102861 0 69 102866 0 68 102873 0 76 102879 0 77 102891 0 51 102936 0 90 102936 0 91 102936 0 92 102961 0 52 103020 0 53 103055 0 54 103071 0 51 103133 0 52 103181 0 54 103238 0 51 103257 0 52 103260 0 53 103298 0 62 103298 0 63 103303 0 77 103327 0 77 103328 0 90 103328 0 91 103328 0 92 103332 0 70 103334 0 71 103340 0 
TIME iteration: 323 ms
Round:195
IR: 0, 111, 167, 343, 305
103354 0 77 103387 0 77 103389 0 52 103449 0 53 103451 0 54 103453 0 77 103464 0 51 103500 0 52 103556 0 53 103595 0 54 103641 0 52 103652 0 63 103653 0 62 103657 0 77 103672 0 70 103672 0 71 103678 0 90 103678 0 91 103678 0 92 103681 0 77 103701 0 51 103707 0 77 103711 0 53 103740 0 77 103753 0 71 103754 0 70 103776 0 54 103780 0 52 103801 0 77 103836 0 53 103847 0 
TIME iteration: 322 ms
Round:196
IR: 8, 194, 233, 214, 36
103899 0 52 103913 0 62 103914 0 63 103917 0 77 103918 0 54 103934 0 70 103934 0 71 103937 0 90 103937 0 91 103937 0 92 103940 0 77 103942 0 53 103966 0 77 103982 0 51 103998 0 77 104017 0 52 104017 0 54 104017 0 71 104028 0 70 104040 0 53 104052 0 77 104073 0 51 104130 0 54 104172 0 51 104180 0 53 104182 0 52 104199 0 62 104200 0 63 104203 0 77 104211 0 60 104212 0 61 104220 0 76 104222 0 70 104222 0 71 104223 0 90 104223 0 91 104223 0 92 104226 0 77 104244 0 76 104252 0 77 104271 0 76 104276 0 51 104284 0 77 104290 0 69 104293 0 68 104306 0 76 104339 0 77 104348 0 90 104348 0 91 104348 0 92 104350 0 54 104387 0 
TIME iteration: 322 ms
Round:197
IR: 22, 173, 185, 230, 139
104465 0 53 104496 0 51 104525 0 52 104597 0 54 104640 0 52 104641 0 51 104679 0 62 104681 0 63 104686 0 77 104706 0 70 104707 0 71 104709 0 90 104709 0 91 104709 0 92 104710 0 77 104728 0 53 104737 0 77 104771 0 77 104772 0 54 104790 0 51 104830 0 52 104846 0 
TIME iteration: 322 ms
Round:198
IR: 20, 128, 215, 235, 206
104958 0 51 104966 0 54 104969 0 52 105000 0 53 105059 0 63 105069 0 77 105071 0 62 105077 0 52 105085 0 71 105086 0 70 105091 0 63 105092 0 77 105092 0 90 105092 0 91 105092 0 92 105113 0 54 105115 0 77 105121 0 51 105123 0 71 105124 0 70 105140 0 77 105155 0 53 105170 0 77 105191 0 52 105213 0 77 105231 0 90 105231 0 91 105231 0 92 105278 0 51 105307 0 54 105322 0 52 105376 0 53 105436 0 51 105445 0 
TIME iteration: 322 ms
Round:199
IR: 8, 225, 191, 381, 313
105481 0 52 105528 0 53 105558 0 54 105579 0 67 105580 0 66 105586 0 51 105588 0 79 105596 0 52 105606 0 62 105606 0 63 105609 0 90 105609 0 91 105609 0 92 105612 0 77 105612 0 79 105635 0 71 105636 0 70 105636 0 77 105639 0 79 105663 0 77 105671 0 74 105674 0 79 105677 0 75 105693 0 53 105697 0 77 105702 0 54 105732 0 90 105732 0 91 105732 0 92 105758 0 52 105773 0 77 105804 0 53 105836 0 51 105852 0 54 105884 0 52 105938 0 
TIME iteration: 322 ms
