Experiment Risk
CUTOFF_IR 0
Config: ./networks/network36.conf, Protocol: ./networks/network35.pro
Round:0
IR: 175, 162, 228, 320, 196
302 0 52 384 0 53 397 0 54 447 0 52 465 0 62 466 0 63 474 0 77 498 0 77 506 0 90 506 0 91 506 0 92 515 0 51 525 0 
TIME iteration: 437 ms
Round:1
IR: 153, 144, 123, 248, 122
538 0 53 560 0 77 568 0 54 577 0 52 660 0 51 707 0 53 711 0 54 730 0 52 810 0 54 833 0 66 835 0 67 838 0 51 843 0 52 843 0 79 847 0 53 860 0 90 860 0 91 860 0 92 867 0 79 894 0 79 929 0 79 931 0 52 940 0 74 975 0 54 1012 0 51 1018 0 
TIME iteration: 300 ms
Round:2
IR: 190, 222, 178, 319, 114
1091 0 52 1151 0 54 1164 0 53 1192 0 51 1214 0 66 1214 0 67 1218 0 79 1233 0 75 1240 0 90 1240 0 91 1240 0 92 1242 0 79 1243 0 74 1268 0 79 1283 0 52 1290 0 54 1301 0 53 1301 0 79 1309 0 75 1317 0 51 1363 0 79 1440 0 53 1464 0 54 1468 0 52 1493 0 51 1585 0 
TIME iteration: 299 ms
Round:3
IR: 246, 163, 122, 221, 217
1604 0 52 1609 0 65 1610 0 64 1618 0 78 1634 0 62 1635 0 63 1636 0 54 1636 0 90 1636 0 91 1636 0 92 1642 0 77 1642 0 78 1666 0 77 1669 0 78 1687 0 51 1693 0 77 1700 0 71 1701 0 70 1704 0 78 1709 0 73 1716 0 72 1718 0 53 1727 0 77 1729 0 52 1758 0 90 1758 0 91 1758 0 92 1805 0 54 1839 0 53 1887 0 52 1909 0 51 1976 0 54 2013 0 51 2021 0 53 2029 0 
TIME iteration: 299 ms
Round:4
IR: 276, 293, 187, 216, 196
2169 0 53 2170 0 54 2181 0 64 2182 0 65 2185 0 51 2187 0 78 2193 0 60 2194 0 61 2202 0 76 2208 0 66 2210 0 67 2211 0 78 2212 0 90 2212 0 91 2212 0 92 2218 0 79 2223 0 72 2224 0 73 2226 0 76 2229 0 52 2238 0 78 2242 0 79 2253 0 76 2267 0 74 2269 0 79 2271 0 78 2273 0 75 2279 0 53 2281 0 51 2282 0 69 2288 0 76 2293 0 68 2304 0 79 2327 0 90 2327 0 91 2327 0 92 2338 0 78 2348 0 54 2365 0 52 2384 0 51 2475 0 54 2507 0 51 2511 0 52 2535 0 53 2627 0 
TIME iteration: 300 ms
Round:5
IR: 264, 105, 137, 244, 87
2681 0 66 2685 0 67 2689 0 79 2692 0 51 2712 0 90 2712 0 91 2712 0 92 2713 0 79 2715 0 52 2715 0 74 2717 0 75 2740 0 79 2774 0 79 2784 0 53 2878 0 54 2883 0 51 2914 0 52 2976 0 53 3010 0 54 3038 0 52 3045 0 51 3065 0 67 3066 0 66 3070 0 79 3086 0 74 3087 0 75 3091 0 62 3092 0 63 3092 0 90 3092 0 91 3092 0 92 3094 0 79 3100 0 77 3120 0 79 3124 0 77 3125 0 53 3151 0 77 3152 0 54 3153 0 79 3172 0 71 3173 0 70 3176 0 
TIME iteration: 299 ms
Round:6
IR: 376, 160, 108, 236, 80
3186 0 77 3214 0 90 3214 0 91 3214 0 92 3220 0 79 3239 0 54 3251 0 53 3280 0 52 3320 0 51 3360 0 54 3455 0 52 3490 0 54 3517 0 51 3524 0 53 3533 0 66 3534 0 67 3540 0 79 3558 0 74 3562 0 90 3562 0 91 3562 0 92 3564 0 79 3569 0 75 3591 0 79 3607 0 54 3625 0 79 3663 0 
TIME iteration: 299 ms
Round:7
IR: 109, 243, 256, 165, 130
3711 0 52 3724 0 51 3759 0 54 3843 0 52 3894 0 54 3908 0 51 3909 0 67 3910 0 66 3911 0 53 3914 0 79 3929 0 74 3931 0 75 3935 0 90 3935 0 91 3935 0 92 3938 0 79 3964 0 79 3991 0 52 3997 0 79 4004 0 54 4010 0 74 4022 0 75 4060 0 79 4068 0 51 4107 0 54 4128 0 67 4129 0 66 4131 0 52 4131 0 79 4146 0 74 4146 0 75 4151 0 90 4151 0 91 4151 0 92 4154 0 79 4157 0 51 4180 0 79 4193 0 53 4212 0 79 4217 0 74 4218 0 75 4238 0 
TIME iteration: 299 ms
Round:8
IR: 302, 132, 133, 214, 173
4264 0 54 4265 0 79 4294 0 51 4404 0 52 4409 0 53 4432 0 54 4450 0 66 4450 0 67 4454 0 79 4474 0 74 4474 0 75 4474 0 90 4474 0 91 4474 0 92 4477 0 79 4503 0 79 4525 0 51 4528 0 52 4535 0 79 4574 0 54 4578 0 53 4592 0 79 4636 0 51 4690 0 52 4717 0 53 4733 0 54 4739 0 
TIME iteration: 299 ms
Round:9
IR: 187, 118, 158, 256, 16
4773 0 60 4773 0 61 4781 0 76 4797 0 90 4797 0 91 4797 0 92 4805 0 76 4806 0 52 4832 0 76 4862 0 68 4866 0 76 4868 0 69 4895 0 51 4916 0 54 4924 0 52 4928 0 53 5010 0 51 5042 0 54 5045 0 60 5045 0 61 5047 0 76 5058 0 52 5065 0 68 5065 0 69 5068 0 90 5068 0 91 5068 0 92 5069 0 53 5070 0 76 5096 0 76 5127 0 76 5146 0 68 5172 0 54 5178 0 76 5179 0 53 5206 0 51 5248 0 
TIME iteration: 300 ms
Round:10
IR: 151, 341, 276, 235, 74
5311 0 54 5314 0 53 5349 0 51 5379 0 60 5379 0 61 5383 0 76 5393 0 69 5404 0 90 5404 0 91 5404 0 92 5405 0 68 5406 0 76 5432 0 76 5448 0 52 5455 0 69 5460 0 53 5464 0 76 5467 0 51 5506 0 54 5520 0 76 5556 0 52 5593 0 51 5649 0 54 5670 0 53 5696 0 52 5735 0 63 5736 0 62 5744 0 77 5761 0 90 5761 0 91 5761 0 92 5768 0 77 5795 0 77 5811 0 
TIME iteration: 299 ms
Round:11
IR: 281, 226, 143, 245, 115
5830 0 77 5831 0 71 5833 0 70 5836 0 54 5839 0 51 5862 0 53 5941 0 52 5980 0 54 5996 0 51 6013 0 63 6017 0 62 6017 0 77 6032 0 53 6036 0 70 6037 0 71 6039 0 90 6039 0 91 6039 0 92 6040 0 77 6046 0 52 6066 0 77 6097 0 77 6116 0 54 6127 0 70 6131 0 52 6148 0 77 6167 0 51 6181 0 53 6295 0 52 6295 0 54 6297 0 51 6320 0 62 6320 0 63 6324 0 77 6333 0 71 6344 0 70 6344 0 90 6344 0 91 6344 0 92 6347 0 
TIME iteration: 300 ms
Round:12
IR: 288, 262, 99, 212, 227
6373 0 77 6389 0 53 6392 0 71 6405 0 77 6419 0 54 6447 0 51 6452 0 52 6461 0 77 6509 0 53 6564 0 51 6585 0 52 6593 0 54 6630 0 63 6631 0 62 6634 0 77 6641 0 53 6644 0 70 6653 0 71 6655 0 90 6655 0 91 6655 0 92 6657 0 77 6681 0 51 6683 0 77 6705 0 70 6711 0 52 6715 0 77 6746 0 53 6763 0 54 6770 0 77 6836 0 52 6865 0 51 6872 0 
TIME iteration: 299 ms
Round:13
IR: 281, 169, 213, 240, 165
6898 0 54 6995 0 53 7000 0 52 7003 0 64 7003 0 65 7007 0 62 7007 0 63 7011 0 78 7012 0 51 7012 0 77 7013 0 54 7023 0 66 7024 0 67 7025 0 71 7028 0 90 7028 0 91 7028 0 92 7032 0 79 7033 0 70 7035 0 78 7036 0 77 7056 0 79 7062 0 78 7063 0 77 7083 0 79 7094 0 73 7096 0 77 7096 0 78 7097 0 53 7100 0 71 7112 0 72 7114 0 75 7115 0 52 7117 0 74 7118 0 79 7143 0 90 7143 0 91 7143 0 92 7145 0 54 7159 0 51 7161 0 77 7221 0 52 7262 0 53 7266 0 54 7294 0 51 7328 0 52 7377 0 54 7415 0 
TIME iteration: 300 ms
Round:14
IR: 123, 130, 127, 207, 92
7445 0 67 7450 0 66 7452 0 79 7454 0 51 7475 0 90 7475 0 91 7475 0 92 7476 0 79 7479 0 74 7479 0 75 7493 0 52 7502 0 79 7535 0 79 7579 0 53 7598 0 79 7600 0 52 7613 0 51 7617 0 54 7686 0 53 7740 0 51 7746 0 52 7790 0 53 7801 0 64 7801 0 65 7808 0 78 7818 0 62 7820 0 63 7826 0 77 7826 0 90 7826 0 91 7826 0 92 7832 0 78 7850 0 77 7854 0 72 7855 0 73 7856 0 51 7859 0 78 7869 0 70 7875 0 71 7877 0 77 7888 0 52 7889 0 54 7893 0 78 7911 0 
TIME iteration: 299 ms
Round:15
IR: 121, 154, 128, 318, 144
7950 0 90 7950 0 91 7950 0 92 7986 0 52 8017 0 51 8038 0 53 8047 0 54 8070 0 52 8157 0 51 8177 0 54 8219 0 52 8246 0 53 8267 0 62 8268 0 63 8272 0 77 8296 0 70 8296 0 77 8296 0 90 8296 0 91 8296 0 92 8299 0 71 8322 0 77 8355 0 77 8366 0 54 8369 0 52 8401 0 53 8416 0 77 8428 0 51 8450 0 52 8478 0 
TIME iteration: 299 ms
Round:16
IR: 224, 210, 146, 227, 34
8533 0 53 8567 0 54 8590 0 66 8590 0 67 8599 0 79 8601 0 52 8613 0 62 8613 0 63 8615 0 90 8615 0 91 8615 0 92 8617 0 77 8623 0 79 8630 0 70 8631 0 71 8640 0 77 8650 0 79 8653 0 75 8659 0 74 8666 0 77 8679 0 51 8683 0 53 8685 0 79 8698 0 70 8698 0 77 8706 0 71 8737 0 90 8737 0 91 8737 0 92 8738 0 52 8738 0 54 8754 0 77 8819 0 51 8863 0 52 8887 0 53 8890 0 54 8974 0 51 8975 0 
TIME iteration: 300 ms
Round:17
IR: 193, 64, 97, 175, 284
9040 0 54 9040 0 63 9041 0 62 9046 0 77 9061 0 53 9069 0 90 9069 0 91 9069 0 92 9070 0 77 9072 0 70 9072 0 71 9097 0 77 9105 0 51 9114 0 52 9130 0 77 9164 0 54 9197 0 77 9237 0 52 9252 0 53 9274 0 51 9308 0 54 9407 0 53 9418 0 54 9427 0 66 9427 0 67 9429 0 51 9435 0 79 9453 0 90 9453 0 91 9453 0 92 9459 0 79 9480 0 75 9482 0 74 9486 0 79 9515 0 51 9521 0 79 9533 0 
TIME iteration: 299 ms
Round:18
IR: 213, 131, 230, 210, 255
9592 0 54 9606 0 51 9625 0 52 9664 0 53 9716 0 51 9735 0 61 9736 0 60 9744 0 76 9760 0 90 9760 0 91 9760 0 92 9768 0 76 9774 0 52 9795 0 76 9814 0 54 9819 0 53 9827 0 68 9830 0 51 9830 0 76 9842 0 69 9916 0 52 9938 0 53 9957 0 51 9960 0 54 9999 0 61 10000 0 60 10001 0 76 10019 0 68 10020 0 69 10023 0 90 10023 0 91 10023 0 92 10024 0 76 10026 0 52 10050 0 
TIME iteration: 299 ms
Round:19
IR: 122, 170, 349, 388, 17
10073 0 51 10081 0 76 10100 0 53 10101 0 68 10104 0 69 10131 0 76 10160 0 54 10164 0 52 10165 0 58 10205 0 58 10222 0 51 10233 0 86 10233 0 87 10240 0 58 10254 0 61 10255 0 60 10257 0 52 10257 0 76 10274 0 68 10274 0 69 10276 0 58 10278 0 90 10278 0 91 10278 0 92 10280 0 76 10306 0 76 10309 0 58 10319 0 53 10338 0 76 10341 0 58 10346 0 86 10346 0 87 10350 0 69 10356 0 68 10367 0 54 10368 0 51 10371 0 58 10391 0 52 10391 0 76 10402 0 58 10432 0 58 10459 0 86 10459 0 87 10461 0 58 10470 0 53 10489 0 58 10517 0 58 10521 0 52 10534 0 51 10544 0 58 10553 0 60 10554 0 61 10557 0 76 10571 0 58 10571 0 86 10571 0 87 10572 0 54 10577 0 68 10577 0 69 10577 0 90 10577 0 91 10577 0 92 10580 0 76 10598 0 
TIME iteration: 300 ms
Round:20
IR: 319, 67, 192, 427, 152
10606 0 76 10625 0 58 10638 0 76 10641 0 53 10652 0 58 10662 0 52 10678 0 51 10679 0 58 10682 0 86 10682 0 87 10693 0 76 10699 0 54 10706 0 58 10733 0 58 10759 0 58 10786 0 58 10791 0 86 10791 0 87 10813 0 58 10815 0 52 10841 0 54 10841 0 58 10842 0 51 10866 0 53 10869 0 58 10898 0 58 10902 0 86 10902 0 87 10927 0 58 10956 0 58 10961 0 52 10980 0 54 10983 0 67 10984 0 66 10985 0 58 10992 0 79 10995 0 51 10998 0 60 10999 0 61 11004 0 76 11010 0 90 11010 0 91 11010 0 92 11014 0 58 11015 0 86 11015 0 87 11016 0 79 11022 0 68 11023 0 69 11028 0 76 11043 0 58 11043 0 79 11050 0 53 11055 0 76 11061 0 75 11063 0 52 11066 0 74 11072 0 58 11078 0 79 11088 0 76 11100 0 58 11127 0 86 11127 0 87 11128 0 
TIME iteration: 300 ms
Round:21
IR: 268, 225, 211, 306, 111
11136 0 90 11136 0 91 11136 0 92 11142 0 51 11152 0 54 11155 0 76 11163 0 58 11200 0 52 11214 0 53 11237 0 58 11246 0 86 11246 0 87 11346 0 52 11355 0 54 11356 0 51 11406 0 53 11487 0 51 11501 0 54 11534 0 60 11539 0 61 11543 0 76 11545 0 66 11545 0 67 11546 0 53 11551 0 79 11566 0 68 11566 0 90 11566 0 91 11566 0 92 11567 0 69 11567 0 76 11575 0 79 11585 0 74 11586 0 75 11594 0 76 11597 0 54 11602 0 79 11628 0 76 11636 0 79 11642 0 
TIME iteration: 299 ms
Round:22
IR: 282, 270, 256, 333, 68
11698 0 90 11698 0 91 11698 0 92 11708 0 76 11725 0 54 11760 0 52 11761 0 53 11893 0 53 11912 0 51 11916 0 54 12003 0 53 12031 0 64 12031 0 65 12037 0 51 12039 0 78 12047 0 52 12060 0 90 12060 0 91 12060 0 92 12063 0 78 12090 0 78 12124 0 78 12125 0 72 12133 0 73 12146 0 51 12174 0 
TIME iteration: 299 ms
Round:23
IR: 221, 132, 235, 351, 162
12191 0 54 12266 0 51 12286 0 58 12299 0 53 12320 0 58 12328 0 65 12329 0 64 12331 0 78 12337 0 86 12337 0 87 12351 0 58 12351 0 72 12351 0 73 12353 0 90 12353 0 91 12353 0 92 12354 0 78 12380 0 78 12381 0 58 12393 0 51 12400 0 52 12410 0 58 12412 0 78 12419 0 54 12438 0 58 12446 0 86 12446 0 87 12465 0 78 12467 0 58 12496 0 58 12512 0 53 12524 0 58 12531 0 51 12551 0 54 12553 0 58 12557 0 86 12557 0 87 12581 0 58 12608 0 58 12616 0 52 12628 0 51 12636 0 58 12645 0 53 12660 0 61 12661 0 60 12663 0 58 12667 0 86 12667 0 87 12669 0 76 12685 0 90 12685 0 91 12685 0 92 12690 0 58 12693 0 76 12699 0 54 12717 0 
TIME iteration: 300 ms
Round:24
IR: 176, 217, 356, 220, 101
12720 0 76 12723 0 69 12727 0 68 12737 0 51 12749 0 58 12755 0 76 12765 0 53 12780 0 86 12780 0 87 12801 0 58 12816 0 52 12835 0 54 12907 0 53 12912 0 51 13002 0 54 13011 0 52 13061 0 67 13066 0 66 13072 0 79 13089 0 53 13090 0 90 13090 0 91 13090 0 92 13096 0 79 13123 0 79 13127 0 51 13143 0 75 13145 0 74 13146 0 52 13158 0 79 13224 0 
TIME iteration: 299 ms
Round:25
IR: 355, 245, 271, 280, 120
13264 0 51 13265 0 54 13339 0 52 13379 0 53 13405 0 51 13444 0 60 13444 0 61 13451 0 76 13470 0 90 13470 0 91 13470 0 92 13475 0 76 13494 0 69 13495 0 68 13502 0 76 13516 0 54 13526 0 51 13536 0 76 13555 0 52 13627 0 53 13699 0 52 13733 0 54 13737 0 51 13745 0 
TIME iteration: 299 ms
Round:26
IR: 184, 158, 143, 235, 175
13875 0 52 13893 0 54 13896 0 53 13896 0 62 13896 0 63 13902 0 64 13902 0 65 13904 0 77 13910 0 78 13923 0 66 13923 0 90 13923 0 91 13923 0 92 13928 0 77 13934 0 78 13941 0 79 13955 0 77 13961 0 78 13973 0 79 13977 0 73 13982 0 72 13988 0 51 13989 0 77 13991 0 70 13995 0 78 14001 0 71 14019 0 52 14021 0 53 14031 0 79 14042 0 90 14042 0 91 14042 0 92 14054 0 54 14141 0 53 14145 0 51 14177 0 54 14244 0 53 14272 0 
TIME iteration: 299 ms
Round:27
IR: 267, 233, 161, 252, 92
14313 0 51 14324 0 54 14369 0 53 14376 0 64 14376 0 65 14381 0 78 14405 0 78 14405 0 90 14405 0 91 14405 0 92 14410 0 72 14411 0 73 14432 0 78 14465 0 78 14489 0 51 14489 0 54 14525 0 53 14531 0 78 14578 0 52 14615 0 54 14633 0 51 14648 0 53 14710 0 64 14711 0 65 14715 0 78 14728 0 73 14729 0 72 14735 0 52 14736 0 90 14736 0 91 14736 0 92 14737 0 53 14739 0 78 14743 0 51 14765 0 78 14793 0 54 14798 0 78 14801 0 73 14806 0 
TIME iteration: 299 ms
Round:28
IR: 220, 155, 139, 271, 277
14859 0 78 14865 0 51 14907 0 52 14948 0 54 14956 0 53 15066 0 51 15094 0 54 15096 0 53 15099 0 64 15100 0 65 15104 0 78 15105 0 52 15121 0 66 15121 0 67 15125 0 90 15125 0 91 15125 0 92 15128 0 72 15128 0 78 15129 0 73 15130 0 79 15154 0 78 15154 0 79 15181 0 79 15187 0 78 15191 0 51 15193 0 74 15193 0 75 15205 0 53 15216 0 79 15239 0 52 15248 0 78 15248 0 90 15248 0 91 15248 0 92 15261 0 54 15296 0 
TIME iteration: 299 ms
Round:29
IR: 201, 181, 178, 235, 109
15422 0 51 15422 0 54 15459 0 53 15520 0 54 15551 0 51 15568 0 66 15570 0 67 15574 0 79 15587 0 52 15598 0 79 15598 0 90 15598 0 91 15598 0 92 15601 0 74 15601 0 75 15625 0 79 15631 0 53 15659 0 79 15663 0 54 15671 0 51 15731 0 52 15762 0 53 15785 0 54 15842 0 52 15850 0 
TIME iteration: 299 ms
Round:30
IR: 171, 258, 242, 231, 187
15909 0 54 15919 0 66 15919 0 67 15923 0 79 15937 0 74 15937 0 75 15944 0 90 15944 0 91 15944 0 92 15946 0 52 15946 0 79 15951 0 53 15972 0 79 16004 0 51 16004 0 79 16010 0 74 16013 0 75 16050 0 54 16063 0 79 16105 0 52 16108 0 53 16118 0 51 16201 0 54 16217 0 66 16218 0 67 16221 0 79 16235 0 53 16239 0 75 16240 0 74 16242 0 90 16242 0 91 16242 0 92 16244 0 79 16269 0 51 16270 0 79 16293 0 52 16302 0 79 16355 0 53 16360 0 79 16409 0 54 16425 0 
TIME iteration: 299 ms
Round:31
IR: 260, 153, 250, 257, 107
16502 0 53 16522 0 52 16530 0 54 16568 0 51 16581 0 66 16581 0 67 16586 0 79 16598 0 74 16598 0 75 16606 0 90 16606 0 91 16606 0 92 16610 0 79 16637 0 79 16647 0 52 16668 0 74 16670 0 79 16671 0 75 16689 0 53 16715 0 54 16716 0 51 16741 0 79 16786 0 52 16788 0 53 16832 0 
TIME iteration: 299 ms
Round:32
IR: 129, 149, 166, 232, 17
16960 0 54 16964 0 53 16973 0 52 16986 0 65 16987 0 64 16991 0 66 16992 0 67 16995 0 78 16997 0 79 17011 0 62 17011 0 63 17012 0 90 17012 0 91 17012 0 92 17019 0 77 17019 0 78 17021 0 79 17022 0 74 17022 0 75 17024 0 51 17043 0 77 17046 0 78 17048 0 79 17070 0 77 17077 0 73 17081 0 72 17081 0 78 17082 0 79 17085 0 54 17104 0 77 17107 0 71 17111 0 70 17115 0 52 17116 0 53 17126 0 90 17126 0 91 17126 0 92 17208 0 51 17216 0 54 17236 0 53 17261 0 52 17316 0 54 17377 0 53 17378 0 51 17429 0 
TIME iteration: 300 ms
Round:33
IR: 185, 268, 328, 303, 123
17500 0 63 17505 0 62 17507 0 54 17508 0 77 17526 0 66 17526 0 67 17532 0 77 17532 0 79 17532 0 90 17532 0 91 17532 0 92 17540 0 71 17541 0 70 17554 0 53 17556 0 79 17557 0 75 17558 0 74 17559 0 77 17579 0 51 17583 0 79 17592 0 77 17594 0 52 17617 0 79 17657 0 90 17657 0 91 17657 0 92 17659 0 77 17708 0 54 17736 0 53 17795 0 51 17855 0 54 17856 0 53 17877 0 52 17956 0 51 17964 0 53 17974 0 54 17985 0 64 17985 0 65 17993 0 78 18005 0 66 18005 0 67 18010 0 79 18014 0 90 18014 0 91 18014 0 92 18017 0 
TIME iteration: 300 ms
Round:34
IR: 202, 121, 149, 332, 119
18033 0 74 18033 0 75 18034 0 79 18044 0 78 18048 0 73 18049 0 72 18061 0 79 18078 0 78 18084 0 54 18094 0 52 18095 0 79 18098 0 51 18140 0 90 18140 0 91 18140 0 92 18141 0 53 18212 0 51 18223 0 54 18226 0 52 18304 0 53 18319 0 51 18322 0 52 18394 0 54 18418 0 51 18439 0 53 18439 0 60 18439 0 61 18447 0 76 18468 0 90 18468 0 91 18468 0 92 18471 0 76 18486 0 54 18488 0 52 18498 0 76 18532 0 76 18533 0 69 18540 0 
TIME iteration: 304 ms
Round:35
IR: 266, 389, 262, 285, 64
18561 0 53 18612 0 51 18616 0 52 18632 0 54 18717 0 53 18758 0 51 18782 0 60 18783 0 61 18784 0 52 18786 0 76 18787 0 54 18808 0 68 18808 0 90 18808 0 91 18808 0 92 18809 0 76 18810 0 69 18823 0 53 18835 0 76 18867 0 76 18891 0 51 18922 0 76 18924 0 54 18937 0 53 19003 0 52 19069 0 54 19075 0 
TIME iteration: 299 ms
Round:36
IR: 226, 146, 170, 259, 71
19085 0 53 19146 0 64 19151 0 65 19157 0 78 19174 0 90 19174 0 91 19174 0 92 19181 0 78 19189 0 53 19202 0 51 19204 0 54 19208 0 78 19218 0 72 19218 0 73 19227 0 52 19243 0 78 19310 0 51 19343 0 53 19398 0 54 19405 0 52 19468 0 51 19519 0 54 19520 0 60 19520 0 61 19527 0 76 19546 0 90 19546 0 91 19546 0 92 19551 0 76 19563 0 69 19565 0 68 19578 0 76 19584 0 53 19604 0 
TIME iteration: 299 ms
Round:37
IR: 202, 166, 169, 249, 123
19612 0 76 19684 0 51 19707 0 53 19713 0 52 19726 0 54 19845 0 54 19864 0 67 19865 0 66 19867 0 53 19873 0 79 19888 0 52 19890 0 90 19890 0 91 19890 0 92 19897 0 79 19924 0 79 19944 0 74 19956 0 51 19956 0 75 19959 0 79 19967 0 54 19985 0 52 20070 0 51 20070 0 53 20092 0 54 20124 0 
TIME iteration: 299 ms
Round:38
IR: 206, 297, 270, 413, 356
20140 0 66 20141 0 67 20143 0 79 20161 0 74 20161 0 75 20164 0 90 20164 0 91 20164 0 92 20166 0 79 20180 0 51 20192 0 79 20224 0 79 20230 0 53 20247 0 58 20251 0 59 20253 0 75 20254 0 52 20257 0 74 20262 0 51 20267 0 54 20279 0 79 20283 0 58 20288 0 59 20312 0 86 20312 0 87 20317 0 58 20317 0 88 20317 0 89 20321 0 59 20349 0 58 20351 0 88 20351 0 89 20352 0 59 20372 0 51 20380 0 58 20382 0 59 20383 0 88 20383 0 89 20410 0 58 20411 0 59 20413 0 52 20414 0 88 20414 0 89 20422 0 86 20422 0 87 20432 0 53 20439 0 58 20440 0 59 20444 0 88 20444 0 89 20451 0 54 20468 0 58 20469 0 59 20473 0 88 20473 0 89 20497 0 59 20498 0 58 20502 0 88 20502 0 89 20503 0 51 20505 0 60 20505 0 61 20513 0 76 20522 0 52 20524 0 59 20528 0 58 20530 0 88 20530 0 89 20530 0 90 20530 0 91 20530 0 92 20533 0 86 20533 0 87 20537 0 76 20551 0 59 20557 0 58 20557 0 88 20557 0 89 20564 0 68 20564 0 76 20566 0 69 20579 0 59 20585 0 58 20585 0 88 20585 0 89 20598 0 76 20607 0 59 20613 0 58 20613 0 88 20613 0 89 20616 0 53 20635 0 59 20638 0 51 20641 0 58 20641 0 88 20641 0 89 20644 0 86 20644 0 87 20663 0 59 20669 0 58 20669 0 88 20669 0 
TIME iteration: 302 ms
Round:39
IR: 226, 178, 279, 332, 218
20694 0 52 20695 0 59 20699 0 88 20699 0 89 20703 0 58 20723 0 54 20732 0 88 20732 0 89 20751 0 59 20762 0 88 20762 0 89 20766 0 58 20767 0 86 20767 0 87 20780 0 52 20783 0 51 20804 0 88 20804 0 89 20824 0 53 20827 0 60 20828 0 61 20830 0 76 20846 0 54 20849 0 68 20849 0 69 20852 0 90 20852 0 91 20852 0 92 20853 0 76 20879 0 76 20905 0 51 20911 0 76 20919 0 52 20964 0 76 20965 0 54 21047 0 53 21058 0 51 21089 0 52 21121 0 
TIME iteration: 299 ms
Round:40
IR: 203, 191, 200, 162, 130
21225 0 51 21241 0 60 21241 0 61 21246 0 76 21262 0 68 21262 0 69 21267 0 90 21267 0 91 21267 0 92 21270 0 76 21290 0 52 21297 0 54 21297 0 76 21304 0 53 21330 0 76 21344 0 69 21361 0 68 21396 0 76 21426 0 52 21474 0 53 21481 0 54 21490 0 51 21549 0 52 21599 0 51 21600 0 63 21601 0 53 21602 0 62 21603 0 60 21604 0 61 21608 0 76 21609 0 77 21625 0 90 21625 0 91 21625 0 92 21626 0 54 21632 0 68 21632 0 69 21632 0 76 21633 0 77 21658 0 76 21660 0 77 21691 0 76 21694 0 77 21700 0 70 21700 0 71 21712 0 52 21728 0 
TIME iteration: 300 ms
Round:41
IR: 304, 404, 274, 284, 67
21752 0 76 21753 0 51 21754 0 90 21754 0 91 21754 0 92 21782 0 54 21836 0 56 21851 0 53 21864 0 52 21876 0 56 21883 0 51 21904 0 82 21904 0 83 21911 0 56 21943 0 56 21968 0 54 21974 0 56 22004 0 56 22009 0 52 22010 0 51 22014 0 82 22014 0 83 22033 0 56 22035 0 53 22063 0 56 22089 0 54 22093 0 56 22114 0 51 22123 0 56 22126 0 82 22126 0 83 22152 0 56 22182 0 56 22213 0 56 22214 0 53 22231 0 52 22236 0 54 22238 0 82 22238 0 83 22244 0 56 22246 0 62 22247 0 63 22253 0 
TIME iteration: 300 ms
Round:42
IR: 273, 343, 337, 252, 131
22260 0 51 22276 0 56 22277 0 77 22278 0 90 22278 0 91 22278 0 92 22292 0 70 22294 0 71 22304 0 77 22322 0 53 22325 0 56 22338 0 77 22353 0 82 22353 0 83 22374 0 51 22419 0 77 22449 0 53 22454 0 54 22460 0 51 22463 0 52 22563 0 52 22567 0 51 22575 0 53 22602 0 63 22604 0 62 22608 0 54 22608 0 77 22625 0 70 22626 0 71 22629 0 90 22629 0 91 22629 0 92 22632 0 77 22658 0 77 22673 0 52 22691 0 77 22712 0 53 22717 0 54 22717 0 70 22745 0 51 22753 0 
TIME iteration: 300 ms
Round:43
IR: 356, 464, 206, 279, 130
22797 0 52 22818 0 53 22872 0 56 22895 0 52 22896 0 62 22897 0 63 22900 0 77 22908 0 71 22910 0 56 22916 0 82 22916 0 83 22917 0 51 22920 0 70 22920 0 90 22920 0 91 22920 0 92 22923 0 77 22945 0 56 22949 0 77 22966 0 71 22978 0 54 22978 0 56 22981 0 53 22981 0 77 23011 0 56 23014 0 52 23028 0 82 23028 0 83 23036 0 77 23042 0 56 23073 0 56 23078 0 51 23095 0 53 23102 0 56 23122 0 52 23131 0 56 23138 0 82 23138 0 83 23139 0 54 23160 0 56 23165 0 62 23165 0 63 23168 0 77 23174 0 70 23183 0 71 23188 0 90 23188 0 91 23188 0 92 23189 0 56 23191 0 77 23205 0 52 23217 0 56 23217 0 77 23228 0 70 23230 0 51 23234 0 53 23246 0 56 23249 0 77 23249 0 82 23249 0 83 23256 0 71 23274 0 56 23282 0 52 23302 0 56 23303 0 54 23303 0 
TIME iteration: 300 ms
Round:44
IR: 387, 480, 213, 202, 73
23330 0 56 23351 0 51 23359 0 56 23361 0 82 23361 0 83 23386 0 52 23388 0 56 23389 0 53 23394 0 63 23395 0 62 23397 0 77 23410 0 70 23412 0 71 23417 0 56 23417 0 90 23417 0 91 23417 0 92 23420 0 77 23445 0 54 23445 0 56 23446 0 77 23473 0 56 23473 0 82 23473 0 83 23475 0 70 23477 0 77 23481 0 71 23487 0 52 23499 0 51 23501 0 56 23528 0 77 23529 0 56 23531 0 53 23557 0 56 23585 0 56 23585 0 82 23585 0 83 23611 0 51 23613 0 56 23638 0 54 23641 0 56 23652 0 52 23659 0 53 23669 0 56 23680 0 63 23681 0 62 23684 0 77 23697 0 82 23697 0 83 23699 0 56 23702 0 71 23703 0 70 23704 0 90 23704 0 91 23704 0 92 23707 0 77 23728 0 56 23733 0 77 23756 0 56 23765 0 77 23777 0 54 23784 0 56 23788 0 52 23794 0 71 23809 0 82 23809 0 83 23812 0 56 23814 0 53 23820 0 77 23840 0 
TIME iteration: 300 ms
Round:45
IR: 287, 380, 299, 221, 122
23868 0 51 23871 0 56 23918 0 56 23923 0 82 23923 0 83 23927 0 52 23937 0 54 23969 0 62 23969 0 63 23972 0 77 23981 0 70 23992 0 71 23993 0 90 23993 0 91 23993 0 92 23995 0 77 24021 0 77 24041 0 70 24053 0 77 24057 0 52 24071 0 53 24092 0 54 24098 0 51 24107 0 77 24172 0 52 24283 0 51 24294 0 52 24296 0 62 24297 0 63 24300 0 77 24311 0 71 24320 0 70 24321 0 90 24321 0 91 24321 0 92 24323 0 77 24335 0 53 24349 0 77 24377 0 
TIME iteration: 302 ms
Round:46
IR: 173, 178, 182, 179, 114
24381 0 77 24383 0 54 24425 0 52 24436 0 77 24466 0 51 24508 0 53 24573 0 52 24586 0 54 24612 0 63 24613 0 62 24616 0 77 24627 0 70 24636 0 51 24636 0 71 24637 0 90 24637 0 91 24637 0 92 24639 0 77 24665 0 77 24688 0 53 24690 0 70 24697 0 77 24700 0 52 24714 0 54 24752 0 77 24828 0 52 24855 0 53 24894 0 
TIME iteration: 301 ms
Round:47
IR: 250, 300, 254, 224, 320
24944 0 51 24974 0 53 24999 0 52 25001 0 65 25002 0 64 25004 0 62 25004 0 63 25009 0 77 25010 0 78 25023 0 71 25026 0 90 25026 0 91 25026 0 92 25032 0 70 25033 0 77 25034 0 78 25060 0 77 25061 0 78 25089 0 51 25091 0 73 25093 0 77 25096 0 78 25102 0 71 25102 0 72 25104 0 54 25116 0 53 25156 0 90 25156 0 91 25156 0 92 25159 0 77 25175 0 52 25267 0 54 25288 0 51 25314 0 53 25388 0 
TIME iteration: 302 ms
Round:48
IR: 259, 231, 239, 387, 112
25447 0 54 25475 0 51 25492 0 53 25534 0 58 25555 0 52 25570 0 58 25597 0 62 25597 0 63 25599 0 86 25599 0 87 25603 0 54 25604 0 58 25604 0 77 25614 0 67 25615 0 66 25616 0 51 25624 0 79 25625 0 60 25625 0 61 25628 0 77 25628 0 90 25628 0 91 25628 0 92 25631 0 70 25633 0 76 25635 0 58 25641 0 71 25648 0 79 25655 0 77 25657 0 76 25667 0 58 25670 0 52 25675 0 79 25684 0 76 25689 0 77 25693 0 53 25699 0 58 25707 0 75 25709 0 86 25709 0 87 25710 0 79 25713 0 74 25718 0 68 25718 0 76 25720 0 69 25729 0 58 25742 0 90 25742 0 91 25742 0 92 25743 0 51 25759 0 58 25788 0 58 25814 0 54 25816 0 58 25820 0 86 25820 0 87 25844 0 58 25855 0 53 25871 0 52 25872 0 58 25900 0 58 25915 0 51 25928 0 58 25931 0 86 25931 0 87 25956 0 58 25964 0 
TIME iteration: 304 ms
Round:49
IR: 217, 227, 184, 194, 325
25988 0 58 25998 0 52 26031 0 53 26038 0 58 26045 0 86 26045 0 87 26058 0 51 26106 0 60 26106 0 61 26111 0 76 26123 0 54 26131 0 52 26135 0 76 26135 0 90 26135 0 91 26135 0 92 26141 0 68 26142 0 69 26162 0 76 26163 0 51 26195 0 76 26209 0 53 26261 0 76 26268 0 54 26271 0 51 26328 0 52 26336 0 53 26377 0 51 26394 0 54 26401 0 61 26402 0 60 26405 0 76 26415 0 68 26417 0 69 26426 0 90 26426 0 91 26426 0 92 26428 0 76 26454 0 76 26476 0 68 26485 0 69 26486 0 76 26497 0 51 26498 0 
TIME iteration: 302 ms
Round:50
IR: 231, 255, 156, 262, 107
26531 0 53 26541 0 76 26558 0 54 26609 0 51 26641 0 60 26643 0 61 26645 0 76 26659 0 68 26660 0 69 26665 0 90 26665 0 91 26665 0 92 26668 0 76 26694 0 76 26704 0 51 26724 0 53 26726 0 76 26729 0 68 26735 0 54 26735 0 69 26779 0 76 26782 0 52 26826 0 51 26870 0 61 26871 0 60 26873 0 76 26883 0 53 26888 0 68 26888 0 69 26893 0 90 26893 0 91 26893 0 92 26896 0 76 26922 0 76 26953 0 76 26960 0 69 26961 0 68 26974 0 51 27000 0 54 27004 0 76 27023 0 
TIME iteration: 302 ms
Round:51
IR: 177, 287, 269, 210, 119
27068 0 53 27146 0 51 27146 0 52 27150 0 54 27174 0 60 27174 0 61 27178 0 76 27196 0 69 27197 0 68 27198 0 90 27198 0 91 27198 0 92 27201 0 76 27227 0 76 27259 0 76 27278 0 51 27280 0 54 27315 0 76 27317 0 53 27350 0 52 27409 0 51 27455 0 53 27466 0 54 27471 0 
TIME iteration: 302 ms
Round:52
IR: 152, 244, 282, 244, 207
27578 0 53 27589 0 64 27589 0 65 27597 0 78 27612 0 52 27615 0 90 27615 0 91 27615 0 92 27621 0 78 27637 0 54 27648 0 78 27659 0 51 27674 0 53 27677 0 72 27682 0 78 27685 0 73 27812 0 53 27823 0 52 27836 0 54 27867 0 64 27867 0 65 27869 0 78 27888 0 72 27888 0 73 27891 0 90 27891 0 91 27891 0 92 27892 0 78 27918 0 78 27935 0 52 27944 0 51 27949 0 78 27950 0 53 27987 0 73 28000 0 78 28004 0 54 28064 0 52 28072 0 
TIME iteration: 302 ms
Round:53
IR: 172, 200, 289, 343, 60
28106 0 53 28167 0 54 28172 0 64 28173 0 65 28176 0 78 28185 0 72 28196 0 73 28197 0 90 28197 0 91 28197 0 92 28198 0 51 28199 0 78 28225 0 78 28244 0 72 28247 0 52 28257 0 78 28285 0 53 28311 0 54 28312 0 78 28313 0 51 28411 0 52 28447 0 54 28460 0 53 28535 0 65 28536 0 64 28540 0 78 28552 0 73 28555 0 51 28561 0 72 28561 0 90 28561 0 91 28561 0 92 28564 0 78 28577 0 54 28579 0 53 28590 0 
TIME iteration: 302 ms
Round:54
IR: 204, 285, 200, 333, 272
28621 0 73 28623 0 78 28662 0 52 28684 0 78 28694 0 54 28714 0 53 28732 0 51 28804 0 54 28826 0 52 28836 0 53 28850 0 64 28851 0 65 28854 0 78 28864 0 67 28865 0 66 28866 0 72 28873 0 79 28874 0 73 28875 0 90 28875 0 91 28875 0 92 28877 0 51 28877 0 78 28897 0 79 28903 0 78 28924 0 79 28933 0 72 28935 0 78 28954 0 75 28959 0 74 28959 0 79 28985 0 54 28990 0 78 28993 0 53 29000 0 90 29000 0 91 29000 0 92 29029 0 52 29082 0 51 29145 0 
TIME iteration: 302 ms
Round:55
IR: 261, 114, 138, 214, 311
29150 0 52 29201 0 51 29246 0 54 29338 0 52 29339 0 53 29341 0 51 29363 0 61 29364 0 60 29372 0 76 29393 0 90 29393 0 91 29393 0 92 29396 0 76 29423 0 76 29430 0 54 29453 0 69 29458 0 68 29458 0 76 29459 0 53 29470 0 52 29550 0 51 29581 0 53 29601 0 
TIME iteration: 299 ms
Round:56
IR: 274, 274, 179, 323, 213
29682 0 53 29702 0 64 29702 0 65 29710 0 78 29726 0 52 29727 0 90 29727 0 91 29727 0 92 29734 0 78 29751 0 73 29759 0 72 29761 0 78 29764 0 51 29764 0 54 29795 0 78 29810 0 53 29835 0 52 29856 0 51 29906 0 53 29930 0 54 29954 0 52 29984 0 65 29987 0 64 29988 0 78 30003 0 72 30003 0 73 30009 0 90 30009 0 91 30009 0 92 30011 0 78 30016 0 51 30027 0 53 30037 0 78 30069 0 78 30074 0 54 30074 0 72 30078 0 73 30121 0 51 30122 0 78 30132 0 52 30202 0 53 30202 0 
TIME iteration: 300 ms
Round:57
IR: 152, 24, 111, 319, 256
30283 0 65 30290 0 78 30292 0 51 30302 0 64 30311 0 90 30311 0 91 30311 0 92 30313 0 78 30317 0 72 30318 0 73 30338 0 78 30349 0 52 30357 0 54 30368 0 78 30397 0 53 30411 0 78 30445 0 51 30496 0 54 30516 0 52 30523 0 53 30587 0 51 30623 0 54 30644 0 52 30654 0 66 30655 0 67 30663 0 79 30678 0 62 30678 0 63 30679 0 90 30679 0 91 30679 0 92 30686 0 77 30687 0 79 30697 0 53 30709 0 51 30710 0 77 30714 0 79 30737 0 
TIME iteration: 298 ms
Round:58
IR: 369, 243, 215, 278, 158
30742 0 54 30742 0 74 30747 0 75 30749 0 79 30771 0 77 30774 0 71 30776 0 70 30789 0 52 30800 0 90 30800 0 91 30800 0 92 30828 0 53 30913 0 54 30946 0 51 30948 0 52 31063 0 53 31093 0 54 31096 0 52 31160 0 63 31163 0 62 31167 0 77 31191 0 77 31191 0 90 31191 0 91 31191 0 92 31196 0 71 31198 0 70 31214 0 51 31218 0 77 31223 0 53 31248 0 54 31251 0 
TIME iteration: 298 ms
Round:59
IR: 352, 57, 120, 266, 262
31318 0 77 31372 0 51 31412 0 53 31416 0 54 31431 0 52 31464 0 51 31510 0 60 31510 0 61 31518 0 76 31535 0 90 31535 0 91 31535 0 92 31542 0 76 31556 0 52 31569 0 76 31585 0 53 31587 0 54 31601 0 68 31602 0 69 31603 0 76 31636 0 51 31660 0 52 31723 0 54 31732 0 53 31766 0 52 31797 0 
TIME iteration: 298 ms
Round:60
IR: 251, 143, 102, 314, 284
31829 0 62 31830 0 63 31835 0 61 31836 0 77 31837 0 60 31839 0 76 31854 0 90 31854 0 91 31854 0 92 31856 0 54 31860 0 53 31860 0 77 31861 0 68 31861 0 69 31862 0 76 31870 0 71 31873 0 70 31887 0 77 31888 0 76 31920 0 76 31921 0 77 31925 0 52 31974 0 76 31976 0 51 31978 0 53 31981 0 54 31982 0 90 31982 0 91 31982 0 92 32002 0 77 32048 0 52 32076 0 51 32130 0 54 32147 0 52 32207 0 53 32233 0 51 32242 0 52 32265 0 54 32265 0 62 32266 0 63 32271 0 77 32291 0 70 32293 0 71 32294 0 90 32294 0 91 32294 0 92 32295 0 77 32322 0 
TIME iteration: 299 ms
Round:61
IR: 129, 128, 111, 215, 185
32355 0 77 32361 0 52 32370 0 53 32384 0 51 32396 0 54 32422 0 77 32525 0 54 32544 0 53 32547 0 51 32635 0 52 32706 0 51 32716 0 54 32719 0 53 32721 0 61 32722 0 60 32728 0 67 32729 0 66 32729 0 76 32737 0 79 32741 0 64 32741 0 65 32749 0 78 32749 0 90 32749 0 91 32749 0 92 32753 0 76 32761 0 79 32772 0 68 32773 0 69 32773 0 78 32780 0 76 32788 0 79 32800 0 78 32808 0 52 32814 0 76 32821 0 75 32823 0 79 32824 0 74 32834 0 72 32834 0 78 32836 0 
TIME iteration: 299 ms
Round:62
IR: 218, 40, 129, 215, 183
32864 0 90 32864 0 91 32864 0 92 32884 0 54 32892 0 51 32904 0 53 32936 0 52 33030 0 54 33031 0 53 33058 0 52 33106 0 51 33165 0 54 33183 0 52 33204 0 62 33205 0 63 33211 0 66 33212 0 67 33212 0 77 33217 0 79 33229 0 51 33232 0 90 33232 0 91 33232 0 92 33236 0 77 33241 0 79 33247 0 53 33247 0 74 33250 0 75 33259 0 70 33260 0 71 33263 0 77 33268 0 79 33297 0 77 33302 0 79 33326 0 54 33363 0 90 33363 0 91 33363 0 92 33379 0 
TIME iteration: 298 ms
Round:63
IR: 144, 21, 105, 248, 208
33401 0 52 33434 0 53 33504 0 52 33510 0 54 33525 0 51 33600 0 53 33606 0 52 33652 0 62 33653 0 63 33657 0 77 33675 0 54 33681 0 77 33681 0 90 33681 0 91 33681 0 92 33682 0 70 33684 0 71 33685 0 51 33707 0 77 33726 0 53 33740 0 77 33759 0 52 33801 0 77 33831 0 54 33876 0 
TIME iteration: 298 ms
Round:64
IR: 275, 203, 96, 200, 199
33922 0 52 33942 0 51 33963 0 54 34043 0 53 34050 0 67 34052 0 66 34059 0 79 34065 0 51 34075 0 64 34075 0 65 34077 0 90 34077 0 91 34077 0 92 34082 0 52 34083 0 78 34083 0 79 34100 0 75 34103 0 74 34107 0 78 34110 0 79 34129 0 54 34134 0 78 34145 0 79 34152 0 72 34152 0 73 34168 0 78 34185 0 51 34199 0 90 34199 0 91 34199 0 92 34204 0 53 34262 0 52 34291 0 51 34322 0 54 34349 0 53 34441 0 
TIME iteration: 298 ms
Round:65
IR: 152, 255, 314, 308, 182
34457 0 53 34468 0 52 34518 0 64 34518 0 65 34523 0 78 34526 0 51 34547 0 78 34547 0 90 34547 0 91 34547 0 92 34549 0 54 34550 0 73 34551 0 72 34573 0 53 34574 0 78 34607 0 78 34656 0 52 34673 0 78 34683 0 54 34736 0 51 34761 0 53 34781 0 52 34782 0 54 34855 0 66 34857 0 67 34864 0 79 34881 0 90 34881 0 91 34881 0 92 34888 0 79 34891 0 51 34892 0 54 34905 0 75 34908 0 74 34915 0 79 34930 0 52 34950 0 
TIME iteration: 298 ms
Round:66
IR: 173, 180, 95, 224, 141
35000 0 53 35029 0 51 35128 0 54 35137 0 52 35159 0 53 35192 0 51 35241 0 54 35243 0 52 35258 0 66 35259 0 61 35259 0 67 35262 0 60 35263 0 79 35269 0 62 35269 0 63 35269 0 76 35277 0 77 35283 0 90 35283 0 91 35283 0 92 35284 0 74 35284 0 75 35287 0 79 35293 0 76 35301 0 77 35313 0 79 35320 0 76 35328 0 77 35333 0 53 35346 0 79 35350 0 69 35352 0 70 35353 0 71 35354 0 68 35355 0 76 35362 0 77 35375 0 54 35399 0 90 35399 0 91 35399 0 92 35412 0 79 35422 0 51 35493 0 52 35499 0 54 35507 0 
TIME iteration: 299 ms
Round:67
IR: 173, 128, 97, 225, 254
35593 0 53 35598 0 51 35648 0 52 35710 0 51 35735 0 54 35748 0 61 35750 0 60 35754 0 76 35773 0 52 35778 0 76 35778 0 90 35778 0 91 35778 0 92 35785 0 68 35785 0 69 35786 0 53 35805 0 76 35818 0 51 35838 0 76 35875 0 52 35879 0 54 35904 0 76 35923 0 53 35952 0 51 35989 0 52 36026 0 
TIME iteration: 298 ms
Round:68
IR: 210, 219, 104, 319, 229
36078 0 52 36081 0 51 36084 0 62 36084 0 63 36091 0 77 36092 0 65 36094 0 64 36097 0 61 36098 0 60 36101 0 78 36102 0 76 36109 0 90 36109 0 91 36109 0 92 36115 0 77 36116 0 54 36117 0 68 36117 0 69 36125 0 78 36126 0 76 36138 0 70 36140 0 71 36142 0 53 36142 0 77 36152 0 76 36152 0 78 36157 0 52 36172 0 73 36176 0 77 36177 0 72 36185 0 76 36186 0 78 36198 0 69 36201 0 68 36224 0 90 36224 0 91 36224 0 92 36227 0 54 36246 0 76 36271 0 51 36321 0 54 36327 0 53 36441 0 52 36463 0 53 36474 0 54 36491 0 
TIME iteration: 308 ms
Round:69
IR: 201, 126, 199, 210, 127
36575 0 52 36617 0 51 36637 0 61 36639 0 60 36644 0 76 36654 0 62 36657 0 63 36661 0 77 36668 0 76 36668 0 90 36668 0 91 36668 0 92 36677 0 68 36678 0 69 36685 0 77 36690 0 54 36694 0 70 36694 0 71 36695 0 76 36701 0 53 36712 0 77 36729 0 52 36729 0 76 36745 0 77 36796 0 90 36796 0 91 36796 0 92 36803 0 53 36805 0 76 36812 0 77 36815 0 51 36833 0 54 36839 0 52 36965 0 53 37019 0 51 37032 0 54 37069 0 52 37093 0 
TIME iteration: 298 ms
Round:70
IR: 327, 27, 143, 211, 100
37152 0 51 37155 0 64 37156 0 65 37163 0 78 37177 0 54 37185 0 90 37185 0 91 37185 0 92 37187 0 78 37214 0 78 37220 0 72 37222 0 73 37228 0 52 37237 0 53 37248 0 78 37338 0 51 37338 0 52 37344 0 54 37383 0 53 37489 0 54 37499 0 53 37505 0 64 37506 0 65 37509 0 78 37512 0 52 37530 0 72 37530 0 73 37531 0 90 37531 0 91 37531 0 92 37532 0 78 37546 0 51 37558 0 78 37590 0 78 37592 0 
TIME iteration: 299 ms
Round:71
IR: 281, 129, 161, 191, 355
37645 0 78 37653 0 54 37694 0 52 37728 0 51 37739 0 59 37773 0 59 37802 0 88 37802 0 89 37807 0 59 37817 0 54 37836 0 88 37836 0 89 37840 0 59 37864 0 53 37869 0 88 37869 0 89 37871 0 59 37887 0 52 37901 0 88 37901 0 89 37902 0 59 37931 0 59 37932 0 88 37932 0 89 37950 0 54 37960 0 59 37962 0 88 37962 0 89 37989 0 59 37992 0 88 37992 0 89 38011 0 52 38018 0 53 38019 0 59 38022 0 88 38022 0 89 38023 0 51 38028 0 64 38029 0 65 38035 0 78 38048 0 59 38052 0 88 38052 0 89 38057 0 73 38057 0 90 38057 0 91 38057 0 92 38058 0 72 38059 0 78 38077 0 59 38081 0 88 38081 0 89 38084 0 54 38086 0 78 38106 0 59 38109 0 53 38110 0 88 38110 0 89 38120 0 78 38134 0 59 38139 0 88 38139 0 89 38153 0 
TIME iteration: 299 ms
Round:72
IR: 159, 248, 233, 319, 189
38164 0 59 38168 0 88 38168 0 89 38200 0 88 38200 0 89 38201 0 78 38205 0 59 38212 0 51 38232 0 88 38232 0 89 38248 0 53 38281 0 88 38281 0 89 38325 0 52 38327 0 51 38397 0 54 38425 0 53 38440 0 64 38441 0 65 38446 0 78 38463 0 72 38463 0 73 38467 0 90 38467 0 91 38467 0 92 38470 0 78 38490 0 52 38493 0 51 38497 0 78 38530 0 78 38573 0 53 38596 0 54 38597 0 78 38602 0 51 38619 0 
TIME iteration: 299 ms
Round:73
IR: 284, 219, 129, 255, 106
38722 0 52 38758 0 51 38784 0 62 38784 0 63 38788 0 53 38792 0 77 38809 0 90 38809 0 91 38809 0 92 38816 0 77 38821 0 52 38843 0 77 38859 0 54 38870 0 71 38874 0 70 38877 0 77 38878 0 53 38896 0 51 38987 0 54 38991 0 52 39020 0 53 39044 0 51 39123 0 54 39156 0 66 39157 0 67 39165 0 79 39177 0 53 39181 0 51 39182 0 90 39182 0 91 39182 0 92 39189 0 79 39216 0 
TIME iteration: 300 ms
Round:74
IR: 200, 175, 170, 238, 90
39251 0 74 39251 0 79 39255 0 75 39276 0 52 39277 0 51 39278 0 54 39330 0 53 39445 0 52 39491 0 53 39508 0 51 39568 0 54 39573 0 52 39578 0 65 39582 0 64 39588 0 62 39588 0 78 39589 0 63 39596 0 77 39607 0 90 39607 0 91 39607 0 92 39612 0 78 39620 0 77 39639 0 78 39640 0 53 39642 0 71 39642 0 73 39643 0 70 39644 0 72 39647 0 77 39673 0 78 39681 0 77 39693 0 54 39698 0 51 39736 0 90 39736 0 91 39736 0 92 39740 0 
TIME iteration: 301 ms
Round:75
IR: 249, 177, 120, 322, 267
39781 0 53 39827 0 54 39860 0 51 39876 0 52 39895 0 53 39938 0 54 39996 0 51 40022 0 52 40046 0 54 40060 0 66 40060 0 67 40068 0 79 40089 0 90 40089 0 91 40089 0 92 40092 0 79 40108 0 53 40119 0 79 40120 0 74 40120 0 75 40143 0 51 40154 0 79 40164 0 54 40219 0 
TIME iteration: 299 ms
Round:76
IR: 181, 174, 146, 258, 242
40333 0 54 40370 0 51 40381 0 52 40382 0 53 40432 0 67 40440 0 79 40463 0 54 40464 0 66 40464 0 90 40464 0 91 40464 0 92 40466 0 79 40477 0 75 40478 0 74 40491 0 79 40505 0 51 40520 0 79 40553 0 52 40560 0 79 40638 0 53 40677 0 52 40687 0 51 40710 0 
TIME iteration: 299 ms
Round:77
IR: 160, 159, 141, 326, 182
40841 0 53 40849 0 51 40877 0 52 40880 0 61 40882 0 60 40889 0 76 40898 0 62 40899 0 63 40907 0 77 40907 0 90 40907 0 91 40907 0 92 40913 0 76 40931 0 77 40940 0 76 40954 0 54 40958 0 77 40971 0 71 40972 0 70 40973 0 68 40974 0 76 40975 0 69 40993 0 77 40996 0 51 41030 0 52 41032 0 90 41032 0 91 41032 0 92 41033 0 53 41151 0 53 41161 0 52 41167 0 54 41257 0 51 41287 0 
TIME iteration: 300 ms
Round:78
IR: 180, 342, 311, 226, 189
41368 0 51 41402 0 54 41428 0 61 41430 0 52 41430 0 60 41431 0 53 41435 0 76 41436 0 64 41436 0 65 41444 0 78 41458 0 90 41458 0 91 41458 0 92 41459 0 76 41468 0 68 41468 0 78 41469 0 69 41486 0 76 41495 0 78 41519 0 73 41520 0 51 41520 0 76 41522 0 72 41529 0 78 41547 0 53 41568 0 54 41590 0 90 41590 0 91 41590 0 92 41596 0 76 41628 0 51 41672 0 53 41725 0 52 41743 0 54 41785 0 51 41840 0 
TIME iteration: 301 ms
Round:79
IR: 287, 153, 290, 320, 30
41886 0 54 41946 0 51 41967 0 53 41978 0 65 41980 0 64 41981 0 60 41982 0 61 41985 0 78 41988 0 76 41993 0 54 41995 0 67 41996 0 66 42004 0 52 42004 0 79 42005 0 90 42005 0 91 42005 0 92 42009 0 78 42012 0 76 42015 0 69 42017 0 68 42018 0 72 42019 0 73 42028 0 79 42036 0 78 42039 0 76 42055 0 79 42067 0 51 42070 0 78 42073 0 76 42075 0 74 42080 0 75 42090 0 79 42093 0 54 42117 0 52 42121 0 90 42121 0 91 42121 0 92 42146 0 78 42154 0 76 42159 0 53 42192 0 51 42204 0 54 42239 0 52 42316 0 53 42335 0 51 42368 0 52 42372 0 
TIME iteration: 302 ms
Round:80
IR: 198, 192, 221, 248, 111
42457 0 53 42496 0 65 42497 0 64 42503 0 78 42526 0 90 42526 0 91 42526 0 92 42527 0 78 42528 0 51 42528 0 72 42528 0 73 42536 0 54 42545 0 52 42554 0 78 42578 0 53 42588 0 78 42640 0 54 42669 0 78 42674 0 52 42744 0 51 42755 0 53 42773 0 54 42775 0 52 42831 0 62 42831 0 63 42839 0 77 42840 0 53 42853 0 64 42853 0 65 42856 0 90 42856 0 91 42856 0 92 42858 0 78 42863 0 77 42871 0 72 42872 0 73 42876 0 52 42882 0 51 42882 0 78 42890 0 77 42909 0 78 42915 0 70 42922 0 71 42924 0 
TIME iteration: 301 ms
Round:81
IR: 217, 172, 174, 186, 205
42942 0 78 42948 0 72 42951 0 73 42956 0 53 42967 0 52 42978 0 90 42978 0 91 42978 0 92 42989 0 51 42998 0 54 43007 0 78 43083 0 52 43102 0 53 43136 0 51 43143 0 54 43228 0 52 43254 0 53 43276 0 54 43301 0 51 43335 0 66 43335 0 67 43342 0 65 43344 0 79 43354 0 78 43358 0 64 43364 0 90 43364 0 91 43364 0 92 43368 0 79 43376 0 53 43377 0 78 43388 0 72 43388 0 73 43395 0 79 43403 0 78 43409 0 54 43409 0 75 43414 0 74 43430 0 79 43435 0 78 43458 0 52 43459 0 
TIME iteration: 301 ms
Round:82
IR: 187, 226, 186, 301, 281
43490 0 78 43492 0 90 43492 0 91 43492 0 92 43503 0 53 43619 0 53 43638 0 52 43669 0 54 43675 0 51 43766 0 53 43807 0 54 43848 0 65 43859 0 52 43860 0 64 43860 0 78 43879 0 51 43884 0 78 43884 0 90 43884 0 91 43884 0 92 43886 0 72 43886 0 73 43911 0 78 43939 0 54 43944 0 78 43983 0 
TIME iteration: 300 ms
Round:83
IR: 208, 211, 156, 220, 102
44012 0 78 44027 0 51 44076 0 52 44077 0 54 44120 0 53 44237 0 54 44254 0 52 44264 0 66 44265 0 67 44273 0 79 44286 0 53 44291 0 90 44291 0 91 44291 0 92 44297 0 79 44302 0 51 44322 0 74 44324 0 75 44324 0 79 44348 0 54 44359 0 79 44445 0 52 44468 0 51 44476 0 54 44499 0 
TIME iteration: 300 ms
Round:84
IR: 212, 318, 254, 202, 83
44551 0 52 44600 0 51 44639 0 54 44646 0 66 44646 0 67 44650 0 79 44656 0 61 44658 0 60 44665 0 76 44671 0 74 44672 0 75 44672 0 90 44672 0 91 44672 0 92 44674 0 79 44689 0 76 44700 0 79 44702 0 52 44707 0 53 44716 0 76 44733 0 79 44747 0 69 44750 0 76 44764 0 68 44768 0 51 44778 0 54 44795 0 79 44799 0 90 44799 0 91 44799 0 92 44845 0 53 44936 0 54 44939 0 52 44942 0 51 44967 0 
TIME iteration: 301 ms
Round:85
IR: 245, 344, 304, 298, 164
45058 0 54 45063 0 52 45086 0 53 45123 0 64 45124 0 65 45132 0 78 45153 0 90 45153 0 91 45153 0 92 45154 0 51 45156 0 78 45183 0 78 45194 0 52 45194 0 72 45194 0 73 45218 0 78 45222 0 53 45276 0 54 45309 0 51 45328 0 52 45336 0 53 45442 0 64 45447 0 78 45453 0 51 45472 0 90 45472 0 91 45472 0 92 45475 0 78 45480 0 53 45491 0 52 45513 0 78 45515 0 
TIME iteration: 306 ms
Round:86
IR: 325, 281, 242, 254, 114
45657 0 51 45673 0 53 45686 0 52 45686 0 54 45793 0 52 45802 0 54 45811 0 53 45834 0 63 45835 0 62 45835 0 66 45835 0 67 45843 0 77 45844 0 79 45859 0 90 45859 0 91 45859 0 92 45867 0 51 45867 0 77 45868 0 79 45871 0 52 45894 0 77 45895 0 79 45900 0 75 45901 0 74 45929 0 71 45929 0 77 45930 0 79 45934 0 70 45950 0 54 45975 0 53 45984 0 52 45990 0 90 45990 0 91 45990 0 92 46021 0 51 46099 0 54 46109 0 
TIME iteration: 299 ms
Round:87
IR: 185, 263, 209, 352, 195
46129 0 51 46142 0 53 46206 0 58 46208 0 51 46242 0 58 46243 0 52 46259 0 54 46264 0 61 46266 0 60 46271 0 86 46271 0 87 46273 0 76 46276 0 58 46293 0 90 46293 0 91 46293 0 92 46296 0 51 46297 0 76 46308 0 58 46324 0 76 46339 0 58 46347 0 69 46349 0 68 46358 0 76 46370 0 58 46374 0 52 46381 0 86 46381 0 87 46401 0 58 46404 0 51 46426 0 53 46431 0 58 46461 0 58 46489 0 54 46491 0 58 46493 0 86 46493 0 87 46510 0 52 46521 0 58 46523 0 51 46543 0 61 46544 0 60 46545 0 76 46551 0 58 46564 0 68 46564 0 69 46567 0 90 46567 0 91 46567 0 92 46568 0 76 46581 0 58 46594 0 76 46605 0 53 46605 0 86 46605 0 87 46610 0 58 46625 0 76 46639 0 
TIME iteration: 300 ms
Round:88
IR: 301, 279, 270, 143, 30
46651 0 68 46653 0 69 46675 0 58 46675 0 76 46680 0 54 46700 0 51 46720 0 52 46724 0 86 46724 0 87 46728 0 53 46832 0 53 46887 0 51 46891 0 54 46899 0 60 46900 0 61 46904 0 76 46925 0 90 46925 0 91 46925 0 92 46927 0 68 46927 0 69 46928 0 76 46954 0 76 46968 0 52 46976 0 53 46987 0 76 47032 0 54 47048 0 76 47115 0 51 47135 0 
TIME iteration: 299 ms
Round:89
IR: 195, 427, 416, 205, 261
47185 0 53 47220 0 54 47249 0 52 47258 0 51 47270 0 56 47284 0 62 47285 0 63 47293 0 77 47300 0 60 47301 0 61 47305 0 76 47308 0 56 47310 0 90 47310 0 91 47310 0 92 47317 0 77 47321 0 68 47321 0 69 47329 0 76 47336 0 82 47336 0 83 47340 0 53 47341 0 56 47344 0 77 47355 0 76 47363 0 71 47367 0 70 47373 0 56 47379 0 52 47379 0 77 47388 0 76 47404 0 56 47404 0 68 47407 0 69 47434 0 56 47435 0 90 47435 0 91 47435 0 92 47441 0 51 47446 0 82 47446 0 83 47449 0 54 47449 0 76 47463 0 56 47485 0 53 47491 0 56 47506 0 52 47519 0 56 47547 0 56 47555 0 82 47555 0 83 47576 0 56 47598 0 54 47604 0 56 47632 0 56 47638 0 52 47660 0 51 47660 0 56 47665 0 82 47665 0 83 47670 0 53 47688 0 
TIME iteration: 300 ms
Round:90
IR: 745, 748, 596, 102, 229
47715 0 56 47743 0 56 47773 0 56 47774 0 54 47776 0 82 47776 0 83 47794 0 52 47794 0 55 47794 0 57 47801 0 56 47814 0 62 47815 0 63 47820 0 77 47828 0 57 47829 0 56 47831 0 55 47844 0 77 47844 0 90 47844 0 91 47844 0 92 47852 0 70 47853 0 71 47857 0 56 47857 0 84 47857 0 85 47860 0 57 47860 0 80 47860 0 81 47864 0 55 47871 0 77 47886 0 56 47888 0 82 47888 0 83 47890 0 57 47896 0 55 47902 0 53 47904 0 77 47914 0 56 47919 0 57 47927 0 55 47934 0 54 47942 0 56 47948 0 57 47959 0 55 47964 0 51 47968 0 84 47968 0 85 47970 0 80 47970 0 81 47971 0 56 47971 0 77 47975 0 57 47990 0 55 47999 0 56 48000 0 82 48000 0 83 48002 0 57 48020 0 55 48024 0 52 48028 0 56 48029 0 57 48033 0 53 48049 0 55 48056 0 57 48057 0 56 48077 0 55 48079 0 84 48079 0 85 48081 0 80 48081 0 81 48083 0 57 48085 0 56 48099 0 54 48106 0 55 48111 0 57 48112 0 82 48112 0 83 48114 0 56 48128 0 51 48136 0 55 48141 0 57 48142 0 56 48165 0 55 48170 0 56 48171 0 57 48176 0 52 48190 0 84 48190 0 85 48194 0 55 48194 0 80 48194 0 81 48198 0 56 48201 0 57 48222 0 63 48223 0 55 48223 0 62 48224 0 82 48224 0 83 48225 0 56 48228 0 53 48228 0 
TIME iteration: 301 ms
Round:91
IR: 508, 400, 556, 573, 302
48230 0 57 48247 0 54 48247 0 70 48247 0 71 48249 0 90 48249 0 91 48249 0 92 48252 0 55 48252 0 77 48255 0 56 48258 0 57 48279 0 77 48281 0 55 48287 0 57 48298 0 56 48300 0 84 48300 0 85 48306 0 80 48306 0 81 48310 0 55 48311 0 52 48312 0 77 48315 0 57 48327 0 58 48338 0 51 48342 0 55 48342 0 57 48343 0 82 48343 0 83 48362 0 58 48370 0 57 48375 0 55 48379 0 77 48386 0 86 48386 0 87 48391 0 53 48395 0 58 48397 0 57 48403 0 54 48406 0 55 48409 0 84 48409 0 85 48416 0 80 48416 0 81 48424 0 57 48427 0 58 48435 0 55 48450 0 57 48458 0 58 48464 0 55 48476 0 57 48487 0 58 48492 0 55 48496 0 86 48496 0 87 48503 0 57 48516 0 58 48519 0 84 48519 0 85 48520 0 55 48524 0 51 48526 0 80 48526 0 81 48530 0 57 48531 0 53 48545 0 58 48548 0 55 48557 0 57 48571 0 52 48574 0 58 48575 0 55 48584 0 57 48602 0 55 48603 0 58 48607 0 86 48607 0 87 48612 0 57 48619 0 54 48629 0 55 48629 0 84 48629 0 85 48632 0 58 48635 0 80 48635 0 81 48640 0 57 48655 0 51 48657 0 55 48661 0 58 48667 0 57 48679 0 53 48685 0 55 48690 0 58 48694 0 57 48714 0 55 48719 0 58 48720 0 86 48720 0 87 48721 0 57 48739 0 84 48739 0 85 48740 0 52 48742 0 55 48746 0 80 48746 0 81 48748 0 57 48748 0 58 48759 0 
TIME iteration: 301 ms
Round:92
IR: 404, 542, 623, 229, 156
48771 0 55 48775 0 57 48779 0 58 48802 0 57 48805 0 51 48805 0 53 48810 0 55 48824 0 58 48829 0 57 48832 0 86 48832 0 87 48842 0 56 48850 0 84 48850 0 85 48856 0 57 48869 0 80 48869 0 81 48878 0 56 48883 0 57 48884 0 82 48884 0 83 48903 0 52 48910 0 57 48911 0 56 48926 0 54 48937 0 57 48940 0 53 48943 0 56 48961 0 84 48961 0 85 48966 0 57 48973 0 56 48995 0 57 48997 0 82 48997 0 83 49002 0 56 49023 0 57 49031 0 51 49031 0 56 49052 0 57 49058 0 52 49060 0 54 49060 0 56 49072 0 84 49072 0 85 49082 0 57 49089 0 56 49101 0 53 49108 0 82 49108 0 83 49111 0 57 49117 0 56 49141 0 57 49145 0 51 49145 0 56 49162 0 52 49171 0 57 49174 0 56 49182 0 84 49182 0 85 49200 0 57 49203 0 56 49203 0 63 49204 0 62 49211 0 77 49218 0 82 49218 0 83 49229 0 57 49231 0 56 49235 0 77 49238 0 90 49238 0 91 49238 0 92 49255 0 51 49257 0 57 49259 0 56 49259 0 71 49260 0 70 49262 0 77 49263 0 53 49282 0 54 49286 0 57 49287 0 
TIME iteration: 300 ms
Round:93
IR: 352, 413, 348, 200, 166
49292 0 84 49292 0 85 49296 0 77 49315 0 56 49321 0 57 49327 0 82 49327 0 83 49343 0 56 49356 0 53 49361 0 52 49371 0 56 49396 0 57 49398 0 56 49408 0 84 49408 0 85 49422 0 51 49425 0 56 49436 0 82 49436 0 83 49451 0 56 49478 0 53 49478 0 56 49504 0 56 49513 0 52 49514 0 54 49531 0 56 49545 0 82 49545 0 83 49558 0 56 49575 0 63 49577 0 62 49580 0 77 49585 0 56 49600 0 70 49601 0 71 49602 0 90 49602 0 91 49602 0 92 49603 0 77 49612 0 56 49616 0 53 49629 0 77 49631 0 52 49639 0 56 49655 0 82 49655 0 83 49661 0 77 49665 0 56 49691 0 56 49711 0 51 49717 0 77 49718 0 56 49746 0 56 49757 0 54 49765 0 82 49765 0 83 49774 0 56 49775 0 53 49802 0 56 49806 0 
TIME iteration: 300 ms
Round:94
IR: 203, 237, 369, 324, 160
49831 0 56 49838 0 51 49871 0 56 49877 0 82 49877 0 83 49914 0 53 49937 0 54 49970 0 52 49993 0 62 49993 0 63 49998 0 77 50015 0 71 50016 0 70 50020 0 90 50020 0 91 50020 0 92 50022 0 77 50025 0 51 50028 0 53 50049 0 77 50082 0 77 50117 0 53 50120 0 51 50129 0 54 50148 0 77 50176 0 52 50228 0 53 50276 0 51 50316 0 52 50331 0 
TIME iteration: 299 ms
Round:95
IR: 386, 302, 238, 261, 100
50374 0 62 50375 0 63 50379 0 77 50393 0 70 50393 0 71 50400 0 90 50400 0 91 50400 0 92 50403 0 77 50429 0 77 50462 0 77 50464 0 71 50469 0 52 50471 0 70 50483 0 53 50511 0 51 50514 0 54 50523 0 77 50601 0 52 50632 0 62 50633 0 63 50636 0 77 50640 0 53 50652 0 71 50653 0 70 50654 0 54 50656 0 90 50656 0 91 50656 0 92 50659 0 77 50685 0 77 50717 0 77 50728 0 52 50729 0 51 50735 0 71 50738 0 70 50771 0 77 50818 0 53 50833 0 
TIME iteration: 299 ms
Round:96
IR: 259, 152, 285, 329, 194
50884 0 52 50906 0 62 50906 0 63 50909 0 77 50927 0 70 50927 0 71 50929 0 90 50929 0 91 50929 0 92 50932 0 77 50958 0 77 50984 0 53 50990 0 77 50995 0 51 51016 0 70 51018 0 71 51044 0 77 51074 0 54 51104 0 52 51104 0 53 51160 0 51 51225 0 52 51227 0 53 51229 0 63 51230 0 62 51233 0 77 51254 0 71 51254 0 90 51254 0 91 51254 0 92 51255 0 70 51256 0 77 51282 0 77 51289 0 51 51314 0 77 51332 0 52 51347 0 54 51350 0 53 51369 0 77 51399 0 
TIME iteration: 300 ms
Round:97
IR: 137, 173, 270, 372, 256
51444 0 52 51505 0 58 51522 0 54 51543 0 58 51570 0 86 51570 0 87 51575 0 51 51577 0 58 51609 0 52 51609 0 58 51613 0 53 51621 0 60 51622 0 61 51630 0 76 51640 0 58 51647 0 90 51647 0 91 51647 0 92 51654 0 76 51670 0 58 51680 0 86 51680 0 87 51681 0 76 51700 0 58 51712 0 54 51713 0 52 51716 0 76 51717 0 69 51721 0 51 51726 0 68 51729 0 58 51758 0 58 51786 0 58 51791 0 86 51791 0 87 51794 0 53 51814 0 58 51827 0 52 51841 0 58 51847 0 51 51863 0 54 51869 0 58 51892 0 60 51894 0 61 51895 0 76 51897 0 58 51901 0 86 51901 0 87 51914 0 68 51914 0 69 51917 0 90 51917 0 91 51917 0 92 51918 0 76 51926 0 
TIME iteration: 300 ms
Round:98
IR: 209, 239, 173, 348, 269
51944 0 76 51957 0 58 51975 0 76 51978 0 53 52002 0 58 52002 0 69 52006 0 52 52012 0 86 52012 0 87 52026 0 76 52029 0 51 52039 0 54 52179 0 51 52179 0 53 52189 0 52 52215 0 60 52215 0 61 52219 0 76 52229 0 68 52239 0 90 52239 0 91 52239 0 92 52240 0 69 52242 0 76 52247 0 54 52268 0 76 52291 0 68 52300 0 76 52313 0 53 52325 0 52 52328 0 51 52356 0 76 52453 0 
TIME iteration: 299 ms
Round:99
IR: 188, 144, 278, 251, 208
52471 0 54 52472 0 53 52488 0 51 52547 0 60 52548 0 61 52552 0 76 52563 0 69 52571 0 52 52572 0 68 52572 0 90 52572 0 91 52572 0 92 52576 0 76 52602 0 76 52632 0 69 52635 0 76 52639 0 51 52646 0 53 52669 0 54 52696 0 76 52793 0 54 52805 0 52 52810 0 53 52822 0 51 52949 0 53 52958 0 52 52969 0 64 52969 0 65 52977 0 78 52996 0 90 52996 0 91 52996 0 
TIME iteration: 299 ms
Round:100
IR: 173, 277, 346, 386, 99
53000 0 54 53001 0 78 53002 0 51 53028 0 78 53062 0 73 53062 0 78 53072 0 72 53094 0 58 53122 0 52 53133 0 58 53148 0 51 53149 0 86 53149 0 87 53151 0 53 53168 0 58 53200 0 58 53230 0 58 53234 0 52 53244 0 54 53259 0 58 53262 0 86 53262 0 87 53288 0 58 53290 0 53 53317 0 58 53336 0 51 53346 0 58 53374 0 52 53374 0 58 53375 0 86 53375 0 87 53392 0 54 53402 0 58 53412 0 60 53413 0 61 53420 0 76 53430 0 58 53437 0 66 53439 0 67 53440 0 90 53440 0 91 53440 0 92 53444 0 76 53446 0 53 53447 0 79 53457 0 58 53463 0 68 53471 0 76 53471 0 79 53472 0 69 53484 0 58 53486 0 86 53486 0 87 53498 0 79 53499 0 54 53500 0 51 53505 0 76 53512 0 58 53529 0 
TIME iteration: 300 ms
Round:101
IR: 265, 248, 242, 278, 31
53533 0 79 53538 0 75 53541 0 58 53542 0 74 53562 0 90 53562 0 91 53562 0 92 53580 0 58 53590 0 53 53597 0 86 53597 0 87 53607 0 54 53648 0 51 53748 0 53 53780 0 54 53799 0 51 53836 0 52 53905 0 53 53920 0 54 53942 0 66 53942 0 67 53948 0 79 53959 0 51 53972 0 79 53972 0 90 53972 0 91 53972 0 92 53979 0 74 53979 0 75 53999 0 79 54004 0 52 54033 0 79 54039 0 
TIME iteration: 299 ms
Round:102
IR: 244, 271, 183, 214, 269
54105 0 51 54116 0 53 54134 0 52 54229 0 54 54267 0 53 54310 0 51 54350 0 52 54402 0 62 54404 0 63 54411 0 77 54431 0 90 54431 0 91 54431 0 92 54435 0 77 54436 0 53 54454 0 54 54462 0 77 54469 0 52 54491 0 71 54496 0 77 54498 0 70 54530 0 51 54574 0 53 54583 0 
TIME iteration: 306 ms
Round:103
IR: 163, 118, 193, 256, 102
54671 0 51 54746 0 52 54746 0 53 54754 0 62 54754 0 63 54757 0 77 54779 0 51 54779 0 90 54779 0 91 54779 0 92 54780 0 71 54780 0 77 54781 0 70 54806 0 77 54821 0 54 54838 0 77 54885 0 51 54892 0 77 54939 0 53 55001 0 52 55018 0 54 55056 0 51 55090 0 
TIME iteration: 299 ms
Round:104
IR: 213, 236, 160, 331, 364
55151 0 52 55187 0 54 55191 0 62 55192 0 63 55197 0 77 55215 0 70 55215 0 71 55218 0 90 55218 0 91 55218 0 92 55221 0 77 55248 0 77 55249 0 59 55267 0 51 55274 0 52 55281 0 77 55284 0 59 55285 0 53 55313 0 88 55313 0 89 55316 0 59 55346 0 59 55347 0 88 55347 0 89 55348 0 77 55375 0 59 55378 0 88 55378 0 89 55404 0 59 55408 0 88 55408 0 89 55411 0 54 55431 0 52 55433 0 59 55437 0 88 55437 0 89 55442 0 51 55462 0 59 55466 0 88 55466 0 89 55468 0 53 55490 0 59 55495 0 88 55495 0 89 55518 0 59 55523 0 88 55523 0 89 55547 0 59 55552 0 88 55552 0 89 55576 0 59 55581 0 88 55581 0 89 55588 0 53 55594 0 54 55603 0 52 55606 0 59 55609 0 64 55609 0 65 55610 0 88 55610 0 89 55617 0 78 55635 0 59 55636 0 90 55636 0 91 55636 0 92 55639 0 88 55639 0 89 55641 0 
TIME iteration: 301 ms
Round:105
IR: 246, 202, 80, 337, 245
55666 0 59 55668 0 78 55669 0 88 55669 0 89 55699 0 73 55701 0 88 55701 0 89 55702 0 78 55707 0 72 55716 0 59 55720 0 54 55725 0 51 55726 0 53 55731 0 88 55731 0 89 55747 0 52 55774 0 88 55774 0 89 55848 0 53 55858 0 51 55885 0 64 55886 0 65 55887 0 52 55887 0 78 55890 0 54 55907 0 72 55907 0 73 55909 0 90 55909 0 91 55909 0 92 55910 0 78 55936 0 78 55967 0 78 55982 0 53 55997 0 51 56001 0 72 56017 0 78 56095 0 52 56123 0 53 56159 0 54 56161 0 51 56173 0 64 56173 0 65 56176 0 
TIME iteration: 300 ms
Round:106
IR: 155, 178, 327, 413, 271
56184 0 73 56192 0 52 56195 0 72 56197 0 90 56197 0 91 56197 0 92 56199 0 78 56225 0 78 56240 0 73 56246 0 53 56257 0 78 56281 0 58 56285 0 54 56311 0 78 56318 0 58 56338 0 53 56345 0 86 56345 0 87 56352 0 58 56362 0 51 56364 0 52 56384 0 58 56415 0 58 56445 0 58 56455 0 86 56455 0 87 56463 0 54 56464 0 51 56474 0 58 56502 0 58 56516 0 52 56529 0 58 56540 0 53 56557 0 58 56564 0 86 56564 0 87 56581 0 60 56585 0 58 56599 0 76 56613 0 58 56614 0 90 56614 0 91 56614 0 92 56626 0 51 56631 0 76 56640 0 54 56641 0 58 56657 0 52 56668 0 58 56674 0 86 56674 0 87 56686 0 76 56695 0 
TIME iteration: 300 ms
Round:107
IR: 133, 205, 149, 214, 203
56724 0 58 56764 0 58 56786 0 86 56786 0 87 56793 0 53 56805 0 54 56861 0 52 56863 0 51 56905 0 53 56972 0 54 56990 0 52 57003 0 51 57016 0 67 57017 0 66 57025 0 79 57037 0 53 57044 0 60 57045 0 61 57046 0 90 57046 0 91 57046 0 92 57049 0 79 57050 0 76 57074 0 76 57076 0 79 57088 0 68 57089 0 69 57101 0 76 57110 0 75 57111 0 79 57112 0 54 57119 0 52 57119 0 74 57134 0 76 57135 0 51 57169 0 90 57169 0 91 57169 0 92 57201 0 76 57211 0 53 57229 0 
TIME iteration: 299 ms
Round:108
IR: 155, 134, 329, 258, 199
57242 0 54 57296 0 51 57390 0 52 57394 0 54 57421 0 53 57499 0 51 57521 0 54 57524 0 52 57536 0 66 57537 0 67 57542 0 79 57546 0 62 57548 0 63 57555 0 77 57566 0 79 57566 0 90 57566 0 91 57566 0 92 57574 0 53 57575 0 74 57575 0 75 57579 0 77 57593 0 79 57606 0 77 57627 0 79 57631 0 71 57638 0 70 57640 0 77 57691 0 51 57692 0 52 57694 0 53 57697 0 90 57697 0 91 57697 0 92 57712 0 
TIME iteration: 299 ms
Round:109
IR: 231, 121, 139, 215, 185
57835 0 51 57845 0 53 57885 0 52 57926 0 54 57963 0 51 58006 0 53 58019 0 52 58076 0 62 58078 0 63 58083 0 77 58089 0 51 58091 0 61 58092 0 60 58099 0 76 58107 0 77 58107 0 90 58107 0 91 58107 0 92 58116 0 71 58117 0 70 58123 0 76 58134 0 77 58150 0 52 58150 0 76 58154 0 69 58155 0 68 58168 0 77 58171 0 54 58184 0 76 58210 0 51 58236 0 90 58236 0 91 58236 0 92 58244 0 77 58276 0 
TIME iteration: 299 ms
Round:110
IR: 216, 138, 203, 226, 184
58332 0 52 58338 0 51 58354 0 54 58444 0 53 58464 0 51 58509 0 54 58544 0 52 58594 0 51 58602 0 61 58603 0 60 58608 0 76 58632 0 76 58632 0 90 58632 0 91 58632 0 92 58639 0 68 58639 0 69 58640 0 54 58654 0 52 58659 0 76 58689 0 53 58692 0 76 58740 0 51 58759 0 76 58764 0 54 58794 0 
TIME iteration: 299 ms
Round:111
IR: 188, 58, 126, 210, 236
58873 0 51 58946 0 60 58948 0 61 58951 0 76 58966 0 69 58967 0 68 58972 0 90 58972 0 91 58972 0 92 58974 0 76 58991 0 54 59000 0 76 59031 0 52 59032 0 76 59044 0 69 59050 0 68 59053 0 53 59088 0 76 59113 0 51 59147 0 54 59164 0 52 59220 0 53 59266 0 51 59267 0 54 59281 0 60 59281 0 61 59285 0 76 59306 0 69 59306 0 90 59306 0 91 59306 0 92 59307 0 68 59308 0 76 59334 0 76 59351 0 
TIME iteration: 299 ms
Round:112
IR: 261, 169, 148, 254, 220
59366 0 76 59411 0 51 59422 0 76 59446 0 52 59451 0 53 59453 0 54 59558 0 53 59590 0 54 59593 0 64 59593 0 65 59601 0 78 59616 0 52 59617 0 90 59617 0 91 59617 0 92 59625 0 78 59636 0 51 59652 0 78 59685 0 72 59686 0 73 59686 0 78 59693 0 54 59728 0 52 59733 0 53 59796 0 51 59819 0 54 59875 0 53 59889 0 
TIME iteration: 300 ms
Round:113
IR: 251, 188, 146, 401, 320
59905 0 65 59907 0 64 59909 0 78 59910 0 54 59917 0 52 59924 0 66 59925 0 67 59929 0 72 59930 0 73 59930 0 90 59930 0 91 59930 0 92 59932 0 78 59933 0 79 59957 0 79 59958 0 78 59984 0 79 59989 0 58 59990 0 78 59998 0 53 60010 0 75 60019 0 79 60021 0 51 60021 0 74 60026 0 58 60044 0 78 60053 0 90 60053 0 91 60053 0 92 60054 0 86 60054 0 87 60055 0 52 60060 0 58 60093 0 58 60097 0 54 60124 0 58 60154 0 58 60164 0 86 60164 0 87 60182 0 53 60183 0 58 60212 0 58 60215 0 52 60216 0 51 60241 0 58 60272 0 58 60276 0 86 60276 0 87 60302 0 58 60325 0 54 60332 0 58 60335 0 53 60363 0 58 60373 0 51 60388 0 86 60388 0 87 60393 0 
TIME iteration: 300 ms
Round:114
IR: 187, 112, 114, 324, 230
60422 0 52 60425 0 58 60464 0 54 60474 0 58 60489 0 66 60489 0 67 60495 0 79 60497 0 53 60504 0 86 60504 0 87 60516 0 51 60519 0 60 60519 0 79 60520 0 61 60520 0 90 60520 0 91 60520 0 92 60528 0 76 60529 0 52 60530 0 74 60531 0 75 60546 0 79 60552 0 76 60579 0 76 60580 0 79 60587 0 69 60588 0 68 60614 0 76 60625 0 54 60640 0 51 60643 0 90 60643 0 91 60643 0 92 60675 0 53 60687 0 52 60746 0 51 60842 0 52 60844 0 54 60889 0 
TIME iteration: 299 ms
Round:115
IR: 196, 196, 212, 234, 179
60974 0 53 60975 0 54 61043 0 67 61045 0 66 61046 0 51 61050 0 79 61051 0 61 61052 0 60 61056 0 52 61057 0 76 61073 0 90 61073 0 91 61073 0 92 61074 0 79 61079 0 75 61081 0 74 61081 0 76 61088 0 69 61089 0 68 61101 0 79 61108 0 76 61135 0 79 61141 0 76 61157 0 54 61187 0 51 61202 0 53 61205 0 90 61205 0 91 61205 0 92 61208 0 76 61225 0 52 61303 0 54 61372 0 51 61398 0 53 61443 0 54 61444 0 
TIME iteration: 299 ms
Round:116
IR: 176, 117, 115, 146, 204
61509 0 51 61524 0 53 61579 0 54 61591 0 60 61591 0 66 61592 0 64 61592 0 65 61592 0 67 61598 0 79 61600 0 61 61600 0 78 61602 0 76 61616 0 90 61616 0 91 61616 0 92 61622 0 79 61624 0 78 61625 0 75 61626 0 74 61626 0 76 61629 0 68 61631 0 69 61649 0 79 61651 0 78 61653 0 76 61664 0 53 61671 0 72 61674 0 73 61683 0 79 61685 0 78 61687 0 76 61689 0 52 61716 0 54 61733 0 90 61733 0 91 61733 0 92 61765 0 76 61795 0 53 61815 0 51 61856 0 52 61931 0 54 61967 0 51 61988 0 53 61994 0 
TIME iteration: 299 ms
Round:117
IR: 201, 96, 158, 250, 340
62128 0 54 62144 0 51 62167 0 60 62168 0 61 62172 0 52 62174 0 76 62184 0 62 62184 0 63 62192 0 77 62198 0 53 62198 0 76 62198 0 90 62198 0 91 62198 0 92 62201 0 68 62203 0 69 62216 0 77 62225 0 76 62243 0 77 62256 0 54 62259 0 76 62277 0 77 62280 0 71 62288 0 70 62290 0 51 62324 0 53 62326 0 90 62326 0 91 62326 0 92 62340 0 76 62358 0 52 62378 0 54 62406 0 51 62471 0 53 62491 0 
TIME iteration: 299 ms
Round:118
IR: 184, 134, 182, 363, 34
62547 0 52 62594 0 51 62596 0 54 62628 0 66 62629 0 58 62629 0 67 62637 0 79 62657 0 90 62657 0 91 62657 0 92 62661 0 79 62663 0 58 62688 0 79 62689 0 75 62690 0 86 62690 0 87 62691 0 74 62694 0 58 62710 0 54 62718 0 53 62723 0 79 62725 0 58 62736 0 52 62755 0 58 62781 0 51 62786 0 58 62801 0 86 62801 0 87 62817 0 58 62840 0 54 62846 0 58 62851 0 52 62875 0 58 62898 0 53 62904 0 58 62911 0 86 62911 0 87 62932 0 51 62934 0 58 62965 0 58 62995 0 58 63017 0 54 63024 0 86 63024 0 87 63026 0 58 63027 0 66 63027 0 67 63031 0 79 63045 0 52 63053 0 75 63053 0 90 63053 0 91 63053 0 92 63054 0 74 63055 0 58 63055 0 79 63065 0 
TIME iteration: 300 ms
Round:119
IR: 229, 97, 135, 230, 38
63081 0 79 63085 0 58 63091 0 51 63114 0 79 63126 0 58 63135 0 86 63135 0 87 63171 0 52 63177 0 79 63217 0 54 63227 0 53 63265 0 51 63318 0 52 63329 0 53 63383 0 54 63421 0 52 63425 0 51 63433 0 66 63435 0 67 63439 0 79 63456 0 74 63456 0 75 63458 0 61 63459 0 60 63460 0 90 63460 0 91 63460 0 92 63463 0 79 63467 0 76 63480 0 53 63490 0 79 63491 0 54 63491 0 76 63518 0 76 63523 0 79 63530 0 51 63530 0 68 63531 0 69 63544 0 52 63553 0 76 63582 0 90 63582 0 91 63582 0 92 63597 0 
TIME iteration: 328 ms
Round:120
IR: 382, 141, 131, 226, 88
63653 0 54 63656 0 52 63683 0 51 63686 0 53 63784 0 52 63792 0 54 63819 0 51 63838 0 53 63898 0 52 63916 0 63 63917 0 62 63921 0 51 63925 0 77 63930 0 60 63930 0 61 63935 0 76 63941 0 54 63946 0 90 63946 0 91 63946 0 92 63949 0 77 63959 0 76 63964 0 68 63964 0 69 63976 0 77 63986 0 76 64000 0 71 64001 0 70 64006 0 53 64011 0 77 64019 0 76 64065 0 54 64075 0 90 64075 0 91 64075 0 92 64078 0 51 64085 0 76 64094 0 
TIME iteration: 300 ms
Round:121
IR: 272, 122, 119, 326, 258
64203 0 53 64215 0 54 64245 0 52 64309 0 51 64355 0 54 64376 0 53 64529 0 51 64540 0 54 64546 0 67 64547 0 66 64548 0 52 64555 0 79 64578 0 90 64578 0 91 64578 0 92 64579 0 79 64584 0 53 64606 0 79 64608 0 75 64611 0 74 64641 0 
TIME iteration: 299 ms
Round:122
IR: 184, 205, 173, 318, 149
64667 0 52 64676 0 51 64677 0 54 64704 0 53 64793 0 52 64799 0 54 64833 0 53 64849 0 51 64853 0 66 64856 0 67 64857 0 79 64875 0 74 64875 0 75 64879 0 90 64879 0 91 64879 0 92 64880 0 79 64906 0 79 64916 0 54 64938 0 79 64964 0 74 64967 0 53 64969 0 51 64994 0 79 65020 0 52 65031 0 54 65093 0 53 65121 0 51 65166 0 54 65171 0 52 65172 0 66 65172 0 67 65176 0 79 65185 0 
TIME iteration: 300 ms
Round:123
IR: 138, 127, 118, 220, 131
65196 0 90 65196 0 91 65196 0 92 65197 0 74 65200 0 79 65226 0 79 65245 0 75 65253 0 51 65258 0 53 65259 0 79 65307 0 52 65323 0 79 65379 0 53 65423 0 52 65434 0 54 65470 0 51 65522 0 53 65530 0 52 65536 0 62 65537 0 63 65545 0 77 65548 0 64 65549 0 65 65557 0 78 65562 0 90 65562 0 91 65562 0 92 65569 0 77 65581 0 78 65589 0 54 65596 0 51 65596 0 77 65608 0 78 65618 0 71 65623 0 70 65631 0 77 65642 0 73 65643 0 78 65651 0 72 65684 0 53 65689 0 90 65689 0 91 65689 0 92 65697 0 51 65710 0 
TIME iteration: 300 ms
Round:124
IR: 175, 118, 129, 200, 146
65790 0 54 65797 0 51 65863 0 53 65900 0 52 65934 0 51 66064 0 51 66067 0 53 66067 0 60 66067 0 61 66071 0 52 66073 0 54 66075 0 76 66097 0 90 66097 0 91 66097 0 92 66099 0 76 66126 0 76 66152 0 68 66153 0 69 66160 0 76 66190 0 53 66211 0 
TIME iteration: 299 ms
Round:125
IR: 231, 188, 157, 325, 338
66269 0 54 66318 0 53 66345 0 51 66377 0 61 66378 0 60 66380 0 76 66393 0 52 66400 0 68 66400 0 69 66402 0 90 66402 0 91 66402 0 92 66403 0 76 66429 0 76 66461 0 76 66463 0 51 66501 0 53 66505 0 54 66514 0 76 66576 0 52 66612 0 51 66623 0 54 66630 0 53 66729 0 51 66740 0 60 66740 0 61 66741 0 54 66744 0 76 66748 0 52 66754 0 67 66755 0 66 66757 0 68 66758 0 69 66763 0 79 66765 0 90 66765 0 91 66765 0 92 66767 0 
TIME iteration: 301 ms
Round:126
IR: 293, 418, 203, 251, 11
66787 0 79 66793 0 76 66798 0 53 66814 0 79 66825 0 76 66831 0 68 66831 0 74 66834 0 69 66835 0 75 66849 0 79 66870 0 51 66881 0 76 66882 0 56 66890 0 90 66890 0 91 66890 0 92 66915 0 53 66919 0 56 66938 0 52 66944 0 54 66948 0 82 66948 0 83 66952 0 56 66984 0 56 67016 0 56 67030 0 53 67047 0 56 67051 0 51 67058 0 82 67058 0 83 67078 0 56 67079 0 54 67109 0 56 67117 0 52 67140 0 56 67161 0 51 67170 0 56 67171 0 82 67171 0 83 67186 0 53 67201 0 56 67231 0 56 67261 0 56 67283 0 82 67283 0 83 67292 0 56 67293 0 54 67305 0 
TIME iteration: 300 ms
Round:127
IR: 262, 148, 148, 252, 203
67324 0 56 67344 0 52 67361 0 53 67375 0 56 67386 0 62 67389 0 63 67396 0 77 67397 0 82 67397 0 83 67419 0 90 67419 0 91 67419 0 92 67420 0 77 67447 0 77 67453 0 51 67474 0 70 67478 0 52 67482 0 77 67488 0 71 67517 0 53 67571 0 54 67629 0 51 67636 0 53 67646 0 52 67710 0 54 67720 0 62 67726 0 77 67732 0 63 67749 0 77 67751 0 90 67751 0 91 67751 0 92 67752 0 70 67752 0 71 67766 0 51 67768 0 53 67775 0 77 67806 0 
TIME iteration: 301 ms
Round:128
IR: 197, 69, 231, 360, 12
67854 0 77 67885 0 53 67913 0 54 67939 0 51 67939 0 58 67943 0 52 67978 0 58 68006 0 86 68006 0 87 68012 0 58 68043 0 58 68073 0 58 68093 0 51 68104 0 58 68109 0 52 68116 0 86 68116 0 87 68135 0 58 68143 0 61 68144 0 60 68151 0 54 68152 0 76 68155 0 53 68166 0 58 68170 0 90 68170 0 91 68170 0 92 68176 0 76 68196 0 58 68203 0 76 68215 0 68 68220 0 51 68221 0 69 68225 0 58 68228 0 86 68228 0 87 68238 0 76 68254 0 58 68282 0 58 68290 0 53 68309 0 52 68310 0 58 68338 0 54 68338 0 58 68340 0 86 68340 0 87 68365 0 
TIME iteration: 300 ms
Round:129
IR: 192, 218, 239, 186, 115
68371 0 51 68397 0 58 68430 0 53 68435 0 54 68446 0 58 68449 0 52 68453 0 86 68453 0 87 68518 0 67 68521 0 66 68528 0 79 68545 0 90 68545 0 91 68545 0 92 68552 0 79 68564 0 54 68579 0 79 68604 0 74 68604 0 75 68614 0 79 68620 0 53 68634 0 51 68685 0 52 68701 0 54 68781 0 54 68792 0 66 68792 0 67 68794 0 79 68795 0 53 68808 0 51 68812 0 74 68812 0 75 68816 0 90 68816 0 91 68816 0 92 68817 0 79 68843 0 79 68875 0 79 68884 0 52 68893 0 75 68898 0 
TIME iteration: 301 ms
Round:130
IR: 189, 249, 318, 417, 177
68919 0 51 68929 0 79 68953 0 54 68959 0 53 68977 0 58 69016 0 58 69020 0 86 69020 0 87 69022 0 51 69049 0 58 69063 0 54 69070 0 66 69070 0 67 69073 0 79 69080 0 58 69092 0 74 69092 0 75 69093 0 90 69093 0 91 69093 0 92 69096 0 79 69111 0 58 69113 0 52 69121 0 51 69122 0 79 69129 0 53 69132 0 86 69132 0 87 69141 0 58 69154 0 79 69170 0 58 69172 0 54 69198 0 58 69211 0 79 69212 0 52 69226 0 51 69226 0 58 69242 0 86 69242 0 87 69254 0 58 69257 0 53 69280 0 54 69282 0 58 69304 0 52 69310 0 58 69338 0 58 69352 0 86 69352 0 87 69366 0 58 69385 0 52 69394 0 58 69399 0 51 69421 0 
TIME iteration: 300 ms
Round:131
IR: 294, 263, 130, 327, 98
69434 0 54 69439 0 67 69440 0 66 69444 0 79 69447 0 53 69451 0 58 69451 0 60 69451 0 61 69457 0 74 69457 0 75 69459 0 76 69461 0 86 69461 0 87 69465 0 90 69465 0 91 69465 0 92 69468 0 79 69483 0 76 69493 0 58 69494 0 79 69497 0 52 69510 0 76 69523 0 69 69526 0 68 69527 0 79 69530 0 74 69533 0 75 69544 0 76 69575 0 51 69592 0 79 69592 0 90 69592 0 91 69592 0 92 69594 0 54 69644 0 53 69672 0 52 69782 0 51 69801 0 52 69812 0 54 69875 0 53 69891 0 52 69907 0 51 69915 0 63 69916 0 62 69924 0 77 69945 0 90 69945 0 91 69945 0 92 69948 0 
TIME iteration: 301 ms
Round:132
IR: 155, 201, 266, 333, 292
69975 0 77 69987 0 54 70000 0 71 70003 0 70 70004 0 52 70010 0 77 70056 0 53 70059 0 51 70110 0 54 70131 0 52 70209 0 62 70212 0 53 70213 0 77 70215 0 63 70234 0 70 70235 0 71 70236 0 77 70236 0 90 70236 0 91 70236 0 92 70245 0 54 70259 0 51 70262 0 77 70293 0 77 70307 0 52 70342 0 77 70359 0 54 70409 0 53 70426 0 51 70455 0 
TIME iteration: 300 ms
Round:133
IR: 207, 223, 150, 161, 214
70516 0 54 70588 0 51 70608 0 66 70614 0 67 70620 0 79 70628 0 53 70636 0 61 70637 0 60 70637 0 90 70637 0 91 70637 0 92 70644 0 76 70644 0 79 70668 0 76 70671 0 79 70676 0 54 70682 0 74 70683 0 75 70695 0 76 70700 0 51 70705 0 68 70706 0 52 70706 0 79 70710 0 69 70729 0 76 70759 0 90 70759 0 91 70759 0 92 70769 0 53 70814 0 52 70866 0 54 70921 0 51 70950 0 52 70958 0 
TIME iteration: 300 ms
Round:134
IR: 373, 256, 105, 184, 139
71053 0 54 71095 0 51 71095 0 53 71098 0 52 71126 0 62 71126 0 63 71134 0 77 71149 0 65 71150 0 64 71156 0 90 71156 0 91 71156 0 92 71158 0 77 71158 0 78 71178 0 70 71181 0 71 71182 0 78 71185 0 77 71209 0 78 71219 0 77 71228 0 54 71231 0 53 71239 0 73 71244 0 78 71247 0 52 71247 0 72 71251 0 51 71281 0 90 71281 0 91 71281 0 92 71347 0 52 71400 0 53 71404 0 51 71419 0 54 71462 0 
TIME iteration: 300 ms
Round:135
IR: 283, 122, 158, 218, 24
71559 0 54 71635 0 53 71709 0 51 71710 0 54 71718 0 66 71718 0 67 71727 0 79 71749 0 90 71749 0 91 71749 0 92 71751 0 79 71764 0 52 71778 0 79 71784 0 74 71786 0 75 71805 0 53 71813 0 79 71871 0 51 71895 0 52 71930 0 54 71956 0 53 72027 0 54 72056 0 66 72056 0 67 72059 0 
TIME iteration: 300 ms
Round:136
IR: 216, 245, 216, 341, 122
72080 0 74 72080 0 75 72081 0 90 72081 0 91 72081 0 92 72082 0 79 72092 0 52 72095 0 51 72108 0 79 72116 0 53 72125 0 54 72140 0 79 72197 0 79 72219 0 54 72233 0 53 72241 0 51 72313 0 52 72346 0 53 72378 0 54 72383 0 51 72388 0 65 72389 0 64 72397 0 78 72398 0 67 72399 0 66 72403 0 79 72413 0 90 72413 0 91 72413 0 92 72414 0 74 72415 0 75 72421 0 78 72427 0 79 72448 0 78 72453 0 79 72463 0 72 72463 0 73 72479 0 74 72483 0 78 72485 0 75 72486 0 79 72492 0 52 72500 0 53 72507 0 54 72540 0 90 72540 0 91 72540 0 92 72550 0 
TIME iteration: 310 ms
Round:137
IR: 197, 137, 249, 311, 133
72616 0 51 72628 0 52 72663 0 53 72675 0 54 72783 0 51 72790 0 52 72823 0 54 72827 0 53 72928 0 52 72938 0 51 72944 0 62 72944 0 63 72952 0 77 72962 0 61 72963 0 60 72971 0 76 72974 0 90 72974 0 91 72974 0 92 72976 0 54 72976 0 77 72995 0 76 73003 0 77 73022 0 76 73027 0 70 73030 0 71 73032 0 53 73037 0 77 73052 0 69 73057 0 68 73057 0 76 73101 0 54 73101 0 90 73101 0 91 73101 0 92 73109 0 
TIME iteration: 299 ms
Round:138
IR: 276, 190, 209, 310, 192
73192 0 51 73201 0 53 73236 0 52 73347 0 52 73348 0 54 73402 0 51 73417 0 63 73419 0 62 73423 0 77 73429 0 53 73447 0 77 73447 0 90 73447 0 91 73447 0 92 73453 0 70 73453 0 71 73462 0 54 73474 0 77 73479 0 52 73504 0 51 73507 0 77 73573 0 77 73588 0 54 73607 0 53 73662 0 
TIME iteration: 299 ms
Round:139
IR: 161, 145, 107, 337, 347
73683 0 51 73749 0 53 73825 0 52 73841 0 64 73846 0 62 73846 0 63 73849 0 65 73850 0 54 73851 0 77 73853 0 78 73869 0 90 73869 0 91 73869 0 92 73870 0 53 73871 0 71 73873 0 70 73875 0 77 73877 0 78 73902 0 77 73904 0 78 73923 0 73 73924 0 72 73935 0 77 73938 0 78 73983 0 51 73999 0 90 73999 0 91 73999 0 92 74001 0 77 74026 0 53 74036 0 54 74041 0 52 74112 0 51 74135 0 54 74156 0 
TIME iteration: 299 ms
Round:140
IR: 184, 133, 128, 217, 154
74238 0 51 74254 0 52 74314 0 53 74334 0 54 74359 0 51 74361 0 64 74361 0 65 74366 0 60 74366 0 61 74366 0 78 74374 0 76 74388 0 90 74388 0 91 74388 0 92 74390 0 78 74398 0 72 74398 0 73 74398 0 76 74417 0 78 74425 0 76 74428 0 53 74441 0 68 74445 0 69 74450 0 78 74459 0 76 74474 0 51 74474 0 52 74475 0 54 74516 0 78 74519 0 90 74519 0 91 74519 0 92 74555 0 53 74588 0 51 74629 0 52 74638 0 54 74701 0 53 74716 0 
TIME iteration: 299 ms
Round:141
IR: 202, 196, 123, 177, 135
74767 0 52 74848 0 54 74876 0 53 74896 0 51 74916 0 64 74917 0 60 74917 0 61 74917 0 65 74923 0 76 74923 0 78 74942 0 90 74942 0 91 74942 0 92 74947 0 76 74947 0 78 74950 0 73 74952 0 72 74956 0 68 74957 0 69 74974 0 76 74974 0 78 74984 0 52 75008 0 76 75008 0 78 75026 0 54 75074 0 90 75074 0 91 75074 0 92 75081 0 53 75084 0 76 75089 0 78 75145 0 51 75177 0 52 75222 0 54 75235 0 
TIME iteration: 299 ms
Round:142
IR: 279, 133, 158, 153, 198
75280 0 51 75376 0 53 75387 0 52 75394 0 54 75421 0 51 75444 0 65 75445 0 64 75446 0 60 75446 0 61 75451 0 78 75452 0 76 75470 0 90 75470 0 91 75470 0 92 75475 0 78 75476 0 72 75476 0 76 75477 0 73 75478 0 69 75480 0 68 75492 0 53 75502 0 78 75503 0 76 75517 0 54 75520 0 52 75536 0 78 75537 0 76 75566 0 51 75601 0 90 75601 0 91 75601 0 92 75613 0 76 75615 0 54 75617 0 78 75638 0 52 75669 0 53 75731 0 54 75765 0 
TIME iteration: 299 ms
Round:143
IR: 131, 129, 132, 232, 395
75828 0 52 75840 0 54 75842 0 53 75903 0 59 75909 0 67 75915 0 66 75920 0 51 75921 0 79 75938 0 59 75941 0 90 75941 0 91 75941 0 92 75945 0 79 75962 0 54 75964 0 53 75967 0 88 75967 0 89 75971 0 59 75972 0 79 76001 0 59 76001 0 88 76001 0 89 76007 0 79 76011 0 75 76012 0 52 76012 0 74 76029 0 59 76032 0 88 76032 0 89 76057 0 59 76061 0 88 76061 0 89 76085 0 59 76090 0 88 76090 0 89 76109 0 52 76113 0 59 76118 0 88 76118 0 89 76140 0 59 76146 0 88 76146 0 89 76165 0 53 76167 0 59 76173 0 88 76173 0 89 76181 0 54 76196 0 59 76201 0 88 76201 0 89 76211 0 51 76213 0 52 76226 0 59 76230 0 88 76230 0 89 76256 0 59 76260 0 88 76260 0 89 76277 0 53 76286 0 59 76290 0 88 76290 0 89 76305 0 54 76314 0 64 76314 0 65 76315 0 59 76319 0 88 76319 0 
TIME iteration: 301 ms
Round:144
IR: 190, 306, 108, 248, 175
76322 0 78 76340 0 90 76340 0 91 76340 0 92 76346 0 78 76351 0 59 76352 0 88 76352 0 89 76366 0 73 76367 0 72 76373 0 78 76385 0 88 76385 0 89 76397 0 51 76407 0 78 76432 0 54 76438 0 52 76439 0 53 76439 0 88 76439 0 89 76502 0 51 76543 0 53 76578 0 52 76596 0 54 76610 0 65 76613 0 64 76614 0 78 76629 0 72 76630 0 73 76632 0 51 76636 0 90 76636 0 91 76636 0 92 76637 0 78 76660 0 53 76663 0 78 76664 0 52 76695 0 78 76705 0 72 76705 0 73 76748 0 78 76751 0 52 76783 0 54 76803 0 53 76837 0 51 76843 0 
TIME iteration: 300 ms
Round:145
IR: 183, 137, 114, 271, 209
76869 0 64 76873 0 65 76874 0 78 76891 0 72 76891 0 73 76894 0 90 76894 0 91 76894 0 92 76897 0 78 76923 0 78 76936 0 53 76955 0 78 76971 0 51 76972 0 73 76979 0 72 76984 0 52 77008 0 78 77016 0 54 77070 0 53 77107 0 64 77109 0 65 77111 0 78 77126 0 72 77126 0 73 77131 0 90 77131 0 91 77131 0 92 77134 0 78 77150 0 52 77156 0 54 77157 0 51 77160 0 78 77192 0 78 77197 0 72 77199 0 73 77241 0 54 77245 0 78 77256 0 53 77295 0 52 77313 0 
TIME iteration: 299 ms
Round:146
IR: 172, 155, 129, 199, 189
77383 0 53 77396 0 54 77398 0 64 77398 0 65 77401 0 78 77419 0 72 77420 0 73 77422 0 90 77422 0 91 77422 0 92 77424 0 78 77450 0 78 77482 0 78 77488 0 51 77503 0 52 77536 0 78 77538 0 54 77620 0 53 77629 0 54 77656 0 52 77679 0 51 77737 0 54 77743 0 66 77743 0 67 77745 0 53 77752 0 79 77768 0 90 77768 0 91 77768 0 92 77776 0 79 77803 0 79 77812 0 51 77827 0 74 77830 0 52 77833 0 75 77838 0 79 77857 0 53 77858 0 
TIME iteration: 299 ms
Round:147
IR: 392, 36, 117, 238, 55
77993 0 51 78001 0 54 78011 0 52 78037 0 66 78037 0 67 78040 0 79 78046 0 53 78059 0 74 78060 0 75 78061 0 90 78061 0 91 78061 0 92 78063 0 79 78089 0 79 78121 0 79 78153 0 51 78164 0 53 78165 0 52 78177 0 79 78256 0 54 78275 0 53 78279 0 52 78321 0 51 78389 0 52 78395 0 53 78398 0 63 78399 0 54 78399 0 62 78402 0 64 78402 0 65 78407 0 77 78410 0 78 78423 0 90 78423 0 91 78423 0 92 78431 0 77 78434 0 
TIME iteration: 299 ms
Round:148
IR: 278, 102, 167, 311, 398
78458 0 72 78458 0 77 78459 0 51 78460 0 73 78461 0 78 78483 0 52 78493 0 71 78493 0 77 78494 0 53 78495 0 78 78503 0 70 78549 0 59 78552 0 90 78552 0 91 78552 0 92 78572 0 54 78584 0 59 78601 0 53 78610 0 88 78610 0 89 78617 0 59 78637 0 52 78643 0 88 78643 0 89 78649 0 59 78650 0 51 78675 0 88 78675 0 89 78681 0 59 78706 0 88 78706 0 89 78712 0 59 78737 0 54 78737 0 88 78737 0 89 78741 0 53 78742 0 59 78768 0 88 78768 0 89 78772 0 59 78774 0 51 78799 0 88 78799 0 89 78801 0 59 78830 0 59 78830 0 88 78830 0 89 78841 0 52 78859 0 59 78860 0 88 78860 0 89 78863 0 53 78887 0 59 78889 0 64 78889 0 65 78890 0 88 78890 0 89 78894 0 78 78915 0 59 78918 0 78 78918 0 90 78918 0 91 78918 0 92 78919 0 88 78919 0 89 78922 0 72 78922 0 73 78942 0 59 78945 0 78 78947 0 88 78947 0 89 78950 0 54 78969 0 
TIME iteration: 301 ms
Round:149
IR: 178, 141, 146, 237, 175
78971 0 53 78975 0 88 78975 0 89 78978 0 78 79001 0 59 79005 0 52 79005 0 88 79005 0 89 79015 0 51 79038 0 88 79038 0 89 79044 0 78 79055 0 59 79068 0 88 79068 0 89 79085 0 54 79111 0 88 79111 0 89 79120 0 53 79163 0 51 79197 0 54 79200 0 52 79262 0 51 79275 0 53 79277 0 60 79278 0 61 79286 0 76 79288 0 65 79289 0 64 79293 0 78 79304 0 90 79304 0 91 79304 0 92 79310 0 76 79311 0 72 79311 0 73 79317 0 78 79337 0 76 79343 0 78 79360 0 52 79372 0 76 79373 0 69 79376 0 68 79376 0 78 79406 0 54 79407 0 51 79432 0 90 79432 0 91 79432 0 92 79437 0 78 79455 0 53 79490 0 
TIME iteration: 300 ms
Round:150
IR: 198, 205, 301, 270, 143
79551 0 54 79624 0 51 79624 0 52 79649 0 53 79688 0 54 79756 0 51 79789 0 54 79796 0 66 79796 0 67 79805 0 79 79819 0 60 79821 0 61 79826 0 76 79826 0 90 79826 0 91 79826 0 92 79829 0 79 79845 0 52 79850 0 76 79854 0 53 79856 0 79 79860 0 68 79861 0 69 79865 0 54 79874 0 51 79877 0 76 79880 0 75 79882 0 74 79891 0 79 79911 0 76 79951 0 90 79951 0 91 79951 0 92 79984 0 54 79987 0 
TIME iteration: 299 ms
Round:151
IR: 173, 142, 158, 212, 271
80034 0 51 80064 0 52 80097 0 53 80103 0 54 80138 0 51 80221 0 53 80232 0 54 80259 0 52 80271 0 66 80271 0 67 80276 0 79 80300 0 79 80300 0 90 80300 0 91 80300 0 92 80306 0 75 80307 0 74 80326 0 79 80328 0 51 80339 0 53 80346 0 54 80359 0 79 80426 0 79 80441 0 52 80443 0 51 80488 0 54 80502 0 
TIME iteration: 299 ms
Round:152
IR: 176, 139, 223, 344, 111
80569 0 51 80619 0 52 80619 0 61 80620 0 60 80621 0 54 80627 0 76 80635 0 66 80636 0 67 80640 0 79 80645 0 90 80645 0 91 80645 0 92 80651 0 76 80655 0 74 80655 0 75 80661 0 53 80664 0 79 80670 0 68 80671 0 69 80678 0 76 80690 0 79 80699 0 51 80712 0 76 80723 0 79 80731 0 75 80734 0 74 80741 0 52 80770 0 90 80770 0 91 80770 0 92 80788 0 79 80803 0 54 80823 0 53 80854 0 52 80900 0 51 80969 0 54 80974 0 
TIME iteration: 301 ms
Round:153
IR: 232, 147, 163, 244, 77
81134 0 54 81137 0 53 81139 0 52 81167 0 66 81167 0 67 81171 0 65 81172 0 64 81174 0 79 81178 0 51 81180 0 78 81194 0 90 81194 0 91 81194 0 92 81198 0 79 81204 0 78 81206 0 74 81206 0 75 81225 0 79 81231 0 78 81254 0 72 81257 0 53 81259 0 73 81260 0 79 81266 0 78 81269 0 54 81319 0 51 81325 0 90 81325 0 91 81325 0 92 81411 0 53 81412 0 52 81425 0 54 81476 0 51 81543 0 52 81566 0 54 81576 0 
TIME iteration: 304 ms
Round:154
IR: 189, 188, 145, 227, 131
81629 0 51 81649 0 52 81670 0 62 81670 0 63 81678 0 77 81700 0 90 81700 0 91 81700 0 92 81702 0 77 81729 0 77 81756 0 53 81763 0 77 81765 0 70 81765 0 71 81781 0 51 81786 0 52 81833 0 54 81896 0 53 81903 0 51 81993 0 52 82007 0 51 82022 0 60 82022 0 61 82030 0 76 82035 0 53 82040 0 62 82040 0 63 82044 0 77 82047 0 90 82047 0 91 82047 0 92 82054 0 76 82067 0 77 82068 0 70 82068 0 71 82081 0 76 82093 0 77 82097 0 69 82100 0 68 82115 0 76 82125 0 77 82126 0 52 82144 0 
TIME iteration: 300 ms
Round:155
IR: 273, 227, 264, 322, 218
82153 0 54 82166 0 53 82171 0 90 82171 0 91 82171 0 92 82181 0 77 82278 0 53 82294 0 52 82337 0 51 82342 0 54 82432 0 54 82434 0 53 82446 0 52 82503 0 51 82529 0 67 82544 0 53 82546 0 54 82547 0 66 82548 0 79 82550 0 64 82550 0 65 82558 0 78 82568 0 67 82569 0 90 82569 0 91 82569 0 92 82570 0 79 82582 0 78 82584 0 74 82584 0 75 82593 0 79 82609 0 78 82619 0 79 82627 0 72 82630 0 73 82637 0 51 82643 0 78 82646 0 52 82646 0 75 82647 0 74 82650 0 
TIME iteration: 300 ms
Round:156
IR: 186, 137, 110, 186, 143
82688 0 90 82688 0 91 82688 0 92 82698 0 79 82704 0 54 82735 0 53 82799 0 52 82811 0 51 82925 0 53 82939 0 51 82953 0 52 83016 0 54 83051 0 51 83059 0 61 83060 0 60 83067 0 76 83070 0 53 83089 0 90 83089 0 91 83089 0 92 83091 0 76 83098 0 52 83118 0 76 83126 0 68 83126 0 69 83141 0 51 83150 0 54 83152 0 
TIME iteration: 299 ms
Round:157
IR: 170, 166, 221, 316, 98
83238 0 51 83248 0 53 83250 0 52 83306 0 54 83398 0 51 83405 0 60 83405 0 61 83408 0 76 83420 0 52 83429 0 69 83430 0 68 83430 0 90 83430 0 91 83430 0 92 83431 0 76 83436 0 54 83437 0 53 83457 0 76 83489 0 76 83519 0 51 83540 0 54 83543 0 76 83578 0 52 83615 0 53 83638 0 51 83686 0 54 83697 0 
TIME iteration: 300 ms
Round:158
IR: 231, 256, 160, 319, 200
83773 0 53 83774 0 51 83777 0 60 83777 0 61 83782 0 76 83785 0 62 83795 0 63 83795 0 69 83796 0 68 83799 0 77 83803 0 90 83803 0 91 83803 0 92 83806 0 76 83823 0 77 83833 0 76 83850 0 77 83857 0 54 83861 0 52 83866 0 76 83867 0 69 83870 0 70 83873 0 68 83874 0 71 83885 0 77 83905 0 53 83910 0 51 83929 0 90 83929 0 91 83929 0 92 83931 0 76 84006 0 53 84007 0 51 84039 0 54 84058 0 52 84112 0 51 84114 0 53 84165 0 52 84216 0 53 84232 0 64 84232 0 65 84240 0 78 84244 0 51 84256 0 60 84256 0 61 84261 0 90 84261 0 91 84261 0 92 84262 0 76 84264 0 
TIME iteration: 300 ms
Round:159
IR: 272, 165, 255, 343, 115
84286 0 76 84291 0 78 84292 0 68 84293 0 69 84307 0 54 84313 0 76 84316 0 73 84318 0 72 84325 0 78 84333 0 52 84334 0 53 84347 0 76 84385 0 90 84385 0 91 84385 0 92 84411 0 51 84423 0 76 84440 0 52 84448 0 53 84509 0 54 84543 0 51 84560 0 52 84584 0 53 84665 0 54 84671 0 52 84672 0 51 84698 0 62 84699 0 63 84706 0 77 84719 0 61 84722 0 60 84726 0 76 84727 0 90 84727 0 91 84727 0 92 84730 0 77 84748 0 68 84749 0 69 84750 0 76 84755 0 70 84757 0 77 84760 0 71 84762 0 53 84777 0 76 84791 0 
TIME iteration: 300 ms
Round:160
IR: 235, 264, 281, 168, 125
84810 0 76 84818 0 51 84851 0 90 84851 0 91 84851 0 92 84857 0 54 84877 0 76 84892 0 52 84892 0 53 84984 0 54 84987 0 51 85022 0 53 85041 0 52 85117 0 51 85135 0 53 85136 0 54 85174 0 64 85174 0 65 85182 0 78 85191 0 52 85203 0 90 85203 0 91 85203 0 92 85206 0 78 85233 0 72 85233 0 73 85233 0 78 85267 0 78 85287 0 53 85292 0 54 85295 0 52 85299 0 
TIME iteration: 299 ms
Round:161
IR: 377, 376, 227, 141, 116
85423 0 52 85497 0 53 85534 0 54 85553 0 52 85561 0 62 85561 0 63 85568 0 77 85587 0 90 85587 0 91 85587 0 92 85592 0 77 85599 0 51 85615 0 70 85616 0 71 85617 0 53 85619 0 77 85653 0 77 85744 0 54 85764 0 53 85796 0 52 85811 0 
TIME iteration: 299 ms
Round:162
IR: 169, 182, 308, 245, 95
85912 0 54 85920 0 51 85955 0 53 85958 0 52 85964 0 60 85965 0 61 85973 0 76 85989 0 62 85990 0 63 85991 0 90 85991 0 91 85991 0 92 85994 0 77 85997 0 76 86018 0 77 86019 0 70 86019 0 71 86024 0 76 86033 0 68 86033 0 69 86042 0 51 86044 0 77 86059 0 76 86077 0 77 86079 0 53 86087 0 54 86113 0 90 86113 0 91 86113 0 92 86123 0 52 86138 0 77 86199 0 51 86225 0 52 86227 0 53 86235 0 54 86349 0 
TIME iteration: 300 ms
Round:163
IR: 300, 213, 198, 287, 178
86394 0 53 86396 0 54 86405 0 51 86514 0 54 86521 0 66 86521 0 67 86530 0 79 86532 0 53 86534 0 52 86540 0 62 86541 0 63 86541 0 64 86541 0 65 86547 0 77 86549 0 78 86551 0 90 86551 0 91 86551 0 92 86554 0 79 86571 0 77 86573 0 71 86573 0 78 86574 0 70 86581 0 79 86589 0 51 86598 0 77 86600 0 78 86616 0 72 86616 0 73 86616 0 79 86620 0 74 86621 0 75 86632 0 77 86634 0 78 86666 0 90 86666 0 91 86666 0 92 86713 0 77 86714 0 53 86721 0 51 86766 0 52 86788 0 54 86878 0 
TIME iteration: 300 ms
Round:164
IR: 189, 128, 268, 320, 211
86930 0 53 86953 0 54 86957 0 51 87005 0 52 87019 0 62 87020 0 63 87025 0 77 87047 0 71 87048 0 70 87048 0 90 87048 0 91 87048 0 92 87049 0 77 87076 0 77 87100 0 54 87109 0 77 87117 0 51 87120 0 52 87161 0 53 87176 0 77 87300 0 52 87305 0 51 87321 0 53 87430 0 
TIME iteration: 299 ms
Round:165
IR: 303, 370, 155, 221, 212
87457 0 51 87465 0 53 87477 0 64 87477 0 65 87479 0 60 87479 0 61 87485 0 78 87487 0 76 87502 0 90 87502 0 91 87502 0 92 87509 0 78 87511 0 76 87536 0 72 87536 0 78 87537 0 73 87538 0 76 87557 0 68 87564 0 69 87570 0 78 87572 0 76 87577 0 52 87607 0 53 87633 0 90 87633 0 91 87633 0 92 87670 0 54 87703 0 51 87725 0 52 87783 0 54 87793 0 53 87886 0 51 87899 0 52 87923 0 
TIME iteration: 299 ms
Round:166
IR: 243, 118, 186, 243, 88
88028 0 64 88040 0 78 88057 0 53 88058 0 65 88063 0 78 88065 0 52 88066 0 51 88072 0 90 88072 0 91 88072 0 92 88085 0 54 88085 0 72 88085 0 73 88088 0 78 88117 0 78 88158 0 78 88168 0 53 88206 0 51 88236 0 52 88249 0 54 88317 0 51 88335 0 53 88397 0 54 88403 0 64 88404 0 65 88407 0 78 88424 0 72 88425 0 73 88429 0 90 88429 0 91 88429 0 92 88430 0 78 88456 0 52 88456 0 78 88462 0 51 88488 0 
TIME iteration: 299 ms
Round:167
IR: 181, 92, 173, 226, 118
88512 0 72 88526 0 53 88543 0 78 88613 0 54 88670 0 52 88689 0 53 88734 0 54 88735 0 64 88738 0 65 88741 0 78 88747 0 51 88751 0 73 88761 0 90 88761 0 91 88761 0 92 88762 0 72 88765 0 78 88791 0 78 88806 0 53 88813 0 73 88824 0 78 88833 0 52 88885 0 78 88930 0 54 88931 0 51 88999 0 52 89038 0 
TIME iteration: 299 ms
Round:168
IR: 262, 172, 139, 224, 251
89040 0 54 89124 0 67 89136 0 66 89139 0 79 89142 0 52 89156 0 90 89156 0 91 89156 0 92 89163 0 79 89166 0 54 89190 0 79 89199 0 53 89202 0 51 89215 0 75 89222 0 74 89225 0 79 89280 0 52 89322 0 53 89323 0 54 89370 0 51 89436 0 52 89497 0 54 89512 0 66 89512 0 67 89516 0 79 89538 0 90 89538 0 91 89538 0 92 89540 0 79 89541 0 74 89541 0 75 89548 0 53 89551 0 51 89566 0 79 89567 0 
TIME iteration: 300 ms
Round:169
IR: 139, 130, 123, 235, 235
89599 0 79 89642 0 54 89665 0 79 89691 0 51 89767 0 52 89802 0 53 89848 0 54 89873 0 51 89886 0 52 89920 0 62 89921 0 63 89929 0 77 89930 0 53 89938 0 61 89939 0 60 89947 0 76 89947 0 90 89947 0 91 89947 0 92 89953 0 77 89971 0 76 89974 0 54 89980 0 77 89998 0 76 90008 0 52 90012 0 70 90015 0 77 90017 0 71 90025 0 53 90026 0 68 90033 0 76 90034 0 69 90072 0 90 90072 0 91 90072 0 
TIME iteration: 300 ms
Round:170
IR: 87, 173, 406, 296, 201
90116 0 51 90126 0 53 90169 0 54 90218 0 51 90306 0 52 90313 0 54 90359 0 53 90396 0 52 90397 0 51 90417 0 54 90432 0 66 90432 0 67 90438 0 61 90439 0 60 90440 0 79 90444 0 76 90460 0 90 90460 0 91 90460 0 92 90464 0 79 90468 0 76 90475 0 68 90475 0 69 90484 0 53 90488 0 75 90489 0 74 90491 0 79 90495 0 76 90525 0 52 90526 0 79 90528 0 76 90569 0 54 90580 0 51 90591 0 90 90591 0 91 90591 0 92 90595 0 
TIME iteration: 305 ms
Round:171
IR: 226, 230, 245, 261, 202
90637 0 53 90718 0 52 90727 0 51 90733 0 54 90774 0 53 90841 0 54 90881 0 53 90907 0 51 90916 0 64 90917 0 65 90925 0 78 90946 0 90 90946 0 91 90946 0 92 90949 0 78 90973 0 52 90976 0 78 90982 0 54 91002 0 72 91005 0 73 91007 0 53 91011 0 78 91083 0 51 91159 0 
TIME iteration: 299 ms
Round:172
IR: 240, 310, 330, 249, 112
91165 0 53 91243 0 65 91245 0 64 91247 0 78 91265 0 53 91268 0 73 91269 0 72 91269 0 90 91269 0 91 91269 0 92 91270 0 78 91271 0 51 91296 0 78 91328 0 78 91331 0 54 91345 0 52 91382 0 78 91413 0 51 91419 0 53 91440 0 54 91507 0 52 91521 0 51 91562 0 54 91588 0 67 91589 0 66 91597 0 79 91600 0 60 91600 0 61 91608 0 76 91614 0 90 91614 0 91 91614 0 92 91621 0 79 91623 0 52 91625 0 51 91632 0 76 91648 0 79 91657 0 74 91659 0 76 91661 0 75 91663 0 53 91665 0 68 91668 0 69 91683 0 
TIME iteration: 300 ms
Round:173
IR: 191, 159, 101, 307, 240
91693 0 76 91741 0 90 91741 0 91 91741 0 92 91775 0 51 91783 0 54 91809 0 52 91844 0 53 91909 0 54 91950 0 53 91985 0 51 91999 0 52 92072 0 53 92086 0 64 92087 0 65 92094 0 78 92102 0 51 92108 0 54 92116 0 90 92116 0 91 92116 0 92 92118 0 78 92136 0 73 92137 0 72 92145 0 78 92179 0 78 92188 0 
TIME iteration: 299 ms
Round:174
IR: 237, 132, 118, 216, 255
92220 0 53 92274 0 51 92354 0 54 92406 0 52 92412 0 53 92413 0 51 92484 0 64 92485 0 65 92488 0 78 92492 0 61 92495 0 60 92501 0 76 92509 0 72 92510 0 73 92511 0 78 92511 0 90 92511 0 91 92511 0 92 92513 0 54 92525 0 76 92537 0 78 92549 0 69 92552 0 76 92553 0 68 92554 0 53 92569 0 78 92574 0 52 92586 0 76 92624 0 78 92625 0 51 92640 0 90 92640 0 91 92640 0 92 92658 0 54 92693 0 53 92731 0 
TIME iteration: 300 ms
Round:175
IR: 174, 39, 149, 224, 164
92767 0 54 92880 0 51 92887 0 53 92891 0 52 92909 0 54 92994 0 67 93002 0 66 93007 0 79 93011 0 51 93028 0 90 93028 0 91 93028 0 92 93031 0 79 93055 0 52 93058 0 79 93073 0 74 93076 0 75 93082 0 54 93093 0 79 93113 0 51 93119 0 53 93179 0 52 93202 0 51 93223 0 54 93270 0 
TIME iteration: 299 ms
Round:176
IR: 376, 139, 129, 214, 147
93304 0 52 93323 0 51 93333 0 60 93335 0 61 93341 0 76 93351 0 62 93353 0 63 93359 0 90 93359 0 91 93359 0 92 93360 0 77 93365 0 54 93365 0 76 93384 0 77 93386 0 53 93387 0 69 93390 0 68 93392 0 76 93411 0 77 93417 0 52 93426 0 76 93445 0 77 93450 0 71 93455 0 51 93455 0 70 93483 0 90 93483 0 91 93483 0 92 93534 0 54 93543 0 52 93556 0 53 93625 0 51 93661 0 52 93731 0 54 93735 0 53 93780 0 
TIME iteration: 299 ms
Round:177
IR: 244, 143, 170, 261, 251
93843 0 54 93869 0 53 93871 0 66 93873 0 67 93876 0 52 93880 0 79 93890 0 65 93891 0 64 93899 0 78 93902 0 90 93902 0 91 93902 0 92 93904 0 79 93910 0 51 93923 0 78 93928 0 74 93929 0 54 93930 0 75 93931 0 79 93950 0 78 93965 0 72 93965 0 73 93966 0 79 93985 0 78 94012 0 53 94024 0 51 94029 0 90 94029 0 91 94029 0 92 94044 0 52 94091 0 54 94180 0 51 94221 0 53 94243 0 54 94278 0 52 94294 0 
TIME iteration: 300 ms
Round:178
IR: 131, 235, 192, 313, 241
94360 0 54 94377 0 60 94380 0 53 94384 0 66 94385 0 67 94387 0 61 94390 0 76 94390 0 79 94391 0 51 94408 0 90 94408 0 91 94408 0 92 94414 0 76 94414 0 79 94418 0 74 94418 0 75 94441 0 76 94441 0 79 94444 0 52 94446 0 68 94448 0 69 94474 0 79 94475 0 76 94492 0 51 94510 0 54 94531 0 53 94539 0 90 94539 0 91 94539 0 92 94548 0 79 94565 0 52 94612 0 51 94668 0 54 94699 0 53 94805 0 51 94830 0 53 94839 0 54 94862 0 
TIME iteration: 300 ms
Round:179
IR: 376, 166, 123, 200, 195
94918 0 64 94918 0 65 94926 0 78 94948 0 90 94948 0 91 94948 0 92 94950 0 78 94959 0 51 94977 0 78 94982 0 72 94982 0 73 94991 0 53 95008 0 54 95011 0 78 95062 0 51 95117 0 52 95137 0 54 95175 0 51 95181 0 53 95266 0 54 95271 0 52 95292 0 51 95292 0 66 95292 0 67 95293 0 60 95293 0 61 95300 0 79 95301 0 76 95316 0 90 95316 0 91 95316 0 92 95324 0 79 95325 0 76 95346 0 74 95347 0 75 95350 0 69 95351 0 79 95352 0 76 95353 0 68 95360 0 53 95386 0 76 95386 0 
TIME iteration: 300 ms
Round:180
IR: 226, 139, 205, 218, 206
95405 0 52 95428 0 51 95434 0 54 95446 0 90 95446 0 91 95446 0 92 95518 0 52 95536 0 53 95613 0 54 95643 0 52 95672 0 51 95727 0 53 95758 0 52 95777 0 62 95778 0 63 95786 0 77 95788 0 54 95807 0 90 95807 0 91 95807 0 92 95810 0 77 95828 0 53 95837 0 77 95870 0 71 95872 0 77 95874 0 52 95876 0 70 95878 0 51 95921 0 
TIME iteration: 299 ms
Round:181
IR: 399, 252, 129, 210, 153
96026 0 51 96038 0 54 96069 0 53 96083 0 52 96136 0 65 96137 0 64 96141 0 62 96144 0 63 96145 0 51 96145 0 78 96146 0 77 96162 0 90 96162 0 91 96162 0 92 96169 0 77 96169 0 78 96170 0 70 96171 0 71 96195 0 77 96196 0 78 96209 0 72 96210 0 73 96214 0 54 96227 0 77 96231 0 78 96238 0 53 96244 0 51 96272 0 52 96282 0 77 96291 0 90 96291 0 91 96291 0 92 96354 0 54 96357 0 51 96419 0 52 96439 0 
TIME iteration: 299 ms
Round:182
IR: 269, 17, 115, 226, 189
96479 0 51 96559 0 53 96578 0 54 96598 0 52 96616 0 51 96638 0 61 96639 0 60 96647 0 76 96668 0 90 96668 0 91 96668 0 92 96671 0 76 96691 0 53 96698 0 76 96709 0 68 96711 0 52 96714 0 69 96733 0 76 96740 0 54 96810 0 51 96816 0 52 96918 0 54 96929 0 53 96946 0 52 96957 0 51 96982 0 62 96983 0 
TIME iteration: 299 ms
Round:183
IR: 107, 314, 294, 237, 303
96990 0 77 96992 0 60 96994 0 61 96996 0 76 97008 0 90 97008 0 91 97008 0 92 97014 0 77 97018 0 68 97019 0 69 97019 0 76 97032 0 70 97035 0 71 97041 0 77 97045 0 76 97051 0 54 97075 0 77 97077 0 76 97100 0 51 97101 0 52 97101 0 53 97131 0 76 97135 0 90 97135 0 91 97135 0 92 97163 0 54 97235 0 52 97261 0 51 97264 0 54 97299 0 53 97399 0 54 97438 0 51 97441 0 52 97459 0 66 97459 0 67 97468 0 53 97468 0 79 97488 0 90 97488 0 91 97488 0 92 97492 0 79 97519 0 
TIME iteration: 300 ms
Round:184
IR: 312, 161, 173, 327, 282
97549 0 74 97554 0 79 97557 0 75 97561 0 54 97605 0 51 97633 0 53 97702 0 54 97712 0 52 97759 0 67 97760 0 66 97762 0 79 97781 0 51 97782 0 74 97783 0 75 97784 0 90 97784 0 91 97784 0 92 97785 0 79 97799 0 53 97811 0 79 97841 0 52 97843 0 79 97897 0 79 97936 0 54 97962 0 51 97987 0 52 98025 0 
TIME iteration: 299 ms
Round:185
IR: 270, 122, 114, 228, 200
98107 0 54 98160 0 51 98174 0 66 98180 0 67 98183 0 79 98199 0 74 98199 0 75 98204 0 90 98204 0 91 98204 0 92 98206 0 53 98207 0 79 98231 0 52 98234 0 79 98268 0 79 98297 0 75 98311 0 54 98336 0 52 98348 0 51 98358 0 53 98436 0 52 98453 0 54 98492 0 67 98494 0 63 98494 0 66 98495 0 62 98496 0 79 98503 0 77 98506 0 74 98516 0 90 98516 0 91 98516 0 92 98517 0 75 98519 0 79 98527 0 77 98530 0 51 98545 0 79 98554 0 77 98567 0 74 98574 0 53 98575 0 70 98577 0 71 98577 0 
TIME iteration: 300 ms
Round:186
IR: 127, 237, 232, 196, 287
98589 0 77 98630 0 54 98634 0 79 98645 0 90 98645 0 91 98645 0 92 98679 0 52 98697 0 51 98731 0 53 98789 0 54 98867 0 51 98896 0 53 98904 0 52 98991 0 54 99027 0 51 99057 0 53 99058 0 61 99060 0 60 99066 0 52 99067 0 76 99076 0 64 99077 0 65 99085 0 78 99090 0 90 99090 0 91 99090 0 92 99091 0 76 99109 0 
TIME iteration: 299 ms
Round:187
IR: 249, 141, 86, 213, 307
99118 0 76 99136 0 78 99147 0 69 99152 0 68 99152 0 76 99171 0 72 99171 0 78 99173 0 54 99181 0 73 99184 0 51 99206 0 52 99211 0 53 99218 0 90 99218 0 91 99218 0 92 99308 0 54 99333 0 52 99337 0 53 99361 0 51 99454 0 54 99497 0 52 99498 0 51 99546 0 53 99615 0 51 99617 0 60 99618 0 61 99623 0 76 99627 0 
TIME iteration: 307 ms
Round:188
IR: 102, 98, 159, 182, 185
99644 0 66 99645 0 67 99646 0 52 99647 0 76 99648 0 90 99648 0 91 99648 0 92 99653 0 79 99657 0 69 99658 0 68 99674 0 76 99677 0 79 99704 0 79 99707 0 76 99708 0 53 99709 0 75 99715 0 74 99727 0 51 99739 0 79 99758 0 54 99772 0 90 99772 0 91 99772 0 92 99774 0 76 99796 0 52 99821 0 53 99855 0 51 99870 0 54 99902 0 52 99977 0 53 99978 0 51 100032 0 54 100063 0 52 100113 0 53 100120 0 51 100136 0 60 100136 0 61 100140 0 62 100140 0 63 100142 0 65 100142 0 76 100144 0 64 100148 0 77 100151 0 78 100163 0 90 100163 0 91 100163 0 92 100166 0 76 100168 0 68 100168 0 
TIME iteration: 301 ms
Round:189
IR: 130, 315, 211, 219, 237
100172 0 77 100175 0 78 100193 0 76 100199 0 77 100202 0 78 100206 0 52 100209 0 73 100210 0 72 100220 0 71 100221 0 54 100224 0 70 100227 0 76 100228 0 51 100233 0 77 100236 0 78 100280 0 90 100280 0 91 100280 0 92 100303 0 76 100322 0 51 100333 0 53 100350 0 52 100357 0 54 100438 0 51 100461 0 54 100470 0 53 100603 0 53 100609 0 52 100612 0 54 100620 0 51 100634 0 64 100634 0 66 100635 0 65 100635 0 67 100640 0 78 100643 0 79 100659 0 61 100659 0 90 100659 0 91 100659 0 92 100664 0 78 100667 0 79 100668 0 72 100669 0 73 100672 0 76 100691 0 78 100694 0 79 100697 0 74 100699 0 
TIME iteration: 300 ms
Round:190
IR: 262, 150, 133, 217, 185
100702 0 76 100711 0 52 100723 0 51 100724 0 78 100729 0 79 100748 0 76 100769 0 54 100778 0 90 100778 0 91 100778 0 92 100787 0 53 100791 0 78 100833 0 52 100894 0 51 100900 0 54 100928 0 53 101003 0 52 101007 0 51 101030 0 53 101057 0 54 101099 0 64 101101 0 65 101106 0 78 101128 0 73 101129 0 72 101129 0 90 101129 0 91 101129 0 92 101130 0 78 101131 0 53 101134 0 51 101149 0 54 101156 0 52 101157 0 78 101191 0 
TIME iteration: 301 ms
Round:191
IR: 355, 244, 202, 236, 255
101264 0 54 101266 0 78 101290 0 52 101327 0 53 101347 0 51 101428 0 54 101452 0 52 101462 0 51 101469 0 53 101483 0 66 101483 0 67 101491 0 79 101500 0 65 101501 0 63 101501 0 64 101502 0 62 101506 0 78 101508 0 60 101509 0 61 101509 0 90 101509 0 91 101509 0 92 101510 0 77 101515 0 79 101516 0 76 101523 0 72 101523 0 73 101530 0 78 101534 0 77 101536 0 74 101537 0 75 101540 0 76 101542 0 79 101557 0 78 101561 0 77 101562 0 68 101565 0 69 101567 0 76 101573 0 71 101577 0 79 101578 0 70 101590 0 78 101595 0 54 101596 0 77 101601 0 76 101609 0 51 101619 0 90 101619 0 91 101619 0 92 101624 0 53 101657 0 78 101686 0 52 101698 0 54 101744 0 51 101759 0 
TIME iteration: 301 ms
Round:192
IR: 169, 178, 119, 224, 160
101843 0 54 101863 0 52 101875 0 53 101908 0 51 101953 0 54 101954 0 64 101964 0 65 101965 0 78 101966 0 67 101967 0 66 101972 0 79 101984 0 72 101984 0 73 101987 0 90 101987 0 91 101987 0 92 101989 0 78 101991 0 52 101992 0 53 101996 0 79 101997 0 74 101998 0 75 102016 0 78 102023 0 79 102049 0 78 102056 0 51 102057 0 79 102066 0 54 102108 0 53 102117 0 78 102118 0 90 102118 0 91 102118 0 92 102124 0 52 102212 0 51 102225 0 53 102227 0 54 102251 0 
TIME iteration: 300 ms
Round:193
IR: 258, 119, 217, 202, 265
102340 0 53 102368 0 54 102397 0 51 102429 0 52 102439 0 53 102444 0 64 102445 0 65 102450 0 78 102472 0 72 102472 0 73 102474 0 78 102474 0 90 102474 0 91 102474 0 92 102501 0 51 102501 0 78 102534 0 78 102541 0 54 102570 0 52 102601 0 78 102617 0 51 102634 0 53 102671 0 54 102698 0 52 102752 0 51 102798 0 53 102799 0 60 102800 0 61 102808 0 
TIME iteration: 299 ms
Round:194
IR: 235, 112, 219, 322, 128
102825 0 90 102825 0 91 102825 0 92 102830 0 52 102832 0 76 102839 0 54 102859 0 76 102872 0 68 102873 0 69 102882 0 51 102894 0 76 102918 0 53 102955 0 54 103026 0 52 103028 0 53 103116 0 54 103129 0 52 103154 0 53 103165 0 64 103165 0 65 103172 0 78 103179 0 63 103180 0 62 103184 0 51 103188 0 67 103188 0 77 103190 0 90 103190 0 91 103190 0 92 103196 0 78 103207 0 79 103208 0 72 103210 0 73 103212 0 77 103215 0 54 103223 0 78 103239 0 77 103239 0 79 103257 0 78 103259 0 70 103264 0 71 103274 0 77 103297 0 79 103303 0 53 103304 0 51 103306 0 52 103307 0 90 103307 0 91 103307 0 
TIME iteration: 300 ms
Round:195
IR: 169, 109, 118, 229, 193
103386 0 54 103434 0 52 103498 0 53 103505 0 51 103576 0 52 103626 0 53 103645 0 51 103661 0 63 103671 0 77 103684 0 64 103686 0 54 103689 0 65 103692 0 78 103701 0 77 103701 0 90 103701 0 91 103701 0 92 103716 0 52 103716 0 78 103719 0 73 103720 0 72 103743 0 78 103744 0 77 103774 0 53 103776 0 78 103841 0 54 103843 0 78 103849 0 90 103849 0 91 103849 0 92 103858 0 
TIME iteration: 299 ms
Round:196
IR: 299, 79, 209, 226, 215
103894 0 52 103990 0 54 104025 0 53 104061 0 52 104083 0 51 104194 0 52 104200 0 54 104220 0 53 104226 0 62 104227 0 63 104233 0 77 104257 0 77 104257 0 90 104257 0 91 104257 0 92 104265 0 70 104265 0 71 104284 0 77 104318 0 77 104319 0 52 104340 0 51 104358 0 53 104387 0 54 104399 0 
TIME iteration: 299 ms
Round:197
IR: 267, 186, 130, 210, 102
104467 0 53 104476 0 52 104487 0 51 104625 0 51 104626 0 52 104633 0 54 104635 0 63 104636 0 62 104641 0 77 104644 0 61 104645 0 60 104653 0 76 104658 0 71 104660 0 70 104662 0 90 104662 0 91 104662 0 92 104665 0 77 104677 0 76 104692 0 77 104704 0 76 104725 0 77 104728 0 53 104730 0 68 104732 0 69 104739 0 76 104754 0 51 104791 0 90 104791 0 91 104791 0 92 104792 0 77 104793 0 52 104813 0 53 104903 0 52 104922 0 
TIME iteration: 299 ms
Round:198
IR: 188, 108, 142, 421, 77
104957 0 53 104960 0 54 105038 0 58 105072 0 52 105075 0 58 105104 0 86 105104 0 87 105108 0 58 105123 0 54 105139 0 51 105140 0 58 105156 0 53 105171 0 58 105173 0 52 105200 0 58 105215 0 86 105215 0 87 105230 0 58 105259 0 58 105271 0 54 105278 0 67 105279 0 66 105286 0 58 105287 0 79 105290 0 52 105292 0 51 105298 0 60 105299 0 61 105305 0 76 105310 0 90 105310 0 91 105310 0 92 105311 0 79 105314 0 58 105324 0 86 105324 0 87 105329 0 76 105338 0 79 105343 0 58 105343 0 68 105343 0 69 105356 0 76 105371 0 75 105372 0 58 105373 0 79 105375 0 74 105376 0 53 105390 0 76 105400 0 58 105412 0 52 105421 0 54 105428 0 58 105434 0 86 105434 0 87 105438 0 90 105438 0 91 105438 0 92 105456 0 
TIME iteration: 300 ms
Round:199
IR: 204, 238, 121, 205, 172
105471 0 76 105486 0 58 105503 0 51 105529 0 58 105546 0 86 105546 0 87 105568 0 54 105575 0 52 105621 0 51 105639 0 53 105693 0 52 105716 0 54 105761 0 51 105788 0 61 105789 0 60 105794 0 76 105818 0 76 105818 0 90 105818 0 91 105818 0 92 105820 0 68 105820 0 69 105828 0 52 105845 0 76 105878 0 76 105906 0 51 105913 0 53 105924 0 54 105945 0 76 105989 0 
TIME iteration: 299 ms
