Experiment Risk
CUTOFF_IR 0
Config: ./networks/network36.conf, Protocol: ./networks/network35.pro
Round:0
IR: 160, 108, 202, 134, 205
310 0 54 417 0 51 418 0 53 461 0 52 465 0 54 482 0 67 484 0 66 492 0 79 516 0 79 524 0 90 524 0 91 524 0 
TIME iteration: 471 ms
Round:1
IR: 182, 107, 157, 209, 303
543 0 79 564 0 51 578 0 79 596 0 53 656 0 54 682 0 52 748 0 51 761 0 53 801 0 52 809 0 54 868 0 51 898 0 61 899 0 60 907 0 76 920 0 52 923 0 62 923 0 63 926 0 90 926 0 91 926 0 92 931 0 76 931 0 77 945 0 53 955 0 77 958 0 76 963 0 54 982 0 77 993 0 76 1004 0 68 1006 0 69 1016 0 77 1022 0 71 1032 0 70 1041 0 51 1049 0 90 1049 0 91 1049 0 
TIME iteration: 304 ms
Round:2
IR: 219, 186, 179, 270, 130
1090 0 52 1091 0 53 1168 0 51 1195 0 54 1254 0 53 1298 0 52 1300 0 51 1358 0 54 1441 0 52 1465 0 63 1466 0 62 1471 0 77 1481 0 51 1486 0 60 1486 0 61 1492 0 76 1495 0 77 1496 0 90 1496 0 91 1496 0 92 1505 0 71 1507 0 70 1516 0 76 1522 0 77 1523 0 54 1528 0 68 1528 0 69 1543 0 76 1555 0 77 1575 0 53 1577 0 
TIME iteration: 303 ms
Round:3
IR: 140, 159, 149, 294, 73
1622 0 77 1623 0 90 1623 0 91 1623 0 92 1645 0 54 1650 0 52 1653 0 76 1664 0 51 1755 0 53 1772 0 54 1821 0 52 1900 0 52 1928 0 51 1943 0 62 1944 0 63 1949 0 77 1961 0 54 1972 0 70 1973 0 71 1973 0 77 1973 0 90 1973 0 91 1973 0 92 2000 0 77 2033 0 77 2040 0 52 2043 0 53 2100 0 
TIME iteration: 303 ms
Round:4
IR: 128, 107, 231, 315, 101
2126 0 51 2145 0 54 2150 0 53 2164 0 52 2248 0 53 2263 0 51 2273 0 64 2274 0 65 2282 0 78 2296 0 54 2299 0 90 2299 0 91 2299 0 92 2306 0 78 2333 0 78 2340 0 53 2362 0 73 2368 0 78 2369 0 51 2373 0 72 2410 0 52 2414 0 54 2436 0 53 2510 0 52 2522 0 53 2524 0 64 2524 0 65 2525 0 78 2543 0 73 2544 0 51 2544 0 72 2547 0 90 2547 0 91 2547 0 92 2548 0 78 2569 0 54 2574 0 78 2605 0 78 2617 0 73 2619 0 52 2630 0 53 2631 0 72 2649 0 
TIME iteration: 303 ms
Round:5
IR: 293, 89, 104, 218, 120
2654 0 78 2665 0 54 2739 0 53 2753 0 64 2753 0 65 2755 0 78 2766 0 52 2771 0 73 2772 0 72 2775 0 54 2775 0 90 2775 0 91 2775 0 92 2778 0 78 2793 0 51 2804 0 78 2835 0 78 2842 0 73 2851 0 72 2885 0 78 2905 0 53 2918 0 54 2952 0 51 2996 0 52 3006 0 53 3015 0 65 3016 0 64 3018 0 78 3035 0 73 3036 0 72 3038 0 90 3038 0 91 3038 0 92 3041 0 78 3067 0 78 3074 0 54 3099 0 78 3116 0 53 3120 0 73 3123 0 72 3135 0 51 3152 0 
TIME iteration: 303 ms
Round:6
IR: 128, 146, 136, 186, 75
3184 0 54 3221 0 52 3235 0 53 3250 0 64 3251 0 65 3253 0 78 3269 0 72 3269 0 73 3273 0 90 3273 0 91 3273 0 92 3276 0 78 3302 0 78 3331 0 51 3333 0 78 3341 0 73 3344 0 72 3347 0 52 3348 0 53 3382 0 54 3384 0 78 3477 0 51 3479 0 52 3563 0 53 3565 0 54 3592 0 65 3594 0 64 3597 0 78 3608 0 51 3617 0 52 3618 0 90 3618 0 91 3618 0 92 3619 0 72 3619 0 73 3620 0 78 3646 0 78 3678 0 
TIME iteration: 305 ms
Round:7
IR: 168, 83, 147, 229, 54
3728 0 53 3734 0 78 3776 0 51 3817 0 52 3889 0 51 3894 0 54 3965 0 60 3968 0 61 3975 0 76 3990 0 52 3992 0 90 3992 0 91 3992 0 92 3999 0 76 4020 0 51 4025 0 53 4026 0 76 4053 0 69 4058 0 68 4061 0 76 4074 0 54 4151 0 52 4183 0 51 4205 0 53 4221 0 
TIME iteration: 303 ms
Round:8
IR: 163, 149, 171, 372, 180
4323 0 54 4330 0 52 4333 0 58 4340 0 66 4340 0 67 4349 0 79 4366 0 90 4366 0 91 4366 0 92 4372 0 58 4373 0 79 4399 0 53 4400 0 79 4400 0 86 4400 0 87 4406 0 58 4413 0 51 4429 0 52 4435 0 54 4435 0 74 4435 0 79 4438 0 58 4441 0 75 4470 0 58 4501 0 58 4510 0 86 4510 0 87 4531 0 58 4560 0 58 4568 0 53 4574 0 52 4579 0 51 4588 0 58 4614 0 54 4617 0 58 4621 0 86 4621 0 87 4646 0 58 4662 0 66 4664 0 67 4666 0 79 4674 0 58 4687 0 74 4688 0 90 4688 0 91 4688 0 92 4689 0 75 4689 0 79 4702 0 58 4714 0 53 4715 0 79 4719 0 52 4730 0 58 4732 0 86 4732 0 87 4747 0 79 4758 0 58 4769 0 
TIME iteration: 303 ms
Round:9
IR: 228, 67, 219, 396, 214
4781 0 51 4785 0 58 4803 0 79 4812 0 58 4839 0 58 4843 0 86 4843 0 87 4866 0 58 4892 0 58 4919 0 58 4931 0 53 4938 0 52 4946 0 58 4952 0 86 4952 0 87 4973 0 58 4983 0 51 4999 0 58 5014 0 54 5025 0 58 5051 0 58 5061 0 86 5061 0 87 5077 0 58 5102 0 53 5104 0 58 5131 0 58 5159 0 58 5170 0 86 5170 0 87 5177 0 54 5187 0 58 5187 0 66 5187 0 67 5194 0 79 5202 0 52 5208 0 51 5215 0 58 5216 0 74 5216 0 90 5216 0 91 5216 0 92 5218 0 75 5218 0 79 5242 0 58 5245 0 79 5270 0 58 5279 0 79 5279 0 86 5279 0 87 5285 0 53 5298 0 
TIME iteration: 302 ms
Round:10
IR: 184, 64, 97, 338, 207
5315 0 54 5331 0 58 5388 0 58 5395 0 86 5395 0 87 5423 0 53 5460 0 52 5463 0 54 5494 0 51 5557 0 53 5626 0 52 5639 0 54 5643 0 66 5644 0 67 5649 0 79 5669 0 74 5670 0 75 5671 0 90 5671 0 91 5671 0 92 5673 0 79 5700 0 79 5705 0 51 5728 0 52 5728 0 53 5734 0 79 5799 0 
TIME iteration: 301 ms
Round:11
IR: 233, 320, 189, 186, 132
5834 0 51 5847 0 52 5883 0 53 5947 0 54 5990 0 52 6010 0 67 6011 0 66 6014 0 79 6015 0 62 6015 0 63 6019 0 53 6023 0 77 6029 0 74 6029 0 75 6036 0 90 6036 0 91 6036 0 92 6037 0 79 6040 0 51 6047 0 77 6063 0 79 6074 0 77 6093 0 54 6095 0 79 6103 0 74 6108 0 77 6110 0 71 6112 0 75 6113 0 70 6154 0 79 6161 0 53 6165 0 52 6166 0 90 6166 0 91 6166 0 92 6233 0 51 6259 0 54 6332 0 
TIME iteration: 302 ms
Round:12
IR: 255, 107, 332, 483, 270
6414 0 54 6415 0 51 6456 0 58 6493 0 58 6510 0 86 6510 0 87 6511 0 52 6526 0 58 6538 0 54 6548 0 53 6549 0 66 6550 0 67 6556 0 79 6557 0 51 6557 0 58 6580 0 79 6580 0 90 6580 0 91 6580 0 92 6587 0 58 6589 0 75 6590 0 74 6607 0 79 6616 0 58 6621 0 86 6621 0 87 6641 0 79 6644 0 58 6654 0 53 6672 0 58 6700 0 58 6709 0 51 6728 0 58 6732 0 86 6732 0 87 6755 0 58 6778 0 52 6779 0 54 6782 0 58 6784 0 53 6809 0 58 6836 0 58 6842 0 86 6842 0 87 6862 0 58 6889 0 
TIME iteration: 302 ms
Round:13
IR: 192, 43, 144, 222, 168
6893 0 53 6903 0 51 6921 0 58 6929 0 52 6956 0 86 6956 0 87 6971 0 58 6996 0 54 7043 0 67 7044 0 66 7049 0 79 7054 0 52 7072 0 90 7072 0 91 7072 0 92 7073 0 79 7075 0 74 7076 0 75 7088 0 53 7100 0 79 7102 0 51 7134 0 79 7149 0 54 7214 0 53 7220 0 52 7241 0 51 7374 0 54 7380 0 52 7382 0 51 7389 0 
TIME iteration: 301 ms
Round:14
IR: 163, 169, 225, 347, 219
7426 0 60 7426 0 61 7434 0 76 7452 0 90 7452 0 91 7452 0 92 7458 0 76 7485 0 76 7514 0 68 7519 0 76 7522 0 69 7529 0 54 7542 0 52 7560 0 53 7564 0 51 7652 0 52 7652 0 54 7703 0 51 7736 0 53 7737 0 60 7738 0 61 7740 0 76 7761 0 68 7761 0 69 7762 0 90 7762 0 91 7762 0 92 7763 0 76 7779 0 52 7789 0 76 7821 0 76 7874 0 76 7910 0 53 7930 0 54 7938 0 
TIME iteration: 302 ms
Round:15
IR: 271, 96, 139, 290, 147
8017 0 53 8024 0 52 8066 0 54 8096 0 51 8128 0 53 8129 0 64 8129 0 65 8137 0 78 8151 0 60 8152 0 61 8155 0 90 8155 0 91 8155 0 92 8156 0 76 8161 0 78 8172 0 52 8173 0 68 8173 0 69 8180 0 76 8188 0 78 8189 0 54 8206 0 76 8222 0 78 8223 0 73 8227 0 72 8239 0 76 8241 0 51 8273 0 69 8278 0 90 8278 0 91 8278 0 92 8298 0 53 8300 0 76 8326 0 54 8358 0 52 8401 0 51 8469 0 
TIME iteration: 302 ms
Round:16
IR: 262, 190, 129, 191, 168
8482 0 54 8521 0 52 8576 0 53 8580 0 51 8590 0 54 8617 0 65 8619 0 64 8621 0 67 8622 0 66 8623 0 78 8630 0 79 8644 0 90 8644 0 91 8644 0 92 8647 0 78 8654 0 72 8654 0 79 8655 0 73 8674 0 78 8681 0 79 8684 0 53 8701 0 74 8702 0 75 8704 0 54 8705 0 52 8707 0 78 8713 0 51 8716 0 79 8773 0 78 8775 0 90 8775 0 91 8775 0 92 8803 0 53 8813 0 54 8848 0 52 8900 0 51 8925 0 53 8989 0 
TIME iteration: 312 ms
Round:17
IR: 286, 168, 166, 189, 106
9019 0 52 9057 0 51 9072 0 53 9099 0 54 9122 0 64 9123 0 65 9127 0 66 9128 0 78 9129 0 67 9134 0 79 9150 0 90 9150 0 91 9150 0 92 9152 0 78 9153 0 72 9154 0 73 9158 0 79 9165 0 74 9165 0 75 9179 0 78 9185 0 79 9190 0 53 9204 0 54 9212 0 78 9219 0 79 9220 0 51 9245 0 52 9279 0 78 9281 0 90 9281 0 91 9281 0 92 9297 0 54 9338 0 51 9418 0 53 9462 0 51 9471 0 54 9473 0 
TIME iteration: 302 ms
Round:18
IR: 292, 92, 191, 302, 163
9650 0 53 9655 0 52 9667 0 51 9672 0 54 9702 0 60 9702 0 61 9710 0 76 9723 0 66 9725 0 67 9731 0 79 9733 0 90 9733 0 91 9733 0 92 9734 0 76 9755 0 79 9758 0 53 9761 0 74 9761 0 76 9762 0 75 9777 0 54 9781 0 68 9782 0 79 9785 0 69 9795 0 52 9795 0 76 9808 0 51 9816 0 79 9859 0 90 9859 0 91 9859 0 92 9872 0 53 9888 0 54 9894 0 51 9970 0 53 10013 0 51 10016 0 
TIME iteration: 302 ms
Round:19
IR: 261, 173, 139, 247, 104
10077 0 52 10100 0 53 10125 0 51 10161 0 60 10161 0 61 10166 0 76 10185 0 54 10190 0 76 10190 0 90 10190 0 91 10190 0 92 10193 0 68 10196 0 69 10217 0 76 10236 0 51 10250 0 76 10255 0 53 10262 0 52 10316 0 76 10327 0 54 10374 0 51 10406 0 52 10468 0 54 10507 0 53 10510 0 51 10525 0 60 10525 0 61 10530 0 76 10544 0 68 10546 0 69 10551 0 90 10551 0 91 10551 0 92 10554 0 76 10578 0 52 10581 0 
TIME iteration: 302 ms
Round:20
IR: 136, 183, 126, 233, 137
10614 0 76 10633 0 68 10634 0 69 10644 0 51 10679 0 76 10726 0 53 10726 0 54 10800 0 52 10841 0 53 10843 0 51 10863 0 60 10863 0 61 10867 0 76 10888 0 90 10888 0 91 10888 0 92 10889 0 69 10890 0 68 10890 0 76 10916 0 76 10929 0 54 10945 0 53 10948 0 76 11002 0 52 11004 0 76 11008 0 51 11036 0 53 11071 0 
TIME iteration: 301 ms
Round:21
IR: 147, 126, 161, 166, 158
11152 0 52 11154 0 53 11171 0 51 11180 0 64 11180 0 65 11188 0 78 11204 0 90 11204 0 91 11204 0 92 11212 0 78 11216 0 54 11239 0 78 11256 0 52 11263 0 73 11271 0 53 11272 0 72 11273 0 78 11308 0 51 11376 0 52 11389 0 54 11503 0 54 11550 0 52 11551 0 66 11551 0 67 11553 0 51 11560 0 79 11576 0 90 11576 0 91 11576 0 92 11577 0 53 11584 0 79 11598 0 54 11611 0 79 11634 0 75 11640 0 74 11646 0 
TIME iteration: 302 ms
Round:22
IR: 228, 242, 145, 238, 88
11668 0 52 11691 0 54 11738 0 53 11768 0 52 11830 0 54 11843 0 66 11843 0 67 11846 0 79 11847 0 51 11865 0 74 11865 0 75 11867 0 90 11867 0 91 11867 0 92 11869 0 79 11895 0 79 11897 0 52 11927 0 79 11938 0 53 11971 0 51 11982 0 79 11999 0 54 12047 0 52 12076 0 53 12084 0 51 12121 0 54 12182 0 67 12183 0 66 12187 0 
TIME iteration: 302 ms
Round:23
IR: 172, 67, 126, 239, 113
12198 0 53 12198 0 74 12198 0 75 12207 0 90 12207 0 91 12207 0 92 12211 0 79 12219 0 52 12237 0 79 12239 0 54 12245 0 51 12262 0 75 12263 0 74 12270 0 79 12316 0 53 12337 0 79 12379 0 54 12459 0 53 12461 0 67 12466 0 66 12467 0 79 12484 0 74 12484 0 75 12486 0 51 12487 0 90 12487 0 91 12487 0 92 12490 0 79 12502 0 52 12516 0 79 12522 0 54 12548 0 79 12572 0 75 12579 0 74 12600 0 51 12605 0 79 12637 0 53 12650 0 
TIME iteration: 302 ms
Round:24
IR: 286, 228, 160, 241, 198
12734 0 54 12746 0 52 12777 0 66 12779 0 67 12782 0 79 12802 0 90 12802 0 91 12802 0 92 12803 0 74 12803 0 75 12806 0 53 12806 0 79 12832 0 79 12849 0 51 12865 0 79 12876 0 54 12889 0 52 12914 0 53 12927 0 79 13012 0 54 13021 0 51 13053 0 52 13081 0 53 13101 0 54 13109 0 66 13109 0 67 13113 0 79 13124 0 74 13124 0 75 13134 0 90 13134 0 91 13134 0 92 13137 0 79 13163 0 79 13189 0 74 13189 0 75 13193 0 53 13195 0 79 13241 0 54 13244 0 
TIME iteration: 302 ms
Round:25
IR: 191, 158, 153, 221, 175
13252 0 51 13253 0 79 13336 0 53 13353 0 54 13371 0 66 13372 0 67 13375 0 79 13391 0 74 13391 0 75 13395 0 90 13395 0 91 13395 0 92 13398 0 79 13422 0 52 13424 0 79 13443 0 53 13453 0 51 13456 0 79 13473 0 75 13474 0 74 13514 0 79 13520 0 54 13585 0 52 13643 0 54 13653 0 66 13653 0 67 13657 0 79 13672 0 53 13675 0 74 13675 0 75 13677 0 90 13677 0 91 13677 0 92 13680 0 79 13706 0 79 13726 0 52 13738 0 79 13743 0 
TIME iteration: 302 ms
Round:26
IR: 182, 249, 288, 316, 190
13792 0 54 13793 0 53 13796 0 79 13843 0 52 13945 0 54 13965 0 52 13983 0 53 13997 0 62 13997 0 63 14005 0 77 14007 0 51 14021 0 66 14021 0 67 14022 0 90 14022 0 91 14022 0 92 14026 0 79 14029 0 77 14038 0 75 14039 0 74 14050 0 79 14056 0 77 14077 0 79 14088 0 70 14090 0 77 14091 0 71 14109 0 75 14111 0 79 14112 0 74 14114 0 54 14135 0 51 14144 0 90 14144 0 91 14144 0 92 14145 0 53 14166 0 52 14188 0 79 14251 0 54 14272 0 52 14289 0 
TIME iteration: 302 ms
Round:27
IR: 261, 176, 149, 275, 152
14330 0 53 14371 0 54 14387 0 52 14413 0 51 14447 0 62 14447 0 63 14452 0 77 14475 0 90 14475 0 91 14475 0 92 14476 0 77 14480 0 70 14480 0 71 14492 0 52 14503 0 77 14536 0 53 14536 0 77 14571 0 51 14596 0 52 14602 0 77 14652 0 54 14703 0 52 14706 0 51 14735 0 63 14736 0 62 14739 0 77 14749 0 70 14750 0 53 14750 0 71 14760 0 90 14760 0 91 14760 0 92 14762 0 77 14788 0 54 14788 0 77 14811 0 70 14813 0 71 14820 0 77 14829 0 
TIME iteration: 302 ms
Round:28
IR: 263, 212, 137, 197, 101
14854 0 51 14875 0 77 14891 0 53 14914 0 54 14991 0 52 15010 0 51 15031 0 62 15032 0 63 15035 0 77 15051 0 53 15053 0 70 15053 0 71 15055 0 90 15055 0 91 15055 0 92 15058 0 77 15084 0 77 15107 0 54 15116 0 77 15124 0 52 15149 0 70 15153 0 71 15171 0 77 15243 0 51 15255 0 54 15311 0 52 15333 0 62 15333 0 63 15337 0 77 15356 0 70 15357 0 71 15357 0 90 15357 0 91 15357 0 92 15360 0 
TIME iteration: 302 ms
Round:29
IR: 168, 224, 114, 175, 174
15386 0 77 15393 0 53 15417 0 54 15418 0 77 15474 0 77 15477 0 51 15486 0 52 15525 0 53 15584 0 54 15642 0 52 15643 0 51 15643 0 53 15686 0 65 15687 0 64 15695 0 78 15709 0 63 15712 0 90 15712 0 91 15712 0 92 15718 0 77 15719 0 78 15731 0 54 15732 0 53 15746 0 78 15747 0 77 15773 0 72 15781 0 71 15781 0 78 15782 0 73 15784 0 70 15789 0 77 15797 0 51 15798 0 52 15851 0 90 15851 0 91 15851 0 92 15865 0 54 15885 0 
TIME iteration: 302 ms
Round:30
IR: 184, 80, 117, 219, 138
15947 0 52 15951 0 51 15997 0 54 16044 0 53 16052 0 52 16109 0 51 16143 0 54 16191 0 52 16203 0 62 16203 0 63 16209 0 77 16212 0 67 16216 0 66 16223 0 79 16224 0 51 16228 0 53 16233 0 77 16233 0 90 16233 0 91 16233 0 92 16242 0 70 16242 0 71 16245 0 54 16247 0 79 16260 0 77 16274 0 79 16294 0 77 16304 0 75 16309 0 79 16313 0 74 16339 0 54 16364 0 90 16364 0 91 16364 0 92 16370 0 77 16379 0 51 16424 0 
TIME iteration: 302 ms
Round:31
IR: 163, 216, 89, 147, 183
16441 0 52 16486 0 54 16545 0 51 16595 0 53 16597 0 52 16628 0 54 16674 0 53 16701 0 64 16702 0 65 16709 0 78 16721 0 51 16731 0 90 16731 0 91 16731 0 92 16733 0 78 16734 0 52 16760 0 78 16764 0 72 16768 0 73 16774 0 54 16781 0 53 16794 0 78 16889 0 54 16897 0 51 16902 0 52 16950 0 
TIME iteration: 302 ms
Round:32
IR: 200, 56, 131, 207, 54
17013 0 54 17048 0 66 17049 0 67 17056 0 79 17062 0 52 17074 0 90 17074 0 91 17074 0 92 17080 0 79 17107 0 74 17107 0 79 17108 0 75 17131 0 51 17141 0 79 17208 0 54 17255 0 51 17275 0 52 17310 0 53 17340 0 54 17384 0 66 17385 0 67 17388 0 79 17399 0 51 17407 0 74 17408 0 75 17409 0 90 17409 0 91 17409 0 92 17411 0 79 17437 0 79 17469 0 79 17489 0 
TIME iteration: 302 ms
Round:33
IR: 128, 57, 215, 385, 225
17506 0 54 17527 0 79 17533 0 52 17560 0 51 17590 0 58 17617 0 54 17628 0 58 17638 0 53 17643 0 52 17656 0 86 17656 0 87 17660 0 58 17689 0 58 17715 0 51 17718 0 58 17747 0 58 17767 0 86 17767 0 87 17769 0 54 17774 0 66 17775 0 58 17775 0 67 17780 0 79 17794 0 75 17795 0 74 17800 0 90 17800 0 91 17800 0 92 17804 0 58 17804 0 79 17817 0 53 17821 0 52 17831 0 79 17833 0 58 17846 0 51 17861 0 58 17864 0 79 17877 0 86 17877 0 87 17878 0 75 17889 0 58 17890 0 74 17917 0 58 17936 0 52 17944 0 79 17945 0 58 17973 0 58 17979 0 54 17987 0 86 17987 0 87 18001 0 58 18016 0 
TIME iteration: 310 ms
Round:34
IR: 160, 30, 223, 295, 164
18029 0 58 18032 0 53 18057 0 52 18065 0 58 18092 0 54 18096 0 66 18097 0 67 18101 0 79 18102 0 86 18102 0 87 18121 0 74 18121 0 75 18121 0 90 18121 0 91 18121 0 92 18125 0 79 18143 0 51 18151 0 79 18174 0 52 18184 0 79 18218 0 54 18248 0 79 18270 0 51 18284 0 53 18346 0 52 18379 0 54 18391 0 51 18440 0 60 18442 0 61 18449 0 76 18451 0 52 18466 0 90 18466 0 91 18466 0 92 18473 0 76 18485 0 53 18500 0 76 18518 0 54 18534 0 76 18543 0 69 18548 0 
TIME iteration: 302 ms
Round:35
IR: 378, 172, 89, 173, 163
18570 0 52 18602 0 51 18614 0 53 18714 0 52 18719 0 54 18735 0 51 18759 0 60 18759 0 61 18762 0 76 18783 0 53 18783 0 69 18783 0 90 18783 0 91 18783 0 92 18784 0 68 18785 0 76 18811 0 76 18843 0 76 18845 0 51 18897 0 53 18897 0 76 18900 0 52 18912 0 54 18974 0 51 18986 0 53 19060 0 53 19064 0 64 19065 0 65 19073 0 
TIME iteration: 302 ms
Round:36
IR: 141, 89, 244, 246, 141
19089 0 90 19089 0 91 19089 0 92 19097 0 78 19104 0 51 19124 0 52 19124 0 78 19157 0 73 19159 0 72 19159 0 78 19173 0 54 19182 0 53 19245 0 52 19248 0 51 19349 0 53 19382 0 64 19382 0 65 19385 0 78 19406 0 72 19406 0 73 19406 0 90 19406 0 91 19406 0 92 19408 0 78 19409 0 54 19425 0 51 19434 0 78 19466 0 78 19468 0 53 19487 0 52 19520 0 54 19520 0 78 19604 0 
TIME iteration: 302 ms
Round:37
IR: 172, 105, 189, 305, 94
19611 0 53 19641 0 52 19748 0 54 19766 0 53 19769 0 52 19777 0 65 19778 0 64 19782 0 78 19788 0 62 19788 0 63 19789 0 51 19796 0 77 19797 0 72 19798 0 73 19804 0 90 19804 0 91 19804 0 92 19806 0 78 19820 0 77 19832 0 78 19847 0 77 19865 0 78 19870 0 54 19873 0 53 19875 0 71 19878 0 70 19881 0 77 19884 0 72 19886 0 52 19926 0 78 19932 0 90 19932 0 91 19932 0 92 19990 0 51 20022 0 53 20030 0 52 20080 0 
TIME iteration: 302 ms
Round:38
IR: 131, 254, 199, 182, 91
20148 0 53 20207 0 54 20244 0 51 20263 0 53 20269 0 52 20275 0 64 20275 0 65 20281 0 78 20303 0 73 20304 0 90 20304 0 91 20304 0 92 20305 0 78 20312 0 72 20317 0 54 20332 0 78 20366 0 78 20377 0 53 20424 0 52 20437 0 51 20442 0 78 20516 0 53 20532 0 52 20548 0 54 20567 0 51 20630 0 53 20635 0 64 20635 0 65 20640 0 78 20654 0 73 20656 0 72 20657 0 52 20661 0 90 20661 0 91 20661 0 92 20664 0 
TIME iteration: 302 ms
Round:39
IR: 186, 95, 109, 198, 100
20676 0 54 20691 0 78 20704 0 51 20724 0 78 20730 0 73 20772 0 52 20789 0 78 20793 0 53 20823 0 54 20883 0 52 20922 0 51 20927 0 54 20944 0 53 20973 0 65 20975 0 64 20977 0 67 20978 0 78 20979 0 66 20987 0 79 20989 0 72 20998 0 90 20998 0 91 20998 0 92 21000 0 73 21001 0 78 21007 0 52 21011 0 79 21027 0 78 21038 0 79 21055 0 72 21059 0 78 21071 0 75 21072 0 54 21073 0 79 21076 0 74 21108 0 51 21115 0 78 21122 0 52 21125 0 53 21127 0 90 21127 0 91 21127 0 
TIME iteration: 302 ms
Round:40
IR: 139, 169, 82, 204, 85
21223 0 51 21229 0 54 21281 0 52 21310 0 53 21367 0 51 21398 0 54 21450 0 52 21492 0 53 21545 0 62 21550 0 63 21556 0 77 21558 0 65 21560 0 64 21565 0 78 21576 0 51 21578 0 90 21578 0 91 21578 0 92 21580 0 77 21581 0 52 21589 0 78 21593 0 73 21601 0 72 21607 0 77 21608 0 54 21616 0 78 21632 0 71 21636 0 70 21642 0 77 21650 0 78 21685 0 53 21709 0 90 21709 0 91 21709 0 92 21716 0 51 21726 0 78 21729 0 
TIME iteration: 302 ms
Round:41
IR: 212, 218, 252, 322, 109
21736 0 54 21814 0 53 21855 0 51 21859 0 52 21877 0 54 21924 0 53 21976 0 51 22000 0 54 22018 0 52 22047 0 67 22049 0 66 22054 0 61 22056 0 79 22060 0 60 22065 0 76 22072 0 62 22076 0 63 22076 0 90 22076 0 91 22076 0 92 22080 0 77 22080 0 79 22087 0 53 22089 0 76 22104 0 77 22107 0 79 22112 0 70 22113 0 75 22114 0 71 22114 0 74 22116 0 76 22129 0 54 22131 0 77 22141 0 79 22150 0 68 22150 0 76 22156 0 69 22159 0 51 22165 0 77 22190 0 90 22190 0 91 22190 0 92 22208 0 52 22240 0 
TIME iteration: 302 ms
Round:42
IR: 275, 291, 301, 136, 99
22299 0 51 22335 0 54 22342 0 52 22362 0 53 22420 0 51 22489 0 52 22496 0 54 22528 0 53 22545 0 51 22548 0 63 22549 0 62 22550 0 60 22551 0 61 22554 0 77 22556 0 76 22574 0 90 22574 0 91 22574 0 92 22578 0 70 22578 0 71 22578 0 77 22580 0 76 22586 0 68 22587 0 69 22605 0 77 22607 0 76 22638 0 77 22640 0 76 22654 0 52 22689 0 51 22695 0 54 22705 0 77 22705 0 90 22705 0 91 22705 0 92 22707 0 76 22708 0 53 22785 0 
TIME iteration: 302 ms
Round:43
IR: 239, 172, 214, 220, 111
22870 0 54 22873 0 51 22884 0 52 22905 0 53 23006 0 54 23020 0 53 23078 0 65 23081 0 64 23088 0 78 23110 0 90 23110 0 91 23110 0 92 23111 0 51 23112 0 78 23128 0 52 23139 0 78 23155 0 72 23158 0 73 23165 0 54 23174 0 78 23242 0 51 23251 0 52 23285 0 53 23311 0 
TIME iteration: 302 ms
Round:44
IR: 157, 175, 189, 214, 27
23391 0 51 23449 0 54 23452 0 52 23470 0 53 23476 0 66 23476 0 67 23485 0 79 23492 0 61 23502 0 90 23502 0 91 23502 0 92 23509 0 76 23509 0 79 23536 0 79 23541 0 76 23553 0 74 23558 0 75 23571 0 79 23573 0 53 23587 0 52 23594 0 76 23613 0 51 23624 0 54 23647 0 90 23647 0 91 23647 0 92 23691 0 53 23716 0 54 23746 0 52 23833 0 54 23843 0 
TIME iteration: 302 ms
Round:45
IR: 344, 194, 75, 262, 268
23886 0 52 23886 0 53 23988 0 54 24007 0 66 24007 0 67 24013 0 79 24020 0 52 24033 0 63 24034 0 62 24037 0 79 24037 0 90 24037 0 91 24037 0 92 24042 0 77 24045 0 74 24045 0 75 24064 0 79 24066 0 77 24085 0 51 24093 0 77 24098 0 79 24110 0 70 24111 0 71 24115 0 53 24128 0 77 24151 0 54 24161 0 90 24161 0 91 24161 0 92 24226 0 52 24281 0 51 24319 0 54 24324 0 
TIME iteration: 302 ms
Round:46
IR: 184, 217, 199, 183, 54
24394 0 52 24495 0 53 24523 0 51 24530 0 54 24551 0 52 24573 0 62 24574 0 63 24579 0 77 24603 0 77 24604 0 90 24604 0 91 24604 0 92 24611 0 70 24612 0 71 24622 0 53 24630 0 77 24649 0 54 24663 0 77 24717 0 52 24730 0 77 24745 0 51 24780 0 54 24794 0 
TIME iteration: 301 ms
Round:47
IR: 183, 212, 239, 162, 189
24921 0 51 24928 0 54 24929 0 53 24940 0 52 24959 0 67 24960 0 66 24968 0 79 24972 0 64 24975 0 65 24982 0 78 24986 0 90 24986 0 91 24986 0 92 24992 0 79 25006 0 78 25016 0 74 25018 0 75 25019 0 79 25033 0 78 25052 0 51 25054 0 79 25061 0 73 25064 0 72 25068 0 78 25075 0 54 25112 0 90 25112 0 91 25112 0 92 25119 0 52 25121 0 53 25163 0 51 25186 0 54 25228 0 53 25235 0 52 25284 0 54 25366 0 53 25386 0 51 25422 0 
TIME iteration: 302 ms
Round:48
IR: 179, 81, 110, 387, 254
25450 0 64 25453 0 54 25456 0 65 25458 0 78 25474 0 66 25474 0 67 25480 0 79 25482 0 78 25482 0 90 25482 0 91 25482 0 92 25487 0 73 25489 0 72 25504 0 79 25508 0 78 25509 0 74 25509 0 75 25531 0 79 25541 0 78 25542 0 58 25550 0 53 25565 0 79 25571 0 52 25580 0 58 25603 0 78 25607 0 90 25607 0 91 25607 0 92 25608 0 86 25608 0 87 25615 0 58 25616 0 51 25621 0 54 25648 0 58 25680 0 58 25710 0 58 25718 0 86 25718 0 87 25739 0 58 25759 0 52 25768 0 54 25769 0 58 25786 0 53 25798 0 58 25800 0 51 25826 0 58 25829 0 86 25829 0 87 25854 0 58 25882 0 52 25883 0 58 25912 0 58 25942 0 58 25942 0 86 25942 0 87 25949 0 54 25960 0 
TIME iteration: 303 ms
Round:49
IR: 180, 173, 118, 194, 121
25973 0 58 26013 0 66 26015 0 67 26016 0 58 26020 0 79 26022 0 51 26044 0 79 26044 0 90 26044 0 91 26044 0 92 26047 0 74 26047 0 75 26059 0 54 26061 0 86 26061 0 87 26071 0 79 26093 0 53 26105 0 79 26162 0 52 26223 0 51 26242 0 54 26287 0 53 26354 0 52 26446 0 53 26490 0 
TIME iteration: 301 ms
Round:50
IR: 201, 209, 179, 166, 149
26502 0 52 26507 0 51 26527 0 66 26527 0 67 26533 0 62 26533 0 79 26534 0 63 26542 0 77 26553 0 65 26555 0 90 26555 0 91 26555 0 92 26557 0 75 26557 0 79 26558 0 74 26566 0 77 26570 0 78 26584 0 79 26587 0 53 26593 0 77 26602 0 78 26615 0 51 26618 0 79 26619 0 70 26620 0 71 26628 0 77 26647 0 52 26651 0 54 26655 0 78 26675 0 90 26675 0 91 26675 0 92 26740 0 53 26760 0 51 26768 0 54 26797 0 52 26869 0 53 26892 0 51 26902 0 54 26904 0 52 27021 0 
TIME iteration: 307 ms
Round:51
IR: 366, 166, 106, 321, 164
27037 0 54 27048 0 64 27049 0 65 27049 0 66 27049 0 67 27055 0 78 27055 0 79 27073 0 90 27073 0 91 27073 0 92 27076 0 52 27079 0 78 27079 0 79 27080 0 74 27080 0 75 27091 0 72 27091 0 73 27096 0 51 27106 0 78 27106 0 79 27131 0 54 27140 0 78 27140 0 79 27204 0 90 27204 0 91 27204 0 92 27221 0 78 27223 0 53 27227 0 54 27243 0 52 27261 0 51 27376 0 53 27384 0 54 27462 0 51 27524 0 52 27554 0 
TIME iteration: 302 ms
Round:52
IR: 156, 135, 172, 188, 207
27592 0 51 27599 0 67 27600 0 66 27606 0 79 27614 0 53 27617 0 61 27619 0 60 27626 0 76 27630 0 79 27630 0 90 27630 0 91 27630 0 92 27632 0 75 27633 0 74 27650 0 76 27651 0 54 27657 0 79 27677 0 76 27691 0 79 27711 0 76 27714 0 68 27729 0 52 27746 0 54 27758 0 53 27758 0 90 27758 0 91 27758 0 92 27763 0 51 27934 0 52 27943 0 54 27947 0 51 27983 0 53 28040 0 
TIME iteration: 302 ms
Round:53
IR: 157, 276, 250, 252, 70
28098 0 53 28106 0 66 28106 0 67 28112 0 79 28124 0 51 28127 0 52 28135 0 75 28136 0 74 28136 0 79 28136 0 90 28136 0 91 28136 0 92 28163 0 79 28173 0 54 28197 0 79 28198 0 53 28249 0 52 28272 0 53 28322 0 51 28373 0 54 28374 0 52 28406 0 53 28430 0 64 28431 0 65 28439 0 78 28455 0 90 28455 0 91 28455 0 92 28463 0 78 28490 0 78 28494 0 51 28504 0 73 28505 0 72 28521 0 52 28525 0 78 28534 0 54 28614 0 
TIME iteration: 302 ms
Round:54
IR: 195, 65, 170, 200, 157
28628 0 53 28690 0 54 28750 0 52 28772 0 53 28800 0 65 28801 0 64 28804 0 78 28824 0 54 28826 0 90 28826 0 91 28826 0 92 28827 0 72 28827 0 73 28827 0 78 28841 0 51 28853 0 78 28885 0 78 28899 0 53 28940 0 78 28946 0 52 28954 0 54 29015 0 51 29050 0 
TIME iteration: 302 ms
Round:55
IR: 188, 129, 315, 368, 102
29152 0 54 29168 0 53 29172 0 51 29174 0 65 29175 0 64 29179 0 78 29194 0 72 29194 0 73 29200 0 90 29200 0 91 29200 0 92 29203 0 78 29217 0 52 29229 0 78 29241 0 58 29260 0 54 29262 0 78 29273 0 72 29279 0 58 29283 0 53 29283 0 73 29305 0 51 29307 0 86 29307 0 87 29315 0 58 29323 0 78 29350 0 58 29383 0 58 29403 0 52 29411 0 54 29415 0 58 29420 0 86 29420 0 87 29428 0 51 29447 0 58 29478 0 58 29509 0 58 29517 0 52 29519 0 53 29532 0 86 29532 0 87 29539 0 58 29568 0 58 29573 0 54 29588 0 51 29595 0 66 29596 0 58 29596 0 67 29598 0 60 29598 0 61 29604 0 79 29606 0 76 29620 0 90 29620 0 91 29620 0 92 29621 0 52 29623 0 58 29628 0 79 29630 0 76 29643 0 86 29643 0 87 29650 0 58 29655 0 79 29657 0 76 29670 0 75 29672 0 74 29678 0 
TIME iteration: 303 ms
Round:56
IR: 188, 128, 122, 319, 118
29680 0 53 29686 0 68 29687 0 69 29690 0 79 29691 0 76 29710 0 58 29716 0 51 29750 0 90 29750 0 91 29750 0 92 29762 0 86 29762 0 87 29763 0 58 29787 0 52 29814 0 54 29815 0 51 29915 0 51 29918 0 52 29920 0 53 29991 0 54 30038 0 52 30067 0 51 30088 0 60 30089 0 61 30094 0 76 30118 0 76 30118 0 90 30118 0 91 30118 0 92 30124 0 68 30126 0 69 30145 0 76 30170 0 52 30178 0 76 30187 0 54 30202 0 
TIME iteration: 302 ms
Round:57
IR: 181, 222, 220, 339, 254
30224 0 51 30245 0 76 30309 0 53 30327 0 52 30361 0 54 30420 0 51 30458 0 54 30475 0 53 30479 0 66 30479 0 67 30487 0 79 30497 0 65 30498 0 64 30505 0 90 30505 0 91 30505 0 92 30506 0 78 30511 0 79 30530 0 78 30535 0 75 30537 0 74 30538 0 79 30556 0 52 30557 0 78 30568 0 72 30572 0 73 30573 0 79 30581 0 54 30592 0 78 30629 0 90 30629 0 91 30629 0 92 30690 0 51 30705 0 52 30712 0 53 30723 0 
TIME iteration: 302 ms
Round:58
IR: 193, 115, 136, 223, 261
30854 0 53 30870 0 51 30885 0 52 30895 0 54 30998 0 54 31008 0 53 31009 0 66 31009 0 67 31015 0 79 31026 0 64 31027 0 65 31032 0 78 31033 0 52 31039 0 79 31039 0 90 31039 0 91 31039 0 92 31044 0 74 31044 0 75 31056 0 78 31063 0 72 31064 0 73 31066 0 79 31071 0 51 31083 0 78 31100 0 79 31116 0 78 31132 0 54 31160 0 53 31167 0 90 31167 0 91 31167 0 92 31181 0 79 31183 0 78 31207 0 52 31269 0 
TIME iteration: 302 ms
Round:59
IR: 248, 250, 185, 228, 239
31275 0 51 31352 0 53 31381 0 54 31395 0 52 31471 0 51 31542 0 54 31553 0 53 31554 0 66 31554 0 67 31561 0 79 31584 0 90 31584 0 91 31584 0 92 31585 0 79 31587 0 74 31587 0 75 31589 0 51 31611 0 52 31612 0 79 31646 0 79 31695 0 54 31698 0 51 31714 0 53 31760 0 
TIME iteration: 302 ms
Round:60
IR: 178, 137, 128, 245, 163
31828 0 51 31880 0 52 31885 0 54 31923 0 62 31924 0 63 31932 0 77 31949 0 90 31949 0 91 31949 0 92 31950 0 53 31956 0 77 31983 0 77 31999 0 51 32014 0 52 32016 0 70 32018 0 71 32018 0 77 32106 0 54 32160 0 51 32160 0 52 32192 0 53 32218 0 63 32220 0 62 32221 0 77 32241 0 70 32242 0 71 32243 0 90 32243 0 91 32243 0 92 32244 0 77 32270 0 77 32301 0 77 32302 0 54 32308 0 51 32309 0 52 32314 0 
TIME iteration: 302 ms
Round:61
IR: 297, 249, 206, 191, 211
32352 0 77 32439 0 54 32443 0 53 32466 0 52 32467 0 51 32583 0 53 32601 0 54 32602 0 65 32603 0 64 32611 0 78 32617 0 52 32628 0 62 32628 0 90 32628 0 91 32628 0 92 32635 0 78 32638 0 77 32662 0 78 32668 0 77 32678 0 72 32679 0 73 32697 0 78 32702 0 53 32711 0 77 32717 0 51 32728 0 54 32747 0 52 32765 0 90 32765 0 91 32765 0 92 32831 0 
TIME iteration: 302 ms
Round:62
IR: 229, 165, 128, 222, 55
32889 0 53 32910 0 52 32963 0 54 32984 0 53 32993 0 51 33054 0 52 33101 0 53 33102 0 54 33108 0 64 33108 0 65 33113 0 78 33123 0 66 33123 0 67 33132 0 79 33137 0 78 33138 0 90 33138 0 91 33138 0 92 33144 0 72 33144 0 73 33156 0 79 33164 0 78 33183 0 79 33186 0 52 33197 0 78 33200 0 74 33204 0 75 33210 0 54 33218 0 79 33263 0 78 33267 0 90 33267 0 91 33267 0 92 33301 0 51 33338 0 53 33349 0 
TIME iteration: 303 ms
Round:63
IR: 279, 233, 152, 313, 294
33395 0 52 33439 0 51 33486 0 54 33552 0 51 33576 0 53 33598 0 60 33598 0 61 33606 0 76 33627 0 90 33627 0 91 33627 0 92 33630 0 76 33633 0 52 33654 0 54 33657 0 76 33674 0 51 33691 0 76 33696 0 68 33697 0 69 33803 0 52 33813 0 53 33830 0 51 33909 0 61 33912 0 60 33913 0 
TIME iteration: 301 ms
Round:64
IR: 264, 273, 274, 170, 107
33933 0 54 33934 0 69 33935 0 68 33935 0 90 33935 0 91 33935 0 92 33936 0 76 33945 0 52 33962 0 76 33974 0 53 33994 0 76 34047 0 76 34071 0 51 34076 0 52 34087 0 53 34093 0 54 34208 0 51 34220 0 52 34286 0 61 34287 0 60 34288 0 62 34289 0 63 34291 0 76 34294 0 53 34297 0 77 34305 0 68 34305 0 69 34309 0 54 34310 0 90 34310 0 91 34310 0 92 34313 0 51 34315 0 76 34321 0 77 34341 0 76 34348 0 77 34371 0 71 34373 0 70 34374 0 76 34381 0 69 34383 0 77 34386 0 52 34390 0 68 34408 0 51 34419 0 53 34435 0 76 34439 0 90 34439 0 91 34439 0 
TIME iteration: 302 ms
Round:65
IR: 189, 157, 151, 226, 105
34502 0 54 34520 0 52 34521 0 51 34583 0 53 34620 0 54 34626 0 51 34662 0 52 34717 0 54 34746 0 67 34747 0 66 34755 0 79 34775 0 52 34775 0 90 34775 0 91 34775 0 92 34779 0 79 34782 0 51 34806 0 79 34807 0 53 34826 0 75 34827 0 74 34841 0 79 34924 0 52 34925 0 54 34954 0 
TIME iteration: 301 ms
Round:66
IR: 176, 271, 246, 123, 141
35047 0 53 35099 0 51 35117 0 52 35131 0 54 35152 0 61 35155 0 60 35160 0 53 35161 0 76 35167 0 67 35168 0 66 35172 0 79 35180 0 90 35180 0 91 35180 0 92 35185 0 76 35196 0 79 35198 0 74 35198 0 75 35211 0 68 35211 0 69 35212 0 76 35222 0 79 35246 0 76 35255 0 79 35280 0 54 35286 0 53 35294 0 51 35306 0 90 35306 0 91 35306 0 92 35320 0 79 35338 0 52 35387 0 54 35450 0 53 35482 0 51 35503 0 
TIME iteration: 302 ms
Round:67
IR: 282, 195, 148, 244, 65
35566 0 54 35648 0 53 35662 0 52 35680 0 51 35707 0 63 35709 0 62 35716 0 77 35728 0 54 35738 0 90 35738 0 91 35738 0 92 35740 0 77 35767 0 77 35786 0 71 35788 0 70 35798 0 51 35800 0 53 35801 0 77 35814 0 52 35918 0 54 35929 0 52 35936 0 53 35942 0 51 35997 0 62 36000 0 63 36001 0 77 36019 0 71 36020 0 70 36023 0 90 36023 0 91 36023 0 92 36024 0 
TIME iteration: 312 ms
Round:68
IR: 277, 200, 100, 298, 193
36050 0 77 36052 0 53 36082 0 77 36096 0 52 36105 0 71 36135 0 77 36142 0 53 36153 0 54 36187 0 51 36269 0 52 36333 0 53 36333 0 62 36334 0 54 36336 0 63 36337 0 51 36339 0 77 36349 0 70 36359 0 90 36359 0 91 36359 0 92 36361 0 71 36363 0 77 36389 0 77 36412 0 70 36422 0 77 36437 0 52 36459 0 53 36462 0 51 36483 0 77 36493 0 
TIME iteration: 302 ms
Round:69
IR: 277, 206, 262, 311, 84
36602 0 53 36631 0 52 36639 0 54 36686 0 51 36711 0 62 36711 0 63 36716 0 77 36730 0 71 36737 0 90 36737 0 91 36737 0 92 36738 0 70 36740 0 77 36745 0 54 36767 0 77 36780 0 53 36783 0 52 36796 0 51 36800 0 77 36810 0 71 36865 0 77 36878 0 54 36887 0 52 36935 0 51 36967 0 53 36997 0 54 37047 0 51 37061 0 66 37064 0 67 37069 0 60 37069 0 61 37072 0 79 37077 0 76 37088 0 90 37088 0 91 37088 0 92 37096 0 
TIME iteration: 302 ms
Round:70
IR: 200, 150, 354, 456, 217
37101 0 76 37123 0 79 37127 0 54 37128 0 76 37149 0 53 37153 0 75 37158 0 68 37158 0 69 37158 0 74 37158 0 79 37162 0 76 37190 0 52 37195 0 58 37217 0 90 37217 0 91 37217 0 92 37228 0 51 37230 0 58 37259 0 86 37259 0 87 37264 0 58 37295 0 58 37307 0 54 37326 0 58 37345 0 53 37351 0 51 37356 0 58 37369 0 86 37369 0 87 37385 0 58 37414 0 58 37419 0 52 37442 0 58 37469 0 58 37478 0 86 37478 0 87 37486 0 51 37496 0 58 37514 0 54 37523 0 58 37543 0 52 37551 0 58 37552 0 60 37555 0 53 37556 0 61 37559 0 76 37578 0 58 37583 0 76 37583 0 90 37583 0 91 37583 0 92 37587 0 86 37587 0 87 37589 0 68 37589 0 69 37605 0 58 37610 0 
TIME iteration: 303 ms
Round:71
IR: 81, 210, 106, 244, 192
37632 0 58 37640 0 51 37643 0 76 37650 0 52 37665 0 58 37666 0 54 37702 0 86 37702 0 87 37708 0 76 37721 0 58 37806 0 51 37823 0 52 37831 0 54 37889 0 53 38004 0 51 38021 0 61 38022 0 60 38027 0 76 38028 0 52 38031 0 53 38049 0 90 38049 0 91 38049 0 92 38050 0 68 38050 0 69 38051 0 76 38078 0 76 38082 0 54 38111 0 76 38154 0 52 38156 0 
TIME iteration: 302 ms
Round:72
IR: 182, 127, 131, 299, 299
38178 0 76 38205 0 51 38245 0 54 38335 0 53 38362 0 52 38372 0 54 38380 0 51 38410 0 66 38410 0 67 38419 0 79 38436 0 90 38436 0 91 38436 0 92 38443 0 79 38457 0 54 38470 0 79 38482 0 74 38483 0 75 38492 0 53 38504 0 52 38505 0 79 38525 0 51 38623 0 52 38632 0 54 38687 0 
TIME iteration: 302 ms
Round:73
IR: 287, 180, 106, 217, 141
38751 0 52 38772 0 62 38773 0 63 38781 0 77 38798 0 90 38798 0 91 38798 0 92 38805 0 77 38815 0 54 38820 0 51 38832 0 77 38857 0 53 38859 0 70 38863 0 71 38867 0 77 38884 0 52 38939 0 54 39038 0 54 39051 0 53 39078 0 51 39096 0 67 39097 0 66 39104 0 79 39121 0 90 39121 0 91 39121 0 92 39128 0 79 39131 0 52 39144 0 75 39145 0 74 39155 0 79 39162 0 53 39189 0 
TIME iteration: 302 ms
Round:74
IR: 150, 191, 208, 220, 233
39227 0 54 39230 0 52 39240 0 51 39298 0 53 39367 0 54 39373 0 52 39377 0 51 39407 0 53 39438 0 64 39439 0 65 39439 0 66 39439 0 67 39443 0 79 39447 0 78 39460 0 74 39460 0 75 39461 0 90 39461 0 91 39461 0 92 39466 0 79 39471 0 78 39492 0 79 39498 0 78 39504 0 52 39507 0 51 39524 0 79 39532 0 72 39533 0 78 39536 0 73 39543 0 54 39549 0 53 39553 0 75 39584 0 79 39590 0 90 39590 0 91 39590 0 92 39608 0 51 39676 0 54 39677 0 52 39682 0 
TIME iteration: 302 ms
Round:75
IR: 162, 190, 165, 197, 216
39763 0 51 39782 0 52 39788 0 54 39853 0 53 39911 0 54 39923 0 67 39924 0 52 39925 0 66 39930 0 79 39936 0 51 39943 0 63 39944 0 62 39950 0 74 39951 0 77 39953 0 90 39953 0 91 39953 0 92 39954 0 79 39957 0 53 39960 0 75 39975 0 77 39981 0 79 40002 0 77 40014 0 70 40015 0 79 40016 0 71 40030 0 52 40036 0 77 40079 0 54 40079 0 90 40079 0 91 40079 0 92 40123 0 53 40157 0 51 40215 0 54 40227 0 52 40273 0 
TIME iteration: 302 ms
Round:76
IR: 278, 11, 86, 301, 277
40387 0 52 40412 0 51 40437 0 54 40499 0 53 40513 0 52 40515 0 63 40516 0 62 40521 0 77 40544 0 65 40545 0 64 40545 0 77 40546 0 90 40546 0 91 40546 0 92 40552 0 78 40554 0 70 40555 0 71 40572 0 77 40575 0 54 40576 0 78 40603 0 78 40605 0 77 40612 0 72 40615 0 73 40637 0 78 40647 0 51 40666 0 52 40669 0 90 40669 0 91 40669 0 92 40672 0 77 40707 0 53 40716 0 54 40780 0 
TIME iteration: 302 ms
Round:77
IR: 156, 102, 234, 414, 396
40820 0 53 40844 0 54 40845 0 51 40900 0 58 40920 0 59 40935 0 58 40938 0 52 40944 0 53 40957 0 59 40963 0 86 40963 0 87 40966 0 54 40969 0 58 40986 0 88 40986 0 89 40992 0 59 41002 0 58 41004 0 51 41020 0 88 41020 0 89 41025 0 59 41035 0 58 41053 0 88 41053 0 89 41058 0 59 41066 0 58 41074 0 86 41074 0 87 41085 0 88 41085 0 89 41089 0 59 41098 0 58 41109 0 52 41112 0 60 41116 0 88 41116 0 89 41120 0 53 41120 0 59 41128 0 58 41130 0 76 41138 0 54 41147 0 88 41147 0 89 41149 0 59 41157 0 90 41157 0 91 41157 0 92 41158 0 58 41162 0 76 41178 0 59 41178 0 88 41178 0 89 41187 0 86 41187 0 87 41188 0 58 41192 0 51 41207 0 59 41209 0 88 41209 0 89 41217 0 76 41218 0 58 41236 0 59 41239 0 88 41239 0 89 41247 0 58 41257 0 52 41266 0 59 41269 0 88 41269 0 89 41276 0 58 41295 0 59 41298 0 86 41298 0 87 41299 0 88 41299 0 89 41305 0 58 41313 0 53 41314 0 54 41324 0 59 41328 0 88 41328 0 89 41334 0 
TIME iteration: 304 ms
Round:78
IR: 170, 136, 108, 257, 242
41353 0 59 41357 0 88 41357 0 89 41369 0 58 41389 0 88 41389 0 89 41394 0 59 41414 0 51 41416 0 54 41416 0 86 41416 0 87 41421 0 88 41421 0 89 41438 0 58 41449 0 53 41453 0 52 41470 0 88 41470 0 89 41528 0 51 41558 0 60 41559 0 61 41564 0 76 41588 0 76 41588 0 90 41588 0 91 41588 0 92 41593 0 52 41593 0 53 41595 0 54 41601 0 69 41602 0 68 41615 0 76 41648 0 76 41691 0 51 41714 0 54 41715 0 76 41732 0 52 41737 0 53 41832 0 52 41858 0 51 41867 0 
TIME iteration: 303 ms
Round:79
IR: 262, 168, 86, 202, 177
41905 0 53 41951 0 61 41952 0 60 41956 0 76 41958 0 52 41962 0 62 41962 0 63 41970 0 77 41975 0 68 41976 0 69 41978 0 90 41978 0 91 41978 0 92 41980 0 76 41984 0 51 41994 0 77 42006 0 76 42007 0 54 42021 0 77 42036 0 70 42038 0 71 42039 0 76 42055 0 77 42072 0 53 42100 0 76 42106 0 90 42106 0 91 42106 0 92 42122 0 52 42125 0 54 42150 0 51 42205 0 53 42242 0 54 42318 0 52 42337 0 51 42359 0 53 42368 0 
TIME iteration: 302 ms
Round:80
IR: 261, 250, 268, 390, 242
42435 0 66 42438 0 67 42446 0 79 42460 0 52 42466 0 90 42466 0 91 42466 0 92 42468 0 51 42470 0 79 42478 0 53 42492 0 58 42497 0 79 42525 0 74 42527 0 58 42528 0 75 42529 0 54 42532 0 79 42543 0 86 42543 0 87 42560 0 58 42571 0 52 42589 0 51 42592 0 58 42622 0 53 42622 0 58 42651 0 58 42655 0 86 42655 0 87 42680 0 58 42708 0 58 42724 0 51 42726 0 52 42736 0 58 42763 0 54 42766 0 58 42767 0 86 42767 0 87 42795 0 58 42805 0 53 42823 0 58 42851 0 58 42863 0 54 42864 0 66 42864 0 67 42869 0 79 42875 0 51 42877 0 60 42877 0 61 42878 0 58 42879 0 86 42879 0 87 42885 0 76 42891 0 90 42891 0 91 42891 0 92 42893 0 79 42896 0 74 42897 0 75 42905 0 58 42909 0 76 42916 0 52 42920 0 
TIME iteration: 303 ms
Round:81
IR: 207, 213, 156, 231, 137
42931 0 68 42932 0 58 42932 0 69 42936 0 76 42950 0 53 42954 0 79 42965 0 58 42970 0 76 42981 0 54 42991 0 86 42991 0 87 43018 0 90 43018 0 91 43018 0 92 43022 0 58 43037 0 79 43053 0 51 43151 0 54 43162 0 52 43184 0 53 43205 0 51 43294 0 52 43350 0 54 43442 0 51 43452 0 52 43454 0 
TIME iteration: 302 ms
Round:82
IR: 168, 124, 143, 221, 217
43469 0 62 43469 0 63 43477 0 77 43492 0 60 43492 0 61 43498 0 76 43500 0 90 43500 0 91 43500 0 92 43501 0 77 43520 0 54 43522 0 76 43528 0 77 43533 0 69 43534 0 68 43547 0 71 43549 0 70 43549 0 76 43562 0 77 43583 0 76 43625 0 51 43626 0 90 43626 0 91 43626 0 92 43659 0 76 43662 0 54 43681 0 53 43736 0 52 43792 0 51 43802 0 54 43863 0 53 43910 0 52 43921 0 54 43961 0 67 43962 0 66 43970 0 
TIME iteration: 302 ms
Round:83
IR: 170, 124, 157, 235, 117
43991 0 90 43991 0 91 43991 0 92 43994 0 79 44000 0 51 44021 0 79 44023 0 75 44024 0 74 44033 0 54 44035 0 53 44056 0 79 44095 0 52 44149 0 54 44200 0 53 44278 0 51 44300 0 52 44358 0 53 44390 0 65 44393 0 64 44400 0 78 44419 0 90 44419 0 91 44419 0 92 44424 0 78 44425 0 54 44451 0 78 44469 0 52 44470 0 51 44481 0 73 44482 0 72 44486 0 78 44500 0 
TIME iteration: 302 ms
Round:84
IR: 168, 157, 60, 293, 264
44575 0 54 44629 0 53 44634 0 52 44642 0 51 44677 0 65 44679 0 64 44680 0 78 44691 0 54 44699 0 72 44700 0 73 44702 0 90 44702 0 91 44702 0 92 44703 0 78 44729 0 78 44754 0 53 44760 0 78 44771 0 52 44788 0 54 44802 0 73 44810 0 51 44811 0 78 44888 0 52 44949 0 54 44952 0 53 44975 0 51 45035 0 65 45040 0 64 45042 0 
TIME iteration: 312 ms
Round:85
IR: 269, 17, 144, 242, 150
45054 0 72 45063 0 90 45063 0 91 45063 0 92 45065 0 52 45066 0 73 45066 0 78 45082 0 54 45092 0 78 45124 0 72 45125 0 78 45172 0 53 45186 0 78 45199 0 51 45245 0 54 45249 0 52 45317 0 53 45364 0 65 45366 0 64 45367 0 51 45367 0 52 45369 0 78 45381 0 73 45389 0 72 45390 0 90 45390 0 91 45390 0 92 45392 0 78 45418 0 78 45419 0 54 45447 0 73 45450 0 78 45482 0 52 45501 0 53 45506 0 78 45538 0 
TIME iteration: 303 ms
Round:86
IR: 255, 204, 104, 205, 113
45606 0 51 45661 0 52 45711 0 54 45764 0 66 45764 0 67 45773 0 79 45775 0 52 45778 0 51 45784 0 62 45784 0 63 45790 0 90 45790 0 91 45790 0 92 45792 0 77 45797 0 79 45816 0 77 45824 0 79 45843 0 77 45846 0 74 45849 0 75 45850 0 53 45859 0 79 45873 0 71 45877 0 70 45877 0 77 45895 0 51 45904 0 54 45914 0 90 45914 0 91 45914 0 92 45969 0 52 46010 0 51 46031 0 
TIME iteration: 302 ms
Round:87
IR: 172, 82, 118, 216, 126
46151 0 51 46174 0 53 46177 0 54 46187 0 52 46309 0 53 46326 0 51 46339 0 61 46340 0 60 46344 0 52 46344 0 54 46348 0 76 46350 0 66 46351 0 67 46357 0 79 46366 0 63 46367 0 62 46370 0 90 46370 0 91 46370 0 92 46372 0 76 46373 0 77 46381 0 79 46392 0 75 46393 0 74 46397 0 77 46399 0 76 46407 0 71 46408 0 79 46409 0 70 46424 0 77 46430 0 69 46434 0 76 46435 0 68 46442 0 79 46458 0 77 46460 0 53 46485 0 90 46485 0 91 46485 0 92 46521 0 54 46533 0 51 46534 0 52 46539 0 77 46574 0 
TIME iteration: 302 ms
Round:88
IR: 271, 160, 222, 233, 70
46666 0 51 46667 0 54 46730 0 53 46778 0 54 46800 0 52 46808 0 51 46817 0 66 46818 0 67 46823 0 79 46838 0 60 46841 0 61 46845 0 76 46846 0 74 46846 0 90 46846 0 91 46846 0 92 46847 0 75 46847 0 79 46869 0 76 46874 0 79 46876 0 68 46876 0 69 46896 0 76 46905 0 53 46907 0 79 46925 0 52 46929 0 76 46949 0 54 46970 0 90 46970 0 91 46970 0 92 46983 0 51 46990 0 79 46996 0 76 47022 0 53 47085 0 52 47124 0 
TIME iteration: 302 ms
Round:89
IR: 194, 70, 105, 236, 193
47180 0 54 47253 0 51 47275 0 53 47291 0 54 47292 0 52 47311 0 64 47312 0 65 47320 0 78 47341 0 90 47341 0 91 47341 0 92 47344 0 78 47371 0 78 47399 0 72 47400 0 73 47403 0 54 47406 0 78 47479 0 53 47534 0 54 47545 0 52 47548 0 51 47660 0 53 47679 0 52 47695 0 64 47695 0 65 47699 0 
TIME iteration: 302 ms
Round:90
IR: 270, 70, 148, 286, 212
47712 0 51 47721 0 90 47721 0 91 47721 0 92 47722 0 78 47723 0 72 47723 0 73 47733 0 54 47748 0 78 47780 0 78 47784 0 53 47836 0 78 47871 0 54 47896 0 52 47900 0 53 47906 0 51 47996 0 53 48006 0 64 48006 0 65 48010 0 78 48017 0 54 48020 0 72 48020 0 73 48030 0 90 48030 0 91 48030 0 92 48033 0 78 48059 0 78 48081 0 52 48082 0 72 48083 0 73 48091 0 78 48096 0 51 48134 0 53 48147 0 78 48165 0 54 48226 0 
TIME iteration: 302 ms
Round:91
IR: 182, 125, 226, 368, 187
48240 0 51 48313 0 53 48323 0 58 48338 0 64 48338 0 65 48342 0 78 48357 0 58 48361 0 72 48361 0 73 48363 0 90 48363 0 91 48363 0 92 48365 0 78 48373 0 54 48385 0 52 48386 0 86 48386 0 87 48390 0 58 48391 0 78 48422 0 58 48423 0 78 48430 0 53 48443 0 51 48455 0 58 48479 0 78 48486 0 58 48496 0 86 48496 0 87 48515 0 58 48522 0 54 48535 0 53 48545 0 58 48574 0 58 48580 0 51 48599 0 52 48603 0 58 48607 0 86 48607 0 87 48632 0 58 48660 0 58 48662 0 54 48688 0 58 48705 0 51 48715 0 52 48716 0 58 48719 0 86 48719 0 87 48722 0 67 48724 0 60 48724 0 61 48724 0 66 48732 0 76 48732 0 79 48746 0 58 48747 0 90 48747 0 91 48747 0 92 48756 0 76 48756 0 
TIME iteration: 303 ms
Round:92
IR: 178, 129, 105, 355, 186
48776 0 58 48783 0 76 48783 0 79 48804 0 75 48806 0 58 48806 0 68 48806 0 69 48807 0 53 48809 0 74 48817 0 76 48818 0 79 48831 0 86 48831 0 87 48835 0 58 48842 0 54 48848 0 52 48855 0 51 48863 0 58 48877 0 90 48877 0 91 48877 0 92 48891 0 58 48919 0 58 48929 0 53 48942 0 86 48942 0 87 48947 0 58 48976 0 58 48977 0 52 48979 0 51 48998 0 54 49005 0 58 49033 0 58 49053 0 86 49053 0 87 49059 0 53 49062 0 58 49090 0 58 49099 0 51 49102 0 52 49120 0 58 49149 0 58 49162 0 54 49163 0 86 49163 0 87 49178 0 58 49206 0 58 49234 0 58 49252 0 52 49261 0 58 49272 0 86 49272 0 87 49288 0 
TIME iteration: 302 ms
Round:93
IR: 188, 111, 229, 331, 304
49301 0 51 49315 0 60 49315 0 61 49320 0 58 49321 0 76 49331 0 54 49339 0 66 49340 0 67 49345 0 76 49346 0 79 49346 0 90 49346 0 91 49346 0 92 49355 0 69 49358 0 68 49370 0 79 49372 0 76 49373 0 53 49373 0 58 49383 0 74 49383 0 86 49383 0 87 49384 0 75 49397 0 79 49406 0 76 49416 0 52 49431 0 79 49455 0 54 49471 0 90 49471 0 91 49471 0 92 49477 0 51 49482 0 76 49533 0 52 49606 0 54 49637 0 53 49676 0 51 49712 0 52 49771 0 53 49794 0 
TIME iteration: 302 ms
Round:94
IR: 270, 44, 114, 283, 113
49831 0 51 49861 0 52 49886 0 60 49890 0 61 49892 0 62 49894 0 63 49895 0 76 49901 0 77 49916 0 90 49916 0 91 49916 0 92 49919 0 76 49925 0 68 49925 0 69 49925 0 77 49946 0 76 49952 0 77 49960 0 53 49980 0 76 49983 0 71 49986 0 77 49998 0 70 50014 0 51 50031 0 52 50048 0 90 50048 0 91 50048 0 92 50088 0 54 50151 0 53 50219 0 52 50220 0 54 50307 0 51 50325 0 
TIME iteration: 302 ms
Round:95
IR: 204, 137, 231, 382, 11
50367 0 66 50367 0 67 50375 0 79 50390 0 53 50396 0 90 50396 0 91 50396 0 92 50399 0 79 50426 0 79 50428 0 74 50429 0 52 50429 0 75 50454 0 58 50460 0 79 50478 0 51 50491 0 54 50492 0 58 50509 0 86 50509 0 87 50526 0 58 50557 0 58 50587 0 58 50617 0 58 50621 0 86 50621 0 87 50643 0 53 50646 0 58 50671 0 51 50671 0 52 50676 0 58 50683 0 54 50704 0 58 50733 0 58 50734 0 86 50734 0 87 50757 0 66 50760 0 67 50762 0 58 50763 0 79 50765 0 53 50785 0 74 50785 0 75 50785 0 90 50785 0 91 50785 0 92 50787 0 79 50790 0 58 50813 0 79 50818 0 58 50845 0 58 50846 0 52 50846 0 79 50846 0 86 50846 0 87 50873 0 58 50876 0 
TIME iteration: 302 ms
Round:96
IR: 168, 141, 128, 327, 160
50898 0 53 50907 0 58 50911 0 79 50932 0 51 50969 0 58 50969 0 86 50969 0 87 50999 0 52 51058 0 54 51093 0 51 51149 0 53 51196 0 52 51202 0 51 51202 0 54 51208 0 60 51208 0 61 51208 0 66 51209 0 67 51214 0 79 51216 0 76 51232 0 75 51232 0 90 51232 0 91 51232 0 92 51233 0 74 51238 0 79 51240 0 76 51265 0 79 51267 0 76 51280 0 68 51282 0 69 51286 0 53 51299 0 79 51301 0 76 51319 0 54 51362 0 90 51362 0 91 51362 0 92 51384 0 51 51395 0 
TIME iteration: 302 ms
Round:97
IR: 193, 141, 153, 258, 201
51462 0 53 51469 0 54 51539 0 51 51638 0 53 51654 0 54 51663 0 52 51716 0 51 51768 0 60 51768 0 61 51774 0 76 51780 0 53 51794 0 64 51795 0 65 51798 0 76 51798 0 90 51798 0 91 51798 0 92 51803 0 78 51807 0 68 51807 0 69 51825 0 76 51827 0 78 51837 0 52 51841 0 54 51854 0 78 51855 0 51 51859 0 76 51881 0 53 51889 0 72 51889 0 78 51893 0 73 51922 0 90 51922 0 91 51922 0 92 51935 0 
TIME iteration: 302 ms
Round:98
IR: 289, 194, 98, 176, 14
51958 0 51 51961 0 52 52014 0 54 52064 0 53 52091 0 52 52162 0 51 52216 0 54 52241 0 53 52305 0 51 52337 0 60 52339 0 61 52344 0 76 52357 0 54 52368 0 76 52368 0 90 52368 0 91 52368 0 92 52374 0 68 52374 0 69 52381 0 52 52385 0 51 52395 0 76 52422 0 53 52429 0 
TIME iteration: 302 ms
Round:99
IR: 192, 187, 269, 256, 201
52493 0 54 52505 0 76 52506 0 51 52565 0 53 52630 0 52 52635 0 54 52688 0 51 52721 0 60 52721 0 61 52726 0 76 52741 0 53 52743 0 68 52744 0 69 52747 0 90 52747 0 91 52747 0 92 52750 0 76 52777 0 76 52793 0 51 52810 0 76 52837 0 54 52842 0 52 52875 0 76 52897 0 51 52982 0 53 52983 0 
TIME iteration: 302 ms
Round:100
IR: 187, 120, 140, 214, 187
53017 0 54 53064 0 51 53085 0 60 53086 0 61 53090 0 76 53094 0 53 53102 0 68 53103 0 69 53111 0 90 53111 0 91 53111 0 92 53114 0 76 53128 0 52 53140 0 76 53173 0 76 53174 0 68 53178 0 69 53188 0 54 53189 0 51 53227 0 53 53234 0 76 53282 0 52 53354 0 51 53374 0 53 53374 0 54 53383 0 60 53383 0 61 53387 0 76 53405 0 69 53406 0 68 53407 0 90 53407 0 91 53407 0 92 53410 0 76 53436 0 76 53468 0 76 53492 0 52 53524 0 
TIME iteration: 302 ms
Round:101
IR: 255, 213, 111, 229, 167
53537 0 53 53571 0 51 53601 0 54 53635 0 52 53652 0 53 53736 0 52 53753 0 62 53753 0 63 53761 0 77 53778 0 90 53778 0 91 53778 0 92 53785 0 77 53809 0 51 53812 0 77 53814 0 53 53820 0 54 53846 0 77 53850 0 52 53851 0 71 53854 0 70 53937 0 54 53944 0 51 53962 0 52 53984 0 53 54001 0 63 54003 0 62 54003 0 77 54022 0 70 54022 0 71 54025 0 90 54025 0 91 54025 0 92 54026 0 77 54052 0 
TIME iteration: 312 ms
Round:102
IR: 198, 148, 127, 198, 264
54081 0 51 54083 0 77 54103 0 71 54107 0 70 54108 0 54 54115 0 53 54130 0 52 54132 0 77 54255 0 51 54282 0 54 54342 0 52 54359 0 53 54363 0 62 54364 0 63 54368 0 77 54389 0 90 54389 0 91 54389 0 92 54390 0 71 54391 0 70 54392 0 77 54399 0 51 54418 0 77 54446 0 54 54451 0 77 54482 0 52 54487 0 53 54512 0 
TIME iteration: 301 ms
Round:103
IR: 200, 144, 120, 201, 225
54620 0 54 54626 0 52 54632 0 53 54668 0 51 54764 0 54 54779 0 53 54789 0 66 54790 0 64 54790 0 65 54790 0 67 54798 0 78 54798 0 79 54804 0 51 54813 0 52 54813 0 90 54813 0 91 54813 0 92 54822 0 78 54822 0 79 54849 0 78 54849 0 79 54870 0 54 54876 0 75 54883 0 78 54884 0 79 54885 0 72 54888 0 73 54888 0 74 54943 0 90 54943 0 91 54943 0 92 54955 0 53 54962 0 51 54974 0 52 55048 0 54 55075 0 53 55119 0 
TIME iteration: 302 ms
Round:104
IR: 142, 134, 102, 190, 101
55179 0 52 55240 0 53 55245 0 51 55252 0 54 55299 0 60 55300 0 61 55308 0 65 55308 0 76 55315 0 64 55317 0 78 55329 0 90 55329 0 91 55329 0 92 55332 0 76 55341 0 78 55348 0 73 55349 0 72 55350 0 52 55359 0 76 55368 0 78 55386 0 69 55388 0 68 55394 0 76 55401 0 78 55434 0 53 55447 0 54 55457 0 52 55459 0 90 55459 0 91 55459 0 92 55468 0 51 55468 0 78 55546 0 53 55648 0 
TIME iteration: 302 ms
Round:105
IR: 158, 136, 118, 259, 49
55651 0 54 55664 0 52 55704 0 53 55761 0 54 55799 0 52 55817 0 51 55837 0 67 55840 0 66 55847 0 79 55857 0 62 55858 0 63 55866 0 77 55869 0 90 55869 0 91 55869 0 92 55871 0 79 55890 0 77 55898 0 79 55904 0 54 55905 0 75 55907 0 74 55913 0 53 55917 0 77 55932 0 70 55933 0 79 55937 0 71 55949 0 52 55952 0 77 55974 0 51 55996 0 90 55996 0 91 55996 0 92 56014 0 54 56076 0 52 56106 0 51 56123 0 53 56140 0 
TIME iteration: 302 ms
Round:106
IR: 173, 137, 142, 193, 88
56253 0 52 56277 0 51 56283 0 53 56286 0 54 56343 0 67 56344 0 66 56349 0 79 56373 0 79 56373 0 90 56373 0 91 56373 0 92 56379 0 74 56379 0 75 56400 0 79 56434 0 79 56446 0 54 56473 0 51 56495 0 53 56585 0 52 56612 0 54 56648 0 53 56685 0 
TIME iteration: 301 ms
Round:107
IR: 278, 208, 239, 413, 104
56733 0 54 56740 0 66 56740 0 67 56744 0 79 56760 0 52 56763 0 74 56763 0 75 56766 0 90 56766 0 91 56766 0 92 56767 0 79 56785 0 53 56793 0 79 56812 0 58 56825 0 79 56833 0 51 56849 0 58 56865 0 52 56878 0 86 56878 0 87 56882 0 58 56885 0 79 56914 0 58 56945 0 53 56945 0 58 56965 0 51 56976 0 58 56988 0 86 56988 0 87 57006 0 58 57034 0 58 57037 0 54 57046 0 52 57057 0 53 57063 0 58 57091 0 58 57098 0 86 57098 0 87 57114 0 51 57119 0 58 57136 0 60 57137 0 61 57145 0 76 57147 0 58 57163 0 90 57163 0 91 57163 0 92 57169 0 76 57175 0 58 57196 0 76 57198 0 52 57199 0 54 57203 0 58 57208 0 86 57208 0 87 57221 0 51 57221 0 69 57227 0 68 57231 0 76 57232 0 
TIME iteration: 303 ms
Round:108
IR: 238, 157, 124, 209, 101
57266 0 58 57286 0 53 57303 0 52 57332 0 58 57333 0 86 57333 0 87 57336 0 51 57364 0 54 57405 0 61 57408 0 60 57408 0 76 57425 0 52 57427 0 68 57427 0 69 57428 0 53 57430 0 90 57430 0 91 57430 0 92 57431 0 76 57457 0 76 57488 0 76 57506 0 51 57509 0 69 57512 0 68 57516 0 54 57536 0 52 57538 0 76 57545 0 53 57641 0 53 57655 0 52 57663 0 54 57685 0 51 57712 0 61 57713 0 60 57716 0 76 57736 0 68 57736 0 69 57737 0 90 57737 0 91 57737 0 92 57739 0 76 57743 0 53 57765 0 
TIME iteration: 302 ms
Round:109
IR: 447, 232, 99, 171, 190
57784 0 51 57797 0 76 57817 0 52 57852 0 76 57861 0 54 57945 0 53 57957 0 52 57965 0 54 57972 0 51 58109 0 52 58127 0 62 58127 0 63 58128 0 51 58135 0 77 58143 0 60 58143 0 61 58148 0 76 58153 0 90 58153 0 91 58153 0 92 58159 0 77 58166 0 68 58166 0 69 58172 0 76 58186 0 77 58190 0 54 58199 0 76 58211 0 71 58212 0 53 58212 0 70 58218 0 52 58220 0 77 58232 0 76 58278 0 90 58278 0 91 58278 0 92 58298 0 
TIME iteration: 302 ms
Round:110
IR: 188, 137, 110, 215, 113
58316 0 51 58325 0 53 58328 0 54 58416 0 51 58447 0 52 58505 0 54 58527 0 53 58575 0 52 58627 0 51 58651 0 54 58681 0 67 58682 0 62 58683 0 66 58685 0 61 58686 0 60 58691 0 79 58692 0 76 58694 0 77 58708 0 90 58708 0 91 58708 0 92 58714 0 53 58715 0 69 58715 0 79 58716 0 76 58717 0 68 58718 0 51 58724 0 77 58727 0 52 58742 0 79 58743 0 76 58764 0 74 58766 0 75 58769 0 77 58777 0 76 58777 0 79 58805 0 51 58806 0 
TIME iteration: 302 ms
Round:111
IR: 307, 122, 152, 224, 13
58831 0 90 58831 0 91 58831 0 92 58858 0 76 58861 0 52 58913 0 53 58916 0 51 58923 0 54 59017 0 52 59083 0 54 59144 0 51 59171 0 53 59195 0 52 59240 0 54 59243 0 62 59243 0 63 59249 0 77 59251 0 66 59251 0 67 59257 0 79 59272 0 90 59272 0 91 59272 0 92 59273 0 77 59281 0 70 59281 0 79 59284 0 71 59290 0 51 59292 0 74 59292 0 75 59299 0 53 59300 0 77 59308 0 79 59324 0 52 59334 0 77 59342 0 
TIME iteration: 302 ms
Round:112
IR: 180, 83, 147, 214, 95
59360 0 54 59404 0 90 59404 0 91 59404 0 92 59410 0 77 59427 0 53 59432 0 52 59538 0 51 59573 0 53 59583 0 54 59619 0 52 59706 0 51 59726 0 53 59755 0 52 59757 0 54 59777 0 65 59780 0 64 59787 0 78 59791 0 63 59792 0 62 59798 0 77 59809 0 90 59809 0 91 59809 0 92 59811 0 78 59822 0 77 59825 0 70 59825 0 71 59829 0 51 59838 0 78 59849 0 77 59872 0 73 59873 0 78 59877 0 52 59877 0 72 59879 0 53 59883 0 
TIME iteration: 302 ms
Round:113
IR: 175, 228, 185, 320, 253
59902 0 54 59939 0 90 59939 0 91 59939 0 92 59964 0 77 59992 0 52 60007 0 51 60022 0 53 60026 0 54 60118 0 51 60138 0 52 60145 0 53 60174 0 54 60229 0 51 60256 0 60 60256 0 61 60264 0 76 60285 0 90 60285 0 91 60285 0 92 60288 0 76 60313 0 52 60315 0 76 60333 0 53 60337 0 69 60338 0 68 60349 0 76 60393 0 54 60403 0 
TIME iteration: 301 ms
Round:114
IR: 187, 221, 202, 285, 79
60479 0 53 60489 0 52 60596 0 54 60622 0 51 60645 0 52 60654 0 53 60667 0 61 60670 0 60 60673 0 76 60686 0 62 60686 0 63 60689 0 64 60689 0 65 60694 0 77 60695 0 90 60695 0 91 60695 0 92 60697 0 76 60697 0 78 60698 0 68 60699 0 69 60718 0 77 60721 0 78 60723 0 76 60739 0 70 60739 0 71 60745 0 77 60747 0 73 60748 0 78 60750 0 72 60756 0 76 60779 0 77 60782 0 78 60784 0 51 60798 0 52 60809 0 90 60809 0 91 60809 0 92 60816 0 53 60817 0 76 60852 0 54 60918 0 52 60947 0 
TIME iteration: 302 ms
Round:115
IR: 196, 150, 206, 384, 11
60980 0 51 61007 0 52 61019 0 54 61043 0 58 61083 0 58 61097 0 53 61110 0 86 61110 0 87 61117 0 58 61119 0 51 61127 0 52 61145 0 54 61148 0 58 61180 0 58 61183 0 66 61183 0 67 61192 0 79 61206 0 53 61210 0 58 61212 0 90 61212 0 91 61212 0 92 61216 0 79 61220 0 86 61220 0 87 61239 0 58 61243 0 79 61253 0 51 61266 0 75 61267 0 58 61268 0 74 61278 0 79 61296 0 58 61308 0 52 61325 0 58 61326 0 53 61330 0 86 61330 0 87 61353 0 58 61359 0 54 61381 0 58 61409 0 58 61430 0 51 61439 0 58 61442 0 86 61442 0 87 61468 0 52 61470 0 58 61476 0 
TIME iteration: 302 ms
Round:116
IR: 180, 215, 164, 330, 95
61484 0 54 61505 0 58 61513 0 67 61514 0 66 61517 0 79 61537 0 75 61538 0 74 61538 0 90 61538 0 91 61538 0 92 61540 0 79 61545 0 51 61565 0 86 61565 0 87 61566 0 79 61579 0 58 61583 0 53 61598 0 79 61604 0 52 61628 0 54 61656 0 79 61676 0 51 61718 0 53 61759 0 52 61763 0 54 61846 0 51 61847 0 53 61885 0 52 61888 0 54 61891 0 66 61891 0 67 61896 0 79 61910 0 75 61911 0 74 61917 0 90 61917 0 91 61917 0 92 61920 0 79 61947 0 79 61973 0 51 61980 0 79 61988 0 75 61994 0 52 61998 0 54 62001 0 
TIME iteration: 302 ms
Round:117
IR: 175, 107, 136, 225, 187
62058 0 79 62086 0 53 62119 0 51 62122 0 52 62142 0 54 62160 0 66 62160 0 67 62164 0 79 62180 0 75 62181 0 74 62183 0 90 62183 0 91 62183 0 92 62187 0 79 62213 0 79 62245 0 79 62248 0 51 62250 0 54 62294 0 53 62302 0 79 62363 0 51 62403 0 52 62410 0 53 62417 0 54 62512 0 53 62524 0 64 62524 0 65 62532 0 
TIME iteration: 302 ms
Round:118
IR: 272, 233, 83, 202, 116
62549 0 90 62549 0 91 62549 0 92 62555 0 51 62556 0 78 62583 0 78 62599 0 52 62613 0 73 62614 0 72 62617 0 78 62619 0 53 62638 0 54 62710 0 52 62741 0 51 62754 0 53 62799 0 64 62802 0 78 62803 0 54 62803 0 65 62821 0 72 62822 0 73 62825 0 78 62825 0 90 62825 0 91 62825 0 92 62828 0 52 62851 0 78 62882 0 78 62892 0 51 62903 0 72 62911 0 73 62931 0 78 62942 0 53 62944 0 52 62950 0 54 63048 0 52 63054 0 51 63059 0 
TIME iteration: 302 ms
Round:119
IR: 178, 205, 297, 264, 184
63071 0 64 63071 0 65 63074 0 78 63084 0 54 63092 0 72 63092 0 73 63094 0 90 63094 0 91 63094 0 92 63097 0 78 63123 0 78 63155 0 78 63184 0 72 63193 0 53 63209 0 78 63211 0 52 63218 0 54 63249 0 51 63334 0 53 63360 0 51 63366 0 65 63368 0 64 63370 0 78 63378 0 73 63381 0 54 63385 0 52 63390 0 72 63391 0 90 63391 0 91 63391 0 92 63393 0 78 63419 0 78 63435 0 73 63451 0 78 63462 0 53 63501 0 51 63505 0 78 63513 0 54 63553 0 
TIME iteration: 302 ms
Round:120
IR: 148, 105, 132, 248, 196
63633 0 53 63678 0 54 63701 0 51 63715 0 52 63725 0 64 63734 0 78 63756 0 90 63756 0 91 63756 0 92 63763 0 78 63787 0 72 63805 0 78 63824 0 53 63837 0 54 63844 0 51 63911 0 52 63999 0 54 64018 0 53 64053 0 52 64054 0 51 64108 0 54 64124 0 66 64124 0 
TIME iteration: 302 ms
Round:121
IR: 184, 238, 229, 249, 114
64133 0 79 64153 0 90 64153 0 91 64153 0 92 64154 0 51 64157 0 79 64184 0 79 64187 0 53 64208 0 75 64209 0 74 64219 0 79 64220 0 52 64270 0 51 64278 0 54 64325 0 53 64339 0 52 64411 0 54 64415 0 51 64442 0 66 64443 0 67 64446 0 52 64446 0 79 64466 0 74 64467 0 75 64467 0 90 64467 0 91 64467 0 92 64469 0 79 64495 0 79 64500 0 53 64527 0 79 64539 0 54 64584 0 79 64609 0 52 64645 0 
TIME iteration: 303 ms
Round:122
IR: 176, 126, 114, 223, 221
64671 0 53 64745 0 52 64767 0 54 64794 0 51 64807 0 53 64844 0 64 64845 0 65 64853 0 78 64871 0 90 64871 0 91 64871 0 92 64877 0 78 64904 0 78 64905 0 73 64914 0 72 64917 0 51 64922 0 54 64923 0 53 64928 0 52 64939 0 78 65057 0 51 65072 0 54 65116 0 53 65125 0 
TIME iteration: 302 ms
Round:123
IR: 359, 375, 244, 236, 99
65197 0 54 65212 0 51 65226 0 66 65226 0 67 65234 0 79 65243 0 60 65243 0 61 65251 0 76 65252 0 90 65252 0 91 65252 0 92 65258 0 79 65261 0 53 65271 0 74 65273 0 75 65275 0 76 65285 0 79 65301 0 52 65302 0 76 65320 0 79 65332 0 51 65336 0 76 65341 0 69 65342 0 68 65377 0 90 65377 0 91 65377 0 92 65392 0 52 65403 0 54 65453 0 53 65485 0 51 65499 0 52 65561 0 53 65582 0 54 65611 0 51 65691 0 53 65696 0 51 65702 0 60 65703 0 61 65707 0 76 65715 0 52 65715 0 64 65716 0 
TIME iteration: 302 ms
Round:124
IR: 184, 158, 122, 198, 114
65723 0 78 65731 0 76 65732 0 90 65732 0 91 65732 0 92 65736 0 68 65738 0 69 65745 0 54 65747 0 78 65757 0 76 65770 0 73 65771 0 72 65774 0 78 65790 0 76 65808 0 78 65817 0 51 65851 0 76 65861 0 90 65861 0 91 65861 0 92 65867 0 54 65909 0 52 65914 0 53 65984 0 54 65989 0 51 66027 0 52 66123 0 54 66140 0 52 66142 0 53 66179 0 62 66179 0 63 66183 0 51 66187 0 77 66208 0 90 66208 0 91 66208 0 92 66211 0 77 66238 0 77 66246 0 
TIME iteration: 302 ms
Round:125
IR: 168, 141, 331, 280, 129
66272 0 70 66272 0 77 66273 0 71 66294 0 51 66303 0 52 66348 0 53 66449 0 54 66474 0 53 66537 0 51 66552 0 52 66564 0 54 66592 0 66 66593 0 67 66601 0 79 66605 0 53 66605 0 63 66606 0 62 66610 0 77 66611 0 65 66612 0 64 66619 0 78 66619 0 90 66619 0 91 66619 0 92 66625 0 79 66634 0 77 66637 0 70 66638 0 71 66643 0 78 66652 0 79 66660 0 77 66665 0 52 66665 0 75 66668 0 73 66669 0 72 66669 0 74 66670 0 78 66687 0 79 66693 0 77 66702 0 51 66704 0 78 66705 0 53 66715 0 54 66733 0 90 66733 0 91 66733 0 92 66754 0 77 66755 0 
TIME iteration: 303 ms
Round:126
IR: 168, 145, 110, 256, 95
66810 0 53 66836 0 51 66877 0 54 66897 0 52 66933 0 53 67002 0 51 67010 0 52 67027 0 54 67055 0 63 67056 0 62 67061 0 77 67080 0 70 67082 0 71 67084 0 90 67084 0 91 67084 0 92 67085 0 77 67112 0 77 67139 0 53 67143 0 52 67145 0 77 67178 0 51 67199 0 54 67212 0 77 67299 0 
TIME iteration: 302 ms
Round:127
IR: 195, 143, 156, 224, 142
67314 0 51 67358 0 52 67457 0 53 67465 0 52 67467 0 54 67476 0 63 67477 0 62 67482 0 77 67486 0 64 67486 0 65 67493 0 78 67499 0 71 67500 0 70 67503 0 90 67503 0 91 67503 0 92 67506 0 77 67517 0 78 67533 0 77 67542 0 73 67543 0 72 67544 0 78 67566 0 77 67578 0 78 67592 0 51 67612 0 53 67631 0 90 67631 0 91 67631 0 92 67632 0 52 67633 0 77 67660 0 54 67753 0 53 67798 0 52 67800 0 51 67834 0 
TIME iteration: 302 ms
Round:128
IR: 295, 252, 282, 346, 203
67909 0 53 67934 0 54 67970 0 51 67977 0 67 67978 0 66 67986 0 79 67989 0 52 68007 0 90 68007 0 91 68007 0 92 68010 0 79 68037 0 79 68054 0 74 68055 0 75 68072 0 79 68127 0 54 68154 0 53 68155 0 51 68156 0 52 68259 0 51 68272 0 52 68294 0 54 68336 0 66 68338 0 67 68341 0 79 68346 0 53 68362 0 75 68363 0 74 68363 0 90 68363 0 91 68363 0 92 68365 0 79 68366 0 
TIME iteration: 302 ms
Round:129
IR: 265, 226, 120, 236, 44
68391 0 79 68422 0 52 68424 0 79 68453 0 54 68486 0 79 68511 0 53 68550 0 52 68588 0 53 68632 0 54 68675 0 51 68685 0 53 68687 0 64 68687 0 65 68695 0 78 68712 0 90 68712 0 91 68712 0 92 68714 0 52 68719 0 78 68746 0 78 68756 0 72 68760 0 73 68780 0 78 68785 0 54 68794 0 51 68806 0 53 68896 0 
TIME iteration: 301 ms
Round:130
IR: 199, 130, 166, 187, 179
68935 0 51 68952 0 54 68971 0 53 69015 0 65 69018 0 64 69019 0 78 69040 0 73 69041 0 72 69041 0 90 69041 0 91 69041 0 92 69042 0 78 69063 0 54 69068 0 78 69078 0 51 69100 0 78 69153 0 78 69177 0 52 69200 0 53 69205 0 51 69257 0 54 69289 0 51 69327 0 60 69328 0 61 69336 0 76 69352 0 90 69352 0 91 69352 0 92 69360 0 76 69371 0 52 69378 0 54 69387 0 76 69394 0 53 69420 0 68 69421 0 69 69422 0 
TIME iteration: 302 ms
Round:131
IR: 125, 153, 224, 299, 186
69468 0 51 69490 0 54 69578 0 53 69610 0 51 69622 0 54 69641 0 60 69641 0 61 69644 0 76 69665 0 68 69665 0 69 69665 0 90 69665 0 91 69665 0 92 69667 0 76 69681 0 52 69693 0 76 69725 0 76 69735 0 54 69763 0 53 69769 0 51 69779 0 76 69906 0 54 69922 0 51 69940 0 
TIME iteration: 301 ms
Round:132
IR: 190, 144, 160, 231, 196
69970 0 53 70077 0 54 70092 0 52 70096 0 67 70097 0 66 70099 0 53 70105 0 79 70111 0 65 70112 0 64 70119 0 78 70124 0 90 70124 0 91 70124 0 92 70129 0 51 70129 0 79 70143 0 78 70156 0 79 70170 0 78 70172 0 73 70175 0 72 70178 0 74 70181 0 75 70191 0 79 70204 0 78 70213 0 54 70237 0 53 70245 0 52 70251 0 90 70251 0 91 70251 0 92 70292 0 51 70348 0 52 70354 0 54 70380 0 51 70463 0 53 70464 0 
TIME iteration: 302 ms
Round:133
IR: 264, 145, 98, 230, 40
70505 0 51 70537 0 54 70557 0 60 70558 0 61 70565 0 76 70586 0 90 70586 0 91 70586 0 92 70589 0 76 70609 0 69 70613 0 68 70616 0 76 70625 0 53 70627 0 52 70650 0 76 70673 0 54 70707 0 51 70726 0 52 70763 0 54 70817 0 53 70819 0 52 70824 0 51 70858 0 54 70861 0 63 70862 0 62 70870 0 77 70873 0 66 70874 0 67 70879 0 61 70881 0 79 70884 0 60 70884 0 76 70886 0 90 70886 0 91 70886 0 92 70894 0 77 70902 0 69 70903 0 68 70905 0 79 70907 0 76 70921 0 77 70925 0 74 70929 0 75 70932 0 79 70933 0 76 70940 0 53 70950 0 51 70956 0 71 70956 0 77 70959 0 70 70965 0 76 70966 0 79 70985 0 52 70986 0 54 70998 0 69 71000 0 90 71000 0 91 71000 0 92 71018 0 
TIME iteration: 303 ms
Round:134
IR: 168, 73, 240, 316, 36
71063 0 53 71105 0 54 71113 0 51 71117 0 52 71236 0 52 71247 0 53 71274 0 51 71274 0 54 71382 0 52 71386 0 62 71386 0 63 71392 0 77 71400 0 54 71406 0 66 71407 0 51 71407 0 67 71412 0 60 71412 0 61 71413 0 79 71415 0 53 71415 0 90 71415 0 91 71415 0 92 71416 0 77 71418 0 76 71424 0 70 71425 0 71 71437 0 79 71440 0 68 71441 0 74 71442 0 75 71442 0 76 71443 0 77 71451 0 69 71464 0 79 71469 0 76 71477 0 77 71498 0 79 71499 0 52 71503 0 76 71514 0 54 71529 0 90 71529 0 91 71529 0 
TIME iteration: 302 ms
Round:135
IR: 274, 127, 136, 233, 113
71553 0 77 71579 0 76 71598 0 53 71606 0 51 71642 0 54 71719 0 53 71752 0 54 71781 0 51 71888 0 54 71894 0 66 71894 0 67 71896 0 53 71900 0 79 71923 0 74 71923 0 90 71923 0 91 71923 0 92 71924 0 79 71925 0 75 71950 0 52 71951 0 79 71985 0 79 71991 0 51 72040 0 54 72055 0 52 72076 0 
TIME iteration: 314 ms
Round:136
IR: 193, 132, 137, 271, 156
72133 0 51 72162 0 52 72222 0 62 72224 0 63 72226 0 54 72231 0 77 72248 0 90 72248 0 91 72248 0 92 72253 0 53 72255 0 77 72273 0 70 72275 0 71 72282 0 77 72316 0 77 72319 0 51 72327 0 52 72379 0 54 72430 0 53 72468 0 54 72481 0 52 72482 0 
TIME iteration: 303 ms
Round:137
IR: 195, 111, 139, 215, 118
72629 0 53 72637 0 51 72640 0 52 72645 0 62 72645 0 63 72649 0 77 72659 0 61 72660 0 60 72664 0 54 72668 0 76 72671 0 66 72671 0 71 72672 0 70 72672 0 77 72672 0 90 72672 0 91 72672 0 92 72688 0 79 72692 0 76 72698 0 77 72719 0 76 72720 0 79 72728 0 68 72729 0 69 72730 0 77 72754 0 76 72777 0 79 72786 0 77 72787 0 52 72790 0 90 72790 0 91 72790 0 92 72830 0 51 72831 0 54 72896 0 53 72902 0 52 72947 0 51 72995 0 54 73027 0 52 73044 0 53 73069 0 51 73107 0 60 73109 0 61 73113 0 76 73135 0 52 73136 0 90 73136 0 91 73136 0 92 73137 0 76 73139 0 
TIME iteration: 306 ms
Round:138
IR: 180, 206, 131, 302, 94
73140 0 69 73156 0 54 73164 0 76 73187 0 53 73197 0 76 73229 0 51 73263 0 76 73270 0 52 73337 0 54 73340 0 53 73415 0 51 73444 0 53 73471 0 64 73472 0 65 73479 0 52 73480 0 78 73497 0 90 73497 0 91 73497 0 92 73504 0 78 73506 0 54 73531 0 78 73537 0 51 73564 0 53 73566 0 78 73570 0 72 73584 0 73 73628 0 
TIME iteration: 304 ms
Round:139
IR: 266, 341, 226, 295, 169
73675 0 54 73690 0 51 73733 0 53 73778 0 64 73778 0 65 73781 0 78 73789 0 52 73802 0 72 73802 0 73 73802 0 90 73802 0 91 73802 0 92 73804 0 78 73830 0 78 73862 0 78 73874 0 51 73875 0 54 73911 0 52 73916 0 78 73938 0 53 73993 0 51 74033 0 52 74058 0 54 74098 0 53 74133 0 52 74138 0 62 74139 0 63 74147 0 77 74164 0 90 74164 0 91 74164 0 92 74169 0 51 74171 0 77 74177 0 54 74198 0 
TIME iteration: 305 ms
Round:140
IR: 188, 330, 296, 204, 155
74215 0 70 74216 0 71 74219 0 53 74233 0 52 74233 0 77 74333 0 51 74343 0 52 74354 0 54 74398 0 63 74400 0 62 74401 0 77 74406 0 53 74418 0 70 74418 0 71 74422 0 90 74422 0 91 74422 0 92 74424 0 77 74450 0 77 74475 0 52 74481 0 77 74491 0 71 74493 0 70 74527 0 54 74531 0 53 74532 0 77 74602 0 51 74626 0 53 74645 0 52 74685 0 62 74685 0 63 74688 0 77 74707 0 70 74707 0 71 74709 0 90 74709 0 91 74709 0 92 74711 0 
TIME iteration: 305 ms
Round:141
IR: 186, 173, 150, 258, 14
74730 0 54 74737 0 77 74741 0 51 74769 0 77 74779 0 53 74784 0 52 74823 0 77 74876 0 51 74904 0 54 74914 0 52 74921 0 53 75019 0 54 75023 0 51 75033 0 52 75040 0 62 75042 0 53 75042 0 63 75045 0 77 75057 0 70 75058 0 71 75060 0 64 75061 0 65 75062 0 66 75064 0 67 75066 0 61 75066 0 90 75066 0 91 75066 0 92 75068 0 77 75069 0 78 75072 0 79 75084 0 76 75093 0 78 75094 0 77 75096 0 79 75116 0 76 75120 0 78 75123 0 79 75124 0 70 75126 0 77 75129 0 71 75129 0 72 75133 0 73 75136 0 51 75155 0 74 75155 0 78 75158 0 79 75163 0 52 75164 0 75 75171 0 76 75176 0 53 75177 0 90 75177 0 91 75177 0 92 75182 0 77 75225 0 
TIME iteration: 304 ms
Round:142
IR: 179, 358, 329, 306, 120
75300 0 51 75321 0 54 75406 0 53 75412 0 52 75447 0 54 75478 0 66 75478 0 67 75483 0 79 75505 0 90 75505 0 91 75505 0 92 75507 0 79 75508 0 53 75508 0 74 75509 0 75 75533 0 51 75534 0 79 75544 0 52 75567 0 79 75635 0 54 75641 0 79 75680 0 53 75730 0 51 75739 0 
TIME iteration: 302 ms
Round:143
IR: 168, 104, 233, 322, 90
75805 0 54 75872 0 53 75876 0 66 75876 0 67 75881 0 79 75898 0 52 75898 0 74 75898 0 75 75902 0 90 75902 0 91 75902 0 92 75905 0 79 75923 0 51 75932 0 79 75965 0 79 76021 0 52 76034 0 79 76058 0 54 76080 0 53 76099 0 51 76190 0 52 76227 0 54 76233 0 51 76263 0 53 76277 0 60 76277 0 61 76285 0 76 76301 0 66 76302 0 67 76303 0 90 76303 0 91 76303 0 92 76307 0 79 76309 0 
TIME iteration: 304 ms
Round:144
IR: 141, 148, 71, 235, 126
76320 0 52 76323 0 75 76324 0 74 76331 0 79 76336 0 76 76352 0 69 76358 0 68 76358 0 79 76370 0 76 76379 0 54 76392 0 79 76418 0 52 76419 0 53 76425 0 90 76425 0 91 76425 0 92 76442 0 51 76523 0 54 76525 0 52 76532 0 53 76586 0 51 76649 0 54 76658 0 52 76698 0 51 76706 0 53 76752 0 60 76754 0 61 76758 0 76 76774 0 54 76782 0 76 76782 0 90 76782 0 91 76782 0 92 76787 0 52 76787 0 68 76787 0 69 76803 0 53 76809 0 76 76842 0 
TIME iteration: 303 ms
Round:145
IR: 178, 297, 393, 501, 296
76900 0 53 76903 0 54 76906 0 51 76908 0 76 76936 0 58 76942 0 52 76973 0 58 76996 0 53 77002 0 86 77002 0 87 77008 0 58 77022 0 51 77040 0 58 77070 0 52 77071 0 58 77094 0 54 77097 0 60 77098 0 61 77101 0 58 77102 0 76 77112 0 86 77112 0 87 77116 0 68 77117 0 69 77123 0 90 77123 0 91 77123 0 92 77126 0 76 77132 0 58 77141 0 51 77152 0 76 77162 0 58 77184 0 53 77185 0 76 77192 0 58 77195 0 68 77200 0 69 77204 0 52 77222 0 58 77224 0 86 77224 0 87 77246 0 76 77251 0 58 77279 0 58 77287 0 51 77307 0 58 77332 0 53 77335 0 54 77335 0 58 77336 0 86 77336 0 87 77360 0 60 77362 0 58 77365 0 61 77366 0 
TIME iteration: 303 ms
Round:146
IR: 208, 205, 166, 327, 100
77382 0 68 77383 0 69 77386 0 90 77386 0 91 77386 0 92 77389 0 76 77390 0 58 77396 0 52 77415 0 76 77427 0 58 77438 0 54 77447 0 76 77448 0 86 77448 0 87 77452 0 51 77461 0 68 77470 0 69 77501 0 76 77552 0 53 77567 0 54 77630 0 52 77631 0 51 77662 0 60 77662 0 61 77666 0 76 77686 0 68 77686 0 69 77686 0 90 77686 0 91 77686 0 92 77689 0 76 77715 0 76 77732 0 53 77747 0 76 77755 0 52 77791 0 51 77800 0 54 77803 0 76 77877 0 53 77897 0 
TIME iteration: 305 ms
Round:147
IR: 259, 204, 120, 292, 177
77969 0 54 78012 0 52 78020 0 51 78031 0 63 78032 0 53 78032 0 62 78040 0 77 78057 0 90 78057 0 91 78057 0 92 78064 0 77 78074 0 54 78091 0 77 78126 0 77 78127 0 52 78129 0 71 78133 0 70 78155 0 51 78182 0 54 78203 0 53 78300 0 52 78307 0 54 78335 0 51 78344 0 63 78347 0 62 78348 0 77 78369 0 67 78370 0 66 78370 0 70 78370 0 71 78370 0 90 78370 0 91 78370 0 92 78371 0 77 78378 0 79 78391 0 53 78397 0 77 78402 0 79 78429 0 77 78429 0 
TIME iteration: 305 ms
Round:148
IR: 261, 129, 144, 184, 95
78448 0 54 78454 0 75 78461 0 74 78464 0 79 78482 0 77 78491 0 90 78491 0 91 78491 0 92 78512 0 51 78545 0 53 78557 0 52 78632 0 54 78653 0 51 78663 0 53 78678 0 52 78810 0 53 78819 0 54 78821 0 51 78845 0 64 78845 0 65 78848 0 52 78853 0 78 78874 0 90 78874 0 91 78874 0 92 78877 0 78 78904 0 78 78938 0 78 78940 0 51 78942 0 72 78943 0 73 78959 0 
TIME iteration: 304 ms
Round:149
IR: 275, 137, 187, 338, 74
79008 0 52 79081 0 53 79125 0 51 79141 0 54 79187 0 52 79247 0 53 79268 0 65 79269 0 64 79273 0 78 79295 0 90 79295 0 91 79295 0 92 79297 0 78 79298 0 54 79300 0 72 79300 0 73 79310 0 51 79323 0 78 79337 0 52 79356 0 78 79371 0 53 79406 0 54 79417 0 78 79436 0 
TIME iteration: 304 ms
Round:150
IR: 200, 153, 298, 328, 179
79535 0 54 79540 0 52 79576 0 53 79590 0 51 79652 0 60 79657 0 61 79663 0 76 79681 0 90 79681 0 91 79681 0 92 79687 0 76 79709 0 53 79714 0 76 79721 0 51 79744 0 68 79744 0 69 79749 0 76 79765 0 54 79792 0 52 79879 0 54 79886 0 51 79887 0 53 79940 0 
TIME iteration: 304 ms
Round:151
IR: 268, 267, 146, 265, 113
80035 0 53 80036 0 54 80056 0 66 80057 0 67 80065 0 79 80073 0 65 80075 0 64 80081 0 78 80083 0 90 80083 0 91 80083 0 92 80089 0 79 80105 0 78 80116 0 79 80119 0 51 80122 0 73 80123 0 72 80126 0 52 80132 0 78 80142 0 75 80143 0 74 80151 0 79 80166 0 78 80168 0 53 80208 0 90 80208 0 91 80208 0 92 80269 0 54 80270 0 52 80301 0 51 80359 0 53 80420 0 54 80448 0 52 80490 0 51 80503 0 53 80522 0 54 80546 0 66 80547 0 67 80552 0 
TIME iteration: 299 ms
Round:152
IR: 180, 333, 331, 334, 152
80576 0 79 80576 0 90 80576 0 91 80576 0 92 80582 0 75 80583 0 74 80589 0 52 80603 0 79 80636 0 79 80637 0 54 80695 0 51 80705 0 52 80714 0 53 80715 0 79 80761 0 54 80811 0 52 80878 0 63 80883 0 51 80885 0 62 80890 0 77 80907 0 90 80907 0 91 80907 0 92 80914 0 77 80921 0 54 80941 0 77 80970 0 71 80971 0 53 80973 0 70 80975 0 77 81012 0 52 81061 0 54 81081 0 
TIME iteration: 310 ms
Round:153
IR: 165, 248, 247, 324, 103
81153 0 53 81155 0 52 81195 0 63 81196 0 62 81198 0 77 81208 0 51 81218 0 70 81219 0 71 81220 0 90 81220 0 91 81220 0 92 81221 0 77 81243 0 54 81247 0 77 81262 0 52 81266 0 53 81279 0 77 81332 0 77 81379 0 53 81382 0 52 81429 0 54 81443 0 51 81466 0 52 81485 0 62 81485 0 63 81488 0 77 81496 0 70 81497 0 71 81509 0 90 81509 0 91 81509 0 92 81511 0 77 81537 0 77 81544 0 51 81554 0 70 81556 0 71 81569 0 77 81609 0 53 81610 0 
TIME iteration: 300 ms
Round:154
IR: 189, 252, 234, 218, 104
81623 0 77 81628 0 54 81685 0 51 81774 0 53 81786 0 52 81815 0 63 81816 0 62 81819 0 77 81821 0 51 81838 0 70 81839 0 71 81840 0 90 81840 0 91 81840 0 92 81842 0 77 81868 0 77 81878 0 53 81900 0 77 81955 0 77 81958 0 54 81994 0 52 82056 0 51 82118 0 54 82136 0 52 82137 0 
TIME iteration: 299 ms
Round:155
IR: 149, 124, 144, 177, 232
82194 0 62 82197 0 63 82200 0 77 82213 0 71 82214 0 70 82221 0 90 82221 0 91 82221 0 92 82224 0 77 82226 0 54 82249 0 53 82250 0 77 82259 0 52 82268 0 51 82283 0 71 82283 0 77 82290 0 70 82344 0 77 82350 0 53 82372 0 51 82384 0 54 82482 0 53 82484 0 52 82510 0 54 82524 0 51 82533 0 64 82533 0 65 82541 0 78 82543 0 62 82550 0 63 82551 0 77 82558 0 90 82558 0 91 82558 0 92 82565 0 78 82572 0 71 82573 0 70 82575 0 77 82592 0 78 82595 0 52 82601 0 77 82624 0 73 82626 0 78 82628 0 72 82634 0 77 82641 0 53 82647 0 54 82656 0 
TIME iteration: 300 ms
Round:156
IR: 180, 15, 165, 302, 53
82683 0 90 82683 0 91 82683 0 92 82695 0 77 82765 0 51 82772 0 53 82776 0 52 82862 0 51 82884 0 53 82918 0 52 82987 0 54 83047 0 53 83061 0 64 83061 0 65 83066 0 51 83067 0 78 83088 0 60 83088 0 61 83091 0 78 83091 0 90 83091 0 91 83091 0 92 83096 0 76 83099 0 72 83099 0 73 83118 0 78 83120 0 76 83126 0 52 83147 0 76 83152 0 78 83181 0 68 83181 0 76 83208 0 
TIME iteration: 299 ms
Round:157
IR: 195, 206, 154, 206, 120
83213 0 53 83214 0 90 83214 0 91 83214 0 92 83228 0 78 83230 0 54 83232 0 51 83323 0 52 83324 0 53 83348 0 51 83472 0 52 83475 0 53 83480 0 54 83512 0 51 83564 0 60 83564 0 61 83569 0 76 83593 0 76 83593 0 90 83593 0 91 83593 0 92 83599 0 69 83600 0 68 83610 0 52 83614 0 51 83620 0 76 83637 0 54 83653 0 76 83719 0 76 83736 0 52 83738 0 
TIME iteration: 299 ms
Round:158
IR: 212, 328, 288, 228, 110
83746 0 53 83783 0 54 83898 0 52 83938 0 51 83948 0 54 83957 0 62 83959 0 63 83966 0 77 83971 0 60 83972 0 61 83977 0 76 83983 0 53 83984 0 66 83984 0 67 83984 0 90 83984 0 91 83984 0 92 83990 0 77 83993 0 79 83995 0 69 83996 0 68 84001 0 76 84017 0 77 84017 0 79 84028 0 76 84033 0 70 84033 0 71 84044 0 79 84051 0 52 84051 0 77 84061 0 76 84076 0 74 84079 0 79 84085 0 75 84094 0 51 84097 0 90 84097 0 91 84097 0 92 84109 0 53 84128 0 76 84178 0 54 84221 0 52 84238 0 51 84261 0 
TIME iteration: 300 ms
Round:159
IR: 128, 158, 108, 218, 34
84309 0 54 84357 0 51 84417 0 53 84420 0 52 84442 0 51 84443 0 61 84444 0 60 84449 0 76 84470 0 68 84470 0 69 84472 0 90 84472 0 91 84472 0 92 84473 0 76 84496 0 54 84500 0 76 84533 0 76 84543 0 52 84559 0 53 84568 0 51 84600 0 76 84667 0 52 84671 0 53 84700 0 54 84773 0 
TIME iteration: 299 ms
Round:160
IR: 182, 106, 157, 295, 130
84809 0 53 84814 0 52 84824 0 64 84824 0 65 84832 0 78 84833 0 63 84834 0 62 84841 0 77 84850 0 90 84850 0 91 84850 0 92 84856 0 78 84865 0 77 84883 0 78 84892 0 70 84892 0 77 84894 0 71 84908 0 73 84916 0 72 84917 0 78 84920 0 54 84926 0 77 84943 0 53 84955 0 52 84957 0 51 84978 0 90 84978 0 91 84978 0 92 85045 0 53 85100 0 52 85111 0 51 85141 0 54 85205 0 53 85231 0 52 85238 0 51 85267 0 
TIME iteration: 300 ms
Round:161
IR: 283, 170, 65, 218, 237
85364 0 53 85370 0 51 85374 0 60 85375 0 61 85381 0 64 85381 0 65 85382 0 76 85387 0 78 85403 0 90 85403 0 91 85403 0 92 85406 0 76 85411 0 78 85418 0 52 85420 0 72 85420 0 73 85429 0 68 85429 0 69 85433 0 76 85438 0 78 85439 0 54 85467 0 76 85472 0 78 85491 0 51 85502 0 53 85535 0 90 85535 0 91 85535 0 92 85548 0 78 85569 0 54 85622 0 52 85629 0 51 85631 0 53 85741 0 54 85805 0 51 85815 0 52 85841 0 
TIME iteration: 299 ms
Round:162
IR: 198, 136, 156, 235, 66
85943 0 54 85964 0 53 85974 0 65 85975 0 51 85975 0 64 85981 0 78 85988 0 67 85989 0 60 85989 0 61 85990 0 66 85995 0 76 85998 0 79 86005 0 78 86006 0 90 86006 0 91 86006 0 92 86012 0 72 86013 0 73 86019 0 76 86022 0 79 86030 0 69 86031 0 68 86032 0 78 86046 0 76 86049 0 79 86053 0 52 86066 0 78 86075 0 74 86076 0 75 86080 0 76 86084 0 79 86123 0 90 86123 0 91 86123 0 92 86147 0 78 86152 0 53 86154 0 51 86156 0 76 86201 0 52 86233 0 54 86291 0 53 86303 0 51 86353 0 54 86382 0 
TIME iteration: 300 ms
Round:163
IR: 162, 138, 231, 243, 127
86462 0 53 86463 0 51 86508 0 60 86509 0 61 86512 0 52 86513 0 65 86514 0 64 86515 0 76 86520 0 78 86531 0 62 86531 0 63 86536 0 90 86536 0 91 86536 0 92 86539 0 76 86539 0 77 86540 0 69 86543 0 68 86544 0 78 86547 0 72 86547 0 73 86560 0 54 86563 0 77 86566 0 76 86571 0 78 86590 0 77 86591 0 53 86600 0 76 86605 0 78 86609 0 70 86613 0 71 86624 0 77 86639 0 51 86651 0 90 86651 0 91 86651 0 92 86681 0 76 86686 0 78 86693 0 53 86720 0 52 86761 0 54 86781 0 51 86868 0 52 86872 0 53 86897 0 51 86905 0 
TIME iteration: 300 ms
Round:164
IR: 195, 145, 329, 429, 162
86988 0 53 87008 0 52 87009 0 51 87010 0 58 87011 0 61 87012 0 60 87016 0 65 87017 0 64 87018 0 76 87023 0 78 87028 0 62 87029 0 63 87034 0 77 87039 0 90 87039 0 91 87039 0 92 87042 0 68 87042 0 69 87042 0 76 87045 0 58 87046 0 73 87047 0 78 87048 0 72 87058 0 77 87064 0 71 87065 0 70 87069 0 76 87074 0 78 87074 0 86 87074 0 87 87077 0 58 87085 0 77 87103 0 76 87108 0 78 87109 0 58 87118 0 53 87118 0 77 87139 0 58 87141 0 54 87144 0 52 87155 0 90 87155 0 91 87155 0 92 87170 0 58 87184 0 51 87184 0 76 87185 0 77 87185 0 86 87185 0 87 87189 0 78 87200 0 58 87218 0 53 87231 0 58 87262 0 58 87294 0 54 87294 0 58 87297 0 86 87297 0 87 87325 0 58 87327 0 53 87341 0 51 87355 0 58 87374 0 52 87384 0 58 87409 0 86 87409 0 87 87413 0 58 87442 0 58 87443 0 
TIME iteration: 301 ms
Round:165
IR: 268, 232, 248, 351, 195
87451 0 54 87471 0 58 87486 0 53 87486 0 60 87486 0 61 87492 0 76 87500 0 58 87511 0 52 87514 0 90 87514 0 91 87514 0 92 87515 0 68 87515 0 69 87516 0 76 87520 0 86 87520 0 87 87531 0 58 87543 0 76 87547 0 51 87561 0 58 87576 0 54 87577 0 76 87592 0 58 87622 0 58 87630 0 86 87630 0 87 87643 0 52 87652 0 58 87653 0 76 87665 0 51 87682 0 58 87712 0 58 87714 0 53 87741 0 58 87743 0 86 87743 0 87 87755 0 54 87760 0 51 87769 0 58 87781 0 60 87782 0 61 87785 0 76 87795 0 68 87795 0 69 87798 0 58 87806 0 90 87806 0 91 87806 0 92 87808 0 76 87811 0 52 87826 0 58 87834 0 76 87850 0 53 87855 0 58 87856 0 68 87856 0 86 87856 0 87 87857 0 69 87866 0 76 87884 0 58 87898 0 51 87913 0 58 87921 0 76 87941 0 58 87944 0 54 87954 0 53 87968 0 86 87968 0 87 87969 0 58 87974 0 
TIME iteration: 301 ms
Round:166
IR: 375, 100, 132, 166, 115
88000 0 58 88038 0 51 88045 0 58 88067 0 61 88068 0 60 88071 0 76 88086 0 86 88086 0 87 88088 0 68 88088 0 69 88091 0 90 88091 0 91 88091 0 92 88094 0 76 88101 0 53 88104 0 52 88120 0 76 88152 0 76 88174 0 68 88175 0 69 88197 0 54 88207 0 76 88213 0 53 88240 0 52 88247 0 51 88339 0 54 88353 0 53 88476 0 54 88479 0 52 88483 0 51 88489 0 67 88490 0 66 88499 0 61 88499 0 79 88500 0 60 88505 0 
TIME iteration: 299 ms
Round:167
IR: 198, 156, 164, 254, 38
88516 0 90 88516 0 91 88516 0 92 88523 0 79 88529 0 76 88532 0 53 88532 0 68 88532 0 69 88550 0 79 88556 0 76 88579 0 75 88585 0 79 88588 0 74 88589 0 76 88644 0 90 88644 0 91 88644 0 92 88656 0 76 88663 0 54 88677 0 53 88697 0 51 88699 0 52 88818 0 54 88848 0 53 88870 0 51 88923 0 52 89035 0 
TIME iteration: 299 ms
Round:168
IR: 185, 279, 194, 230, 161
89043 0 53 89066 0 60 89067 0 61 89073 0 76 89089 0 65 89090 0 64 89097 0 76 89097 0 90 89097 0 91 89097 0 92 89098 0 78 89099 0 54 89101 0 68 89102 0 69 89106 0 52 89122 0 78 89124 0 76 89149 0 78 89158 0 76 89178 0 72 89180 0 73 89184 0 78 89196 0 53 89205 0 51 89222 0 90 89222 0 91 89222 0 92 89237 0 54 89239 0 76 89318 0 53 89340 0 51 89340 0 54 89384 0 52 89454 0 53 89477 0 54 89480 0 51 89539 0 52 89567 0 
TIME iteration: 299 ms
Round:169
IR: 336, 358, 348, 225, 89
89574 0 64 89574 0 65 89579 0 78 89584 0 67 89603 0 78 89603 0 79 89603 0 90 89603 0 91 89603 0 92 89609 0 72 89610 0 73 89630 0 78 89635 0 79 89638 0 51 89663 0 78 89666 0 52 89689 0 53 89695 0 79 89709 0 54 89729 0 78 89761 0 51 89764 0 90 89764 0 91 89764 0 92 89828 0 52 89842 0 54 89879 0 51 89907 0 53 89956 0 52 90002 0 54 90039 0 51 90079 0 
TIME iteration: 310 ms
Round:170
IR: 384, 355, 405, 194, 63
90104 0 63 90105 0 62 90113 0 77 90114 0 53 90134 0 90 90134 0 91 90134 0 92 90137 0 77 90164 0 77 90180 0 52 90193 0 71 90199 0 77 90206 0 70 90224 0 54 90236 0 53 90237 0 51 90275 0 52 90346 0 53 90380 0 52 90382 0 62 90382 0 63 90384 0 77 90403 0 71 90404 0 70 90406 0 90 90406 0 91 90406 0 92 90407 0 77 90433 0 77 90446 0 51 90456 0 54 90464 0 77 90482 0 52 90488 0 71 90515 0 77 90563 0 53 90597 0 54 90612 0 
TIME iteration: 299 ms
Round:171
IR: 199, 290, 434, 368, 80
90644 0 51 90652 0 62 90654 0 63 90656 0 77 90662 0 70 90674 0 71 90676 0 90 90676 0 91 90676 0 92 90679 0 77 90705 0 53 90705 0 77 90716 0 70 90727 0 54 90730 0 58 90737 0 77 90756 0 52 90762 0 71 90765 0 58 90791 0 77 90793 0 86 90793 0 87 90798 0 58 90802 0 51 90828 0 58 90859 0 58 90889 0 58 90904 0 86 90904 0 87 90915 0 53 90917 0 51 90919 0 58 90948 0 58 90949 0 52 90978 0 58 91007 0 58 91014 0 86 91014 0 87 91018 0 51 91023 0 60 91023 0 61 91031 0 76 91036 0 58 91048 0 90 91048 0 91 91048 0 92 91055 0 76 91064 0 58 91067 0 54 91077 0 52 91082 0 76 91093 0 58 91110 0 69 91111 0 68 91116 0 76 91121 0 58 91125 0 86 91125 0 87 91146 0 53 91148 0 
TIME iteration: 300 ms
Round:172
IR: 264, 309, 242, 244, 305
91177 0 58 91187 0 51 91194 0 54 91216 0 58 91237 0 86 91237 0 87 91280 0 53 91359 0 54 91393 0 51 91402 0 53 91408 0 52 91422 0 60 91422 0 67 91423 0 61 91423 0 66 91427 0 76 91431 0 79 91446 0 90 91446 0 91 91446 0 92 91451 0 76 91452 0 68 91453 0 69 91455 0 79 91477 0 76 91482 0 79 91493 0 53 91510 0 76 91517 0 79 91522 0 74 91523 0 75 91532 0 52 91550 0 54 91571 0 76 91576 0 90 91576 0 91 91576 0 92 91588 0 51 91601 0 53 91672 0 
TIME iteration: 299 ms
Round:173
IR: 268, 184, 223, 232, 14
91716 0 51 91809 0 54 91822 0 52 91843 0 53 91981 0 52 91987 0 51 91996 0 62 91996 0 63 92004 0 77 92027 0 90 92027 0 91 92027 0 92 92028 0 77 92048 0 54 92051 0 53 92055 0 77 92070 0 71 92072 0 70 92089 0 77 92140 0 52 92148 0 54 92179 0 
TIME iteration: 299 ms
Round:174
IR: 277, 321, 336, 331, 361
92249 0 54 92253 0 53 92274 0 52 92315 0 63 92316 0 62 92318 0 77 92319 0 67 92320 0 66 92328 0 79 92337 0 59 92339 0 70 92339 0 71 92340 0 90 92340 0 91 92340 0 92 92341 0 77 92352 0 79 92355 0 51 92367 0 77 92376 0 59 92377 0 74 92378 0 75 92379 0 79 92399 0 77 92402 0 53 92404 0 54 92404 0 88 92404 0 89 92410 0 59 92413 0 52 92414 0 79 92438 0 88 92438 0 89 92442 0 59 92452 0 77 92469 0 90 92469 0 91 92469 0 92 92471 0 88 92471 0 89 92473 0 59 92480 0 51 92503 0 88 92503 0 89 92504 0 59 92534 0 59 92535 0 88 92535 0 89 92555 0 52 92565 0 59 92566 0 88 92566 0 89 92567 0 53 92572 0 54 92596 0 59 92597 0 88 92597 0 89 92605 0 51 92626 0 59 92628 0 88 92628 0 89 92656 0 59 92658 0 88 92658 0 89 92685 0 59 92688 0 88 92688 0 89 92709 0 53 92714 0 59 92718 0 88 92718 0 89 92743 0 59 92747 0 88 92747 0 
TIME iteration: 301 ms
Round:175
IR: 261, 434, 296, 216, 182
92753 0 52 92770 0 51 92777 0 59 92778 0 88 92778 0 89 92803 0 54 92810 0 88 92810 0 89 92851 0 59 92854 0 88 92854 0 89 92855 0 56 92858 0 60 92860 0 61 92867 0 76 92889 0 90 92889 0 91 92889 0 92 92891 0 76 92892 0 56 92893 0 53 92896 0 88 92896 0 89 92918 0 76 92921 0 82 92921 0 83 92925 0 56 92934 0 69 92936 0 68 92950 0 52 92950 0 54 92952 0 76 92957 0 56 92987 0 56 93008 0 53 93015 0 51 93016 0 56 93032 0 82 93032 0 83 93045 0 56 93071 0 54 93073 0 56 93097 0 52 93101 0 56 93129 0 56 93133 0 53 93142 0 82 93142 0 83 93157 0 56 93185 0 56 93208 0 51 93213 0 56 93241 0 56 93251 0 82 93251 0 83 93252 0 52 93265 0 54 93269 0 
TIME iteration: 300 ms
Round:176
IR: 190, 327, 352, 241, 74
93290 0 53 93299 0 56 93343 0 56 93364 0 82 93364 0 83 93422 0 53 93452 0 52 93457 0 54 93463 0 62 93464 0 63 93472 0 77 93479 0 51 93494 0 90 93494 0 91 93494 0 92 93496 0 77 93523 0 77 93526 0 71 93527 0 70 93558 0 77 93599 0 54 93604 0 53 93648 0 51 93657 0 52 93738 0 54 93742 0 53 93797 0 
TIME iteration: 299 ms
Round:177
IR: 267, 243, 193, 208, 158
93821 0 52 93855 0 54 93859 0 62 93859 0 63 93863 0 77 93865 0 66 93865 0 67 93874 0 79 93884 0 53 93885 0 70 93885 0 90 93885 0 91 93885 0 92 93886 0 71 93886 0 77 93898 0 79 93912 0 77 93925 0 79 93939 0 54 93943 0 75 93944 0 77 93945 0 74 93949 0 52 93960 0 79 93980 0 53 94000 0 77 94015 0 90 94015 0 91 94015 0 92 94045 0 51 94045 0 54 94125 0 52 94158 0 53 94199 0 54 94300 0 
TIME iteration: 300 ms
Round:178
IR: 95, 145, 243, 350, 11
94344 0 52 94359 0 53 94364 0 54 94402 0 67 94403 0 66 94409 0 79 94433 0 79 94433 0 90 94433 0 91 94433 0 92 94441 0 74 94441 0 75 94460 0 79 94471 0 54 94480 0 51 94494 0 79 94518 0 53 94540 0 52 94579 0 51 94607 0 54 94702 0 53 94705 0 51 94710 0 52 94742 0 60 94743 0 61 94751 0 76 94768 0 90 94768 0 91 94768 0 92 94769 0 54 94775 0 76 94802 0 76 94808 0 52 94815 0 53 94820 0 51 94829 0 68 94834 0 69 94837 0 
TIME iteration: 302 ms
Round:179
IR: 161, 74, 160, 251, 179
94910 0 52 94924 0 54 94991 0 53 95015 0 51 95101 0 61 95108 0 76 95113 0 60 95125 0 54 95131 0 76 95132 0 90 95132 0 91 95132 0 92 95134 0 68 95135 0 69 95157 0 76 95171 0 52 95171 0 53 95188 0 76 95214 0 51 95237 0 76 95278 0 54 95294 0 53 95344 0 51 95368 0 
TIME iteration: 301 ms
Round:180
IR: 207, 183, 127, 399, 286
95418 0 54 95482 0 51 95489 0 53 95490 0 60 95490 0 61 95495 0 76 95496 0 58 95503 0 67 95505 0 66 95510 0 68 95510 0 69 95512 0 54 95512 0 79 95516 0 90 95516 0 91 95516 0 92 95519 0 76 95535 0 58 95536 0 79 95546 0 76 95563 0 79 95563 0 86 95563 0 87 95569 0 58 95570 0 75 95571 0 74 95579 0 76 95591 0 68 95595 0 69 95598 0 79 95600 0 51 95601 0 53 95603 0 58 95605 0 52 95619 0 54 95635 0 58 95642 0 90 95642 0 91 95642 0 92 95644 0 76 95666 0 58 95674 0 86 95674 0 87 95696 0 58 95700 0 53 95725 0 58 95727 0 51 95754 0 52 95754 0 58 95783 0 58 95786 0 86 95786 0 87 95812 0 58 95841 0 58 95843 0 54 95854 0 53 95870 0 58 95893 0 51 95898 0 58 95899 0 86 95899 0 87 95903 0 52 95926 0 
TIME iteration: 302 ms
Round:181
IR: 200, 172, 203, 250, 196
95956 0 54 95958 0 58 95988 0 53 96009 0 58 96014 0 86 96014 0 87 96018 0 67 96019 0 66 96024 0 79 96048 0 79 96048 0 90 96048 0 91 96048 0 92 96054 0 74 96054 0 75 96075 0 79 96079 0 51 96095 0 54 96106 0 53 96109 0 79 96126 0 52 96195 0 51 96231 0 53 96244 0 52 96257 0 54 96345 0 51 96356 0 52 96366 0 53 96393 0 61 96395 0 60 96399 0 62 96399 0 63 96402 0 76 96407 0 77 96420 0 90 96420 0 91 96420 0 92 96426 0 76 96431 0 77 96440 0 54 96449 0 52 96452 0 69 96453 0 76 96456 0 68 96458 0 
TIME iteration: 300 ms
Round:182
IR: 375, 319, 334, 323, 88
96484 0 51 96487 0 70 96487 0 76 96488 0 71 96492 0 77 96550 0 90 96550 0 91 96550 0 92 96553 0 53 96569 0 51 96577 0 54 96587 0 52 96705 0 51 96712 0 53 96734 0 54 96743 0 52 96886 0 54 96891 0 53 96895 0 51 96912 0 52 96933 0 66 96934 0 67 96942 0 79 96947 0 62 96948 0 63 96950 0 60 96950 0 61 96953 0 77 96956 0 76 96964 0 90 96964 0 91 96964 0 92 96966 0 79 96977 0 77 96980 0 76 96987 0 70 96987 0 75 96988 0 68 96988 0 69 96988 0 71 96989 0 
TIME iteration: 301 ms
Round:183
IR: 185, 227, 262, 131, 199
96993 0 79 97004 0 77 97007 0 76 97028 0 79 97037 0 77 97041 0 76 97042 0 51 97058 0 54 97075 0 52 97080 0 90 97080 0 91 97080 0 92 97104 0 77 97117 0 76 97147 0 53 97189 0 51 97198 0 54 97243 0 52 97324 0 54 97335 0 51 97389 0 53 97392 0 52 97464 0 63 97469 0 62 97473 0 77 97477 0 54 97484 0 51 97484 0 66 97485 0 67 97491 0 79 97493 0 60 97494 0 61 97496 0 90 97496 0 91 97496 0 92 97497 0 77 97499 0 70 97500 0 71 97500 0 76 97505 0 53 97515 0 
TIME iteration: 300 ms
Round:184
IR: 294, 325, 260, 321, 224
97521 0 74 97521 0 75 97524 0 76 97524 0 77 97527 0 68 97527 0 69 97532 0 52 97542 0 79 97551 0 76 97558 0 77 97576 0 79 97585 0 76 97610 0 90 97610 0 91 97610 0 92 97624 0 51 97638 0 77 97650 0 53 97655 0 54 97666 0 76 97683 0 52 97739 0 53 97749 0 51 97810 0 52 97821 0 54 97846 0 53 97873 0 51 97899 0 64 97899 0 65 97907 0 78 97926 0 90 97926 0 91 97926 0 92 97931 0 78 97958 0 78 97969 0 52 97992 0 78 97993 0 72 97996 0 53 98000 0 73 98022 0 
TIME iteration: 300 ms
Round:185
IR: 190, 320, 232, 186, 98
98081 0 51 98141 0 52 98199 0 54 98222 0 51 98222 0 53 98287 0 65 98288 0 64 98291 0 78 98314 0 78 98314 0 90 98314 0 91 98314 0 92 98316 0 72 98318 0 73 98333 0 54 98340 0 78 98372 0 78 98373 0 51 98396 0 53 98400 0 52 98427 0 78 98469 0 54 98519 0 53 98552 0 
TIME iteration: 299 ms
Round:186
IR: 208, 197, 231, 262, 134
98600 0 51 98621 0 54 98673 0 67 98676 0 66 98683 0 79 98684 0 52 98695 0 53 98701 0 90 98701 0 91 98701 0 92 98707 0 79 98734 0 79 98739 0 75 98743 0 54 98744 0 51 98744 0 74 98769 0 79 98817 0 52 98828 0 53 98847 0 54 98863 0 51 98971 0 52 98975 0 53 98995 0 54 99006 0 66 99006 0 67 99009 0 51 99009 0 79 99029 0 75 99030 0 74 99031 0 90 99031 0 91 99031 0 92 99032 0 79 99058 0 79 99090 0 
TIME iteration: 310 ms
Round:187
IR: 211, 203, 327, 452, 180
99142 0 54 99147 0 79 99173 0 51 99176 0 53 99205 0 52 99213 0 58 99247 0 58 99276 0 86 99276 0 87 99278 0 58 99281 0 54 99308 0 58 99316 0 51 99338 0 58 99361 0 66 99365 0 53 99365 0 67 99368 0 58 99368 0 79 99380 0 75 99381 0 74 99387 0 86 99387 0 87 99388 0 90 99388 0 91 99388 0 92 99392 0 79 99398 0 58 99418 0 79 99428 0 52 99428 0 58 99442 0 54 99450 0 51 99451 0 79 99454 0 75 99455 0 74 99456 0 58 99483 0 53 99483 0 58 99497 0 86 99497 0 87 99510 0 58 99518 0 79 99537 0 58 99543 0 52 99564 0 58 99591 0 58 99598 0 54 99607 0 86 99607 0 87 99618 0 58 99638 0 
TIME iteration: 300 ms
Round:188
IR: 295, 320, 200, 217, 322
99642 0 66 99643 0 67 99645 0 58 99646 0 79 99656 0 53 99663 0 74 99664 0 75 99666 0 90 99666 0 91 99666 0 92 99669 0 79 99679 0 58 99691 0 52 99695 0 79 99724 0 86 99724 0 87 99727 0 79 99741 0 54 99744 0 58 99750 0 51 99763 0 74 99763 0 75 99786 0 79 99852 0 52 99853 0 51 99872 0 54 99879 0 53 99889 0 66 99889 0 67 99892 0 79 99909 0 74 99909 0 75 99912 0 90 99912 0 91 99912 0 92 99915 0 79 99941 0 79 99961 0 51 99973 0 79 99992 0 52 99993 0 75 99994 0 74 100029 0 79 100050 0 53 100096 0 54 100153 0 
TIME iteration: 300 ms
Round:189
IR: 255, 232, 303, 531, 268
100171 0 53 100185 0 51 100236 0 54 100242 0 66 100242 0 67 100247 0 79 100255 0 58 100267 0 90 100267 0 91 100267 0 92 100269 0 74 100269 0 75 100271 0 79 100294 0 58 100296 0 86 100296 0 87 100298 0 79 100329 0 53 100330 0 58 100331 0 79 100357 0 54 100365 0 58 100397 0 52 100399 0 58 100407 0 86 100407 0 87 100413 0 79 100430 0 58 100436 0 51 100456 0 54 100460 0 58 100488 0 58 100516 0 58 100519 0 86 100519 0 87 100544 0 58 100557 0 52 100573 0 58 100576 0 54 100578 0 66 100578 0 67 100583 0 79 100584 0 51 100586 0 53 100594 0 74 100594 0 75 100602 0 58 100603 0 90 100603 0 91 100603 0 92 100607 0 79 100631 0 58 100632 0 86 100632 0 87 100634 0 79 100660 0 58 100660 0 75 100661 0 74 100667 0 79 100689 0 58 100697 0 
TIME iteration: 301 ms
Round:190
IR: 335, 273, 239, 220, 119
100722 0 58 100738 0 51 100739 0 79 100744 0 86 100744 0 87 100776 0 58 100790 0 52 100830 0 53 100901 0 54 100926 0 51 100927 0 67 100928 0 66 100932 0 79 100951 0 53 100953 0 74 100953 0 90 100953 0 91 100953 0 92 100954 0 75 100956 0 79 100957 0 52 100982 0 79 101015 0 79 101032 0 54 101078 0 79 101080 0 52 101100 0 51 101125 0 53 101146 0 54 101211 0 52 101227 0 
TIME iteration: 300 ms
Round:191
IR: 300, 262, 291, 312, 132
101281 0 53 101320 0 54 101329 0 66 101330 0 67 101335 0 79 101351 0 74 101351 0 75 101353 0 64 101355 0 65 101356 0 90 101356 0 91 101356 0 92 101359 0 79 101362 0 78 101386 0 78 101386 0 79 101398 0 51 101404 0 53 101413 0 78 101419 0 79 101446 0 52 101447 0 78 101450 0 73 101453 0 72 101478 0 90 101478 0 91 101478 0 92 101504 0 79 101527 0 53 101543 0 54 101616 0 51 101632 0 52 101644 0 54 101678 0 53 101752 0 
TIME iteration: 300 ms
Round:192
IR: 243, 241, 157, 211, 225
101760 0 51 101791 0 54 101821 0 66 101823 0 67 101828 0 79 101837 0 53 101849 0 74 101849 0 75 101851 0 90 101851 0 91 101851 0 92 101852 0 79 101879 0 79 101880 0 51 101913 0 79 101928 0 54 101943 0 52 101981 0 53 102007 0 51 102068 0 54 102085 0 52 102140 0 53 102157 0 51 102198 0 52 102201 0 60 102202 0 61 102210 0 76 102212 0 63 102213 0 62 102220 0 54 102221 0 77 102228 0 66 102228 0 90 102228 0 91 102228 0 92 102234 0 76 102237 0 79 102245 0 77 102261 0 76 102266 0 79 102272 0 77 102282 0 
TIME iteration: 300 ms
Round:193
IR: 275, 261, 291, 456, 273
102294 0 68 102296 0 69 102296 0 76 102307 0 77 102308 0 79 102321 0 71 102327 0 54 102346 0 90 102346 0 91 102346 0 92 102350 0 51 102377 0 52 102387 0 58 102413 0 53 102425 0 58 102447 0 86 102447 0 87 102460 0 58 102493 0 58 102494 0 51 102503 0 52 102505 0 54 102524 0 58 102528 0 53 102554 0 58 102559 0 86 102559 0 87 102583 0 58 102611 0 58 102626 0 54 102631 0 51 102634 0 52 102639 0 58 102644 0 53 102667 0 58 102670 0 86 102670 0 87 102692 0 61 102695 0 58 102700 0 60 102701 0 76 102722 0 58 102725 0 76 102725 0 90 102725 0 91 102725 0 92 102732 0 69 102733 0 68 102750 0 58 102751 0 76 102768 0 51 102768 0 54 102778 0 58 102779 0 53 102781 0 86 102781 0 87 102784 0 76 102790 0 52 102806 0 
TIME iteration: 300 ms
Round:194
IR: 262, 122, 107, 309, 225
102837 0 58 102846 0 76 102882 0 58 102892 0 86 102892 0 87 102901 0 51 102903 0 53 102912 0 54 102923 0 52 103021 0 53 103097 0 53 103101 0 52 103118 0 54 103139 0 51 103155 0 67 103156 0 66 103164 0 79 103166 0 60 103166 0 61 103172 0 76 103183 0 90 103183 0 91 103183 0 92 103188 0 79 103190 0 53 103195 0 68 103195 0 69 103196 0 76 103211 0 74 103211 0 75 103215 0 79 103223 0 76 103250 0 79 103257 0 76 103265 0 51 103277 0 52 103285 0 53 103312 0 90 103312 0 91 103312 0 92 103333 0 
TIME iteration: 300 ms
Round:195
IR: 380, 160, 140, 199, 215
103372 0 54 103381 0 51 103395 0 53 103398 0 52 103497 0 51 103499 0 54 103534 0 53 103552 0 52 103660 0 53 103674 0 64 103674 0 65 103682 0 78 103683 0 54 103696 0 51 103704 0 90 103704 0 91 103704 0 92 103706 0 78 103733 0 78 103756 0 52 103761 0 72 103765 0 73 103767 0 78 103798 0 53 103826 0 
TIME iteration: 300 ms
Round:196
IR: 185, 334, 220, 194, 29
103900 0 54 103919 0 53 103931 0 52 103957 0 64 103958 0 65 103960 0 78 103978 0 72 103979 0 73 103982 0 90 103982 0 91 103982 0 92 103983 0 78 103985 0 51 104009 0 78 104041 0 78 104075 0 54 104075 0 72 104094 0 78 104106 0 53 104133 0 51 104136 0 52 104215 0 53 104244 0 64 104244 0 65 104247 0 78 104255 0 73 104266 0 54 104266 0 72 104268 0 90 104268 0 91 104268 0 92 104270 0 78 104273 0 52 104296 0 78 104310 0 51 104310 0 73 104328 0 78 104367 0 53 104382 0 78 104403 0 
TIME iteration: 300 ms
Round:197
IR: 190, 149, 136, 215, 316
104426 0 51 104490 0 53 104503 0 52 104540 0 54 104542 0 65 104543 0 64 104546 0 78 104555 0 72 104563 0 73 104566 0 90 104566 0 91 104566 0 92 104569 0 78 104595 0 78 104601 0 51 104614 0 72 104615 0 53 104627 0 78 104680 0 54 104682 0 78 104742 0 51 104767 0 53 104770 0 52 104828 0 54 104847 0 51 104884 0 61 104885 0 60 104893 0 76 104908 0 53 104909 0 90 104909 0 91 104909 0 92 104917 0 
TIME iteration: 300 ms
Round:198
IR: 196, 170, 195, 223, 114
104944 0 76 104950 0 54 104964 0 69 104971 0 68 104979 0 76 105033 0 53 105049 0 52 105069 0 51 105116 0 54 105180 0 53 105274 0 52 105308 0 54 105333 0 53 105336 0 65 105337 0 64 105343 0 66 105344 0 67 105344 0 78 105352 0 79 105364 0 90 105364 0 91 105364 0 92 105368 0 78 105372 0 51 105376 0 79 105381 0 73 105388 0 72 105395 0 78 105403 0 79 105429 0 78 105434 0 75 105436 0 74 105438 0 
TIME iteration: 301 ms
Round:199
IR: 202, 270, 267, 290, 14
105484 0 54 105495 0 90 105495 0 91 105495 0 92 105497 0 51 105508 0 53 105539 0 52 105619 0 51 105657 0 53 105668 0 54 105699 0 52 105750 0 51 105774 0 53 105810 0 52 105830 0 64 105834 0 65 105837 0 78 105845 0 63 105847 0 62 105854 0 77 105861 0 78 105861 0 90 105861 0 91 105861 0 92 105863 0 73 105864 0 72 105878 0 77 105888 0 78 105905 0 77 105911 0 54 105916 0 53 105921 0 78 105938 0 71 105939 0 77 105942 0 70 105951 0 52 105953 0 51 105986 0 78 105989 0 90 105989 0 91 105989 0 
TIME iteration: 301 ms
