Round:0
IR: 0, 0, 0, 0, 0
303 0 53 371 0 54 419 0 52 480 0 51 495 0 53 517 0 64 519 0 65 527 0 
TIME iteration: 436 ms
Round:1
IR: 0, 0, 0, 0, 0
551 0 78 556 0 54 559 0 90 559 0 91 559 0 92 578 0 78 593 0 52 613 0 78 709 0 53 738 0 51 747 0 54 840 0 52 850 0 53 875 0 51 910 0 54 973 0 52 973 0 66 974 0 67 982 0 79 1002 0 63 1002 0 90 1002 0 91 1002 0 92 1006 0 79 1014 0 51 1020 0 77 1033 0 79 1034 0 54 1051 0 53 1052 0 
TIME iteration: 300 ms
Round:2
IR: 0, 0, 0, 0, 0
1068 0 79 1082 0 75 1088 0 74 1107 0 77 1108 0 51 1142 0 90 1142 0 91 1142 0 92 1165 0 52 1172 0 54 1205 0 53 1219 0 51 1272 0 52 1285 0 54 1314 0 53 1351 0 51 1418 0 54 1420 0 52 1437 0 53 1461 0 66 1463 0 67 1465 0 64 1466 0 65 1468 0 79 1473 0 78 1488 0 90 1488 0 91 1488 0 92 1492 0 79 1497 0 78 1498 0 75 1499 0 74 1500 0 51 1519 0 79 1520 0 73 1521 0 72 1524 0 78 1535 0 54 1553 0 79 1558 0 78 1568 0 
TIME iteration: 299 ms
Round:3
IR: 0, 0, 0, 0, 0
1598 0 53 1619 0 90 1619 0 91 1619 0 92 1685 0 51 1723 0 53 1730 0 52 1831 0 54 1838 0 53 1870 0 51 1878 0 52 1975 0 53 1984 0 64 1984 0 65 1989 0 78 2013 0 78 2014 0 90 2014 0 91 2014 0 92 2015 0 52 2019 0 72 2020 0 73 2040 0 78 2056 0 54 2060 0 51 2073 0 78 2107 0 
TIME iteration: 299 ms
Round:4
IR: 0, 0, 0, 0, 0
2139 0 78 2191 0 52 2202 0 51 2239 0 53 2267 0 54 2367 0 54 2370 0 52 2397 0 66 2397 0 67 2405 0 79 2424 0 90 2424 0 91 2424 0 92 2429 0 79 2450 0 53 2451 0 74 2453 0 75 2456 0 79 2484 0 52 2491 0 79 2510 0 54 2511 0 51 2575 0 53 2579 0 
TIME iteration: 299 ms
Round:5
IR: 0, 0, 0, 0, 0
2658 0 51 2703 0 54 2716 0 53 2766 0 64 2766 0 65 2773 0 78 2781 0 52 2792 0 51 2792 0 90 2792 0 91 2792 0 92 2797 0 78 2815 0 72 2816 0 73 2824 0 78 2853 0 54 2858 0 78 2881 0 51 2881 0 53 2987 0 51 3017 0 54 3038 0 53 3044 0 52 3122 0 51 3129 0 60 3129 0 61 3137 0 76 3154 0 90 3154 0 91 3154 0 92 3161 0 76 3165 0 52 3176 0 
TIME iteration: 299 ms
Round:6
IR: 0, 0, 0, 0, 0
3187 0 54 3188 0 76 3218 0 69 3221 0 68 3222 0 76 3284 0 52 3319 0 51 3330 0 54 3369 0 53 3388 0 52 3423 0 51 3441 0 60 3443 0 61 3445 0 76 3457 0 63 3460 0 62 3465 0 68 3466 0 69 3466 0 90 3466 0 91 3466 0 92 3467 0 77 3468 0 76 3491 0 77 3492 0 51 3494 0 76 3518 0 77 3525 0 53 3526 0 76 3528 0 54 3537 0 52 3552 0 71 3553 0 77 3554 0 70 3580 0 76 3581 0 51 3590 0 90 3590 0 91 3590 0 92 3665 0 53 3700 0 54 3702 0 52 3709 0 
TIME iteration: 299 ms
Round:7
IR: 0, 0, 0, 0, 0
3803 0 53 3846 0 52 3867 0 54 3881 0 51 3957 0 54 3968 0 67 3969 0 66 3973 0 52 3977 0 79 3979 0 63 3980 0 62 3985 0 77 3996 0 53 3998 0 90 3998 0 91 3998 0 92 4001 0 79 4009 0 77 4019 0 70 4019 0 71 4028 0 79 4036 0 77 4047 0 75 4049 0 51 4051 0 74 4063 0 79 4069 0 77 4128 0 90 4128 0 91 4128 0 92 4136 0 77 4145 0 53 4149 0 54 4157 0 
TIME iteration: 299 ms
Round:8
IR: 0, 0, 0, 0, 0
4240 0 51 4291 0 52 4315 0 53 4336 0 54 4427 0 52 4475 0 62 4475 0 63 4476 0 53 4481 0 77 4483 0 54 4505 0 77 4505 0 90 4505 0 91 4505 0 92 4506 0 70 4506 0 71 4526 0 51 4532 0 77 4566 0 77 4602 0 53 4618 0 52 4638 0 51 4642 0 77 4684 0 54 4737 0 53 4745 0 
TIME iteration: 299 ms
Round:9
IR: 0, 0, 0, 0, 0
4800 0 51 4856 0 53 4865 0 60 4865 0 64 4865 0 65 4870 0 61 4873 0 78 4876 0 76 4884 0 52 4885 0 63 4886 0 62 4889 0 90 4889 0 91 4889 0 92 4891 0 77 4897 0 78 4899 0 54 4900 0 76 4908 0 70 4909 0 71 4915 0 77 4924 0 78 4927 0 76 4938 0 68 4942 0 77 4946 0 51 4947 0 69 4955 0 72 4956 0 73 4958 0 78 4962 0 76 4975 0 77 4988 0 53 5004 0 90 5004 0 91 5004 0 92 5042 0 77 5087 0 52 5087 0 53 5105 0 51 5181 0 54 5214 0 52 5223 0 
TIME iteration: 299 ms
Round:10
IR: 0, 0, 0, 0, 0
5309 0 53 5339 0 51 5349 0 61 5350 0 60 5355 0 76 5378 0 90 5378 0 91 5378 0 92 5379 0 76 5383 0 68 5384 0 69 5392 0 54 5406 0 76 5426 0 52 5439 0 76 5494 0 53 5506 0 76 5535 0 51 5585 0 54 5598 0 52 5614 0 53 5703 0 52 5721 0 51 5731 0 62 5731 0 63 5739 0 77 5748 0 53 5756 0 65 5757 0 90 5757 0 91 5757 0 92 5763 0 77 5772 0 78 5778 0 70 5780 0 71 5783 0 54 5790 0 77 5803 0 78 5817 0 51 5824 0 
TIME iteration: 299 ms
Round:11
IR: 0, 0, 0, 0, 0
5838 0 52 5854 0 78 5896 0 90 5896 0 91 5896 0 92 5919 0 53 5938 0 54 5983 0 51 5995 0 52 6034 0 53 6043 0 54 6139 0 53 6146 0 54 6157 0 52 6165 0 51 6189 0 66 6191 0 67 6199 0 79 6203 0 65 6205 0 64 6210 0 78 6219 0 90 6219 0 91 6219 0 92 6223 0 79 6231 0 54 6234 0 78 6241 0 73 6242 0 72 6250 0 79 6261 0 53 6261 0 78 6276 0 74 6279 0 75 6285 0 79 6295 0 78 6303 0 52 6323 0 54 6347 0 90 6347 0 91 6347 0 92 6351 0 
TIME iteration: 299 ms
Round:12
IR: 0, 0, 0, 0, 0
6370 0 78 6384 0 53 6453 0 52 6518 0 54 6524 0 51 6572 0 53 6583 0 52 6651 0 51 6714 0 61 6721 0 60 6726 0 76 6744 0 54 6748 0 90 6748 0 91 6748 0 92 6750 0 76 6768 0 53 6777 0 52 6777 0 76 6789 0 69 6790 0 68 6806 0 51 6811 0 
TIME iteration: 299 ms
Round:13
IR: 0, 0, 0, 0, 0
6898 0 53 6915 0 52 6945 0 54 6960 0 51 7001 0 53 7030 0 52 7053 0 65 7055 0 64 7062 0 78 7071 0 54 7073 0 62 7073 0 63 7079 0 90 7079 0 91 7079 0 92 7081 0 77 7084 0 51 7086 0 78 7101 0 53 7105 0 72 7105 0 77 7107 0 73 7113 0 78 7132 0 77 7145 0 70 7147 0 78 7148 0 71 7166 0 77 7202 0 90 7202 0 91 7202 0 92 7217 0 53 7235 0 52 7252 0 51 7376 0 
TIME iteration: 299 ms
Round:14
IR: 0, 0, 0, 0, 0
7431 0 52 7456 0 51 7480 0 53 7586 0 54 7622 0 51 7629 0 52 7630 0 53 7653 0 61 7654 0 60 7661 0 76 7667 0 63 7668 0 65 7669 0 62 7669 0 64 7674 0 77 7675 0 78 7684 0 90 7684 0 91 7684 0 92 7685 0 76 7698 0 77 7699 0 78 7708 0 72 7709 0 70 7709 0 73 7710 0 71 7712 0 76 7713 0 68 7715 0 69 7725 0 77 7726 0 78 7737 0 54 7746 0 76 7759 0 77 7760 0 78 7768 0 51 7779 0 52 7800 0 90 7800 0 91 7800 0 92 7835 0 77 7841 0 78 7857 0 54 7894 0 53 7927 0 51 7931 0 
TIME iteration: 300 ms
Round:15
IR: 0, 0, 0, 0, 0
8039 0 53 8044 0 54 8056 0 51 8062 0 52 8156 0 54 8162 0 51 8166 0 61 8167 0 60 8172 0 76 8181 0 66 8181 0 67 8183 0 53 8190 0 79 8196 0 76 8196 0 90 8196 0 91 8196 0 92 8203 0 68 8203 0 69 8214 0 79 8218 0 52 8223 0 76 8236 0 51 8241 0 79 8255 0 54 8256 0 76 8267 0 75 8276 0 74 8276 0 79 8323 0 76 8325 0 90 8325 0 91 8325 0 92 8333 0 53 8345 0 51 8347 0 52 8355 0 54 8462 0 53 8467 0 
TIME iteration: 299 ms
Round:16
IR: 0, 0, 0, 0, 0
8526 0 54 8547 0 52 8586 0 51 8641 0 60 8641 0 61 8647 0 76 8658 0 53 8669 0 68 8670 0 69 8670 0 90 8670 0 91 8670 0 92 8671 0 76 8676 0 54 8684 0 52 8698 0 76 8732 0 76 8778 0 51 8782 0 53 8806 0 52 8808 0 76 8839 0 54 8952 0 51 8956 0 52 8976 0 
TIME iteration: 300 ms
Round:17
IR: 0, 0, 0, 0, 0
9023 0 62 9028 0 63 9034 0 77 9045 0 54 9052 0 90 9052 0 91 9052 0 92 9053 0 52 9058 0 77 9085 0 77 9097 0 71 9100 0 70 9110 0 51 9113 0 53 9120 0 77 9176 0 54 9245 0 52 9295 0 53 9335 0 51 9410 0 54 9463 0 52 9470 0 53 9487 0 63 9488 0 62 9492 0 77 9494 0 64 9494 0 65 9502 0 78 9515 0 90 9515 0 91 9515 0 92 9516 0 77 9521 0 70 9521 0 71 9522 0 51 9526 0 
TIME iteration: 299 ms
Round:18
IR: 0, 0, 0, 0, 0
9542 0 77 9553 0 78 9575 0 77 9576 0 72 9585 0 73 9587 0 78 9601 0 54 9620 0 52 9636 0 77 9638 0 53 9643 0 51 9646 0 90 9646 0 91 9646 0 92 9737 0 52 9777 0 53 9783 0 51 9833 0 52 9852 0 54 9978 0 52 9991 0 62 9991 0 63 9997 0 77 10001 0 51 10008 0 53 10021 0 54 10021 0 71 10021 0 77 10021 0 90 10021 0 91 10021 0 92 10022 0 70 10048 0 
TIME iteration: 299 ms
Round:19
IR: 0, 0, 0, 0, 0
10082 0 77 10132 0 53 10158 0 77 10177 0 52 10215 0 51 10221 0 54 10271 0 53 10331 0 51 10340 0 54 10387 0 53 10392 0 64 10392 0 65 10397 0 66 10398 0 67 10399 0 78 10402 0 61 10403 0 60 10406 0 79 10407 0 52 10411 0 76 10418 0 90 10418 0 91 10418 0 92 10423 0 78 10430 0 79 10435 0 76 10449 0 51 10450 0 73 10450 0 78 10451 0 72 10457 0 79 10462 0 76 10479 0 68 10484 0 78 10487 0 69 10488 0 74 10489 0 75 10492 0 79 10497 0 76 10532 0 54 10534 0 90 10534 0 91 10534 0 92 10541 0 
TIME iteration: 299 ms
Round:20
IR: 0, 0, 0, 0, 0
10655 0 52 10656 0 53 10681 0 51 10713 0 54 10792 0 53 10801 0 51 10815 0 52 10893 0 54 10909 0 53 10910 0 64 10910 0 65 10915 0 78 10939 0 78 10939 0 90 10939 0 91 10939 0 92 10945 0 73 10946 0 72 10966 0 78 10994 0 54 10999 0 78 11021 0 53 11028 0 51 11044 0 52 11065 0 
TIME iteration: 299 ms
Round:21
IR: 0, 0, 0, 0, 0
11139 0 53 11148 0 52 11199 0 54 11243 0 51 11251 0 53 11252 0 64 11253 0 65 11257 0 78 11264 0 52 11271 0 72 11272 0 73 11277 0 62 11277 0 63 11278 0 90 11278 0 91 11278 0 92 11281 0 78 11285 0 77 11307 0 78 11309 0 77 11314 0 54 11336 0 77 11340 0 78 11344 0 53 11344 0 71 11347 0 70 11348 0 72 11356 0 73 11370 0 77 11400 0 90 11400 0 91 11400 0 92 11401 0 78 11429 0 51 11430 0 52 11437 0 54 11486 0 53 11583 0 54 11636 0 
TIME iteration: 299 ms
Round:22
IR: 0, 0, 0, 0, 0
11682 0 53 11719 0 52 11746 0 54 11788 0 67 11789 0 66 11797 0 79 11818 0 90 11818 0 91 11818 0 92 11821 0 79 11825 0 51 11834 0 52 11848 0 79 11861 0 74 11866 0 75 11883 0 79 11894 0 53 11930 0 54 12005 0 53 12010 0 51 12051 0 52 12059 0 54 12105 0 66 12105 0 67 12108 0 79 12128 0 74 12128 0 75 12130 0 90 12130 0 91 12130 0 92 12131 0 79 12144 0 51 12157 0 79 12175 0 52 12177 0 53 12189 0 
TIME iteration: 299 ms
Round:23
IR: 0, 0, 0, 0, 0
12236 0 51 12238 0 54 12245 0 79 12336 0 53 12374 0 52 12383 0 54 12407 0 51 12505 0 53 12534 0 54 12536 0 52 12537 0 64 12538 0 65 12538 0 66 12538 0 67 12544 0 79 12546 0 78 12561 0 74 12561 0 75 12561 0 90 12561 0 91 12561 0 92 12568 0 79 12570 0 78 12594 0 51 12595 0 79 12597 0 78 12609 0 73 12612 0 72 12629 0 79 12632 0 78 12649 0 52 12688 0 53 12691 0 90 12691 0 91 12691 0 
TIME iteration: 299 ms
Round:24
IR: 0, 0, 0, 0, 0
12754 0 51 12806 0 54 12839 0 52 12886 0 53 12917 0 51 12922 0 54 13027 0 53 13036 0 51 13047 0 52 13062 0 60 13062 0 61 13070 0 76 13085 0 65 13086 0 64 13091 0 78 13092 0 90 13092 0 91 13092 0 92 13094 0 76 13115 0 78 13121 0 76 13124 0 72 13124 0 73 13138 0 54 13142 0 78 13150 0 69 13151 0 68 13155 0 76 13175 0 78 13186 0 53 13206 0 51 13217 0 90 13217 0 91 13217 0 92 13237 0 52 13242 0 
TIME iteration: 299 ms
Round:25
IR: 0, 0, 0, 0, 0
13314 0 54 13325 0 51 13342 0 53 13392 0 52 13460 0 53 13480 0 51 13491 0 54 13549 0 52 13592 0 53 13597 0 64 13597 0 65 13601 0 51 13603 0 78 13605 0 60 13606 0 61 13607 0 62 13607 0 63 13611 0 76 13615 0 77 13626 0 90 13626 0 91 13626 0 92 13627 0 78 13628 0 72 13628 0 73 13635 0 76 13639 0 77 13645 0 68 13645 0 69 13652 0 54 13654 0 78 13662 0 76 13666 0 77 13688 0 78 13692 0 70 13695 0 76 13699 0 71 13700 0 77 13738 0 51 13743 0 90 13743 0 91 13743 0 92 13762 0 76 13764 0 78 13767 0 
TIME iteration: 299 ms
Round:26
IR: 0, 0, 0, 0, 0
13830 0 54 13842 0 53 13860 0 51 13945 0 52 13968 0 54 14011 0 53 14042 0 51 14124 0 54 14144 0 67 14145 0 66 14152 0 52 14153 0 79 14169 0 53 14174 0 90 14174 0 91 14174 0 92 14177 0 79 14204 0 79 14221 0 74 14222 0 75 14239 0 
TIME iteration: 298 ms
Round:27
IR: 0, 0, 0, 0, 0
14318 0 51 14327 0 54 14329 0 52 14375 0 53 14481 0 54 14513 0 66 14514 0 67 14518 0 79 14535 0 52 14539 0 90 14539 0 91 14539 0 92 14541 0 74 14541 0 75 14542 0 79 14558 0 51 14569 0 79 14602 0 54 14602 0 79 14607 0 53 14668 0 79 14764 0 52 14771 0 53 14787 0 
TIME iteration: 299 ms
Round:28
IR: 0, 0, 0, 0, 0
14850 0 51 14889 0 52 14903 0 53 14926 0 65 14927 0 64 14935 0 78 14938 0 54 14942 0 62 14942 0 63 14948 0 67 14949 0 66 14950 0 77 14953 0 90 14953 0 91 14953 0 92 14954 0 79 14959 0 78 14972 0 74 14972 0 75 14974 0 77 14978 0 79 14986 0 78 14997 0 73 14999 0 72 15001 0 77 15005 0 79 15017 0 71 15021 0 70 15021 0 78 15029 0 52 15031 0 51 15035 0 77 15039 0 79 15067 0 90 15067 0 91 15067 0 92 15080 0 53 15089 0 54 15168 0 51 15174 0 52 15255 0 54 15260 0 53 15267 0 52 15274 0 
TIME iteration: 300 ms
Round:29
IR: 0, 0, 0, 0, 0
15371 0 52 15378 0 63 15379 0 62 15383 0 77 15384 0 54 15406 0 90 15406 0 91 15406 0 92 15407 0 77 15409 0 70 15410 0 71 15433 0 77 15441 0 53 15466 0 77 15471 0 51 15527 0 77 15536 0 52 15541 0 54 15603 0 53 15613 0 51 15676 0 54 15700 0 53 15721 0 52 15737 0 64 15737 0 65 15744 0 51 15744 0 78 15762 0 90 15762 0 91 15762 0 92 15768 0 78 15791 0 72 15792 0 73 15795 0 78 15814 0 53 15829 0 78 15844 0 54 15853 0 52 15895 0 
TIME iteration: 299 ms
Round:30
IR: 0, 0, 0, 0, 0
15990 0 52 15994 0 54 16055 0 51 16084 0 53 16191 0 54 16214 0 66 16214 0 67 16223 0 79 16242 0 90 16242 0 91 16242 0 92 16247 0 51 16247 0 79 16260 0 52 16270 0 53 16274 0 79 16286 0 75 16287 0 74 16309 0 79 16355 0 54 16370 0 
TIME iteration: 299 ms
Round:31
IR: 0, 0, 0, 0, 0
16434 0 51 16439 0 53 16484 0 52 16494 0 54 16537 0 66 16537 0 67 16540 0 53 16540 0 79 16553 0 62 16553 0 63 16560 0 74 16560 0 75 16561 0 51 16561 0 77 16562 0 90 16562 0 91 16562 0 92 16563 0 79 16585 0 77 16589 0 79 16612 0 77 16618 0 70 16618 0 71 16621 0 79 16632 0 54 16646 0 77 16663 0 52 16678 0 79 16686 0 90 16686 0 91 16686 0 92 16799 0 51 16842 0 54 16879 0 52 16884 0 53 16920 0 
TIME iteration: 300 ms
Round:32
IR: 0, 0, 0, 0, 0
17003 0 52 17021 0 53 17072 0 62 17072 0 63 17077 0 77 17085 0 54 17101 0 77 17102 0 90 17102 0 91 17102 0 92 17109 0 71 17110 0 70 17128 0 77 17153 0 52 17161 0 77 17176 0 51 17227 0 53 17227 0 77 17248 0 54 17262 0 51 17264 0 52 17359 0 51 17362 0 52 17376 0 63 17377 0 62 17380 0 77 17383 0 60 17383 0 61 17391 0 76 17392 0 71 17393 0 70 17401 0 90 17401 0 91 17401 0 92 17403 0 77 17408 0 53 17415 0 76 17429 0 77 17442 0 76 17459 0 71 17461 0 77 17462 0 70 17476 0 76 17478 0 68 17481 0 
TIME iteration: 300 ms
Round:33
IR: 0, 0, 0, 0, 0
17491 0 52 17516 0 77 17529 0 90 17529 0 91 17529 0 92 17543 0 53 17555 0 51 17587 0 54 17649 0 53 17687 0 52 17757 0 54 17763 0 51 17778 0 53 17856 0 54 17859 0 52 17874 0 64 17886 0 66 17886 0 67 17892 0 78 17895 0 79 17902 0 53 17903 0 65 17909 0 90 17909 0 91 17909 0 92 17915 0 78 17919 0 79 17933 0 51 17941 0 78 17946 0 79 17957 0 74 17959 0 75 17972 0 78 17981 0 79 17982 0 72 17984 0 73 18009 0 52 18011 0 54 18016 0 
TIME iteration: 328 ms
Round:34
IR: 0, 0, 0, 0, 0
18022 0 78 18037 0 90 18037 0 91 18037 0 92 18120 0 51 18149 0 54 18150 0 53 18152 0 52 18244 0 51 18290 0 53 18304 0 52 18366 0 51 18368 0 54 18386 0 60 18386 0 61 18394 0 76 18416 0 90 18416 0 91 18416 0 92 18418 0 76 18445 0 76 18449 0 69 18451 0 68 18454 0 53 18479 0 76 18508 0 51 18520 0 54 18526 0 
TIME iteration: 305 ms
Round:35
IR: 0, 0, 0, 0, 0
18616 0 53 18641 0 51 18681 0 52 18701 0 61 18706 0 60 18706 0 76 18725 0 69 18726 0 68 18728 0 90 18728 0 91 18728 0 92 18729 0 76 18735 0 54 18755 0 76 18757 0 53 18767 0 51 18787 0 76 18824 0 52 18840 0 76 18893 0 54 18942 0 51 19000 0 53 19048 0 52 19063 0 
TIME iteration: 300 ms
Round:36
IR: 0, 0, 0, 0, 0
19098 0 51 19118 0 60 19118 0 61 19123 0 76 19127 0 53 19129 0 66 19129 0 67 19138 0 79 19139 0 68 19139 0 69 19144 0 90 19144 0 91 19144 0 92 19147 0 76 19162 0 79 19174 0 76 19189 0 79 19200 0 51 19200 0 74 19200 0 75 19207 0 76 19211 0 52 19224 0 79 19228 0 68 19245 0 54 19271 0 90 19271 0 91 19271 0 92 19273 0 76 19299 0 53 19342 0 54 19355 0 51 19400 0 52 19441 0 51 19448 0 53 19493 0 54 19539 0 52 19557 0 51 19574 0 60 19574 0 61 19580 0 76 19596 0 54 19599 0 69 19603 0 90 19603 0 91 19603 0 92 19604 0 76 19608 0 
TIME iteration: 299 ms
Round:37
IR: 0, 0, 0, 0, 0
19631 0 76 19633 0 53 19636 0 51 19665 0 76 19684 0 52 19733 0 51 19741 0 76 19792 0 52 19802 0 54 19828 0 53 19836 0 51 19857 0 60 19859 0 61 19862 0 76 19868 0 69 19872 0 68 19882 0 90 19882 0 91 19882 0 92 19885 0 76 19904 0 52 19911 0 76 19923 0 69 19934 0 54 19934 0 68 19943 0 76 19998 0 76 20006 0 51 20053 0 54 20062 0 53 20080 0 
TIME iteration: 299 ms
Round:38
IR: 0, 0, 0, 0, 0
20164 0 51 20188 0 61 20189 0 60 20192 0 76 20194 0 53 20211 0 69 20212 0 68 20213 0 90 20213 0 91 20213 0 92 20214 0 54 20215 0 76 20241 0 76 20265 0 52 20273 0 76 20291 0 51 20328 0 76 20351 0 54 20425 0 53 20468 0 52 20469 0 54 20489 0 51 20553 0 67 20555 0 66 20563 0 79 20579 0 90 20579 0 91 20579 0 92 20581 0 53 20582 0 54 20587 0 79 20610 0 51 20614 0 79 20623 0 52 20629 0 75 20630 0 74 20649 0 
TIME iteration: 299 ms
Round:39
IR: 0, 0, 0, 0, 0
20715 0 53 20716 0 54 20758 0 51 20802 0 52 20825 0 53 20850 0 54 20869 0 66 20869 0 67 20872 0 79 20891 0 74 20893 0 75 20893 0 90 20893 0 91 20893 0 92 20895 0 79 20921 0 79 20953 0 79 20960 0 53 20980 0 51 20989 0 54 21010 0 79 21023 0 52 21096 0 53 21142 0 51 21163 0 
TIME iteration: 298 ms
Round:40
IR: 0, 0, 0, 0, 0
21205 0 52 21299 0 53 21308 0 54 21312 0 66 21312 0 67 21318 0 79 21325 0 64 21325 0 65 21331 0 51 21333 0 78 21335 0 74 21335 0 75 21339 0 90 21339 0 91 21339 0 92 21342 0 79 21357 0 78 21369 0 79 21384 0 78 21403 0 79 21413 0 73 21417 0 72 21418 0 78 21430 0 53 21437 0 54 21458 0 52 21466 0 90 21466 0 91 21466 0 92 21520 0 51 21569 0 54 21609 0 53 21655 0 52 21692 0 51 21695 0 54 21707 0 
TIME iteration: 299 ms
Round:41
IR: 0, 0, 0, 0, 0
21788 0 52 21831 0 51 21833 0 53 21835 0 64 21835 0 65 21840 0 78 21841 0 54 21851 0 66 21851 0 67 21857 0 79 21861 0 60 21861 0 61 21861 0 62 21863 0 63 21864 0 78 21865 0 90 21865 0 91 21865 0 92 21869 0 76 21870 0 77 21872 0 73 21873 0 72 21881 0 74 21881 0 75 21881 0 79 21891 0 78 21893 0 76 21894 0 77 21908 0 79 21920 0 76 21921 0 77 21924 0 78 21931 0 52 21940 0 68 21942 0 79 21943 0 69 21954 0 76 21955 0 77 21968 0 71 21975 0 90 21975 0 91 21975 0 92 21980 0 70 21990 0 78 21997 0 53 22019 0 54 22039 0 51 22066 0 52 22244 0 
TIME iteration: 299 ms
Round:42
IR: 0, 0, 0, 0, 0
22266 0 51 22268 0 53 22300 0 54 22387 0 51 22402 0 53 22405 0 61 22406 0 52 22406 0 60 22411 0 76 22414 0 62 22414 0 63 22420 0 77 22434 0 90 22434 0 91 22434 0 92 22435 0 76 22443 0 54 22443 0 69 22444 0 68 22444 0 77 22455 0 70 22455 0 71 22462 0 76 22471 0 77 22495 0 76 22505 0 77 22558 0 53 22561 0 51 22562 0 76 22565 0 90 22565 0 91 22565 0 92 22581 0 77 22625 0 52 22676 0 53 22754 0 52 22754 0 54 22778 0 53 22782 0 
TIME iteration: 298 ms
Round:43
IR: 0, 0, 0, 0, 0
22893 0 52 22913 0 53 22918 0 54 22920 0 64 22920 0 65 22922 0 63 22923 0 62 22928 0 78 22929 0 77 22943 0 51 22946 0 90 22946 0 91 22946 0 92 22952 0 78 22953 0 77 22955 0 70 22955 0 71 22979 0 78 22980 0 77 22984 0 72 22984 0 73 23007 0 52 23013 0 78 23014 0 77 23031 0 54 23066 0 53 23077 0 90 23077 0 91 23077 0 92 23095 0 77 23097 0 52 23154 0 54 23167 0 51 23174 0 53 23229 0 52 23278 0 53 23283 0 
TIME iteration: 298 ms
Round:44
IR: 0, 0, 0, 0, 0
23332 0 51 23362 0 52 23389 0 53 23397 0 64 23397 0 65 23402 0 78 23412 0 62 23412 0 63 23418 0 77 23421 0 54 23426 0 78 23426 0 90 23426 0 91 23426 0 92 23430 0 72 23430 0 73 23440 0 71 23441 0 70 23442 0 77 23453 0 78 23469 0 77 23486 0 78 23503 0 77 23510 0 52 23521 0 51 23548 0 54 23552 0 78 23554 0 90 23554 0 91 23554 0 92 23562 0 53 23579 0 77 23672 0 51 23695 0 52 23761 0 54 23767 0 53 23789 0 51 23835 0 
TIME iteration: 298 ms
Round:45
IR: 0, 0, 0, 0, 0
23897 0 54 23909 0 53 23916 0 51 23924 0 60 23924 0 61 23932 0 76 23954 0 90 23954 0 91 23954 0 92 23956 0 76 23983 0 76 23998 0 69 24000 0 68 24017 0 76 24048 0 51 24059 0 52 24083 0 53 24221 0 54 24223 0 51 24264 0 53 24273 0 60 24274 0 61 24277 0 76 24285 0 52 24298 0 68 24298 0 69 24299 0 90 24299 0 91 24299 0 92 24300 0 76 24326 0 76 24358 0 76 24376 0 
TIME iteration: 298 ms
Round:46
IR: 0, 0, 0, 0, 0
24395 0 54 24413 0 76 24432 0 53 24452 0 52 24524 0 54 24558 0 51 24569 0 52 24585 0 53 24657 0 62 24658 0 63 24666 0 77 24683 0 90 24683 0 91 24683 0 92 24690 0 54 24690 0 77 24697 0 52 24717 0 77 24722 0 71 24727 0 70 24752 0 77 24755 0 53 24757 0 51 24818 0 52 24875 0 51 24878 0 
TIME iteration: 298 ms
Round:47
IR: 0, 0, 0, 0, 0
24920 0 54 24934 0 52 24953 0 62 24953 0 63 24955 0 77 24973 0 70 24973 0 71 24977 0 90 24977 0 91 24977 0 92 24978 0 77 24992 0 51 25004 0 77 25035 0 77 25044 0 53 25047 0 54 25053 0 71 25056 0 70 25086 0 77 25115 0 51 25157 0 53 25185 0 54 25208 0 52 25222 0 51 25281 0 60 25281 0 61 25289 0 76 25297 0 54 25306 0 90 25306 0 91 25306 0 92 25313 0 76 25317 0 51 25337 0 69 25339 0 68 25340 0 76 25361 0 52 25374 0 76 25407 0 
TIME iteration: 298 ms
Round:48
IR: 0, 0, 0, 0, 0
25506 0 51 25515 0 54 25545 0 52 25547 0 53 25679 0 53 25681 0 54 25693 0 64 25693 0 65 25701 0 78 25713 0 51 25715 0 52 25719 0 90 25719 0 91 25719 0 92 25725 0 78 25752 0 78 25779 0 73 25786 0 78 25787 0 72 25848 0 52 25861 0 53 25887 0 54 25890 0 
TIME iteration: 298 ms
Round:49
IR: 0, 0, 0, 0, 0
26023 0 51 26048 0 52 26066 0 53 26095 0 60 26095 0 61 26096 0 65 26097 0 64 26101 0 78 26102 0 76 26104 0 54 26119 0 90 26119 0 91 26119 0 92 26125 0 78 26126 0 73 26126 0 76 26128 0 72 26146 0 68 26148 0 69 26151 0 78 26153 0 76 26174 0 51 26184 0 78 26187 0 76 26218 0 53 26245 0 78 26249 0 90 26249 0 91 26249 0 92 26266 0 52 26289 0 51 26299 0 54 26410 0 52 26426 0 51 26458 0 
TIME iteration: 298 ms
Round:50
IR: 0, 0, 0, 0, 0
26530 0 54 26592 0 52 26593 0 53 26650 0 51 26663 0 63 26665 0 62 26668 0 65 26669 0 64 26672 0 54 26672 0 77 26675 0 78 26692 0 90 26692 0 91 26692 0 92 26696 0 77 26699 0 78 26702 0 73 26704 0 72 26723 0 77 26726 0 78 26728 0 53 26746 0 71 26748 0 70 26757 0 77 26760 0 78 26769 0 52 26801 0 51 26824 0 90 26824 0 91 26824 0 92 26841 0 78 26903 0 54 26907 0 52 26922 0 51 27015 0 
TIME iteration: 304 ms
Round:51
IR: 0, 0, 0, 0, 0
27049 0 51 27052 0 54 27085 0 52 27181 0 53 27207 0 51 27219 0 60 27219 0 61 27227 0 76 27232 0 52 27247 0 62 27247 0 63 27249 0 90 27249 0 91 27249 0 92 27251 0 76 27253 0 77 27259 0 54 27277 0 77 27278 0 76 27285 0 68 27285 0 69 27288 0 71 27289 0 70 27300 0 51 27304 0 77 27312 0 76 27313 0 53 27338 0 77 27372 0 90 27372 0 91 27372 0 92 27376 0 52 27414 0 77 27440 0 54 27512 0 51 27515 0 
TIME iteration: 298 ms
Round:52
IR: 0, 0, 0, 0, 0
27616 0 54 27645 0 52 27714 0 53 27717 0 51 27792 0 54 27819 0 67 27820 0 66 27828 0 79 27841 0 51 27847 0 60 27847 0 61 27850 0 90 27850 0 91 27850 0 92 27852 0 79 27853 0 76 27877 0 76 27879 0 79 27890 0 68 27891 0 69 27898 0 52 27904 0 76 27914 0 79 27915 0 74 27919 0 75 27938 0 76 27962 0 51 27964 0 54 27969 0 53 27974 0 90 27974 0 91 27974 0 92 28014 0 76 28022 0 52 28058 0 
TIME iteration: 298 ms
Round:53
IR: 0, 0, 0, 0, 0
28147 0 53 28159 0 54 28176 0 51 28182 0 52 28288 0 52 28296 0 51 28306 0 60 28307 0 54 28307 0 61 28312 0 76 28318 0 62 28319 0 63 28326 0 77 28334 0 69 28336 0 68 28336 0 76 28336 0 90 28336 0 91 28336 0 92 28350 0 77 28363 0 76 28377 0 77 28379 0 71 28383 0 70 28393 0 52 28396 0 76 28411 0 77 28424 0 53 28437 0 54 28463 0 76 28466 0 90 28466 0 91 28466 0 92 28533 0 52 28542 0 51 28592 0 
TIME iteration: 298 ms
Round:54
IR: 0, 0, 0, 0, 0
28636 0 54 28716 0 51 28751 0 52 28753 0 53 28829 0 54 28875 0 51 28898 0 60 28899 0 61 28905 0 76 28909 0 52 28928 0 62 28929 0 76 28929 0 90 28929 0 91 28929 0 92 28933 0 69 28935 0 68 28941 0 77 28956 0 76 28971 0 77 28981 0 51 28985 0 53 28990 0 76 28994 0 54 29017 0 77 29048 0 52 29071 0 76 29071 0 90 29071 0 91 29071 0 92 29139 0 
TIME iteration: 298 ms
Round:55
IR: 0, 0, 0, 0, 0
29199 0 54 29207 0 53 29220 0 52 29300 0 51 29324 0 53 29344 0 52 29410 0 51 29430 0 61 29431 0 60 29437 0 76 29440 0 54 29461 0 76 29461 0 90 29461 0 91 29461 0 92 29463 0 69 29465 0 68 29488 0 76 29493 0 53 29508 0 52 29512 0 51 29522 0 76 29549 0 54 29597 0 53 29603 0 76 29670 0 
TIME iteration: 298 ms
Round:56
IR: 0, 0, 0, 0, 0
29684 0 51 29719 0 52 29868 0 54 29880 0 52 29885 0 66 29885 0 67 29894 0 79 29908 0 62 29910 0 63 29913 0 90 29913 0 91 29913 0 92 29916 0 51 29917 0 77 29918 0 79 29939 0 53 29941 0 77 29945 0 79 29968 0 77 29971 0 70 29972 0 71 29972 0 75 29975 0 74 29980 0 79 30002 0 77 30036 0 90 30036 0 91 30036 0 92 30072 0 54 30091 0 52 30115 0 51 30123 0 53 30180 0 
TIME iteration: 298 ms
Round:57
IR: 0, 0, 0, 0, 0
30227 0 51 30237 0 52 30267 0 53 30362 0 51 30362 0 52 30382 0 54 30385 0 60 30387 0 61 30389 0 62 30389 0 63 30394 0 76 30394 0 77 30412 0 90 30412 0 91 30412 0 92 30418 0 76 30418 0 77 30419 0 53 30422 0 70 30422 0 71 30441 0 69 30444 0 68 30445 0 76 30445 0 77 30478 0 77 30479 0 76 30507 0 52 30519 0 54 30543 0 90 30543 0 91 30543 0 92 30544 0 77 30562 0 51 30610 0 53 30629 0 54 30640 0 52 30707 0 
TIME iteration: 298 ms
Round:58
IR: 0, 0, 0, 0, 0
30774 0 53 30803 0 54 30855 0 52 30902 0 54 30914 0 67 30915 0 66 30920 0 51 30923 0 79 30944 0 90 30944 0 91 30944 0 92 30947 0 79 30961 0 53 30974 0 52 30974 0 79 30979 0 74 30979 0 75 31009 0 79 31055 0 54 31077 0 51 31080 0 52 31098 0 53 31194 0 52 31232 0 51 31234 0 54 31240 0 62 31241 0 63 31247 0 53 31248 0 77 31265 0 90 31265 0 91 31265 0 
TIME iteration: 298 ms
Round:59
IR: 0, 0, 0, 0, 0
31272 0 77 31289 0 70 31292 0 71 31299 0 77 31310 0 52 31333 0 77 31354 0 51 31432 0 53 31457 0 54 31469 0 52 31530 0 51 31583 0 52 31593 0 62 31593 0 63 31596 0 77 31615 0 70 31615 0 71 31616 0 54 31618 0 90 31618 0 91 31618 0 92 31619 0 77 31645 0 77 31674 0 53 31677 0 77 31679 0 51 31731 0 77 31776 0 54 31790 0 
TIME iteration: 298 ms
Round:60
IR: 0, 0, 0, 0, 0
31821 0 53 31826 0 51 31957 0 51 31959 0 52 31959 0 54 31980 0 61 31982 0 60 31989 0 76 32007 0 90 32007 0 91 32007 0 92 32013 0 76 32040 0 76 32062 0 51 32062 0 68 32064 0 69 32068 0 53 32074 0 76 32116 0 54 32135 0 52 32173 0 51 32254 0 53 32265 0 60 32269 0 76 32293 0 90 32293 0 91 32293 0 92 32297 0 
TIME iteration: 298 ms
Round:61
IR: 0, 0, 0, 0, 0
32331 0 54 32332 0 52 32335 0 76 32358 0 51 32383 0 53 32455 0 51 32464 0 52 32465 0 54 32539 0 53 32554 0 51 32580 0 61 32581 0 60 32584 0 76 32596 0 68 32598 0 69 32607 0 76 32607 0 90 32607 0 91 32607 0 92 32633 0 76 32662 0 68 32665 0 76 32669 0 69 32685 0 54 32720 0 76 32748 0 51 32750 0 52 32793 0 
TIME iteration: 297 ms
Round:62
IR: 0, 0, 0, 0, 0
32874 0 54 32957 0 51 32965 0 52 32980 0 60 32980 0 61 32985 0 76 32990 0 54 33001 0 53 33006 0 90 33006 0 91 33006 0 92 33009 0 68 33009 0 76 33010 0 69 33036 0 76 33060 0 51 33069 0 76 33088 0 52 33135 0 76 33140 0 53 33174 0 54 33209 0 52 33238 0 51 33246 0 53 33291 0 54 33338 0 52 33340 0 53 33341 0 64 33341 0 65 33349 0 78 33352 0 63 33353 0 62 33361 0 77 33362 0 66 33366 0 90 33366 0 91 33366 0 92 33373 0 78 33382 0 79 33385 0 
TIME iteration: 298 ms
Round:63
IR: 0, 0, 0, 0, 0
33400 0 78 33412 0 77 33415 0 79 33416 0 51 33431 0 73 33434 0 78 33435 0 72 33436 0 70 33437 0 71 33445 0 53 33447 0 77 33461 0 54 33481 0 79 33484 0 90 33484 0 91 33484 0 92 33539 0 52 33563 0 51 33567 0 54 33601 0 53 33707 0 51 33708 0 54 33713 0 52 33818 0 53 33820 0 54 33834 0 66 33834 0 67 33840 0 79 33843 0 51 33862 0 61 33863 0 90 33863 0 91 33863 0 92 33864 0 79 33879 0 75 33879 0 76 33880 0 74 33891 0 79 33911 0 76 33914 0 
TIME iteration: 298 ms
Round:64
IR: 0, 0, 0, 0, 0
33925 0 79 33941 0 53 33964 0 76 33968 0 54 33984 0 51 34004 0 90 34004 0 91 34004 0 92 34053 0 52 34071 0 51 34097 0 53 34105 0 54 34179 0 51 34214 0 52 34256 0 53 34303 0 54 34319 0 52 34331 0 51 34349 0 63 34350 0 62 34351 0 60 34353 0 61 34357 0 77 34358 0 76 34376 0 90 34376 0 91 34376 0 92 34381 0 77 34382 0 76 34391 0 69 34392 0 68 34408 0 77 34409 0 76 34411 0 70 34415 0 53 34415 0 71 34442 0 77 34443 0 
TIME iteration: 298 ms
Round:65
IR: 0, 0, 0, 0, 0
34460 0 52 34489 0 54 34508 0 90 34508 0 91 34508 0 92 34510 0 51 34519 0 76 34597 0 53 34650 0 51 34653 0 54 34675 0 52 34701 0 53 34795 0 54 34806 0 51 34828 0 52 34864 0 53 34885 0 65 34886 0 64 34894 0 78 34897 0 60 34910 0 76 34916 0 90 34916 0 91 34916 0 92 34918 0 78 34938 0 54 34940 0 76 34942 0 52 34945 0 78 34965 0 72 34966 0 73 34968 0 
TIME iteration: 298 ms
Round:66
IR: 0, 0, 0, 0, 0
34980 0 78 34986 0 76 35018 0 53 35045 0 54 35050 0 52 35081 0 90 35081 0 91 35081 0 92 35141 0 53 35148 0 52 35169 0 54 35215 0 51 35248 0 53 35308 0 52 35308 0 54 35399 0 51 35421 0 53 35450 0 64 35451 0 65 35456 0 78 35459 0 52 35477 0 63 35478 0 62 35480 0 78 35481 0 90 35481 0 91 35481 0 92 35485 0 54 35485 0 77 35490 0 72 35490 0 73 35507 0 78 35509 0 
TIME iteration: 298 ms
Round:67
IR: 0, 0, 0, 0, 0
35536 0 77 35540 0 78 35544 0 70 35545 0 71 35570 0 77 35599 0 53 35602 0 54 35605 0 90 35605 0 91 35605 0 92 35607 0 78 35615 0 51 35618 0 52 35709 0 53 35733 0 54 35796 0 52 35865 0 51 35867 0 54 35923 0 53 35926 0 52 35973 0 62 35973 0 63 35978 0 77 36002 0 77 36003 0 90 36003 0 91 36003 0 92 36007 0 70 36008 0 71 36029 0 77 36035 0 
TIME iteration: 302 ms
Round:68
IR: 0, 0, 0, 0, 0
36054 0 51 36062 0 77 36123 0 52 36128 0 77 36137 0 53 36159 0 54 36201 0 51 36246 0 54 36251 0 53 36263 0 52 36289 0 66 36291 0 67 36299 0 79 36315 0 90 36315 0 91 36315 0 92 36323 0 79 36345 0 54 36350 0 79 36383 0 74 36385 0 79 36387 0 75 36389 0 52 36439 0 53 36443 0 51 36486 0 54 36503 0 52 36549 0 
TIME iteration: 298 ms
Round:69
IR: 0, 0, 0, 0, 0
36681 0 53 36688 0 64 36689 0 65 36697 0 78 36702 0 51 36715 0 90 36715 0 91 36715 0 92 36720 0 52 36720 0 54 36721 0 78 36748 0 78 36757 0 73 36758 0 72 36783 0 78 36871 0 54 36872 0 53 36890 0 52 36985 0 51 36988 0 54 37036 0 53 37038 0 52 37051 0 67 37055 0 66 37061 0 79 37067 0 64 37068 0 65 37071 0 78 37079 0 90 37079 0 91 37079 0 92 37085 0 79 37093 0 73 37094 0 72 37094 0 
TIME iteration: 299 ms
Round:70
IR: 0, 0, 0, 0, 0
37105 0 74 37105 0 75 37112 0 79 37120 0 54 37120 0 78 37144 0 52 37147 0 79 37152 0 78 37179 0 51 37205 0 90 37205 0 91 37205 0 92 37207 0 78 37228 0 53 37275 0 52 37319 0 51 37330 0 54 37379 0 53 37491 0 51 37500 0 53 37519 0 54 37549 0 64 37550 0 65 37555 0 78 37576 0 72 37577 0 73 37579 0 78 37579 0 90 37579 0 91 37579 0 92 37598 0 52 37606 0 
TIME iteration: 298 ms
Round:71
IR: 0, 0, 0, 0, 0
37634 0 51 37639 0 78 37697 0 53 37706 0 78 37723 0 54 37749 0 52 37820 0 51 37855 0 53 37856 0 54 37952 0 64 37960 0 52 37962 0 78 37975 0 54 37980 0 66 37980 0 67 37986 0 90 37986 0 91 37986 0 92 37988 0 79 37992 0 78 37997 0 51 38012 0 79 38020 0 53 38035 0 78 38038 0 75 38039 0 74 38039 0 79 38073 0 79 38121 0 90 38121 0 91 38121 0 92 38130 0 52 38144 0 51 38155 0 
TIME iteration: 297 ms
Round:72
IR: 0, 0, 0, 0, 0
38167 0 54 38317 0 53 38322 0 51 38324 0 54 38335 0 52 38451 0 51 38467 0 53 38471 0 54 38479 0 52 38496 0 61 38497 0 60 38503 0 66 38503 0 67 38505 0 76 38507 0 64 38509 0 65 38509 0 79 38514 0 78 38525 0 90 38525 0 91 38525 0 92 38529 0 76 38533 0 79 38538 0 74 38538 0 78 38539 0 75 38542 0 73 38543 0 72 38556 0 76 38560 0 79 38561 0 53 38565 0 78 38580 0 51 38588 0 69 38591 0 76 38594 0 68 38594 0 79 38599 0 78 38601 0 54 38603 0 52 38641 0 53 38642 0 90 38642 0 91 38642 0 92 38675 0 
TIME iteration: 298 ms
Round:73
IR: 0, 0, 0, 0, 0
38700 0 51 38767 0 54 38768 0 53 38829 0 52 38856 0 53 38863 0 51 38951 0 65 38962 0 78 38966 0 64 38973 0 54 38985 0 78 38986 0 73 38987 0 72 38987 0 90 38987 0 91 38987 0 92 39001 0 53 39011 0 78 39043 0 52 39043 0 78 39062 0 51 39097 0 78 39107 0 54 39148 0 52 39179 0 53 39192 0 
TIME iteration: 297 ms
Round:74
IR: 0, 0, 0, 0, 0
39291 0 52 39323 0 53 39324 0 63 39325 0 62 39333 0 77 39339 0 54 39350 0 90 39350 0 91 39350 0 92 39356 0 51 39357 0 77 39384 0 77 39413 0 71 39419 0 77 39421 0 70 39424 0 52 39472 0 51 39489 0 54 39595 0 53 39622 0 51 39633 0 52 39690 0 62 39690 0 63 39694 0 77 39715 0 90 39715 0 91 39715 0 92 39717 0 77 39718 0 70 39718 0 71 39722 0 54 39743 0 
TIME iteration: 298 ms
Round:75
IR: 0, 0, 0, 0, 0
39761 0 52 39775 0 77 39828 0 51 39831 0 77 39840 0 53 39845 0 54 39922 0 52 39953 0 54 40000 0 53 40001 0 51 40036 0 67 40038 0 54 40038 0 66 40046 0 79 40062 0 90 40062 0 91 40062 0 92 40070 0 79 40097 0 79 40113 0 74 40115 0 75 40129 0 54 40132 0 79 40159 0 53 40213 0 51 40213 0 52 40244 0 
TIME iteration: 298 ms
Round:76
IR: 0, 0, 0, 0, 0
40294 0 67 40295 0 66 40296 0 79 40297 0 53 40313 0 74 40313 0 75 40318 0 90 40318 0 91 40318 0 92 40319 0 79 40345 0 51 40345 0 79 40377 0 79 40381 0 54 40386 0 74 40390 0 75 40402 0 52 40431 0 79 40491 0 53 40564 0 51 40590 0 54 40629 0 66 40629 0 67 40633 0 79 40636 0 52 40654 0 74 40654 0 90 40654 0 91 40654 0 92 40655 0 75 40657 0 79 40683 0 79 40689 0 53 40692 0 54 40698 0 51 40716 0 79 40779 0 79 40805 0 52 40805 0 
TIME iteration: 298 ms
Round:77
IR: 0, 0, 0, 0, 0
40836 0 53 40877 0 51 40954 0 54 40971 0 52 40976 0 66 40976 0 67 40981 0 79 40983 0 53 40990 0 51 40993 0 74 40993 0 75 41001 0 90 41001 0 91 41001 0 92 41005 0 79 41031 0 79 41062 0 74 41064 0 75 41064 0 79 41073 0 54 41105 0 52 41111 0 51 41134 0 79 41136 0 53 41202 0 51 41206 0 52 41284 0 53 41296 0 54 41324 0 52 41332 0 62 41332 0 63 41335 0 67 41337 0 
TIME iteration: 298 ms
Round:78
IR: 0, 0, 0, 0, 0
41340 0 77 41341 0 79 41357 0 90 41357 0 91 41357 0 92 41363 0 74 41363 0 75 41364 0 77 41365 0 79 41380 0 51 41383 0 53 41391 0 77 41392 0 79 41410 0 70 41417 0 71 41425 0 77 41425 0 79 41435 0 54 41458 0 52 41477 0 51 41487 0 90 41487 0 91 41487 0 92 41500 0 79 41524 0 53 41570 0 52 41578 0 54 41591 0 51 41690 0 51 41711 0 52 41721 0 53 41762 0 54 41798 0 52 41808 0 51 41810 0 62 41810 0 63 41814 0 60 41815 0 61 41815 0 77 41823 0 76 41837 0 90 41837 0 91 41837 0 92 41839 0 77 41845 0 70 41846 0 71 41847 0 76 41849 0 53 41866 0 
TIME iteration: 298 ms
Round:79
IR: 0, 0, 0, 0, 0
41874 0 76 41899 0 77 41907 0 68 41909 0 76 41914 0 69 41920 0 52 41942 0 53 41965 0 77 41968 0 90 41968 0 91 41968 0 92 41973 0 54 42015 0 51 42034 0 53 42075 0 52 42089 0 54 42173 0 53 42215 0 51 42259 0 52 42305 0 54 42361 0 53 42374 0 51 42384 0 65 42385 0 64 42393 0 
TIME iteration: 298 ms
Round:80
IR: 0, 0, 0, 0, 0
42402 0 61 42403 0 60 42409 0 76 42415 0 90 42415 0 91 42415 0 92 42417 0 78 42419 0 52 42433 0 76 42436 0 54 42444 0 78 42445 0 69 42446 0 68 42460 0 76 42472 0 73 42479 0 78 42486 0 72 42494 0 76 42499 0 51 42543 0 90 42543 0 91 42543 0 92 42575 0 76 42589 0 54 42593 0 53 42625 0 52 42705 0 54 42709 0 51 42772 0 53 42838 0 52 42867 0 53 42875 0 54 42883 0 51 42894 0 64 42894 0 65 42899 0 78 42918 0 66 42918 0 67 42923 0 78 42924 0 90 42924 0 91 42924 0 92 42927 0 
TIME iteration: 298 ms
Round:81
IR: 0, 0, 0, 0, 0
42932 0 73 42933 0 72 42950 0 78 42951 0 79 42952 0 53 42962 0 52 42978 0 79 42983 0 78 42995 0 75 42997 0 74 43013 0 79 43047 0 51 43049 0 78 43049 0 90 43049 0 91 43049 0 92 43092 0 53 43140 0 54 43154 0 52 43172 0 51 43298 0 51 43299 0 54 43330 0 53 43345 0 52 43408 0 54 43421 0 66 43422 0 67 43427 0 79 43451 0 79 43451 0 90 43451 0 91 43451 0 92 43457 0 74 43457 0 
TIME iteration: 298 ms
Round:82
IR: 0, 0, 0, 0, 0
43477 0 51 43478 0 79 43485 0 53 43488 0 52 43512 0 79 43525 0 54 43605 0 51 43642 0 52 43649 0 53 43674 0 54 43764 0 51 43774 0 53 43800 0 52 43810 0 64 43810 0 65 43814 0 60 43814 0 61 43818 0 54 43818 0 78 43822 0 76 43824 0 67 43825 0 66 43829 0 79 43835 0 90 43835 0 91 43835 0 92 43842 0 78 43846 0 76 43848 0 75 43849 0 74 43853 0 79 43865 0 73 43867 0 72 43869 0 78 43873 0 76 43879 0 79 43884 0 51 43888 0 68 43893 0 69 43903 0 78 43907 0 76 43912 0 79 43951 0 90 43951 0 91 43951 0 92 43953 0 53 43968 0 54 43980 0 
TIME iteration: 298 ms
Round:83
IR: 0, 0, 0, 0, 0
44005 0 52 44096 0 51 44097 0 53 44149 0 54 44181 0 52 44202 0 51 44217 0 53 44295 0 65 44296 0 64 44301 0 78 44322 0 52 44324 0 90 44324 0 91 44324 0 92 44325 0 78 44328 0 73 44329 0 72 44352 0 78 44385 0 78 44407 0 54 44429 0 53 44434 0 51 44452 0 78 44479 0 
TIME iteration: 298 ms
Round:84
IR: 0, 0, 0, 0, 0
44552 0 53 44570 0 54 44648 0 52 44669 0 54 44687 0 66 44687 0 67 44695 0 79 44708 0 53 44712 0 65 44713 0 64 44713 0 90 44713 0 91 44713 0 92 44718 0 78 44719 0 79 44737 0 72 44737 0 73 44737 0 74 44738 0 75 44742 0 78 44746 0 79 44766 0 54 44769 0 78 44780 0 51 44781 0 79 44789 0 52 44802 0 78 44835 0 90 44835 0 91 44835 0 92 44869 0 78 44926 0 54 44946 0 51 44946 0 53 44954 0 
TIME iteration: 306 ms
Round:85
IR: 0, 0, 0, 0, 0
45072 0 54 45083 0 51 45089 0 53 45092 0 52 45165 0 54 45179 0 66 45179 0 67 45185 0 79 45200 0 51 45200 0 52 45208 0 90 45208 0 91 45208 0 92 45209 0 79 45210 0 53 45211 0 74 45213 0 75 45236 0 79 45270 0 79 45294 0 54 45296 0 53 45310 0 51 45387 0 52 45426 0 51 45463 0 54 45470 0 53 45517 0 51 45522 0 60 45523 0 61 45524 0 52 45531 0 76 45548 0 90 45548 0 91 45548 0 92 45555 0 
TIME iteration: 299 ms
Round:86
IR: 0, 0, 0, 0, 0
45582 0 76 45604 0 69 45606 0 68 45617 0 76 45636 0 51 45645 0 54 45677 0 52 45687 0 53 45773 0 54 45859 0 53 45868 0 52 45884 0 54 45897 0 67 45898 0 66 45905 0 79 45918 0 51 45923 0 90 45923 0 91 45923 0 92 45929 0 79 45940 0 75 45941 0 74 45956 0 79 45977 0 54 45991 0 79 46066 0 52 46076 0 
TIME iteration: 298 ms
Round:87
IR: 0, 0, 0, 0, 0
46117 0 54 46120 0 53 46197 0 52 46229 0 51 46245 0 54 46252 0 66 46253 0 67 46256 0 79 46273 0 53 46273 0 74 46273 0 75 46278 0 90 46278 0 91 46278 0 92 46279 0 79 46305 0 79 46337 0 79 46346 0 52 46350 0 51 46364 0 74 46372 0 75 46375 0 54 46394 0 79 46466 0 51 46514 0 52 46556 0 51 46574 0 60 46574 0 61 46582 0 76 46599 0 90 46599 0 91 46599 0 92 46606 0 54 46606 0 76 46626 0 53 46633 0 76 46637 0 68 46639 0 
TIME iteration: 298 ms
Round:88
IR: 0, 0, 0, 0, 0
46667 0 76 46676 0 51 46697 0 52 46739 0 54 46785 0 51 46853 0 52 46853 0 54 46854 0 61 46855 0 60 46856 0 76 46873 0 68 46873 0 69 46878 0 90 46878 0 91 46878 0 92 46879 0 76 46892 0 53 46905 0 76 46919 0 51 46936 0 76 46944 0 69 46948 0 68 46986 0 76 47014 0 54 47028 0 53 47086 0 52 47098 0 51 47148 0 60 47150 0 61 47152 0 76 47168 0 
TIME iteration: 298 ms
Round:89
IR: 0, 0, 0, 0, 0
47172 0 68 47172 0 69 47173 0 90 47173 0 91 47173 0 92 47175 0 76 47201 0 76 47215 0 53 47233 0 76 47257 0 51 47287 0 76 47298 0 54 47316 0 52 47399 0 53 47428 0 52 47457 0 51 47468 0 54 47594 0 53 47607 0 51 47614 0 61 47615 0 60 47620 0 76 47631 0 65 47632 0 52 47632 0 64 47640 0 68 47640 0 69 47640 0 78 47642 0 90 47642 0 91 47642 0 92 47644 0 76 47664 0 78 47671 0 76 47691 0 
TIME iteration: 298 ms
Round:90
IR: 0, 0, 0, 0, 0
47704 0 76 47724 0 72 47724 0 73 47726 0 78 47767 0 54 47768 0 90 47768 0 91 47768 0 92 47771 0 76 47781 0 51 47819 0 53 47902 0 52 47945 0 54 47977 0 51 48003 0 53 48072 0 52 48074 0 54 48114 0 51 48140 0 53 48149 0 67 48153 0 66 48160 0 79 48162 0 60 48163 0 61 48165 0 64 48166 0 65 48169 0 76 48171 0 78 48181 0 90 48181 0 91 48181 0 92 48184 0 79 48193 0 76 48194 0 68 48194 0 69 48195 0 78 48205 0 72 48206 0 73 48211 0 79 48220 0 76 48222 0 
TIME iteration: 298 ms
Round:91
IR: 0, 0, 0, 0, 0
48239 0 75 48241 0 54 48241 0 74 48246 0 79 48250 0 52 48254 0 76 48255 0 78 48288 0 51 48296 0 53 48298 0 90 48298 0 91 48298 0 92 48322 0 78 48335 0 76 48392 0 52 48454 0 53 48455 0 54 48510 0 51 48531 0 52 48591 0 54 48644 0 51 48680 0 54 48683 0 66 48683 0 67 48689 0 79 48700 0 61 48708 0 60 48711 0 76 48712 0 90 48712 0 91 48712 0 92 48713 0 52 48713 0 79 48715 0 53 48722 0 74 48722 0 75 48735 0 76 48737 0 68 48738 0 69 48740 0 
TIME iteration: 298 ms
Round:92
IR: 0, 0, 0, 0, 0
48762 0 76 48771 0 51 48774 0 79 48795 0 54 48796 0 76 48837 0 90 48837 0 91 48837 0 92 48842 0 52 48868 0 51 48903 0 53 48947 0 54 48966 0 51 49006 0 52 49072 0 51 49096 0 53 49100 0 54 49120 0 60 49121 0 61 49125 0 76 49129 0 52 49145 0 68 49145 0 69 49149 0 76 49149 0 90 49149 0 91 49149 0 92 49171 0 51 49175 0 76 49208 0 53 49208 0 76 49226 0 54 49249 0 52 49269 0 
TIME iteration: 298 ms
Round:93
IR: 0, 0, 0, 0, 0
49300 0 51 49316 0 54 49377 0 53 49423 0 54 49441 0 66 49441 0 67 49447 0 52 49449 0 79 49466 0 90 49466 0 91 49466 0 92 49473 0 79 49481 0 53 49482 0 51 49489 0 74 49490 0 75 49500 0 79 49534 0 79 49603 0 53 49627 0 51 49627 0 54 49634 0 52 49710 0 54 49719 0 51 49748 0 66 49749 0 67 49751 0 79 49767 0 52 49767 0 74 49768 0 75 49772 0 61 49773 0 60 49773 0 90 49773 0 91 49773 0 92 49774 0 79 49779 0 76 49800 0 79 49802 0 53 49803 0 76 49810 0 69 49812 0 68 49813 0 54 49816 0 
TIME iteration: 299 ms
Round:94
IR: 0, 0, 0, 0, 0
49830 0 76 49832 0 79 49846 0 74 49849 0 75 49864 0 76 49887 0 79 49894 0 90 49894 0 91 49894 0 92 49927 0 52 49945 0 76 49964 0 51 49967 0 54 49980 0 53 50132 0 53 50147 0 52 50151 0 54 50175 0 51 50282 0 52 50299 0 54 50303 0 51 50310 0 53 50315 0 67 50316 0 66 50318 0 63 50319 0 62 50321 0 60 50321 0 61 50322 0 79 50327 0 76 50327 0 77 50332 0 64 50332 0 65 50340 0 78 50342 0 90 50342 0 91 50342 0 92 50346 0 
TIME iteration: 298 ms
Round:95
IR: 0, 0, 0, 0, 0
50351 0 76 50351 0 77 50355 0 68 50356 0 69 50356 0 75 50357 0 74 50364 0 78 50373 0 79 50378 0 76 50378 0 77 50391 0 78 50407 0 79 50412 0 76 50413 0 70 50413 0 77 50418 0 71 50419 0 73 50420 0 72 50425 0 78 50427 0 54 50443 0 51 50446 0 52 50454 0 90 50454 0 91 50454 0 92 50488 0 76 50500 0 53 50585 0 52 50601 0 54 50606 0 51 50654 0 53 50677 0 52 50752 0 51 50760 0 54 50773 0 63 50782 0 62 50783 0 77 50788 0 53 50793 0 52 50805 0 90 50805 0 91 50805 0 92 50807 0 77 50812 0 71 50813 0 70 50834 0 77 50867 0 77 50875 0 
TIME iteration: 298 ms
Round:96
IR: 0, 0, 0, 0, 0
50883 0 51 50890 0 53 50929 0 52 50934 0 77 51009 0 54 51050 0 51 51084 0 53 51104 0 52 51124 0 54 51142 0 66 51142 0 67 51146 0 51 51150 0 79 51157 0 63 51158 0 62 51161 0 60 51162 0 61 51162 0 77 51168 0 90 51168 0 91 51168 0 92 51169 0 76 51174 0 79 51179 0 71 51180 0 70 51186 0 77 51193 0 75 51193 0 76 51194 0 74 51201 0 79 51211 0 68 51212 0 77 51213 0 69 51217 0 53 51220 0 76 51236 0 79 51245 0 77 51254 0 76 51282 0 90 51282 0 91 51282 0 92 51288 0 54 51300 0 51 51306 0 77 51339 0 52 51344 0 
TIME iteration: 298 ms
Round:97
IR: 0, 0, 0, 0, 0
51412 0 54 51452 0 52 51480 0 51 51531 0 53 51556 0 54 51579 0 51 51621 0 60 51623 0 61 51627 0 76 51631 0 52 51650 0 90 51650 0 91 51650 0 92 51651 0 68 51651 0 76 51652 0 54 51653 0 69 51678 0 76 51705 0 51 51706 0 53 51711 0 76 51744 0 52 51777 0 76 51782 0 54 51868 0 53 51919 0 
TIME iteration: 298 ms
Round:98
IR: 0, 0, 0, 0, 0
51958 0 53 51962 0 52 51983 0 64 51984 0 65 51992 0 78 51994 0 67 51996 0 66 52003 0 79 52009 0 90 52009 0 91 52009 0 92 52016 0 51 52016 0 78 52027 0 79 52043 0 78 52050 0 74 52050 0 75 52054 0 79 52067 0 72 52070 0 73 52078 0 78 52083 0 53 52089 0 79 52136 0 90 52136 0 91 52136 0 92 52146 0 51 52146 0 54 52151 0 52 52284 0 53 52301 0 51 52316 0 54 52349 0 52 52419 0 53 52462 0 
TIME iteration: 298 ms
Round:99
IR: 0, 0, 0, 0, 0
52485 0 52 52512 0 53 52515 0 64 52515 0 65 52517 0 66 52519 0 67 52521 0 78 52524 0 79 52536 0 62 52538 0 63 52541 0 90 52541 0 91 52541 0 92 52544 0 51 52545 0 77 52545 0 78 52548 0 79 52552 0 74 52553 0 75 52554 0 72 52554 0 73 52569 0 77 52572 0 78 52575 0 79 52581 0 54 52596 0 77 52606 0 78 52609 0 70 52609 0 79 52610 0 71 52614 0 53 52630 0 77 52656 0 90 52656 0 91 52656 0 92 52682 0 78 52707 0 54 52752 0 51 52779 0 52 52802 0 54 52838 0 53 52900 0 52 52955 0 51 52956 0 54 52959 0 53 52993 0 67 52994 0 66 52999 0 
TIME iteration: 299 ms
Round:100
IR: 0, 0, 0, 0, 0
53022 0 74 53022 0 75 53022 0 90 53022 0 91 53022 0 92 53023 0 79 53032 0 52 53050 0 79 53054 0 53 53084 0 79 53101 0 54 53191 0 53 53212 0 52 53231 0 51 53259 0 54 53321 0 52 53368 0 53 53368 0 62 53370 0 63 53376 0 77 53391 0 54 53395 0 90 53395 0 91 53395 0 92 53400 0 77 53403 0 51 53422 0 71 53424 0 70 53427 0 77 53451 0 52 53461 0 77 53505 0 53 53525 0 
TIME iteration: 298 ms
Round:101
IR: 0, 0, 0, 0, 0
53548 0 54 53637 0 52 53649 0 51 53663 0 53 53667 0 54 53729 0 60 53735 0 61 53738 0 66 53740 0 76 53742 0 67 53748 0 79 53758 0 90 53758 0 91 53758 0 92 53764 0 76 53772 0 79 53782 0 54 53784 0 74 53785 0 75 53791 0 76 53799 0 79 53812 0 53 53821 0 68 53822 0 51 53823 0 69 53825 0 76 53829 0 52 53834 0 79 53887 0 90 53887 0 91 53887 0 92 53902 0 54 53943 0 53 53982 0 51 53983 0 
TIME iteration: 307 ms
Round:102
IR: 0, 0, 0, 0, 0
54060 0 53 54066 0 54 54097 0 52 54177 0 54 54188 0 53 54215 0 52 54218 0 65 54219 0 64 54225 0 66 54226 0 67 54227 0 78 54229 0 62 54229 0 63 54231 0 79 54236 0 77 54247 0 51 54247 0 90 54247 0 91 54247 0 92 54250 0 54 54251 0 78 54255 0 79 54256 0 74 54256 0 75 54260 0 77 54278 0 78 54282 0 79 54283 0 70 54283 0 71 54287 0 77 54297 0 72 54301 0 73 54313 0 78 54316 0 79 54321 0 77 54322 0 53 54347 0 54 54364 0 90 54364 0 91 54364 0 92 54380 0 52 54427 0 51 54462 0 53 54474 0 
TIME iteration: 298 ms
Round:103
IR: 0, 0, 0, 0, 0
54618 0 52 54622 0 54 54672 0 53 54677 0 51 54779 0 52 54780 0 54 54788 0 66 54788 0 67 54794 0 79 54799 0 51 54818 0 79 54818 0 90 54818 0 91 54818 0 92 54822 0 74 54822 0 75 54845 0 79 54871 0 53 54879 0 79 54941 0 51 54991 0 52 54991 0 54 55016 0 53 55070 0 
TIME iteration: 298 ms
Round:104
IR: 0, 0, 0, 0, 0
55132 0 52 55137 0 54 55165 0 53 55182 0 67 55183 0 66 55187 0 79 55195 0 65 55196 0 64 55203 0 78 55205 0 74 55205 0 75 55209 0 90 55209 0 91 55209 0 92 55211 0 79 55225 0 52 55227 0 78 55237 0 79 55254 0 78 55255 0 73 55256 0 72 55270 0 79 55273 0 51 55288 0 78 55294 0 54 55302 0 53 55334 0 79 55336 0 90 55336 0 91 55336 0 92 55347 0 52 55426 0 53 55446 0 51 55460 0 54 55519 0 52 55530 0 53 55594 0 51 55643 0 
TIME iteration: 298 ms
Round:105
IR: 0, 0, 0, 0, 0
55654 0 64 55654 0 65 55659 0 78 55683 0 78 55683 0 90 55683 0 91 55683 0 92 55685 0 73 55686 0 72 55710 0 78 55742 0 54 55743 0 78 55747 0 52 55779 0 51 55809 0 78 55826 0 53 55875 0 52 55883 0 54 55938 0 51 55987 0 53 56007 0 52 56022 0 54 56033 0 63 56034 0 62 56042 0 77 56044 0 65 56045 0 64 56049 0 67 56049 0 78 56050 0 66 56058 0 79 56060 0 90 56060 0 91 56060 0 92 56063 0 51 56066 0 73 56066 0 77 56067 0 72 56073 0 78 56082 0 79 56093 0 77 56099 0 78 56101 0 75 56102 0 74 56109 0 79 56115 0 70 56123 0 71 56128 0 77 56132 0 78 56144 0 79 56150 0 54 56161 0 53 56175 0 90 56175 0 91 56175 0 92 56177 0 
TIME iteration: 299 ms
Round:106
IR: 0, 0, 0, 0, 0
56193 0 78 56231 0 51 56283 0 54 56331 0 52 56347 0 53 56352 0 51 56438 0 54 56441 0 52 56480 0 53 56485 0 51 56506 0 63 56510 0 62 56513 0 77 56518 0 60 56518 0 61 56526 0 76 56536 0 90 56536 0 91 56536 0 92 56537 0 77 56539 0 54 56543 0 71 56544 0 70 56550 0 76 56564 0 51 56564 0 77 56577 0 76 56585 0 52 56597 0 77 56611 0 76 56612 0 68 56613 0 69 56662 0 77 56666 0 90 56666 0 91 56666 0 92 56687 0 54 56692 0 
TIME iteration: 298 ms
Round:107
IR: 0, 0, 0, 0, 0
56737 0 53 56845 0 51 56862 0 53 56948 0 52 56952 0 53 56966 0 54 56979 0 64 56979 0 65 56987 0 78 57008 0 90 57008 0 91 57008 0 92 57011 0 78 57034 0 72 57034 0 73 57038 0 51 57038 0 78 57072 0 53 57072 0 78 57130 0 54 57131 0 52 57177 0 53 57185 0 
TIME iteration: 298 ms
Round:108
IR: 0, 0, 0, 0, 0
57247 0 54 57280 0 51 57321 0 60 57322 0 61 57329 0 76 57334 0 52 57345 0 53 57347 0 90 57347 0 91 57347 0 92 57353 0 76 57377 0 68 57377 0 69 57380 0 76 57395 0 54 57414 0 76 57443 0 51 57466 0 53 57483 0 52 57535 0 54 57542 0 51 57578 0 53 57609 0 61 57610 0 60 57612 0 76 57627 0 69 57629 0 68 57633 0 90 57633 0 91 57633 0 92 57635 0 76 57661 0 76 57675 0 51 57693 0 76 57695 0 54 57697 0 69 57700 0 52 57713 0 68 57746 0 76 57758 0 
TIME iteration: 298 ms
Round:109
IR: 0, 0, 0, 0, 0
57845 0 51 57867 0 54 57885 0 52 57891 0 60 57891 0 61 57894 0 76 57912 0 69 57913 0 68 57915 0 90 57915 0 91 57915 0 92 57917 0 76 57943 0 76 57970 0 53 57975 0 76 57981 0 51 58029 0 76 58053 0 53 58062 0 52 58130 0 51 58135 0 54 58254 0 52 58257 0 
TIME iteration: 297 ms
Round:110
IR: 0, 0, 0, 0, 0
58301 0 64 58302 0 65 58310 0 78 58328 0 90 58328 0 91 58328 0 92 58334 0 54 58334 0 78 58361 0 78 58373 0 51 58374 0 73 58379 0 72 58396 0 78 58492 0 54 58497 0 52 58599 0 51 58655 0 52 58698 0 53 58701 0 54 58763 0 51 58769 0 67 58771 0 66 58778 0 52 58779 0 79 58781 0 62 58781 0 63 58789 0 77 58793 0 61 58794 0 60 58798 0 90 58798 0 91 58798 0 92 58801 0 76 58803 0 79 58813 0 77 58814 0 54 58825 0 
TIME iteration: 298 ms
Round:111
IR: 0, 0, 0, 0, 0
58830 0 79 58840 0 77 58843 0 68 58847 0 69 58852 0 76 58856 0 75 58865 0 79 58866 0 74 58874 0 70 58874 0 77 58875 0 71 58882 0 53 58886 0 76 58913 0 90 58913 0 91 58913 0 92 58961 0 54 58969 0 52 58971 0 51 58992 0 53 59068 0 54 59091 0 51 59112 0 52 59114 0 53 59159 0 54 59190 0 66 59192 0 67 59196 0 79 59207 0 52 59210 0 51 59218 0 90 59218 0 91 59218 0 92 59220 0 79 59222 0 75 59223 0 74 59245 0 53 59247 0 79 59260 0 54 59280 0 79 59349 0 
TIME iteration: 298 ms
Round:112
IR: 0, 0, 0, 0, 0
59360 0 51 59374 0 54 59403 0 52 59432 0 53 59444 0 51 59503 0 52 59518 0 54 59525 0 60 59530 0 61 59535 0 66 59535 0 76 59536 0 67 59540 0 79 59553 0 74 59553 0 90 59553 0 91 59553 0 92 59554 0 75 59559 0 76 59564 0 79 59571 0 51 59574 0 68 59575 0 69 59578 0 53 59586 0 52 59586 0 76 59590 0 79 59620 0 76 59623 0 79 59625 0 74 59634 0 75 59681 0 90 59681 0 91 59681 0 92 59691 0 79 59726 0 52 59733 0 53 59780 0 51 59803 0 54 59856 0 
TIME iteration: 298 ms
Round:113
IR: 0, 0, 0, 0, 0
59912 0 51 59938 0 53 60004 0 52 60018 0 54 60040 0 62 60041 0 63 60049 0 77 60061 0 51 60070 0 90 60070 0 91 60070 0 92 60073 0 77 60100 0 77 60115 0 71 60116 0 70 60134 0 52 60135 0 77 60139 0 53 60142 0 54 60210 0 51 60302 0 53 60312 0 52 60339 0 54 60341 0 51 60400 0 
TIME iteration: 298 ms
Round:114
IR: 0, 0, 0, 0, 0
60421 0 64 60421 0 65 60426 0 51 60427 0 60 60428 0 61 60429 0 78 60435 0 76 60447 0 90 60447 0 91 60447 0 92 60453 0 78 60459 0 76 60480 0 78 60483 0 68 60485 0 69 60486 0 76 60502 0 53 60508 0 72 60513 0 73 60514 0 78 60520 0 76 60530 0 54 60576 0 90 60576 0 91 60576 0 92 60601 0 51 60611 0 52 60651 0 53 60668 0 54 60733 0 51 60769 0 52 60801 0 53 60846 0 54 60876 0 51 60881 0 52 60910 0 53 60923 0 62 60923 0 63 60926 0 65 60927 0 60 60927 0 64 60928 0 61 60930 0 77 60932 0 78 60933 0 76 60949 0 90 60949 0 91 60949 0 
TIME iteration: 298 ms
Round:115
IR: 0, 0, 0, 0, 0
60954 0 77 60956 0 78 60957 0 76 60961 0 68 60961 0 69 60962 0 72 60964 0 73 60979 0 71 60980 0 70 60981 0 77 60983 0 54 60983 0 78 60984 0 76 61006 0 51 61013 0 53 61015 0 77 61016 0 78 61017 0 76 61030 0 52 61066 0 90 61066 0 91 61066 0 92 61083 0 78 61084 0 76 61113 0 54 61129 0 52 61154 0 51 61193 0 53 61243 0 52 61264 0 54 61280 0 51 61330 0 53 61411 0 51 61418 0 52 61426 0 54 61426 0 60 61427 0 61 61432 0 76 61443 0 62 61443 0 63 61448 0 77 61456 0 68 61456 0 69 61456 0 76 61456 0 90 61456 0 91 61456 0 92 61472 0 77 61475 0 53 61477 0 
TIME iteration: 298 ms
Round:116
IR: 0, 0, 0, 0, 0
61480 0 70 61483 0 76 61499 0 77 61516 0 76 61532 0 77 61550 0 51 61564 0 54 61582 0 53 61583 0 76 61584 0 90 61584 0 91 61584 0 92 61598 0 77 61688 0 52 61700 0 54 61705 0 51 61753 0 53 61809 0 52 61820 0 54 61857 0 51 61910 0 53 61924 0 52 61938 0 62 61938 0 63 61944 0 77 61968 0 71 61968 0 77 61968 0 90 61968 0 91 61968 0 92 61969 0 70 61988 0 54 61995 0 
TIME iteration: 298 ms
Round:117
IR: 0, 0, 0, 0, 0
62029 0 51 62029 0 77 62054 0 52 62105 0 77 62108 0 54 62140 0 53 62149 0 51 62240 0 52 62256 0 54 62260 0 51 62284 0 60 62286 0 61 62288 0 53 62293 0 76 62310 0 90 62310 0 91 62310 0 92 62317 0 76 62335 0 68 62337 0 69 62344 0 76 62378 0 76 62404 0 54 62415 0 53 62416 0 51 62436 0 52 62531 0 
TIME iteration: 298 ms
Round:118
IR: 0, 0, 0, 0, 0
62553 0 53 62572 0 54 62587 0 61 62591 0 60 62591 0 76 62607 0 68 62608 0 52 62608 0 69 62613 0 90 62613 0 91 62613 0 92 62614 0 76 62640 0 76 62649 0 51 62671 0 76 62678 0 53 62683 0 68 62688 0 69 62722 0 76 62733 0 54 62834 0 51 62836 0 54 62864 0 52 62885 0 60 62885 0 61 62888 0 76 62908 0 68 62908 0 69 62909 0 90 62909 0 91 62909 0 92 62911 0 76 62937 0 76 62941 0 53 62969 0 76 62999 0 52 62999 0 54 63002 0 51 63023 0 
TIME iteration: 308 ms
Round:119
IR: 0, 0, 0, 0, 0
63110 0 54 63111 0 51 63131 0 52 63213 0 51 63217 0 60 63217 0 61 63221 0 76 63231 0 69 63232 0 68 63236 0 52 63242 0 90 63242 0 91 63242 0 92 63244 0 76 63255 0 53 63258 0 54 63270 0 76 63297 0 68 63297 0 69 63302 0 76 63325 0 51 63358 0 76 63416 0 53 63440 0 54 63452 0 52 63541 0 53 63569 0 52 63571 0 54 63596 0 64 63598 0 
TIME iteration: 298 ms
Round:120
IR: 0, 0, 0, 0, 0
63605 0 78 63616 0 66 63616 0 67 63621 0 63 63622 0 62 63623 0 90 63623 0 91 63623 0 92 63625 0 79 63628 0 51 63629 0 78 63630 0 77 63649 0 79 63654 0 77 63656 0 78 63664 0 52 63676 0 79 63681 0 77 63688 0 72 63689 0 53 63690 0 78 63691 0 73 63693 0 54 63698 0 71 63702 0 70 63709 0 75 63711 0 79 63713 0 74 63716 0 77 63736 0 90 63736 0 91 63736 0 92 63774 0 51 63828 0 54 63833 0 53 63865 0 52 63920 0 51 63962 0 53 64023 0 54 64031 0 52 64035 0 51 64076 0 60 64076 0 61 64084 0 76 64099 0 53 64104 0 90 64104 0 91 64104 0 92 64108 0 
TIME iteration: 298 ms
Round:121
IR: 0, 0, 0, 0, 0
64133 0 68 64134 0 69 64135 0 76 64158 0 51 64169 0 76 64171 0 52 64226 0 53 64263 0 54 64278 0 51 64358 0 52 64367 0 53 64418 0 51 64426 0 60 64427 0 61 64430 0 76 64449 0 68 64450 0 69 64452 0 90 64452 0 91 64452 0 92 64453 0 76 64466 0 54 64479 0 76 64500 0 53 64504 0 52 64511 0 76 64554 0 51 64566 0 76 64636 0 
TIME iteration: 298 ms
Round:122
IR: 0, 0, 0, 0, 0
64666 0 51 64666 0 52 64726 0 54 64799 0 53 64829 0 65 64831 0 64 64838 0 78 64839 0 54 64856 0 90 64856 0 91 64856 0 92 64862 0 78 64885 0 51 64889 0 78 64898 0 52 64901 0 72 64902 0 73 64923 0 78 64977 0 53 65016 0 54 65057 0 52 65099 0 51 65108 0 53 65148 0 64 65149 0 65 65151 0 78 65161 0 54 65171 0 72 65171 0 73 65173 0 90 65173 0 91 65173 0 92 65174 0 
TIME iteration: 298 ms
Round:123
IR: 0, 0, 0, 0, 0
65200 0 78 65232 0 78 65277 0 53 65285 0 78 65313 0 51 65331 0 52 65335 0 54 65434 0 53 65455 0 51 65503 0 54 65530 0 53 65533 0 64 65533 0 65 65538 0 78 65551 0 72 65553 0 73 65559 0 90 65559 0 91 65559 0 92 65562 0 78 65569 0 52 65582 0 51 65589 0 78 65622 0 78 65624 0 72 65637 0 73 65661 0 53 65681 0 54 65687 0 78 65696 0 
TIME iteration: 297 ms
Round:124
IR: 0, 0, 0, 0, 0
65736 0 52 65791 0 53 65805 0 64 65805 0 65 65808 0 78 65826 0 72 65826 0 73 65829 0 90 65829 0 91 65829 0 92 65831 0 78 65857 0 78 65870 0 51 65889 0 78 65898 0 53 65900 0 54 65911 0 73 65936 0 52 65943 0 78 66022 0 54 66033 0 51 66067 0 53 66122 0 65 66123 0 64 66126 0 78 66136 0 72 66147 0 73 66147 0 90 66147 0 91 66147 0 92 66149 0 78 66175 0 54 66175 0 78 66183 0 51 66196 0 72 66201 0 52 66207 0 
TIME iteration: 298 ms
Round:125
IR: 0, 0, 0, 0, 0
66256 0 53 66262 0 78 66269 0 51 66311 0 52 66346 0 54 66368 0 53 66417 0 64 66417 0 65 66420 0 78 66429 0 73 66438 0 72 66441 0 90 66441 0 91 66441 0 92 66443 0 78 66444 0 51 66469 0 78 66486 0 73 66493 0 54 66496 0 52 66496 0 53 66501 0 78 66555 0 78 66576 0 51 66617 0 53 66681 0 54 66713 0 52 66758 0 
TIME iteration: 297 ms
Round:126
IR: 0, 0, 0, 0, 0
66802 0 53 66811 0 64 66812 0 65 66816 0 78 66819 0 54 66831 0 72 66837 0 90 66837 0 91 66837 0 92 66839 0 73 66840 0 78 66849 0 52 66866 0 78 66899 0 78 66911 0 72 66926 0 53 66960 0 78 66972 0 51 66989 0 52 66990 0 54 67084 0 53 67127 0 65 67128 0 64 67131 0 78 67143 0 73 67147 0 54 67152 0 72 67152 0 90 67152 0 91 67152 0 92 67154 0 78 67170 0 52 67180 0 78 67200 0 51 67209 0 73 67212 0 78 67215 0 53 67267 0 78 67294 0 
TIME iteration: 298 ms
Round:127
IR: 0, 0, 0, 0, 0
67316 0 54 67372 0 53 67443 0 51 67479 0 54 67502 0 52 67536 0 53 67540 0 64 67540 0 65 67545 0 78 67557 0 67 67558 0 66 67562 0 72 67566 0 90 67566 0 91 67566 0 92 67567 0 79 67569 0 78 67570 0 73 67591 0 79 67596 0 78 67602 0 51 67618 0 79 67623 0 54 67629 0 78 67633 0 52 67648 0 75 67653 0 79 67656 0 74 67688 0 53 67691 0 90 67691 0 91 67691 0 92 67695 0 78 67776 0 54 67796 0 53 67802 0 
TIME iteration: 298 ms
Round:128
IR: 0, 0, 0, 0, 0
67857 0 51 67895 0 54 67896 0 53 67968 0 52 68012 0 51 68040 0 54 68053 0 53 68054 0 66 68054 0 67 68060 0 65 68060 0 79 68061 0 64 68067 0 78 68082 0 90 68082 0 91 68082 0 92 68084 0 79 68089 0 75 68090 0 72 68091 0 73 68091 0 74 68091 0 78 68111 0 79 68118 0 78 68145 0 79 68152 0 78 68160 0 51 68168 0 52 68173 0 54 68213 0 90 68213 0 91 68213 0 92 68233 0 78 68259 0 53 68290 0 54 68316 0 51 68317 0 
TIME iteration: 298 ms
Round:129
IR: 0, 0, 0, 0, 0
68378 0 53 68408 0 54 68421 0 51 68479 0 52 68484 0 53 68513 0 51 68523 0 64 68523 0 65 68525 0 60 68526 0 61 68529 0 78 68534 0 76 68549 0 90 68549 0 91 68549 0 92 68550 0 72 68550 0 73 68553 0 78 68558 0 76 68570 0 54 68580 0 78 68585 0 76 68608 0 52 68614 0 78 68616 0 68 68620 0 76 68626 0 69 68646 0 51 68658 0 53 68680 0 90 68680 0 91 68680 0 92 68690 0 78 68696 0 54 68755 0 52 68781 0 51 68813 0 54 68854 0 
TIME iteration: 298 ms
Round:130
IR: 0, 0, 0, 0, 0
68906 0 53 68921 0 54 68953 0 51 68993 0 66 68998 0 67 69004 0 79 69025 0 90 69025 0 91 69025 0 92 69028 0 79 69052 0 74 69052 0 75 69055 0 79 69065 0 52 69081 0 51 69090 0 79 69098 0 53 69142 0 54 69180 0 51 69248 0 52 69270 0 54 69277 0 51 69305 0 60 69306 0 61 69313 0 76 69330 0 67 69330 0 90 69330 0 91 69330 0 92 69331 0 53 69337 0 76 69337 0 79 69357 0 68 69360 0 69 69364 0 76 69366 0 79 69378 0 54 69390 0 52 69398 0 76 69407 0 
TIME iteration: 298 ms
Round:131
IR: 0, 0, 0, 0, 0
69456 0 51 69467 0 90 69467 0 91 69467 0 92 69576 0 53 69611 0 51 69614 0 54 69625 0 52 69758 0 51 69785 0 52 69785 0 53 69825 0 54 69901 0 52 69906 0 63 69907 0 62 69915 0 77 69938 0 90 69938 0 91 69938 0 92 69939 0 77 69948 0 53 69951 0 
TIME iteration: 297 ms
Round:132
IR: 0, 0, 0, 0, 0
69966 0 77 70001 0 77 70003 0 71 70006 0 70 70040 0 52 70041 0 54 70093 0 53 70101 0 51 70185 0 54 70192 0 53 70204 0 52 70235 0 51 70237 0 62 70238 0 63 70240 0 77 70252 0 64 70252 0 65 70260 0 78 70263 0 71 70263 0 77 70263 0 90 70263 0 91 70263 0 92 70264 0 70 70271 0 53 70284 0 78 70289 0 77 70290 0 54 70311 0 78 70321 0 77 70332 0 72 70337 0 73 70345 0 78 70363 0 53 70374 0 52 70374 0 77 70387 0 51 70388 0 90 70388 0 91 70388 0 92 70421 0 54 70476 0 53 70487 0 
TIME iteration: 298 ms
Round:133
IR: 0, 0, 0, 0, 0
70509 0 52 70597 0 53 70614 0 52 70629 0 54 70672 0 51 70719 0 53 70728 0 64 70728 0 65 70733 0 78 70757 0 78 70757 0 90 70757 0 91 70757 0 92 70762 0 72 70764 0 73 70777 0 52 70784 0 78 70801 0 51 70817 0 78 70827 0 54 70883 0 78 70914 0 51 70945 0 52 70948 0 53 70976 0 
TIME iteration: 298 ms
Round:134
IR: 0, 0, 0, 0, 0
71049 0 51 71078 0 53 71085 0 60 71085 0 61 71093 0 76 71111 0 52 71111 0 90 71111 0 91 71111 0 92 71117 0 76 71125 0 54 71144 0 76 71167 0 68 71174 0 69 71178 0 76 71217 0 51 71249 0 52 71294 0 54 71296 0 53 71385 0 52 71394 0 51 71428 0 54 71436 0 60 71436 0 61 71439 0 76 71461 0 69 71461 0 90 71461 0 91 71461 0 92 71462 0 68 71462 0 76 71478 0 53 71488 0 76 71520 0 76 71536 0 
TIME iteration: 298 ms
Round:135
IR: 0, 0, 0, 0, 0
71567 0 54 71573 0 52 71574 0 76 71644 0 53 71658 0 51 71686 0 54 71688 0 52 71762 0 51 71769 0 60 71769 0 61 71773 0 76 71785 0 68 71785 0 69 71793 0 54 71794 0 90 71794 0 91 71794 0 92 71796 0 76 71807 0 52 71822 0 76 71840 0 53 71851 0 69 71852 0 68 71854 0 76 71889 0 51 71893 0 54 71910 0 76 71965 0 52 71984 0 53 72016 0 54 72039 0 51 72062 0 60 72062 0 61 72065 0 
TIME iteration: 308 ms
Round:136
IR: 0, 0, 0, 0, 0
72083 0 69 72084 0 68 72086 0 90 72086 0 91 72086 0 92 72088 0 53 72088 0 76 72114 0 76 72141 0 52 72146 0 76 72168 0 69 72177 0 51 72191 0 54 72200 0 76 72220 0 53 72324 0 51 72330 0 53 72358 0 52 72365 0 60 72367 0 61 72370 0 76 72378 0 68 72390 0 69 72390 0 90 72390 0 91 72390 0 92 72393 0 76 72410 0 54 72411 0 53 72419 0 76 72437 0 68 72443 0 51 72451 0 76 72486 0 52 72507 0 76 72526 0 53 72575 0 
TIME iteration: 298 ms
Round:137
IR: 0, 0, 0, 0, 0
72616 0 52 72627 0 54 72725 0 53 72750 0 51 72758 0 60 72759 0 61 72763 0 76 72779 0 69 72782 0 64 72784 0 65 72784 0 90 72784 0 91 72784 0 92 72786 0 68 72787 0 76 72791 0 78 72797 0 52 72813 0 76 72815 0 78 72842 0 78 72846 0 76 72860 0 51 72862 0 69 72874 0 73 72876 0 78 72877 0 53 72880 0 72 72906 0 90 72906 0 91 72906 0 92 72907 0 76 72913 0 54 72981 0 52 72990 0 51 72998 0 53 73048 0 54 73084 0 52 73101 0 
TIME iteration: 298 ms
Round:138
IR: 0, 0, 0, 0, 0
73157 0 53 73182 0 52 73205 0 54 73207 0 63 73208 0 62 73216 0 77 73236 0 90 73236 0 91 73236 0 92 73240 0 77 73263 0 51 73267 0 77 73284 0 53 73301 0 71 73302 0 77 73307 0 52 73307 0 70 73350 0 54 73395 0 51 73419 0 53 73470 0 52 73488 0 54 73520 0 63 73521 0 62 73523 0 77 73537 0 51 73544 0 71 73545 0 70 73545 0 90 73545 0 91 73545 0 92 73546 0 77 73572 0 77 73576 0 53 73597 0 52 73604 0 77 73618 0 54 73657 0 
TIME iteration: 298 ms
Round:139
IR: 0, 0, 0, 0, 0
73676 0 51 73767 0 54 73780 0 52 73782 0 53 73833 0 51 73919 0 54 73938 0 66 73938 0 67 73947 0 79 73948 0 52 73948 0 53 73963 0 62 73964 0 63 73964 0 90 73964 0 91 73964 0 92 73969 0 77 73971 0 79 73987 0 70 73987 0 71 73993 0 77 73998 0 79 74015 0 51 74020 0 77 74029 0 75 74033 0 79 74035 0 74 74053 0 77 74062 0 52 74086 0 90 74086 0 91 74086 0 92 74089 0 53 74120 0 77 74136 0 54 74175 0 
TIME iteration: 298 ms
Round:140
IR: 0, 0, 0, 0, 0
74210 0 53 74221 0 52 74295 0 54 74302 0 51 74350 0 52 74426 0 54 74437 0 53 74454 0 66 74455 0 67 74460 0 79 74474 0 51 74484 0 79 74484 0 90 74484 0 91 74484 0 92 74492 0 75 74494 0 74 74504 0 52 74511 0 79 74545 0 79 74564 0 54 74570 0 53 74628 0 51 74640 0 52 74665 0 54 74689 0 
TIME iteration: 298 ms
Round:141
IR: 0, 0, 0, 0, 0
74764 0 51 74793 0 52 74845 0 63 74846 0 62 74852 0 54 74853 0 77 74859 0 60 74861 0 66 74861 0 67 74866 0 79 74869 0 61 74872 0 90 74872 0 91 74872 0 92 74873 0 76 74877 0 77 74884 0 75 74886 0 74 74890 0 79 74892 0 53 74896 0 71 74897 0 76 74900 0 51 74900 0 70 74904 0 77 74917 0 79 74919 0 52 74924 0 76 74938 0 77 74951 0 79 74953 0 68 74953 0 69 74959 0 76 74986 0 90 74986 0 91 74986 0 92 75020 0 51 75030 0 52 75138 0 51 75151 0 53 75170 0 52 75253 0 
TIME iteration: 298 ms
Round:142
IR: 0, 0, 0, 0, 0
75303 0 52 75328 0 51 75334 0 63 75335 0 62 75340 0 77 75363 0 90 75363 0 91 75363 0 92 75364 0 77 75367 0 70 75367 0 71 75384 0 54 75391 0 77 75397 0 53 75402 0 52 75424 0 77 75491 0 77 75535 0 52 75535 0 54 75541 0 51 75612 0 53 75673 0 54 75678 0 52 75696 0 62 75696 0 63 75701 0 77 75715 0 71 75716 0 70 75720 0 67 75721 0 66 75722 0 90 75722 0 91 75722 0 92 75725 0 77 75729 0 79 75752 0 77 75753 0 79 75758 0 53 75770 0 74 75771 0 75 75780 0 54 75780 0 79 75785 0 
TIME iteration: 298 ms
Round:143
IR: 0, 0, 0, 0, 0
75798 0 71 75801 0 70 75815 0 79 75838 0 51 75844 0 90 75844 0 91 75844 0 92 75850 0 77 75912 0 54 75943 0 53 75944 0 52 75994 0 51 76056 0 54 76066 0 53 76110 0 52 76150 0 51 76230 0 52 76241 0 62 76241 0 63 76242 0 53 76247 0 77 76260 0 64 76261 0 65 76269 0 78 76271 0 77 76271 0 90 76271 0 91 76271 0 92 76281 0 71 76282 0 70 76285 0 51 76293 0 78 76298 0 
TIME iteration: 298 ms
Round:144
IR: 0, 0, 0, 0, 0
76320 0 54 76320 0 78 76332 0 77 76348 0 72 76355 0 53 76355 0 78 76356 0 52 76361 0 73 76398 0 90 76398 0 91 76398 0 92 76408 0 77 76453 0 51 76456 0 54 76475 0 53 76511 0 52 76592 0 54 76640 0 53 76661 0 51 76688 0 52 76721 0 54 76750 0 66 76750 0 67 76758 0 79 76780 0 90 76780 0 91 76780 0 92 76782 0 79 76798 0 53 76809 0 79 76812 0 75 76814 0 74 76843 0 52 76843 0 
TIME iteration: 298 ms
Round:145
IR: 0, 0, 0, 0, 0
76850 0 54 76852 0 51 76971 0 54 76975 0 52 76988 0 51 77014 0 53 77112 0 52 77122 0 51 77136 0 62 77137 0 63 77144 0 61 77144 0 77 77145 0 60 77153 0 76 77163 0 90 77163 0 91 77163 0 92 77167 0 54 77168 0 77 77177 0 76 77190 0 70 77191 0 71 77194 0 53 77195 0 77 77204 0 76 77229 0 77 77234 0 51 77235 0 68 77237 0 69 77239 0 76 77292 0 90 77292 0 91 77292 0 92 77307 0 54 77335 0 
TIME iteration: 298 ms
Round:146
IR: 0, 0, 0, 0, 0
77426 0 54 77448 0 53 77457 0 51 77509 0 52 77610 0 51 77638 0 53 77666 0 54 77713 0 52 77752 0 62 77753 0 63 77759 0 77 77783 0 77 77784 0 90 77784 0 91 77784 0 92 77790 0 53 77792 0 71 77793 0 70 77810 0 77 77829 0 51 77844 0 77 77847 0 52 77894 0 54 77896 0 
TIME iteration: 298 ms
Round:147
IR: 0, 0, 0, 0, 0
77925 0 77 77973 0 52 78005 0 53 78065 0 51 78108 0 54 78138 0 53 78139 0 65 78140 0 64 78148 0 78 78166 0 90 78166 0 91 78166 0 92 78167 0 52 78172 0 78 78199 0 78 78212 0 51 78222 0 73 78231 0 72 78234 0 78 78347 0 51 78369 0 52 78391 0 54 78438 0 
TIME iteration: 298 ms
Round:148
IR: 0, 0, 0, 0, 0
78481 0 51 78513 0 60 78514 0 61 78515 0 52 78522 0 76 78539 0 90 78539 0 91 78539 0 92 78546 0 76 78573 0 76 78574 0 53 78586 0 68 78589 0 69 78608 0 76 78626 0 52 78640 0 54 78695 0 51 78700 0 53 78795 0 54 78801 0 52 78804 0 51 78833 0 61 78834 0 60 78836 0 76 78856 0 68 78856 0 69 78858 0 90 78858 0 91 78858 0 92 78859 0 76 78861 0 53 78885 0 76 78897 0 52 78917 0 76 78951 0 
TIME iteration: 298 ms
Round:149
IR: 0, 0, 0, 0, 0
78970 0 76 78985 0 54 79016 0 53 79030 0 52 79115 0 54 79144 0 51 79151 0 52 79183 0 62 79183 0 63 79191 0 77 79208 0 90 79208 0 91 79208 0 92 79215 0 53 79215 0 77 79242 0 77 79259 0 71 79260 0 70 79272 0 51 79276 0 77 79277 0 54 79281 0 52 79389 0 53 79396 0 54 79411 0 51 79437 0 
TIME iteration: 298 ms
Round:150
IR: 0, 0, 0, 0, 0
79502 0 63 79503 0 62 79505 0 77 79520 0 53 79522 0 54 79525 0 70 79525 0 71 79527 0 90 79527 0 91 79527 0 92 79528 0 77 79554 0 77 79573 0 51 79575 0 52 79586 0 77 79639 0 53 79639 0 77 79663 0 54 79736 0 53 79741 0 52 79751 0 51 79795 0 54 79887 0 52 79891 0 66 79892 0 51 79893 0 53 79897 0 65 79899 0 64 79903 0 63 79904 0 62 79906 0 78 79908 0 77 79911 0 79 79920 0 90 79920 0 91 79920 0 92 79923 0 70 79924 0 71 79927 0 54 79930 0 78 79932 0 77 79944 0 79 79957 0 78 79958 0 77 79983 0 72 79987 0 73 79988 0 51 79991 0 77 79991 0 78 79995 0 53 80004 0 70 80005 0 52 80008 0 79 80014 0 
TIME iteration: 299 ms
Round:151
IR: 0, 0, 0, 0, 0
80041 0 90 80041 0 91 80041 0 92 80052 0 77 80088 0 51 80107 0 53 80178 0 52 80209 0 54 80227 0 53 80310 0 52 80334 0 51 80355 0 53 80372 0 54 80373 0 64 80373 0 65 80378 0 78 80399 0 62 80402 0 78 80402 0 90 80402 0 91 80402 0 92 80403 0 52 80406 0 72 80408 0 73 80411 0 77 80429 0 78 80441 0 77 80451 0 51 80462 0 78 80486 0 77 80526 0 54 80528 0 78 80545 0 90 80545 0 91 80545 0 92 80557 0 
TIME iteration: 299 ms
Round:152
IR: 0, 0, 0, 0, 0
80562 0 51 80564 0 52 80686 0 54 80688 0 52 80695 0 51 80732 0 53 80838 0 52 80841 0 54 80894 0 51 80902 0 62 80909 0 63 80912 0 77 80934 0 53 80936 0 77 80936 0 90 80936 0 91 80936 0 92 80941 0 70 80942 0 71 80963 0 77 80973 0 54 80997 0 77 81055 0 52 81069 0 51 81076 0 77 81085 0 
TIME iteration: 307 ms
Round:153
IR: 0, 0, 0, 0, 0
81153 0 54 81157 0 51 81198 0 52 81215 0 53 81254 0 51 81258 0 60 81259 0 61 81267 0 76 81284 0 90 81284 0 91 81284 0 92 81291 0 76 81312 0 54 81318 0 76 81351 0 52 81352 0 68 81353 0 76 81356 0 69 81404 0 53 81413 0 51 81439 0 54 81545 0 52 81545 0 54 81565 0 53 81591 0 66 81593 0 67 81601 0 79 81609 0 51 81617 0 90 81617 0 91 81617 0 
TIME iteration: 298 ms
Round:154
IR: 0, 0, 0, 0, 0
81625 0 79 81652 0 79 81653 0 54 81676 0 74 81676 0 75 81687 0 79 81743 0 52 81759 0 53 81806 0 54 81832 0 51 81912 0 53 81940 0 54 81943 0 52 81944 0 67 81945 0 66 81948 0 79 81970 0 75 81970 0 90 81970 0 91 81970 0 92 81971 0 74 81971 0 79 81997 0 79 82011 0 51 82029 0 79 82087 0 79 82112 0 54 82115 0 52 82117 0 
TIME iteration: 297 ms
Round:155
IR: 0, 0, 0, 0, 0
82179 0 51 82262 0 53 82280 0 54 82315 0 52 82334 0 66 82337 0 67 82341 0 79 82355 0 51 82355 0 75 82356 0 74 82362 0 90 82362 0 91 82362 0 92 82365 0 79 82392 0 79 82426 0 52 82426 0 79 82445 0 75 82446 0 54 82460 0 53 82527 0 51 82574 0 52 82673 0 53 82677 0 
TIME iteration: 297 ms
Round:156
IR: 0, 0, 0, 0, 0
82703 0 51 82738 0 67 82740 0 66 82743 0 79 82747 0 52 82760 0 74 82765 0 90 82765 0 91 82765 0 92 82766 0 79 82769 0 75 82791 0 54 82792 0 79 82824 0 79 82846 0 74 82852 0 53 82868 0 51 82883 0 79 82921 0 54 82924 0 52 82971 0 51 83043 0 54 83051 0 66 83051 0 67 83055 0 79 83066 0 75 83075 0 74 83075 0 90 83075 0 91 83075 0 92 83078 0 79 83092 0 51 83104 0 79 83117 0 52 83129 0 53 83129 0 75 83136 0 79 83180 0 54 83195 0 
TIME iteration: 298 ms
Round:157
IR: 0, 0, 0, 0, 0
83223 0 51 83257 0 52 83286 0 54 83305 0 51 83319 0 53 83323 0 67 83325 0 66 83328 0 79 83334 0 74 83343 0 75 83347 0 90 83347 0 91 83347 0 92 83351 0 79 83365 0 52 83377 0 79 83388 0 74 83409 0 79 83421 0 75 83436 0 51 83438 0 54 83466 0 79 83492 0 53 83500 0 52 83588 0 53 83638 0 54 83642 0 51 83670 0 67 83672 0 66 83673 0 52 83676 0 79 83695 0 74 83696 0 75 83696 0 90 83696 0 91 83696 0 92 83700 0 79 83727 0 
TIME iteration: 298 ms
Round:158
IR: 0, 0, 0, 0, 0
83746 0 53 83760 0 79 83782 0 51 83834 0 79 83866 0 52 83880 0 53 83910 0 51 83982 0 54 84069 0 52 84156 0 51 84169 0 54 84180 0 62 84182 0 60 84182 0 61 84190 0 76 84198 0 77 84207 0 53 84207 0 90 84207 0 91 84207 0 92 84213 0 52 84214 0 76 84230 0 77 84241 0 
TIME iteration: 297 ms
Round:159
IR: 0, 0, 0, 0, 0
84271 0 51 84271 0 68 84275 0 76 84276 0 69 84285 0 77 84293 0 54 84369 0 90 84369 0 91 84369 0 92 84375 0 53 84420 0 52 84425 0 51 84459 0 54 84572 0 51 84577 0 52 84641 0 53 84667 0 54 84702 0 51 84727 0 60 84728 0 61 84733 0 76 84741 0 52 84757 0 76 84758 0 90 84758 0 91 84758 0 92 84766 0 69 84768 0 68 84778 0 54 84784 0 
TIME iteration: 297 ms
Round:160
IR: 0, 0, 0, 0, 0
84807 0 53 84817 0 76 84847 0 51 84884 0 76 84918 0 52 84950 0 53 84950 0 54 84987 0 51 85073 0 54 85092 0 53 85115 0 66 85115 0 67 85123 0 64 85123 0 65 85124 0 79 85131 0 78 85141 0 90 85141 0 91 85141 0 92 85147 0 51 85148 0 79 85155 0 78 85164 0 54 85175 0 79 85182 0 78 85185 0 52 85188 0 75 85190 0 74 85210 0 79 85214 0 72 85215 0 73 85216 0 78 85236 0 53 85270 0 90 85270 0 91 85270 0 92 85292 0 54 85312 0 
TIME iteration: 298 ms
Round:161
IR: 0, 0, 0, 0, 0
85375 0 53 85408 0 54 85455 0 51 85476 0 52 85497 0 53 85527 0 54 85582 0 66 85583 0 67 85588 0 79 85602 0 51 85611 0 90 85611 0 91 85611 0 92 85612 0 79 85615 0 74 85615 0 75 85639 0 79 85653 0 52 85663 0 53 85666 0 54 85673 0 79 85771 0 53 85781 0 52 85787 0 51 85836 0 
TIME iteration: 297 ms
Round:162
IR: 0, 0, 0, 0, 0
85970 0 53 85974 0 51 85975 0 54 85986 0 67 85988 0 66 85991 0 52 85991 0 79 86008 0 65 86009 0 74 86010 0 64 86010 0 75 86013 0 90 86013 0 91 86013 0 92 86014 0 79 86016 0 78 86040 0 78 86040 0 79 86066 0 73 86067 0 78 86069 0 72 86072 0 79 86101 0 51 86101 0 78 86131 0 79 86134 0 53 86136 0 90 86136 0 91 86136 0 92 86142 0 54 86193 0 52 86227 0 51 86249 0 54 86325 0 
TIME iteration: 297 ms
Round:163
IR: 0, 0, 0, 0, 0
86391 0 53 86405 0 54 86452 0 52 86480 0 51 86483 0 62 86485 0 63 86492 0 77 86513 0 90 86513 0 91 86513 0 92 86516 0 77 86543 0 77 86547 0 54 86564 0 52 86576 0 70 86577 0 71 86577 0 77 86626 0 53 86695 0 51 86700 0 52 86720 0 54 86752 0 53 86784 0 62 86788 0 77 86790 0 63 86809 0 71 86810 0 70 86811 0 77 86812 0 90 86812 0 91 86812 0 92 86829 0 51 86837 0 77 86868 0 77 86883 0 53 86902 0 54 86906 0 52 86917 0 
TIME iteration: 298 ms
Round:164
IR: 0, 0, 0, 0, 0
86977 0 51 87046 0 53 87070 0 52 87089 0 54 87096 0 51 87143 0 52 87148 0 60 87149 0 61 87150 0 62 87150 0 63 87154 0 77 87157 0 76 87167 0 71 87168 0 70 87172 0 90 87172 0 91 87172 0 92 87177 0 77 87181 0 76 87203 0 77 87207 0 51 87208 0 76 87235 0 77 87237 0 71 87239 0 69 87240 0 68 87241 0 70 87243 0 76 87250 0 52 87270 0 54 87273 0 53 87291 0 77 87302 0 90 87302 0 91 87302 0 92 87361 0 51 87377 0 
TIME iteration: 298 ms
Round:165
IR: 0, 0, 0, 0, 0
87458 0 53 87487 0 54 87514 0 52 87607 0 54 87615 0 53 87668 0 51 87699 0 52 87699 0 54 87700 0 67 87701 0 66 87709 0 79 87717 0 62 87717 0 63 87723 0 77 87731 0 90 87731 0 91 87731 0 92 87733 0 79 87739 0 53 87747 0 77 87758 0 70 87758 0 71 87760 0 79 87774 0 51 87774 0 77 87780 0 74 87786 0 75 87795 0 79 87808 0 77 87828 0 52 87840 0 54 87859 0 90 87859 0 91 87859 0 92 87884 0 77 87931 0 53 87971 0 
TIME iteration: 298 ms
Round:166
IR: 0, 0, 0, 0, 0
87989 0 52 88031 0 54 88043 0 53 88124 0 53 88150 0 64 88151 0 65 88159 0 78 88179 0 90 88179 0 91 88179 0 92 88183 0 51 88183 0 78 88210 0 78 88221 0 53 88223 0 52 88237 0 73 88243 0 72 88245 0 78 88266 0 54 88349 0 52 88352 0 53 88362 0 51 88467 0 52 88471 0 54 88495 0 51 88503 0 63 88504 0 62 88505 0 53 88509 0 64 88509 0 
TIME iteration: 297 ms
Round:167
IR: 0, 0, 0, 0, 0
88511 0 77 88512 0 78 88529 0 90 88529 0 91 88529 0 92 88535 0 77 88535 0 78 88536 0 72 88536 0 73 88552 0 70 88552 0 71 88561 0 78 88562 0 77 88564 0 52 88593 0 78 88596 0 77 88627 0 54 88647 0 78 88658 0 90 88658 0 91 88658 0 92 88670 0 51 88684 0 53 88740 0 52 88792 0 53 88797 0 54 88855 0 51 88906 0 53 88954 0 54 88967 0 64 88968 0 65 88973 0 78 88993 0 72 88993 0 73 88995 0 52 88996 0 90 88996 0 91 88996 0 92 88997 0 78 89024 0 78 89038 0 
TIME iteration: 298 ms
Round:168
IR: 0, 0, 0, 0, 0
89057 0 78 89088 0 51 89103 0 54 89124 0 78 89144 0 52 89199 0 51 89202 0 54 89210 0 53 89299 0 52 89310 0 54 89318 0 66 89319 0 67 89327 0 79 89339 0 51 89344 0 90 89344 0 91 89344 0 92 89351 0 79 89378 0 79 89382 0 53 89397 0 74 89401 0 75 89413 0 79 89427 0 52 89455 0 54 89460 0 51 89552 0 53 89565 0 
TIME iteration: 297 ms
Round:169
IR: 0, 0, 0, 0, 0
89597 0 66 89597 0 67 89599 0 79 89612 0 52 89616 0 51 89618 0 74 89618 0 75 89621 0 90 89621 0 91 89621 0 92 89622 0 79 89648 0 79 89660 0 54 89680 0 79 89696 0 53 89711 0 74 89718 0 75 89735 0 79 89740 0 52 89772 0 51 89784 0 54 89815 0 66 89815 0 67 89818 0 79 89833 0 74 89833 0 75 89837 0 90 89837 0 91 89837 0 92 89841 0 79 89867 0 79 89896 0 52 89899 0 79 89902 0 75 89906 0 74 89910 0 53 89936 0 51 89954 0 79 89989 0 54 90059 0 
TIME iteration: 308 ms
Round:170
IR: 0, 0, 0, 0, 0
90138 0 53 90151 0 54 90158 0 52 90164 0 66 90164 0 67 90169 0 79 90189 0 90 90189 0 91 90189 0 92 90190 0 74 90190 0 75 90193 0 79 90220 0 79 90245 0 51 90253 0 79 90291 0 54 90327 0 79 90343 0 52 90348 0 53 90367 0 51 90406 0 54 90487 0 53 90501 0 67 90503 0 51 90504 0 66 90507 0 79 90519 0 74 90519 0 75 90527 0 90 90527 0 91 90527 0 92 90531 0 79 90536 0 52 90557 0 54 90557 0 79 90587 0 74 90590 0 75 90590 0 
TIME iteration: 298 ms
Round:171
IR: 0, 0, 0, 0, 0
90652 0 79 90660 0 53 90694 0 52 90696 0 51 90705 0 54 90782 0 66 90783 0 67 90786 0 79 90803 0 74 90804 0 75 90806 0 90 90806 0 91 90806 0 92 90809 0 53 90809 0 79 90832 0 52 90835 0 79 90852 0 54 90860 0 51 90867 0 79 90891 0 74 90925 0 79 90970 0 54 90984 0 52 90984 0 53 90990 0 51 91105 0 54 91109 0 66 91109 0 67 91111 0 52 91113 0 79 91122 0 53 91123 0 75 91131 0 51 91133 0 74 91133 0 90 91133 0 91 91133 0 92 91137 0 
TIME iteration: 298 ms
Round:172
IR: 0, 0, 0, 0, 0
91163 0 79 91185 0 75 91196 0 79 91216 0 54 91223 0 53 91252 0 52 91261 0 79 91276 0 51 91358 0 53 91365 0 52 91376 0 54 91429 0 66 91431 0 67 91434 0 79 91445 0 74 91454 0 75 91454 0 90 91454 0 91 91454 0 92 91458 0 79 91480 0 52 91482 0 51 91484 0 79 91511 0 74 91516 0 79 91533 0 54 91537 0 53 91577 0 79 91578 0 51 91631 0 52 91671 0 53 91686 0 
TIME iteration: 298 ms
Round:173
IR: 0, 0, 0, 0, 0
91712 0 51 91755 0 67 91756 0 66 91760 0 79 91770 0 75 91771 0 60 91776 0 61 91778 0 74 91780 0 90 91780 0 91 91780 0 92 91782 0 76 91784 0 79 91806 0 76 91810 0 79 91814 0 51 91823 0 52 91833 0 76 91834 0 75 91843 0 79 91865 0 69 91868 0 76 91873 0 53 91876 0 68 91903 0 90 91903 0 91 91903 0 92 91913 0 79 91942 0 54 91960 0 52 91987 0 53 92007 0 51 92081 0 54 92121 0 53 92131 0 51 92138 0 
TIME iteration: 298 ms
Round:174
IR: 0, 0, 0, 0, 0
92232 0 54 92239 0 53 92253 0 64 92254 0 52 92254 0 65 92262 0 78 92271 0 66 92273 0 51 92274 0 67 92279 0 79 92280 0 63 92281 0 62 92282 0 60 92282 0 61 92283 0 90 92283 0 91 92283 0 92 92286 0 78 92287 0 76 92289 0 77 92301 0 74 92303 0 79 92308 0 75 92311 0 76 92313 0 77 92313 0 78 92319 0 68 92319 0 69 92329 0 54 92330 0 79 92338 0 76 92340 0 77 92341 0 73 92343 0 72 92348 0 78 92364 0 79 92371 0 76 92372 0 70 92373 0 71 92375 0 77 92380 0 53 92393 0 90 92393 0 91 92393 0 92 92420 0 51 92426 0 52 92437 0 76 92489 0 54 92491 0 53 92610 0 53 92627 0 51 92681 0 52 92703 0 54 92736 0 51 92749 0 
TIME iteration: 298 ms
Round:175
IR: 0, 0, 0, 0, 0
92756 0 64 92756 0 65 92761 0 78 92772 0 61 92773 0 60 92778 0 76 92784 0 90 92784 0 91 92784 0 92 92785 0 78 92791 0 52 92792 0 73 92793 0 72 92802 0 69 92802 0 76 92803 0 68 92812 0 54 92812 0 78 92829 0 76 92845 0 78 92862 0 76 92897 0 53 92910 0 90 92910 0 91 92910 0 92 92911 0 78 92917 0 51 92929 0 76 92953 0 52 92992 0 54 93050 0 53 93061 0 51 93083 0 52 93157 0 54 93165 0 53 93189 0 52 93227 0 62 93229 0 63 93236 0 77 93249 0 51 93257 0 90 93257 0 91 93257 0 92 93260 0 
TIME iteration: 299 ms
Round:176
IR: 0, 0, 0, 0, 0
93287 0 77 93288 0 71 93289 0 70 93292 0 52 93311 0 53 93321 0 77 93343 0 54 93375 0 51 93418 0 52 93442 0 53 93492 0 54 93517 0 51 93554 0 52 93567 0 62 93567 0 63 93570 0 77 93581 0 53 93589 0 70 93589 0 71 93592 0 90 93592 0 91 93592 0 92 93593 0 77 93616 0 54 93619 0 77 93651 0 77 93669 0 52 93690 0 51 93703 0 53 93705 0 77 93752 0 
TIME iteration: 297 ms
Round:177
IR: 0, 0, 0, 0, 0
93816 0 52 93858 0 54 93861 0 53 93871 0 51 93904 0 66 93904 0 67 93913 0 79 93929 0 90 93929 0 91 93929 0 92 93937 0 79 93964 0 79 93967 0 52 93976 0 51 93983 0 75 93986 0 74 93999 0 79 94001 0 53 94025 0 54 94098 0 52 94132 0 51 94154 0 53 94174 0 54 94219 0 66 94221 0 67 94223 0 79 94243 0 75 94244 0 74 94244 0 90 94244 0 91 94244 0 92 94246 0 79 94252 0 52 94261 0 51 94272 0 79 94304 0 79 94311 0 
TIME iteration: 298 ms
Round:178
IR: 0, 0, 0, 0, 0
94340 0 53 94360 0 79 94436 0 52 94457 0 51 94462 0 54 94470 0 53 94569 0 54 94577 0 67 94578 0 66 94579 0 52 94582 0 79 94595 0 75 94596 0 74 94603 0 90 94603 0 91 94603 0 92 94606 0 79 94616 0 53 94617 0 51 94632 0 79 94664 0 75 94665 0 79 94672 0 54 94676 0 74 94732 0 79 94769 0 52 94779 0 51 94800 0 54 94819 0 53 94825 0 66 94825 0 67 94828 0 79 94844 0 74 94844 0 75 94848 0 90 94848 0 91 94848 0 92 94851 0 
TIME iteration: 298 ms
Round:179
IR: 0, 0, 0, 0, 0
94877 0 79 94902 0 52 94909 0 79 94921 0 75 94928 0 74 94964 0 79 94974 0 53 94992 0 54 94997 0 51 95027 0 52 95115 0 53 95124 0 54 95128 0 51 95133 0 66 95133 0 67 95137 0 79 95147 0 52 95156 0 75 95157 0 74 95157 0 90 95157 0 91 95157 0 92 95160 0 79 95186 0 79 95218 0 79 95241 0 54 95274 0 51 95275 0 79 95293 0 52 95305 0 53 95380 0 54 95396 0 
TIME iteration: 298 ms
Round:180
IR: 0, 0, 0, 0, 0
95455 0 53 95532 0 52 95559 0 54 95566 0 66 95566 0 67 95572 0 79 95580 0 51 95588 0 75 95589 0 74 95590 0 60 95590 0 61 95593 0 90 95593 0 91 95593 0 92 95596 0 79 95598 0 76 95622 0 76 95623 0 79 95626 0 53 95649 0 76 95657 0 79 95681 0 68 95683 0 76 95684 0 69 95692 0 54 95712 0 52 95716 0 90 95716 0 91 95716 0 92 95743 0 51 95747 0 53 95821 0 52 95836 0 54 95881 0 53 95907 0 
TIME iteration: 298 ms
Round:181
IR: 0, 0, 0, 0, 0
96019 0 51 96033 0 52 96054 0 60 96054 0 61 96055 0 53 96059 0 76 96083 0 76 96083 0 90 96083 0 91 96083 0 92 96088 0 68 96089 0 54 96089 0 69 96110 0 76 96132 0 51 96143 0 76 96164 0 52 96209 0 76 96246 0 54 96261 0 53 96303 0 51 96341 0 52 96378 0 54 96416 0 51 96428 0 60 96428 0 61 96433 0 76 96442 0 67 96445 0 66 96449 0 68 96450 0 53 96450 0 69 96452 0 79 96454 0 90 96454 0 91 96454 0 92 96457 0 
TIME iteration: 298 ms
Round:182
IR: 0, 0, 0, 0, 0
96476 0 79 96484 0 76 96486 0 52 96497 0 74 96499 0 75 96503 0 79 96517 0 54 96517 0 76 96538 0 79 96552 0 68 96579 0 90 96579 0 91 96579 0 92 96582 0 76 96595 0 51 96597 0 53 96622 0 52 96654 0 54 96736 0 53 96803 0 54 96810 0 52 96863 0 53 96904 0 54 96920 0 66 96922 0 67 96924 0 64 96926 0 65 96927 0 79 96933 0 78 96943 0 51 96948 0 90 96948 0 91 96948 0 92 96951 0 79 96952 0 75 96953 0 74 96957 0 78 96978 0 79 96984 0 
TIME iteration: 298 ms
Round:183
IR: 0, 0, 0, 0, 0
97012 0 79 97014 0 53 97018 0 78 97022 0 72 97030 0 73 97034 0 54 97046 0 51 97047 0 52 97080 0 90 97080 0 91 97080 0 92 97162 0 53 97174 0 52 97190 0 54 97244 0 51 97289 0 53 97318 0 52 97356 0 54 97390 0 53 97404 0 64 97404 0 65 97409 0 78 97419 0 52 97431 0 62 97431 0 63 97433 0 78 97433 0 90 97433 0 91 97433 0 92 97439 0 77 97440 0 51 97440 0 72 97440 0 73 97460 0 78 97463 0 77 97488 0 54 97490 0 77 97493 0 78 97519 0 
TIME iteration: 298 ms
Round:184
IR: 0, 0, 0, 0, 0
97524 0 77 97526 0 71 97546 0 52 97547 0 53 97556 0 90 97556 0 91 97556 0 92 97559 0 78 97620 0 54 97651 0 51 97683 0 52 97713 0 53 97794 0 51 97822 0 52 97854 0 54 97906 0 53 97917 0 63 97928 0 77 97944 0 52 97945 0 62 97951 0 51 97951 0 77 97958 0 90 97958 0 91 97958 0 92 97969 0 70 97972 0 71 97976 0 77 98005 0 77 98036 0 54 98046 0 
TIME iteration: 298 ms
Round:185
IR: 0, 0, 0, 0, 0
98052 0 53 98087 0 51 98138 0 52 98154 0 53 98185 0 54 98204 0 51 98306 0 54 98324 0 67 98325 0 66 98333 0 79 98350 0 90 98350 0 91 98350 0 92 98357 0 79 98364 0 52 98364 0 53 98378 0 51 98384 0 79 98397 0 75 98400 0 74 98419 0 79 98466 0 52 98472 0 54 98520 0 53 98552 0 
TIME iteration: 297 ms
Round:186
IR: 0, 0, 0, 0, 0
98598 0 54 98599 0 52 98633 0 66 98633 0 67 98636 0 79 98655 0 75 98656 0 74 98657 0 90 98657 0 91 98657 0 92 98659 0 79 98670 0 53 98685 0 79 98708 0 51 98717 0 79 98755 0 54 98770 0 52 98772 0 79 98867 0 53 98898 0 51 98940 0 52 98947 0 54 99025 0 53 99046 0 51 99062 0 52 99070 0 62 99070 0 63 99073 0 61 99073 0 65 99074 0 60 99075 0 64 99078 0 77 99082 0 76 99082 0 78 99095 0 90 99095 0 91 99095 0 92 99102 0 77 99106 0 76 99106 0 
TIME iteration: 307 ms
Round:187
IR: 0, 0, 0, 0, 0
99129 0 77 99131 0 54 99133 0 76 99133 0 78 99137 0 71 99138 0 70 99146 0 51 99154 0 72 99156 0 73 99161 0 53 99163 0 77 99167 0 68 99167 0 69 99167 0 78 99168 0 76 99207 0 52 99212 0 90 99212 0 91 99212 0 92 99258 0 54 99277 0 53 99286 0 51 99377 0 54 99386 0 52 99418 0 53 99479 0 51 99520 0 53 99538 0 64 99538 0 65 99543 0 78 99566 0 90 99566 0 91 99566 0 92 99567 0 78 99572 0 72 99572 0 73 99594 0 78 99596 0 52 99627 0 78 99636 0 
TIME iteration: 298 ms
Round:188
IR: 0, 0, 0, 0, 0
99686 0 53 99693 0 78 99725 0 52 99733 0 54 99766 0 51 99862 0 53 99914 0 52 99932 0 65 99934 0 64 99938 0 78 99953 0 54 99955 0 73 99956 0 72 99959 0 90 99959 0 91 99959 0 92 99962 0 78 99969 0 53 99989 0 78 100022 0 78 100058 0 51 100069 0 54 100077 0 52 100087 0 78 100098 0 
TIME iteration: 297 ms
Round:189
IR: 0, 0, 0, 0, 0
100186 0 51 100248 0 54 100269 0 52 100269 0 53 100304 0 51 100307 0 64 100309 0 65 100313 0 78 100318 0 61 100319 0 60 100326 0 72 100326 0 73 100327 0 76 100334 0 90 100334 0 91 100334 0 92 100337 0 78 100351 0 76 100364 0 78 100370 0 54 100378 0 76 100387 0 69 100389 0 68 100397 0 78 100399 0 73 100401 0 72 100413 0 76 100442 0 53 100444 0 51 100461 0 52 100462 0 78 100462 0 90 100462 0 91 100462 0 92 100483 0 54 100583 0 52 100617 0 53 100625 0 51 100670 0 
TIME iteration: 298 ms
Round:190
IR: 0, 0, 0, 0, 0
100702 0 52 100749 0 53 100814 0 51 100817 0 52 100820 0 54 100821 0 62 100821 0 63 100825 0 64 100826 0 65 100829 0 77 100832 0 78 100848 0 90 100848 0 91 100848 0 92 100853 0 77 100856 0 78 100862 0 72 100865 0 73 100880 0 77 100883 0 78 100908 0 70 100911 0 71 100914 0 77 100917 0 78 100944 0 54 100979 0 90 100979 0 91 100979 0 92 100990 0 53 100998 0 78 101009 0 52 101019 0 51 101090 0 54 101136 0 51 101194 0 53 101209 0 
TIME iteration: 298 ms
Round:191
IR: 0, 0, 0, 0, 0
101303 0 51 101319 0 52 101349 0 54 101353 0 60 101355 0 61 101358 0 66 101359 0 67 101362 0 76 101368 0 79 101381 0 90 101381 0 91 101381 0 92 101386 0 76 101392 0 79 101393 0 53 101413 0 76 101417 0 68 101418 0 69 101419 0 79 101440 0 52 101442 0 51 101447 0 76 101449 0 75 101454 0 79 101461 0 74 101492 0 54 101512 0 90 101512 0 91 101512 0 92 101557 0 53 101560 0 51 101690 0 52 101701 0 
TIME iteration: 298 ms
Round:192
IR: 0, 0, 0, 0, 0
101777 0 51 101799 0 52 101803 0 53 101831 0 54 101894 0 66 101894 0 67 101900 0 79 101908 0 52 101911 0 62 101911 0 63 101919 0 77 101924 0 79 101924 0 90 101924 0 91 101924 0 92 101933 0 75 101934 0 74 101943 0 77 101946 0 51 101951 0 79 101970 0 77 101974 0 53 101978 0 70 101978 0 71 101985 0 79 102004 0 77 102023 0 54 102052 0 90 102052 0 91 102052 0 92 102095 0 51 102100 0 52 102131 0 53 102174 0 54 102213 0 51 102235 0 52 102257 0 
TIME iteration: 298 ms
Round:193
IR: 0, 0, 0, 0, 0
102311 0 54 102323 0 51 102363 0 60 102364 0 61 102371 0 76 102390 0 52 102392 0 90 102392 0 91 102392 0 92 102395 0 76 102422 0 76 102426 0 54 102426 0 68 102426 0 69 102456 0 76 102478 0 51 102497 0 53 102518 0 52 102615 0 54 102624 0 53 102665 0 51 102679 0 52 102720 0 54 102745 0 61 102751 0 66 102751 0 67 102752 0 60 102752 0 76 102759 0 79 102766 0 53 102773 0 90 102773 0 91 102773 0 92 102774 0 69 102775 0 68 102775 0 76 102783 0 79 102797 0 51 102801 0 76 102804 0 74 102806 0 75 102810 0 
TIME iteration: 298 ms
Round:194
IR: 0, 0, 0, 0, 0
102826 0 54 102833 0 76 102845 0 79 102857 0 52 102888 0 76 102891 0 53 102903 0 90 102903 0 91 102903 0 92 102913 0 51 102950 0 54 103015 0 53 103048 0 54 103081 0 52 103089 0 51 103124 0 53 103169 0 54 103183 0 52 103204 0 66 103205 0 67 103210 0 79 103233 0 90 103233 0 91 103233 0 92 103234 0 74 103234 0 79 103235 0 75 103247 0 51 103261 0 79 103278 0 53 103295 0 79 103306 0 
TIME iteration: 297 ms
Round:195
IR: 0, 0, 0, 0, 0
103380 0 51 103403 0 52 103439 0 53 103482 0 54 103531 0 51 103531 0 52 103594 0 53 103594 0 60 103594 0 61 103602 0 76 103608 0 54 103615 0 66 103616 0 67 103620 0 79 103620 0 90 103620 0 91 103620 0 92 103626 0 76 103627 0 51 103638 0 74 103638 0 75 103644 0 69 103644 0 79 103645 0 68 103653 0 76 103659 0 52 103670 0 79 103687 0 76 103703 0 79 103743 0 90 103743 0 91 103743 0 92 103745 0 53 103752 0 51 103762 0 54 103768 0 79 103784 0 
TIME iteration: 298 ms
Round:196
IR: 0, 0, 0, 0, 0
103920 0 51 103940 0 52 103970 0 53 104040 0 51 104094 0 61 104095 0 60 104100 0 76 104124 0 76 104124 0 90 104124 0 91 104124 0 92 104128 0 69 104129 0 68 104134 0 53 104148 0 52 104151 0 76 104153 0 54 104184 0 76 104220 0 51 104251 0 76 104309 0 54 104330 0 52 104347 0 53 104365 0 
TIME iteration: 297 ms
Round:197
IR: 0, 0, 0, 0, 0
104457 0 53 104463 0 52 104502 0 64 104502 0 65 104504 0 62 104505 0 63 104510 0 51 104510 0 78 104513 0 77 104514 0 60 104514 0 61 104519 0 76 104527 0 90 104527 0 91 104527 0 92 104534 0 78 104537 0 68 104537 0 77 104538 0 69 104543 0 76 104561 0 78 104564 0 77 104570 0 76 104580 0 53 104592 0 71 104595 0 73 104595 0 78 104599 0 77 104603 0 76 104604 0 72 104605 0 70 104608 0 54 104626 0 52 104627 0 51 104643 0 90 104643 0 91 104643 0 92 104669 0 76 104675 0 53 104740 0 54 104801 0 51 104836 0 54 104846 0 53 104872 0 
TIME iteration: 298 ms
Round:198
IR: 0, 0, 0, 0, 0
104975 0 51 105001 0 53 105021 0 52 105027 0 54 105032 0 64 105033 0 65 105038 0 78 105046 0 66 105047 0 67 105055 0 79 105062 0 78 105062 0 90 105062 0 91 105062 0 92 105071 0 72 105072 0 73 105079 0 79 105089 0 78 105106 0 79 105117 0 74 105122 0 75 105122 0 78 105141 0 79 105159 0 52 105169 0 54 105173 0 51 105189 0 78 105191 0 90 105191 0 91 105191 0 92 105235 0 53 105312 0 51 105319 0 52 105402 0 53 105404 0 54 105416 0 
TIME iteration: 298 ms
Round:199
IR: 0, 0, 0, 0, 0
105512 0 52 105537 0 54 105553 0 51 105559 0 61 105560 0 60 105567 0 76 105589 0 90 105589 0 91 105589 0 92 105591 0 76 105614 0 53 105618 0 76 105620 0 52 105620 0 69 105621 0 68 105652 0 76 105674 0 54 105712 0 52 105730 0 51 105752 0 53 105816 0 52 105866 0 62 105867 0 63 105875 0 77 105891 0 90 105891 0 91 105891 0 92 105898 0 53 105899 0 77 105918 0 52 105926 0 77 105941 0 71 105947 0 70 105953 0 54 105956 0 51 105961 0 
TIME iteration: 298 ms
