Round:0
IR: 0, 0, 0, 0, 0
348 0 51 387 0 53 422 0 52 422 0 54 485 0 51 503 0 60 503 0 61 512 0 
TIME iteration: 436 ms
Round:1
IR: 0, 0, 0, 0, 0
536 0 76 542 0 53 544 0 90 544 0 91 544 0 92 563 0 76 598 0 76 613 0 51 658 0 52 669 0 54 673 0 53 704 0 51 762 0 53 832 0 54 863 0 65 871 0 51 873 0 53 874 0 64 877 0 78 892 0 52 895 0 60 895 0 90 895 0 91 895 0 92 901 0 78 903 0 76 928 0 78 932 0 76 951 0 54 962 0 78 968 0 72 972 0 69 973 0 76 1033 0 90 1033 0 91 1033 0 92 1036 0 53 1047 0 
TIME iteration: 299 ms
Round:2
IR: 0, 0, 0, 0, 0
1107 0 51 1113 0 54 1160 0 53 1290 0 51 1294 0 54 1299 0 52 1380 0 53 1428 0 51 1448 0 52 1448 0 61 1449 0 60 1455 0 76 1479 0 76 1479 0 90 1479 0 91 1479 0 92 1483 0 68 1491 0 69 1506 0 76 1515 0 54 1540 0 76 1550 0 
TIME iteration: 298 ms
Round:3
IR: 0, 0, 0, 0, 0
1621 0 76 1642 0 53 1649 0 54 1662 0 52 1814 0 54 1841 0 52 1857 0 67 1858 0 66 1863 0 51 1866 0 79 1882 0 53 1884 0 90 1884 0 91 1884 0 92 1890 0 79 1917 0 79 1952 0 79 1954 0 74 1956 0 75 1991 0 52 2021 0 54 2072 0 
TIME iteration: 298 ms
Round:4
IR: 0, 0, 0, 0, 0
2132 0 53 2158 0 54 2184 0 66 2184 0 67 2187 0 79 2208 0 74 2209 0 75 2209 0 90 2209 0 91 2209 0 92 2210 0 79 2229 0 52 2236 0 79 2240 0 51 2260 0 53 2268 0 79 2325 0 79 2333 0 54 2409 0 52 2425 0 54 2426 0 53 2439 0 51 2496 0 67 2500 0 66 2502 0 79 2512 0 74 2512 0 75 2522 0 90 2522 0 91 2522 0 92 2526 0 79 2537 0 53 2552 0 79 2561 0 52 2575 0 75 2577 0 74 2582 0 54 2583 0 51 2585 0 79 2646 0 
TIME iteration: 299 ms
Round:5
IR: 0, 0, 0, 0, 0
2673 0 53 2716 0 52 2722 0 51 2829 0 53 2846 0 52 2852 0 54 2880 0 62 2881 0 63 2886 0 64 2887 0 65 2889 0 77 2895 0 78 2903 0 51 2906 0 90 2906 0 91 2906 0 92 2913 0 77 2919 0 78 2940 0 77 2946 0 78 2973 0 72 2975 0 71 2975 0 73 2975 0 77 2981 0 78 2983 0 53 2986 0 70 3035 0 90 3035 0 91 3035 0 92 3061 0 54 3110 0 51 3119 0 52 3133 0 
TIME iteration: 299 ms
Round:6
IR: 0, 0, 0, 0, 0
3249 0 51 3282 0 54 3315 0 52 3316 0 53 3413 0 51 3429 0 52 3439 0 60 3439 0 61 3444 0 63 3445 0 62 3447 0 76 3450 0 77 3451 0 54 3467 0 90 3467 0 91 3467 0 92 3471 0 76 3474 0 77 3485 0 70 3485 0 71 3498 0 76 3501 0 77 3506 0 53 3524 0 69 3527 0 68 3532 0 76 3534 0 77 3565 0 52 3599 0 51 3599 0 90 3599 0 91 3599 0 92 3601 0 77 3611 0 54 3656 0 
TIME iteration: 298 ms
Round:7
IR: 0, 0, 0, 0, 0
3768 0 54 3782 0 51 3784 0 52 3784 0 53 3906 0 54 3926 0 51 3942 0 52 3946 0 53 3969 0 66 3970 0 67 3977 0 65 3978 0 79 3980 0 64 3983 0 61 3985 0 60 3986 0 78 3990 0 76 3999 0 90 3999 0 91 3999 0 92 4002 0 79 4010 0 78 4014 0 76 4023 0 68 4024 0 69 4029 0 79 4037 0 78 4041 0 76 4043 0 72 4049 0 73 4049 0 74 4051 0 75 4064 0 79 4071 0 78 4075 0 76 4092 0 53 4116 0 90 4116 0 91 4116 0 92 4151 0 76 4166 0 
TIME iteration: 299 ms
Round:8
IR: 0, 0, 0, 0, 0
4243 0 54 4256 0 51 4314 0 52 4348 0 53 4351 0 54 4411 0 51 4468 0 52 4471 0 53 4504 0 63 4505 0 62 4512 0 77 4528 0 64 4528 0 65 4534 0 78 4534 0 90 4534 0 91 4534 0 92 4536 0 77 4558 0 78 4563 0 51 4563 0 77 4564 0 70 4566 0 72 4566 0 73 4568 0 71 4585 0 78 4590 0 52 4594 0 54 4597 0 77 4603 0 53 4619 0 78 4659 0 90 4659 0 91 4659 0 92 4695 0 78 4697 0 52 4724 0 51 4751 0 
TIME iteration: 299 ms
Round:9
IR: 0, 0, 0, 0, 0
4786 0 54 4887 0 51 4942 0 54 4945 0 52 4946 0 53 5012 0 51 5037 0 61 5038 0 60 5045 0 76 5053 0 53 5065 0 64 5065 0 65 5067 0 90 5067 0 91 5067 0 92 5069 0 76 5071 0 78 5095 0 78 5096 0 76 5098 0 68 5098 0 72 5099 0 73 5100 0 69 5122 0 52 5122 0 78 5130 0 76 5156 0 78 5185 0 51 5190 0 90 5190 0 91 5190 0 92 5216 0 53 5232 0 52 5232 0 78 5241 0 
TIME iteration: 298 ms
Round:10
IR: 0, 0, 0, 0, 0
5301 0 51 5340 0 53 5365 0 52 5443 0 54 5445 0 51 5475 0 52 5507 0 53 5510 0 63 5511 0 62 5518 0 77 5539 0 90 5539 0 91 5539 0 92 5542 0 77 5569 0 77 5571 0 71 5574 0 70 5601 0 51 5603 0 77 5622 0 52 5635 0 54 5645 0 53 5717 0 51 5777 0 54 5805 0 
TIME iteration: 298 ms
Round:11
IR: 0, 0, 0, 0, 0
5887 0 54 5892 0 52 5894 0 51 5901 0 66 5901 0 67 5910 0 79 5921 0 61 5922 0 60 5927 0 90 5927 0 91 5927 0 92 5929 0 76 5934 0 79 5953 0 76 5961 0 79 5978 0 68 5980 0 69 5980 0 76 5983 0 74 5992 0 75 5996 0 79 6014 0 76 6019 0 51 6021 0 53 6028 0 54 6050 0 90 6050 0 91 6050 0 92 6066 0 52 6177 0 52 6191 0 53 6193 0 51 6194 0 54 6302 0 54 6320 0 53 6321 0 
TIME iteration: 299 ms
Round:12
IR: 0, 0, 0, 0, 0
6365 0 51 6403 0 66 6415 0 79 6423 0 63 6439 0 77 6444 0 90 6444 0 91 6444 0 92 6445 0 79 6462 0 54 6470 0 77 6492 0 79 6497 0 52 6521 0 77 6533 0 51 6607 0 53 6646 0 51 6648 0 54 6678 0 52 6721 0 53 6753 0 51 6767 0 60 6768 0 61 6775 0 76 6793 0 90 6793 0 91 6793 0 92 6799 0 76 6807 0 53 6822 0 68 6823 0 69 6826 0 76 6832 0 52 6860 0 76 6868 0 
TIME iteration: 299 ms
Round:13
IR: 0, 0, 0, 0, 0
6904 0 54 6918 0 53 6978 0 52 7034 0 51 7035 0 53 7096 0 64 7099 0 65 7106 0 78 7122 0 90 7122 0 91 7122 0 92 7130 0 78 7133 0 54 7157 0 78 7178 0 73 7185 0 72 7192 0 78 7211 0 51 7216 0 52 7269 0 53 7301 0 54 7350 0 52 7355 0 
TIME iteration: 298 ms
Round:14
IR: 0, 0, 0, 0, 0
7428 0 53 7461 0 54 7461 0 64 7461 0 65 7464 0 78 7474 0 52 7486 0 90 7486 0 91 7486 0 92 7487 0 72 7487 0 78 7488 0 73 7512 0 51 7513 0 78 7545 0 78 7594 0 53 7599 0 78 7622 0 52 7642 0 54 7663 0 51 7724 0 53 7768 0 52 7818 0 54 7828 0 51 7873 0 60 7874 0 61 7881 0 76 7900 0 90 7900 0 91 7900 0 92 7905 0 76 7912 0 53 7916 0 52 7932 0 76 7939 0 68 7939 0 69 7945 0 
TIME iteration: 299 ms
Round:15
IR: 0, 0, 0, 0, 0
7966 0 76 8013 0 54 8029 0 53 8060 0 51 8084 0 52 8189 0 53 8215 0 52 8216 0 51 8226 0 60 8227 0 54 8227 0 61 8230 0 76 8250 0 68 8251 0 69 8252 0 90 8252 0 91 8252 0 92 8253 0 76 8279 0 76 8311 0 76 8361 0 52 8366 0 76 8370 0 53 8378 0 51 8385 0 
TIME iteration: 298 ms
Round:16
IR: 0, 0, 0, 0, 0
8498 0 54 8546 0 52 8561 0 53 8598 0 51 8621 0 54 8624 0 67 8625 0 66 8633 0 79 8651 0 90 8651 0 91 8651 0 92 8657 0 79 8682 0 53 8684 0 79 8714 0 74 8715 0 75 8716 0 52 8719 0 79 8725 0 54 8750 0 51 8829 0 53 8838 0 54 8850 0 52 8881 0 66 8882 0 67 8883 0 79 8901 0 74 8901 0 75 8905 0 90 8905 0 91 8905 0 92 8906 0 79 8932 0 79 8963 0 79 8970 0 54 8980 0 53 8982 0 75 8985 0 74 8988 0 52 8990 0 
TIME iteration: 299 ms
Round:17
IR: 0, 0, 0, 0, 0
9015 0 79 9098 0 52 9104 0 54 9116 0 51 9130 0 66 9130 0 67 9133 0 79 9149 0 75 9150 0 74 9153 0 90 9153 0 91 9153 0 92 9156 0 79 9182 0 79 9187 0 53 9214 0 79 9223 0 51 9230 0 75 9231 0 74 9253 0 54 9258 0 52 9269 0 79 9334 0 53 9416 0 52 9416 0 54 9433 0 66 9433 0 67 9437 0 79 9456 0 74 9456 0 75 9457 0 90 9457 0 91 9457 0 92 9460 0 79 9486 0 79 9490 0 51 9518 0 79 9519 0 53 9523 0 
TIME iteration: 299 ms
Round:18
IR: 0, 0, 0, 0, 0
9567 0 52 9578 0 79 9593 0 51 9631 0 54 9650 0 53 9703 0 52 9735 0 51 9765 0 54 9774 0 66 9775 0 67 9779 0 79 9788 0 60 9790 0 61 9790 0 74 9791 0 75 9797 0 76 9799 0 90 9799 0 91 9799 0 92 9803 0 79 9821 0 76 9829 0 79 9830 0 52 9830 0 53 9848 0 76 9857 0 75 9858 0 74 9862 0 79 9867 0 68 9872 0 69 9882 0 76 9898 0 51 9902 0 54 9924 0 90 9924 0 91 9924 0 92 9927 0 79 9963 0 52 10060 0 52 10066 0 
TIME iteration: 299 ms
Round:19
IR: 0, 0, 0, 0, 0
10127 0 51 10149 0 52 10155 0 53 10198 0 63 10200 0 62 10207 0 77 10227 0 90 10227 0 91 10227 0 92 10231 0 77 10240 0 54 10258 0 51 10258 0 77 10281 0 52 10287 0 70 10292 0 77 10294 0 71 10364 0 53 10382 0 54 10430 0 52 10457 0 51 10515 0 63 10517 0 62 10519 0 77 10529 0 53 10530 0 54 10539 0 70 10540 0 71 10541 0 90 10541 0 91 10541 0 92 10542 0 77 10568 0 77 10571 0 
TIME iteration: 299 ms
Round:20
IR: 0, 0, 0, 0, 0
10600 0 77 10603 0 51 10654 0 77 10678 0 54 10679 0 52 10733 0 53 10796 0 51 10800 0 54 10823 0 52 10846 0 53 10852 0 62 10852 0 63 10856 0 77 10868 0 70 10868 0 71 10877 0 90 10877 0 91 10877 0 92 10879 0 77 10897 0 51 10905 0 77 10921 0 54 10934 0 71 10935 0 70 10936 0 52 10937 0 77 10954 0 53 10993 0 77 11025 0 51 11037 0 52 11054 0 54 11075 0 63 11076 0 62 11078 0 77 11091 0 71 11093 0 70 11098 0 90 11098 0 91 11098 0 92 11101 0 77 11110 0 53 11127 0 
TIME iteration: 299 ms
Round:21
IR: 0, 0, 0, 0, 0
11157 0 71 11158 0 77 11160 0 70 11163 0 52 11209 0 77 11213 0 53 11213 0 54 11233 0 51 11300 0 52 11335 0 62 11335 0 63 11338 0 77 11343 0 53 11354 0 70 11354 0 71 11357 0 51 11358 0 90 11358 0 91 11358 0 92 11361 0 77 11387 0 77 11418 0 54 11419 0 77 11432 0 70 11435 0 71 11442 0 53 11458 0 52 11471 0 51 11473 0 77 11532 0 54 11559 0 53 11639 0 
TIME iteration: 299 ms
Round:22
IR: 0, 0, 0, 0, 0
11666 0 66 11668 0 67 11676 0 79 11687 0 52 11692 0 90 11692 0 91 11692 0 92 11700 0 79 11727 0 79 11745 0 53 11752 0 51 11754 0 74 11758 0 75 11762 0 79 11824 0 54 11858 0 52 11860 0 53 11961 0 51 11982 0 53 12013 0 64 12014 0 65 12022 0 78 12039 0 90 12039 0 91 12039 0 92 12043 0 54 12046 0 78 12073 0 78 12079 0 52 12108 0 78 12112 0 53 12114 0 72 12154 0 51 12188 0 
TIME iteration: 298 ms
Round:23
IR: 0, 0, 0, 0, 0
12237 0 54 12255 0 51 12311 0 52 12331 0 53 12353 0 62 12355 0 63 12359 0 54 12362 0 77 12379 0 90 12379 0 91 12379 0 92 12386 0 77 12413 0 77 12415 0 51 12417 0 71 12419 0 70 12447 0 77 12494 0 53 12495 0 54 12520 0 51 12527 0 52 12632 0 53 12642 0 
TIME iteration: 298 ms
Round:24
IR: 0, 0, 0, 0, 0
12726 0 51 12732 0 52 12774 0 54 12776 0 62 12778 0 53 12778 0 63 12780 0 61 12780 0 66 12780 0 67 12781 0 60 12781 0 77 12787 0 64 12788 0 65 12789 0 76 12789 0 79 12795 0 78 12802 0 90 12802 0 91 12802 0 92 12804 0 77 12806 0 70 12807 0 71 12813 0 76 12813 0 79 12819 0 78 12822 0 51 12830 0 77 12834 0 73 12840 0 76 12840 0 79 12843 0 72 12846 0 75 12846 0 78 12847 0 74 12862 0 77 12875 0 76 12875 0 79 12876 0 68 12879 0 69 12880 0 78 12897 0 52 12905 0 53 12914 0 90 12914 0 91 12914 0 92 12918 0 77 12944 0 54 12999 0 51 13000 0 52 13050 0 53 13069 0 54 13118 0 51 13167 0 52 13196 0 53 13196 0 54 13241 0 67 13242 0 66 13247 0 
TIME iteration: 299 ms
Round:25
IR: 0, 0, 0, 0, 0
13269 0 90 13269 0 91 13269 0 92 13271 0 79 13273 0 75 13275 0 74 13284 0 51 13298 0 79 13331 0 79 13338 0 53 13344 0 52 13354 0 54 13407 0 79 13440 0 51 13509 0 53 13522 0 54 13552 0 52 13601 0 51 13605 0 53 13623 0 65 13624 0 64 13631 0 78 13649 0 54 13649 0 90 13649 0 91 13649 0 92 13655 0 78 13677 0 72 13677 0 73 13682 0 78 13716 0 78 13759 0 53 13769 0 
TIME iteration: 299 ms
Round:26
IR: 0, 0, 0, 0, 0
13812 0 52 13824 0 54 13923 0 52 13930 0 54 13931 0 53 13936 0 51 13987 0 65 13988 0 64 13988 0 66 13988 0 67 13991 0 78 13996 0 79 14010 0 73 14011 0 72 14011 0 90 14011 0 91 14011 0 92 14014 0 78 14020 0 79 14033 0 75 14034 0 74 14035 0 52 14037 0 54 14040 0 78 14047 0 79 14071 0 53 14072 0 78 14082 0 79 14097 0 51 14127 0 78 14141 0 90 14141 0 91 14141 0 92 14171 0 54 14184 0 52 14210 0 53 14301 0 54 14309 0 
TIME iteration: 299 ms
Round:27
IR: 0, 0, 0, 0, 0
14319 0 51 14345 0 53 14436 0 52 14441 0 54 14475 0 62 14475 0 63 14483 0 77 14486 0 67 14488 0 66 14490 0 53 14493 0 79 14504 0 90 14504 0 91 14504 0 92 14507 0 77 14517 0 79 14519 0 74 14519 0 75 14534 0 77 14544 0 79 14550 0 51 14558 0 70 14561 0 71 14568 0 77 14578 0 79 14588 0 54 14591 0 52 14600 0 53 14633 0 90 14633 0 91 14633 0 92 14700 0 51 14736 0 53 14769 0 
TIME iteration: 298 ms
Round:28
IR: 0, 0, 0, 0, 0
14842 0 51 14920 0 53 14921 0 52 14947 0 54 14982 0 51 15006 0 61 15007 0 60 15015 0 76 15036 0 90 15036 0 91 15036 0 92 15039 0 76 15066 0 76 15095 0 69 15096 0 51 15101 0 54 15101 0 68 15101 0 76 15105 0 53 15143 0 52 15210 0 53 15232 0 51 15259 0 52 15269 0 54 15294 0 60 15297 0 61 15298 0 76 15318 0 68 15318 0 69 15320 0 90 15320 0 91 15320 0 92 15321 0 76 15326 0 53 15347 0 
TIME iteration: 299 ms
Round:29
IR: 0, 0, 0, 0, 0
15379 0 76 15389 0 52 15395 0 51 15432 0 76 15466 0 53 15499 0 54 15531 0 52 15668 0 53 15671 0 52 15690 0 62 15690 0 63 15698 0 77 15716 0 90 15716 0 91 15716 0 92 15722 0 77 15731 0 54 15749 0 77 15758 0 71 15765 0 70 15783 0 77 15813 0 51 15813 0 52 15831 0 
TIME iteration: 298 ms
Round:30
IR: 0, 0, 0, 0, 0
15901 0 54 15912 0 52 15944 0 53 15957 0 62 15958 0 63 15959 0 77 15973 0 51 15976 0 70 15976 0 71 15981 0 90 15981 0 91 15981 0 92 15982 0 77 16008 0 77 16034 0 52 16039 0 77 16044 0 54 16048 0 53 16052 0 70 16055 0 71 16089 0 77 16103 0 51 16188 0 53 16220 0 51 16239 0 52 16251 0 54 16278 0 62 16279 0 63 16282 0 77 16302 0 70 16303 0 71 16303 0 90 16303 0 91 16303 0 92 16305 0 77 16321 0 53 16331 0 77 16363 0 77 16378 0 51 16418 0 77 16428 0 
TIME iteration: 299 ms
Round:31
IR: 0, 0, 0, 0, 0
16453 0 53 16508 0 52 16551 0 54 16595 0 53 16605 0 51 16651 0 64 16652 0 65 16660 0 78 16677 0 90 16677 0 91 16677 0 92 16684 0 78 16711 0 78 16725 0 52 16743 0 72 16744 0 53 16744 0 73 16746 0 78 16768 0 51 16778 0 54 16908 0 53 16929 0 51 16944 0 
TIME iteration: 298 ms
Round:32
IR: 0, 0, 0, 0, 0
16969 0 64 16969 0 65 16972 0 78 16993 0 72 16993 0 73 16993 0 90 16993 0 91 16993 0 92 16995 0 78 17000 0 52 17021 0 78 17043 0 51 17053 0 78 17075 0 53 17090 0 54 17107 0 78 17167 0 51 17173 0 53 17176 0 52 17263 0 54 17311 0 52 17328 0 53 17332 0 51 17336 0 64 17337 0 65 17341 0 78 17354 0 72 17355 0 73 17362 0 90 17362 0 91 17362 0 92 17365 0 78 17366 0 54 17391 0 78 17424 0 78 17427 0 72 17428 0 73 17429 0 52 17452 0 53 17474 0 51 17485 0 
TIME iteration: 299 ms
Round:33
IR: 0, 0, 0, 0, 0
17526 0 54 17552 0 52 17553 0 53 17568 0 51 17572 0 64 17572 0 65 17575 0 78 17589 0 72 17590 0 73 17595 0 90 17595 0 91 17595 0 92 17598 0 78 17624 0 78 17656 0 78 17658 0 73 17659 0 72 17666 0 52 17695 0 51 17698 0 53 17709 0 78 17738 0 54 17800 0 51 17839 0 52 17881 0 54 17887 0 53 17910 0 64 17910 0 65 17914 0 78 17935 0 72 17935 0 73 17935 0 90 17935 0 91 17935 0 92 17937 0 78 17952 0 51 17963 0 78 17995 0 54 17995 0 
TIME iteration: 299 ms
Round:34
IR: 0, 0, 0, 0, 0
18030 0 52 18051 0 78 18116 0 53 18131 0 51 18143 0 54 18248 0 52 18253 0 51 18275 0 53 18298 0 60 18298 0 61 18306 0 76 18311 0 54 18324 0 90 18324 0 91 18324 0 92 18330 0 76 18357 0 76 18391 0 76 18394 0 51 18396 0 68 18402 0 69 18412 0 53 18423 0 52 18439 0 54 18547 0 
TIME iteration: 311 ms
Round:35
IR: 0, 0, 0, 0, 0
18577 0 51 18597 0 53 18629 0 60 18630 0 61 18631 0 52 18632 0 76 18654 0 90 18654 0 91 18654 0 92 18655 0 68 18655 0 69 18655 0 76 18681 0 76 18707 0 54 18713 0 76 18717 0 51 18766 0 76 18768 0 53 18797 0 52 18880 0 54 18909 0 51 18941 0 52 18958 0 
TIME iteration: 301 ms
Round:36
IR: 0, 0, 0, 0, 0
19086 0 52 19089 0 63 19090 0 62 19098 0 77 19102 0 51 19104 0 54 19108 0 53 19116 0 60 19116 0 61 19117 0 90 19117 0 91 19117 0 92 19122 0 76 19122 0 77 19142 0 68 19143 0 69 19146 0 76 19149 0 77 19173 0 76 19182 0 70 19184 0 77 19185 0 71 19207 0 76 19239 0 90 19239 0 91 19239 0 92 19240 0 53 19270 0 51 19283 0 76 19296 0 52 19319 0 54 19364 0 53 19427 0 51 19444 0 52 19451 0 54 19567 0 53 19575 0 51 19597 0 
TIME iteration: 302 ms
Round:37
IR: 0, 0, 0, 0, 0
19616 0 61 19617 0 60 19620 0 67 19621 0 66 19622 0 76 19629 0 79 19643 0 90 19643 0 91 19643 0 92 19645 0 68 19645 0 69 19646 0 76 19653 0 79 19667 0 52 19673 0 76 19680 0 79 19706 0 76 19715 0 79 19718 0 74 19762 0 54 19764 0 53 19769 0 51 19773 0 76 19774 0 90 19774 0 91 19774 0 92 19841 0 52 19884 0 54 19912 0 51 19967 0 53 20018 0 52 20020 0 51 20137 0 
TIME iteration: 301 ms
Round:38
IR: 0, 0, 0, 0, 0
20169 0 51 20171 0 60 20172 0 61 20178 0 76 20202 0 76 20202 0 90 20202 0 91 20202 0 92 20204 0 69 20205 0 68 20229 0 76 20235 0 53 20263 0 76 20285 0 52 20294 0 51 20344 0 76 20395 0 53 20410 0 54 20430 0 51 20479 0 52 20556 0 54 20561 0 51 20563 0 60 20563 0 61 20568 0 76 20585 0 68 20586 0 69 20589 0 90 20589 0 91 20589 0 92 20592 0 76 20605 0 53 20619 0 76 20622 0 52 20652 0 76 20668 0 
TIME iteration: 302 ms
Round:39
IR: 0, 0, 0, 0, 0
20683 0 68 20711 0 54 20718 0 76 20722 0 52 20796 0 51 20829 0 53 20834 0 60 20834 0 61 20837 0 76 20844 0 69 20849 0 54 20854 0 52 20855 0 68 20858 0 90 20858 0 91 20858 0 92 20860 0 76 20886 0 76 20900 0 69 20918 0 76 20925 0 51 20937 0 53 20960 0 52 20969 0 54 20972 0 76 21063 0 53 21093 0 52 21106 0 54 21141 0 
TIME iteration: 301 ms
Round:40
IR: 0, 0, 0, 0, 0
21228 0 53 21244 0 52 21244 0 64 21245 0 65 21251 0 62 21251 0 63 21253 0 78 21259 0 77 21271 0 90 21271 0 91 21271 0 92 21277 0 78 21283 0 77 21287 0 51 21301 0 54 21304 0 78 21310 0 77 21333 0 72 21339 0 73 21339 0 78 21343 0 71 21344 0 77 21345 0 70 21384 0 53 21385 0 52 21401 0 90 21401 0 91 21401 0 92 21412 0 51 21472 0 54 21519 0 53 21555 0 51 21567 0 52 21640 0 53 21662 0 54 21669 0 
TIME iteration: 303 ms
Round:41
IR: 0, 0, 0, 0, 0
21737 0 51 21737 0 62 21737 0 63 21742 0 77 21766 0 77 21766 0 90 21766 0 91 21766 0 92 21772 0 70 21773 0 71 21793 0 77 21798 0 53 21826 0 77 21828 0 54 21892 0 77 21932 0 52 21961 0 51 21973 0 53 21977 0 54 22049 0 52 22096 0 53 22102 0 63 22104 0 62 22108 0 77 22123 0 70 22124 0 71 22129 0 90 22129 0 91 22129 0 92 22132 0 77 22151 0 54 22159 0 77 22192 0 77 22204 0 51 22211 0 70 22215 0 52 22218 0 53 22257 0 
TIME iteration: 304 ms
Round:42
IR: 0, 0, 0, 0, 0
22291 0 51 22308 0 54 22314 0 53 22371 0 52 22424 0 62 22424 0 63 22428 0 77 22438 0 71 22449 0 70 22449 0 90 22449 0 91 22449 0 92 22451 0 77 22466 0 51 22472 0 54 22477 0 77 22480 0 53 22492 0 52 22502 0 71 22509 0 77 22565 0 77 22576 0 54 22617 0 52 22649 0 51 22655 0 53 22715 0 52 22722 0 62 22722 0 63 22726 0 77 22732 0 54 22734 0 70 22745 0 71 22746 0 90 22746 0 91 22746 0 92 22749 0 77 22760 0 51 22775 0 77 22783 0 
TIME iteration: 304 ms
Round:43
IR: 0, 0, 0, 0, 0
22791 0 70 22807 0 77 22863 0 77 22885 0 51 22889 0 54 22893 0 52 22932 0 53 23035 0 53 23036 0 51 23069 0 64 23069 0 65 23077 0 78 23079 0 52 23094 0 90 23094 0 91 23094 0 92 23101 0 78 23111 0 54 23128 0 78 23156 0 73 23157 0 51 23162 0 72 23162 0 78 23173 0 53 23265 0 52 23282 0 51 23317 0 
TIME iteration: 303 ms
Round:44
IR: 0, 0, 0, 0, 0
23366 0 53 23385 0 52 23401 0 51 23419 0 64 23419 0 65 23422 0 78 23423 0 61 23424 0 60 23432 0 76 23444 0 90 23444 0 91 23444 0 92 23445 0 73 23445 0 78 23447 0 72 23456 0 76 23471 0 78 23474 0 54 23483 0 76 23503 0 78 23513 0 69 23515 0 68 23518 0 76 23523 0 51 23557 0 78 23571 0 53 23573 0 90 23573 0 91 23573 0 92 23594 0 52 23602 0 54 23628 0 51 23785 0 54 23791 0 53 23819 0 
TIME iteration: 302 ms
Round:45
IR: 0, 0, 0, 0, 0
23947 0 53 23990 0 51 24003 0 64 24004 0 65 24008 0 54 24010 0 78 24011 0 60 24013 0 61 24018 0 76 24027 0 52 24033 0 90 24033 0 91 24033 0 92 24034 0 78 24038 0 72 24039 0 73 24042 0 76 24054 0 68 24054 0 69 24061 0 78 24069 0 76 24073 0 53 24095 0 78 24103 0 76 24124 0 51 24153 0 52 24165 0 90 24165 0 91 24165 0 92 24176 0 78 24179 0 76 24194 0 53 24272 0 51 24308 0 54 24311 0 52 24343 0 
TIME iteration: 302 ms
Round:46
IR: 0, 0, 0, 0, 0
24402 0 51 24426 0 54 24463 0 53 24493 0 52 24503 0 65 24505 0 64 24510 0 78 24528 0 51 24534 0 73 24534 0 78 24534 0 90 24534 0 91 24534 0 92 24535 0 72 24536 0 54 24561 0 78 24581 0 53 24595 0 78 24634 0 52 24637 0 51 24671 0 54 24671 0 78 24767 0 53 24777 0 52 24815 0 51 24866 0 
TIME iteration: 301 ms
Round:47
IR: 0, 0, 0, 0, 0
24914 0 51 24915 0 53 24919 0 60 24919 0 61 24927 0 76 24930 0 65 24931 0 64 24936 0 78 24946 0 90 24946 0 91 24946 0 92 24951 0 76 24954 0 73 24955 0 72 24960 0 78 24974 0 68 24974 0 69 24978 0 76 24987 0 78 24993 0 51 25010 0 54 25012 0 76 25020 0 78 25035 0 53 25074 0 90 25074 0 91 25074 0 92 25080 0 52 25087 0 78 25113 0 51 25168 0 53 25209 0 54 25276 0 51 25276 0 53 25320 0 52 25406 0 52 25423 0 53 25436 0 51 25436 0 64 25436 0 
TIME iteration: 302 ms
Round:48
IR: 0, 0, 0, 0, 0
25442 0 78 25452 0 54 25456 0 62 25456 0 63 25464 0 72 25464 0 73 25464 0 77 25466 0 78 25466 0 90 25466 0 91 25466 0 92 25488 0 77 25493 0 78 25515 0 77 25527 0 78 25535 0 53 25538 0 52 25548 0 71 25549 0 77 25561 0 70 25592 0 90 25592 0 91 25592 0 92 25603 0 78 25641 0 53 25642 0 51 25645 0 52 25689 0 54 25760 0 53 25845 0 51 25869 0 53 25869 0 54 25885 0 52 25898 0 65 25899 0 64 25904 0 78 25925 0 72 25925 0 73 25927 0 90 25927 0 91 25927 0 92 25928 0 78 25955 0 
TIME iteration: 302 ms
Round:49
IR: 0, 0, 0, 0, 0
25974 0 53 25988 0 78 26031 0 54 26035 0 52 26055 0 78 26074 0 51 26119 0 53 26171 0 54 26280 0 52 26289 0 53 26304 0 51 26306 0 64 26307 0 65 26312 0 78 26329 0 72 26329 0 73 26333 0 90 26333 0 91 26333 0 92 26336 0 78 26363 0 78 26368 0 54 26396 0 78 26415 0 52 26448 0 51 26458 0 53 26463 0 78 26490 0 
TIME iteration: 301 ms
Round:50
IR: 0, 0, 0, 0, 0
26516 0 52 26549 0 51 26625 0 54 26662 0 52 26667 0 66 26668 0 67 26676 0 79 26679 0 62 26680 0 63 26688 0 77 26690 0 51 26693 0 90 26693 0 91 26693 0 92 26700 0 79 26712 0 77 26725 0 53 26727 0 79 26739 0 77 26750 0 71 26754 0 70 26762 0 74 26762 0 79 26768 0 75 26774 0 77 26808 0 52 26820 0 90 26820 0 91 26820 0 92 26849 0 53 26874 0 51 26879 0 54 26979 0 54 26995 0 53 27000 0 
TIME iteration: 301 ms
Round:51
IR: 0, 0, 0, 0, 0
27053 0 51 27096 0 54 27104 0 52 27125 0 66 27125 0 67 27130 0 79 27145 0 53 27154 0 79 27154 0 90 27154 0 91 27154 0 92 27160 0 74 27160 0 75 27181 0 79 27201 0 54 27214 0 79 27221 0 51 27285 0 79 27315 0 53 27319 0 52 27324 0 54 27351 0 51 27447 0 53 27457 0 52 27457 0 54 27471 0 66 27472 0 67 27476 0 79 27490 0 74 27490 0 75 27494 0 51 27497 0 90 27497 0 91 27497 0 92 27500 0 79 27526 0 79 27551 0 53 27559 0 
TIME iteration: 311 ms
Round:52
IR: 0, 0, 0, 0, 0
27565 0 74 27567 0 75 27578 0 52 27590 0 51 27592 0 54 27626 0 79 27668 0 53 27696 0 54 27713 0 66 27713 0 67 27716 0 79 27725 0 51 27732 0 74 27733 0 75 27734 0 52 27736 0 90 27736 0 91 27736 0 92 27739 0 79 27765 0 79 27784 0 54 27797 0 79 27812 0 74 27816 0 51 27818 0 75 27853 0 79 27857 0 52 27873 0 53 27927 0 54 27931 0 51 27938 0 52 27955 0 66 27956 0 67 27959 0 79 27974 0 74 27975 0 75 27978 0 90 27978 0 91 27978 0 92 27982 0 79 28008 0 79 28027 0 53 28035 0 52 28040 0 79 28045 0 51 28049 0 74 28060 0 75 28073 0 
TIME iteration: 302 ms
Round:53
IR: 0, 0, 0, 0, 0
28098 0 79 28127 0 52 28139 0 51 28209 0 53 28237 0 51 28251 0 52 28258 0 61 28259 0 60 28267 0 76 28276 0 62 28276 0 63 28282 0 90 28282 0 91 28282 0 92 28284 0 77 28291 0 76 28308 0 77 28318 0 76 28322 0 51 28322 0 54 28335 0 77 28348 0 69 28352 0 70 28353 0 76 28358 0 68 28360 0 53 28361 0 71 28369 0 77 28391 0 52 28405 0 90 28405 0 91 28405 0 92 28426 0 51 28517 0 54 28546 0 52 28556 0 53 28562 0 
TIME iteration: 302 ms
Round:54
IR: 0, 0, 0, 0, 0
28677 0 54 28685 0 51 28716 0 52 28727 0 60 28728 0 61 28731 0 53 28732 0 76 28756 0 76 28756 0 90 28756 0 91 28756 0 92 28761 0 68 28763 0 69 28782 0 76 28815 0 76 28817 0 54 28822 0 51 28828 0 52 28872 0 53 28876 0 76 28937 0 54 28947 0 52 29027 0 51 29041 0 54 29064 0 67 29065 0 66 29073 0 79 29081 0 52 29090 0 90 29090 0 91 29090 0 92 29097 0 79 29124 0 79 29132 0 74 29133 0 75 29136 0 
TIME iteration: 302 ms
Round:55
IR: 0, 0, 0, 0, 0
29159 0 79 29208 0 51 29227 0 54 29259 0 53 29261 0 52 29337 0 51 29381 0 53 29397 0 54 29416 0 64 29417 0 65 29425 0 78 29434 0 66 29435 0 67 29438 0 79 29442 0 90 29442 0 91 29442 0 92 29449 0 78 29454 0 52 29460 0 74 29460 0 75 29461 0 51 29461 0 79 29476 0 78 29487 0 79 29488 0 54 29498 0 53 29507 0 73 29511 0 78 29516 0 72 29519 0 79 29566 0 90 29566 0 91 29566 0 92 29576 0 79 29636 0 52 29652 0 53 29678 0 
TIME iteration: 302 ms
Round:56
IR: 0, 0, 0, 0, 0
29731 0 54 29786 0 53 29822 0 52 29848 0 51 29890 0 53 29903 0 64 29903 0 65 29908 0 78 29926 0 54 29932 0 78 29932 0 90 29932 0 91 29932 0 92 29938 0 72 29938 0 73 29959 0 78 29984 0 51 29992 0 78 29993 0 53 30031 0 52 30058 0 78 30103 0 54 30110 0 53 30137 0 51 30184 0 52 30197 0 
TIME iteration: 301 ms
Round:57
IR: 0, 0, 0, 0, 0
30257 0 53 30266 0 65 30267 0 64 30267 0 67 30268 0 66 30271 0 78 30276 0 79 30287 0 72 30287 0 73 30290 0 90 30290 0 91 30290 0 92 30295 0 78 30300 0 79 30313 0 51 30314 0 54 30316 0 74 30317 0 75 30321 0 78 30327 0 79 30354 0 78 30362 0 79 30377 0 73 30378 0 72 30398 0 52 30415 0 78 30420 0 90 30420 0 91 30420 0 92 30446 0 53 30471 0 51 30524 0 54 30595 0 52 30613 0 51 30655 0 53 30710 0 54 30727 0 
TIME iteration: 301 ms
Round:58
IR: 0, 0, 0, 0, 0
30758 0 60 30758 0 61 30766 0 76 30770 0 52 30787 0 90 30787 0 91 30787 0 92 30790 0 76 30817 0 76 30838 0 53 30843 0 68 30844 0 69 30848 0 51 30851 0 76 30866 0 54 30871 0 52 30989 0 51 31011 0 52 31024 0 53 31055 0 54 31061 0 60 31061 0 61 31063 0 76 31084 0 68 31084 0 69 31085 0 90 31085 0 91 31085 0 92 31086 0 76 31094 0 53 31112 0 76 31124 0 52 31127 0 51 31143 0 76 31182 0 54 31194 0 76 31199 0 
TIME iteration: 302 ms
Round:59
IR: 0, 0, 0, 0, 0
31313 0 51 31337 0 52 31352 0 54 31446 0 53 31511 0 54 31523 0 66 31523 0 67 31532 0 79 31545 0 51 31550 0 90 31550 0 91 31550 0 92 31556 0 79 31583 0 79 31592 0 75 31593 0 74 31618 0 79 31638 0 52 31669 0 51 31692 0 54 31732 0 53 31764 0 51 31798 0 
TIME iteration: 301 ms
Round:60
IR: 0, 0, 0, 0, 0
31829 0 67 31830 0 66 31832 0 79 31850 0 75 31852 0 74 31854 0 90 31854 0 91 31854 0 92 31855 0 79 31881 0 79 31882 0 52 31898 0 51 31913 0 79 31919 0 54 31934 0 75 31956 0 53 31968 0 79 32004 0 52 32009 0 51 32046 0 54 32091 0 53 32106 0 66 32108 0 67 32110 0 79 32118 0 74 32129 0 75 32131 0 90 32131 0 91 32131 0 92 32133 0 79 32159 0 79 32169 0 51 32177 0 74 32185 0 52 32191 0 79 32197 0 53 32198 0 54 32232 0 75 32247 0 79 32276 0 
TIME iteration: 302 ms
Round:61
IR: 0, 0, 0, 0, 0
32347 0 53 32367 0 52 32369 0 54 32401 0 67 32402 0 66 32405 0 79 32422 0 74 32424 0 51 32424 0 75 32425 0 90 32425 0 91 32425 0 92 32428 0 79 32454 0 79 32486 0 79 32502 0 52 32507 0 74 32510 0 54 32544 0 79 32573 0 53 32581 0 51 32641 0 52 32722 0 53 32728 0 54 32736 0 51 32780 0 52 32783 0 66 32786 0 67 32790 0 79 32797 0 62 32798 0 63 32804 0 75 32806 0 77 32809 0 60 32810 0 90 32810 0 91 32810 0 92 32814 0 74 32814 0 79 32827 0 76 32830 0 77 32841 0 79 32857 0 77 32859 0 
TIME iteration: 302 ms
Round:62
IR: 0, 0, 0, 0, 0
32869 0 51 32871 0 54 32875 0 79 32885 0 75 32889 0 71 32892 0 77 32900 0 70 32914 0 76 32928 0 90 32928 0 91 32928 0 92 32932 0 53 32934 0 52 32978 0 51 33072 0 53 33076 0 54 33140 0 51 33173 0 52 33189 0 53 33280 0 54 33284 0 64 33286 0 65 33293 0 78 33298 0 51 33305 0 52 33314 0 90 33314 0 91 33314 0 92 33317 0 78 33330 0 53 33344 0 78 33376 0 72 33378 0 78 33380 0 
TIME iteration: 301 ms
Round:63
IR: 0, 0, 0, 0, 0
33392 0 54 33424 0 51 33428 0 52 33495 0 53 33531 0 54 33561 0 52 33622 0 51 33629 0 53 33638 0 64 33639 0 65 33642 0 78 33664 0 90 33664 0 91 33664 0 92 33665 0 72 33665 0 78 33666 0 73 33675 0 54 33691 0 78 33696 0 52 33723 0 78 33771 0 54 33775 0 53 33777 0 51 33778 0 78 33861 0 54 33886 0 
TIME iteration: 301 ms
Round:64
IR: 0, 0, 0, 0, 0
33923 0 52 33927 0 53 33960 0 54 33961 0 66 33961 0 67 33970 0 79 33986 0 90 33986 0 91 33986 0 92 33994 0 79 33998 0 51 34021 0 79 34028 0 74 34030 0 75 34056 0 79 34072 0 52 34092 0 54 34122 0 53 34131 0 51 34214 0 54 34234 0 52 34252 0 66 34253 0 67 34255 0 79 34273 0 74 34273 0 75 34276 0 90 34276 0 91 34276 0 92 34278 0 79 34298 0 51 34304 0 79 34316 0 53 34336 0 79 34343 0 54 34362 0 74 34363 0 52 34365 0 75 34390 0 79 34402 0 
TIME iteration: 302 ms
Round:65
IR: 0, 0, 0, 0, 0
34461 0 52 34470 0 54 34491 0 67 34492 0 66 34494 0 79 34511 0 74 34511 0 75 34514 0 90 34514 0 91 34514 0 92 34517 0 79 34543 0 79 34546 0 53 34563 0 52 34575 0 79 34589 0 74 34598 0 75 34613 0 54 34629 0 79 34652 0 51 34674 0 52 34693 0 53 34784 0 54 34800 0 66 34800 0 67 34804 0 79 34824 0 74 34824 0 75 34824 0 90 34824 0 91 34824 0 92 34828 0 79 34854 0 79 34887 0 79 34901 0 52 34928 0 54 34934 0 51 34948 0 79 34979 0 
TIME iteration: 302 ms
Round:66
IR: 0, 0, 0, 0, 0
35068 0 52 35077 0 54 35107 0 51 35172 0 66 35173 0 54 35174 0 67 35178 0 79 35188 0 53 35192 0 74 35192 0 75 35199 0 90 35199 0 91 35199 0 92 35202 0 79 35229 0 79 35262 0 79 35267 0 75 35269 0 74 35275 0 52 35282 0 51 35307 0 53 35337 0 54 35431 0 54 35440 0 66 35440 0 67 35442 0 79 35460 0 74 35461 0 75 35463 0 51 35463 0 90 35463 0 91 35463 0 92 35465 0 79 35491 0 79 35504 0 
TIME iteration: 302 ms
Round:67
IR: 0, 0, 0, 0, 0
35522 0 79 35526 0 52 35546 0 54 35551 0 74 35575 0 79 35628 0 51 35672 0 52 35677 0 54 35714 0 66 35714 0 67 35717 0 79 35724 0 75 35736 0 74 35737 0 90 35737 0 91 35737 0 92 35740 0 79 35744 0 51 35766 0 79 35769 0 53 35780 0 75 35798 0 79 35832 0 52 35847 0 54 35853 0 79 35872 0 51 35952 0 53 35972 0 52 36029 0 
TIME iteration: 302 ms
Round:68
IR: 0, 0, 0, 0, 0
36051 0 51 36052 0 53 36080 0 67 36081 0 66 36085 0 79 36090 0 64 36090 0 65 36098 0 74 36098 0 78 36106 0 90 36106 0 91 36106 0 92 36107 0 75 36109 0 79 36122 0 78 36135 0 52 36135 0 79 36149 0 78 36168 0 79 36173 0 74 36181 0 72 36183 0 78 36185 0 73 36189 0 54 36194 0 53 36216 0 51 36232 0 79 36234 0 90 36234 0 91 36234 0 92 36277 0 52 36320 0 54 36330 0 51 36334 0 53 36408 0 54 36411 0 52 36452 0 51 36486 0 53 36506 0 54 36521 0 66 36521 0 67 36527 0 79 36546 0 75 36549 0 90 36549 0 91 36549 0 92 36551 0 79 36554 0 
TIME iteration: 312 ms
Round:69
IR: 0, 0, 0, 0, 0
36578 0 79 36612 0 79 36614 0 53 36619 0 54 36624 0 52 36658 0 51 36735 0 54 36760 0 53 36790 0 51 36827 0 54 36834 0 66 36834 0 67 36837 0 79 36848 0 75 36850 0 52 36850 0 74 36859 0 90 36859 0 91 36859 0 92 36860 0 79 36870 0 53 36886 0 79 36911 0 75 36918 0 79 36920 0 74 36927 0 51 36952 0 54 36976 0 79 36991 0 53 37038 0 51 37043 0 52 37066 0 54 37087 0 66 37087 0 67 37090 0 79 37096 0 
TIME iteration: 302 ms
Round:70
IR: 0, 0, 0, 0, 0
37105 0 75 37106 0 74 37110 0 90 37110 0 91 37110 0 92 37113 0 79 37132 0 51 37139 0 79 37171 0 79 37178 0 75 37181 0 74 37197 0 54 37211 0 53 37227 0 79 37243 0 52 37322 0 51 37389 0 52 37420 0 54 37448 0 67 37449 0 66 37453 0 79 37454 0 51 37474 0 90 37474 0 91 37474 0 92 37476 0 53 37476 0 74 37476 0 75 37477 0 79 37503 0 79 37536 0 79 37546 0 52 37594 0 51 37601 0 
TIME iteration: 302 ms
Round:71
IR: 0, 0, 0, 0, 0
37649 0 54 37691 0 53 37757 0 52 37802 0 54 37815 0 53 37832 0 51 37852 0 67 37853 0 66 37858 0 79 37867 0 65 37870 0 64 37875 0 74 37875 0 75 37877 0 78 37879 0 90 37879 0 91 37879 0 92 37882 0 79 37901 0 78 37903 0 52 37909 0 79 37928 0 78 37929 0 54 37943 0 79 37952 0 73 37958 0 72 37961 0 51 37963 0 78 37988 0 53 38005 0 90 38005 0 91 38005 0 92 38006 0 54 38135 0 54 38146 0 52 38159 0 
TIME iteration: 302 ms
Round:72
IR: 0, 0, 0, 0, 0
38184 0 51 38229 0 54 38244 0 52 38299 0 53 38314 0 67 38319 0 66 38322 0 79 38328 0 51 38339 0 54 38341 0 74 38343 0 75 38345 0 90 38345 0 91 38345 0 92 38346 0 52 38346 0 79 38373 0 79 38407 0 79 38469 0 52 38509 0 53 38534 0 54 38578 0 51 38633 0 52 38636 0 53 38655 0 
TIME iteration: 302 ms
Round:73
IR: 0, 0, 0, 0, 0
38691 0 66 38691 0 67 38695 0 79 38710 0 74 38710 0 75 38717 0 90 38717 0 91 38717 0 92 38719 0 79 38745 0 79 38750 0 51 38756 0 52 38778 0 79 38787 0 74 38787 0 75 38814 0 54 38834 0 53 38843 0 79 38918 0 51 38931 0 52 39004 0 53 39012 0 54 39037 0 66 39038 0 67 39042 0 79 39047 0 52 39063 0 74 39063 0 90 39063 0 91 39063 0 92 39065 0 75 39066 0 79 39086 0 51 39092 0 79 39125 0 79 39174 0 54 39181 0 52 39190 0 79 39203 0 53 39211 0 
TIME iteration: 302 ms
Round:74
IR: 0, 0, 0, 0, 0
39319 0 54 39342 0 52 39411 0 66 39413 0 53 39419 0 67 39420 0 79 39434 0 74 39436 0 75 39441 0 90 39441 0 91 39441 0 92 39444 0 79 39451 0 51 39469 0 54 39471 0 79 39504 0 79 39507 0 52 39517 0 74 39555 0 53 39577 0 79 39609 0 51 39644 0 52 39699 0 
TIME iteration: 301 ms
Round:75
IR: 0, 0, 0, 0, 0
39797 0 51 39846 0 53 39862 0 52 39863 0 61 39864 0 60 39872 0 76 39890 0 63 39891 0 90 39891 0 91 39891 0 92 39896 0 76 39908 0 77 39923 0 76 39926 0 54 39940 0 77 39953 0 69 39958 0 76 39974 0 51 39976 0 68 39995 0 77 39996 0 53 40027 0 52 40031 0 90 40031 0 91 40031 0 92 40100 0 54 40160 0 52 40165 0 51 40202 0 53 40204 0 
TIME iteration: 301 ms
Round:76
IR: 0, 0, 0, 0, 0
40305 0 53 40321 0 52 40341 0 54 40346 0 51 40368 0 66 40369 0 67 40377 0 79 40398 0 90 40398 0 91 40398 0 92 40401 0 79 40416 0 53 40424 0 75 40428 0 79 40429 0 74 40463 0 79 40510 0 52 40536 0 54 40549 0 51 40559 0 53 40685 0 52 40702 0 54 40709 0 51 40744 0 53 40749 0 67 40750 0 66 40754 0 79 40774 0 75 40776 0 74 40776 0 90 40776 0 91 40776 0 92 40778 0 79 40804 0 
TIME iteration: 302 ms
Round:77
IR: 0, 0, 0, 0, 0
40837 0 79 40852 0 54 40861 0 51 40889 0 52 40902 0 79 40932 0 53 40964 0 54 41018 0 51 41037 0 52 41080 0 53 41147 0 51 41162 0 60 41163 0 61 41164 0 54 41171 0 76 41176 0 52 41177 0 66 41179 0 67 41184 0 79 41187 0 62 41187 0 63 41189 0 90 41189 0 91 41189 0 92 41195 0 76 41195 0 77 41201 0 75 41202 0 74 41208 0 79 41219 0 77 41222 0 76 41235 0 79 41238 0 68 41238 0 69 41246 0 53 41246 0 77 41257 0 76 41264 0 70 41269 0 79 41270 0 52 41270 0 71 41280 0 77 41303 0 90 41303 0 91 41303 0 92 41312 0 
TIME iteration: 302 ms
Round:78
IR: 0, 0, 0, 0, 0
41407 0 51 41412 0 52 41467 0 53 41498 0 54 41585 0 52 41601 0 51 41649 0 53 41659 0 54 41713 0 67 41714 0 66 41720 0 79 41722 0 52 41727 0 62 41728 0 63 41732 0 51 41733 0 77 41743 0 75 41743 0 90 41743 0 91 41743 0 92 41744 0 79 41745 0 74 41757 0 77 41764 0 70 41765 0 71 41771 0 79 41784 0 77 41805 0 79 41817 0 77 41821 0 54 41851 0 
TIME iteration: 301 ms
Round:79
IR: 0, 0, 0, 0, 0
41872 0 90 41872 0 91 41872 0 92 41884 0 77 41897 0 53 41901 0 51 41962 0 52 42023 0 53 42051 0 54 42153 0 52 42163 0 51 42204 0 53 42214 0 54 42269 0 65 42273 0 64 42279 0 78 42301 0 90 42301 0 91 42301 0 92 42303 0 78 42328 0 52 42330 0 78 42355 0 54 42364 0 78 42366 0 72 42370 0 
TIME iteration: 301 ms
Round:80
IR: 0, 0, 0, 0, 0
42424 0 53 42437 0 51 42462 0 52 42507 0 54 42529 0 53 42561 0 65 42562 0 64 42564 0 78 42584 0 72 42584 0 73 42586 0 90 42586 0 91 42586 0 92 42587 0 78 42606 0 51 42613 0 78 42645 0 78 42655 0 52 42665 0 54 42683 0 53 42698 0 78 42720 0 51 42786 0 53 42795 0 52 42832 0 51 42877 0 54 42894 0 61 42896 0 60 42903 0 76 42920 0 90 42920 0 91 42920 0 92 42927 0 
TIME iteration: 302 ms
Round:81
IR: 0, 0, 0, 0, 0
42932 0 53 42940 0 52 42954 0 76 42978 0 69 42981 0 68 42988 0 76 43032 0 54 43074 0 52 43101 0 51 43135 0 54 43202 0 53 43204 0 51 43217 0 52 43229 0 60 43229 0 61 43232 0 76 43254 0 68 43254 0 69 43254 0 90 43254 0 91 43254 0 92 43255 0 76 43278 0 54 43281 0 76 43313 0 76 43314 0 53 43366 0 51 43367 0 76 43380 0 54 43424 0 53 43450 0 
TIME iteration: 302 ms
Round:82
IR: 0, 0, 0, 0, 0
43529 0 51 43560 0 54 43579 0 53 43605 0 65 43606 0 64 43613 0 78 43617 0 60 43626 0 66 43627 0 76 43628 0 67 43631 0 90 43631 0 91 43631 0 92 43635 0 51 43636 0 79 43637 0 52 43637 0 78 43657 0 76 43660 0 79 43664 0 78 43666 0 73 43667 0 72 43680 0 54 43687 0 79 43698 0 53 43698 0 78 43700 0 76 43709 0 75 43713 0 74 43722 0 79 43748 0 90 43748 0 91 43748 0 92 43815 0 51 43816 0 52 43836 0 54 43842 0 
TIME iteration: 302 ms
Round:83
IR: 0, 0, 0, 0, 0
43993 0 51 44005 0 54 44017 0 52 44094 0 51 44118 0 60 44119 0 61 44124 0 76 44127 0 53 44148 0 69 44148 0 76 44148 0 90 44148 0 91 44148 0 92 44149 0 68 44155 0 54 44175 0 76 44208 0 76 44214 0 51 44224 0 52 44275 0 76 44308 0 51 44326 0 54 44330 0 53 44407 0 52 44427 0 53 44468 0 51 44480 0 60 44481 0 61 44485 0 76 44500 0 69 44501 0 68 44505 0 64 44505 0 65 44506 0 90 44506 0 91 44506 0 92 44509 0 76 44513 0 
TIME iteration: 302 ms
Round:84
IR: 0, 0, 0, 0, 0
44533 0 54 44534 0 52 44535 0 76 44537 0 78 44560 0 72 44562 0 73 44564 0 53 44564 0 78 44568 0 76 44580 0 69 44583 0 51 44595 0 68 44598 0 78 44628 0 90 44628 0 91 44628 0 92 44629 0 76 44658 0 52 44674 0 51 44682 0 54 44722 0 53 44831 0 52 44844 0 51 44889 0 53 44903 0 54 44974 0 52 45015 0 62 45016 0 63 45024 0 77 45037 0 53 45045 0 90 45045 0 91 45045 0 92 45048 0 
TIME iteration: 302 ms
Round:85
IR: 0, 0, 0, 0, 0
45052 0 51 45075 0 77 45079 0 54 45110 0 77 45114 0 71 45121 0 70 45124 0 52 45154 0 53 45202 0 51 45230 0 54 45252 0 52 45276 0 53 45294 0 62 45295 0 63 45297 0 77 45316 0 71 45317 0 70 45318 0 90 45318 0 91 45318 0 92 45320 0 77 45346 0 77 45356 0 54 45368 0 51 45378 0 77 45431 0 77 45436 0 53 45459 0 52 45464 0 54 45533 0 51 45536 0 
TIME iteration: 303 ms
Round:86
IR: 0, 0, 0, 0, 0
45589 0 52 45599 0 54 45640 0 66 45640 0 67 45649 0 79 45653 0 63 45657 0 62 45659 0 77 45665 0 90 45665 0 91 45665 0 92 45672 0 70 45672 0 71 45673 0 79 45677 0 53 45682 0 77 45700 0 79 45708 0 77 45726 0 54 45731 0 74 45731 0 75 45735 0 79 45740 0 77 45741 0 70 45741 0 71 45752 0 52 45790 0 90 45790 0 91 45790 0 92 45796 0 77 45827 0 54 45835 0 51 45892 0 52 45901 0 53 45933 0 54 45935 0 51 46039 0 52 46084 0 
TIME iteration: 302 ms
Round:87
IR: 0, 0, 0, 0, 0
46143 0 51 46147 0 54 46192 0 67 46193 0 66 46199 0 79 46200 0 60 46201 0 61 46209 0 76 46222 0 52 46222 0 90 46222 0 91 46222 0 92 46223 0 79 46232 0 74 46232 0 75 46233 0 76 46240 0 53 46250 0 79 46260 0 76 46284 0 69 46284 0 79 46285 0 68 46295 0 76 46333 0 54 46337 0 51 46354 0 90 46354 0 91 46354 0 92 46379 0 52 46387 0 53 46483 0 51 46498 0 54 46520 0 52 46565 0 53 46611 0 51 46621 0 
TIME iteration: 304 ms
Round:88
IR: 0, 0, 0, 0, 0
46677 0 52 46709 0 51 46712 0 60 46712 0 61 46717 0 76 46732 0 62 46732 0 63 46740 0 77 46741 0 54 46741 0 76 46742 0 90 46742 0 91 46742 0 92 46747 0 68 46750 0 69 46760 0 53 46764 0 77 46768 0 76 46791 0 77 46798 0 70 46799 0 71 46801 0 76 46825 0 77 46831 0 52 46849 0 51 46867 0 76 46868 0 90 46868 0 91 46868 0 92 46888 0 54 46932 0 53 46954 0 52 47005 0 51 47079 0 53 47100 0 54 47112 0 52 47168 0 
TIME iteration: 304 ms
Round:89
IR: 0, 0, 0, 0, 0
47204 0 53 47229 0 64 47230 0 65 47238 0 78 47240 0 52 47244 0 54 47251 0 62 47251 0 63 47256 0 77 47259 0 90 47259 0 91 47259 0 92 47262 0 78 47280 0 77 47287 0 70 47288 0 71 47289 0 78 47307 0 77 47317 0 53 47324 0 78 47325 0 73 47331 0 72 47340 0 77 47341 0 51 47358 0 54 47366 0 52 47384 0 90 47384 0 91 47384 0 92 47406 0 77 47500 0 53 47508 0 51 47535 0 54 47652 0 51 47660 0 52 47668 0 
TIME iteration: 304 ms
Round:90
IR: 0, 0, 0, 0, 0
47724 0 53 47765 0 51 47772 0 60 47773 0 61 47780 0 76 47794 0 52 47803 0 90 47803 0 91 47803 0 92 47804 0 76 47831 0 76 47834 0 68 47837 0 69 47849 0 54 47858 0 53 47865 0 76 47894 0 51 47971 0 52 48009 0 54 48038 0 53 48065 0 51 48121 0 52 48129 0 60 48130 0 61 48133 0 76 48139 0 54 48153 0 68 48154 0 69 48155 0 90 48155 0 91 48155 0 92 48156 0 76 48182 0 76 48187 0 51 48214 0 
TIME iteration: 304 ms
Round:91
IR: 0, 0, 0, 0, 0
48269 0 76 48280 0 54 48302 0 52 48321 0 53 48407 0 54 48436 0 53 48461 0 51 48524 0 54 48527 0 66 48527 0 67 48536 0 79 48548 0 52 48553 0 90 48553 0 91 48553 0 92 48560 0 79 48587 0 79 48612 0 74 48615 0 75 48616 0 53 48622 0 79 48649 0 54 48706 0 
TIME iteration: 303 ms
Round:92
IR: 0, 0, 0, 0, 0
48772 0 53 48795 0 54 48808 0 52 48829 0 67 48830 0 66 48832 0 79 48837 0 51 48852 0 74 48853 0 75 48854 0 90 48854 0 91 48854 0 92 48855 0 79 48881 0 79 48890 0 53 48913 0 79 48929 0 54 48967 0 79 48968 0 51 48981 0 52 49044 0 53 49083 0 54 49104 0 52 49117 0 51 49198 0 53 49230 0 54 49233 0 64 49234 0 65 49238 0 66 49238 0 67 49241 0 51 49242 0 78 49243 0 79 49247 0 60 49247 0 61 49255 0 76 49259 0 74 49259 0 75 49259 0 90 49259 0 91 49259 0 92 49265 0 52 49266 0 78 49267 0 79 49279 0 
TIME iteration: 305 ms
Round:93
IR: 0, 0, 0, 0, 0
49293 0 78 49294 0 79 49306 0 76 49309 0 68 49310 0 69 49321 0 72 49322 0 53 49323 0 73 49327 0 79 49328 0 78 49340 0 76 49344 0 75 49375 0 90 49375 0 91 49375 0 92 49398 0 52 49400 0 79 49439 0 51 49439 0 54 49484 0 53 49561 0 52 49576 0 51 49595 0 54 49666 0 53 49699 0 51 49723 0 60 49723 0 61 49728 0 76 49752 0 76 49752 0 90 49752 0 91 49752 0 92 49756 0 68 49756 0 69 49779 0 54 49779 0 76 49812 0 
TIME iteration: 304 ms
Round:94
IR: 0, 0, 0, 0, 0
49820 0 51 49837 0 52 49870 0 53 49878 0 76 49969 0 51 49983 0 54 50019 0 52 50038 0 53 50120 0 52 50137 0 63 50138 0 62 50143 0 51 50146 0 77 50154 0 60 50154 0 61 50159 0 76 50163 0 53 50164 0 90 50164 0 91 50164 0 92 50166 0 54 50170 0 77 50178 0 69 50179 0 68 50183 0 76 50197 0 77 50210 0 76 50225 0 70 50232 0 77 50235 0 71 50243 0 76 50261 0 52 50270 0 51 50289 0 90 50289 0 91 50289 0 92 50309 0 76 50324 0 53 50347 0 
TIME iteration: 304 ms
Round:95
IR: 0, 0, 0, 0, 0
50372 0 51 50397 0 52 50490 0 51 50491 0 53 50574 0 54 50595 0 51 50607 0 60 50607 0 61 50612 0 53 50613 0 76 50627 0 52 50631 0 68 50632 0 69 50636 0 90 50636 0 91 50636 0 92 50637 0 76 50664 0 76 50689 0 54 50698 0 76 50743 0 51 50761 0 52 50774 0 76 50801 0 
TIME iteration: 303 ms
Round:96
IR: 0, 0, 0, 0, 0
50885 0 51 50923 0 52 50937 0 54 50947 0 53 50983 0 60 50993 0 76 51015 0 90 51015 0 91 51015 0 92 51023 0 76 51035 0 51 51057 0 68 51064 0 52 51066 0 76 51069 0 54 51133 0 53 51161 0 51 51220 0 54 51222 0 52 51332 0 53 51337 0 51 51364 0 52 51372 0 60 51373 0 61 51377 0 76 51379 0 54 51393 0 62 51393 0 63 51395 0 69 51401 0 76 51401 0 77 51401 0 90 51401 0 91 51401 0 92 51405 0 
TIME iteration: 304 ms
Round:97
IR: 0, 0, 0, 0, 0
51425 0 77 51427 0 76 51452 0 77 51460 0 76 51467 0 70 51468 0 71 51486 0 77 51492 0 51 51517 0 54 51518 0 52 51521 0 76 51526 0 90 51526 0 91 51526 0 92 51530 0 53 51672 0 51 51674 0 52 51685 0 54 51735 0 53 51809 0 51 51841 0 54 51877 0 52 51880 0 53 51937 0 64 51938 0 
TIME iteration: 302 ms
Round:98
IR: 0, 0, 0, 0, 0
51946 0 78 51968 0 90 51968 0 91 51968 0 92 51970 0 78 51980 0 51 51984 0 52 51994 0 54 51997 0 78 52032 0 78 52033 0 72 52037 0 73 52043 0 53 52078 0 52 52125 0 51 52161 0 54 52202 0 52 52278 0 63 52282 0 62 52288 0 77 52305 0 90 52305 0 91 52305 0 92 52312 0 77 52320 0 51 52333 0 53 52336 0 70 52338 0 71 52339 0 77 52363 0 52 52373 0 77 52416 0 54 52455 0 
TIME iteration: 302 ms
Round:99
IR: 0, 0, 0, 0, 0
52537 0 51 52580 0 52 52583 0 54 52587 0 53 52638 0 65 52639 0 64 52645 0 78 52664 0 90 52664 0 91 52664 0 92 52669 0 78 52683 0 51 52687 0 72 52688 0 73 52696 0 78 52717 0 54 52730 0 78 52751 0 53 52764 0 52 52811 0 78 52854 0 51 52870 0 54 52924 0 52 52931 0 53 52986 0 54 52993 0 
TIME iteration: 306 ms
Round:100
IR: 0, 0, 0, 0, 0
53011 0 67 53012 0 66 53020 0 79 53037 0 90 53037 0 91 53037 0 92 53044 0 79 53071 0 79 53074 0 52 53103 0 75 53105 0 74 53106 0 79 53161 0 53 53170 0 51 53267 0 54 53282 0 52 53320 0 51 53393 0 53 53393 0 54 53410 0 66 53411 0 67 53415 0 79 53437 0 90 53437 0 91 53437 0 92 53439 0 79 53440 0 74 53441 0 75 53450 0 52 53460 0 51 53465 0 79 53484 0 53 53498 0 79 53528 0 
TIME iteration: 306 ms
Round:101
IR: 0, 0, 0, 0, 0
53564 0 79 53575 0 52 53596 0 51 53625 0 53 53693 0 52 53738 0 51 53759 0 62 53759 0 63 53767 0 77 53782 0 53 53784 0 90 53784 0 91 53784 0 92 53791 0 77 53809 0 54 53818 0 77 53836 0 71 53840 0 70 53841 0 52 53852 0 77 53926 0 53 53929 0 54 53954 0 52 53969 0 
TIME iteration: 305 ms
Round:102
IR: 0, 0, 0, 0, 0
54060 0 52 54062 0 62 54062 0 63 54063 0 53 54064 0 77 54084 0 71 54085 0 70 54086 0 90 54086 0 91 54086 0 92 54087 0 77 54103 0 54 54113 0 77 54144 0 77 54190 0 51 54195 0 77 54216 0 52 54290 0 53 54332 0 54 54339 0 52 54362 0 51 54393 0 62 54394 0 63 54397 0 77 54408 0 70 54409 0 71 54418 0 90 54418 0 91 54418 0 92 54420 0 77 54429 0 53 54446 0 77 54471 0 70 54476 0 71 54478 0 77 54517 0 54 54533 0 77 54537 0 53 54564 0 
TIME iteration: 312 ms
Round:103
IR: 0, 0, 0, 0, 0
54595 0 51 54656 0 54 54678 0 53 54706 0 52 54725 0 62 54726 0 63 54730 0 77 54749 0 70 54750 0 90 54750 0 91 54750 0 92 54751 0 71 54752 0 51 54754 0 77 54780 0 77 54794 0 54 54813 0 77 54855 0 53 54874 0 77 54881 0 51 54894 0 52 55012 0 54 55031 0 52 55037 0 51 55050 0 53 55089 0 63 55090 0 62 55094 0 77 55107 0 70 55108 0 71 55115 0 90 55115 0 91 55115 0 92 55118 0 
TIME iteration: 304 ms
Round:104
IR: 0, 0, 0, 0, 0
55121 0 52 55144 0 77 55177 0 77 55179 0 70 55180 0 54 55183 0 71 55195 0 53 55212 0 51 55238 0 77 55300 0 52 55315 0 54 55318 0 53 55341 0 51 55410 0 52 55412 0 62 55412 0 63 55416 0 77 55435 0 71 55437 0 70 55437 0 90 55437 0 91 55437 0 92 55439 0 77 55441 0 54 55455 0 51 55465 0 77 55497 0 77 55550 0 51 55553 0 77 55575 0 52 55617 0 
TIME iteration: 304 ms
Round:105
IR: 0, 0, 0, 0, 0
55667 0 51 55672 0 52 55724 0 62 55724 0 63 55728 0 77 55735 0 61 55737 0 71 55738 0 70 55739 0 60 55745 0 76 55748 0 90 55748 0 91 55748 0 92 55751 0 53 55751 0 77 55769 0 76 55777 0 77 55783 0 54 55796 0 76 55798 0 71 55802 0 70 55809 0 77 55826 0 52 55829 0 69 55830 0 76 55834 0 68 55861 0 51 55865 0 77 55873 0 90 55873 0 91 55873 0 92 55950 0 51 55962 0 53 55973 0 54 56042 0 51 56054 0 52 56072 0 53 56159 0 51 56170 0 60 56170 0 61 56174 0 
TIME iteration: 306 ms
Round:106
IR: 0, 0, 0, 0, 0
56189 0 54 56197 0 76 56199 0 90 56199 0 91 56199 0 92 56203 0 68 56203 0 69 56207 0 53 56223 0 76 56229 0 52 56255 0 76 56311 0 76 56318 0 51 56323 0 54 56350 0 52 56415 0 53 56425 0 54 56500 0 51 56523 0 54 56526 0 66 56526 0 67 56533 0 52 56535 0 79 56552 0 90 56552 0 91 56552 0 92 56559 0 79 56586 0 79 56613 0 51 56621 0 79 56623 0 53 56624 0 74 56627 0 75 56629 0 54 56647 0 
TIME iteration: 299 ms
Round:107
IR: 0, 0, 0, 0, 0
56740 0 51 56795 0 53 56801 0 54 56837 0 52 56838 0 66 56839 0 67 56841 0 79 56862 0 74 56863 0 75 56863 0 90 56863 0 91 56863 0 92 56864 0 79 56890 0 79 56894 0 51 56922 0 79 56962 0 54 56980 0 79 56981 0 52 57052 0 53 57095 0 52 57130 0 51 57160 0 54 57222 0 52 57228 0 62 57228 0 63 57236 0 
TIME iteration: 301 ms
Round:108
IR: 0, 0, 0, 0, 0
57251 0 53 57254 0 90 57254 0 91 57254 0 92 57260 0 77 57273 0 54 57287 0 77 57305 0 71 57310 0 70 57314 0 51 57321 0 77 57341 0 52 57397 0 54 57454 0 51 57456 0 53 57458 0 52 57499 0 63 57502 0 62 57502 0 77 57521 0 70 57521 0 71 57524 0 90 57524 0 91 57524 0 92 57525 0 77 57535 0 54 57551 0 77 57563 0 52 57579 0 51 57582 0 77 57601 0 70 57606 0 71 57613 0 53 57632 0 77 57670 0 54 57678 0 52 57716 0 63 57717 0 62 57719 0 77 57733 0 70 57734 0 71 57739 0 90 57739 0 91 57739 0 92 57742 0 77 57749 0 51 57760 0 53 57768 0 
TIME iteration: 302 ms
Round:109
IR: 0, 0, 0, 0, 0
57799 0 54 57799 0 77 57800 0 70 57803 0 71 57818 0 52 57850 0 77 57955 0 53 57977 0 51 58004 0 52 58022 0 54 58034 0 63 58036 0 62 58039 0 77 58058 0 71 58059 0 70 58059 0 90 58059 0 91 58059 0 92 58062 0 77 58076 0 51 58088 0 77 58095 0 53 58109 0 52 58120 0 77 58170 0 54 58176 0 77 58200 0 51 58206 0 53 58256 0 
TIME iteration: 302 ms
Round:110
IR: 0, 0, 0, 0, 0
58343 0 54 58354 0 52 58360 0 53 58367 0 63 58368 0 62 58372 0 77 58377 0 51 58383 0 70 58383 0 71 58392 0 90 58392 0 91 58392 0 92 58396 0 77 58422 0 77 58450 0 70 58450 0 71 58455 0 77 58457 0 52 58463 0 54 58475 0 53 58516 0 77 58533 0 51 58565 0 52 58579 0 54 58596 0 63 58597 0 62 58599 0 77 58613 0 71 58614 0 70 58619 0 90 58619 0 91 58619 0 92 58622 0 77 58645 0 53 58648 0 77 58653 0 52 58679 0 77 58680 0 71 58686 0 70 58703 0 51 58730 0 77 58744 0 54 58805 0 52 58828 0 
TIME iteration: 302 ms
Round:111
IR: 0, 0, 0, 0, 0
58837 0 51 58854 0 63 58857 0 62 58858 0 77 58875 0 70 58875 0 71 58878 0 90 58878 0 91 58878 0 92 58881 0 77 58907 0 77 58915 0 54 58929 0 53 58939 0 77 58955 0 71 58959 0 70 58974 0 51 58992 0 77 59020 0 53 59038 0 52 59088 0 54 59091 0 51 59133 0 53 59164 0 65 59165 0 64 59173 0 78 59189 0 90 59189 0 91 59189 0 92 59197 0 78 59199 0 51 59212 0 54 59224 0 78 59225 0 52 59259 0 78 59265 0 72 59274 0 73 59296 0 53 59323 0 
TIME iteration: 302 ms
Round:112
IR: 0, 0, 0, 0, 0
59360 0 54 59361 0 52 59406 0 53 59432 0 65 59433 0 64 59434 0 78 59453 0 73 59454 0 72 59456 0 90 59456 0 91 59456 0 92 59457 0 78 59483 0 78 59514 0 78 59525 0 53 59526 0 51 59534 0 52 59536 0 73 59544 0 54 59564 0 78 59644 0 52 59693 0 54 59695 0 53 59729 0 51 59752 0 65 59755 0 64 59757 0 78 59767 0 72 59778 0 90 59778 0 91 59778 0 92 59779 0 73 59780 0 78 59799 0 52 59806 0 78 59829 0 54 59829 0 72 59838 0 78 59839 0 53 59884 0 
TIME iteration: 302 ms
Round:113
IR: 0, 0, 0, 0, 0
59893 0 78 59936 0 52 60029 0 54 60040 0 51 60069 0 52 60081 0 53 60120 0 63 60122 0 62 60129 0 77 60146 0 90 60146 0 91 60146 0 92 60153 0 77 60180 0 77 60184 0 54 60194 0 71 60196 0 70 60214 0 77 60221 0 52 60267 0 51 60287 0 53 60340 0 54 60359 0 52 60371 0 51 60405 0 
TIME iteration: 302 ms
Round:114
IR: 0, 0, 0, 0, 0
60433 0 63 60437 0 62 60438 0 77 60457 0 70 60458 0 71 60459 0 90 60459 0 91 60459 0 92 60461 0 77 60487 0 77 60499 0 51 60519 0 77 60531 0 54 60573 0 77 60580 0 53 60607 0 52 60623 0 51 60632 0 54 60705 0 53 60730 0 52 60756 0 54 60780 0 66 60781 0 67 60789 0 79 60798 0 62 60800 0 63 60803 0 77 60805 0 90 60805 0 91 60805 0 92 60813 0 79 60816 0 70 60817 0 71 60826 0 77 60830 0 53 60831 0 52 60840 0 79 60852 0 77 60860 0 51 60875 0 79 60876 0 74 60878 0 75 60882 0 54 60884 0 77 60885 0 70 60893 0 71 60928 0 90 60928 0 91 60928 0 92 60940 0 
TIME iteration: 302 ms
Round:115
IR: 0, 0, 0, 0, 0
60986 0 52 60994 0 53 61058 0 54 61065 0 51 61117 0 52 61151 0 53 61167 0 51 61199 0 54 61264 0 52 61275 0 53 61286 0 62 61286 0 63 61292 0 77 61299 0 64 61299 0 65 61307 0 78 61315 0 90 61315 0 91 61315 0 92 61316 0 77 61322 0 70 61322 0 71 61331 0 78 61343 0 51 61343 0 77 61358 0 78 61375 0 72 61377 0 77 61378 0 73 61383 0 54 61392 0 78 61404 0 52 61425 0 53 61444 0 90 61444 0 91 61444 0 92 61453 0 
TIME iteration: 301 ms
Round:116
IR: 0, 0, 0, 0, 0
61507 0 51 61511 0 52 61538 0 54 61560 0 53 61643 0 54 61654 0 52 61687 0 53 61754 0 54 61763 0 51 61769 0 67 61770 0 66 61778 0 79 61799 0 90 61799 0 91 61799 0 92 61802 0 79 61829 0 79 61831 0 75 61832 0 52 61834 0 74 61856 0 53 61858 0 54 61864 0 79 61966 0 51 61970 0 52 61970 0 54 61987 0 
TIME iteration: 300 ms
Round:117
IR: 0, 0, 0, 0, 0
62093 0 52 62097 0 54 62101 0 66 62101 0 67 62104 0 79 62105 0 53 62114 0 51 62123 0 75 62125 0 74 62126 0 90 62126 0 91 62126 0 92 62127 0 79 62153 0 79 62185 0 79 62211 0 52 62240 0 79 62268 0 51 62271 0 54 62359 0 53 62395 0 51 62411 0 54 62455 0 52 62465 0 66 62465 0 67 62470 0 79 62483 0 74 62483 0 75 62490 0 90 62490 0 91 62490 0 92 62494 0 79 62504 0 53 62521 0 79 62538 0 51 62539 0 
TIME iteration: 301 ms
Round:118
IR: 0, 0, 0, 0, 0
62554 0 79 62556 0 75 62557 0 74 62659 0 52 62675 0 53 62691 0 51 62786 0 54 62802 0 53 62837 0 52 62839 0 66 62841 0 67 62844 0 79 62849 0 65 62850 0 64 62855 0 51 62858 0 78 62866 0 90 62866 0 91 62866 0 92 62867 0 75 62867 0 79 62868 0 74 62882 0 78 62893 0 79 62909 0 78 62914 0 54 62925 0 79 62929 0 73 62932 0 72 62944 0 78 62957 0 53 62962 0 52 62984 0 79 62991 0 51 62994 0 90 62994 0 91 62994 0 92 63043 0 
TIME iteration: 301 ms
Round:119
IR: 0, 0, 0, 0, 0
63078 0 52 63151 0 53 63163 0 51 63176 0 52 63201 0 54 63271 0 52 63287 0 62 63287 0 63 63292 0 51 63295 0 77 63314 0 53 63316 0 90 63316 0 91 63316 0 92 63319 0 77 63346 0 77 63372 0 71 63373 0 54 63374 0 70 63380 0 77 63426 0 53 63448 0 51 63461 0 52 63577 0 53 63589 0 
TIME iteration: 303 ms
Round:120
IR: 0, 0, 0, 0, 0
63647 0 52 63653 0 51 63678 0 62 63679 0 63 63682 0 77 63705 0 77 63705 0 90 63705 0 91 63705 0 92 63706 0 71 63707 0 70 63731 0 77 63740 0 53 63754 0 54 63763 0 77 63805 0 52 63818 0 77 63864 0 54 63867 0 53 63889 0 51 63987 0 52 64005 0 54 64031 0 51 64041 0 66 64041 0 67 64050 0 79 64066 0 90 64066 0 91 64066 0 92 64074 0 79 64083 0 53 64101 0 79 64109 0 75 64110 0 
TIME iteration: 301 ms
Round:121
IR: 0, 0, 0, 0, 0
64136 0 79 64145 0 54 64148 0 52 64228 0 51 64270 0 53 64309 0 52 64328 0 54 64364 0 51 64403 0 67 64404 0 66 64407 0 79 64408 0 53 64428 0 75 64429 0 74 64429 0 90 64429 0 91 64429 0 92 64430 0 79 64442 0 52 64447 0 54 64456 0 79 64488 0 79 64505 0 51 64538 0 52 64546 0 79 64576 0 54 64584 0 53 64640 0 
TIME iteration: 301 ms
Round:122
IR: 0, 0, 0, 0, 0
64682 0 51 64717 0 52 64717 0 54 64719 0 62 64719 0 63 64727 0 77 64730 0 53 64743 0 90 64743 0 91 64743 0 92 64751 0 77 64778 0 77 64779 0 71 64781 0 70 64811 0 52 64812 0 77 64821 0 51 64856 0 54 64917 0 53 64927 0 52 64992 0 62 64995 0 77 64996 0 63 65012 0 70 65012 0 71 65018 0 77 65018 0 90 65018 0 91 65018 0 92 65032 0 52 65044 0 77 65050 0 51 65056 0 54 65075 0 77 65086 0 70 65086 0 71 65124 0 77 65155 0 53 65185 0 
TIME iteration: 301 ms
Round:123
IR: 0, 0, 0, 0, 0
65204 0 54 65217 0 52 65304 0 62 65304 0 63 65308 0 77 65327 0 70 65328 0 71 65328 0 90 65328 0 91 65328 0 92 65331 0 77 65332 0 53 65347 0 51 65352 0 52 65357 0 77 65389 0 77 65407 0 54 65445 0 77 65457 0 52 65486 0 53 65505 0 51 65587 0 54 65605 0 53 65616 0 52 65650 0 62 65651 0 63 65655 0 77 65661 0 51 65667 0 70 65667 0 71 65672 0 64 65672 0 65 65675 0 90 65675 0 91 65675 0 92 65679 0 77 65680 0 78 65704 0 78 65705 0 
TIME iteration: 301 ms
Round:124
IR: 0, 0, 0, 0, 0
65731 0 78 65737 0 70 65738 0 71 65738 0 77 65764 0 73 65765 0 78 65767 0 72 65795 0 54 65797 0 90 65797 0 91 65797 0 92 65799 0 77 65806 0 51 65812 0 52 65891 0 53 65920 0 51 65920 0 52 65946 0 54 66027 0 52 66045 0 51 66094 0 62 66097 0 63 66101 0 77 66123 0 53 66124 0 90 66124 0 91 66124 0 92 66125 0 77 66128 0 70 66129 0 71 66145 0 52 66152 0 77 66185 0 77 66189 0 54 66210 0 
TIME iteration: 301 ms
Round:125
IR: 0, 0, 0, 0, 0
66252 0 77 66278 0 53 66322 0 52 66371 0 51 66380 0 54 66443 0 53 66464 0 52 66487 0 62 66487 0 63 66492 0 77 66495 0 51 66508 0 70 66509 0 71 66510 0 60 66510 0 61 66513 0 54 66513 0 90 66513 0 91 66513 0 92 66516 0 77 66518 0 76 66542 0 76 66543 0 77 66569 0 76 66574 0 53 66576 0 77 66593 0 70 66603 0 76 66605 0 51 66607 0 68 66616 0 69 66635 0 90 66635 0 91 66635 0 92 66642 0 77 66677 0 52 66705 0 54 66767 0 
TIME iteration: 301 ms
Round:126
IR: 0, 0, 0, 0, 0
66812 0 52 66827 0 51 66884 0 53 66891 0 54 66928 0 51 66981 0 60 66983 0 61 66987 0 76 66993 0 52 67011 0 76 67011 0 90 67011 0 91 67011 0 92 67017 0 68 67018 0 69 67026 0 54 67038 0 76 67057 0 53 67071 0 76 67084 0 51 67123 0 54 67129 0 52 67137 0 76 67209 0 51 67221 0 54 67237 0 53 67287 0 52 67306 0 
TIME iteration: 301 ms
Round:127
IR: 0, 0, 0, 0, 0
67310 0 67 67317 0 79 67330 0 54 67333 0 90 67333 0 91 67333 0 92 67341 0 79 67366 0 53 67368 0 79 67403 0 75 67403 0 79 67404 0 74 67425 0 52 67433 0 51 67528 0 54 67546 0 53 67593 0 52 67645 0 51 67681 0 54 67693 0 66 67694 0 67 67698 0 79 67719 0 90 67719 0 91 67719 0 92 67720 0 53 67722 0 75 67722 0 79 67723 0 74 67747 0 52 67748 0 79 67781 0 
TIME iteration: 301 ms
Round:128
IR: 0, 0, 0, 0, 0
67842 0 54 67847 0 79 67852 0 51 67906 0 53 67942 0 52 67997 0 54 68030 0 53 68047 0 51 68062 0 66 68064 0 67 68067 0 52 68068 0 79 68082 0 74 68082 0 75 68089 0 64 68089 0 65 68089 0 90 68089 0 91 68089 0 92 68092 0 79 68097 0 78 68119 0 79 68121 0 78 68125 0 54 68128 0 53 68148 0 78 68152 0 79 68162 0 74 68167 0 75 68178 0 72 68182 0 78 68188 0 73 68210 0 90 68210 0 91 68210 0 92 68226 0 79 68266 0 52 68294 0 54 68305 0 51 68321 0 
TIME iteration: 302 ms
Round:129
IR: 0, 0, 0, 0, 0
68404 0 52 68425 0 53 68447 0 54 68478 0 51 68541 0 53 68547 0 64 68547 0 65 68548 0 52 68552 0 78 68576 0 78 68576 0 90 68576 0 91 68576 0 92 68580 0 72 68581 0 73 68603 0 78 68636 0 78 68645 0 54 68646 0 53 68648 0 51 68702 0 78 68731 0 52 68750 0 53 68799 0 54 68857 0 51 68875 0 52 68887 0 53 68893 0 65 68894 0 64 68898 0 
TIME iteration: 302 ms
Round:130
IR: 0, 0, 0, 0, 0
68912 0 72 68913 0 73 68919 0 90 68919 0 91 68919 0 92 68922 0 78 68932 0 54 68948 0 78 68966 0 52 68981 0 78 68986 0 72 68992 0 73 69042 0 78 69049 0 53 69080 0 54 69088 0 51 69115 0 52 69191 0 53 69203 0 64 69204 0 65 69207 0 78 69209 0 54 69226 0 72 69227 0 73 69228 0 90 69228 0 91 69228 0 92 69230 0 78 69256 0 78 69263 0 51 69288 0 78 69290 0 53 69321 0 52 69343 0 78 69347 0 54 69400 0 
TIME iteration: 302 ms
Round:131
IR: 0, 0, 0, 0, 0
69434 0 51 69476 0 54 69483 0 52 69530 0 53 69540 0 64 69541 0 65 69545 0 78 69556 0 72 69556 0 73 69565 0 90 69565 0 91 69565 0 92 69569 0 78 69595 0 78 69616 0 52 69622 0 73 69624 0 72 69628 0 78 69646 0 51 69689 0 78 69723 0 54 69755 0 51 69755 0 53 69785 0 52 69900 0 53 69911 0 52 69911 0 65 69912 0 64 69916 0 78 69927 0 51 69935 0 63 69937 0 62 69937 0 90 69937 0 91 69937 0 92 69939 0 72 69939 0 73 69940 0 78 69944 0 77 69957 0 
TIME iteration: 302 ms
Round:132
IR: 0, 0, 0, 0, 0
69966 0 78 69968 0 77 69995 0 77 69999 0 78 70010 0 53 70029 0 77 70033 0 70 70042 0 54 70052 0 71 70059 0 90 70059 0 91 70059 0 92 70060 0 78 70076 0 52 70124 0 51 70150 0 54 70198 0 53 70233 0 52 70257 0 51 70354 0 54 70405 0 51 70411 0 52 70434 0 60 70435 0 61 70443 0 76 70444 0 53 70454 0 62 70454 0 63 70459 0 77 70464 0 90 70464 0 91 70464 0 92 70467 0 76 70483 0 77 70487 0 
TIME iteration: 302 ms
Round:133
IR: 0, 0, 0, 0, 0
70491 0 70 70491 0 71 70494 0 76 70510 0 77 70526 0 68 70529 0 76 70530 0 69 70542 0 51 70543 0 77 70570 0 53 70590 0 90 70590 0 91 70590 0 92 70609 0 77 70621 0 52 70624 0 54 70710 0 53 70731 0 51 70758 0 52 70775 0 54 70849 0 53 70873 0 51 70896 0 52 70943 0 62 70945 0 63 70950 0 77 70974 0 77 70974 0 90 70974 0 91 70974 0 92 70975 0 70 70975 0 71 70993 0 53 70998 0 51 71001 0 77 71003 0 
TIME iteration: 302 ms
Round:134
IR: 0, 0, 0, 0, 0
71035 0 77 71077 0 52 71111 0 53 71111 0 77 71130 0 51 71208 0 54 71223 0 51 71241 0 53 71268 0 60 71269 0 61 71276 0 76 71293 0 90 71293 0 91 71293 0 92 71300 0 76 71325 0 68 71325 0 69 71327 0 76 71330 0 52 71361 0 76 71363 0 51 71365 0 53 71433 0 54 71503 0 53 71513 0 51 71517 0 
TIME iteration: 301 ms
Round:135
IR: 0, 0, 0, 0, 0
71635 0 51 71638 0 60 71638 0 61 71642 0 76 71662 0 69 71663 0 68 71663 0 90 71663 0 91 71663 0 92 71665 0 76 71674 0 53 71689 0 52 71691 0 76 71716 0 54 71723 0 76 71752 0 51 71779 0 76 71833 0 52 71861 0 54 71864 0 51 71886 0 53 71992 0 54 72001 0 52 72022 0 67 72023 0 66 72031 0 79 72032 0 51 72036 0 53 72036 0 61 72037 0 60 72041 0 76 72048 0 90 72048 0 91 72048 0 92 72055 0 79 72056 0 68 72057 0 69 72065 0 
TIME iteration: 301 ms
Round:136
IR: 0, 0, 0, 0, 0
72082 0 79 72091 0 76 72115 0 74 72117 0 54 72117 0 79 72120 0 75 72124 0 76 72132 0 52 72143 0 68 72151 0 53 72154 0 69 72174 0 90 72174 0 91 72174 0 92 72185 0 76 72188 0 51 72246 0 52 72277 0 54 72278 0 53 72404 0 52 72407 0 53 72444 0 54 72455 0 51 72512 0 52 72530 0 62 72530 0 63 72538 0 77 72560 0 90 72560 0 91 72560 0 92 72562 0 77 72581 0 53 72589 0 77 72595 0 54 72608 0 
TIME iteration: 310 ms
Round:137
IR: 0, 0, 0, 0, 0
72611 0 51 72613 0 70 72623 0 77 72687 0 52 72774 0 51 72793 0 54 72891 0 52 72894 0 51 72905 0 53 72921 0 60 72922 0 61 72926 0 54 72929 0 76 72932 0 62 72932 0 63 72936 0 77 72948 0 90 72948 0 91 72948 0 92 72953 0 76 72959 0 77 72961 0 70 72961 0 71 72978 0 69 72979 0 68 72980 0 76 72985 0 77 73014 0 76 73017 0 77 73037 0 54 73066 0 52 73073 0 77 73076 0 90 73076 0 91 73076 0 92 73105 0 53 73106 0 
TIME iteration: 301 ms
Round:138
IR: 0, 0, 0, 0, 0
73219 0 54 73229 0 51 73237 0 52 73265 0 53 73383 0 54 73409 0 52 73427 0 53 73446 0 51 73475 0 65 73476 0 64 73484 0 78 73506 0 61 73506 0 90 73506 0 91 73506 0 92 73508 0 78 73519 0 76 73535 0 78 73549 0 76 73555 0 52 73569 0 72 73570 0 78 73572 0 54 73588 0 73 73595 0 76 73602 0 53 73648 0 90 73648 0 91 73648 0 92 73668 0 
TIME iteration: 301 ms
Round:139
IR: 0, 0, 0, 0, 0
73685 0 54 73711 0 52 73721 0 53 73786 0 54 73837 0 52 73892 0 53 73907 0 51 73928 0 54 73977 0 66 73977 0 67 73986 0 79 74007 0 90 74007 0 91 74007 0 92 74010 0 79 74014 0 52 74037 0 79 74051 0 53 74060 0 51 74067 0 75 74068 0 74 74072 0 79 74116 0 54 74144 0 52 74188 0 
TIME iteration: 301 ms
Round:140
IR: 0, 0, 0, 0, 0
74243 0 52 74285 0 54 74312 0 53 74317 0 62 74317 0 63 74325 0 67 74325 0 77 74328 0 66 74330 0 79 74342 0 90 74342 0 91 74342 0 92 74349 0 52 74349 0 77 74353 0 74 74353 0 75 74353 0 79 74367 0 51 74376 0 77 74379 0 79 74389 0 70 74392 0 71 74410 0 77 74411 0 79 74426 0 54 74430 0 53 74466 0 79 74469 0 90 74469 0 91 74469 0 92 74485 0 52 74510 0 51 74556 0 54 74576 0 53 74615 0 52 74667 0 51 74681 0 53 74694 0 
TIME iteration: 301 ms
Round:141
IR: 0, 0, 0, 0, 0
74747 0 52 74802 0 62 74804 0 63 74808 0 77 74822 0 53 74824 0 51 74832 0 65 74832 0 77 74832 0 90 74832 0 91 74832 0 92 74836 0 70 74837 0 71 74850 0 78 74853 0 52 74859 0 77 74882 0 78 74892 0 77 74919 0 51 74937 0 78 74958 0 77 74972 0 90 74972 0 91 74972 0 92 74992 0 54 75002 0 53 75004 0 52 75012 0 51 75105 0 51 75125 0 54 75128 0 53 75150 0 52 75230 0 
TIME iteration: 301 ms
Round:142
IR: 0, 0, 0, 0, 0
75294 0 66 75296 0 67 75303 0 79 75324 0 90 75324 0 91 75324 0 92 75327 0 79 75336 0 53 75338 0 54 75340 0 51 75349 0 75 75352 0 74 75354 0 79 75368 0 52 75389 0 79 75481 0 53 75502 0 54 75513 0 52 75518 0 51 75644 0 53 75656 0 51 75675 0 54 75683 0 52 75698 0 66 75699 0 67 75703 0 61 75703 0 79 75704 0 60 75705 0 65 75707 0 64 75712 0 76 75714 0 78 75719 0 62 75720 0 63 75724 0 90 75724 0 91 75724 0 92 75726 0 74 75726 0 75 75727 0 77 75727 0 79 75736 0 76 75738 0 78 75751 0 77 75753 0 79 75763 0 76 75765 0 78 75768 0 73 75771 0 72 75774 0 70 75776 0 71 75778 0 77 75786 0 
TIME iteration: 302 ms
Round:143
IR: 0, 0, 0, 0, 0
75794 0 51 75794 0 68 75794 0 69 75798 0 54 75798 0 76 75799 0 78 75812 0 77 75835 0 90 75835 0 91 75835 0 92 75848 0 53 75853 0 79 75920 0 52 75927 0 51 75939 0 54 75987 0 53 76023 0 54 76061 0 52 76069 0 51 76154 0 53 76158 0 54 76169 0 66 76170 0 67 76176 0 79 76196 0 74 76197 0 75 76197 0 90 76197 0 91 76197 0 92 76200 0 79 76227 0 79 76242 0 53 76256 0 51 76261 0 79 76280 0 52 76306 0 
TIME iteration: 301 ms
Round:144
IR: 0, 0, 0, 0, 0
76335 0 53 76393 0 52 76429 0 53 76429 0 54 76461 0 64 76461 0 65 76468 0 78 76485 0 90 76485 0 91 76485 0 92 76490 0 51 76492 0 78 76500 0 52 76510 0 72 76511 0 73 76519 0 78 76553 0 78 76565 0 53 76643 0 54 76679 0 53 76703 0 52 76717 0 51 76774 0 54 76810 0 53 76812 0 64 76812 0 65 76815 0 78 76833 0 72 76833 0 73 76837 0 90 76837 0 91 76837 0 92 76838 0 78 76843 0 
TIME iteration: 301 ms
Round:145
IR: 0, 0, 0, 0, 0
76864 0 78 76896 0 78 76900 0 54 76916 0 73 76921 0 72 76945 0 51 76950 0 78 76978 0 52 77003 0 53 77038 0 54 77137 0 52 77170 0 54 77192 0 66 77192 0 67 77200 0 79 77212 0 62 77212 0 63 77218 0 90 77218 0 91 77218 0 92 77220 0 77 77224 0 79 77244 0 77 77246 0 51 77251 0 79 77253 0 74 77253 0 75 77271 0 77 77278 0 53 77286 0 79 77287 0 70 77289 0 71 77305 0 77 77322 0 52 77330 0 54 77342 0 90 77342 0 91 77342 0 
TIME iteration: 303 ms
Round:146
IR: 0, 0, 0, 0, 0
77403 0 51 77479 0 54 77494 0 53 77530 0 51 77561 0 52 77612 0 54 77674 0 51 77683 0 53 77704 0 60 77704 0 61 77712 0 76 77734 0 90 77734 0 91 77734 0 92 77736 0 54 77736 0 76 77739 0 52 77763 0 76 77790 0 53 77791 0 68 77794 0 69 77797 0 76 77821 0 54 77848 0 
TIME iteration: 302 ms
Round:147
IR: 0, 0, 0, 0, 0
77913 0 54 77934 0 53 77981 0 51 78042 0 52 78061 0 53 78075 0 54 78083 0 65 78083 0 66 78084 0 64 78084 0 67 78092 0 78 78092 0 79 78107 0 90 78107 0 91 78107 0 92 78116 0 78 78116 0 79 78121 0 51 78139 0 75 78140 0 74 78143 0 78 78143 0 79 78159 0 73 78160 0 72 78178 0 78 78178 0 79 78190 0 52 78210 0 53 78216 0 54 78237 0 90 78237 0 91 78237 0 92 78264 0 51 78299 0 52 78332 0 53 78399 0 
TIME iteration: 301 ms
Round:148
IR: 0, 0, 0, 0, 0
78449 0 51 78457 0 52 78528 0 53 78555 0 54 78565 0 52 78586 0 63 78587 0 62 78588 0 51 78595 0 77 78616 0 90 78616 0 91 78616 0 92 78619 0 77 78644 0 53 78646 0 77 78660 0 71 78664 0 70 78672 0 52 78681 0 77 78701 0 54 78724 0 51 78788 0 53 78789 0 52 78825 0 54 78869 0 51 78910 0 52 78913 0 62 78913 0 63 78916 0 77 78936 0 71 78937 0 70 78938 0 90 78938 0 91 78938 0 92 78939 0 77 78945 0 53 78946 0 54 78965 0 
TIME iteration: 301 ms
Round:149
IR: 0, 0, 0, 0, 0
78997 0 77 79011 0 52 79051 0 77 79067 0 51 79077 0 54 79086 0 53 79162 0 52 79217 0 53 79219 0 51 79267 0 52 79272 0 62 79272 0 63 79276 0 77 79283 0 64 79283 0 65 79286 0 54 79288 0 71 79290 0 70 79291 0 78 79297 0 90 79297 0 91 79297 0 92 79299 0 77 79315 0 78 79325 0 77 79342 0 78 79350 0 72 79353 0 73 79356 0 71 79357 0 77 79361 0 52 79362 0 70 79376 0 78 79396 0 53 79413 0 77 79424 0 90 79424 0 91 79424 0 92 79434 0 52 79436 0 
TIME iteration: 302 ms
Round:150
IR: 0, 0, 0, 0, 0
79506 0 54 79548 0 52 79563 0 53 79620 0 51 79645 0 54 79683 0 53 79767 0 52 79794 0 54 79796 0 51 79816 0 67 79817 0 66 79819 0 53 79822 0 65 79823 0 64 79825 0 79 79828 0 78 79838 0 63 79842 0 62 79845 0 90 79845 0 91 79845 0 92 79846 0 77 79849 0 79 79852 0 78 79860 0 72 79861 0 73 79870 0 77 79876 0 79 79879 0 78 79880 0 70 79881 0 71 79890 0 52 79897 0 77 79902 0 74 79903 0 75 79911 0 79 79912 0 78 79931 0 77 79935 0 51 79960 0 90 79960 0 91 79960 0 92 79979 0 78 80001 0 52 80006 0 77 80022 0 
TIME iteration: 302 ms
Round:151
IR: 0, 0, 0, 0, 0
80045 0 53 80135 0 52 80154 0 54 80157 0 53 80253 0 52 80274 0 51 80286 0 62 80287 0 63 80292 0 77 80314 0 70 80314 0 71 80315 0 90 80315 0 91 80315 0 92 80316 0 77 80342 0 52 80343 0 77 80359 0 53 80362 0 54 80376 0 77 80438 0 51 80443 0 77 80466 0 52 80519 0 54 80555 0 
TIME iteration: 302 ms
Round:152
IR: 0, 0, 0, 0, 0
80591 0 51 80607 0 52 80631 0 62 80632 0 63 80636 0 77 80648 0 70 80649 0 71 80657 0 90 80657 0 91 80657 0 92 80660 0 77 80682 0 54 80686 0 77 80716 0 70 80718 0 71 80719 0 77 80780 0 77 80799 0 51 80812 0 52 80830 0 53 80952 0 52 80961 0 54 80966 0 62 80967 0 63 80971 0 77 80991 0 70 80991 0 90 80991 0 91 80991 0 92 80992 0 71 80995 0 77 80997 0 51 81012 0 53 81021 0 77 81054 0 77 81072 0 
TIME iteration: 302 ms
Round:153
IR: 0, 0, 0, 0, 0
81115 0 77 81149 0 53 81195 0 51 81252 0 54 81284 0 52 81320 0 53 81345 0 51 81377 0 64 81377 0 65 81385 0 78 81400 0 60 81402 0 61 81403 0 90 81403 0 91 81403 0 92 81409 0 76 81409 0 78 81433 0 76 81436 0 78 81438 0 52 81455 0 54 81458 0 72 81458 0 73 81460 0 76 81470 0 78 81494 0 53 81494 0 76 81498 0 68 81498 0 69 81525 0 90 81525 0 91 81525 0 92 81536 0 
TIME iteration: 309 ms
Round:154
IR: 0, 0, 0, 0, 0
81626 0 52 81660 0 53 81710 0 51 81754 0 54 81765 0 53 81796 0 52 81896 0 51 81896 0 54 81913 0 53 81917 0 64 81918 0 65 81923 0 78 81942 0 60 81943 0 61 81947 0 78 81947 0 90 81947 0 91 81947 0 92 81948 0 76 81956 0 72 81957 0 73 81972 0 76 81974 0 78 81981 0 68 81983 0 69 81987 0 52 81999 0 76 82007 0 78 82032 0 76 82047 0 53 82071 0 90 82071 0 91 82071 0 92 82073 0 54 82074 0 78 82079 0 51 82099 0 76 82133 0 
TIME iteration: 301 ms
Round:155
IR: 0, 0, 0, 0, 0
82237 0 51 82288 0 52 82289 0 53 82296 0 54 82366 0 51 82416 0 53 82425 0 61 82426 0 60 82431 0 76 82447 0 54 82454 0 69 82455 0 68 82455 0 76 82455 0 90 82455 0 91 82455 0 92 82472 0 52 82482 0 76 82511 0 51 82515 0 76 82522 0 53 82582 0 76 82588 0 54 82590 0 52 82649 0 53 82657 0 
TIME iteration: 301 ms
Round:156
IR: 0, 0, 0, 0, 0
82728 0 52 82754 0 53 82772 0 64 82772 0 65 82780 0 78 82781 0 54 82793 0 63 82794 0 62 82797 0 90 82797 0 91 82797 0 92 82802 0 77 82804 0 78 82810 0 51 82824 0 72 82825 0 73 82826 0 77 82831 0 78 82837 0 52 82853 0 77 82865 0 78 82875 0 71 82878 0 70 82888 0 77 82903 0 53 82919 0 90 82919 0 91 82919 0 92 82978 0 51 83018 0 54 83025 0 52 83036 0 53 83127 0 51 83195 0 
TIME iteration: 301 ms
Round:157
IR: 0, 0, 0, 0, 0
83218 0 52 83220 0 54 83275 0 51 83305 0 60 83306 0 61 83313 0 76 83335 0 90 83335 0 91 83335 0 92 83336 0 53 83337 0 76 83357 0 68 83358 0 69 83364 0 76 83398 0 76 83427 0 52 83443 0 54 83452 0 53 83461 0 51 83630 0 52 83631 0 51 83658 0 54 83686 0 60 83688 0 61 83691 0 76 83699 0 53 83711 0 68 83711 0 69 83713 0 90 83713 0 91 83713 0 92 83714 0 
TIME iteration: 299 ms
Round:158
IR: 0, 0, 0, 0, 0
83740 0 76 83772 0 76 83773 0 51 83806 0 54 83827 0 52 83828 0 76 83880 0 53 83948 0 54 84031 0 51 84033 0 52 84071 0 54 84083 0 66 84083 0 67 84092 0 79 84109 0 90 84109 0 91 84109 0 92 84116 0 79 84139 0 53 84143 0 79 84175 0 54 84178 0 79 84180 0 75 84184 0 74 84197 0 
TIME iteration: 299 ms
Round:159
IR: 0, 0, 0, 0, 0
84286 0 51 84289 0 54 84332 0 67 84333 0 66 84334 0 79 84351 0 75 84352 0 74 84354 0 52 84355 0 53 84356 0 90 84356 0 91 84356 0 92 84357 0 79 84383 0 79 84414 0 79 84425 0 75 84427 0 54 84429 0 74 84466 0 79 84480 0 51 84480 0 53 84561 0 54 84587 0 67 84588 0 66 84591 0 79 84596 0 52 84607 0 74 84607 0 75 84610 0 90 84610 0 91 84610 0 92 84614 0 79 84620 0 53 84630 0 51 84640 0 79 84672 0 79 84685 0 75 84695 0 74 84721 0 53 84730 0 79 84747 0 51 84782 0 
TIME iteration: 299 ms
Round:160
IR: 0, 0, 0, 0, 0
84876 0 51 84913 0 53 84936 0 60 84939 0 61 84946 0 76 84950 0 52 84959 0 54 84962 0 90 84962 0 91 84962 0 92 84970 0 76 84997 0 76 85005 0 68 85006 0 69 85032 0 76 85034 0 51 85072 0 52 85133 0 53 85170 0 54 85190 0 52 85219 0 51 85269 0 52 85276 0 62 85276 0 63 85284 0 77 85297 0 54 85300 0 53 85301 0 90 85301 0 91 85301 0 92 85308 0 
TIME iteration: 299 ms
Round:161
IR: 0, 0, 0, 0, 0
85335 0 77 85362 0 71 85366 0 70 85369 0 77 85395 0 52 85400 0 53 85402 0 51 85422 0 54 85501 0 53 85529 0 54 85591 0 52 85600 0 51 85629 0 63 85631 0 62 85633 0 77 85655 0 90 85655 0 91 85655 0 92 85656 0 77 85657 0 70 85658 0 71 85682 0 77 85686 0 54 85714 0 77 85746 0 51 85768 0 77 85776 0 53 85806 0 
TIME iteration: 299 ms
Round:162
IR: 0, 0, 0, 0, 0
85882 0 54 85972 0 51 85984 0 52 86013 0 53 86026 0 54 86049 0 62 86050 0 63 86055 0 77 86061 0 66 86061 0 67 86070 0 79 86073 0 70 86073 0 71 86076 0 90 86076 0 91 86076 0 92 86079 0 77 86094 0 79 86106 0 77 86121 0 79 86134 0 53 86138 0 75 86139 0 77 86141 0 74 86151 0 51 86153 0 52 86156 0 79 86166 0 54 86204 0 90 86204 0 91 86204 0 92 86206 0 77 86257 0 51 86303 0 52 86303 0 53 86303 0 54 86379 0 
TIME iteration: 299 ms
Round:163
IR: 0, 0, 0, 0, 0
86455 0 52 86490 0 54 86518 0 53 86608 0 51 86640 0 52 86641 0 54 86647 0 60 86648 0 61 86651 0 66 86652 0 67 86655 0 62 86656 0 63 86656 0 76 86658 0 79 86662 0 77 86675 0 90 86675 0 91 86675 0 92 86680 0 76 86682 0 79 86686 0 77 86690 0 71 86691 0 70 86693 0 74 86694 0 75 86707 0 76 86709 0 79 86713 0 77 86717 0 53 86733 0 69 86736 0 68 86742 0 76 86743 0 79 86747 0 77 86792 0 90 86792 0 91 86792 0 92 86794 0 54 86821 0 51 86828 0 77 86830 0 
TIME iteration: 299 ms
Round:164
IR: 0, 0, 0, 0, 0
86959 0 53 86979 0 52 87001 0 51 87076 0 54 87111 0 53 87133 0 52 87163 0 51 87171 0 62 87173 0 63 87178 0 77 87201 0 54 87201 0 90 87201 0 91 87201 0 92 87202 0 77 87203 0 70 87204 0 71 87216 0 53 87229 0 77 87263 0 77 87305 0 52 87338 0 54 87339 0 77 87371 0 51 87379 0 
TIME iteration: 299 ms
Round:165
IR: 0, 0, 0, 0, 0
87464 0 52 87524 0 54 87533 0 53 87534 0 51 87566 0 52 87567 0 63 87568 0 62 87572 0 77 87581 0 64 87581 0 65 87589 0 70 87589 0 78 87591 0 71 87594 0 90 87594 0 91 87594 0 92 87596 0 77 87613 0 78 87622 0 77 87640 0 78 87655 0 77 87664 0 51 87674 0 78 87678 0 72 87685 0 73 87692 0 54 87716 0 77 87721 0 90 87721 0 91 87721 0 92 87725 0 53 87776 0 51 87786 0 52 87832 0 53 87943 0 51 87956 0 52 87969 0 54 87972 0 
TIME iteration: 299 ms
Round:166
IR: 0, 0, 0, 0, 0
88044 0 51 88068 0 60 88069 0 61 88077 0 76 88098 0 90 88098 0 91 88098 0 92 88101 0 76 88119 0 52 88128 0 76 88144 0 54 88146 0 69 88147 0 68 88153 0 53 88163 0 76 88167 0 51 88258 0 52 88282 0 53 88310 0 51 88329 0 54 88383 0 61 88385 0 60 88387 0 76 88400 0 51 88407 0 68 88407 0 69 88409 0 90 88409 0 91 88409 0 92 88410 0 76 88431 0 53 88436 0 76 88454 0 54 88468 0 76 88486 0 
TIME iteration: 299 ms
Round:167
IR: 0, 0, 0, 0, 0
88510 0 51 88522 0 76 88595 0 52 88605 0 51 88610 0 54 88668 0 60 88669 0 53 88669 0 61 88672 0 76 88680 0 68 88680 0 69 88692 0 90 88692 0 91 88692 0 92 88695 0 51 88695 0 76 88715 0 54 88721 0 76 88732 0 52 88737 0 68 88737 0 69 88753 0 76 88794 0 51 88808 0 76 88809 0 53 88840 0 54 88922 0 51 88926 0 53 88937 0 60 88938 0 61 88941 0 76 88956 0 69 88957 0 68 88961 0 90 88961 0 91 88961 0 92 88964 0 76 88984 0 52 88990 0 76 89022 0 76 89031 0 69 89033 0 
TIME iteration: 299 ms
Round:168
IR: 0, 0, 0, 0, 0
89054 0 54 89076 0 76 89092 0 51 89103 0 53 89158 0 52 89210 0 54 89266 0 51 89280 0 61 89281 0 60 89285 0 76 89305 0 90 89305 0 91 89305 0 92 89306 0 69 89307 0 68 89309 0 76 89330 0 53 89335 0 76 89340 0 52 89368 0 54 89368 0 76 89429 0 76 89432 0 51 89492 0 53 89548 0 54 89554 0 
TIME iteration: 298 ms
Round:169
IR: 0, 0, 0, 0, 0
89647 0 51 89662 0 53 89675 0 52 89708 0 63 89709 0 62 89710 0 65 89712 0 64 89717 0 77 89719 0 78 89726 0 61 89730 0 60 89733 0 90 89733 0 91 89733 0 92 89734 0 76 89741 0 77 89743 0 78 89753 0 68 89753 0 69 89758 0 76 89762 0 54 89768 0 77 89770 0 78 89785 0 76 89790 0 51 89792 0 52 89794 0 70 89798 0 72 89801 0 71 89803 0 77 89804 0 73 89804 0 78 89819 0 76 89833 0 53 89848 0 90 89848 0 91 89848 0 92 89894 0 76 89914 0 54 89929 0 52 89935 0 51 89939 0 53 90032 0 53 90060 0 51 90073 0 
TIME iteration: 299 ms
Round:170
IR: 0, 0, 0, 0, 0
90131 0 54 90193 0 53 90203 0 65 90204 0 64 90209 0 78 90232 0 90 90232 0 91 90232 0 92 90233 0 78 90237 0 51 90239 0 52 90239 0 73 90241 0 72 90260 0 78 90293 0 78 90334 0 54 90351 0 53 90360 0 78 90415 0 51 90477 0 54 90495 0 52 90540 0 51 90593 0 60 90595 0 61 90598 0 53 90602 0 76 90620 0 90 90620 0 91 90620 0 92 90626 0 
TIME iteration: 311 ms
Round:171
IR: 0, 0, 0, 0, 0
90645 0 69 90647 0 68 90653 0 76 90687 0 76 90697 0 54 90698 0 52 90738 0 51 90777 0 53 90835 0 54 90840 0 52 90919 0 51 90981 0 60 90983 0 61 90986 0 76 90991 0 52 91007 0 69 91008 0 68 91008 0 90 91008 0 91 91008 0 92 91009 0 76 91035 0 76 91067 0 76 91069 0 53 91111 0 52 91123 0 76 91151 0 
TIME iteration: 303 ms
Round:172
IR: 0, 0, 0, 0, 0
91198 0 51 91249 0 52 91263 0 53 91326 0 51 91367 0 54 91369 0 53 91379 0 60 91381 0 61 91385 0 76 91392 0 65 91393 0 64 91401 0 68 91401 0 69 91401 0 78 91406 0 90 91406 0 91 91406 0 92 91409 0 76 91425 0 78 91429 0 52 91436 0 76 91452 0 78 91458 0 73 91459 0 72 91469 0 76 91471 0 53 91487 0 78 91511 0 51 91526 0 54 91533 0 90 91533 0 91 91533 0 92 91534 0 76 91576 0 53 91628 0 52 91675 0 
TIME iteration: 303 ms
Round:173
IR: 0, 0, 0, 0, 0
91708 0 54 91710 0 51 91796 0 52 91811 0 53 91845 0 65 91847 0 64 91851 0 78 91869 0 51 91875 0 78 91875 0 90 91875 0 91 91875 0 92 91878 0 72 91878 0 73 91902 0 78 91918 0 54 91935 0 78 91983 0 52 92001 0 78 92012 0 53 92048 0 51 92094 0 54 92157 0 53 92163 0 51 92172 0 
TIME iteration: 303 ms
Round:174
IR: 0, 0, 0, 0, 0
92223 0 64 92223 0 65 92228 0 78 92232 0 60 92234 0 61 92241 0 76 92243 0 73 92244 0 72 92249 0 90 92249 0 91 92249 0 92 92252 0 78 92257 0 54 92265 0 76 92279 0 78 92282 0 69 92285 0 68 92292 0 76 92304 0 52 92312 0 78 92326 0 76 92334 0 72 92339 0 73 92377 0 78 92377 0 90 92377 0 91 92377 0 92 92379 0 54 92383 0 53 92385 0 51 92458 0 52 92499 0 51 92511 0 54 92576 0 52 92577 0 53 92657 0 51 92670 0 54 92676 0 53 92710 0 52 92720 0 64 92720 0 65 92726 0 78 92730 0 63 92731 0 62 92739 0 77 92749 0 90 92749 0 91 92749 0 
TIME iteration: 303 ms
Round:175
IR: 0, 0, 0, 0, 0
92750 0 78 92758 0 72 92758 0 73 92763 0 77 92777 0 78 92781 0 51 92790 0 77 92811 0 53 92811 0 78 92820 0 71 92824 0 70 92825 0 77 92858 0 54 92879 0 90 92879 0 91 92879 0 92 92887 0 78 92905 0 52 92956 0 51 92963 0 53 92976 0 54 93038 0 52 93095 0 51 93098 0 54 93166 0 52 93196 0 53 93211 0 63 93212 0 62 93217 0 77 93219 0 51 93240 0 60 93240 0 61 93241 0 54 93241 0 77 93241 0 90 93241 0 91 93241 0 92 93247 0 70 93247 0 71 93248 0 76 93268 0 77 93272 0 
TIME iteration: 303 ms
Round:176
IR: 0, 0, 0, 0, 0
93299 0 76 93300 0 68 93301 0 69 93301 0 77 93333 0 76 93350 0 51 93364 0 90 93364 0 91 93364 0 92 93368 0 77 93377 0 53 93387 0 52 93462 0 51 93491 0 54 93493 0 53 93520 0 52 93554 0 51 93624 0 52 93628 0 53 93679 0 62 93682 0 63 93686 0 77 93694 0 51 93702 0 60 93702 0 61 93707 0 76 93708 0 70 93709 0 90 93709 0 91 93709 0 92 93710 0 71 93710 0 77 93731 0 76 93732 0 68 93734 0 69 93737 0 77 93758 0 76 93770 0 77 93775 0 54 93791 0 76 93795 0 53 93801 0 
TIME iteration: 303 ms
Round:177
IR: 0, 0, 0, 0, 0
93811 0 51 93834 0 90 93834 0 91 93834 0 92 93837 0 77 93857 0 76 93921 0 54 93935 0 53 93952 0 51 93989 0 52 94073 0 53 94090 0 51 94091 0 54 94216 0 52 94218 0 53 94230 0 51 94231 0 64 94231 0 65 94236 0 60 94236 0 61 94239 0 78 94242 0 76 94251 0 54 94259 0 90 94259 0 91 94259 0 92 94263 0 78 94266 0 68 94266 0 76 94268 0 69 94290 0 78 94293 0 76 94308 0 72 94314 0 73 94324 0 78 94327 0 76 94337 0 
TIME iteration: 303 ms
Round:178
IR: 0, 0, 0, 0, 0
94370 0 53 94391 0 90 94391 0 91 94391 0 92 94393 0 54 94403 0 76 94411 0 51 94422 0 52 94505 0 53 94514 0 52 94557 0 54 94570 0 51 94627 0 52 94638 0 53 94678 0 63 94682 0 62 94685 0 54 94688 0 77 94706 0 51 94709 0 90 94709 0 91 94709 0 92 94712 0 77 94736 0 70 94738 0 71 94739 0 77 94772 0 53 94773 0 77 94774 0 
TIME iteration: 302 ms
Round:179
IR: 0, 0, 0, 0, 0
94900 0 54 94920 0 51 94929 0 52 94959 0 53 95059 0 54 95076 0 51 95085 0 53 95104 0 64 95105 0 65 95112 0 78 95131 0 90 95131 0 91 95131 0 92 95136 0 78 95159 0 72 95161 0 73 95163 0 78 95178 0 54 95183 0 51 95191 0 53 95197 0 78 95205 0 52 95297 0 54 95301 0 51 95312 0 53 95365 0 
TIME iteration: 302 ms
Round:180
IR: 0, 0, 0, 0, 0
95451 0 51 95479 0 60 95479 0 61 95487 0 76 95488 0 54 95505 0 52 95505 0 90 95505 0 91 95505 0 92 95511 0 76 95538 0 76 95547 0 69 95548 0 68 95572 0 76 95575 0 51 95586 0 53 95626 0 54 95660 0 52 95743 0 51 95764 0 54 95786 0 53 95795 0 52 95830 0 60 95834 0 61 95835 0 76 95857 0 68 95857 0 90 95857 0 91 95857 0 92 95858 0 69 95858 0 76 95872 0 54 95884 0 76 95916 0 51 95916 0 
TIME iteration: 303 ms
Round:181
IR: 0, 0, 0, 0, 0
95966 0 53 95967 0 52 95970 0 76 95996 0 54 96031 0 51 96127 0 52 96142 0 54 96149 0 51 96163 0 60 96164 0 61 96167 0 76 96173 0 53 96179 0 68 96179 0 69 96188 0 90 96188 0 91 96188 0 92 96190 0 76 96216 0 76 96243 0 69 96244 0 68 96248 0 76 96271 0 54 96272 0 51 96278 0 52 96303 0 76 96333 0 53 96367 0 54 96393 0 51 96419 0 60 96420 0 61 96422 0 76 96438 0 68 96438 0 69 96443 0 90 96443 0 91 96443 0 92 96445 0 76 96449 0 
TIME iteration: 303 ms
Round:182
IR: 0, 0, 0, 0, 0
96471 0 76 96500 0 54 96503 0 76 96512 0 69 96515 0 68 96531 0 53 96538 0 51 96556 0 76 96575 0 52 96660 0 54 96689 0 53 96696 0 52 96711 0 51 96732 0 60 96732 0 61 96736 0 76 96756 0 68 96756 0 69 96756 0 90 96756 0 91 96756 0 92 96759 0 76 96785 0 76 96786 0 53 96817 0 76 96821 0 54 96860 0 51 96873 0 76 96904 0 52 96918 0 53 96969 0 
TIME iteration: 303 ms
Round:183
IR: 0, 0, 0, 0, 0
97011 0 52 97040 0 51 97061 0 53 97093 0 54 97100 0 65 97102 0 64 97109 0 78 97115 0 66 97115 0 67 97124 0 79 97126 0 90 97126 0 91 97126 0 92 97132 0 52 97133 0 78 97148 0 79 97160 0 78 97175 0 53 97175 0 79 97187 0 72 97193 0 73 97194 0 78 97202 0 51 97204 0 74 97205 0 75 97210 0 79 97232 0 52 97251 0 90 97251 0 91 97251 0 92 97259 0 54 97350 0 53 97392 0 52 97393 0 51 97491 0 52 97497 0 
TIME iteration: 302 ms
Round:184
IR: 0, 0, 0, 0, 0
97540 0 51 97547 0 53 97594 0 52 97596 0 63 97597 0 62 97605 0 77 97626 0 90 97626 0 91 97626 0 92 97629 0 77 97651 0 54 97656 0 77 97664 0 51 97682 0 53 97690 0 70 97691 0 77 97694 0 71 97695 0 52 97800 0 54 97826 0 51 97847 0 52 97867 0 53 97893 0 62 97893 0 63 97895 0 77 97914 0 70 97916 0 71 97917 0 90 97917 0 91 97917 0 92 97918 0 77 97944 0 77 97975 0 77 98003 0 51 98009 0 54 98010 0 70 98012 0 53 98019 0 52 98026 0 
TIME iteration: 303 ms
Round:185
IR: 0, 0, 0, 0, 0
98162 0 53 98187 0 54 98192 0 51 98218 0 52 98262 0 62 98262 0 63 98266 0 77 98280 0 71 98287 0 90 98287 0 91 98287 0 92 98289 0 77 98290 0 70 98315 0 77 98324 0 54 98342 0 51 98347 0 77 98355 0 71 98359 0 53 98403 0 77 98417 0 52 98477 0 51 98480 0 53 98484 0 
TIME iteration: 302 ms
Round:186
IR: 0, 0, 0, 0, 0
98586 0 53 98590 0 54 98596 0 52 98598 0 51 98608 0 64 98608 0 65 98616 0 78 98622 0 66 98622 0 67 98624 0 61 98625 0 60 98631 0 79 98633 0 63 98633 0 76 98633 0 90 98633 0 91 98633 0 92 98640 0 78 98642 0 77 98655 0 79 98657 0 76 98667 0 78 98671 0 77 98682 0 79 98684 0 76 98687 0 72 98689 0 73 98701 0 78 98702 0 75 98703 0 74 98707 0 69 98710 0 68 98713 0 77 98717 0 79 98719 0 76 98744 0 90 98744 0 91 98744 0 92 98745 0 51 98746 0 53 98828 0 52 98837 0 54 98888 0 53 98994 0 51 98995 0 52 99002 0 53 99026 0 54 99071 0 64 99072 0 65 99076 0 78 99099 0 90 99099 0 91 99099 0 92 99100 0 78 99104 0 72 99105 0 
TIME iteration: 303 ms
Round:187
IR: 0, 0, 0, 0, 0
99126 0 78 99135 0 52 99140 0 53 99141 0 51 99153 0 54 99159 0 78 99220 0 78 99263 0 53 99274 0 51 99302 0 54 99365 0 53 99380 0 52 99383 0 64 99383 0 65 99387 0 78 99391 0 51 99399 0 72 99399 0 73 99407 0 90 99407 0 91 99407 0 92 99410 0 78 99436 0 78 99466 0 73 99468 0 78 99469 0 72 99498 0 54 99515 0 52 99524 0 78 99549 0 53 99598 0 
TIME iteration: 313 ms
Round:188
IR: 0, 0, 0, 0, 0
99652 0 54 99703 0 51 99718 0 53 99734 0 65 99735 0 64 99739 0 78 99751 0 52 99760 0 73 99760 0 90 99760 0 91 99760 0 92 99761 0 72 99763 0 78 99789 0 78 99815 0 54 99822 0 78 99824 0 51 99881 0 53 99883 0 78 99908 0 52 99957 0 54 99988 0 51 100034 0 53 100053 0 52 100107 0 64 100108 0 65 100112 0 78 100123 0 54 100127 0 72 100127 0 73 100133 0 90 100133 0 91 100133 0 92 100134 0 51 100136 0 78 100144 0 53 100162 0 
TIME iteration: 302 ms
Round:189
IR: 0, 0, 0, 0, 0
100195 0 78 100209 0 73 100212 0 72 100217 0 52 100256 0 78 100264 0 51 100273 0 54 100302 0 53 100344 0 52 100375 0 64 100376 0 65 100379 0 78 100396 0 72 100396 0 73 100399 0 90 100399 0 91 100399 0 92 100402 0 78 100428 0 78 100429 0 51 100445 0 54 100460 0 53 100460 0 78 100481 0 52 100483 0 72 100484 0 73 100514 0 78 100583 0 51 100630 0 54 100635 0 52 100635 0 53 100665 0 65 100666 0 64 100669 0 78 100688 0 73 100689 0 72 100689 0 90 100689 0 91 100689 0 92 100692 0 
TIME iteration: 302 ms
Round:190
IR: 0, 0, 0, 0, 0
100718 0 78 100743 0 51 100750 0 78 100761 0 52 100764 0 54 100775 0 53 100805 0 78 100854 0 51 100905 0 54 100912 0 52 100986 0 53 100987 0 51 101018 0 61 101019 0 60 101022 0 52 101027 0 76 101040 0 62 101040 0 63 101044 0 90 101044 0 91 101044 0 92 101048 0 77 101051 0 76 101052 0 54 101072 0 77 101078 0 76 101099 0 77 101109 0 53 101109 0 68 101113 0 76 101114 0 69 101133 0 77 101134 0 70 101142 0 71 101165 0 52 101166 0 54 101167 0 90 101167 0 91 101167 0 92 101198 0 
TIME iteration: 302 ms
Round:191
IR: 0, 0, 0, 0, 0
101255 0 53 101279 0 54 101299 0 52 101394 0 53 101394 0 54 101419 0 51 101474 0 52 101517 0 53 101532 0 65 101534 0 64 101541 0 78 101542 0 51 101542 0 54 101547 0 66 101548 0 67 101550 0 62 101554 0 63 101557 0 77 101557 0 79 101563 0 90 101563 0 91 101563 0 92 101565 0 78 101581 0 77 101581 0 79 101583 0 73 101584 0 72 101589 0 70 101589 0 71 101592 0 78 101608 0 77 101608 0 79 101613 0 52 101626 0 78 101641 0 77 101643 0 79 101645 0 75 101647 0 74 101660 0 53 101678 0 90 101678 0 91 101678 0 92 101691 0 51 101698 0 54 101706 0 
TIME iteration: 303 ms
Round:192
IR: 0, 0, 0, 0, 0
101769 0 52 101803 0 53 101823 0 54 101855 0 51 101913 0 52 101937 0 53 101992 0 51 102051 0 60 102053 0 61 102060 0 76 102081 0 90 102081 0 91 102081 0 92 102084 0 76 102096 0 53 102105 0 51 102111 0 76 102114 0 69 102117 0 68 102145 0 76 102157 0 52 102160 0 54 102261 0 51 102264 0 
TIME iteration: 302 ms
Round:193
IR: 0, 0, 0, 0, 0
102344 0 52 102373 0 54 102415 0 53 102468 0 64 102469 0 65 102476 0 78 102495 0 90 102495 0 91 102495 0 92 102500 0 78 102511 0 51 102526 0 72 102526 0 73 102527 0 78 102557 0 54 102561 0 78 102581 0 52 102639 0 53 102713 0 51 102727 0 52 102736 0 54 102811 0 
TIME iteration: 302 ms
Round:194
IR: 0, 0, 0, 0, 0
102859 0 65 102862 0 54 102862 0 64 102863 0 52 102864 0 78 102867 0 51 102880 0 63 102881 0 62 102885 0 66 102885 0 67 102886 0 73 102887 0 72 102887 0 78 102887 0 90 102887 0 91 102887 0 92 102889 0 77 102894 0 79 102913 0 77 102913 0 78 102918 0 79 102923 0 53 102940 0 77 102945 0 78 102945 0 79 102952 0 71 102953 0 70 102961 0 75 102966 0 74 102975 0 77 102980 0 79 103000 0 78 103000 0 90 103000 0 91 103000 0 92 103026 0 54 103043 0 53 103054 0 52 103084 0 51 103143 0 54 103167 0 53 103224 0 52 103312 0 
TIME iteration: 302 ms
Round:195
IR: 0, 0, 0, 0, 0
103351 0 53 103356 0 52 103361 0 67 103362 0 66 103367 0 79 103381 0 62 103381 0 63 103383 0 51 103386 0 77 103390 0 90 103390 0 91 103390 0 92 103391 0 79 103396 0 75 103397 0 74 103410 0 77 103416 0 71 103417 0 70 103418 0 79 103437 0 77 103452 0 79 103470 0 77 103500 0 52 103509 0 53 103516 0 90 103516 0 91 103516 0 92 103536 0 54 103536 0 77 103572 0 51 103626 0 53 103653 0 54 103663 0 52 103770 0 51 103803 0 54 103804 0 53 103811 0 52 103873 0 66 103875 0 
TIME iteration: 303 ms
Round:196
IR: 0, 0, 0, 0, 0
103880 0 79 103904 0 79 103904 0 90 103904 0 91 103904 0 92 103905 0 75 103906 0 74 103918 0 51 103931 0 79 103940 0 53 103965 0 79 103970 0 52 103995 0 54 104046 0 51 104076 0 53 104088 0 54 104097 0 52 104241 0 54 104247 0 53 104248 0 66 104249 0 67 104253 0 79 104268 0 75 104269 0 74 104274 0 90 104274 0 91 104274 0 92 104277 0 79 104303 0 79 104333 0 51 104336 0 79 104349 0 74 104361 0 75 104366 0 52 104398 0 54 104401 0 
TIME iteration: 302 ms
Round:197
IR: 0, 0, 0, 0, 0
104424 0 53 104478 0 51 104548 0 54 104558 0 66 104558 0 67 104562 0 79 104581 0 74 104582 0 75 104582 0 90 104582 0 91 104582 0 92 104585 0 53 104585 0 79 104598 0 52 104611 0 79 104637 0 51 104643 0 79 104696 0 53 104700 0 79 104724 0 52 104795 0 54 104813 0 52 104837 0 51 104849 0 53 104878 0 63 104879 0 62 104887 0 77 104903 0 90 104903 0 91 104903 0 92 104911 0 77 104920 0 52 104938 0 
TIME iteration: 302 ms
Round:198
IR: 0, 0, 0, 0, 0
104955 0 70 104961 0 71 104964 0 54 104973 0 77 105034 0 51 105048 0 53 105066 0 52 105163 0 53 105168 0 54 105181 0 51 105213 0 52 105226 0 62 105226 0 63 105229 0 77 105251 0 70 105251 0 90 105251 0 91 105251 0 92 105252 0 71 105252 0 77 105278 0 77 105310 0 77 105320 0 52 105334 0 51 105339 0 53 105364 0 77 105370 0 54 105431 0 52 105459 0 
TIME iteration: 302 ms
Round:199
IR: 0, 0, 0, 0, 0
105490 0 53 105491 0 54 105597 0 52 105606 0 62 105607 0 63 105610 0 51 105611 0 77 105626 0 70 105627 0 60 105627 0 71 105628 0 61 105632 0 90 105632 0 91 105632 0 92 105635 0 77 105636 0 76 105660 0 76 105661 0 77 105667 0 53 105669 0 54 105687 0 76 105694 0 77 105715 0 70 105718 0 68 105719 0 69 105722 0 71 105722 0 76 105730 0 52 105755 0 77 105755 0 90 105755 0 91 105755 0 92 105811 0 51 105836 0 53 105842 0 54 105903 0 52 105917 0 51 105960 0 54 105966 0 
TIME iteration: 303 ms
