Round:0
IR: 0, 0, 0, 0, 0
343 0 54 387 0 52 428 0 53 486 0 54 487 0 51 503 0 67 504 0 66 512 0 79 528 0 
TIME iteration: 471 ms
Round:1
IR: 0, 0, 0, 0, 0
536 0 79 544 0 90 544 0 91 544 0 92 557 0 53 563 0 79 598 0 79 632 0 54 656 0 51 725 0 52 758 0 54 778 0 53 826 0 51 876 0 52 908 0 53 917 0 54 933 0 66 933 0 67 938 0 79 943 0 62 949 0 64 949 0 65 954 0 51 954 0 74 955 0 75 956 0 63 957 0 78 958 0 77 961 0 90 961 0 91 961 0 92 962 0 79 981 0 78 982 0 77 989 0 79 1008 0 78 1009 0 77 1023 0 79 1028 0 54 1042 0 78 1043 0 77 1054 0 71 1054 0 74 1055 0 70 1056 0 53 1058 0 
TIME iteration: 321 ms
Round:2
IR: 0, 0, 0, 0, 0
1066 0 72 1076 0 90 1076 0 91 1076 0 92 1086 0 52 1092 0 51 1126 0 54 1198 0 51 1198 0 53 1215 0 54 1251 0 52 1315 0 54 1334 0 51 1344 0 66 1344 0 67 1349 0 79 1365 0 75 1371 0 90 1371 0 91 1371 0 92 1373 0 79 1375 0 74 1391 0 53 1400 0 79 1415 0 54 1419 0 52 1433 0 79 1480 0 51 1505 0 79 1548 0 54 1573 0 52 1586 0 
TIME iteration: 322 ms
Round:3
IR: 0, 0, 0, 0, 0
1670 0 51 1673 0 53 1678 0 60 1678 0 61 1686 0 76 1703 0 90 1703 0 91 1703 0 92 1710 0 76 1733 0 54 1737 0 76 1771 0 69 1771 0 76 1774 0 68 1777 0 52 1794 0 51 1840 0 54 1861 0 53 1948 0 54 1977 0 53 1999 0 52 1999 0 66 2000 0 67 2007 0 79 2024 0 90 2024 0 91 2024 0 92 2031 0 79 2037 0 75 2039 0 74 2058 0 79 2083 0 51 2092 0 
TIME iteration: 321 ms
Round:4
IR: 0, 0, 0, 0, 0
2124 0 53 2151 0 54 2161 0 52 2227 0 51 2267 0 53 2301 0 54 2339 0 52 2365 0 66 2366 0 67 2369 0 79 2386 0 74 2387 0 75 2391 0 90 2391 0 91 2391 0 92 2392 0 79 2410 0 51 2418 0 79 2423 0 54 2432 0 53 2450 0 79 2470 0 74 2485 0 51 2501 0 52 2507 0 79 2534 0 54 2570 0 53 2573 0 
TIME iteration: 322 ms
Round:5
IR: 0, 0, 0, 0, 0
2662 0 54 2670 0 66 2671 0 67 2674 0 79 2681 0 52 2682 0 75 2686 0 53 2694 0 74 2695 0 90 2695 0 91 2695 0 92 2697 0 79 2723 0 79 2740 0 75 2744 0 51 2755 0 79 2811 0 79 2822 0 54 2840 0 53 2855 0 51 2867 0 52 2942 0 53 2969 0 51 2984 0 54 2998 0 52 3001 0 60 3003 0 61 3010 0 76 3022 0 66 3023 0 67 3027 0 79 3027 0 90 3027 0 91 3027 0 92 3034 0 76 3039 0 74 3047 0 75 3051 0 79 3061 0 76 3075 0 51 3076 0 69 3077 0 79 3079 0 68 3095 0 76 3107 0 74 3110 0 79 3150 0 90 3150 0 91 3150 0 92 3155 0 54 3158 0 53 3176 0 
TIME iteration: 321 ms
Round:6
IR: 0, 0, 0, 0, 0
3203 0 52 3246 0 51 3249 0 53 3357 0 54 3384 0 52 3395 0 51 3435 0 53 3511 0 52 3520 0 51 3532 0 60 3532 0 61 3538 0 76 3540 0 63 3542 0 62 3549 0 54 3549 0 77 3561 0 90 3561 0 91 3561 0 92 3562 0 76 3568 0 53 3569 0 69 3571 0 68 3573 0 77 3589 0 76 3600 0 77 3623 0 76 3634 0 77 3637 0 71 3651 0 70 3663 0 52 3692 0 90 3692 0 91 3692 0 92 3697 0 54 3699 0 76 3702 0 
TIME iteration: 322 ms
Round:7
IR: 0, 0, 0, 0, 0
3802 0 53 3817 0 52 3853 0 54 3863 0 51 3908 0 52 3935 0 53 3986 0 54 4006 0 51 4026 0 52 4029 0 62 4029 0 63 4034 0 77 4056 0 67 4058 0 77 4058 0 90 4058 0 91 4058 0 92 4061 0 53 4065 0 71 4066 0 70 4075 0 79 4085 0 77 4106 0 54 4107 0 79 4118 0 77 4163 0 52 4165 0 79 4178 0 53 4184 0 77 4198 0 51 4200 0 90 4200 0 91 4200 0 
TIME iteration: 322 ms
Round:8
IR: 0, 0, 0, 0, 0
4268 0 54 4318 0 51 4344 0 53 4364 0 52 4434 0 51 4461 0 54 4514 0 52 4555 0 51 4559 0 60 4559 0 61 4567 0 76 4589 0 90 4589 0 91 4589 0 92 4591 0 76 4593 0 54 4596 0 53 4618 0 76 4620 0 69 4621 0 68 4652 0 76 4696 0 51 4698 0 52 4735 0 53 4757 0 
TIME iteration: 321 ms
Round:9
IR: 0, 0, 0, 0, 0
4882 0 54 4907 0 52 4919 0 53 4927 0 51 4939 0 67 4942 0 66 4949 0 79 4967 0 90 4967 0 91 4967 0 92 4973 0 79 5000 0 75 5000 0 79 5002 0 74 5020 0 52 5034 0 79 5057 0 51 5064 0 54 5080 0 53 5134 0 52 5188 0 54 5196 0 51 5253 0 67 5255 0 66 5257 0 79 5274 0 75 5275 0 74 5278 0 90 5278 0 91 5278 0 92 5280 0 
TIME iteration: 320 ms
Round:10
IR: 0, 0, 0, 0, 0
5304 0 52 5306 0 79 5324 0 53 5330 0 54 5338 0 79 5343 0 51 5359 0 75 5369 0 74 5393 0 79 5471 0 53 5489 0 52 5517 0 51 5525 0 54 5560 0 66 5560 0 67 5564 0 79 5584 0 74 5584 0 75 5584 0 90 5584 0 91 5584 0 92 5588 0 79 5614 0 79 5626 0 53 5646 0 79 5652 0 54 5656 0 52 5697 0 51 5707 0 79 5828 0 
TIME iteration: 320 ms
Round:11
IR: 0, 0, 0, 0, 0
5834 0 52 5856 0 51 5920 0 53 5986 0 51 5995 0 60 5996 0 61 6004 0 76 6022 0 90 6022 0 91 6022 0 92 6028 0 76 6049 0 52 6055 0 76 6073 0 68 6077 0 69 6090 0 76 6097 0 54 6112 0 53 6115 0 51 6181 0 52 6224 0 54 6302 0 52 6314 0 51 6335 0 53 6348 0 62 6349 0 63 6357 0 
TIME iteration: 320 ms
Round:12
IR: 0, 0, 0, 0, 0
6363 0 60 6363 0 61 6365 0 54 6367 0 76 6374 0 90 6374 0 91 6374 0 92 6381 0 77 6389 0 68 6390 0 69 6390 0 76 6408 0 77 6416 0 76 6438 0 71 6441 0 70 6443 0 77 6444 0 52 6448 0 76 6478 0 51 6499 0 90 6499 0 91 6499 0 92 6504 0 76 6533 0 53 6568 0 54 6594 0 52 6621 0 51 6708 0 52 6721 0 53 6736 0 54 6764 0 51 6851 0 52 6863 0 62 6863 0 63 6868 0 
TIME iteration: 320 ms
Round:13
IR: 0, 0, 0, 0, 0
6892 0 77 6893 0 90 6893 0 91 6893 0 92 6894 0 54 6899 0 71 6900 0 70 6910 0 51 6919 0 77 6924 0 53 6952 0 77 7018 0 77 7020 0 52 7044 0 51 7058 0 53 7062 0 54 7137 0 51 7190 0 61 7191 0 60 7198 0 76 7215 0 90 7215 0 91 7215 0 92 7217 0 53 7222 0 76 7229 0 52 7240 0 69 7241 0 51 7241 0 68 7249 0 76 7250 0 54 7283 0 76 7342 0 52 7384 0 54 7386 0 51 7403 0 
TIME iteration: 321 ms
Round:14
IR: 0, 0, 0, 0, 0
7486 0 52 7508 0 51 7524 0 60 7524 0 61 7527 0 76 7544 0 68 7544 0 69 7549 0 90 7549 0 91 7549 0 92 7550 0 76 7557 0 53 7560 0 54 7576 0 76 7608 0 76 7630 0 69 7638 0 68 7662 0 76 7709 0 52 7712 0 53 7716 0 54 7839 0 51 7844 0 53 7904 0 64 7904 0 65 7912 0 78 7930 0 90 7930 0 91 7930 0 92 7935 0 54 7936 0 78 7937 0 
TIME iteration: 321 ms
Round:15
IR: 0, 0, 0, 0, 0
7963 0 78 7977 0 53 7997 0 73 7997 0 78 7998 0 72 8015 0 51 8056 0 52 8164 0 52 8173 0 54 8174 0 53 8256 0 63 8258 0 62 8265 0 77 8271 0 51 8282 0 90 8282 0 91 8282 0 92 8289 0 77 8299 0 52 8316 0 77 8330 0 70 8332 0 71 8350 0 77 8373 0 54 8403 0 53 8424 0 
TIME iteration: 333 ms
Round:16
IR: 0, 0, 0, 0, 0
8514 0 52 8537 0 54 8546 0 51 8600 0 53 8647 0 54 8662 0 66 8662 0 67 8671 0 79 8688 0 90 8688 0 91 8688 0 92 8695 0 51 8695 0 79 8714 0 53 8722 0 79 8724 0 52 8757 0 75 8757 0 79 8765 0 74 8802 0 54 8810 0 53 8848 0 51 8891 0 52 8909 0 53 8934 0 54 8960 0 67 8961 0 66 8963 0 79 8966 0 65 8967 0 64 8974 0 78 8979 0 51 8983 0 74 8983 0 75 8985 0 90 8985 0 91 8985 0 92 8986 0 79 8998 0 
TIME iteration: 322 ms
Round:17
IR: 0, 0, 0, 0, 0
9012 0 79 9025 0 78 9031 0 73 9032 0 72 9036 0 52 9044 0 79 9059 0 78 9060 0 54 9087 0 53 9099 0 79 9113 0 51 9113 0 90 9113 0 91 9113 0 92 9180 0 54 9202 0 52 9205 0 53 9292 0 54 9322 0 51 9373 0 52 9384 0 54 9406 0 66 9407 0 67 9412 0 79 9430 0 74 9431 0 75 9435 0 90 9435 0 91 9435 0 92 9436 0 79 9450 0 51 9463 0 79 9474 0 53 9484 0 52 9496 0 79 9517 0 
TIME iteration: 322 ms
Round:18
IR: 0, 0, 0, 0, 0
9574 0 79 9576 0 52 9623 0 54 9690 0 53 9694 0 51 9698 0 52 9730 0 63 9732 0 62 9739 0 77 9755 0 54 9756 0 90 9756 0 91 9756 0 92 9763 0 77 9790 0 77 9806 0 71 9811 0 70 9824 0 77 9849 0 52 9861 0 51 9911 0 54 9994 0 52 10022 0 51 10030 0 54 10041 0 62 10041 0 63 10044 0 77 10053 0 53 10062 0 71 10063 0 70 10065 0 90 10065 0 91 10065 0 92 10067 0 
TIME iteration: 322 ms
Round:19
IR: 0, 0, 0, 0, 0
10093 0 77 10112 0 52 10125 0 77 10157 0 51 10162 0 54 10179 0 77 10288 0 52 10299 0 53 10347 0 54 10385 0 51 10452 0 52 10460 0 53 10469 0 62 10469 0 63 10474 0 77 10490 0 71 10492 0 70 10496 0 90 10496 0 91 10496 0 92 10498 0 77 10506 0 54 10525 0 77 10558 0 77 10559 0 51 10580 0 
TIME iteration: 322 ms
Round:20
IR: 0, 0, 0, 0, 0
10619 0 53 10624 0 77 10658 0 52 10732 0 51 10757 0 53 10777 0 54 10821 0 52 10847 0 63 10848 0 62 10852 0 77 10864 0 51 10866 0 70 10873 0 90 10873 0 91 10873 0 92 10876 0 77 10877 0 53 10877 0 71 10902 0 77 10928 0 52 10935 0 77 10948 0 70 10996 0 77 11020 0 51 11025 0 53 11056 0 52 11110 0 
TIME iteration: 320 ms
Round:21
IR: 0, 0, 0, 0, 0
11139 0 51 11141 0 62 11142 0 63 11145 0 77 11155 0 71 11164 0 70 11165 0 90 11165 0 91 11165 0 92 11168 0 77 11175 0 52 11194 0 77 11197 0 53 11220 0 71 11226 0 77 11269 0 52 11281 0 77 11327 0 51 11362 0 54 11380 0 52 11404 0 62 11405 0 63 11408 0 77 11414 0 70 11424 0 71 11428 0 90 11428 0 91 11428 0 92 11431 0 77 11457 0 77 11470 0 70 11481 0 51 11489 0 77 11511 0 71 11519 0 53 11535 0 52 11543 0 77 11564 0 54 11639 0 51 11640 0 
TIME iteration: 321 ms
Round:22
IR: 0, 0, 0, 0, 0
11702 0 54 11728 0 52 11752 0 63 11753 0 62 11757 0 77 11776 0 51 11776 0 70 11777 0 53 11777 0 90 11777 0 91 11777 0 92 11779 0 71 11781 0 77 11807 0 77 11828 0 54 11840 0 77 11887 0 52 11901 0 77 11925 0 53 11987 0 54 11999 0 51 12002 0 52 12090 0 62 12095 0 53 12098 0 52 12098 0 77 12099 0 63 12111 0 70 12112 0 71 12120 0 62 12120 0 90 12120 0 91 12120 0 92 12121 0 77 12144 0 77 12147 0 70 12149 0 71 12169 0 77 12178 0 
TIME iteration: 321 ms
Round:23
IR: 0, 0, 0, 0, 0
12198 0 77 12208 0 54 12240 0 77 12245 0 52 12257 0 90 12257 0 91 12257 0 92 12265 0 53 12294 0 51 12378 0 52 12404 0 53 12424 0 54 12438 0 51 12542 0 53 12579 0 54 12593 0 51 12593 0 52 12621 0 65 12625 0 64 12631 0 78 12632 0 60 12633 0 61 12637 0 53 12641 0 76 12653 0 90 12653 0 91 12653 0 92 12655 0 78 12665 0 76 12682 0 78 12692 0 76 12712 0 72 12716 0 78 12717 0 
TIME iteration: 321 ms
Round:24
IR: 0, 0, 0, 0, 0
12726 0 68 12727 0 76 12728 0 69 12759 0 53 12768 0 52 12770 0 51 12785 0 90 12785 0 91 12785 0 92 12816 0 54 12910 0 51 12944 0 54 12966 0 52 12994 0 53 13059 0 51 13069 0 52 13096 0 54 13126 0 53 13150 0 66 13151 0 67 13153 0 63 13160 0 79 13162 0 62 13166 0 77 13178 0 90 13178 0 91 13178 0 92 13184 0 79 13190 0 77 13211 0 79 13217 0 70 13217 0 77 13218 0 51 13218 0 71 13240 0 52 13246 0 
TIME iteration: 322 ms
Round:25
IR: 0, 0, 0, 0, 0
13251 0 74 13251 0 77 13255 0 75 13257 0 54 13308 0 90 13308 0 91 13308 0 92 13370 0 53 13387 0 51 13437 0 52 13445 0 54 13503 0 53 13579 0 51 13600 0 52 13692 0 51 13705 0 54 13710 0 60 13711 0 61 13718 0 76 13725 0 53 13741 0 90 13741 0 91 13741 0 92 13742 0 76 13748 0 52 13769 0 76 13776 0 69 13778 0 
TIME iteration: 322 ms
Round:26
IR: 0, 0, 0, 0, 0
13803 0 76 13827 0 54 13835 0 51 13842 0 53 13882 0 52 13958 0 53 13960 0 51 13968 0 54 14016 0 61 14018 0 60 14019 0 76 14037 0 68 14038 0 69 14040 0 52 14042 0 76 14042 0 90 14042 0 91 14042 0 92 14068 0 76 14099 0 76 14119 0 68 14132 0 69 14134 0 54 14150 0 76 14154 0 52 14177 0 51 14188 0 
TIME iteration: 321 ms
Round:27
IR: 0, 0, 0, 0, 0
14335 0 51 14337 0 52 14347 0 60 14347 0 61 14351 0 76 14358 0 53 14372 0 69 14372 0 90 14372 0 91 14372 0 92 14373 0 68 14374 0 76 14400 0 76 14432 0 76 14484 0 51 14488 0 76 14500 0 53 14522 0 52 14539 0 54 14636 0 51 14647 0 53 14656 0 52 14710 0 54 14714 0 60 14718 0 61 14721 0 76 14734 0 68 14734 0 69 14742 0 90 14742 0 91 14742 0 92 14745 0 76 14771 0 76 14782 0 51 14804 0 76 14807 0 69 14809 0 68 14823 0 54 14831 0 
TIME iteration: 321 ms
Round:28
IR: 0, 0, 0, 0, 0
14860 0 53 14866 0 76 14926 0 51 14947 0 54 14980 0 53 14981 0 60 14981 0 61 14984 0 76 15001 0 68 15001 0 69 15004 0 90 15004 0 91 15004 0 92 15007 0 76 15013 0 52 15033 0 76 15055 0 51 15065 0 76 15073 0 53 15082 0 69 15087 0 68 15119 0 76 15127 0 54 15160 0 52 15213 0 53 15240 0 51 15276 0 60 15277 0 61 15280 0 76 15292 0 52 15299 0 69 15300 0 68 15300 0 90 15300 0 91 15300 0 92 15303 0 76 15323 0 54 15329 0 76 15361 0 
TIME iteration: 321 ms
Round:29
IR: 0, 0, 0, 0, 0
15416 0 76 15462 0 54 15464 0 51 15472 0 52 15514 0 53 15586 0 52 15603 0 51 15621 0 53 15632 0 54 15651 0 63 15656 0 62 15659 0 60 15659 0 61 15662 0 77 15664 0 76 15678 0 68 15678 0 69 15679 0 90 15679 0 91 15679 0 92 15686 0 77 15688 0 76 15713 0 77 15714 0 52 15715 0 76 15738 0 70 15742 0 51 15744 0 53 15748 0 76 15748 0 77 15757 0 68 15758 0 69 15769 0 71 15804 0 54 15808 0 90 15808 0 91 15808 0 92 15813 0 76 15864 0 51 15891 0 
TIME iteration: 321 ms
Round:30
IR: 0, 0, 0, 0, 0
15954 0 51 15974 0 52 15991 0 54 16038 0 53 16090 0 51 16109 0 54 16116 0 60 16117 0 61 16122 0 76 16127 0 52 16145 0 90 16145 0 91 16145 0 92 16146 0 76 16150 0 68 16150 0 69 16157 0 53 16173 0 76 16206 0 76 16220 0 54 16223 0 52 16231 0 51 16268 0 53 16273 0 76 16339 0 52 16386 0 51 16403 0 
TIME iteration: 321 ms
Round:31
IR: 0, 0, 0, 0, 0
16455 0 53 16482 0 52 16495 0 63 16496 0 62 16503 0 77 16521 0 90 16521 0 91 16521 0 92 16527 0 77 16547 0 54 16550 0 71 16552 0 70 16554 0 77 16575 0 52 16578 0 51 16588 0 77 16674 0 53 16689 0 52 16721 0 51 16750 0 54 16815 0 53 16816 0 52 16821 0 63 16822 0 62 16824 0 77 16836 0 54 16843 0 70 16843 0 71 16846 0 90 16846 0 91 16846 0 92 16847 0 51 16847 0 77 16873 0 77 16905 0 77 16936 0 70 16958 0 77 16959 0 
TIME iteration: 328 ms
Round:32
IR: 0, 0, 0, 0, 0
16994 0 51 17008 0 53 17092 0 52 17093 0 54 17161 0 53 17195 0 51 17217 0 54 17221 0 66 17221 0 67 17230 0 79 17247 0 90 17247 0 91 17247 0 92 17254 0 79 17268 0 53 17281 0 79 17316 0 75 17316 0 79 17319 0 74 17340 0 51 17347 0 52 17349 0 54 17389 0 53 17448 0 51 17464 0 
TIME iteration: 320 ms
Round:33
IR: 0, 0, 0, 0, 0
17491 0 66 17492 0 53 17492 0 67 17494 0 79 17512 0 74 17512 0 75 17515 0 90 17515 0 91 17515 0 92 17517 0 79 17543 0 79 17553 0 52 17565 0 51 17575 0 79 17596 0 54 17597 0 74 17601 0 75 17624 0 53 17631 0 79 17651 0 51 17693 0 52 17703 0 54 17719 0 66 17720 0 67 17722 0 79 17738 0 74 17738 0 75 17742 0 90 17742 0 91 17742 0 92 17745 0 79 17771 0 79 17781 0 53 17785 0 51 17803 0 79 17812 0 74 17815 0 75 17816 0 52 17824 0 54 17859 0 79 17903 0 51 17936 0 53 17970 0 54 17990 0 66 17990 0 67 17992 0 52 17993 0 79 18011 0 74 18011 0 75 18013 0 90 18013 0 91 18013 0 92 18016 0 
TIME iteration: 321 ms
Round:34
IR: 0, 0, 0, 0, 0
18042 0 79 18045 0 51 18064 0 53 18074 0 79 18110 0 75 18131 0 79 18177 0 51 18183 0 52 18277 0 54 18312 0 52 18313 0 53 18368 0 51 18371 0 54 18387 0 66 18387 0 67 18392 0 79 18407 0 74 18408 0 62 18413 0 90 18413 0 91 18413 0 92 18416 0 79 18417 0 75 18426 0 77 18443 0 79 18458 0 77 18476 0 79 18489 0 53 18494 0 74 18506 0 52 18513 0 77 18548 0 
TIME iteration: 320 ms
Round:35
IR: 0, 0, 0, 0, 0
18554 0 90 18554 0 91 18554 0 92 18562 0 54 18589 0 51 18637 0 53 18655 0 52 18720 0 51 18734 0 54 18757 0 52 18842 0 53 18866 0 51 18869 0 54 18908 0 52 18913 0 60 18913 0 61 18921 0 76 18922 0 62 18923 0 63 18924 0 66 18924 0 67 18929 0 77 18931 0 79 18943 0 90 18943 0 91 18943 0 92 18945 0 76 18953 0 77 18955 0 75 18955 0 79 18964 0 74 18970 0 71 18972 0 70 18972 0 76 18980 0 77 18982 0 79 18999 0 68 19006 0 69 19006 0 76 19013 0 51 19014 0 77 19016 0 79 19030 0 53 19057 0 54 19060 0 90 19060 0 91 19060 0 
TIME iteration: 321 ms
Round:36
IR: 0, 0, 0, 0, 0
19094 0 52 19095 0 77 19182 0 54 19185 0 53 19211 0 51 19265 0 52 19327 0 51 19379 0 54 19413 0 53 19437 0 52 19461 0 51 19463 0 60 19463 0 61 19469 0 76 19478 0 63 19480 0 62 19485 0 77 19493 0 76 19493 0 90 19493 0 91 19493 0 92 19504 0 69 19505 0 68 19509 0 77 19515 0 70 19516 0 71 19520 0 76 19536 0 77 19538 0 53 19554 0 76 19570 0 77 19600 0 
TIME iteration: 322 ms
Round:37
IR: 0, 0, 0, 0, 0
19621 0 51 19621 0 90 19621 0 91 19621 0 92 19630 0 76 19646 0 77 19687 0 54 19721 0 52 19743 0 53 19811 0 51 19865 0 52 19910 0 54 19920 0 53 19942 0 51 19976 0 52 19984 0 62 19985 0 63 19991 0 77 20000 0 60 20006 0 61 20009 0 76 20014 0 90 20014 0 91 20014 0 92 20015 0 70 20015 0 71 20015 0 77 20033 0 76 20037 0 68 20037 0 69 20042 0 77 20060 0 76 20076 0 77 20094 0 76 20097 0 53 20104 0 54 20128 0 52 20132 0 
TIME iteration: 322 ms
Round:38
IR: 0, 0, 0, 0, 0
20141 0 90 20141 0 91 20141 0 92 20157 0 77 20169 0 76 20208 0 53 20235 0 54 20241 0 51 20298 0 52 20328 0 53 20351 0 54 20365 0 51 20446 0 53 20467 0 65 20468 0 52 20468 0 64 20476 0 78 20482 0 51 20489 0 60 20489 0 61 20495 0 76 20497 0 90 20497 0 91 20497 0 92 20500 0 54 20500 0 78 20516 0 69 20518 0 68 20519 0 76 20527 0 78 20546 0 76 20557 0 73 20562 0 78 20563 0 72 20571 0 53 20580 0 52 20580 0 76 20614 0 54 20622 0 51 20622 0 90 20622 0 91 20622 0 92 20656 0 
TIME iteration: 321 ms
Round:39
IR: 0, 0, 0, 0, 0
20724 0 52 20779 0 53 20796 0 51 20815 0 54 20884 0 52 20895 0 53 20993 0 54 20997 0 51 21003 0 52 21014 0 63 21015 0 62 21022 0 77 21045 0 90 21045 0 91 21045 0 92 21046 0 77 21053 0 53 21073 0 77 21075 0 70 21075 0 71 21093 0 54 21107 0 77 21197 0 
TIME iteration: 320 ms
Round:40
IR: 0, 0, 0, 0, 0
21201 0 52 21204 0 51 21206 0 53 21340 0 53 21345 0 54 21362 0 51 21376 0 67 21377 0 66 21380 0 52 21385 0 79 21398 0 65 21399 0 64 21402 0 90 21402 0 91 21402 0 92 21406 0 78 21409 0 79 21430 0 78 21436 0 79 21438 0 54 21456 0 72 21457 0 73 21457 0 78 21471 0 79 21473 0 75 21480 0 74 21483 0 53 21491 0 78 21510 0 51 21522 0 52 21525 0 90 21525 0 91 21525 0 92 21549 0 54 21620 0 53 21655 0 52 21713 0 
TIME iteration: 321 ms
Round:41
IR: 0, 0, 0, 0, 0
21738 0 53 21765 0 54 21789 0 52 21817 0 53 21828 0 64 21828 0 65 21832 0 78 21855 0 78 21857 0 73 21857 0 90 21857 0 91 21857 0 92 21858 0 72 21881 0 78 21913 0 78 21938 0 54 21945 0 53 21956 0 52 21962 0 51 21969 0 78 22066 0 54 22067 0 52 22105 0 53 22157 0 51 22209 0 54 22227 0 67 22229 0 66 22236 0 79 22242 0 52 22243 0 53 22246 0 64 22247 0 65 22252 0 78 22254 0 90 22254 0 91 22254 0 
TIME iteration: 321 ms
Round:42
IR: 0, 0, 0, 0, 0
22260 0 79 22269 0 73 22270 0 72 22276 0 78 22281 0 51 22282 0 74 22285 0 75 22287 0 79 22303 0 54 22303 0 78 22322 0 79 22335 0 53 22336 0 78 22377 0 51 22378 0 90 22378 0 91 22378 0 92 22403 0 78 22459 0 54 22487 0 53 22511 0 52 22522 0 51 22614 0 53 22665 0 54 22702 0 51 22738 0 
TIME iteration: 321 ms
Round:43
IR: 0, 0, 0, 0, 0
22807 0 53 22821 0 64 22821 0 65 22827 0 78 22834 0 51 22835 0 60 22836 0 61 22837 0 54 22844 0 76 22851 0 78 22852 0 90 22852 0 91 22852 0 92 22854 0 72 22854 0 73 22868 0 76 22876 0 52 22878 0 78 22895 0 76 22912 0 78 22925 0 68 22929 0 69 22930 0 76 22944 0 51 22954 0 53 22982 0 90 22982 0 91 22982 0 92 22988 0 78 23018 0 54 23040 0 52 23062 0 53 23077 0 51 23178 0 54 23199 0 51 23212 0 52 23219 0 53 23308 0 
TIME iteration: 322 ms
Round:44
IR: 0, 0, 0, 0, 0
23347 0 51 23348 0 67 23349 0 66 23357 0 61 23357 0 79 23358 0 60 23363 0 76 23378 0 90 23378 0 91 23378 0 92 23381 0 79 23387 0 76 23396 0 68 23396 0 69 23408 0 79 23414 0 76 23415 0 75 23416 0 74 23419 0 52 23431 0 53 23443 0 79 23447 0 76 23509 0 90 23509 0 91 23509 0 92 23514 0 76 23530 0 54 23541 0 51 23593 0 52 23605 0 53 23691 0 54 23732 0 51 23767 0 52 23768 0 53 23839 0 
TIME iteration: 322 ms
Round:45
IR: 0, 0, 0, 0, 0
23883 0 52 23887 0 66 23887 0 67 23893 0 79 23901 0 62 23901 0 63 23909 0 77 23917 0 79 23917 0 90 23917 0 91 23917 0 92 23923 0 53 23925 0 75 23926 0 74 23933 0 77 23944 0 79 23960 0 77 23971 0 51 23978 0 79 23990 0 71 23992 0 54 23993 0 52 23994 0 70 23994 0 77 24046 0 90 24046 0 91 24046 0 92 24097 0 53 24115 0 54 24146 0 52 24147 0 51 24260 0 53 24277 0 52 24333 0 54 24337 0 
TIME iteration: 322 ms
Round:46
IR: 0, 0, 0, 0, 0
24407 0 52 24416 0 62 24416 0 63 24421 0 77 24445 0 77 24446 0 90 24446 0 91 24446 0 92 24453 0 71 24455 0 70 24469 0 54 24472 0 77 24490 0 51 24505 0 77 24528 0 53 24571 0 77 24598 0 54 24619 0 51 24621 0 52 24738 0 51 24744 0 52 24748 0 53 24771 0 60 24772 0 61 24780 0 76 24786 0 63 24787 0 62 24791 0 77 24797 0 90 24797 0 91 24797 0 92 24804 0 76 24808 0 70 24808 0 71 24815 0 77 24831 0 76 24841 0 77 24845 0 69 24846 0 68 24856 0 51 24866 0 76 24874 0 
TIME iteration: 321 ms
Round:47
IR: 0, 0, 0, 0, 0
24910 0 70 24915 0 52 24922 0 90 24922 0 91 24922 0 92 24935 0 77 24936 0 53 24946 0 54 25023 0 51 25047 0 52 25082 0 54 25173 0 51 25208 0 52 25212 0 53 25242 0 54 25303 0 67 25307 0 66 25314 0 79 25327 0 51 25335 0 90 25335 0 91 25335 0 92 25338 0 79 25344 0 53 25352 0 54 25365 0 79 25376 0 75 25380 0 74 25400 0 
TIME iteration: 328 ms
Round:48
IR: 0, 0, 0, 0, 0
25453 0 53 25541 0 54 25553 0 52 25578 0 53 25650 0 51 25664 0 64 25678 0 65 25680 0 78 25685 0 52 25687 0 54 25696 0 90 25696 0 91 25696 0 92 25704 0 78 25731 0 78 25764 0 72 25764 0 73 25766 0 78 25771 0 53 25798 0 51 25809 0 54 25836 0 52 25898 0 51 25911 0 53 25930 0 54 25963 0 65 25966 0 64 25967 0 
TIME iteration: 321 ms
Round:49
IR: 0, 0, 0, 0, 0
25986 0 73 25987 0 72 25988 0 90 25988 0 91 25988 0 92 25990 0 78 26000 0 53 26016 0 78 26027 0 52 26048 0 78 26057 0 51 26067 0 54 26101 0 78 26131 0 53 26147 0 52 26231 0 54 26237 0 51 26302 0 53 26337 0 52 26338 0 64 26339 0 65 26343 0 78 26356 0 73 26357 0 72 26364 0 90 26364 0 91 26364 0 92 26367 0 51 26367 0 78 26393 0 78 26397 0 54 26426 0 78 26427 0 73 26432 0 53 26432 0 72 26477 0 52 26486 0 54 26487 0 
TIME iteration: 320 ms
Round:50
IR: 0, 0, 0, 0, 0
26503 0 51 26584 0 52 26614 0 54 26622 0 51 26630 0 53 26668 0 64 26668 0 67 26669 0 65 26670 0 66 26673 0 78 26678 0 79 26691 0 90 26691 0 91 26691 0 92 26693 0 72 26694 0 73 26697 0 78 26702 0 79 26714 0 51 26723 0 78 26729 0 79 26747 0 74 26748 0 75 26753 0 54 26756 0 78 26764 0 79 26795 0 53 26817 0 78 26820 0 90 26820 0 91 26820 0 92 26925 0 54 26928 0 52 26948 0 51 26956 0 
TIME iteration: 321 ms
Round:51
IR: 0, 0, 0, 0, 0
27046 0 54 27094 0 52 27129 0 53 27158 0 54 27168 0 66 27169 0 67 27174 0 79 27191 0 51 27198 0 79 27198 0 90 27198 0 91 27198 0 92 27203 0 74 27205 0 75 27212 0 52 27225 0 79 27259 0 79 27299 0 53 27301 0 51 27301 0 54 27338 0 52 27436 0 51 27481 0 53 27484 0 54 27536 0 52 27550 0 51 27555 0 60 27555 0 
TIME iteration: 321 ms
Round:52
IR: 0, 0, 0, 0, 0
27563 0 76 27581 0 90 27581 0 91 27581 0 92 27587 0 76 27592 0 53 27612 0 54 27614 0 76 27647 0 68 27648 0 76 27652 0 69 27656 0 51 27733 0 53 27743 0 54 27767 0 52 27820 0 51 27835 0 53 27862 0 60 27862 0 61 27864 0 76 27869 0 54 27886 0 68 27886 0 69 27886 0 90 27886 0 91 27886 0 92 27887 0 76 27913 0 76 27936 0 52 27944 0 76 27995 0 76 28016 0 51 28041 0 
TIME iteration: 320 ms
Round:53
IR: 0, 0, 0, 0, 0
28106 0 54 28121 0 52 28189 0 53 28223 0 54 28281 0 67 28284 0 66 28291 0 79 28298 0 53 28301 0 64 28301 0 65 28309 0 78 28309 0 90 28309 0 91 28309 0 92 28313 0 52 28314 0 51 28315 0 79 28333 0 78 28342 0 79 28344 0 74 28344 0 75 28360 0 78 28377 0 79 28380 0 72 28380 0 73 28394 0 78 28434 0 90 28434 0 91 28434 0 92 28462 0 51 28471 0 53 28475 0 54 28493 0 52 28589 0 51 28591 0 
TIME iteration: 320 ms
Round:54
IR: 0, 0, 0, 0, 0
28626 0 52 28704 0 53 28728 0 51 28741 0 64 28742 0 65 28744 0 54 28746 0 78 28756 0 52 28770 0 78 28770 0 90 28770 0 91 28770 0 92 28774 0 73 28775 0 72 28796 0 78 28829 0 78 28842 0 51 28890 0 78 28920 0 53 28988 0 51 29011 0 52 29062 0 54 29065 0 53 29119 0 51 29121 0 65 29123 0 64 29127 0 78 29135 0 61 29136 0 60 29143 0 72 29143 0 73 29144 0 76 29146 0 52 29148 0 90 29148 0 91 29148 0 
TIME iteration: 321 ms
Round:55
IR: 0, 0, 0, 0, 0
29151 0 78 29168 0 76 29178 0 78 29195 0 76 29205 0 68 29205 0 69 29209 0 51 29211 0 78 29230 0 76 29231 0 72 29257 0 53 29274 0 90 29274 0 91 29274 0 92 29276 0 78 29291 0 54 29294 0 52 29330 0 51 29384 0 53 29422 0 52 29491 0 54 29522 0 53 29546 0 51 29589 0 52 29654 0 62 29655 0 63 29663 0 
TIME iteration: 321 ms
Round:56
IR: 0, 0, 0, 0, 0
29684 0 90 29684 0 91 29684 0 92 29687 0 77 29698 0 53 29704 0 54 29714 0 77 29749 0 77 29751 0 51 29751 0 52 29752 0 71 29762 0 70 29823 0 53 29857 0 54 29869 0 51 29880 0 52 29934 0 63 29935 0 62 29937 0 77 29957 0 70 29957 0 71 29958 0 90 29958 0 91 29958 0 92 29960 0 77 29973 0 53 29986 0 77 30018 0 77 30020 0 52 30044 0 51 30066 0 54 30071 0 77 30091 0 53 30181 0 51 30192 0 
TIME iteration: 321 ms
Round:57
IR: 0, 0, 0, 0, 0
30267 0 53 30289 0 54 30304 0 51 30319 0 61 30320 0 60 30323 0 52 30327 0 76 30334 0 62 30334 0 63 30339 0 77 30340 0 65 30345 0 64 30345 0 90 30345 0 91 30345 0 92 30351 0 76 30351 0 78 30353 0 70 30354 0 71 30363 0 77 30375 0 78 30378 0 76 30388 0 69 30389 0 68 30390 0 77 30402 0 78 30409 0 73 30412 0 76 30418 0 51 30418 0 72 30423 0 77 30425 0 53 30436 0 70 30437 0 78 30439 0 71 30459 0 90 30459 0 91 30459 0 92 30465 0 52 30489 0 77 30495 0 54 30531 0 51 30598 0 53 30626 0 52 30628 0 54 30641 0 
TIME iteration: 321 ms
Round:58
IR: 0, 0, 0, 0, 0
30749 0 51 30766 0 61 30767 0 60 30771 0 52 30771 0 76 30773 0 54 30794 0 90 30794 0 91 30794 0 92 30795 0 76 30798 0 68 30798 0 69 30821 0 76 30854 0 76 30861 0 53 30915 0 76 30933 0 54 30949 0 51 30971 0 52 31043 0 53 31100 0 52 31107 0 51 31143 0 53 31147 0 54 31160 0 61 31163 0 60 31164 0 65 31165 0 64 31166 0 76 31172 0 78 31178 0 63 31180 0 62 31183 0 68 31183 0 69 31186 0 90 31186 0 91 31186 0 92 31187 0 77 31190 0 76 31196 0 78 31211 0 77 31216 0 76 31220 0 72 31220 0 73 31223 0 78 31228 0 52 31236 0 70 31237 0 71 31238 0 77 31249 0 76 31257 0 78 31268 0 
TIME iteration: 323 ms
Round:59
IR: 0, 0, 0, 0, 0
31272 0 77 31300 0 53 31301 0 90 31301 0 91 31301 0 92 31310 0 76 31360 0 51 31387 0 52 31424 0 54 31460 0 51 31482 0 52 31511 0 53 31584 0 54 31596 0 52 31608 0 51 31611 0 62 31612 0 63 31616 0 77 31635 0 60 31635 0 61 31639 0 90 31639 0 91 31639 0 92 31640 0 77 31641 0 70 31641 0 71 31641 0 76 31660 0 68 31661 0 69 31665 0 76 31666 0 77 31692 0 76 31699 0 77 31701 0 54 31726 0 76 31746 0 53 31754 0 51 31760 0 77 31762 0 52 31762 0 90 31762 0 91 31762 0 
TIME iteration: 322 ms
Round:60
IR: 0, 0, 0, 0, 0
31802 0 76 31848 0 54 31908 0 53 31920 0 51 31928 0 52 32000 0 54 32052 0 53 32095 0 51 32125 0 52 32145 0 54 32163 0 66 32164 0 67 32172 0 79 32186 0 60 32190 0 61 32194 0 76 32194 0 90 32194 0 91 32194 0 92 32196 0 79 32218 0 76 32220 0 68 32220 0 69 32223 0 79 32225 0 53 32245 0 76 32254 0 75 32258 0 79 32260 0 74 32279 0 54 32279 0 76 32289 0 52 32319 0 90 32319 0 91 32319 0 92 32327 0 
TIME iteration: 322 ms
Round:61
IR: 0, 0, 0, 0, 0
32354 0 76 32379 0 54 32428 0 52 32433 0 53 32478 0 51 32565 0 54 32579 0 52 32598 0 53 32636 0 51 32698 0 54 32699 0 53 32706 0 60 32711 0 61 32711 0 64 32711 0 65 32712 0 52 32715 0 76 32716 0 66 32716 0 67 32719 0 78 32721 0 62 32722 0 63 32722 0 79 32729 0 77 32735 0 90 32735 0 91 32735 0 92 32739 0 76 32740 0 68 32741 0 69 32743 0 78 32746 0 79 32753 0 77 32755 0 75 32757 0 74 32764 0 51 32766 0 76 32770 0 78 32773 0 79 32780 0 77 32785 0 70 32785 0 71 32792 0 72 32793 0 73 32800 0 76 32804 0 78 32807 0 79 32814 0 77 32827 0 52 32832 0 53 32847 0 90 32847 0 91 32847 0 
TIME iteration: 323 ms
Round:62
IR: 0, 0, 0, 0, 0
32880 0 76 32891 0 54 32932 0 51 33010 0 52 33053 0 51 33083 0 54 33127 0 53 33143 0 52 33220 0 62 33227 0 63 33229 0 77 33236 0 52 33249 0 51 33252 0 90 33252 0 91 33252 0 92 33253 0 77 33258 0 71 33259 0 70 33280 0 77 33289 0 54 33307 0 53 33313 0 77 33362 0 52 33380 0 
TIME iteration: 322 ms
Round:63
IR: 0, 0, 0, 0, 0
33424 0 51 33462 0 53 33471 0 54 33489 0 52 33523 0 51 33543 0 62 33547 0 63 33549 0 77 33562 0 70 33562 0 71 33570 0 90 33570 0 91 33570 0 92 33572 0 77 33598 0 77 33630 0 77 33632 0 52 33632 0 71 33636 0 70 33656 0 53 33686 0 77 33696 0 51 33813 0 53 33833 0 54 33848 0 51 33866 0 52 33912 0 62 33916 0 63 33919 0 
TIME iteration: 323 ms
Round:64
IR: 0, 0, 0, 0, 0
33931 0 53 33940 0 90 33940 0 91 33940 0 92 33941 0 70 33941 0 71 33943 0 77 33952 0 51 33969 0 77 33995 0 54 34002 0 77 34020 0 52 34064 0 77 34094 0 54 34138 0 51 34157 0 52 34162 0 53 34278 0 54 34291 0 52 34298 0 62 34298 0 63 34303 0 77 34315 0 67 34317 0 66 34318 0 70 34319 0 71 34324 0 90 34324 0 91 34324 0 92 34325 0 79 34327 0 77 34349 0 79 34354 0 77 34376 0 79 34377 0 51 34387 0 77 34394 0 74 34399 0 75 34410 0 53 34410 0 70 34411 0 79 34415 0 71 34438 0 52 34448 0 90 34448 0 91 34448 0 
TIME iteration: 321 ms
Round:65
IR: 0, 0, 0, 0, 0
34452 0 77 34533 0 54 34540 0 51 34564 0 52 34584 0 53 34647 0 52 34703 0 51 34744 0 63 34748 0 54 34755 0 77 34773 0 53 34783 0 90 34783 0 91 34783 0 92 34785 0 77 34809 0 52 34823 0 51 34829 0 77 34854 0 54 34951 0 
TIME iteration: 321 ms
Round:66
IR: 0, 0, 0, 0, 0
34993 0 53 35016 0 52 35040 0 51 35065 0 54 35083 0 66 35084 0 67 35091 0 79 35111 0 90 35111 0 91 35111 0 92 35115 0 79 35132 0 52 35135 0 74 35136 0 75 35142 0 79 35156 0 53 35176 0 79 35223 0 54 35248 0 52 35267 0 53 35290 0 51 35341 0 52 35380 0 54 35395 0 53 35395 0 62 35396 0 63 35402 0 77 35420 0 90 35420 0 91 35420 0 92 35426 0 77 35439 0 71 35440 0 70 35453 0 77 35473 0 52 35487 0 
TIME iteration: 321 ms
Round:67
IR: 0, 0, 0, 0, 0
35514 0 53 35546 0 54 35568 0 77 35584 0 51 35616 0 52 35668 0 53 35699 0 52 35709 0 62 35709 0 63 35713 0 77 35727 0 71 35728 0 70 35733 0 90 35733 0 91 35733 0 92 35736 0 77 35762 0 77 35771 0 54 35783 0 51 35794 0 77 35796 0 53 35808 0 71 35810 0 52 35810 0 70 35850 0 77 35906 0 53 35944 0 54 35971 0 51 35994 0 52 36017 0 62 36017 0 63 36021 0 77 36032 0 
TIME iteration: 321 ms
Round:68
IR: 0, 0, 0, 0, 0
36041 0 70 36041 0 71 36041 0 90 36041 0 91 36041 0 92 36044 0 77 36070 0 77 36102 0 77 36109 0 52 36146 0 54 36158 0 77 36171 0 53 36224 0 51 36254 0 52 36323 0 54 36374 0 51 36391 0 52 36393 0 53 36399 0 62 36399 0 63 36404 0 77 36418 0 70 36418 0 71 36425 0 90 36425 0 91 36425 0 92 36428 0 77 36455 0 77 36478 0 54 36488 0 77 36504 0 70 36504 0 71 36533 0 51 36553 0 
TIME iteration: 320 ms
Round:69
IR: 0, 0, 0, 0, 0
36574 0 53 36616 0 54 36675 0 52 36722 0 53 36783 0 52 36784 0 51 36788 0 62 36788 0 63 36793 0 77 36808 0 53 36812 0 64 36812 0 65 36814 0 90 36814 0 91 36814 0 92 36817 0 70 36817 0 71 36817 0 77 36820 0 78 36825 0 54 36844 0 77 36844 0 78 36871 0 78 36877 0 77 36905 0 78 36908 0 72 36909 0 73 36922 0 52 36936 0 90 36936 0 91 36936 0 92 36943 0 77 36959 0 51 36967 0 53 37000 0 54 37069 0 51 37075 0 
TIME iteration: 321 ms
Round:70
IR: 0, 0, 0, 0, 0
37124 0 52 37134 0 54 37199 0 51 37250 0 54 37258 0 53 37268 0 61 37270 0 60 37277 0 66 37277 0 67 37277 0 76 37286 0 79 37298 0 51 37298 0 90 37298 0 91 37298 0 92 37301 0 76 37310 0 79 37328 0 52 37328 0 76 37337 0 79 37362 0 76 37366 0 53 37368 0 68 37368 0 69 37369 0 74 37372 0 79 37377 0 75 37408 0 54 37430 0 90 37430 0 91 37430 0 92 37574 0 52 37621 0 51 37628 0 
TIME iteration: 321 ms
Round:71
IR: 0, 0, 0, 0, 0
37665 0 53 37764 0 52 37799 0 51 37802 0 53 37806 0 54 37875 0 66 37875 0 67 37882 0 79 37890 0 64 37890 0 65 37891 0 53 37894 0 52 37898 0 78 37902 0 63 37903 0 62 37906 0 79 37906 0 90 37906 0 91 37906 0 92 37911 0 77 37918 0 74 37918 0 75 37922 0 78 37933 0 79 37935 0 77 37941 0 51 37949 0 78 37956 0 72 37957 0 73 37962 0 77 37965 0 71 37967 0 70 37967 0 79 37983 0 78 37997 0 77 38021 0 90 38021 0 91 38021 0 92 38022 0 54 38073 0 52 38093 0 53 38121 0 54 38144 0 
TIME iteration: 321 ms
Round:72
IR: 0, 0, 0, 0, 0
38259 0 54 38260 0 52 38262 0 53 38290 0 51 38378 0 52 38380 0 54 38386 0 67 38387 0 66 38392 0 79 38402 0 51 38403 0 62 38404 0 63 38409 0 77 38412 0 61 38413 0 60 38415 0 90 38415 0 91 38415 0 92 38416 0 79 38420 0 74 38420 0 75 38420 0 76 38423 0 53 38433 0 77 38438 0 70 38438 0 71 38443 0 79 38444 0 76 38460 0 77 38471 0 76 38477 0 79 38483 0 69 38484 0 68 38493 0 77 38495 0 51 38505 0 76 38520 0 54 38528 0 52 38529 0 90 38529 0 91 38529 0 92 38560 0 77 38580 0 53 38611 0 54 38634 0 
TIME iteration: 322 ms
Round:73
IR: 0, 0, 0, 0, 0
38693 0 52 38722 0 53 38743 0 54 38764 0 51 38873 0 54 38884 0 67 38885 0 52 38885 0 66 38890 0 79 38911 0 51 38913 0 90 38913 0 91 38913 0 92 38914 0 74 38914 0 75 38914 0 79 38941 0 79 38942 0 53 38975 0 79 39017 0 51 39018 0 54 39067 0 52 39110 0 53 39119 0 51 39167 0 
TIME iteration: 322 ms
Round:74
IR: 0, 0, 0, 0, 0
39257 0 53 39259 0 52 39259 0 66 39259 0 67 39263 0 79 39271 0 51 39276 0 60 39277 0 61 39279 0 74 39279 0 75 39280 0 54 39284 0 76 39285 0 90 39285 0 91 39285 0 92 39286 0 79 39308 0 76 39312 0 79 39332 0 68 39334 0 69 39335 0 76 39344 0 79 39361 0 74 39366 0 75 39369 0 76 39397 0 54 39402 0 79 39410 0 90 39410 0 91 39410 0 92 39425 0 52 39468 0 53 39470 0 51 39517 0 54 39573 0 52 39595 0 53 39631 0 51 39709 0 
TIME iteration: 321 ms
Round:75
IR: 0, 0, 0, 0, 0
39780 0 52 39842 0 53 39852 0 62 39855 0 63 39862 0 54 39862 0 77 39867 0 66 39867 0 67 39874 0 79 39884 0 90 39884 0 91 39884 0 92 39886 0 77 39898 0 79 39900 0 51 39909 0 74 39910 0 75 39913 0 77 39925 0 79 39928 0 71 39930 0 70 39943 0 52 39948 0 77 39959 0 79 39975 0 54 40014 0 90 40014 0 91 40014 0 92 40069 0 52 40076 0 51 40110 0 53 40116 0 54 40242 0 52 40270 0 
TIME iteration: 321 ms
Round:76
IR: 0, 0, 0, 0, 0
40304 0 51 40305 0 53 40378 0 54 40379 0 52 40387 0 66 40387 0 67 40393 0 79 40403 0 62 40403 0 63 40409 0 77 40417 0 79 40417 0 90 40417 0 91 40417 0 92 40419 0 74 40421 0 75 40433 0 77 40438 0 53 40441 0 71 40443 0 70 40444 0 79 40452 0 51 40460 0 77 40472 0 54 40478 0 79 40494 0 77 40545 0 90 40545 0 91 40545 0 92 40557 0 52 40570 0 77 40572 0 51 40620 0 54 40688 0 53 40694 0 52 40700 0 
TIME iteration: 322 ms
Round:77
IR: 0, 0, 0, 0, 0
40830 0 54 40837 0 51 40869 0 53 40887 0 61 40889 0 60 40896 0 76 40917 0 90 40917 0 91 40917 0 92 40918 0 52 40920 0 76 40931 0 54 40947 0 76 40951 0 51 40967 0 69 40971 0 68 40981 0 76 41060 0 53 41060 0 54 41121 0 51 41145 0 52 41226 0 54 41250 0 51 41252 0 53 41257 0 60 41257 0 61 41261 0 76 41282 0 52 41283 0 90 41283 0 91 41283 0 92 41284 0 68 41284 0 69 41284 0 76 41310 0 
TIME iteration: 333 ms
Round:78
IR: 0, 0, 0, 0, 0
41342 0 76 41365 0 53 41372 0 51 41391 0 54 41398 0 76 41482 0 51 41491 0 52 41509 0 53 41607 0 54 41616 0 51 41619 0 52 41619 0 61 41620 0 60 41624 0 76 41637 0 69 41638 0 68 41645 0 90 41645 0 91 41645 0 92 41648 0 76 41671 0 53 41674 0 76 41707 0 76 41713 0 69 41716 0 68 41760 0 54 41768 0 76 41807 0 52 41819 0 
TIME iteration: 321 ms
Round:79
IR: 0, 0, 0, 0, 0
41889 0 51 41934 0 53 41939 0 52 41949 0 54 41975 0 65 41977 0 64 41984 0 78 42001 0 90 42001 0 91 42001 0 92 42008 0 78 42035 0 78 42057 0 51 42069 0 78 42072 0 73 42076 0 53 42079 0 52 42079 0 72 42143 0 54 42199 0 51 42229 0 52 42284 0 53 42310 0 51 42313 0 54 42335 0 64 42336 0 60 42336 0 65 42337 0 61 42339 0 78 42344 0 76 42359 0 90 42359 0 91 42359 0 92 42362 0 72 42362 0 73 42362 0 78 42368 0 76 42375 0 53 42377 0 52 42388 0 69 42388 0 78 42389 0 68 42395 0 
TIME iteration: 335 ms
Round:80
IR: 0, 0, 0, 0, 0
42408 0 51 42420 0 78 42429 0 76 42475 0 78 42489 0 90 42489 0 91 42489 0 92 42521 0 51 42522 0 52 42539 0 54 42566 0 53 42658 0 52 42710 0 54 42724 0 51 42732 0 53 42871 0 53 42879 0 52 42886 0 51 42891 0 64 42891 0 65 42897 0 78 42921 0 60 42921 0 61 42921 0 78 42921 0 90 42921 0 91 42921 0 92 42924 0 72 42924 0 73 42927 0 
TIME iteration: 328 ms
Round:81
IR: 0, 0, 0, 0, 0
42948 0 78 42951 0 76 42960 0 68 42960 0 69 42972 0 51 42978 0 76 42982 0 78 42994 0 53 42998 0 54 43012 0 76 43043 0 90 43043 0 91 43043 0 92 43058 0 78 43088 0 76 43127 0 53 43130 0 54 43136 0 52 43248 0 54 43259 0 51 43290 0 52 43329 0 53 43358 0 54 43373 0 67 43374 0 66 43382 0 79 43402 0 90 43402 0 91 43402 0 92 43406 0 79 43432 0 52 43433 0 79 43442 0 
TIME iteration: 321 ms
Round:82
IR: 0, 0, 0, 0, 0
43464 0 75 43468 0 74 43468 0 79 43492 0 54 43534 0 51 43555 0 53 43671 0 54 43707 0 52 43713 0 66 43714 0 67 43717 0 79 43724 0 51 43739 0 75 43739 0 90 43739 0 91 43739 0 92 43740 0 53 43740 0 74 43740 0 79 43766 0 79 43798 0 79 43800 0 54 43856 0 79 43864 0 51 43866 0 52 43883 0 53 43925 0 
TIME iteration: 321 ms
Round:83
IR: 0, 0, 0, 0, 0
44021 0 52 44040 0 53 44071 0 51 44083 0 54 44096 0 67 44097 0 66 44102 0 79 44115 0 64 44116 0 74 44117 0 75 44118 0 65 44122 0 90 44122 0 91 44122 0 92 44125 0 78 44126 0 79 44149 0 78 44153 0 79 44176 0 78 44180 0 51 44186 0 73 44187 0 72 44187 0 79 44190 0 53 44196 0 52 44199 0 74 44206 0 75 44211 0 78 44245 0 90 44245 0 91 44245 0 92 44309 0 51 44341 0 54 44342 0 53 44377 0 52 44473 0 53 44476 0 51 44514 0 
TIME iteration: 321 ms
Round:84
IR: 0, 0, 0, 0, 0
44552 0 54 44641 0 51 44664 0 52 44665 0 61 44667 0 60 44670 0 53 44672 0 62 44673 0 63 44674 0 76 44681 0 77 44684 0 54 44685 0 65 44686 0 64 44691 0 78 44695 0 66 44695 0 90 44695 0 91 44695 0 92 44698 0 76 44705 0 77 44709 0 79 44715 0 78 44725 0 73 44725 0 76 44726 0 72 44732 0 77 44740 0 79 44742 0 78 44749 0 68 44752 0 69 44759 0 76 44765 0 71 44767 0 52 44767 0 77 44772 0 70 44775 0 78 44790 0 79 44808 0 90 44808 0 91 44808 0 92 44842 0 78 44844 0 54 44864 0 53 44865 0 51 44942 0 52 44993 0 54 45019 0 
TIME iteration: 321 ms
Round:85
IR: 0, 0, 0, 0, 0
45053 0 53 45137 0 53 45152 0 51 45162 0 64 45163 0 65 45168 0 54 45168 0 78 45179 0 60 45179 0 61 45184 0 76 45191 0 73 45191 0 90 45191 0 91 45191 0 92 45192 0 72 45192 0 78 45208 0 76 45217 0 68 45217 0 69 45219 0 78 45235 0 76 45252 0 78 45268 0 76 45281 0 53 45286 0 52 45293 0 51 45318 0 90 45318 0 91 45318 0 92 45319 0 78 45334 0 76 45390 0 54 45406 0 51 45479 0 53 45515 0 
TIME iteration: 322 ms
Round:86
IR: 0, 0, 0, 0, 0
45614 0 54 45625 0 51 45654 0 53 45661 0 52 45762 0 63 45769 0 51 45779 0 77 45780 0 61 45781 0 60 45787 0 76 45791 0 54 45802 0 90 45802 0 91 45802 0 92 45803 0 52 45811 0 76 45811 0 77 45817 0 68 45817 0 69 45829 0 53 45838 0 76 45864 0 77 45872 0 76 45881 0 51 45931 0 52 45934 0 54 45953 0 76 45971 0 90 45971 0 91 45971 0 92 45983 0 51 46013 0 53 46038 0 52 46084 0 
TIME iteration: 321 ms
Round:87
IR: 0, 0, 0, 0, 0
46136 0 51 46138 0 52 46178 0 53 46208 0 54 46279 0 51 46287 0 52 46300 0 53 46310 0 63 46311 0 62 46317 0 77 46333 0 60 46334 0 61 46334 0 65 46335 0 64 46340 0 76 46340 0 90 46340 0 91 46340 0 92 46341 0 77 46343 0 78 46357 0 70 46357 0 71 46364 0 76 46366 0 68 46367 0 69 46367 0 78 46368 0 77 46386 0 52 46391 0 76 46394 0 78 46398 0 73 46401 0 72 46402 0 77 46405 0 51 46418 0 54 46425 0 76 46429 0 78 46431 0 53 46454 0 90 46454 0 91 46454 0 92 46483 0 77 46506 0 76 46507 0 52 46539 0 53 46539 0 54 46587 0 
TIME iteration: 1179 ms
Round:88
IR: 0, 0, 0, 0, 0
46652 0 53 46683 0 52 46714 0 51 46740 0 54 46818 0 52 46843 0 62 46843 0 63 46849 0 77 46872 0 90 46872 0 91 46872 0 92 46873 0 77 46878 0 70 46878 0 71 46900 0 77 46902 0 54 46918 0 53 46934 0 77 46950 0 52 46960 0 51 47010 0 77 47078 0 54 47088 0 53 47138 0 51 47157 0 
TIME iteration: 322 ms
Round:89
IR: 0, 0, 0, 0, 0
47197 0 54 47233 0 67 47235 0 66 47239 0 53 47243 0 79 47260 0 90 47260 0 91 47260 0 92 47267 0 79 47287 0 52 47294 0 79 47295 0 51 47324 0 75 47328 0 74 47329 0 79 47361 0 54 47401 0 52 47412 0 53 47475 0 51 47577 0 51 47580 0 53 47601 0 52 47611 0 60 47611 0 61 47619 0 76 47637 0 54 47637 0 90 47637 0 91 47637 0 92 47643 0 76 47670 0 76 47680 0 68 47682 0 
TIME iteration: 321 ms
Round:90
IR: 0, 0, 0, 0, 0
47704 0 76 47793 0 52 47807 0 51 47807 0 54 47854 0 53 47915 0 52 47923 0 51 47952 0 60 47953 0 61 47956 0 76 47969 0 54 47976 0 68 47977 0 69 47978 0 90 47978 0 91 47978 0 92 47979 0 76 47990 0 53 48005 0 76 48037 0 76 48062 0 51 48081 0 52 48092 0 76 48123 0 54 48206 0 
TIME iteration: 321 ms
Round:91
IR: 0, 0, 0, 0, 0
48260 0 51 48271 0 52 48282 0 54 48377 0 66 48392 0 54 48393 0 67 48395 0 79 48410 0 53 48411 0 90 48411 0 91 48411 0 92 48419 0 79 48446 0 79 48453 0 51 48453 0 75 48456 0 74 48481 0 79 48513 0 54 48521 0 52 48523 0 53 48572 0 51 48651 0 52 48658 0 53 48731 0 54 48745 0 
TIME iteration: 320 ms
Round:92
IR: 0, 0, 0, 0, 0
48779 0 66 48779 0 67 48783 0 79 48787 0 53 48787 0 60 48787 0 61 48790 0 65 48791 0 64 48794 0 76 48799 0 78 48805 0 52 48805 0 90 48805 0 91 48805 0 92 48806 0 74 48807 0 75 48807 0 79 48818 0 76 48823 0 78 48833 0 79 48835 0 69 48836 0 68 48845 0 76 48850 0 78 48866 0 79 48879 0 76 48885 0 73 48885 0 78 48887 0 72 48909 0 54 48910 0 52 48919 0 53 48921 0 90 48921 0 91 48921 0 92 48925 0 51 48929 0 79 49053 0 52 49062 0 54 49063 0 51 49077 0 53 49197 0 52 49229 0 54 49230 0 53 49238 0 
TIME iteration: 333 ms
Round:93
IR: 0, 0, 0, 0, 0
49291 0 64 49297 0 65 49299 0 78 49323 0 78 49323 0 90 49323 0 91 49323 0 92 49331 0 72 49332 0 73 49345 0 53 49349 0 78 49382 0 78 49390 0 54 49413 0 52 49420 0 51 49444 0 78 49454 0 53 49538 0 54 49547 0 52 49568 0 51 49696 0 53 49696 0 54 49719 0 67 49720 0 66 49728 0 79 49736 0 51 49736 0 64 49737 0 65 49742 0 78 49744 0 52 49746 0 90 49746 0 91 49746 0 92 49752 0 79 49762 0 72 49763 0 73 49766 0 78 49774 0 74 49775 0 75 49779 0 79 49793 0 78 49814 0 
TIME iteration: 322 ms
Round:94
IR: 0, 0, 0, 0, 0
49826 0 78 49848 0 53 49871 0 90 49871 0 91 49871 0 92 49883 0 52 49893 0 78 49901 0 54 49903 0 51 50017 0 51 50043 0 52 50102 0 54 50114 0 53 50161 0 52 50174 0 51 50219 0 63 50220 0 62 50228 0 77 50230 0 60 50233 0 61 50240 0 76 50249 0 90 50249 0 91 50249 0 92 50252 0 77 50263 0 53 50264 0 76 50278 0 51 50279 0 77 50290 0 52 50291 0 76 50309 0 68 50310 0 69 50310 0 71 50313 0 70 50314 0 77 50326 0 76 50336 0 
TIME iteration: 322 ms
Round:95
IR: 0, 0, 0, 0, 0
50379 0 90 50379 0 91 50379 0 92 50412 0 51 50419 0 52 50474 0 53 50476 0 54 50538 0 52 50610 0 54 50619 0 51 50627 0 53 50682 0 52 50706 0 54 50718 0 62 50719 0 63 50719 0 66 50719 0 67 50724 0 77 50727 0 79 50743 0 90 50743 0 91 50743 0 92 50748 0 77 50751 0 79 50755 0 71 50756 0 70 50774 0 53 50775 0 77 50778 0 51 50778 0 79 50779 0 75 50781 0 74 50806 0 52 50808 0 77 50813 0 79 50874 0 90 50874 0 91 50874 0 92 50875 0 
TIME iteration: 321 ms
Round:96
IR: 0, 0, 0, 0, 0
50910 0 54 50918 0 51 50932 0 53 51058 0 51 51067 0 52 51068 0 53 51194 0 54 51214 0 52 51232 0 53 51262 0 51 51265 0 64 51265 0 65 51273 0 78 51295 0 90 51295 0 91 51295 0 92 51297 0 78 51324 0 78 51329 0 52 51342 0 53 51343 0 72 51345 0 73 51358 0 78 51406 0 
TIME iteration: 321 ms
Round:97
IR: 0, 0, 0, 0, 0
51467 0 53 51483 0 51 51527 0 52 51565 0 54 51620 0 53 51626 0 64 51626 0 65 51629 0 51 51629 0 78 51640 0 52 51652 0 72 51652 0 73 51652 0 78 51652 0 90 51652 0 91 51652 0 92 51678 0 78 51699 0 54 51710 0 78 51727 0 53 51749 0 52 51764 0 78 51790 0 51 51830 0 53 51848 0 54 51853 0 52 51937 0 
TIME iteration: 320 ms
Round:98
IR: 0, 0, 0, 0, 0
51942 0 65 51943 0 64 51946 0 78 51957 0 72 51957 0 73 51967 0 90 51967 0 91 51967 0 92 51969 0 78 51979 0 51 51995 0 54 51995 0 78 52020 0 73 52021 0 72 52027 0 78 52059 0 52 52082 0 78 52095 0 53 52102 0 54 52156 0 52 52190 0 51 52257 0 54 52275 0 53 52295 0 64 52295 0 65 52299 0 78 52313 0 66 52313 0 67 52320 0 73 52320 0 90 52320 0 91 52320 0 92 52321 0 72 52322 0 78 52322 0 79 52334 0 52 52346 0 79 52348 0 78 52373 0 79 52380 0 78 52393 0 74 52396 0 51 52397 0 75 52408 0 79 52432 0 54 52436 0 78 52444 0 90 52444 0 91 52444 0 
TIME iteration: 321 ms
Round:99
IR: 0, 0, 0, 0, 0
52498 0 53 52548 0 52 52560 0 54 52568 0 51 52674 0 52 52696 0 53 52696 0 54 52749 0 51 52810 0 52 52826 0 62 52826 0 63 52834 0 77 52851 0 54 52855 0 66 52855 0 67 52856 0 90 52856 0 91 52856 0 92 52858 0 77 52861 0 79 52866 0 53 52885 0 77 52885 0 79 52892 0 51 52894 0 74 52894 0 75 52912 0 79 52914 0 71 52915 0 70 52919 0 77 52946 0 79 52977 0 54 52979 0 90 52979 0 91 52979 0 
TIME iteration: 321 ms
Round:100
IR: 0, 0, 0, 0, 0
53008 0 52 53026 0 51 53028 0 53 53098 0 54 53150 0 52 53188 0 53 53251 0 54 53264 0 51 53370 0 53 53380 0 52 53382 0 54 53384 0 66 53385 0 67 53390 0 79 53405 0 65 53406 0 64 53413 0 78 53414 0 79 53415 0 90 53415 0 91 53415 0 92 53417 0 75 53418 0 74 53437 0 78 53441 0 79 53464 0 78 53468 0 72 53468 0 73 53475 0 79 53483 0 51 53489 0 54 53498 0 
TIME iteration: 321 ms
Round:101
IR: 0, 0, 0, 0, 0
53541 0 53 53541 0 90 53541 0 91 53541 0 92 53614 0 54 53615 0 52 53633 0 51 53737 0 54 53813 0 53 53818 0 51 53819 0 52 53845 0 54 53863 0 67 53864 0 66 53869 0 79 53892 0 74 53893 0 75 53893 0 79 53893 0 90 53893 0 91 53893 0 92 53920 0 79 53954 0 79 53967 0 52 53986 0 54 53992 0 53 53997 0 
TIME iteration: 321 ms
Round:102
IR: 0, 0, 0, 0, 0
54135 0 54 54158 0 51 54166 0 52 54175 0 53 54298 0 51 54310 0 60 54310 0 61 54318 0 76 54321 0 52 54331 0 53 54337 0 90 54337 0 91 54337 0 92 54342 0 76 54369 0 76 54393 0 54 54403 0 76 54411 0 69 54417 0 68 54449 0 51 54475 0 53 54506 0 52 54530 0 54 54575 0 
TIME iteration: 320 ms
Round:103
IR: 0, 0, 0, 0, 0
54599 0 61 54600 0 60 54602 0 76 54605 0 54 54622 0 68 54622 0 69 54623 0 90 54623 0 91 54623 0 92 54625 0 76 54651 0 76 54670 0 53 54683 0 76 54714 0 51 54736 0 76 54745 0 54 54755 0 52 54807 0 53 54912 0 51 54929 0 53 54947 0 54 54961 0 52 54962 0 64 54962 0 65 54970 0 78 54987 0 90 54987 0 91 54987 0 92 54994 0 78 55021 0 78 55037 0 72 55041 0 73 55048 0 51 55055 0 78 55060 0 53 55070 0 54 55113 0 
TIME iteration: 321 ms
Round:104
IR: 0, 0, 0, 0, 0
55171 0 54 55180 0 53 55244 0 64 55246 0 65 55247 0 78 55265 0 72 55265 0 73 55269 0 90 55269 0 91 55269 0 92 55270 0 78 55279 0 54 55285 0 51 55288 0 53 55296 0 78 55327 0 78 55331 0 52 55348 0 72 55353 0 73 55378 0 78 55399 0 54 55497 0 54 55513 0 52 55515 0 53 55539 0 51 55564 0 66 55564 0 67 55573 0 79 55576 0 64 55576 0 65 55580 0 78 55588 0 90 55588 0 91 55588 0 92 55597 0 79 55601 0 72 55602 0 73 55603 0 78 55624 0 79 55629 0 78 55642 0 
TIME iteration: 322 ms
Round:105
IR: 0, 0, 0, 0, 0
55650 0 75 55659 0 52 55659 0 79 55661 0 78 55671 0 54 55689 0 53 55713 0 90 55713 0 91 55713 0 92 55717 0 78 55765 0 51 55817 0 52 55840 0 54 55875 0 53 55891 0 51 55957 0 54 55996 0 51 56000 0 53 56002 0 52 56031 0 60 56034 0 61 56041 0 76 56061 0 90 56061 0 91 56061 0 92 56065 0 76 56092 0 76 56104 0 51 56108 0 69 56110 0 68 56127 0 76 56129 0 52 56143 0 53 56155 0 
TIME iteration: 322 ms
Round:106
IR: 0, 0, 0, 0, 0
56249 0 51 56281 0 52 56309 0 53 56323 0 54 56444 0 54 56457 0 67 56458 0 66 56462 0 53 56466 0 79 56477 0 64 56478 0 65 56484 0 90 56484 0 91 56484 0 92 56485 0 52 56485 0 78 56488 0 51 56490 0 79 56509 0 78 56517 0 75 56517 0 79 56518 0 74 56528 0 73 56531 0 72 56536 0 78 56552 0 79 56570 0 78 56606 0 53 56608 0 90 56608 0 91 56608 0 92 56612 0 52 56620 0 51 56669 0 
TIME iteration: 322 ms
Round:107
IR: 0, 0, 0, 0, 0
56722 0 53 56766 0 51 56779 0 52 56844 0 53 56896 0 51 56902 0 54 56949 0 52 56962 0 60 56962 0 61 56970 0 76 56991 0 90 56991 0 91 56991 0 92 56994 0 76 57008 0 51 57021 0 76 57022 0 68 57022 0 69 57048 0 53 57055 0 76 57111 0 54 57119 0 52 57130 0 51 57160 0 53 57229 0 
TIME iteration: 321 ms
Round:108
IR: 0, 0, 0, 0, 0
57244 0 52 57260 0 51 57265 0 53 57282 0 61 57283 0 60 57285 0 76 57293 0 65 57294 0 64 57301 0 78 57304 0 68 57304 0 69 57307 0 90 57307 0 91 57307 0 92 57308 0 76 57325 0 78 57334 0 76 57346 0 72 57346 0 73 57352 0 78 57366 0 76 57373 0 53 57377 0 54 57386 0 78 57388 0 52 57412 0 51 57419 0 76 57433 0 90 57433 0 91 57433 0 92 57526 0 54 57529 0 52 57540 0 53 57563 0 51 57673 0 52 57680 0 53 57717 0 
TIME iteration: 330 ms
Round:109
IR: 0, 0, 0, 0, 0
57789 0 54 57794 0 52 57807 0 63 57808 0 62 57809 0 53 57816 0 77 57819 0 64 57819 0 65 57824 0 78 57837 0 90 57837 0 91 57837 0 92 57840 0 77 57847 0 51 57848 0 78 57855 0 72 57855 0 73 57867 0 77 57875 0 78 57902 0 71 57902 0 77 57905 0 70 57908 0 78 57942 0 52 57958 0 53 57967 0 90 57967 0 91 57967 0 92 57974 0 78 58002 0 51 58042 0 52 58059 0 54 58086 0 53 58127 0 51 58208 0 54 58211 0 52 58237 0 
TIME iteration: 327 ms
Round:110
IR: 0, 0, 0, 0, 0
58301 0 51 58318 0 54 58336 0 67 58337 0 66 58346 0 79 58351 0 60 58354 0 61 58360 0 76 58366 0 90 58366 0 91 58366 0 92 58370 0 79 58378 0 52 58384 0 76 58397 0 79 58411 0 69 58411 0 76 58414 0 68 58422 0 75 58424 0 51 58424 0 74 58427 0 54 58431 0 53 58432 0 79 58445 0 76 58494 0 90 58494 0 91 58494 0 92 58527 0 52 58553 0 54 58568 0 51 58604 0 53 58658 0 54 58673 0 52 58730 0 53 58749 0 
TIME iteration: 327 ms
Round:111
IR: 0, 0, 0, 0, 0
58839 0 54 58866 0 52 58868 0 67 58869 0 66 58875 0 79 58878 0 53 58889 0 64 58890 0 65 58897 0 78 58898 0 90 58898 0 91 58898 0 92 58899 0 79 58908 0 74 58908 0 75 58921 0 78 58926 0 79 58948 0 78 58951 0 72 58951 0 73 58960 0 79 58973 0 51 58982 0 78 59001 0 54 59024 0 90 59024 0 91 59024 0 92 59039 0 52 59065 0 53 59146 0 54 59162 0 51 59225 0 53 59279 0 52 59289 0 
TIME iteration: 326 ms
Round:112
IR: 0, 0, 0, 0, 0
59386 0 53 59396 0 51 59421 0 65 59422 0 64 59427 0 78 59438 0 52 59451 0 78 59452 0 90 59452 0 91 59452 0 92 59458 0 73 59459 0 72 59473 0 54 59478 0 78 59511 0 78 59543 0 53 59578 0 78 59586 0 52 59587 0 54 59590 0 51 59685 0 53 59696 0 54 59712 0 52 59754 0 66 59754 0 67 59760 0 51 59762 0 79 59779 0 90 59779 0 91 59779 0 92 59786 0 79 59793 0 53 59809 0 74 59809 0 75 59813 0 79 59836 0 52 59848 0 
TIME iteration: 326 ms
Round:113
IR: 0, 0, 0, 0, 0
59890 0 51 59916 0 53 59965 0 52 59969 0 54 60004 0 51 60082 0 54 60088 0 53 60117 0 66 60118 0 51 60119 0 67 60122 0 79 60124 0 60 60124 0 61 60132 0 76 60141 0 74 60142 0 75 60143 0 90 60143 0 91 60143 0 92 60145 0 79 60156 0 76 60171 0 79 60183 0 76 60191 0 53 60203 0 79 60210 0 69 60212 0 68 60217 0 76 60262 0 79 60266 0 52 60272 0 90 60272 0 91 60272 0 92 60304 0 54 60338 0 51 60407 0 52 60410 0 
TIME iteration: 326 ms
Round:114
IR: 0, 0, 0, 0, 0
60422 0 54 60527 0 52 60585 0 54 60586 0 51 60595 0 53 60609 0 52 60613 0 62 60613 0 63 60621 0 77 60638 0 67 60640 0 66 60642 0 90 60642 0 91 60642 0 92 60645 0 77 60646 0 79 60668 0 75 60669 0 74 60670 0 79 60672 0 77 60697 0 79 60706 0 77 60709 0 70 60710 0 71 60718 0 54 60731 0 79 60764 0 51 60765 0 90 60765 0 91 60765 0 92 60792 0 53 60816 0 52 60855 0 
TIME iteration: 326 ms
Round:115
IR: 0, 0, 0, 0, 0
60953 0 51 60988 0 52 61015 0 53 61025 0 54 61090 0 51 61096 0 52 61121 0 63 61122 0 62 61127 0 77 61151 0 77 61151 0 90 61151 0 91 61151 0 92 61158 0 70 61160 0 71 61163 0 54 61178 0 77 61191 0 51 61211 0 77 61212 0 52 61228 0 53 61278 0 77 61299 0 51 61301 0 54 61365 0 52 61375 0 53 61429 0 51 61459 0 54 61464 0 61 61465 0 60 61473 0 
TIME iteration: 320 ms
Round:116
IR: 0, 0, 0, 0, 0
61490 0 90 61490 0 91 61490 0 92 61497 0 76 61511 0 53 61524 0 76 61528 0 52 61539 0 69 61544 0 68 61559 0 76 61562 0 54 61567 0 51 61683 0 54 61690 0 53 61692 0 51 61716 0 52 61751 0 61 61755 0 60 61755 0 76 61774 0 68 61774 0 69 61777 0 90 61777 0 91 61777 0 92 61778 0 76 61787 0 54 61804 0 76 61809 0 53 61835 0 76 61863 0 51 61866 0 68 61869 0 69 61886 0 76 61893 0 52 61902 0 54 61962 0 
TIME iteration: 321 ms
Round:117
IR: 0, 0, 0, 0, 0
62018 0 54 62023 0 52 62086 0 67 62092 0 66 62098 0 79 62103 0 51 62114 0 90 62114 0 91 62114 0 92 62120 0 53 62122 0 79 62149 0 79 62168 0 74 62168 0 75 62181 0 52 62184 0 79 62206 0 54 62230 0 53 62249 0 51 62342 0 54 62372 0 53 62395 0 52 62395 0 66 62396 0 67 62398 0 79 62417 0 74 62418 0 75 62420 0 90 62420 0 91 62420 0 92 62421 0 79 62447 0 79 62479 0 79 62485 0 54 62520 0 51 62534 0 
TIME iteration: 321 ms
Round:118
IR: 0, 0, 0, 0, 0
62557 0 52 62617 0 53 62701 0 54 62710 0 51 62764 0 52 62809 0 53 62858 0 51 62873 0 61 62874 0 60 62881 0 76 62901 0 90 62901 0 91 62901 0 92 62905 0 76 62932 0 76 62941 0 69 62942 0 52 62943 0 68 62947 0 53 62966 0 76 62975 0 51 63009 0 
TIME iteration: 320 ms
Round:119
IR: 0, 0, 0, 0, 0
63120 0 51 63138 0 53 63189 0 54 63191 0 61 63195 0 60 63196 0 76 63215 0 68 63215 0 69 63218 0 90 63218 0 91 63218 0 92 63219 0 76 63245 0 76 63258 0 52 63277 0 76 63306 0 51 63331 0 76 63345 0 53 63455 0 54 63473 0 52 63475 0 53 63481 0 
TIME iteration: 320 ms
Round:120
IR: 0, 0, 0, 0, 0
63603 0 52 63627 0 51 63630 0 53 63634 0 61 63635 0 60 63635 0 62 63636 0 63 63639 0 65 63640 0 76 63641 0 64 63644 0 77 63648 0 78 63649 0 54 63657 0 68 63657 0 69 63659 0 90 63659 0 91 63659 0 92 63664 0 76 63668 0 77 63672 0 78 63691 0 76 63695 0 77 63699 0 78 63701 0 52 63721 0 51 63724 0 76 63730 0 71 63730 0 77 63731 0 70 63733 0 78 63734 0 73 63741 0 72 63776 0 90 63776 0 91 63776 0 92 63791 0 54 63791 0 76 63815 0 53 63833 0 52 63846 0 51 63898 0 54 63946 0 51 63970 0 53 64036 0 54 64048 0 
TIME iteration: 321 ms
Round:121
IR: 0, 0, 0, 0, 0
64146 0 51 64172 0 53 64174 0 60 64174 0 61 64180 0 76 64192 0 52 64199 0 54 64202 0 67 64203 0 66 64203 0 69 64204 0 68 64204 0 76 64204 0 90 64204 0 91 64204 0 92 64211 0 79 64231 0 76 64235 0 79 64258 0 51 64262 0 79 64265 0 76 64286 0 74 64287 0 75 64297 0 79 64327 0 90 64327 0 91 64327 0 92 64336 0 51 64337 0 52 64338 0 53 64341 0 76 64344 0 54 64453 0 51 64471 0 53 64498 0 54 64516 0 52 64591 0 53 64606 0 51 64625 0 
TIME iteration: 322 ms
Round:122
IR: 0, 0, 0, 0, 0
64665 0 64 64672 0 65 64676 0 78 64681 0 62 64683 0 63 64687 0 60 64690 0 61 64690 0 77 64695 0 76 64698 0 90 64698 0 91 64698 0 92 64700 0 78 64714 0 77 64716 0 51 64716 0 54 64718 0 69 64719 0 68 64719 0 76 64727 0 78 64736 0 72 64737 0 73 64741 0 77 64746 0 76 64747 0 71 64750 0 70 64761 0 78 64775 0 77 64780 0 76 64787 0 53 64813 0 90 64813 0 91 64813 0 92 64823 0 54 64834 0 51 64861 0 76 64862 0 52 64946 0 53 64947 0 54 64962 0 51 65069 0 52 65098 0 51 65106 0 53 65153 0 60 65153 0 61 65159 0 76 65163 0 54 65179 0 68 65180 0 69 65181 0 90 65181 0 91 65181 0 92 65182 0 51 65183 0 
TIME iteration: 323 ms
Round:123
IR: 0, 0, 0, 0, 0
65210 0 76 65222 0 52 65235 0 53 65244 0 76 65281 0 51 65320 0 76 65344 0 54 65393 0 51 65442 0 52 65445 0 60 65446 0 61 65449 0 76 65452 0 53 65458 0 68 65458 0 69 65470 0 90 65470 0 91 65470 0 92 65471 0 54 65472 0 76 65498 0 76 65517 0 69 65519 0 68 65530 0 76 65574 0 51 65585 0 76 65601 0 52 65609 0 54 65697 0 
TIME iteration: 322 ms
Round:124
IR: 0, 0, 0, 0, 0
65728 0 53 65808 0 54 65817 0 51 65859 0 61 65861 0 60 65865 0 76 65886 0 90 65886 0 91 65886 0 92 65889 0 76 65890 0 69 65892 0 68 65912 0 51 65916 0 76 65933 0 53 65943 0 52 65949 0 76 66015 0 51 66015 0 76 66032 0 54 66066 0 52 66173 0 53 66209 0 54 66248 0 
TIME iteration: 329 ms
Round:125
IR: 0, 0, 0, 0, 0
66285 0 52 66286 0 60 66287 0 61 66292 0 76 66310 0 68 66310 0 69 66313 0 90 66313 0 91 66313 0 92 66316 0 76 66343 0 76 66361 0 53 66374 0 54 66376 0 76 66431 0 51 66443 0 76 66462 0 52 66503 0 54 66549 0 53 66577 0 52 66632 0 51 66635 0 54 66661 0 66 66661 0 67 66670 0 79 66678 0 52 66680 0 62 66680 0 63 66687 0 90 66687 0 91 66687 0 92 66688 0 77 66694 0 79 66712 0 77 66721 0 79 66726 0 53 66739 0 77 66742 0 54 66756 0 79 66757 0 75 66760 0 74 66765 0 70 66767 0 71 66773 0 
TIME iteration: 327 ms
Round:126
IR: 0, 0, 0, 0, 0
66803 0 51 66811 0 90 66811 0 91 66811 0 92 66828 0 53 66835 0 52 66848 0 54 66957 0 51 67021 0 52 67035 0 53 67055 0 54 67157 0 53 67162 0 51 67200 0 64 67201 0 65 67209 0 78 67213 0 52 67231 0 90 67231 0 91 67231 0 92 67233 0 78 67240 0 54 67259 0 53 67260 0 78 67291 0 73 67294 0 72 67295 0 
TIME iteration: 326 ms
Round:127
IR: 0, 0, 0, 0, 0
67337 0 51 67372 0 53 67384 0 54 67394 0 52 67474 0 51 67493 0 53 67501 0 64 67501 0 65 67503 0 78 67524 0 73 67525 0 72 67525 0 90 67525 0 91 67525 0 92 67526 0 78 67552 0 78 67553 0 52 67572 0 54 67583 0 78 67608 0 53 67634 0 78 67667 0 51 67697 0 54 67702 0 52 67745 0 53 67824 0 54 67825 0 
TIME iteration: 320 ms
Round:128
IR: 0, 0, 0, 0, 0
67858 0 67 67859 0 66 67867 0 79 67868 0 52 67884 0 90 67884 0 91 67884 0 92 67891 0 79 67899 0 53 67918 0 79 67922 0 54 67928 0 75 67933 0 74 67953 0 79 68006 0 51 68020 0 53 68039 0 54 68065 0 52 68148 0 51 68165 0 53 68193 0 54 68202 0 66 68202 0 67 68206 0 52 68206 0 79 68226 0 74 68226 0 75 68227 0 90 68227 0 91 68227 0 92 68229 0 79 68255 0 79 68270 0 51 68287 0 79 68288 0 53 68344 0 79 68355 0 52 68356 0 54 68364 0 
TIME iteration: 321 ms
Round:129
IR: 0, 0, 0, 0, 0
68439 0 53 68474 0 52 68480 0 51 68496 0 54 68518 0 60 68519 0 61 68527 0 76 68543 0 90 68543 0 91 68543 0 92 68551 0 76 68578 0 76 68602 0 52 68604 0 53 68609 0 68 68609 0 69 68613 0 76 68619 0 51 68635 0 54 68725 0 52 68728 0 54 68755 0 51 68764 0 53 68804 0 60 68804 0 61 68806 0 76 68825 0 68 68825 0 69 68828 0 90 68828 0 91 68828 0 92 68829 0 76 68833 0 54 68838 0 52 68855 0 76 68886 0 
TIME iteration: 320 ms
Round:130
IR: 0, 0, 0, 0, 0
68911 0 68 68913 0 51 68921 0 69 68937 0 76 68947 0 53 68948 0 54 69015 0 52 69079 0 53 69106 0 51 69127 0 60 69127 0 61 69131 0 76 69142 0 54 69151 0 90 69151 0 91 69151 0 92 69152 0 69 69153 0 68 69154 0 76 69180 0 76 69212 0 76 69230 0 52 69268 0 76 69278 0 51 69293 0 54 69326 0 53 69375 0 52 69407 0 
TIME iteration: 320 ms
Round:131
IR: 0, 0, 0, 0, 0
69432 0 51 69502 0 53 69502 0 61 69503 0 60 69504 0 52 69507 0 76 69513 0 67 69522 0 62 69522 0 68 69522 0 69 69524 0 63 69528 0 90 69528 0 91 69528 0 92 69531 0 76 69531 0 77 69532 0 79 69550 0 54 69555 0 77 69557 0 76 69559 0 51 69565 0 79 69582 0 77 69590 0 76 69598 0 68 69607 0 69 69616 0 77 69625 0 70 69626 0 71 69628 0 79 69646 0 90 69646 0 91 69646 0 92 69651 0 76 69653 0 52 69663 0 51 69679 0 54 69716 0 53 69766 0 51 69777 0 52 69812 0 54 69827 0 53 69876 0 51 69931 0 61 69932 0 60 69936 0 52 69937 0 76 69951 0 54 69959 0 90 69959 0 91 69959 0 
TIME iteration: 321 ms
Round:132
IR: 0, 0, 0, 0, 0
69961 0 76 69963 0 68 69964 0 69 69988 0 76 69989 0 51 69995 0 53 70021 0 76 70056 0 52 70066 0 54 70088 0 76 70131 0 51 70160 0 53 70191 0 54 70266 0 52 70289 0 51 70304 0 54 70308 0 67 70309 0 66 70312 0 61 70313 0 60 70317 0 76 70317 0 79 70329 0 53 70333 0 68 70334 0 69 70334 0 90 70334 0 91 70334 0 92 70341 0 76 70341 0 79 70366 0 75 70367 0 74 70367 0 76 70368 0 79 70395 0 52 70400 0 76 70403 0 79 70415 0 51 70424 0 69 70426 0 68 70439 0 54 70461 0 76 70464 0 90 70464 0 91 70464 0 
TIME iteration: 322 ms
Round:133
IR: 0, 0, 0, 0, 0
70501 0 53 70554 0 54 70582 0 52 70595 0 51 70662 0 54 70673 0 53 70782 0 52 70805 0 51 70810 0 53 70824 0 54 70837 0 66 70837 0 67 70843 0 79 70848 0 64 70849 0 65 70857 0 78 70867 0 79 70867 0 90 70867 0 91 70867 0 92 70873 0 75 70874 0 74 70881 0 78 70894 0 79 70908 0 78 70928 0 79 70935 0 73 70943 0 78 70944 0 72 70950 0 53 70955 0 54 70965 0 52 70998 0 90 70998 0 91 70998 0 
TIME iteration: 322 ms
Round:134
IR: 0, 0, 0, 0, 0
71041 0 51 71114 0 54 71131 0 53 71142 0 52 71168 0 51 71264 0 53 71304 0 51 71308 0 54 71333 0 52 71346 0 60 71348 0 61 71355 0 76 71377 0 90 71377 0 91 71377 0 92 71379 0 76 71406 0 76 71409 0 69 71413 0 68 71422 0 51 71440 0 76 71451 0 54 71481 0 52 71488 0 
TIME iteration: 321 ms
Round:135
IR: 0, 0, 0, 0, 0
71559 0 51 71597 0 54 71652 0 52 71654 0 53 71715 0 54 71732 0 67 71733 0 51 71733 0 66 71741 0 79 71745 0 60 71745 0 61 71749 0 76 71759 0 90 71759 0 91 71759 0 92 71765 0 79 71772 0 69 71772 0 76 71773 0 68 71786 0 74 71786 0 75 71792 0 79 71798 0 76 71827 0 79 71830 0 76 71840 0 53 71863 0 51 71884 0 52 71886 0 76 71886 0 90 71886 0 91 71886 0 92 71897 0 54 72030 0 51 72070 0 
TIME iteration: 321 ms
Round:136
IR: 0, 0, 0, 0, 0
72086 0 52 72108 0 53 72177 0 51 72254 0 54 72292 0 51 72294 0 53 72294 0 60 72294 0 61 72295 0 52 72300 0 76 72315 0 66 72316 0 67 72322 0 79 72324 0 76 72324 0 90 72324 0 91 72324 0 92 72325 0 69 72326 0 68 72346 0 79 72351 0 76 72353 0 74 72354 0 75 72373 0 79 72385 0 76 72407 0 79 72450 0 90 72450 0 91 72450 0 92 72461 0 76 72483 0 51 72486 0 54 72488 0 52 72493 0 53 72607 0 
TIME iteration: 322 ms
Round:137
IR: 0, 0, 0, 0, 0
72647 0 51 72656 0 54 72678 0 53 72702 0 52 72748 0 62 72749 0 63 72757 0 77 72777 0 90 72777 0 91 72777 0 92 72781 0 77 72808 0 77 72816 0 51 72843 0 77 72846 0 70 72849 0 71 72856 0 54 72862 0 53 72865 0 52 72975 0 52 73001 0 51 73015 0 63 73016 0 62 73017 0 77 73036 0 71 73037 0 70 73039 0 90 73039 0 91 73039 0 92 73040 0 77 73066 0 77 73097 0 77 73109 0 54 73110 0 53 73124 0 
TIME iteration: 322 ms
Round:138
IR: 0, 0, 0, 0, 0
73147 0 77 73163 0 51 73176 0 52 73230 0 54 73284 0 51 73291 0 53 73341 0 52 73372 0 62 73372 0 63 73376 0 77 73389 0 70 73397 0 90 73397 0 91 73397 0 92 73399 0 77 73400 0 71 73415 0 51 73425 0 77 73444 0 54 73446 0 53 73457 0 70 73457 0 77 73470 0 52 73513 0 77 73573 0 54 73585 0 51 73637 0 53 73652 0 
TIME iteration: 320 ms
Round:139
IR: 0, 0, 0, 0, 0
73723 0 62 73726 0 63 73727 0 54 73729 0 77 73742 0 71 73745 0 53 73750 0 90 73750 0 91 73750 0 92 73751 0 70 73753 0 77 73759 0 51 73779 0 77 73793 0 52 73812 0 77 73815 0 71 73867 0 54 73873 0 77 73882 0 52 73884 0 53 73928 0 51 74025 0 52 74034 0 62 74035 0 63 74036 0 53 74038 0 51 74038 0 77 74049 0 70 74059 0 71 74059 0 90 74059 0 91 74059 0 92 74061 0 54 74061 0 77 74087 0 77 74112 0 70 74119 0 77 74136 0 52 74174 0 77 74179 0 
TIME iteration: 321 ms
Round:140
IR: 0, 0, 0, 0, 0
74202 0 54 74271 0 53 74298 0 52 74308 0 51 74359 0 63 74360 0 62 74363 0 77 74371 0 54 74374 0 71 74382 0 70 74384 0 90 74384 0 91 74384 0 92 74386 0 77 74398 0 52 74412 0 77 74439 0 71 74444 0 77 74467 0 51 74491 0 53 74499 0 77 74510 0 52 74550 0 54 74617 0 53 74619 0 51 74626 0 52 74645 0 62 74645 0 63 74648 0 77 74656 0 70 74666 0 71 74669 0 90 74669 0 91 74669 0 92 74671 0 77 74697 0 77 74713 0 70 74721 0 54 74729 0 
TIME iteration: 328 ms
Round:141
IR: 0, 0, 0, 0, 0
74755 0 71 74771 0 53 74783 0 77 74803 0 52 74847 0 51 74872 0 54 74873 0 53 74898 0 52 74911 0 62 74911 0 63 74914 0 77 74930 0 70 74932 0 71 74934 0 90 74934 0 91 74934 0 92 74937 0 77 74963 0 77 74994 0 54 74995 0 77 75004 0 70 75009 0 53 75049 0 77 75061 0 52 75071 0 51 75136 0 53 75157 0 54 75224 0 51 75225 0 52 75256 0 62 75257 0 
TIME iteration: 321 ms
Round:142
IR: 0, 0, 0, 0, 0
75261 0 77 75272 0 71 75274 0 54 75281 0 90 75281 0 91 75281 0 92 75283 0 70 75285 0 77 75299 0 53 75311 0 77 75330 0 52 75338 0 71 75344 0 77 75405 0 77 75425 0 53 75441 0 51 75455 0 54 75460 0 52 75589 0 51 75598 0 53 75610 0 52 75615 0 62 75616 0 63 75620 0 77 75634 0 70 75641 0 90 75641 0 91 75641 0 92 75642 0 71 75644 0 77 75670 0 77 75702 0 54 75703 0 77 75708 0 70 75758 0 52 75761 0 53 75764 0 
TIME iteration: 320 ms
Round:143
IR: 0, 0, 0, 0, 0
75799 0 51 75899 0 52 75913 0 51 75913 0 53 75931 0 62 75931 0 63 75935 0 77 75946 0 71 75955 0 70 75955 0 90 75955 0 91 75955 0 92 75958 0 77 75963 0 54 75984 0 77 76013 0 71 76016 0 77 76065 0 53 76072 0 77 76088 0 52 76116 0 51 76165 0 54 76172 0 53 76254 0 52 76292 0 63 76293 0 62 76297 0 77 76310 0 70 76315 0 51 76318 0 71 76318 0 90 76318 0 91 76318 0 
TIME iteration: 320 ms
Round:144
IR: 0, 0, 0, 0, 0
76321 0 77 76347 0 77 76363 0 53 76380 0 77 76382 0 70 76410 0 52 76441 0 77 76457 0 54 76475 0 51 76495 0 53 76559 0 52 76600 0 53 76603 0 54 76609 0 63 76610 0 62 76613 0 77 76624 0 71 76632 0 51 76633 0 65 76634 0 64 76634 0 70 76634 0 90 76634 0 91 76634 0 92 76636 0 77 76642 0 78 76662 0 77 76666 0 78 76669 0 52 76689 0 71 76693 0 78 76694 0 77 76722 0 72 76724 0 53 76728 0 78 76739 0 73 76749 0 77 76755 0 90 76755 0 91 76755 0 92 76783 0 51 76808 0 54 76810 0 
TIME iteration: 321 ms
Round:145
IR: 0, 0, 0, 0, 0
76878 0 53 76957 0 51 76973 0 52 77040 0 53 77049 0 54 77059 0 51 77102 0 60 77103 0 61 77111 0 76 77122 0 52 77132 0 90 77132 0 91 77132 0 92 77135 0 76 77162 0 76 77190 0 69 77197 0 76 77205 0 68 77213 0 51 77224 0 54 77277 0 53 77295 0 52 77347 0 54 77360 0 
TIME iteration: 321 ms
Round:146
IR: 0, 0, 0, 0, 0
77400 0 53 77408 0 61 77409 0 60 77411 0 76 77432 0 68 77432 0 69 77433 0 90 77433 0 91 77433 0 92 77434 0 76 77452 0 52 77460 0 76 77492 0 76 77507 0 54 77511 0 51 77515 0 53 77545 0 76 77574 0 52 77636 0 53 77637 0 54 77719 0 51 77754 0 52 77760 0 53 77773 0 64 77774 0 65 77781 0 78 77799 0 90 77799 0 91 77799 0 92 77805 0 78 77832 0 78 77834 0 54 77841 0 73 77843 0 72 77866 0 78 77881 0 53 77883 0 51 77897 0 
TIME iteration: 321 ms
Round:147
IR: 0, 0, 0, 0, 0
78026 0 54 78034 0 53 78083 0 51 78091 0 64 78093 0 65 78095 0 78 78114 0 72 78114 0 73 78116 0 90 78116 0 91 78116 0 92 78118 0 78 78136 0 54 78144 0 78 78162 0 52 78176 0 78 78205 0 53 78221 0 73 78230 0 78 78286 0 54 78316 0 51 78323 0 52 78427 0 
TIME iteration: 321 ms
Round:148
IR: 0, 0, 0, 0, 0
78452 0 51 78463 0 52 78476 0 65 78477 0 64 78479 0 54 78481 0 78 78495 0 72 78496 0 62 78497 0 63 78502 0 90 78502 0 91 78502 0 92 78505 0 77 78505 0 78 78507 0 73 78529 0 77 78531 0 78 78556 0 77 78564 0 78 78567 0 72 78584 0 70 78585 0 71 78591 0 77 78604 0 53 78609 0 54 78625 0 78 78625 0 90 78625 0 91 78625 0 92 78629 0 51 78630 0 52 78727 0 52 78768 0 53 78777 0 51 78811 0 54 78862 0 52 78894 0 53 78913 0 
TIME iteration: 321 ms
Round:149
IR: 0, 0, 0, 0, 0
78987 0 54 78992 0 60 79001 0 52 79003 0 62 79004 0 61 79004 0 63 79007 0 76 79009 0 77 79015 0 53 79017 0 64 79017 0 65 79023 0 78 79026 0 90 79026 0 91 79026 0 92 79027 0 51 79031 0 76 79033 0 77 79040 0 70 79041 0 71 79047 0 78 79050 0 73 79055 0 72 79058 0 76 79060 0 77 79074 0 78 79076 0 69 79080 0 68 79086 0 54 79093 0 76 79093 0 77 79108 0 78 79137 0 53 79142 0 90 79142 0 91 79142 0 92 79160 0 77 79166 0 51 79184 0 78 79190 0 52 79293 0 54 79307 0 51 79365 0 52 79374 0 53 79447 0 51 79492 0 60 79494 0 61 79496 0 52 79498 0 
TIME iteration: 322 ms
Round:150
IR: 0, 0, 0, 0, 0
79512 0 53 79522 0 76 79522 0 90 79522 0 91 79522 0 92 79529 0 68 79529 0 69 79549 0 76 79582 0 76 79627 0 52 79628 0 51 79635 0 54 79642 0 53 79648 0 76 79745 0 54 79808 0 53 79809 0 52 79822 0 51 79931 0 54 79935 0 53 79938 0 64 79939 0 65 79946 0 78 79948 0 67 79949 0 66 79957 0 79 79966 0 90 79966 0 91 79966 0 92 79970 0 78 79981 0 79 79993 0 73 79996 0 72 79997 0 78 80007 0 51 80008 0 
TIME iteration: 322 ms
Round:151
IR: 0, 0, 0, 0, 0
80031 0 78 80040 0 74 80043 0 53 80043 0 79 80048 0 75 80052 0 52 80095 0 90 80095 0 91 80095 0 92 80109 0 54 80143 0 51 80171 0 53 80196 0 52 80219 0 54 80279 0 51 80320 0 52 80343 0 53 80369 0 54 80430 0 51 80439 0 67 80442 0 66 80446 0 79 80464 0 61 80465 0 60 80467 0 52 80470 0 79 80470 0 90 80470 0 91 80470 0 92 80472 0 76 80475 0 74 80478 0 75 80493 0 53 80496 0 76 80497 0 79 80523 0 69 80523 0 76 80524 0 68 80531 0 79 80553 0 54 80557 0 
TIME iteration: 322 ms
Round:152
IR: 0, 0, 0, 0, 0
80594 0 90 80594 0 91 80594 0 92 80601 0 51 80610 0 52 80631 0 53 80706 0 54 80755 0 52 80768 0 53 80791 0 51 80812 0 54 80898 0 53 80898 0 54 80904 0 52 80908 0 66 80908 0 67 80913 0 79 80936 0 74 80936 0 75 80937 0 79 80937 0 90 80937 0 91 80937 0 92 80964 0 79 80997 0 79 81001 0 51 81003 0 54 81026 0 53 81064 0 52 81076 0 
TIME iteration: 322 ms
Round:153
IR: 0, 0, 0, 0, 0
81134 0 51 81137 0 54 81156 0 52 81261 0 51 81287 0 60 81287 0 61 81291 0 54 81294 0 76 81299 0 53 81300 0 66 81300 0 67 81305 0 79 81313 0 90 81313 0 91 81313 0 92 81318 0 76 81320 0 74 81321 0 75 81329 0 52 81329 0 79 81340 0 69 81341 0 68 81345 0 76 81356 0 79 81379 0 76 81390 0 79 81405 0 74 81418 0 75 81439 0 90 81439 0 91 81439 0 92 81464 0 53 81482 0 51 81488 0 54 81550 0 52 81594 0 
TIME iteration: 321 ms
Round:154
IR: 0, 0, 0, 0, 0
81634 0 54 81657 0 51 81668 0 52 81760 0 51 81787 0 52 81792 0 60 81792 0 61 81797 0 76 81801 0 62 81801 0 63 81809 0 53 81809 0 77 81821 0 76 81822 0 90 81822 0 91 81822 0 92 81825 0 68 81825 0 69 81833 0 77 81848 0 76 81860 0 77 81881 0 76 81883 0 52 81889 0 51 81894 0 70 81894 0 77 81895 0 71 81901 0 54 81947 0 76 81954 0 90 81954 0 91 81954 0 92 81978 0 52 82031 0 53 82037 0 54 82068 0 51 82073 0 
TIME iteration: 321 ms
Round:155
IR: 0, 0, 0, 0, 0
82153 0 53 82187 0 51 82257 0 52 82258 0 54 82313 0 63 82314 0 62 82319 0 77 82343 0 77 82343 0 90 82343 0 91 82343 0 92 82350 0 70 82352 0 71 82364 0 51 82370 0 77 82396 0 52 82403 0 77 82426 0 54 82451 0 53 82470 0 77 82508 0 51 82562 0 54 82662 0 52 82663 0 53 82672 0 
TIME iteration: 321 ms
Round:156
IR: 0, 0, 0, 0, 0
82724 0 60 82724 0 61 82730 0 54 82732 0 76 82749 0 66 82750 0 67 82751 0 90 82751 0 91 82751 0 92 82756 0 76 82758 0 79 82779 0 68 82780 0 69 82782 0 79 82783 0 76 82809 0 79 82814 0 52 82817 0 76 82825 0 74 82831 0 53 82831 0 75 82844 0 51 82844 0 79 82873 0 90 82873 0 91 82873 0 92 82910 0 54 82944 0 52 82974 0 51 83034 0 53 83044 0 54 83132 0 52 83156 0 51 83167 0 53 83195 0 
TIME iteration: 321 ms
Round:157
IR: 0, 0, 0, 0, 0
83232 0 66 83233 0 67 83238 0 79 83262 0 79 83262 0 90 83262 0 91 83262 0 92 83267 0 74 83267 0 75 83268 0 52 83289 0 79 83323 0 79 83333 0 53 83347 0 54 83355 0 51 83376 0 52 83491 0 53 83529 0 54 83546 0 52 83556 0 51 83636 0 54 83641 0 66 83641 0 67 83643 0 53 83646 0 79 83664 0 64 83664 0 65 83664 0 75 83665 0 74 83668 0 90 83668 0 91 83668 0 92 83670 0 79 83672 0 78 83677 0 52 83696 0 78 83697 0 79 83723 0 78 83726 0 51 83730 0 
TIME iteration: 321 ms
Round:158
IR: 0, 0, 0, 0, 0
83750 0 73 83752 0 54 83757 0 78 83758 0 72 83765 0 53 83791 0 90 83791 0 91 83791 0 92 83809 0 79 83830 0 51 83836 0 52 83915 0 54 83940 0 52 83978 0 53 84068 0 52 84112 0 62 84112 0 63 84120 0 54 84120 0 77 84141 0 90 84141 0 91 84141 0 92 84144 0 77 84153 0 51 84171 0 77 84193 0 52 84198 0 71 84199 0 70 84205 0 77 84211 0 
TIME iteration: 321 ms
Round:159
IR: 0, 0, 0, 0, 0
84274 0 54 84350 0 51 84375 0 52 84380 0 53 84490 0 52 84491 0 62 84492 0 63 84495 0 77 84515 0 54 84518 0 77 84518 0 90 84518 0 91 84518 0 92 84520 0 70 84520 0 71 84544 0 77 84565 0 51 84576 0 77 84628 0 53 84631 0 77 84632 0 52 84748 0 51 84770 0 52 84773 0 
TIME iteration: 322 ms
Round:160
IR: 0, 0, 0, 0, 0
84810 0 53 84833 0 62 84834 0 63 84838 0 77 84850 0 70 84852 0 71 84859 0 90 84859 0 91 84859 0 92 84862 0 77 84888 0 77 84902 0 52 84917 0 70 84921 0 77 84928 0 71 84933 0 54 84945 0 51 84949 0 53 84982 0 77 85044 0 52 85066 0 54 85097 0 51 85097 0 62 85099 0 63 85101 0 77 85117 0 70 85119 0 71 85121 0 90 85121 0 91 85121 0 92 85124 0 77 85150 0 77 85181 0 53 85182 0 77 85189 0 70 85212 0 71 85236 0 77 85266 0 51 85268 0 54 85291 0 52 85305 0 
TIME iteration: 321 ms
Round:161
IR: 0, 0, 0, 0, 0
85434 0 54 85444 0 51 85460 0 53 85470 0 52 85482 0 62 85482 0 63 85487 0 77 85490 0 65 85491 0 64 85499 0 78 85508 0 90 85508 0 91 85508 0 92 85511 0 77 85512 0 70 85512 0 71 85523 0 78 85538 0 77 85550 0 78 85556 0 51 85561 0 54 85571 0 77 85576 0 72 85580 0 73 85585 0 78 85610 0 52 85636 0 77 85636 0 90 85636 0 91 85636 0 92 85646 0 53 85697 0 51 85749 0 54 85770 0 52 85774 0 
TIME iteration: 320 ms
Round:162
IR: 0, 0, 0, 0, 0
85894 0 54 85917 0 52 85936 0 53 85982 0 51 86002 0 64 86006 0 65 86009 0 78 86012 0 54 86023 0 66 86023 0 67 86032 0 79 86033 0 78 86034 0 90 86034 0 91 86034 0 92 86040 0 73 86041 0 72 86056 0 79 86060 0 78 86083 0 79 86093 0 78 86102 0 52 86103 0 53 86114 0 75 86115 0 54 86118 0 79 86119 0 74 86158 0 78 86161 0 90 86161 0 91 86161 0 92 86210 0 52 86226 0 51 86267 0 53 86270 0 54 86320 0 52 86363 0 
TIME iteration: 322 ms
Round:163
IR: 0, 0, 0, 0, 0
86401 0 54 86422 0 53 86489 0 51 86490 0 52 86517 0 61 86518 0 60 86526 0 76 86527 0 62 86528 0 63 86535 0 77 86547 0 90 86547 0 91 86547 0 92 86550 0 76 86559 0 77 86577 0 76 86586 0 77 86589 0 70 86589 0 71 86600 0 53 86611 0 69 86612 0 76 86617 0 68 86620 0 77 86628 0 54 86657 0 51 86664 0 52 86678 0 90 86678 0 91 86678 0 92 86788 0 52 86789 0 51 86792 0 53 86816 0 
TIME iteration: 321 ms
Round:164
IR: 0, 0, 0, 0, 0
86923 0 52 86945 0 51 86947 0 53 86960 0 54 87069 0 51 87074 0 60 87074 0 61 87080 0 76 87104 0 76 87104 0 90 87104 0 91 87104 0 92 87107 0 54 87115 0 68 87115 0 69 87131 0 76 87134 0 53 87142 0 52 87165 0 76 87176 0 51 87241 0 76 87306 0 53 87310 0 54 87330 0 51 87397 0 52 87404 0 54 87434 0 
TIME iteration: 321 ms
Round:165
IR: 0, 0, 0, 0, 0
87453 0 66 87453 0 67 87462 0 79 87470 0 64 87473 0 65 87479 0 90 87479 0 91 87479 0 92 87480 0 78 87486 0 79 87487 0 51 87504 0 78 87513 0 79 87531 0 75 87531 0 78 87532 0 74 87547 0 72 87547 0 73 87548 0 79 87552 0 54 87566 0 78 87576 0 53 87589 0 52 87603 0 90 87603 0 91 87603 0 92 87685 0 51 87700 0 52 87780 0 54 87790 0 53 87818 0 51 87836 0 52 87897 0 54 87940 0 51 87960 0 60 87961 0 61 87968 0 
TIME iteration: 321 ms
Round:166
IR: 0, 0, 0, 0, 0
87981 0 52 87990 0 90 87990 0 91 87990 0 92 87992 0 76 88006 0 53 88015 0 68 88015 0 69 88019 0 76 88053 0 76 88059 0 51 88076 0 54 88120 0 52 88182 0 51 88242 0 53 88252 0 54 88278 0 52 88350 0 53 88370 0 51 88378 0 60 88379 0 61 88383 0 76 88389 0 65 88390 0 64 88397 0 78 88405 0 90 88405 0 91 88405 0 92 88406 0 68 88406 0 69 88407 0 76 88418 0 52 88421 0 78 88433 0 76 88448 0 72 88448 0 78 88450 0 73 88466 0 76 88479 0 53 88481 0 54 88482 0 
TIME iteration: 321 ms
Round:167
IR: 0, 0, 0, 0, 0
88527 0 76 88533 0 90 88533 0 91 88533 0 92 88590 0 51 88597 0 52 88687 0 54 88745 0 53 88752 0 52 88833 0 54 88877 0 53 88920 0 51 88940 0 52 88952 0 64 88956 0 65 88960 0 78 88970 0 63 88971 0 62 88979 0 77 88984 0 78 88985 0 90 88985 0 91 88985 0 92 88992 0 73 88993 0 72 89003 0 77 89011 0 78 89030 0 
TIME iteration: 321 ms
Round:168
IR: 0, 0, 0, 0, 0
89043 0 54 89045 0 78 89058 0 71 89062 0 70 89065 0 77 89093 0 52 89093 0 53 89107 0 51 89114 0 90 89114 0 91 89114 0 92 89120 0 78 89204 0 53 89227 0 52 89234 0 51 89254 0 54 89295 0 53 89346 0 52 89353 0 51 89407 0 53 89407 0 54 89419 0 65 89420 0 64 89425 0 78 89447 0 73 89448 0 90 89448 0 91 89448 0 92 89449 0 72 89449 0 78 89474 0 52 89476 0 78 89509 0 78 89531 0 51 89531 0 54 89542 0 
TIME iteration: 322 ms
Round:169
IR: 0, 0, 0, 0, 0
89576 0 78 89648 0 53 89655 0 54 89671 0 51 89747 0 52 89777 0 54 89791 0 66 89791 0 67 89800 0 79 89817 0 90 89817 0 91 89817 0 92 89824 0 79 89834 0 53 89838 0 51 89851 0 79 89878 0 74 89880 0 52 89886 0 75 89886 0 79 89962 0 54 90004 0 51 90009 0 53 90051 0 
TIME iteration: 321 ms
Round:170
IR: 0, 0, 0, 0, 0
90131 0 51 90174 0 60 90176 0 61 90183 0 76 90201 0 90 90201 0 91 90201 0 92 90207 0 76 90217 0 54 90227 0 52 90234 0 53 90234 0 76 90257 0 68 90260 0 69 90268 0 76 90282 0 51 90365 0 54 90368 0 52 90400 0 53 90437 0 51 90466 0 54 90491 0 60 90491 0 61 90494 0 76 90514 0 68 90515 0 69 90515 0 90 90515 0 91 90515 0 92 90517 0 52 90517 0 76 90529 0 53 90543 0 76 90575 0 76 90583 0 54 90606 0 51 90629 0 
TIME iteration: 321 ms
Round:171
IR: 0, 0, 0, 0, 0
90660 0 53 90731 0 54 90748 0 52 90772 0 51 90863 0 53 90895 0 54 90904 0 51 90909 0 61 90910 0 60 90915 0 66 90915 0 67 90915 0 76 90924 0 79 90931 0 64 90931 0 65 90931 0 69 90932 0 68 90936 0 90 90936 0 91 90936 0 92 90939 0 76 90939 0 78 90948 0 79 90963 0 78 90966 0 52 90966 0 76 90975 0 79 90984 0 74 90984 0 75 90990 0 78 90999 0 76 91007 0 51 91007 0 73 91010 0 79 91012 0 72 91024 0 78 91027 0 53 91031 0 69 91035 0 54 91051 0 90 91051 0 91 91051 0 92 91066 0 76 91106 0 52 91138 0 
TIME iteration: 321 ms
Round:172
IR: 0, 0, 0, 0, 0
91187 0 54 91206 0 52 91223 0 53 91304 0 51 91314 0 52 91315 0 54 91349 0 62 91350 0 63 91358 0 77 91377 0 90 91377 0 91 91377 0 92 91382 0 77 91393 0 53 91409 0 77 91436 0 52 91443 0 71 91444 0 70 91444 0 77 91482 0 54 91506 0 51 91517 0 53 91563 0 52 91626 0 63 91627 0 54 91627 0 62 91628 0 77 91647 0 71 91648 0 70 91650 0 90 91650 0 91 91650 0 92 91651 0 77 91671 0 52 91677 0 
TIME iteration: 333 ms
Round:173
IR: 0, 0, 0, 0, 0
91705 0 51 91708 0 77 91726 0 53 91731 0 71 91755 0 54 91758 0 77 91815 0 51 91865 0 52 91885 0 53 91979 0 54 92009 0 52 92012 0 51 92017 0 62 92018 0 63 92022 0 77 92036 0 70 92043 0 90 92043 0 91 92043 0 92 92046 0 77 92048 0 53 92048 0 71 92072 0 77 92105 0 77 92111 0 70 92146 0 52 92166 0 77 92170 0 54 92207 0 
TIME iteration: 325 ms
Round:174
IR: 0, 0, 0, 0, 0
92223 0 53 92257 0 52 92291 0 62 92291 0 63 92294 0 77 92302 0 71 92310 0 54 92312 0 70 92315 0 90 92315 0 91 92315 0 92 92317 0 77 92343 0 77 92353 0 51 92358 0 71 92375 0 77 92382 0 53 92392 0 52 92402 0 70 92429 0 77 92458 0 54 92514 0 52 92516 0 51 92540 0 63 92541 0 62 92543 0 77 92558 0 71 92560 0 70 92563 0 90 92563 0 91 92563 0 92 92566 0 77 92571 0 53 92592 0 77 92595 0 54 92624 0 77 92629 0 71 92636 0 51 92644 0 70 92677 0 
TIME iteration: 321 ms
Round:175
IR: 0, 0, 0, 0, 0
92750 0 52 92760 0 51 92767 0 53 92852 0 54 92897 0 53 92898 0 52 92907 0 62 92907 0 63 92911 0 77 92914 0 51 92932 0 90 92932 0 91 92932 0 92 92934 0 71 92934 0 77 92936 0 70 92960 0 77 92992 0 77 92994 0 54 93006 0 52 93048 0 77 93050 0 53 93078 0 51 93116 0 54 93126 0 52 93133 0 53 93225 0 54 93249 0 66 93250 0 51 93250 0 67 93255 0 53 93258 0 79 93261 0 64 93262 0 65 93268 0 52 93270 0 78 93274 0 62 93274 0 90 93274 0 91 93274 0 
TIME iteration: 321 ms
Round:176
IR: 0, 0, 0, 0, 0
93282 0 79 93283 0 77 93294 0 78 93309 0 79 93312 0 77 93321 0 78 93329 0 54 93344 0 74 93344 0 75 93344 0 79 93348 0 72 93351 0 51 93354 0 77 93355 0 71 93356 0 78 93359 0 73 93389 0 53 93391 0 90 93391 0 91 93391 0 92 93456 0 52 93482 0 51 93490 0 54 93514 0 53 93624 0 51 93625 0 53 93702 0 65 93706 0 54 93711 0 78 93715 0 64 93734 0 78 93737 0 90 93737 0 91 93737 0 92 93742 0 72 93742 0 73 93743 0 52 93753 0 51 93760 0 78 93773 0 53 93792 0 
TIME iteration: 322 ms
Round:177
IR: 0, 0, 0, 0, 0
93845 0 78 93867 0 54 93917 0 51 93934 0 53 93966 0 52 93976 0 54 94071 0 53 94091 0 64 94092 0 65 94096 0 78 94105 0 54 94109 0 66 94110 0 67 94113 0 72 94113 0 73 94118 0 79 94118 0 90 94118 0 91 94118 0 92 94120 0 78 94122 0 52 94142 0 79 94146 0 78 94159 0 51 94165 0 74 94167 0 75 94169 0 79 94179 0 78 94204 0 79 94206 0 53 94218 0 73 94240 0 78 94243 0 90 94243 0 91 94243 0 92 94262 0 52 94263 0 54 94316 0 
TIME iteration: 321 ms
Round:178
IR: 0, 0, 0, 0, 0
94395 0 53 94452 0 51 94457 0 54 94512 0 52 94575 0 53 94612 0 51 94637 0 60 94639 0 61 94646 0 76 94650 0 54 94664 0 52 94668 0 90 94668 0 91 94668 0 92 94670 0 76 94697 0 76 94726 0 68 94731 0 76 94734 0 69 94746 0 53 94773 0 52 94780 0 51 94786 0 54 94869 0 
TIME iteration: 320 ms
Round:179
IR: 0, 0, 0, 0, 0
94959 0 52 94959 0 54 94966 0 51 95004 0 61 95005 0 60 95008 0 76 95030 0 90 95030 0 91 95030 0 92 95031 0 76 95032 0 68 95032 0 69 95053 0 53 95057 0 76 95089 0 76 95103 0 54 95144 0 76 95146 0 51 95205 0 52 95310 0 54 95347 0 52 95370 0 53 95393 0 
TIME iteration: 320 ms
Round:180
IR: 0, 0, 0, 0, 0
95512 0 53 95543 0 64 95544 0 65 95552 0 78 95558 0 51 95563 0 60 95563 0 61 95569 0 76 95572 0 90 95572 0 91 95572 0 92 95576 0 78 95593 0 76 95595 0 69 95596 0 52 95596 0 68 95598 0 54 95603 0 78 95619 0 72 95620 0 76 95625 0 73 95638 0 78 95654 0 76 95681 0 53 95694 0 51 95698 0 90 95698 0 91 95698 0 92 95730 0 76 95735 0 54 95780 0 52 95786 0 53 95881 0 51 95900 0 53 95912 0 
TIME iteration: 320 ms
Round:181
IR: 0, 0, 0, 0, 0
95940 0 52 96023 0 54 96049 0 51 96059 0 66 96059 0 67 96068 0 79 96081 0 53 96089 0 90 96089 0 91 96089 0 92 96092 0 79 96119 0 79 96145 0 74 96146 0 75 96148 0 52 96154 0 79 96194 0 54 96245 0 51 96271 0 53 96395 0 53 96415 0 51 96441 0 52 96459 0 
TIME iteration: 321 ms
Round:182
IR: 0, 0, 0, 0, 0
96462 0 65 96468 0 78 96469 0 54 96487 0 90 96487 0 91 96487 0 92 96492 0 78 96519 0 78 96520 0 72 96522 0 73 96524 0 53 96553 0 78 96600 0 51 96609 0 54 96612 0 52 96616 0 53 96763 0 51 96768 0 52 96782 0 54 96852 0 53 96877 0 65 96879 0 64 96882 0 78 96883 0 52 96890 0 62 96890 0 63 96898 0 77 96905 0 78 96905 0 90 96905 0 91 96905 0 92 96906 0 73 96907 0 72 96922 0 77 96925 0 54 96931 0 78 96949 0 77 96963 0 78 96983 0 77 96987 0 
TIME iteration: 321 ms
Round:183
IR: 0, 0, 0, 0, 0
96991 0 51 96992 0 70 97019 0 78 97033 0 90 97033 0 91 97033 0 92 97036 0 53 97042 0 52 97066 0 54 97183 0 53 97191 0 51 97261 0 52 97273 0 54 97353 0 51 97366 0 53 97419 0 54 97455 0 66 97457 0 67 97459 0 65 97462 0 64 97465 0 79 97467 0 78 97484 0 52 97484 0 90 97484 0 91 97484 0 92 97489 0 79 97491 0 78 97494 0 73 97495 0 72 97516 0 79 97518 0 51 97518 0 
TIME iteration: 322 ms
Round:184
IR: 0, 0, 0, 0, 0
97532 0 75 97538 0 74 97551 0 79 97552 0 78 97588 0 54 97611 0 52 97616 0 90 97616 0 91 97616 0 92 97625 0 53 97633 0 78 97723 0 51 97766 0 54 97807 0 53 97824 0 52 97927 0 51 97940 0 54 97976 0 52 97979 0 53 98037 0 62 98039 0 63 98039 0 64 98041 0 65 98046 0 77 98047 0 
TIME iteration: 320 ms
Round:185
IR: 0, 0, 0, 0, 0
98064 0 51 98064 0 90 98064 0 91 98064 0 92 98070 0 54 98070 0 77 98071 0 78 98075 0 72 98076 0 73 98094 0 52 98097 0 77 98098 0 78 98106 0 53 98107 0 70 98109 0 71 98131 0 77 98132 0 78 98196 0 90 98196 0 91 98196 0 92 98200 0 51 98222 0 54 98229 0 53 98267 0 52 98385 0 53 98402 0 51 98432 0 54 98454 0 52 98518 0 53 98524 0 51 98556 0 64 98557 0 65 98562 0 
TIME iteration: 321 ms
Round:186
IR: 0, 0, 0, 0, 0
98580 0 60 98580 0 61 98585 0 52 98586 0 78 98586 0 90 98586 0 91 98586 0 92 98588 0 73 98588 0 76 98589 0 72 98612 0 76 98613 0 78 98614 0 54 98639 0 76 98646 0 78 98667 0 68 98671 0 69 98673 0 76 98674 0 53 98710 0 51 98711 0 90 98711 0 91 98711 0 92 98713 0 78 98782 0 52 98824 0 53 98836 0 51 98857 0 54 98925 0 51 98960 0 53 98982 0 54 98984 0 52 99005 0 60 99011 0 61 99013 0 76 99037 0 76 99037 0 90 99037 0 91 99037 0 92 99040 0 68 99040 0 69 99063 0 76 99096 0 76 99107 0 
TIME iteration: 321 ms
Round:187
IR: 0, 0, 0, 0, 0
99143 0 51 99158 0 76 99211 0 54 99222 0 52 99239 0 51 99271 0 53 99315 0 52 99369 0 51 99372 0 60 99372 0 61 99377 0 76 99391 0 68 99391 0 69 99398 0 90 99398 0 91 99398 0 92 99401 0 76 99403 0 52 99428 0 53 99428 0 76 99450 0 54 99461 0 76 99468 0 69 99481 0 68 99525 0 52 99526 0 76 99551 0 53 99553 0 51 99562 0 
TIME iteration: 321 ms
Round:188
IR: 0, 0, 0, 0, 0
99640 0 53 99684 0 54 99685 0 64 99686 0 65 99694 0 78 99696 0 51 99700 0 52 99704 0 60 99704 0 61 99708 0 76 99710 0 90 99710 0 91 99710 0 92 99718 0 78 99729 0 69 99731 0 68 99731 0 76 99745 0 78 99747 0 72 99748 0 73 99757 0 76 99780 0 78 99789 0 76 99813 0 53 99833 0 90 99833 0 91 99833 0 92 99837 0 54 99845 0 76 99904 0 51 99923 0 52 99947 0 54 100016 0 51 100037 0 53 100109 0 52 100135 0 
TIME iteration: 333 ms
Round:189
IR: 0, 0, 0, 0, 0
100214 0 53 100222 0 51 100252 0 61 100253 0 60 100259 0 76 100264 0 54 100268 0 66 100269 0 67 100277 0 79 100282 0 52 100283 0 76 100283 0 90 100283 0 91 100283 0 92 100284 0 69 100285 0 68 100301 0 79 100310 0 76 100328 0 79 100339 0 53 100344 0 76 100363 0 79 100366 0 74 100366 0 75 100378 0 51 100412 0 90 100412 0 91 100412 0 92 100422 0 54 100425 0 76 100449 0 53 100468 0 52 100534 0 51 100544 0 54 100611 0 53 100646 0 51 100674 0 
TIME iteration: 327 ms
Round:190
IR: 0, 0, 0, 0, 0
100712 0 54 100744 0 51 100750 0 60 100750 0 61 100756 0 76 100769 0 53 100778 0 69 100779 0 90 100779 0 91 100779 0 92 100780 0 68 100780 0 76 100807 0 76 100841 0 76 100847 0 52 100908 0 54 100917 0 76 100928 0 51 100961 0 53 101012 0 52 101071 0 54 101091 0 51 101117 0 53 101146 0 60 101148 0 61 101152 0 76 101169 0 69 101170 0 68 101173 0 90 101173 0 91 101173 0 92 101175 0 52 101176 0 76 101203 0 76 101226 0 
TIME iteration: 326 ms
Round:191
IR: 0, 0, 0, 0, 0
101235 0 54 101236 0 76 101256 0 51 101297 0 52 101301 0 76 101344 0 54 101381 0 53 101434 0 51 101476 0 52 101526 0 54 101550 0 53 101557 0 66 101557 0 67 101566 0 79 101569 0 52 101571 0 62 101571 0 63 101576 0 65 101577 0 64 101579 0 77 101583 0 90 101583 0 91 101583 0 92 101585 0 78 101590 0 79 101603 0 77 101609 0 78 101617 0 79 101628 0 51 101630 0 74 101630 0 75 101630 0 77 101636 0 78 101652 0 79 101661 0 71 101661 0 73 101664 0 77 101666 0 72 101670 0 70 101671 0 78 101697 0 90 101697 0 91 101697 0 92 101700 0 52 101703 0 53 101723 0 
TIME iteration: 321 ms
Round:192
IR: 0, 0, 0, 0, 0
101784 0 52 101804 0 51 101890 0 52 101890 0 53 101890 0 54 101954 0 51 102010 0 52 102014 0 62 102015 0 63 102019 0 77 102023 0 54 102042 0 90 102042 0 91 102042 0 92 102043 0 77 102048 0 70 102048 0 71 102050 0 53 102069 0 77 102102 0 77 102113 0 51 102147 0 52 102152 0 54 102163 0 77 102196 0 53 102223 0 
TIME iteration: 322 ms
Round:193
IR: 0, 0, 0, 0, 0
102308 0 54 102347 0 53 102378 0 52 102398 0 51 102414 0 64 102414 0 65 102420 0 54 102421 0 78 102423 0 60 102424 0 61 102425 0 66 102426 0 67 102432 0 76 102433 0 79 102440 0 90 102440 0 91 102440 0 92 102445 0 78 102456 0 76 102457 0 79 102469 0 73 102470 0 72 102472 0 78 102481 0 74 102483 0 75 102483 0 76 102484 0 79 102492 0 68 102492 0 69 102506 0 78 102511 0 53 102518 0 76 102518 0 79 102533 0 52 102556 0 90 102556 0 91 102556 0 92 102565 0 54 102577 0 51 102651 0 53 102659 0 52 102729 0 51 102765 0 54 102815 0 
TIME iteration: 321 ms
Round:194
IR: 0, 0, 0, 0, 0
102846 0 51 102863 0 53 102891 0 61 102892 0 60 102896 0 76 102920 0 76 102920 0 90 102920 0 91 102920 0 92 102924 0 68 102924 0 69 102929 0 54 102946 0 76 102950 0 53 102979 0 76 103007 0 51 103025 0 54 103040 0 76 103058 0 53 103139 0 52 103142 0 51 103144 0 54 103264 0 53 103290 0 51 103293 0 52 103295 0 54 103296 0 60 103296 0 61 103299 0 66 103299 0 67 103301 0 76 103307 0 79 103315 0 65 103318 0 64 103318 0 68 103319 0 69 103321 0 90 103321 0 91 103321 0 92 103324 0 78 103325 0 76 103331 0 79 103348 0 
TIME iteration: 322 ms
Round:195
IR: 0, 0, 0, 0, 0
103352 0 76 103354 0 74 103355 0 75 103358 0 79 103373 0 72 103373 0 73 103375 0 78 103383 0 53 103385 0 76 103393 0 79 103407 0 51 103409 0 78 103411 0 52 103413 0 68 103436 0 90 103436 0 91 103436 0 92 103443 0 54 103451 0 76 103516 0 52 103523 0 53 103600 0 54 103638 0 51 103641 0 53 103652 0 52 103776 0 53 103779 0 51 103784 0 52 103788 0 54 103790 0 64 103790 0 65 103795 0 78 103799 0 62 103799 0 63 103807 0 77 103819 0 78 103819 0 90 103819 0 91 103819 0 92 103822 0 72 103822 0 73 103831 0 77 103846 0 78 103858 0 77 103879 0 
TIME iteration: 321 ms
Round:196
IR: 0, 0, 0, 0, 0
103880 0 71 103884 0 70 103892 0 77 103914 0 51 103916 0 52 103945 0 78 103950 0 90 103950 0 91 103950 0 92 103972 0 53 104048 0 51 104069 0 52 104069 0 54 104161 0 53 104181 0 51 104230 0 52 104312 0 54 104318 0 53 104338 0 51 104351 0 60 104351 0 61 104359 0 76 104363 0 64 104365 0 65 104370 0 78 104381 0 90 104381 0 91 104381 0 92 104383 0 76 104394 0 78 104397 0 73 104398 0 72 104399 0 
TIME iteration: 325 ms
Round:197
IR: 0, 0, 0, 0, 0
104410 0 69 104410 0 76 104417 0 68 104421 0 78 104436 0 54 104444 0 76 104455 0 78 104474 0 53 104511 0 90 104511 0 91 104511 0 92 104512 0 51 104531 0 78 104534 0 54 104569 0 52 104612 0 53 104711 0 52 104745 0 53 104751 0 51 104858 0 54 104903 0 53 104915 0 64 104915 0 65 104921 0 52 104921 0 78 104922 0 
TIME iteration: 322 ms
Round:198
IR: 0, 0, 0, 0, 0
104945 0 78 104945 0 90 104945 0 91 104945 0 92 104949 0 72 104949 0 73 104972 0 78 104982 0 54 105006 0 78 105012 0 53 105072 0 52 105082 0 78 105109 0 51 105130 0 54 105196 0 52 105222 0 53 105236 0 54 105270 0 66 105271 0 67 105279 0 79 105296 0 90 105296 0 91 105296 0 92 105303 0 79 105328 0 51 105330 0 79 105339 0 54 105357 0 74 105364 0 75 105365 0 79 105366 0 52 105407 0 53 105421 0 51 105469 0 
TIME iteration: 322 ms
Round:199
IR: 0, 0, 0, 0, 0
105523 0 51 105548 0 52 105579 0 60 105582 0 61 105589 0 76 105595 0 54 105596 0 67 105597 0 66 105600 0 79 105605 0 90 105605 0 91 105605 0 92 105613 0 76 105620 0 53 105621 0 74 105621 0 75 105623 0 79 105640 0 76 105649 0 68 105649 0 79 105654 0 69 105665 0 51 105675 0 76 105681 0 79 105729 0 90 105729 0 91 105729 0 92 105734 0 52 105738 0 79 105785 0 54 105788 0 53 105824 0 51 105874 0 52 105939 0 53 105963 0 51 105974 0 
TIME iteration: 321 ms
