Round:0
IR: 0, 0, 0, 0, 0
285 0 51 368 0 53 375 0 52 443 0 51 462 0 61 463 0 60 471 0 76 495 0 76 503 0 54 503 0 90 503 0 91 503 0 92 520 0 53 522 0 
TIME iteration: 440 ms
Round:1
IR: 0, 0, 0, 0, 0
557 0 76 559 0 52 638 0 53 661 0 51 686 0 52 696 0 54 792 0 53 858 0 65 861 0 64 868 0 78 884 0 52 886 0 51 887 0 90 887 0 91 887 0 92 892 0 78 909 0 53 914 0 54 919 0 78 954 0 78 965 0 72 969 0 73 1032 0 51 1047 0 52 1050 0 
TIME iteration: 301 ms
Round:2
IR: 0, 0, 0, 0, 0
1100 0 54 1159 0 53 1163 0 64 1163 0 65 1165 0 78 1186 0 72 1187 0 73 1187 0 90 1187 0 91 1187 0 92 1188 0 78 1189 0 52 1202 0 51 1214 0 78 1245 0 78 1263 0 53 1296 0 78 1313 0 54 1351 0 51 1374 0 52 1401 0 53 1448 0 54 1520 0 52 1521 0 53 1525 0 51 1525 0 64 1525 0 65 1529 0 78 1542 0 72 1544 0 73 1550 0 90 1550 0 91 1550 0 92 1552 0 78 1578 0 
TIME iteration: 302 ms
Round:3
IR: 0, 0, 0, 0, 0
1607 0 54 1610 0 78 1613 0 72 1621 0 73 1625 0 53 1654 0 51 1657 0 52 1666 0 78 1727 0 52 1748 0 54 1772 0 51 1820 0 52 1829 0 53 1829 0 62 1829 0 63 1837 0 77 1853 0 90 1853 0 91 1853 0 92 1861 0 77 1888 0 77 1901 0 54 1921 0 53 1922 0 77 1925 0 70 1933 0 71 1952 0 52 1956 0 51 2022 0 54 2029 0 53 2073 0 52 2098 0 62 2100 0 63 2101 0 
TIME iteration: 302 ms
Round:4
IR: 0, 0, 0, 0, 0
2120 0 70 2120 0 71 2122 0 90 2122 0 91 2122 0 92 2124 0 77 2125 0 53 2133 0 51 2150 0 77 2164 0 54 2181 0 77 2203 0 70 2232 0 77 2257 0 54 2304 0 53 2325 0 51 2362 0 52 2375 0 54 2416 0 66 2417 0 67 2425 0 79 2441 0 90 2441 0 91 2441 0 92 2449 0 79 2476 0 79 2490 0 51 2501 0 54 2510 0 74 2511 0 79 2512 0 53 2518 0 75 2604 0 52 2613 0 54 2630 0 
TIME iteration: 302 ms
Round:5
IR: 0, 0, 0, 0, 0
2652 0 51 2673 0 66 2674 0 67 2675 0 79 2693 0 74 2693 0 75 2697 0 90 2697 0 91 2697 0 92 2698 0 79 2724 0 79 2755 0 79 2757 0 54 2769 0 74 2771 0 52 2771 0 75 2802 0 53 2806 0 79 2813 0 51 2866 0 52 2881 0 54 2912 0 67 2913 0 66 2915 0 79 2931 0 51 2931 0 74 2931 0 75 2935 0 90 2935 0 91 2935 0 92 2938 0 79 2964 0 79 2966 0 53 2996 0 79 3008 0 74 3010 0 75 3012 0 52 3016 0 54 3051 0 79 3104 0 
TIME iteration: 305 ms
Round:6
IR: 0, 0, 0, 0, 0
3193 0 54 3214 0 53 3217 0 52 3217 0 67 3218 0 66 3221 0 79 3240 0 74 3240 0 75 3241 0 90 3241 0 91 3241 0 92 3244 0 79 3270 0 79 3282 0 51 3302 0 79 3342 0 54 3359 0 79 3406 0 52 3439 0 53 3447 0 54 3495 0 51 3549 0 53 3568 0 54 3570 0 66 3570 0 67 3575 0 79 3586 0 74 3586 0 75 3595 0 90 3595 0 91 3595 0 92 3599 0 79 3604 0 52 3626 0 79 3653 0 74 3654 0 75 3659 0 79 3667 0 51 3670 0 
TIME iteration: 306 ms
Round:7
IR: 0, 0, 0, 0, 0
3733 0 79 3777 0 54 3799 0 51 3819 0 53 3884 0 52 3903 0 51 3914 0 54 3924 0 60 3924 0 61 3925 0 66 3925 0 67 3930 0 79 3932 0 76 3947 0 90 3947 0 91 3947 0 92 3950 0 75 3951 0 53 3951 0 74 3954 0 79 3956 0 76 3981 0 79 3983 0 76 4014 0 79 4017 0 76 4019 0 68 4022 0 69 4028 0 51 4051 0 54 4076 0 90 4076 0 91 4076 0 92 4080 0 52 4087 0 53 4087 0 79 4183 0 54 4208 0 51 4238 0 
TIME iteration: 304 ms
Round:8
IR: 0, 0, 0, 0, 0
4253 0 52 4297 0 54 4309 0 51 4326 0 53 4384 0 52 4389 0 65 4392 0 64 4399 0 78 4420 0 90 4420 0 91 4420 0 92 4423 0 78 4450 0 78 4457 0 51 4470 0 53 4483 0 73 4484 0 52 4485 0 72 4485 0 78 4508 0 54 4584 0 53 4612 0 51 4641 0 52 4644 0 54 4678 0 53 4679 0 64 4680 0 65 4682 0 78 4701 0 73 4702 0 72 4704 0 90 4704 0 91 4704 0 92 4705 0 78 4731 0 78 4737 0 54 4763 0 
TIME iteration: 304 ms
Round:9
IR: 0, 0, 0, 0, 0
4773 0 51 4805 0 53 4816 0 78 4817 0 52 4900 0 53 4916 0 51 4922 0 54 4982 0 65 4983 0 52 4985 0 64 4987 0 78 4996 0 72 4996 0 73 5008 0 90 5008 0 91 5008 0 92 5010 0 78 5033 0 53 5036 0 78 5039 0 51 5055 0 73 5056 0 72 5068 0 78 5123 0 78 5141 0 54 5147 0 52 5165 0 53 5180 0 51 5273 0 53 5277 0 64 5277 0 65 5280 0 78 5282 0 54 5297 0 72 5298 0 73 5299 0 
TIME iteration: 304 ms
Round:10
IR: 0, 0, 0, 0, 0
5301 0 90 5301 0 91 5301 0 92 5303 0 78 5312 0 52 5329 0 78 5361 0 78 5381 0 72 5383 0 53 5397 0 73 5404 0 54 5415 0 78 5421 0 51 5436 0 52 5542 0 54 5543 0 53 5558 0 64 5558 0 65 5561 0 78 5573 0 52 5580 0 72 5581 0 51 5581 0 73 5582 0 90 5582 0 91 5582 0 92 5584 0 78 5610 0 78 5642 0 78 5675 0 52 5691 0 51 5696 0 78 5717 0 54 5751 0 53 5812 0 
TIME iteration: 304 ms
Round:11
IR: 0, 0, 0, 0, 0
5834 0 54 5841 0 51 5886 0 53 5934 0 64 5936 0 65 5940 0 78 5953 0 72 5954 0 73 5961 0 90 5961 0 91 5961 0 92 5964 0 78 5984 0 52 5991 0 78 5995 0 54 6012 0 51 6024 0 72 6024 0 78 6040 0 73 6055 0 53 6089 0 78 6147 0 52 6159 0 54 6170 0 51 6231 0 53 6254 0 52 6256 0 64 6256 0 65 6260 0 78 6280 0 72 6281 0 73 6281 0 90 6281 0 91 6281 0 92 6283 0 78 6309 0 78 6318 0 54 6341 0 
TIME iteration: 304 ms
Round:12
IR: 0, 0, 0, 0, 0
6370 0 53 6389 0 52 6397 0 78 6403 0 51 6431 0 54 6481 0 53 6541 0 54 6551 0 51 6570 0 52 6583 0 66 6583 0 67 6592 0 79 6608 0 90 6608 0 91 6608 0 92 6611 0 53 6616 0 79 6643 0 79 6656 0 51 6656 0 54 6678 0 74 6678 0 79 6679 0 75 6705 0 52 6731 0 53 6804 0 54 6807 0 51 6827 0 52 6833 0 53 6879 0 66 6882 0 67 6883 0 
TIME iteration: 304 ms
Round:13
IR: 0, 0, 0, 0, 0
6903 0 74 6904 0 75 6905 0 90 6905 0 91 6905 0 92 6906 0 79 6932 0 79 6948 0 53 6964 0 52 6964 0 79 6992 0 51 7007 0 54 7019 0 79 7116 0 52 7165 0 53 7187 0 54 7230 0 51 7286 0 52 7312 0 62 7313 0 63 7321 0 77 7339 0 90 7339 0 91 7339 0 92 7341 0 53 7345 0 77 7355 0 54 7372 0 77 7401 0 71 7407 0 77 7414 0 70 7417 0 
TIME iteration: 304 ms
Round:14
IR: 0, 0, 0, 0, 0
7500 0 51 7518 0 54 7531 0 53 7598 0 52 7647 0 62 7650 0 63 7651 0 51 7652 0 77 7673 0 90 7673 0 91 7673 0 92 7674 0 71 7675 0 77 7676 0 70 7679 0 53 7691 0 54 7701 0 77 7733 0 77 7740 0 52 7788 0 77 7790 0 53 7813 0 51 7840 0 54 7874 0 
TIME iteration: 304 ms
Round:15
IR: 0, 0, 0, 0, 0
7976 0 52 7982 0 65 8000 0 78 8003 0 51 8012 0 90 8012 0 91 8012 0 92 8020 0 53 8032 0 78 8043 0 54 8087 0 78 8122 0 52 8143 0 53 8187 0 51 8265 0 53 8272 0 52 8279 0 54 8286 0 51 8338 0 65 8342 0 64 8345 0 78 8352 0 60 8354 0 61 8361 0 76 8368 0 90 8368 0 91 8368 0 92 8369 0 78 8376 0 72 8376 0 73 8385 0 76 8395 0 78 8397 0 51 8403 0 52 8412 0 76 8428 0 78 8443 0 69 8445 0 53 8446 0 76 8452 0 
TIME iteration: 304 ms
Round:16
IR: 0, 0, 0, 0, 0
8489 0 54 8490 0 78 8496 0 90 8496 0 91 8496 0 92 8501 0 51 8565 0 52 8590 0 53 8594 0 54 8701 0 51 8713 0 53 8727 0 54 8733 0 52 8849 0 53 8855 0 51 8862 0 64 8863 0 65 8869 0 78 8878 0 52 8892 0 90 8892 0 91 8892 0 92 8893 0 78 8895 0 72 8896 0 73 8907 0 54 8920 0 78 8954 0 78 8964 0 
TIME iteration: 304 ms
Round:17
IR: 0, 0, 0, 0, 0
9024 0 54 9035 0 78 9049 0 52 9060 0 51 9069 0 53 9180 0 52 9199 0 54 9206 0 51 9225 0 60 9225 0 61 9230 0 53 9232 0 76 9251 0 90 9251 0 91 9251 0 92 9256 0 76 9283 0 69 9283 0 76 9285 0 68 9287 0 52 9317 0 76 9351 0 53 9380 0 52 9384 0 51 9418 0 54 9436 0 53 9505 0 52 9516 0 51 9528 0 
TIME iteration: 304 ms
Round:18
IR: 0, 0, 0, 0, 0
9549 0 63 9550 0 62 9556 0 61 9557 0 60 9558 0 77 9559 0 76 9574 0 90 9574 0 91 9574 0 92 9578 0 68 9578 0 69 9582 0 76 9582 0 77 9608 0 76 9609 0 77 9612 0 53 9631 0 54 9635 0 71 9639 0 70 9640 0 76 9644 0 77 9673 0 52 9693 0 76 9702 0 90 9702 0 91 9702 0 92 9706 0 51 9709 0 54 9786 0 53 9809 0 52 9838 0 54 9861 0 51 9946 0 52 9961 0 51 9976 0 54 9982 0 53 10028 0 60 10031 0 61 10035 0 76 10047 0 66 10051 0 67 10056 0 68 10056 0 69 10058 0 79 10059 0 76 10059 0 90 10059 0 91 10059 0 
TIME iteration: 304 ms
Round:19
IR: 0, 0, 0, 0, 0
10082 0 79 10086 0 76 10104 0 52 10109 0 79 10119 0 76 10130 0 51 10142 0 75 10144 0 74 10144 0 79 10157 0 54 10169 0 53 10185 0 90 10185 0 91 10185 0 92 10186 0 76 10227 0 51 10282 0 53 10325 0 52 10329 0 51 10366 0 54 10453 0 52 10477 0 53 10525 0 51 10562 0 54 10570 0 60 10571 0 61 10577 0 
TIME iteration: 304 ms
Round:20
IR: 0, 0, 0, 0, 0
10601 0 53 10601 0 69 10601 0 76 10601 0 90 10601 0 91 10601 0 92 10602 0 68 10628 0 76 10641 0 52 10650 0 51 10662 0 76 10699 0 54 10743 0 76 10787 0 51 10801 0 52 10845 0 53 10880 0 54 10962 0 51 10981 0 60 10981 0 61 10986 0 76 10998 0 52 11004 0 68 11004 0 69 11007 0 53 11008 0 90 11008 0 91 11008 0 92 11010 0 76 11014 0 54 11037 0 76 11070 0 
TIME iteration: 304 ms
Round:21
IR: 0, 0, 0, 0, 0
11132 0 52 11136 0 76 11163 0 54 11169 0 53 11184 0 51 11262 0 52 11330 0 54 11337 0 51 11350 0 53 11372 0 52 11374 0 63 11375 0 62 11383 0 77 11390 0 61 11392 0 60 11396 0 76 11399 0 67 11400 0 66 11401 0 90 11401 0 91 11401 0 92 11407 0 77 11408 0 79 11412 0 68 11412 0 69 11420 0 76 11432 0 79 11434 0 77 11447 0 76 11459 0 79 11461 0 70 11462 0 71 11469 0 77 11475 0 74 11475 0 75 11480 0 76 11482 0 52 11489 0 54 11494 0 79 11498 0 69 11510 0 68 11512 0 51 11514 0 90 11514 0 91 11514 0 92 11533 0 53 11545 0 76 11619 0 54 11620 0 
TIME iteration: 305 ms
Round:22
IR: 0, 0, 0, 0, 0
11694 0 51 11746 0 54 11779 0 52 11830 0 53 11854 0 51 11897 0 60 11898 0 61 11903 0 76 11904 0 54 11911 0 66 11912 0 67 11917 0 79 11926 0 90 11926 0 91 11926 0 92 11927 0 76 11934 0 68 11937 0 69 11941 0 79 11947 0 74 11948 0 75 11954 0 76 11968 0 79 11987 0 76 11999 0 52 12002 0 79 12030 0 51 12042 0 54 12053 0 53 12054 0 76 12054 0 90 12054 0 91 12054 0 
TIME iteration: 304 ms
Round:23
IR: 0, 0, 0, 0, 0
12214 0 53 12225 0 54 12245 0 52 12249 0 51 12344 0 53 12374 0 52 12413 0 51 12426 0 65 12437 0 64 12440 0 78 12457 0 54 12462 0 90 12462 0 91 12462 0 92 12464 0 78 12475 0 52 12491 0 78 12523 0 72 12525 0 78 12534 0 73 12552 0 53 12572 0 51 12586 0 52 12686 0 53 12689 0 
TIME iteration: 304 ms
Round:24
IR: 0, 0, 0, 0, 0
12733 0 64 12733 0 65 12735 0 78 12741 0 52 12753 0 54 12756 0 72 12756 0 73 12757 0 90 12757 0 91 12757 0 92 12758 0 78 12770 0 51 12784 0 78 12815 0 78 12843 0 51 12866 0 78 12883 0 52 12894 0 54 12940 0 51 12958 0 53 13014 0 54 13055 0 51 13057 0 52 13058 0 60 13058 0 61 13066 0 76 13082 0 90 13082 0 91 13082 0 92 13090 0 76 13117 0 76 13122 0 68 13126 0 69 13151 0 76 13157 0 53 13206 0 51 13230 0 52 13232 0 
TIME iteration: 304 ms
Round:25
IR: 0, 0, 0, 0, 0
13265 0 53 13361 0 52 13370 0 54 13371 0 51 13407 0 60 13407 0 61 13410 0 76 13417 0 53 13430 0 68 13432 0 69 13432 0 90 13432 0 91 13432 0 92 13433 0 76 13459 0 76 13491 0 76 13536 0 52 13545 0 54 13545 0 76 13575 0 51 13622 0 53 13711 0 52 13711 0 54 13753 0 51 13756 0 
TIME iteration: 305 ms
Round:26
IR: 0, 0, 0, 0, 0
13819 0 61 13821 0 65 13823 0 64 13829 0 60 13829 0 76 13830 0 78 13834 0 52 13845 0 62 13845 0 63 13845 0 90 13845 0 91 13845 0 92 13846 0 68 13846 0 69 13853 0 76 13853 0 77 13854 0 78 13862 0 51 13876 0 54 13877 0 77 13879 0 76 13881 0 78 13886 0 72 13888 0 73 13898 0 53 13904 0 77 13912 0 76 13915 0 78 13934 0 71 13938 0 77 13939 0 70 13959 0 90 13959 0 91 13959 0 92 13967 0 52 13974 0 76 14029 0 53 14080 0 54 14082 0 51 14122 0 52 14147 0 53 14229 0 51 14243 0 54 14260 0 53 14272 0 52 14280 0 64 14280 0 65 14285 0 78 14308 0 90 14308 0 91 14308 0 92 14309 0 
TIME iteration: 305 ms
Round:27
IR: 0, 0, 0, 0, 0
14311 0 72 14312 0 73 14336 0 78 14369 0 78 14373 0 54 14404 0 51 14425 0 52 14431 0 53 14435 0 78 14553 0 51 14576 0 53 14616 0 54 14631 0 52 14641 0 65 14644 0 64 14647 0 78 14662 0 72 14662 0 73 14668 0 90 14668 0 91 14668 0 92 14671 0 78 14697 0 78 14708 0 51 14730 0 78 14739 0 73 14741 0 72 14763 0 52 14785 0 53 14791 0 78 14806 0 54 14833 0 
TIME iteration: 305 ms
Round:28
IR: 0, 0, 0, 0, 0
14935 0 54 14945 0 53 14959 0 51 14964 0 64 14965 0 65 14968 0 78 14989 0 72 14989 0 73 14989 0 90 14989 0 91 14989 0 92 14991 0 78 15001 0 52 15017 0 78 15049 0 78 15074 0 54 15086 0 51 15089 0 53 15104 0 78 15247 0 54 15267 0 51 15271 0 52 15295 0 53 15336 0 54 15350 0 66 15350 0 67 15359 0 
TIME iteration: 311 ms
Round:29
IR: 0, 0, 0, 0, 0
15376 0 90 15376 0 91 15376 0 92 15383 0 79 15410 0 79 15442 0 74 15444 0 51 15445 0 79 15446 0 52 15449 0 75 15460 0 54 15487 0 53 15550 0 52 15613 0 54 15650 0 67 15651 0 53 15651 0 66 15653 0 79 15673 0 74 15673 0 75 15675 0 90 15675 0 91 15675 0 92 15676 0 79 15702 0 79 15734 0 79 15746 0 51 15755 0 52 15789 0 79 15811 0 54 15863 0 
TIME iteration: 305 ms
Round:30
IR: 0, 0, 0, 0, 0
15914 0 54 15924 0 51 15928 0 52 15981 0 67 15985 0 66 15987 0 79 15998 0 75 15999 0 53 15999 0 74 16008 0 90 16008 0 91 16008 0 92 16010 0 79 16036 0 79 16040 0 54 16062 0 75 16068 0 74 16068 0 79 16120 0 51 16124 0 53 16126 0 79 16139 0 52 16203 0 54 16255 0 53 16284 0 67 16288 0 66 16290 0 79 16307 0 75 16308 0 74 16310 0 90 16310 0 91 16310 0 92 16313 0 79 16322 0 51 16333 0 52 16339 0 79 16368 0 54 16371 0 79 16407 0 74 16409 0 75 16419 0 53 16429 0 
TIME iteration: 305 ms
Round:31
IR: 0, 0, 0, 0, 0
16480 0 51 16500 0 52 16527 0 54 16553 0 66 16553 0 67 16556 0 79 16563 0 53 16574 0 74 16574 0 75 16576 0 90 16576 0 91 16576 0 92 16579 0 79 16605 0 79 16629 0 51 16637 0 79 16668 0 75 16673 0 54 16694 0 79 16713 0 52 16752 0 53 16798 0 51 16831 0 54 16863 0 52 16869 0 66 16869 0 67 16873 0 79 16883 0 74 16893 0 90 16893 0 91 16893 0 92 16894 0 75 16896 0 79 16922 0 79 16945 0 74 16953 0 54 16954 0 
TIME iteration: 305 ms
Round:32
IR: 0, 0, 0, 0, 0
16989 0 52 17010 0 53 17012 0 51 17013 0 79 17109 0 54 17111 0 52 17123 0 53 17215 0 53 17226 0 64 17227 0 65 17235 0 78 17237 0 54 17239 0 67 17240 0 66 17244 0 79 17252 0 90 17252 0 91 17252 0 92 17258 0 75 17259 0 78 17261 0 51 17267 0 52 17267 0 74 17268 0 79 17286 0 78 17295 0 79 17311 0 53 17312 0 72 17317 0 73 17321 0 78 17328 0 79 17333 0 75 17378 0 90 17378 0 91 17378 0 92 17394 0 52 17401 0 79 17436 0 54 17486 0 51 17488 0 
TIME iteration: 305 ms
Round:33
IR: 0, 0, 0, 0, 0
17550 0 52 17594 0 54 17606 0 53 17631 0 51 17708 0 53 17716 0 64 17717 0 65 17722 0 78 17727 0 52 17746 0 78 17746 0 90 17746 0 91 17746 0 92 17751 0 72 17752 0 73 17773 0 78 17795 0 54 17806 0 78 17822 0 51 17829 0 53 17873 0 78 17915 0 52 17933 0 54 17955 0 
TIME iteration: 305 ms
Round:34
IR: 0, 0, 0, 0, 0
18072 0 51 18094 0 53 18097 0 64 18097 0 65 18102 0 78 18116 0 54 18118 0 73 18119 0 72 18123 0 90 18123 0 91 18123 0 92 18126 0 78 18150 0 52 18153 0 78 18183 0 51 18186 0 78 18209 0 53 18251 0 78 18280 0 52 18294 0 54 18321 0 51 18326 0 53 18405 0 54 18471 0 66 18475 0 67 18480 0 53 18482 0 79 18484 0 65 18485 0 64 18489 0 78 18499 0 90 18499 0 91 18499 0 92 18504 0 72 18504 0 73 18506 0 79 18513 0 78 18516 0 52 18531 0 51 18533 0 79 18539 0 78 18541 0 74 18545 0 
TIME iteration: 305 ms
Round:35
IR: 0, 0, 0, 0, 0
18565 0 54 18568 0 79 18572 0 78 18586 0 53 18586 0 72 18587 0 73 18626 0 90 18626 0 91 18626 0 92 18631 0 52 18633 0 78 18658 0 51 18726 0 53 18732 0 52 18776 0 51 18779 0 54 18839 0 53 18866 0 52 18941 0 51 18972 0 54 18978 0 53 18985 0 52 18985 0 64 18985 0 65 18989 0 62 18989 0 63 18991 0 78 18993 0 60 18995 0 61 18997 0 77 19002 0 76 19012 0 90 19012 0 91 19012 0 92 19015 0 78 19021 0 73 19021 0 77 19022 0 72 19026 0 76 19042 0 78 19048 0 77 19053 0 76 19076 0 
TIME iteration: 305 ms
Round:36
IR: 0, 0, 0, 0, 0
19080 0 70 19080 0 71 19082 0 77 19087 0 76 19091 0 68 19093 0 69 19125 0 52 19125 0 53 19129 0 90 19129 0 91 19129 0 92 19152 0 78 19174 0 51 19214 0 54 19306 0 52 19312 0 53 19359 0 54 19383 0 51 19492 0 52 19501 0 51 19527 0 60 19527 0 61 19533 0 76 19540 0 54 19555 0 62 19555 0 63 19556 0 53 19557 0 76 19557 0 90 19557 0 91 19557 0 92 19561 0 77 19565 0 68 19567 0 69 19584 0 76 19585 0 77 19595 0 70 19597 0 71 19599 0 
TIME iteration: 305 ms
Round:37
IR: 0, 0, 0, 0, 0
19612 0 77 19618 0 76 19631 0 51 19646 0 77 19680 0 90 19680 0 91 19680 0 92 19694 0 76 19695 0 52 19698 0 54 19722 0 77 19724 0 53 19767 0 51 19803 0 52 19851 0 54 19873 0 53 19934 0 51 19938 0 52 19989 0 54 19997 0 53 20008 0 62 20009 0 63 20014 0 77 20034 0 64 20034 0 65 20036 0 70 20037 0 71 20037 0 90 20037 0 91 20037 0 92 20038 0 77 20042 0 78 20065 0 77 20066 0 78 20093 0 78 20097 0 72 20098 0 77 20099 0 73 20112 0 51 20112 0 52 20127 0 78 20137 0 
TIME iteration: 305 ms
Round:38
IR: 0, 0, 0, 0, 0
20149 0 53 20160 0 90 20160 0 91 20160 0 92 20165 0 77 20251 0 53 20272 0 51 20306 0 54 20346 0 52 20358 0 53 20385 0 51 20473 0 54 20479 0 53 20487 0 64 20487 0 65 20492 0 78 20516 0 78 20516 0 90 20516 0 91 20516 0 92 20518 0 73 20520 0 72 20538 0 51 20543 0 78 20576 0 78 20590 0 53 20599 0 54 20642 0 
TIME iteration: 305 ms
Round:39
IR: 0, 0, 0, 0, 0
20698 0 52 20711 0 53 20716 0 54 20752 0 51 20859 0 51 20862 0 53 20868 0 64 20869 0 65 20873 0 52 20873 0 78 20885 0 54 20888 0 73 20890 0 72 20895 0 90 20895 0 91 20895 0 92 20897 0 78 20923 0 78 20951 0 51 20956 0 78 20971 0 73 20978 0 52 20986 0 53 21017 0 78 21025 0 54 21081 0 51 21126 0 53 21146 0 54 21167 0 64 21168 0 65 21171 0 78 21173 0 52 21179 0 72 21190 0 73 21192 0 90 21192 0 91 21192 0 92 21194 0 
TIME iteration: 305 ms
Round:40
IR: 0, 0, 0, 0, 0
21220 0 78 21227 0 53 21232 0 51 21238 0 72 21252 0 78 21292 0 52 21307 0 78 21318 0 51 21351 0 53 21388 0 54 21419 0 52 21422 0 51 21467 0 61 21469 0 60 21476 0 76 21492 0 90 21492 0 91 21492 0 92 21497 0 54 21500 0 76 21527 0 76 21556 0 68 21556 0 69 21561 0 53 21561 0 76 21589 0 52 21597 0 51 21613 0 
TIME iteration: 305 ms
Round:41
IR: 0, 0, 0, 0, 0
21730 0 53 21763 0 51 21801 0 52 21802 0 60 21805 0 61 21807 0 76 21808 0 54 21828 0 68 21828 0 90 21828 0 91 21828 0 92 21829 0 69 21830 0 76 21856 0 76 21888 0 76 21919 0 52 21943 0 76 21949 0 53 21951 0 54 21974 0 51 22060 0 52 22066 0 53 22102 0 54 22133 0 51 22192 0 52 22197 0 61 22199 0 60 22202 0 63 22203 0 62 22203 0 76 22211 0 77 22218 0 68 22220 0 69 22223 0 90 22223 0 91 22223 0 92 22227 0 76 22235 0 77 22253 0 51 22253 0 54 22254 0 53 22254 0 
TIME iteration: 305 ms
Round:42
IR: 0, 0, 0, 0, 0
22262 0 77 22287 0 76 22289 0 70 22291 0 71 22297 0 77 22307 0 52 22352 0 76 22352 0 90 22352 0 91 22352 0 92 22376 0 53 22404 0 54 22422 0 51 22467 0 52 22519 0 53 22545 0 54 22550 0 51 22652 0 51 22668 0 52 22675 0 61 22676 0 60 22681 0 76 22701 0 68 22702 0 69 22705 0 76 22705 0 90 22705 0 91 22705 0 92 22717 0 54 22732 0 76 22762 0 53 22765 0 
TIME iteration: 305 ms
Round:43
IR: 0, 0, 0, 0, 0
22831 0 52 22832 0 51 22832 0 76 22861 0 53 22870 0 54 22952 0 53 22958 0 54 22983 0 65 22985 0 64 22992 0 78 23004 0 52 23009 0 90 23009 0 91 23009 0 92 23016 0 51 23016 0 78 23043 0 78 23066 0 73 23071 0 53 23072 0 72 23077 0 78 23096 0 54 23162 0 52 23228 0 53 23282 0 52 23293 0 65 23294 0 64 23296 0 78 23297 0 51 23316 0 72 23316 0 73 23318 0 90 23318 0 91 23318 0 92 23319 0 
TIME iteration: 305 ms
Round:44
IR: 0, 0, 0, 0, 0
23333 0 54 23345 0 78 23374 0 53 23377 0 78 23404 0 52 23430 0 78 23512 0 53 23519 0 52 23529 0 54 23572 0 51 23634 0 53 23648 0 64 23648 0 65 23652 0 78 23665 0 72 23665 0 73 23673 0 90 23673 0 91 23673 0 92 23675 0 78 23691 0 52 23701 0 78 23713 0 54 23733 0 72 23733 0 78 23737 0 73 23742 0 51 23789 0 78 23822 0 53 23822 0 
TIME iteration: 305 ms
Round:45
IR: 0, 0, 0, 0, 0
23851 0 52 23904 0 51 23914 0 54 23955 0 67 23956 0 66 23964 0 79 23980 0 90 23980 0 91 23980 0 92 23988 0 79 24007 0 53 24014 0 54 24015 0 79 24016 0 52 24044 0 74 24050 0 75 24050 0 79 24094 0 51 24150 0 54 24175 0 53 24184 0 51 24246 0 52 24275 0 54 24278 0 66 24279 0 67 24282 0 79 24303 0 74 24303 0 75 24303 0 90 24303 0 91 24303 0 92 24305 0 79 24308 0 51 24331 0 79 24333 0 53 24363 0 
TIME iteration: 305 ms
Round:46
IR: 0, 0, 0, 0, 0
24380 0 52 24402 0 54 24421 0 79 24442 0 51 24495 0 53 24524 0 52 24539 0 51 24564 0 54 24608 0 61 24609 0 60 24617 0 76 24633 0 90 24633 0 91 24633 0 92 24641 0 76 24657 0 51 24668 0 76 24688 0 53 24693 0 54 24694 0 68 24696 0 69 24703 0 76 24758 0 52 24788 0 54 24828 0 51 24829 0 
TIME iteration: 304 ms
Round:47
IR: 0, 0, 0, 0, 0
24925 0 54 24952 0 66 24953 0 67 24960 0 79 24962 0 52 24977 0 90 24977 0 91 24977 0 92 24984 0 79 24992 0 51 24992 0 74 24992 0 75 25011 0 79 25028 0 53 25045 0 79 25073 0 54 25082 0 51 25096 0 52 25132 0 53 25207 0 54 25235 0 51 25244 0 52 25291 0 67 25292 0 66 25295 0 79 25303 0 54 25311 0 74 25311 0 75 25312 0 53 25316 0 90 25316 0 91 25316 0 92 25318 0 79 25344 0 79 25345 0 51 25376 0 79 25382 0 52 25388 0 74 25389 0 75 25433 0 
TIME iteration: 305 ms
Round:48
IR: 0, 0, 0, 0, 0
25476 0 51 25541 0 52 25557 0 54 25558 0 53 25563 0 51 25604 0 61 25605 0 60 25612 0 76 25629 0 90 25629 0 91 25629 0 92 25636 0 76 25663 0 76 25669 0 68 25669 0 69 25685 0 51 25697 0 76 25724 0 53 25736 0 54 25803 0 51 25819 0 52 25856 0 53 25910 0 51 25914 0 60 25915 0 61 25917 0 76 25936 0 68 25936 0 69 25939 0 90 25939 0 91 25939 0 92 25940 0 76 25966 0 
TIME iteration: 305 ms
Round:49
IR: 0, 0, 0, 0, 0
25993 0 53 25998 0 76 26014 0 54 26044 0 52 26051 0 76 26143 0 51 26156 0 54 26188 0 52 26232 0 53 26301 0 52 26313 0 62 26314 0 63 26322 0 77 26327 0 51 26339 0 54 26340 0 90 26340 0 91 26340 0 92 26346 0 77 26373 0 77 26408 0 77 26411 0 71 26414 0 70 26461 0 
TIME iteration: 304 ms
Round:50
IR: 0, 0, 0, 0, 0
26518 0 53 26537 0 51 26562 0 52 26585 0 63 26586 0 62 26587 0 77 26606 0 70 26606 0 71 26609 0 90 26609 0 91 26609 0 92 26610 0 77 26636 0 77 26639 0 51 26642 0 54 26655 0 53 26667 0 77 26692 0 71 26701 0 52 26717 0 77 26750 0 51 26838 0 53 26839 0 52 26839 0 54 26878 0 63 26879 0 62 26882 0 77 26890 0 70 26893 0 51 26901 0 71 26902 0 90 26902 0 91 26902 0 92 26905 0 77 26931 0 77 26947 0 70 26963 0 77 26993 0 53 26999 0 54 27018 0 
TIME iteration: 305 ms
Round:51
IR: 0, 0, 0, 0, 0
27090 0 52 27107 0 54 27140 0 53 27141 0 51 27246 0 54 27259 0 67 27260 0 66 27268 0 79 27279 0 51 27285 0 90 27285 0 91 27285 0 92 27292 0 52 27292 0 79 27306 0 53 27319 0 79 27348 0 75 27354 0 79 27355 0 74 27455 0 52 27458 0 51 27472 0 54 27502 0 
TIME iteration: 304 ms
Round:52
IR: 0, 0, 0, 0, 0
27589 0 51 27608 0 54 27627 0 66 27627 0 67 27631 0 79 27653 0 90 27653 0 91 27653 0 92 27654 0 75 27654 0 79 27655 0 74 27670 0 53 27674 0 52 27680 0 79 27712 0 79 27717 0 54 27769 0 79 27777 0 51 27798 0 52 27861 0 54 27892 0 52 27913 0 53 27949 0 51 27949 0 63 27950 0 62 27957 0 77 27974 0 90 27974 0 91 27974 0 92 27981 0 77 28008 0 54 28008 0 77 28012 0 71 28014 0 70 28042 0 77 28045 0 52 28058 0 
TIME iteration: 305 ms
Round:53
IR: 0, 0, 0, 0, 0
28119 0 51 28156 0 54 28191 0 52 28279 0 51 28298 0 53 28373 0 54 28395 0 51 28398 0 60 28398 0 61 28406 0 76 28417 0 66 28420 0 67 28425 0 90 28425 0 91 28425 0 92 28427 0 79 28430 0 76 28436 0 52 28438 0 53 28451 0 79 28457 0 76 28466 0 74 28467 0 75 28478 0 79 28486 0 68 28491 0 76 28496 0 69 28513 0 79 28549 0 90 28549 0 91 28549 0 92 28552 0 51 28563 0 53 28569 0 52 28590 0 
TIME iteration: 305 ms
Round:54
IR: 0, 0, 0, 0, 0
28668 0 52 28690 0 53 28716 0 51 28748 0 54 28763 0 52 28844 0 53 28853 0 62 28856 0 63 28862 0 77 28875 0 51 28883 0 90 28883 0 91 28883 0 92 28886 0 77 28890 0 54 28913 0 71 28913 0 77 28914 0 70 28940 0 52 28945 0 53 28947 0 77 29004 0 51 29062 0 54 29064 0 53 29111 0 
TIME iteration: 305 ms
Round:55
IR: 0, 0, 0, 0, 0
29232 0 51 29233 0 52 29240 0 53 29240 0 62 29240 0 63 29244 0 77 29263 0 54 29263 0 65 29265 0 64 29265 0 70 29266 0 71 29266 0 90 29266 0 91 29266 0 92 29267 0 77 29272 0 78 29293 0 77 29296 0 78 29323 0 78 29325 0 77 29357 0 72 29357 0 78 29360 0 73 29368 0 53 29381 0 52 29381 0 77 29388 0 90 29388 0 91 29388 0 92 29425 0 54 29428 0 51 29496 0 53 29507 0 52 29552 0 51 29569 0 54 29610 0 
TIME iteration: 305 ms
Round:56
IR: 0, 0, 0, 0, 0
29685 0 51 29721 0 53 29724 0 64 29724 0 65 29729 0 78 29730 0 60 29732 0 61 29739 0 76 29752 0 90 29752 0 91 29752 0 92 29753 0 78 29758 0 72 29758 0 73 29763 0 76 29771 0 54 29780 0 78 29782 0 51 29790 0 76 29804 0 68 29807 0 69 29813 0 78 29824 0 76 29866 0 53 29870 0 52 29879 0 78 29883 0 51 29883 0 90 29883 0 91 29883 0 92 29910 0 54 30000 0 52 30008 0 51 30069 0 54 30073 0 53 30118 0 52 30184 0 
TIME iteration: 305 ms
Round:57
IR: 0, 0, 0, 0, 0
30224 0 54 30269 0 67 30272 0 66 30279 0 79 30285 0 61 30297 0 76 30301 0 90 30301 0 91 30301 0 92 30303 0 79 30305 0 53 30327 0 76 30330 0 79 30332 0 52 30355 0 74 30356 0 75 30365 0 79 30372 0 76 30374 0 51 30460 0 90 30460 0 91 30460 0 92 30461 0 53 30465 0 52 30496 0 54 30503 0 51 30576 0 52 30587 0 53 30688 0 51 30701 0 53 30707 0 
TIME iteration: 305 ms
Round:58
IR: 0, 0, 0, 0, 0
30799 0 54 30822 0 51 30851 0 52 30852 0 61 30853 0 60 30855 0 53 30855 0 62 30855 0 63 30859 0 64 30859 0 65 30859 0 76 30863 0 77 30867 0 78 30879 0 90 30879 0 91 30879 0 92 30883 0 76 30887 0 77 30891 0 78 30893 0 68 30894 0 69 30910 0 76 30914 0 77 30918 0 78 30922 0 72 30925 0 51 30925 0 73 30934 0 70 30939 0 71 30944 0 76 30946 0 54 30948 0 77 30952 0 78 30977 0 53 30996 0 90 30996 0 91 30996 0 92 31020 0 52 31025 0 76 31066 0 54 31068 0 51 31124 0 53 31178 0 52 31190 0 51 31199 0 54 31256 0 
TIME iteration: 306 ms
Round:59
IR: 0, 0, 0, 0, 0
31280 0 52 31287 0 54 31298 0 51 31308 0 66 31308 0 67 31316 0 79 31318 0 60 31319 0 61 31322 0 62 31322 0 63 31324 0 76 31327 0 77 31336 0 90 31336 0 91 31336 0 92 31340 0 79 31346 0 68 31347 0 69 31348 0 76 31351 0 77 31355 0 70 31357 0 71 31367 0 79 31371 0 75 31375 0 76 31376 0 74 31378 0 77 31388 0 52 31402 0 79 31405 0 51 31408 0 53 31408 0 76 31411 0 54 31411 0 77 31452 0 90 31452 0 91 31452 0 92 31471 0 52 31475 0 76 31477 0 77 31512 0 51 31558 0 53 31590 0 52 31632 0 54 31691 0 53 31692 0 52 31722 0 51 31746 0 62 31747 0 63 31752 0 77 31771 0 70 31772 0 71 31774 0 90 31774 0 91 31774 0 92 31776 0 77 31777 0 54 31788 0 53 31792 0 
TIME iteration: 306 ms
Round:60
IR: 0, 0, 0, 0, 0
31803 0 77 31836 0 77 31903 0 77 31926 0 53 31935 0 54 32042 0 51 32050 0 52 32065 0 54 32096 0 53 32130 0 66 32131 0 67 32138 0 79 32152 0 65 32153 0 64 32157 0 90 32157 0 91 32157 0 92 32161 0 78 32162 0 79 32185 0 74 32185 0 78 32186 0 75 32187 0 54 32189 0 79 32212 0 78 32223 0 79 32226 0 73 32228 0 72 32245 0 52 32247 0 78 32280 0 90 32280 0 91 32280 0 92 32291 0 53 32296 0 
TIME iteration: 305 ms
Round:61
IR: 0, 0, 0, 0, 0
32351 0 54 32392 0 52 32423 0 51 32466 0 53 32499 0 54 32531 0 51 32603 0 52 32603 0 54 32607 0 60 32610 0 61 32617 0 76 32623 0 51 32624 0 66 32624 0 67 32630 0 79 32638 0 90 32638 0 91 32638 0 92 32639 0 53 32641 0 76 32654 0 79 32656 0 75 32657 0 74 32668 0 76 32677 0 69 32679 0 68 32681 0 79 32703 0 76 32705 0 54 32715 0 79 32738 0 52 32766 0 90 32766 0 91 32766 0 92 32798 0 51 32816 0 53 32846 0 
TIME iteration: 305 ms
Round:62
IR: 0, 0, 0, 0, 0
32860 0 54 32932 0 51 32956 0 53 32993 0 52 32997 0 54 33056 0 51 33099 0 60 33099 0 61 33104 0 76 33127 0 53 33128 0 76 33128 0 90 33128 0 91 33128 0 92 33133 0 54 33134 0 68 33134 0 69 33137 0 52 33155 0 76 33188 0 76 33231 0 52 33231 0 53 33254 0 76 33285 0 51 33331 0 52 33335 0 54 33355 0 
TIME iteration: 309 ms
Round:63
IR: 0, 0, 0, 0, 0
33442 0 51 33479 0 52 33482 0 63 33483 0 62 33491 0 77 33500 0 61 33501 0 60 33506 0 76 33509 0 90 33509 0 91 33509 0 92 33515 0 77 33524 0 68 33524 0 69 33530 0 53 33530 0 76 33542 0 54 33542 0 77 33553 0 51 33557 0 76 33562 0 70 33568 0 71 33577 0 77 33590 0 76 33596 0 52 33634 0 90 33634 0 91 33634 0 92 33657 0 76 33667 0 53 33688 0 54 33707 0 51 33707 0 52 33823 0 51 33830 0 52 33865 0 54 33903 0 
TIME iteration: 305 ms
Round:64
IR: 0, 0, 0, 0, 0
33954 0 51 33976 0 60 33976 0 61 33982 0 76 34002 0 68 34003 0 69 34005 0 90 34005 0 91 34005 0 92 34006 0 76 34021 0 54 34033 0 76 34042 0 52 34067 0 76 34121 0 53 34143 0 76 34188 0 54 34196 0 51 34249 0 52 34281 0 53 34311 0 54 34323 0 51 34358 0 67 34360 0 66 34368 0 79 34369 0 60 34370 0 61 34374 0 76 34385 0 90 34385 0 91 34385 0 92 34389 0 69 34390 0 68 34392 0 79 34398 0 76 34403 0 52 34419 0 79 34424 0 76 34439 0 53 34439 0 74 34445 0 75 34447 0 
TIME iteration: 303 ms
Round:65
IR: 0, 0, 0, 0, 0
34454 0 79 34457 0 76 34468 0 69 34474 0 68 34480 0 51 34513 0 90 34513 0 91 34513 0 92 34514 0 52 34518 0 76 34575 0 54 34622 0 53 34627 0 52 34662 0 51 34748 0 54 34750 0 51 34754 0 53 34759 0 52 34832 0 60 34832 0 61 34838 0 76 34861 0 51 34861 0 90 34861 0 91 34861 0 92 34862 0 76 34867 0 69 34868 0 68 34879 0 52 34889 0 76 34919 0 54 34923 0 76 34967 0 53 34979 0 
TIME iteration: 302 ms
Round:66
IR: 0, 0, 0, 0, 0
34999 0 76 35030 0 52 35081 0 54 35102 0 51 35137 0 52 35146 0 60 35147 0 61 35151 0 76 35163 0 68 35163 0 69 35171 0 90 35171 0 91 35171 0 92 35175 0 76 35196 0 53 35201 0 76 35231 0 69 35233 0 68 35234 0 76 35249 0 51 35256 0 54 35285 0 52 35295 0 76 35343 0 53 35401 0 54 35420 0 51 35448 0 52 35454 0 60 35454 0 61 35458 0 76 35473 0 53 35477 0 68 35477 0 69 35478 0 90 35478 0 91 35478 0 92 35481 0 76 35498 0 54 35507 0 
TIME iteration: 303 ms
Round:67
IR: 0, 0, 0, 0, 0
35534 0 51 35539 0 76 35589 0 52 35595 0 76 35610 0 53 35656 0 51 35724 0 53 35725 0 54 35738 0 52 35789 0 51 35802 0 60 35803 0 61 35807 0 76 35818 0 69 35819 0 68 35822 0 64 35828 0 90 35828 0 91 35828 0 92 35831 0 76 35840 0 78 35857 0 76 35872 0 78 35877 0 51 35877 0 53 35877 0 54 35884 0 69 35885 0 52 35890 0 68 35890 0 76 35927 0 78 35951 0 76 35969 0 90 35969 0 91 35969 0 92 36007 0 51 36023 0 
TIME iteration: 302 ms
Round:68
IR: 0, 0, 0, 0, 0
36062 0 54 36071 0 52 36116 0 51 36175 0 53 36198 0 54 36205 0 51 36242 0 60 36244 0 61 36248 0 76 36272 0 76 36272 0 90 36272 0 91 36272 0 92 36274 0 69 36275 0 68 36299 0 76 36301 0 53 36304 0 52 36332 0 76 36365 0 51 36398 0 76 36417 0 53 36422 0 54 36476 0 52 36530 0 
TIME iteration: 302 ms
Round:69
IR: 0, 0, 0, 0, 0
36600 0 53 36651 0 64 36653 0 65 36660 0 78 36677 0 51 36679 0 52 36679 0 90 36679 0 91 36679 0 92 36684 0 78 36711 0 78 36714 0 73 36715 0 72 36745 0 53 36745 0 78 36755 0 54 36828 0 52 36856 0 51 36924 0 54 36956 0 52 36982 0 51 37029 0 62 37032 0 63 37039 0 77 37042 0 60 37044 0 61 37050 0 76 37056 0 90 37056 0 91 37056 0 92 37063 0 77 37074 0 76 37089 0 54 37090 0 69 37090 0 77 37093 0 68 37097 0 
TIME iteration: 303 ms
Round:70
IR: 0, 0, 0, 0, 0
37101 0 76 37116 0 70 37117 0 52 37121 0 71 37125 0 77 37135 0 76 37143 0 51 37182 0 90 37182 0 91 37182 0 92 37241 0 52 37244 0 51 37256 0 53 37260 0 54 37363 0 52 37376 0 54 37388 0 53 37498 0 54 37520 0 51 37520 0 66 37520 0 67 37529 0 79 37543 0 52 37549 0 90 37549 0 91 37549 0 92 37553 0 79 37580 0 79 37612 0 74 37613 0 75 37615 0 
TIME iteration: 302 ms
Round:71
IR: 0, 0, 0, 0, 0
37659 0 53 37662 0 54 37672 0 51 37674 0 52 37796 0 53 37825 0 51 37827 0 54 37842 0 52 37862 0 66 37862 0 67 37866 0 79 37887 0 74 37887 0 90 37887 0 91 37887 0 92 37888 0 75 37890 0 79 37916 0 79 37949 0 79 37989 0 51 38003 0 53 38013 0 79 38024 0 54 38037 0 52 38132 0 
TIME iteration: 302 ms
Round:72
IR: 0, 0, 0, 0, 0
38218 0 52 38228 0 53 38238 0 51 38238 0 64 38238 0 65 38246 0 78 38264 0 90 38264 0 91 38264 0 92 38267 0 54 38270 0 78 38297 0 78 38318 0 73 38321 0 72 38331 0 78 38354 0 52 38384 0 51 38417 0 53 38491 0 52 38525 0 51 38531 0 53 38538 0 54 38555 0 65 38557 0 64 38559 0 78 38578 0 73 38579 0 72 38581 0 90 38581 0 91 38581 0 92 38582 0 78 38608 0 78 38640 0 78 38647 0 51 38673 0 52 38680 0 
TIME iteration: 302 ms
Round:73
IR: 0, 0, 0, 0, 0
38690 0 53 38694 0 78 38817 0 54 38822 0 52 38851 0 51 38852 0 53 38928 0 54 38938 0 66 38938 0 67 38947 0 79 38956 0 64 38964 0 90 38964 0 91 38964 0 92 38966 0 78 38971 0 79 38977 0 52 38993 0 51 38996 0 78 38998 0 74 38998 0 79 39000 0 75 39033 0 79 39038 0 53 39039 0 78 39091 0 54 39108 0 90 39108 0 91 39108 0 92 39200 0 53 39205 0 54 39210 0 
TIME iteration: 302 ms
Round:74
IR: 0, 0, 0, 0, 0
39248 0 51 39337 0 52 39362 0 54 39399 0 51 39504 0 53 39546 0 51 39555 0 60 39556 0 61 39564 0 76 39587 0 90 39587 0 91 39587 0 92 39588 0 76 39596 0 52 39615 0 76 39647 0 69 39650 0 68 39650 0 76 39670 0 51 39706 0 54 39730 0 
TIME iteration: 301 ms
Round:75
IR: 0, 0, 0, 0, 0
39781 0 52 39805 0 51 39849 0 60 39849 0 61 39851 0 76 39869 0 54 39871 0 68 39871 0 69 39873 0 90 39873 0 91 39873 0 92 39874 0 76 39900 0 76 39904 0 53 39910 0 52 39931 0 76 39958 0 51 39972 0 68 39982 0 76 39994 0 53 40020 0 54 40037 0 52 40080 0 51 40121 0 60 40122 0 61 40125 0 76 40132 0 69 40138 0 54 40142 0 53 40143 0 68 40145 0 90 40145 0 91 40145 0 92 40148 0 76 40155 0 52 40174 0 76 40187 0 69 40206 0 76 40213 0 51 40260 0 76 40277 0 
TIME iteration: 302 ms
Round:76
IR: 0, 0, 0, 0, 0
40284 0 52 40311 0 54 40362 0 51 40442 0 52 40486 0 53 40503 0 54 40509 0 63 40515 0 62 40520 0 77 40538 0 90 40538 0 91 40538 0 92 40544 0 77 40571 0 77 40599 0 52 40605 0 70 40605 0 77 40612 0 53 40629 0 71 40671 0 51 40689 0 52 40689 0 54 40750 0 63 40752 0 62 40752 0 77 40770 0 70 40770 0 71 40774 0 90 40774 0 91 40774 0 92 40775 0 77 40800 0 53 40801 0 
TIME iteration: 302 ms
Round:77
IR: 0, 0, 0, 0, 0
40825 0 51 40832 0 77 40844 0 52 40850 0 70 40852 0 71 40881 0 77 40935 0 51 40935 0 54 40986 0 52 40986 0 53 41012 0 63 41013 0 62 41015 0 77 41033 0 70 41033 0 71 41036 0 90 41036 0 91 41036 0 92 41038 0 77 41052 0 51 41064 0 77 41076 0 52 41079 0 53 41096 0 77 41114 0 70 41116 0 71 41124 0 54 41149 0 77 41172 0 51 41187 0 53 41197 0 52 41232 0 62 41232 0 63 41235 0 77 41249 0 54 41249 0 71 41250 0 70 41254 0 90 41254 0 91 41254 0 92 41258 0 77 41284 0 77 41289 0 51 41296 0 53 41315 0 71 41316 0 77 41322 0 
TIME iteration: 302 ms
Round:78
IR: 0, 0, 0, 0, 0
41369 0 77 41371 0 54 41411 0 52 41417 0 51 41478 0 53 41527 0 54 41585 0 51 41588 0 53 41615 0 64 41615 0 65 41621 0 52 41623 0 78 41628 0 61 41629 0 60 41637 0 76 41639 0 62 41640 0 63 41641 0 90 41641 0 91 41641 0 92 41644 0 77 41647 0 78 41661 0 76 41668 0 71 41668 0 77 41671 0 54 41671 0 70 41674 0 78 41688 0 76 41692 0 53 41694 0 77 41704 0 69 41705 0 68 41705 0 72 41708 0 78 41709 0 73 41713 0 51 41723 0 76 41727 0 77 41755 0 90 41755 0 91 41755 0 92 41782 0 54 41788 0 77 41792 0 52 41815 0 53 41844 0 
TIME iteration: 302 ms
Round:79
IR: 0, 0, 0, 0, 0
41884 0 54 41891 0 52 41975 0 51 41989 0 54 42006 0 52 42048 0 53 42052 0 66 42053 0 67 42054 0 63 42055 0 62 42060 0 77 42061 0 79 42077 0 90 42077 0 91 42077 0 92 42078 0 70 42078 0 71 42084 0 77 42085 0 79 42111 0 77 42112 0 79 42125 0 54 42144 0 77 42146 0 74 42147 0 79 42153 0 51 42155 0 75 42169 0 52 42207 0 90 42207 0 91 42207 0 92 42211 0 77 42226 0 53 42248 0 54 42284 0 51 42311 0 52 42345 0 
TIME iteration: 310 ms
Round:80
IR: 0, 0, 0, 0, 0
42406 0 51 42436 0 52 42442 0 54 42460 0 53 42526 0 52 42528 0 51 42531 0 65 42533 0 64 42537 0 62 42537 0 63 42540 0 78 42543 0 77 42544 0 54 42548 0 60 42549 0 61 42556 0 76 42559 0 90 42559 0 91 42559 0 92 42564 0 70 42564 0 71 42564 0 78 42567 0 77 42580 0 76 42590 0 72 42591 0 78 42593 0 73 42594 0 77 42607 0 68 42607 0 76 42608 0 69 42618 0 53 42625 0 78 42628 0 77 42641 0 76 42644 0 51 42663 0 52 42675 0 90 42675 0 91 42675 0 92 42701 0 54 42704 0 77 42735 0 53 42796 0 51 42815 0 52 42818 0 53 42846 0 
TIME iteration: 303 ms
Round:81
IR: 0, 0, 0, 0, 0
42940 0 54 42948 0 53 42973 0 51 42978 0 64 42978 0 65 42983 0 78 42989 0 52 42992 0 66 42992 0 67 43000 0 79 43006 0 90 43006 0 91 43006 0 92 43007 0 73 43007 0 78 43010 0 72 43024 0 79 43034 0 78 43051 0 75 43051 0 79 43053 0 74 43067 0 78 43080 0 54 43086 0 79 43133 0 78 43134 0 90 43134 0 91 43134 0 92 43179 0 52 43194 0 53 43224 0 51 43300 0 54 43333 0 53 43413 0 51 43420 0 
TIME iteration: 302 ms
Round:82
IR: 0, 0, 0, 0, 0
43490 0 54 43495 0 53 43525 0 65 43526 0 64 43532 0 78 43556 0 78 43556 0 90 43556 0 91 43556 0 92 43559 0 72 43559 0 73 43575 0 54 43583 0 78 43617 0 78 43632 0 53 43634 0 51 43648 0 52 43698 0 78 43710 0 54 43794 0 51 43810 0 52 43842 0 54 43878 0 53 43889 0 66 43889 0 67 43897 0 79 43915 0 90 43915 0 91 43915 0 92 43921 0 79 43935 0 52 43945 0 74 43947 0 75 43948 0 79 43970 0 51 43980 0 54 43983 0 
TIME iteration: 302 ms
Round:83
IR: 0, 0, 0, 0, 0
43998 0 53 44066 0 52 44083 0 54 44152 0 53 44161 0 51 44213 0 52 44215 0 54 44219 0 66 44221 0 67 44223 0 79 44241 0 75 44242 0 74 44245 0 90 44245 0 91 44245 0 92 44246 0 79 44272 0 79 44304 0 79 44324 0 53 44331 0 75 44359 0 79 44383 0 51 44396 0 52 44435 0 
TIME iteration: 301 ms
Round:84
IR: 0, 0, 0, 0, 0
44530 0 52 44541 0 53 44545 0 54 44563 0 66 44563 0 67 44567 0 79 44572 0 51 44578 0 74 44588 0 90 44588 0 91 44588 0 92 44589 0 75 44591 0 79 44617 0 79 44642 0 74 44650 0 79 44666 0 52 44715 0 79 44734 0 54 44850 0 51 44882 0 52 44891 0 53 44937 0 54 44973 0 67 44975 0 66 44980 0 79 44996 0 75 45000 0 90 45000 0 91 45000 0 92 45003 0 74 45004 0 79 45007 0 53 45031 0 
TIME iteration: 302 ms
Round:85
IR: 0, 0, 0, 0, 0
45065 0 79 45105 0 54 45106 0 52 45128 0 51 45139 0 53 45227 0 52 45271 0 53 45324 0 51 45338 0 64 45342 0 52 45343 0 65 45349 0 78 45354 0 63 45355 0 62 45363 0 77 45364 0 54 45366 0 90 45366 0 91 45366 0 92 45373 0 78 45387 0 77 45393 0 53 45400 0 78 45414 0 77 45423 0 72 45427 0 73 45435 0 78 45446 0 70 45449 0 77 45457 0 71 45488 0 51 45491 0 52 45492 0 90 45492 0 91 45492 0 92 45501 0 53 45520 0 
TIME iteration: 303 ms
Round:86
IR: 0, 0, 0, 0, 0
45637 0 52 45653 0 54 45660 0 51 45716 0 53 45791 0 52 45798 0 54 45816 0 51 45850 0 67 45853 0 66 45857 0 63 45860 0 79 45861 0 62 45864 0 77 45880 0 90 45880 0 91 45880 0 92 45884 0 79 45888 0 77 45895 0 70 45896 0 71 45903 0 52 45904 0 75 45905 0 74 45911 0 79 45915 0 77 45919 0 53 45940 0 51 45946 0 79 45948 0 77 45989 0 54 46011 0 90 46011 0 91 46011 0 92 46013 0 77 46064 0 52 46090 0 53 46107 0 
TIME iteration: 302 ms
Round:87
IR: 0, 0, 0, 0, 0
46167 0 52 46170 0 54 46239 0 53 46289 0 51 46334 0 54 46347 0 52 46369 0 53 46385 0 63 46387 0 62 46389 0 64 46390 0 65 46392 0 77 46397 0 78 46413 0 90 46413 0 91 46413 0 92 46416 0 77 46418 0 70 46418 0 71 46421 0 78 46443 0 77 46448 0 78 46454 0 73 46461 0 72 46466 0 52 46467 0 51 46477 0 77 46482 0 78 46489 0 54 46491 0 53 46545 0 90 46545 0 91 46545 0 92 46553 0 77 46567 0 52 46573 0 
TIME iteration: 302 ms
Round:88
IR: 0, 0, 0, 0, 0
46646 0 53 46666 0 51 46673 0 52 46675 0 54 46776 0 52 46795 0 53 46819 0 51 46835 0 62 46838 0 63 46842 0 77 46843 0 54 46862 0 71 46863 0 70 46865 0 90 46865 0 91 46865 0 92 46866 0 77 46893 0 77 46906 0 53 46926 0 77 46936 0 52 46993 0 77 46995 0 54 47000 0 51 47069 0 53 47119 0 51 47137 0 52 47168 0 
TIME iteration: 303 ms
Round:89
IR: 0, 0, 0, 0, 0
47207 0 53 47238 0 64 47238 0 65 47240 0 52 47245 0 78 47249 0 62 47249 0 63 47254 0 77 47264 0 90 47264 0 91 47264 0 92 47269 0 78 47271 0 71 47272 0 70 47278 0 77 47293 0 73 47295 0 72 47296 0 78 47305 0 77 47309 0 53 47330 0 78 47338 0 77 47349 0 54 47371 0 51 47379 0 52 47391 0 90 47391 0 91 47391 0 92 47404 0 77 47444 0 53 47523 0 51 47535 0 52 47608 0 53 47628 0 54 47643 0 
TIME iteration: 303 ms
Round:90
IR: 0, 0, 0, 0, 0
47724 0 53 47737 0 54 47739 0 52 47750 0 64 47750 0 65 47755 0 78 47779 0 78 47780 0 90 47780 0 91 47780 0 92 47784 0 72 47784 0 73 47806 0 78 47839 0 78 47848 0 53 47891 0 51 47905 0 78 47921 0 52 47937 0 54 48077 0 52 48102 0 51 48104 0 54 48205 0 52 48209 0 62 48209 0 63 48217 0 77 48228 0 
TIME iteration: 302 ms
Round:91
IR: 0, 0, 0, 0, 0
48230 0 66 48230 0 67 48237 0 90 48237 0 91 48237 0 92 48239 0 79 48241 0 77 48259 0 53 48263 0 79 48264 0 71 48265 0 70 48268 0 77 48271 0 51 48290 0 79 48302 0 77 48322 0 74 48322 0 75 48325 0 79 48362 0 90 48362 0 91 48362 0 92 48368 0 54 48375 0 52 48381 0 53 48396 0 51 48505 0 53 48543 0 54 48576 0 51 48594 0 52 48645 0 53 48657 0 54 48702 0 66 48704 0 67 48709 0 79 48710 0 65 48712 0 64 48719 0 78 48732 0 90 48732 0 91 48732 0 92 48733 0 79 48738 0 74 48738 0 75 48739 0 52 48743 0 
TIME iteration: 303 ms
Round:92
IR: 0, 0, 0, 0, 0
48760 0 79 48767 0 73 48768 0 72 48770 0 78 48778 0 53 48794 0 54 48794 0 79 48804 0 78 48862 0 51 48864 0 90 48864 0 91 48864 0 92 48874 0 52 48909 0 53 48946 0 54 49032 0 51 49053 0 52 49103 0 53 49143 0 54 49185 0 52 49234 0 51 49240 0 62 49241 0 63 49248 0 77 49271 0 90 49271 0 91 49271 0 92 49272 0 77 49287 0 
TIME iteration: 303 ms
Round:93
IR: 0, 0, 0, 0, 0
49299 0 77 49304 0 70 49305 0 71 49325 0 52 49333 0 77 49334 0 54 49391 0 51 49450 0 52 49460 0 53 49491 0 54 49530 0 52 49538 0 62 49538 0 63 49540 0 77 49549 0 53 49558 0 70 49558 0 71 49562 0 90 49562 0 91 49562 0 92 49563 0 77 49564 0 51 49589 0 77 49620 0 77 49629 0 52 49642 0 71 49644 0 70 49649 0 54 49663 0 53 49671 0 77 49765 0 52 49780 0 54 49784 0 62 49784 0 63 49787 0 77 49798 0 51 49804 0 70 49804 0 71 49807 0 90 49807 0 91 49807 0 92 49810 0 
TIME iteration: 303 ms
Round:94
IR: 0, 0, 0, 0, 0
49836 0 77 49868 0 77 49874 0 53 49884 0 71 49891 0 70 49907 0 52 49921 0 77 49933 0 51 49951 0 54 50066 0 53 50080 0 52 50088 0 51 50095 0 62 50096 0 63 50099 0 77 50119 0 70 50119 0 71 50120 0 90 50120 0 91 50120 0 92 50122 0 77 50128 0 54 50148 0 77 50180 0 77 50206 0 52 50235 0 77 50246 0 54 50254 0 53 50333 0 
TIME iteration: 302 ms
Round:95
IR: 0, 0, 0, 0, 0
50418 0 53 50428 0 52 50440 0 54 50568 0 54 50569 0 66 50569 0 67 50578 0 79 50584 0 52 50590 0 63 50592 0 62 50597 0 77 50597 0 90 50597 0 91 50597 0 92 50602 0 79 50616 0 53 50618 0 70 50619 0 71 50621 0 77 50629 0 79 50648 0 77 50651 0 74 50657 0 75 50664 0 79 50682 0 77 50683 0 54 50685 0 51 50721 0 90 50721 0 91 50721 0 92 50734 0 52 50758 0 77 50775 0 53 50822 0 
TIME iteration: 303 ms
Round:96
IR: 0, 0, 0, 0, 0
50927 0 52 50932 0 54 50950 0 53 50973 0 51 51116 0 54 51129 0 66 51129 0 67 51135 0 79 51142 0 52 51159 0 79 51159 0 90 51159 0 91 51159 0 92 51169 0 75 51170 0 74 51186 0 79 51199 0 51 51220 0 79 51244 0 54 51245 0 53 51368 0 54 51377 0 52 51409 0 
TIME iteration: 312 ms
Round:97
IR: 0, 0, 0, 0, 0
51451 0 53 51481 0 54 51483 0 66 51483 0 67 51487 0 79 51503 0 74 51503 0 75 51509 0 90 51509 0 91 51509 0 92 51511 0 79 51537 0 79 51558 0 52 51563 0 51 51570 0 79 51577 0 53 51586 0 75 51590 0 54 51592 0 74 51635 0 79 51693 0 54 51708 0 66 51709 0 67 51711 0 79 51726 0 74 51726 0 75 51730 0 51 51731 0 90 51731 0 91 51731 0 92 51734 0 79 51760 0 79 51767 0 53 51783 0 52 51792 0 79 51797 0 54 51797 0 75 51799 0 74 51847 0 79 51886 0 53 51890 0 52 51907 0 54 51912 0 51 51932 0 66 51934 0 67 51936 0 
TIME iteration: 303 ms
Round:98
IR: 0, 0, 0, 0, 0
51950 0 74 51950 0 75 51955 0 90 51955 0 91 51955 0 92 51959 0 79 51985 0 79 52017 0 79 52019 0 75 52021 0 74 52062 0 54 52072 0 79 52111 0 52 52122 0 53 52125 0 51 52210 0 54 52224 0 52 52228 0 66 52229 0 67 52232 0 79 52250 0 75 52251 0 74 52252 0 90 52252 0 91 52252 0 92 52255 0 79 52279 0 51 52281 0 79 52313 0 79 52345 0 52 52363 0 53 52369 0 79 52373 0 54 52445 0 51 52448 0 
TIME iteration: 303 ms
Round:99
IR: 0, 0, 0, 0, 0
52492 0 54 52536 0 53 52563 0 66 52567 0 67 52569 0 79 52580 0 74 52580 0 75 52590 0 90 52590 0 91 52590 0 92 52593 0 79 52616 0 52 52619 0 79 52637 0 51 52643 0 75 52646 0 74 52652 0 79 52676 0 53 52714 0 79 52766 0 54 52779 0 51 52789 0 52 52852 0 53 52927 0 54 52928 0 51 52934 0 52 52946 0 66 52946 0 67 52951 0 79 52961 0 61 52962 0 60 52970 0 76 52972 0 90 52972 0 91 52972 0 92 52973 0 74 52974 0 75 52975 0 79 52994 0 
TIME iteration: 303 ms
Round:100
IR: 0, 0, 0, 0, 0
53002 0 79 53015 0 54 53021 0 76 53035 0 79 53056 0 76 53057 0 68 53057 0 69 53092 0 51 53097 0 90 53097 0 91 53097 0 92 53110 0 79 53111 0 52 53141 0 54 53156 0 53 53247 0 51 53253 0 52 53289 0 54 53336 0 53 53362 0 51 53395 0 52 53424 0 61 53427 0 60 53430 0 76 53454 0 76 53455 0 90 53455 0 91 53455 0 92 53458 0 54 53459 0 69 53460 0 68 53473 0 53 53480 0 76 53513 0 52 53513 0 76 53528 0 
TIME iteration: 302 ms
Round:101
IR: 0, 0, 0, 0, 0
53574 0 76 53614 0 52 53626 0 54 53630 0 53 53668 0 51 53732 0 52 53747 0 53 53758 0 62 53758 0 63 53766 0 77 53783 0 90 53783 0 91 53783 0 92 53790 0 77 53814 0 51 53817 0 77 53841 0 52 53844 0 54 53844 0 70 53851 0 77 53856 0 71 53967 0 54 53973 0 53 53987 0 52 54004 0 51 54046 0 62 54048 0 63 54049 0 
TIME iteration: 302 ms
Round:102
IR: 0, 0, 0, 0, 0
54069 0 70 54069 0 71 54071 0 90 54071 0 91 54071 0 92 54072 0 77 54098 0 77 54109 0 54 54116 0 52 54129 0 77 54161 0 53 54180 0 77 54184 0 51 54247 0 54 54254 0 53 54256 0 52 54333 0 51 54394 0 53 54409 0 54 54412 0 64 54412 0 65 54420 0 78 54431 0 52 54437 0 90 54437 0 91 54437 0 92 54444 0 78 54456 0 51 54471 0 78 54505 0 72 54505 0 78 54509 0 73 54539 0 53 54583 0 
TIME iteration: 303 ms
Round:103
IR: 0, 0, 0, 0, 0
54590 0 51 54621 0 54 54686 0 52 54700 0 53 54733 0 64 54733 0 65 54736 0 78 54757 0 73 54757 0 90 54757 0 91 54757 0 92 54758 0 72 54759 0 78 54785 0 78 54795 0 54 54801 0 53 54817 0 78 54822 0 51 54838 0 52 54871 0 78 54920 0 54 54952 0 51 54962 0 53 55007 0 52 55072 0 51 55097 0 54 55097 0 60 55097 0 61 55105 0 76 55118 0 
TIME iteration: 303 ms
Round:104
IR: 0, 0, 0, 0, 0
55122 0 90 55122 0 91 55122 0 92 55129 0 76 55156 0 76 55178 0 69 55179 0 68 55190 0 76 55224 0 53 55280 0 52 55301 0 51 55352 0 54 55431 0 53 55461 0 52 55494 0 51 55524 0 60 55524 0 61 55528 0 76 55534 0 63 55538 0 53 55538 0 62 55539 0 54 55544 0 77 55551 0 64 55551 0 65 55551 0 76 55551 0 90 55551 0 91 55551 0 92 55555 0 68 55555 0 69 55558 0 78 55564 0 52 55568 0 77 55577 0 76 55582 0 78 55595 0 77 55599 0 72 55599 0 73 55609 0 76 55609 0 78 55612 0 70 55612 0 71 55627 0 51 55629 0 77 55643 0 
TIME iteration: 303 ms
Round:105
IR: 0, 0, 0, 0, 0
55660 0 54 55665 0 76 55665 0 90 55665 0 91 55665 0 92 55668 0 52 55674 0 53 55753 0 51 55778 0 54 55782 0 53 55783 0 52 55891 0 54 55905 0 53 55936 0 52 55943 0 51 55996 0 65 55999 0 54 56001 0 64 56003 0 78 56004 0 66 56004 0 67 56013 0 79 56026 0 90 56026 0 91 56026 0 92 56027 0 73 56027 0 78 56028 0 72 56037 0 79 56049 0 51 56053 0 78 56063 0 53 56064 0 79 56086 0 78 56099 0 75 56099 0 79 56100 0 74 56102 0 54 56147 0 78 56157 0 90 56157 0 91 56157 0 
TIME iteration: 303 ms
Round:106
IR: 0, 0, 0, 0, 0
56186 0 53 56190 0 52 56236 0 54 56238 0 51 56272 0 53 56338 0 51 56365 0 54 56417 0 53 56431 0 51 56451 0 52 56454 0 60 56454 0 61 56462 0 76 56482 0 64 56483 0 90 56483 0 91 56483 0 92 56486 0 76 56494 0 78 56496 0 54 56511 0 69 56512 0 68 56513 0 76 56524 0 78 56547 0 76 56569 0 78 56607 0 53 56619 0 54 56624 0 90 56624 0 91 56624 0 92 56626 0 51 56708 0 
TIME iteration: 302 ms
Round:107
IR: 0, 0, 0, 0, 0
56751 0 54 56839 0 51 56841 0 53 56857 0 52 56939 0 53 56968 0 52 56987 0 62 56988 0 63 56996 0 77 57006 0 65 57007 0 64 57013 0 78 57018 0 90 57018 0 91 57018 0 92 57020 0 77 57022 0 51 57037 0 78 57041 0 72 57041 0 73 57047 0 77 57064 0 78 57065 0 71 57068 0 54 57068 0 70 57082 0 77 57088 0 53 57089 0 52 57098 0 78 57145 0 90 57145 0 91 57145 0 92 57179 0 78 57205 0 52 57218 0 51 57236 0 
TIME iteration: 302 ms
Round:108
IR: 0, 0, 0, 0, 0
57294 0 53 57318 0 51 57319 0 52 57382 0 54 57426 0 52 57448 0 63 57449 0 62 57453 0 77 57461 0 51 57477 0 54 57477 0 77 57477 0 90 57477 0 91 57477 0 92 57478 0 53 57481 0 71 57482 0 70 57503 0 77 57536 0 77 57572 0 51 57580 0 52 57587 0 53 57588 0 54 57597 0 77 57703 0 54 57716 0 53 57769 0 
TIME iteration: 302 ms
Round:109
IR: 0, 0, 0, 0, 0
57809 0 51 57838 0 54 57840 0 66 57841 0 67 57849 0 79 57867 0 90 57867 0 91 57867 0 92 57873 0 79 57885 0 53 57900 0 79 57926 0 75 57928 0 74 57935 0 79 58022 0 53 58036 0 51 58082 0 54 58208 0 53 58236 0 52 58250 0 54 58265 0 65 58269 0 64 58270 0 66 58270 0 67 58275 0 78 58275 0 79 58292 0 90 58292 0 91 58292 0 92 58297 0 51 58299 0 78 58299 0 
TIME iteration: 303 ms
Round:110
IR: 0, 0, 0, 0, 0
58301 0 75 58302 0 74 58326 0 78 58326 0 79 58327 0 53 58338 0 73 58339 0 72 58359 0 79 58360 0 78 58422 0 90 58422 0 91 58422 0 92 58428 0 51 58430 0 79 58449 0 54 58451 0 52 58554 0 53 58563 0 54 58599 0 52 58649 0 51 58698 0 54 58715 0 53 58754 0 67 58757 0 66 58762 0 79 58784 0 75 58785 0 74 58785 0 90 58785 0 91 58785 0 92 58786 0 79 58813 0 
TIME iteration: 303 ms
Round:111
IR: 0, 0, 0, 0, 0
58840 0 52 58843 0 51 58847 0 79 58883 0 53 58931 0 54 58961 0 51 58972 0 52 59027 0 53 59065 0 54 59081 0 51 59111 0 60 59111 0 61 59119 0 76 59133 0 66 59134 0 67 59137 0 90 59137 0 91 59137 0 92 59138 0 79 59143 0 76 59153 0 74 59153 0 75 59162 0 79 59164 0 53 59170 0 76 59174 0 52 59188 0 79 59199 0 69 59204 0 76 59207 0 68 59221 0 51 59221 0 79 59229 0 74 59235 0 75 59260 0 90 59260 0 91 59260 0 92 59266 0 54 59289 0 79 59356 0 52 59356 0 
TIME iteration: 303 ms
Round:112
IR: 0, 0, 0, 0, 0
59384 0 54 59451 0 51 59459 0 52 59478 0 54 59537 0 67 59540 0 66 59544 0 79 59567 0 90 59567 0 91 59567 0 92 59568 0 79 59569 0 74 59569 0 75 59587 0 52 59592 0 53 59595 0 79 59600 0 51 59629 0 79 59634 0 54 59715 0 53 59742 0 51 59749 0 52 59786 0 54 59839 0 
TIME iteration: 301 ms
Round:113
IR: 0, 0, 0, 0, 0
59891 0 64 59896 0 65 59902 0 78 59919 0 90 59919 0 91 59919 0 92 59925 0 51 59926 0 78 59927 0 52 59932 0 54 59935 0 53 59953 0 78 59976 0 72 59976 0 73 59988 0 78 60043 0 54 60098 0 51 60115 0 52 60121 0 53 60193 0 54 60268 0 67 60269 0 53 60275 0 66 60279 0 64 60279 0 65 60279 0 79 60283 0 78 60288 0 52 60291 0 51 60297 0 90 60297 0 91 60297 0 92 60303 0 79 60306 0 78 60308 0 72 60308 0 73 60316 0 75 60317 0 74 60330 0 79 60332 0 78 60364 0 78 60364 0 
TIME iteration: 303 ms
Round:114
IR: 0, 0, 0, 0, 0
60420 0 78 60425 0 90 60425 0 91 60425 0 92 60439 0 54 60441 0 51 60471 0 53 60474 0 52 60568 0 51 60621 0 54 60627 0 53 60666 0 52 60711 0 51 60744 0 54 60775 0 53 60784 0 60 60786 0 61 60793 0 76 60794 0 66 60794 0 67 60800 0 79 60808 0 65 60810 0 64 60815 0 78 60815 0 90 60815 0 91 60815 0 92 60817 0 76 60818 0 52 60824 0 79 60826 0 75 60827 0 74 60839 0 78 60840 0 72 60840 0 73 60844 0 76 60849 0 51 60851 0 79 60866 0 78 60870 0 68 60871 0 69 60878 0 54 60878 0 76 60885 0 79 60900 0 78 60930 0 90 60930 0 91 60930 0 92 60936 0 52 60946 0 
TIME iteration: 303 ms
Round:115
IR: 0, 0, 0, 0, 0
60976 0 78 61025 0 52 61053 0 54 61057 0 51 61108 0 52 61112 0 53 61234 0 54 61242 0 51 61254 0 52 61258 0 53 61262 0 62 61262 0 63 61270 0 77 61290 0 90 61290 0 91 61290 0 92 61294 0 77 61321 0 77 61352 0 54 61355 0 71 61355 0 77 61360 0 70 61416 0 51 61473 0 
TIME iteration: 302 ms
Round:116
IR: 0, 0, 0, 0, 0
61503 0 54 61517 0 53 61621 0 52 61640 0 63 61641 0 62 61644 0 77 61657 0 54 61666 0 90 61666 0 91 61666 0 92 61667 0 77 61669 0 70 61669 0 71 61670 0 51 61693 0 77 61707 0 53 61715 0 52 61725 0 77 61780 0 77 61806 0 54 61816 0 52 61857 0 53 61912 0 
TIME iteration: 304 ms
Round:117
IR: 0, 0, 0, 0, 0
62015 0 52 62035 0 54 62036 0 63 62037 0 62 62041 0 77 62058 0 70 62058 0 71 62063 0 90 62063 0 91 62063 0 92 62065 0 77 62077 0 51 62088 0 53 62091 0 77 62124 0 77 62147 0 52 62165 0 71 62177 0 54 62185 0 77 62190 0 51 62263 0 52 62288 0 51 62303 0 62 62303 0 63 62304 0 53 62306 0 77 62312 0 70 62324 0 71 62326 0 90 62326 0 91 62326 0 92 62327 0 54 62329 0 77 62355 0 77 62366 0 70 62387 0 77 62407 0 71 62440 0 51 62441 0 77 62450 0 52 62482 0 53 62512 0 54 62532 0 
TIME iteration: 306 ms
Round:118
IR: 0, 0, 0, 0, 0
62632 0 54 62659 0 51 62665 0 61 62666 0 60 62674 0 76 62689 0 67 62690 0 66 62691 0 90 62691 0 91 62691 0 92 62698 0 76 62698 0 79 62708 0 52 62715 0 53 62722 0 79 62725 0 76 62749 0 79 62751 0 69 62759 0 68 62760 0 76 62775 0 74 62780 0 75 62784 0 79 62813 0 90 62813 0 91 62813 0 92 62817 0 54 62824 0 51 62873 0 53 62924 0 52 62948 0 51 62976 0 54 62985 0 53 63032 0 
TIME iteration: 303 ms
Round:119
IR: 0, 0, 0, 0, 0
63090 0 53 63119 0 51 63121 0 64 63121 0 65 63129 0 78 63136 0 54 63147 0 52 63150 0 90 63150 0 91 63150 0 92 63153 0 78 63180 0 78 63214 0 72 63214 0 78 63225 0 73 63242 0 53 63268 0 54 63296 0 51 63321 0 52 63345 0 53 63382 0 64 63382 0 65 63384 0 78 63402 0 72 63403 0 73 63406 0 90 63406 0 91 63406 0 92 63407 0 78 63427 0 54 63431 0 51 63433 0 78 63464 0 78 63486 0 72 63491 0 73 63510 0 52 63515 0 78 63523 0 53 63578 0 
TIME iteration: 303 ms
Round:120
IR: 0, 0, 0, 0, 0
63614 0 51 63636 0 52 63670 0 53 63682 0 65 63683 0 64 63686 0 78 63705 0 73 63706 0 72 63706 0 90 63706 0 91 63706 0 92 63709 0 78 63735 0 78 63738 0 52 63756 0 54 63767 0 78 63794 0 51 63822 0 78 63861 0 53 63904 0 54 63910 0 51 63958 0 52 63988 0 53 64031 0 54 64037 0 64 64037 0 65 64041 0 78 64053 0 72 64053 0 73 64061 0 67 64062 0 66 64062 0 90 64062 0 91 64062 0 92 64064 0 78 64070 0 79 64090 0 78 64094 0 79 64096 0 52 64109 0 53 64118 0 73 64121 0 72 64121 0 79 64122 0 
TIME iteration: 302 ms
Round:121
IR: 0, 0, 0, 0, 0
64141 0 74 64141 0 75 64156 0 79 64178 0 78 64181 0 51 64182 0 54 64183 0 90 64183 0 91 64183 0 92 64239 0 53 64301 0 54 64359 0 51 64376 0 52 64457 0 54 64496 0 53 64541 0 51 64566 0 52 64621 0 60 64632 0 61 64635 0 76 64647 0 54 64653 0 66 64653 0 67 64658 0 90 64658 0 91 64658 0 92 64659 0 
TIME iteration: 302 ms
Round:122
IR: 0, 0, 0, 0, 0
64660 0 79 64676 0 53 64684 0 79 64686 0 76 64695 0 75 64696 0 74 64710 0 51 64711 0 79 64716 0 69 64719 0 68 64720 0 76 64735 0 52 64745 0 79 64747 0 54 64783 0 90 64783 0 91 64783 0 92 64840 0 54 64875 0 51 64884 0 52 64905 0 53 64973 0 54 65069 0 52 65102 0 54 65109 0 51 65124 0 66 65125 0 67 65130 0 79 65154 0 75 65154 0 79 65154 0 90 65154 0 91 65154 0 92 65155 0 74 65164 0 53 65181 0 
TIME iteration: 302 ms
Round:123
IR: 0, 0, 0, 0, 0
65198 0 52 65214 0 54 65214 0 79 65236 0 51 65283 0 53 65285 0 79 65315 0 54 65351 0 52 65374 0 53 65406 0 51 65455 0 64 65456 0 65 65460 0 54 65464 0 78 65473 0 66 65473 0 67 65478 0 79 65481 0 90 65481 0 91 65481 0 92 65488 0 78 65491 0 74 65491 0 75 65502 0 79 65515 0 78 65529 0 79 65533 0 52 65535 0 73 65536 0 53 65537 0 72 65548 0 51 65550 0 78 65562 0 79 65565 0 75 65567 0 74 65572 0 54 65605 0 90 65605 0 91 65605 0 92 65639 0 79 65664 0 54 65670 0 51 65718 0 
TIME iteration: 302 ms
Round:124
IR: 0, 0, 0, 0, 0
65742 0 52 65809 0 51 65840 0 54 65932 0 52 65940 0 53 65967 0 54 65973 0 51 65981 0 66 65982 0 67 65988 0 79 65998 0 60 65999 0 61 66007 0 76 66011 0 90 66011 0 91 66011 0 92 66012 0 79 66017 0 74 66017 0 75 66031 0 76 66039 0 79 66058 0 76 66073 0 69 66073 0 79 66075 0 68 66078 0 51 66093 0 76 66121 0 52 66121 0 54 66138 0 90 66138 0 91 66138 0 92 66147 0 53 66164 0 51 66221 0 
TIME iteration: 302 ms
Round:125
IR: 0, 0, 0, 0, 0
66250 0 51 66303 0 53 66338 0 54 66379 0 51 66401 0 52 66434 0 61 66435 0 60 66439 0 76 66463 0 76 66463 0 90 66463 0 91 66463 0 92 66466 0 68 66467 0 69 66489 0 76 66498 0 53 66522 0 76 66571 0 51 66576 0 52 66582 0 54 66583 0 76 66611 0 53 66677 0 52 66686 0 54 66700 0 51 66756 0 
TIME iteration: 301 ms
Round:126
IR: 0, 0, 0, 0, 0
66780 0 52 66789 0 63 66790 0 62 66798 0 77 66800 0 54 66803 0 65 66805 0 64 66810 0 66 66810 0 67 66812 0 78 66815 0 90 66815 0 91 66815 0 92 66818 0 79 66822 0 77 66836 0 78 66842 0 79 66849 0 77 66858 0 75 66861 0 74 66863 0 78 66869 0 79 66870 0 51 66876 0 72 66883 0 73 66884 0 77 66885 0 52 66886 0 70 66897 0 71 66897 0 78 66903 0 79 66929 0 90 66929 0 91 66929 0 92 66963 0 54 66970 0 53 67016 0 51 67027 0 52 67127 0 54 67163 0 52 67167 0 53 67194 0 51 67255 0 54 67291 0 66 67291 0 67 67297 0 79 67309 0 
TIME iteration: 302 ms
Round:127
IR: 0, 0, 0, 0, 0
67320 0 90 67320 0 91 67320 0 92 67321 0 79 67322 0 52 67322 0 75 67323 0 74 67346 0 53 67348 0 79 67382 0 79 67390 0 54 67418 0 51 67474 0 52 67482 0 53 67526 0 54 67596 0 51 67630 0 53 67678 0 64 67678 0 65 67679 0 52 67685 0 78 67692 0 54 67703 0 66 67703 0 67 67704 0 90 67704 0 91 67704 0 92 67708 0 79 67709 0 78 67725 0 75 67727 0 74 67732 0 79 67734 0 72 67735 0 73 67736 0 78 67759 0 79 67765 0 51 67770 0 78 67792 0 79 67801 0 53 67826 0 90 67826 0 91 67826 0 92 67834 0 
TIME iteration: 302 ms
Round:128
IR: 0, 0, 0, 0, 0
67863 0 79 67904 0 51 67940 0 52 67974 0 54 67983 0 53 68031 0 51 68113 0 53 68115 0 52 68127 0 54 68157 0 51 68177 0 60 68177 0 61 68185 0 76 68199 0 67 68203 0 66 68206 0 90 68206 0 91 68206 0 92 68207 0 79 68209 0 76 68229 0 74 68229 0 75 68231 0 79 68236 0 76 68251 0 53 68255 0 68 68258 0 79 68260 0 69 68270 0 76 68290 0 51 68292 0 79 68330 0 90 68330 0 91 68330 0 92 68343 0 53 68356 0 52 68365 0 
TIME iteration: 303 ms
Round:129
IR: 0, 0, 0, 0, 0
68391 0 51 68494 0 51 68500 0 54 68574 0 53 68609 0 52 68638 0 54 68648 0 51 68672 0 61 68673 0 60 68678 0 76 68681 0 66 68682 0 67 68687 0 79 68702 0 76 68702 0 90 68702 0 91 68702 0 92 68708 0 68 68708 0 69 68709 0 75 68710 0 74 68711 0 79 68729 0 76 68738 0 79 68758 0 53 68762 0 76 68772 0 79 68802 0 52 68806 0 51 68829 0 76 68831 0 54 68833 0 90 68833 0 91 68833 0 
TIME iteration: 302 ms
Round:130
IR: 0, 0, 0, 0, 0
68954 0 54 68970 0 53 68987 0 52 69038 0 51 69099 0 54 69112 0 53 69200 0 52 69249 0 53 69257 0 65 69258 0 64 69266 0 78 69288 0 90 69288 0 91 69288 0 92 69290 0 78 69296 0 51 69317 0 78 69334 0 72 69339 0 73 69341 0 52 69344 0 54 69352 0 
TIME iteration: 312 ms
Round:131
IR: 0, 0, 0, 0, 0
69460 0 53 69473 0 52 69494 0 51 69562 0 53 69587 0 65 69588 0 64 69590 0 78 69594 0 54 69611 0 72 69612 0 73 69613 0 78 69613 0 90 69613 0 91 69613 0 92 69637 0 52 69639 0 78 69671 0 78 69724 0 78 69725 0 51 69734 0 53 69760 0 54 69786 0 52 69845 0 51 69912 0 53 69923 0 54 69946 0 51 69957 0 61 69958 0 
TIME iteration: 302 ms
Round:132
IR: 0, 0, 0, 0, 0
69966 0 76 69983 0 90 69983 0 91 69983 0 92 69990 0 76 70017 0 76 70026 0 69 70028 0 68 70052 0 76 70056 0 52 70080 0 51 70096 0 54 70106 0 53 70212 0 51 70218 0 52 70234 0 54 70257 0 60 70257 0 61 70259 0 76 70278 0 68 70278 0 69 70281 0 90 70281 0 91 70281 0 92 70282 0 76 70308 0 76 70316 0 53 70339 0 76 70343 0 51 70365 0 52 70369 0 68 70390 0 76 70395 0 54 70457 0 
TIME iteration: 302 ms
Round:133
IR: 0, 0, 0, 0, 0
70502 0 52 70503 0 53 70523 0 61 70524 0 60 70526 0 76 70533 0 69 70545 0 68 70547 0 90 70547 0 91 70547 0 92 70549 0 76 70574 0 51 70575 0 76 70589 0 69 70607 0 76 70611 0 54 70618 0 52 70650 0 53 70660 0 76 70686 0 51 70746 0 52 70776 0 54 70821 0 51 70836 0 61 70837 0 60 70840 0 76 70850 0 68 70858 0 69 70859 0 53 70861 0 90 70861 0 91 70861 0 92 70863 0 76 70883 0 52 70889 0 76 70910 0 68 70921 0 76 70976 0 76 70987 0 
TIME iteration: 302 ms
Round:134
IR: 0, 0, 0, 0, 0
71055 0 53 71135 0 54 71169 0 52 71169 0 53 71179 0 51 71225 0 65 71230 0 64 71236 0 78 71254 0 90 71254 0 91 71254 0 92 71260 0 78 71264 0 54 71287 0 78 71290 0 53 71311 0 72 71312 0 73 71322 0 78 71391 0 52 71394 0 51 71419 0 54 71444 0 53 71529 0 54 71542 0 
TIME iteration: 302 ms
Round:135
IR: 0, 0, 0, 0, 0
71571 0 53 71576 0 64 71577 0 65 71580 0 78 71582 0 66 71583 0 67 71591 0 79 71602 0 73 71602 0 90 71602 0 91 71602 0 92 71603 0 72 71603 0 78 71606 0 52 71615 0 79 71629 0 78 71642 0 79 71655 0 54 71661 0 78 71673 0 75 71674 0 74 71677 0 79 71706 0 53 71716 0 78 71731 0 90 71731 0 91 71731 0 92 71746 0 51 71806 0 53 71807 0 52 71815 0 54 71869 0 51 71934 0 53 71989 0 51 71992 0 54 72008 0 52 72068 0 61 72072 0 60 72078 0 
TIME iteration: 303 ms
Round:136
IR: 0, 0, 0, 0, 0
72098 0 52 72099 0 90 72099 0 91 72099 0 92 72102 0 76 72129 0 76 72136 0 53 72136 0 54 72140 0 68 72141 0 69 72163 0 76 72202 0 51 72211 0 52 72289 0 53 72293 0 54 72337 0 52 72343 0 51 72390 0 53 72400 0 61 72401 0 60 72403 0 76 72424 0 68 72425 0 69 72425 0 90 72425 0 91 72425 0 92 72426 0 76 72448 0 54 72452 0 76 72484 0 76 72486 0 52 72495 0 51 72533 0 53 72537 0 76 72587 0 54 72598 0 
TIME iteration: 303 ms
Round:137
IR: 0, 0, 0, 0, 0
72643 0 51 72687 0 53 72709 0 52 72733 0 62 72734 0 63 72742 0 77 72758 0 90 72758 0 91 72758 0 92 72766 0 77 72779 0 54 72793 0 77 72802 0 52 72814 0 51 72828 0 77 72829 0 71 72830 0 70 72848 0 53 72882 0 54 72901 0 52 72977 0 53 72992 0 62 72994 0 63 72995 0 77 72998 0 51 73005 0 54 73012 0 71 73013 0 70 73015 0 52 73016 0 90 73016 0 91 73016 0 92 73018 0 77 73044 0 77 73075 0 77 73087 0 71 73092 0 70 73123 0 54 73126 0 53 73126 0 
TIME iteration: 303 ms
Round:138
IR: 0, 0, 0, 0, 0
73140 0 51 73195 0 52 73277 0 51 73336 0 53 73433 0 52 73445 0 63 73446 0 51 73446 0 62 73451 0 77 73453 0 60 73453 0 61 73457 0 54 73461 0 76 73473 0 90 73473 0 91 73473 0 92 73475 0 77 73479 0 70 73480 0 71 73485 0 76 73502 0 77 73512 0 76 73513 0 68 73514 0 69 73532 0 53 73534 0 52 73535 0 77 73546 0 76 73552 0 51 73602 0 77 73603 0 90 73603 0 91 73603 0 92 73657 0 52 73662 0 54 73667 0 
TIME iteration: 303 ms
Round:139
IR: 0, 0, 0, 0, 0
73679 0 53 73770 0 51 73781 0 52 73806 0 54 73841 0 53 73912 0 51 73915 0 54 73935 0 61 73936 0 60 73941 0 76 73944 0 66 73944 0 67 73953 0 79 73960 0 52 73965 0 76 73965 0 90 73965 0 91 73965 0 92 73968 0 68 73969 0 69 73977 0 79 73992 0 76 73997 0 54 74004 0 79 74007 0 53 74025 0 76 74034 0 75 74036 0 74 74039 0 79 74087 0 51 74092 0 76 74096 0 54 74097 0 90 74097 0 91 74097 0 92 74109 0 52 74145 0 
TIME iteration: 303 ms
Round:140
IR: 0, 0, 0, 0, 0
74216 0 54 74229 0 52 74295 0 51 74376 0 53 74382 0 52 74445 0 54 74468 0 51 74482 0 62 74498 0 53 74499 0 77 74525 0 65 74525 0 90 74525 0 91 74525 0 92 74531 0 77 74543 0 78 74560 0 52 74575 0 78 74584 0 77 74601 0 54 74620 0 53 74624 0 51 74630 0 78 74700 0 53 74721 0 
TIME iteration: 303 ms
Round:141
IR: 0, 0, 0, 0, 0
74736 0 51 74792 0 53 74800 0 65 74803 0 64 74805 0 78 74825 0 90 74825 0 91 74825 0 92 74828 0 78 74833 0 72 74835 0 73 74854 0 78 74856 0 52 74880 0 51 74886 0 78 74922 0 54 74924 0 53 74941 0 78 75033 0 51 75045 0 53 75058 0 52 75089 0 54 75115 0 65 75118 0 64 75120 0 78 75132 0 73 75133 0 72 75141 0 90 75141 0 91 75141 0 92 75143 0 78 75169 0 78 75188 0 53 75194 0 52 75197 0 73 75201 0 78 75204 0 72 75256 0 
TIME iteration: 303 ms
Round:142
IR: 0, 0, 0, 0, 0
75315 0 52 75334 0 51 75335 0 54 75420 0 53 75460 0 52 75481 0 64 75485 0 65 75488 0 78 75490 0 62 75490 0 63 75498 0 77 75508 0 90 75508 0 91 75508 0 92 75509 0 73 75511 0 72 75512 0 78 75513 0 54 75522 0 77 75538 0 78 75549 0 77 75557 0 71 75561 0 70 75562 0 51 75571 0 78 75583 0 77 75618 0 52 75633 0 78 75636 0 90 75636 0 91 75636 0 92 75647 0 54 75703 0 51 75716 0 
TIME iteration: 303 ms
Round:143
IR: 0, 0, 0, 0, 0
75820 0 52 75867 0 53 75880 0 51 75918 0 54 75960 0 52 75994 0 53 76015 0 64 76015 0 65 76021 0 78 76030 0 62 76035 0 63 76038 0 77 76043 0 54 76045 0 72 76045 0 78 76045 0 90 76045 0 91 76045 0 92 76046 0 73 76062 0 77 76071 0 71 76072 0 70 76072 0 78 76089 0 77 76092 0 51 76092 0 52 76106 0 78 76122 0 77 76129 0 53 76147 0 54 76173 0 90 76173 0 91 76173 0 92 76182 0 78 76189 0 77 76251 0 52 76253 0 51 76261 0 53 76281 0 
TIME iteration: 303 ms
Round:144
IR: 0, 0, 0, 0, 0
76378 0 51 76408 0 53 76417 0 54 76438 0 52 76533 0 54 76541 0 66 76541 0 67 76550 0 79 76568 0 51 76571 0 90 76571 0 91 76571 0 92 76574 0 79 76601 0 79 76633 0 75 76636 0 54 76636 0 79 76637 0 74 76655 0 53 76664 0 52 76788 0 54 76827 0 51 76839 0 66 76841 0 53 76842 0 67 76843 0 
TIME iteration: 305 ms
Round:145
IR: 0, 0, 0, 0, 0
76863 0 75 76864 0 74 76865 0 90 76865 0 91 76865 0 92 76866 0 79 76885 0 52 76892 0 79 76924 0 79 76943 0 54 76980 0 79 77030 0 52 77060 0 53 77087 0 51 77097 0 54 77134 0 52 77186 0 63 77187 0 62 77195 0 77 77196 0 53 77211 0 90 77211 0 91 77211 0 92 77219 0 77 77246 0 77 77252 0 51 77253 0 70 77253 0 71 77281 0 77 77329 0 54 77353 0 53 77356 0 
TIME iteration: 306 ms
Round:146
IR: 0, 0, 0, 0, 0
77384 0 52 77487 0 54 77535 0 52 77560 0 53 77570 0 62 77570 0 63 77574 0 77 77595 0 51 77596 0 90 77596 0 91 77596 0 92 77597 0 70 77597 0 71 77597 0 77 77623 0 77 77627 0 54 77655 0 77 77678 0 53 77682 0 52 77711 0 77 77716 0 51 77822 0 52 77837 0 54 77849 0 
TIME iteration: 305 ms
Round:147
IR: 0, 0, 0, 0, 0
77974 0 51 77976 0 60 77977 0 61 77985 0 76 77995 0 54 78003 0 90 78003 0 91 78003 0 92 78009 0 76 78036 0 76 78054 0 52 78058 0 53 78060 0 51 78068 0 68 78069 0 69 78071 0 76 78133 0 54 78167 0 52 78205 0 53 78222 0 51 78266 0 54 78277 0 60 78278 0 61 78280 0 76 78300 0 69 78301 0 68 78302 0 90 78302 0 91 78302 0 92 78303 0 76 78311 0 52 78329 0 76 78338 0 53 78361 0 76 78381 0 51 78414 0 76 78426 0 
TIME iteration: 316 ms
Round:148
IR: 0, 0, 0, 0, 0
78451 0 52 78504 0 53 78544 0 51 78556 0 54 78587 0 52 78652 0 62 78656 0 63 78657 0 51 78662 0 77 78664 0 60 78664 0 61 78669 0 53 78669 0 76 78680 0 90 78680 0 91 78680 0 92 78683 0 68 78684 0 69 78686 0 77 78688 0 54 78693 0 76 78713 0 77 78715 0 71 78716 0 70 78720 0 76 78747 0 77 78749 0 52 78753 0 76 78762 0 68 78769 0 69 78789 0 53 78808 0 90 78808 0 91 78808 0 92 78812 0 54 78819 0 76 78821 0 51 78919 0 53 78953 0 52 78962 0 
TIME iteration: 301 ms
Round:149
IR: 0, 0, 0, 0, 0
79066 0 51 79106 0 52 79107 0 53 79176 0 54 79216 0 53 79223 0 64 79223 0 65 79231 0 78 79237 0 51 79254 0 90 79254 0 91 79254 0 92 79255 0 78 79282 0 78 79310 0 73 79316 0 78 79318 0 72 79327 0 54 79402 0 52 79437 0 53 79455 0 
TIME iteration: 302 ms
Round:150
IR: 0, 0, 0, 0, 0
79504 0 54 79555 0 53 79560 0 52 79575 0 64 79575 0 65 79578 0 78 79582 0 51 79601 0 73 79601 0 78 79601 0 90 79601 0 91 79601 0 92 79603 0 72 79626 0 54 79627 0 78 79659 0 78 79713 0 78 79732 0 54 79758 0 53 79760 0 51 79775 0 52 79866 0 54 79919 0 66 79922 0 67 79928 0 51 79930 0 79 79946 0 90 79946 0 91 79946 0 92 79954 0 79 79955 0 52 79981 0 79 79988 0 54 80005 0 53 80016 0 74 80016 0 79 80018 0 
TIME iteration: 302 ms
Round:151
IR: 0, 0, 0, 0, 0
80057 0 51 80092 0 52 80127 0 53 80208 0 51 80226 0 54 80240 0 52 80297 0 53 80310 0 62 80312 0 63 80319 0 77 80329 0 65 80330 0 64 80337 0 78 80337 0 90 80337 0 91 80337 0 92 80342 0 51 80343 0 77 80361 0 78 80366 0 52 80370 0 77 80374 0 73 80375 0 72 80387 0 71 80388 0 78 80397 0 70 80404 0 77 80422 0 78 80426 0 53 80461 0 90 80461 0 91 80461 0 92 80462 0 54 80492 0 51 80537 0 53 80539 0 
TIME iteration: 302 ms
Round:152
IR: 0, 0, 0, 0, 0
80616 0 54 80650 0 51 80678 0 53 80691 0 52 80767 0 54 80827 0 52 80845 0 62 80845 0 63 80851 0 77 80863 0 53 80872 0 66 80875 0 77 80875 0 90 80875 0 91 80875 0 92 80882 0 71 80883 0 70 80885 0 51 80890 0 79 80898 0 54 80902 0 77 80922 0 79 80936 0 77 80973 0 53 80980 0 79 81012 0 77 81013 0 52 81019 0 90 81019 0 91 81019 0 92 81052 0 
TIME iteration: 302 ms
Round:153
IR: 0, 0, 0, 0, 0
81091 0 51 81109 0 53 81162 0 52 81198 0 54 81252 0 51 81260 0 53 81321 0 52 81394 0 54 81403 0 53 81417 0 64 81418 0 65 81425 0 78 81444 0 66 81446 0 67 81448 0 90 81448 0 91 81448 0 92 81449 0 78 81452 0 79 81473 0 51 81476 0 78 81476 0 79 81482 0 73 81486 0 52 81487 0 72 81492 0 74 81492 0 75 81503 0 79 81510 0 78 81537 0 79 81552 0 53 81569 0 54 81572 0 90 81572 0 91 81572 0 
TIME iteration: 301 ms
Round:154
IR: 0, 0, 0, 0, 0
81628 0 52 81639 0 51 81678 0 53 81742 0 51 81772 0 52 81779 0 54 81855 0 51 81855 0 53 81883 0 61 81884 0 60 81892 0 76 81912 0 90 81912 0 91 81912 0 92 81916 0 76 81937 0 54 81943 0 76 81944 0 52 81976 0 69 81978 0 76 81981 0 68 81990 0 51 82001 0 53 82063 0 
TIME iteration: 298 ms
Round:155
IR: 0, 0, 0, 0, 0
82175 0 53 82205 0 51 82206 0 52 82235 0 54 82258 0 60 82261 0 61 82263 0 76 82285 0 90 82285 0 91 82285 0 92 82286 0 76 82288 0 69 82289 0 68 82312 0 76 82344 0 76 82348 0 52 82364 0 51 82399 0 76 82435 0 54 82457 0 52 82493 0 53 82553 0 51 82584 0 52 82609 0 62 82610 0 63 82618 0 77 82630 0 54 82635 0 90 82635 0 91 82635 0 92 82642 0 77 82669 0 77 82677 0 
TIME iteration: 298 ms
Round:156
IR: 0, 0, 0, 0, 0
82693 0 71 82695 0 70 82696 0 53 82704 0 77 82739 0 52 82795 0 51 82810 0 54 82884 0 51 82889 0 52 82901 0 53 82918 0 61 82919 0 60 82925 0 76 82928 0 62 82928 0 63 82931 0 77 82938 0 54 82943 0 90 82943 0 91 82943 0 92 82949 0 76 82951 0 70 82952 0 71 82954 0 77 82959 0 68 82959 0 69 82976 0 76 82980 0 77 83010 0 76 83012 0 77 83026 0 51 83032 0 52 83066 0 77 83070 0 90 83070 0 91 83070 0 92 83071 0 53 83091 0 76 83147 0 54 83169 0 
TIME iteration: 298 ms
Round:157
IR: 0, 0, 0, 0, 0
83220 0 52 83238 0 53 83288 0 54 83294 0 51 83355 0 52 83400 0 54 83422 0 67 83423 0 66 83425 0 53 83431 0 79 83452 0 90 83452 0 91 83452 0 92 83455 0 79 83464 0 51 83482 0 79 83511 0 74 83514 0 52 83516 0 75 83517 0 79 83555 0 53 83600 0 51 83621 0 52 83654 0 54 83700 0 
TIME iteration: 298 ms
Round:158
IR: 0, 0, 0, 0, 0
83754 0 51 83808 0 52 83815 0 61 83817 0 60 83824 0 76 83832 0 54 83839 0 63 83840 0 62 83842 0 90 83842 0 91 83842 0 92 83847 0 77 83848 0 76 83852 0 53 83865 0 51 83870 0 69 83871 0 77 83872 0 68 83875 0 76 83892 0 70 83892 0 71 83898 0 77 83909 0 76 83932 0 77 83964 0 90 83964 0 91 83964 0 92 83979 0 51 83983 0 54 84011 0 53 84034 0 52 84095 0 51 84132 0 54 84231 0 53 84258 0 51 84263 0 
TIME iteration: 298 ms
Round:159
IR: 0, 0, 0, 0, 0
84306 0 54 84330 0 61 84332 0 60 84336 0 76 84360 0 76 84361 0 90 84361 0 91 84361 0 92 84365 0 69 84367 0 68 84380 0 51 84387 0 76 84420 0 76 84427 0 52 84447 0 54 84454 0 53 84486 0 76 84531 0 51 84590 0 53 84594 0 52 84638 0 54 84652 0 51 84678 0 60 84678 0 61 84682 0 76 84697 0 68 84697 0 69 84703 0 90 84703 0 91 84703 0 92 84705 0 76 84731 0 76 84747 0 53 84763 0 76 84775 0 52 84775 0 68 84775 0 
TIME iteration: 299 ms
Round:160
IR: 0, 0, 0, 0, 0
84803 0 54 84808 0 51 84819 0 76 84885 0 53 84956 0 54 84985 0 52 85019 0 53 85052 0 64 85052 0 65 85060 0 51 85060 0 78 85078 0 90 85078 0 91 85078 0 92 85084 0 78 85111 0 78 85145 0 72 85145 0 78 85150 0 73 85154 0 52 85158 0 53 85164 0 54 85247 0 51 85265 0 52 85323 0 
TIME iteration: 298 ms
Round:161
IR: 0, 0, 0, 0, 0
85341 0 54 85368 0 64 85369 0 65 85371 0 78 85376 0 52 85393 0 72 85393 0 73 85393 0 90 85393 0 91 85393 0 92 85394 0 78 85420 0 78 85426 0 51 85450 0 53 85452 0 78 85499 0 54 85505 0 78 85544 0 52 85578 0 51 85612 0 53 85634 0 54 85762 0 51 85764 0 53 85766 0 52 85777 0 65 85778 0 64 85782 0 78 85799 0 72 85799 0 73 85804 0 90 85804 0 91 85804 0 92 85806 0 78 85812 0 54 85832 0 
TIME iteration: 298 ms
Round:162
IR: 0, 0, 0, 0, 0
85865 0 78 85898 0 72 85913 0 51 85926 0 78 85990 0 53 85991 0 52 86009 0 54 86030 0 51 86147 0 54 86154 0 52 86170 0 53 86189 0 51 86193 0 65 86194 0 64 86197 0 66 86197 0 67 86199 0 60 86199 0 78 86200 0 61 86206 0 79 86208 0 76 86215 0 73 86219 0 90 86219 0 91 86219 0 92 86223 0 78 86225 0 72 86230 0 79 86232 0 76 86250 0 78 86257 0 79 86259 0 76 86267 0 52 86278 0 68 86281 0 69 86283 0 78 86287 0 74 86287 0 75 86292 0 79 86294 0 76 86296 0 54 86328 0 53 86332 0 51 86336 0 90 86336 0 91 86336 0 92 86350 0 78 86382 0 
TIME iteration: 299 ms
Round:163
IR: 0, 0, 0, 0, 0
86466 0 53 86475 0 54 86521 0 51 86544 0 52 86591 0 54 86641 0 53 86709 0 52 86736 0 51 86741 0 54 86742 0 62 86743 0 63 86745 0 66 86745 0 67 86751 0 77 86751 0 79 86764 0 53 86767 0 65 86768 0 64 86769 0 90 86769 0 91 86769 0 92 86774 0 78 86775 0 77 86775 0 79 86784 0 75 86785 0 74 86798 0 78 86800 0 73 86802 0 72 86802 0 77 86802 0 79 86825 0 78 86836 0 79 86837 0 77 86838 0 71 86844 0 70 86851 0 52 86859 0 78 86876 0 53 86884 0 90 86884 0 91 86884 0 92 86909 0 51 86910 0 
TIME iteration: 298 ms
Round:164
IR: 0, 0, 0, 0, 0
86940 0 78 87003 0 53 87031 0 52 87034 0 51 87043 0 54 87135 0 54 87137 0 53 87145 0 52 87184 0 67 87185 0 66 87189 0 79 87211 0 74 87211 0 75 87212 0 90 87212 0 91 87212 0 92 87213 0 79 87226 0 51 87239 0 79 87251 0 54 87272 0 79 87296 0 52 87332 0 53 87340 0 79 87365 0 
TIME iteration: 308 ms
Round:165
IR: 0, 0, 0, 0, 0
87450 0 53 87459 0 52 87493 0 51 87543 0 54 87551 0 61 87553 0 60 87560 0 76 87578 0 90 87578 0 91 87578 0 92 87584 0 76 87600 0 51 87600 0 53 87611 0 76 87629 0 68 87633 0 69 87645 0 76 87660 0 54 87714 0 52 87738 0 51 87782 0 53 87827 0 52 87841 0 51 87843 0 54 87851 0 60 87851 0 61 87853 0 76 87872 0 68 87873 0 69 87875 0 90 87875 0 91 87875 0 92 87876 0 76 87902 0 76 87915 0 53 87933 0 76 87944 0 51 87964 0 
TIME iteration: 298 ms
Round:166
IR: 0, 0, 0, 0, 0
87984 0 76 87994 0 54 88090 0 53 88128 0 54 88138 0 51 88164 0 52 88192 0 53 88222 0 64 88223 0 65 88231 0 78 88248 0 90 88248 0 91 88248 0 92 88255 0 78 88282 0 78 88294 0 72 88297 0 54 88298 0 53 88299 0 73 88305 0 52 88317 0 78 88347 0 51 88397 0 54 88405 0 52 88452 0 51 88453 0 
TIME iteration: 297 ms
Round:167
IR: 0, 0, 0, 0, 0
88529 0 54 88552 0 52 88564 0 67 88565 0 66 88573 0 79 88582 0 62 88583 0 63 88589 0 90 88589 0 91 88589 0 92 88591 0 77 88597 0 79 88615 0 77 88623 0 51 88624 0 79 88636 0 74 88640 0 75 88642 0 77 88649 0 54 88659 0 79 88666 0 70 88671 0 71 88677 0 77 88701 0 53 88708 0 52 88712 0 90 88712 0 91 88712 0 92 88774 0 54 88792 0 51 88845 0 53 88874 0 54 88920 0 52 88964 0 53 88967 0 
TIME iteration: 298 ms
Round:168
IR: 0, 0, 0, 0, 0
89063 0 53 89067 0 64 89067 0 65 89074 0 78 89079 0 51 89092 0 54 89096 0 90 89096 0 91 89096 0 92 89098 0 78 89121 0 73 89123 0 72 89125 0 78 89157 0 52 89159 0 78 89220 0 51 89226 0 53 89265 0 54 89291 0 52 89322 0 53 89353 0 51 89362 0 65 89364 0 64 89365 0 78 89381 0 73 89383 0 72 89387 0 90 89387 0 91 89387 0 92 89388 0 78 89399 0 53 89414 0 78 89441 0 54 89445 0 78 89455 0 73 89463 0 72 89496 0 78 89516 0 51 89545 0 53 89562 0 
TIME iteration: 299 ms
Round:169
IR: 0, 0, 0, 0, 0
89590 0 52 89619 0 65 89621 0 64 89623 0 78 89640 0 72 89640 0 73 89643 0 90 89643 0 91 89643 0 92 89646 0 78 89668 0 51 89672 0 78 89704 0 78 89718 0 72 89723 0 73 89758 0 78 89760 0 53 89818 0 52 89836 0 51 89852 0 54 89882 0 53 89897 0 64 89897 0 65 89900 0 78 89918 0 72 89919 0 73 89920 0 90 89920 0 91 89920 0 92 89923 0 78 89949 0 78 89975 0 52 89981 0 78 89991 0 53 89992 0 54 90010 0 72 90030 0 51 90035 0 
TIME iteration: 298 ms
Round:170
IR: 0, 0, 0, 0, 0
90129 0 54 90159 0 52 90161 0 51 90166 0 53 90214 0 65 90215 0 64 90218 0 78 90228 0 73 90239 0 90 90239 0 91 90239 0 92 90240 0 72 90241 0 78 90267 0 78 90290 0 73 90298 0 51 90299 0 78 90304 0 52 90335 0 53 90354 0 78 90371 0 54 90442 0 52 90445 0 51 90523 0 54 90569 0 53 90587 0 51 90593 0 52 90611 0 60 90612 0 61 90616 0 62 90617 0 63 90620 0 76 90625 0 
TIME iteration: 298 ms
Round:171
IR: 0, 0, 0, 0, 0
90637 0 90 90637 0 91 90637 0 92 90644 0 76 90649 0 77 90671 0 76 90676 0 77 90684 0 54 90706 0 76 90709 0 69 90709 0 70 90709 0 71 90710 0 68 90711 0 77 90738 0 52 90767 0 90 90767 0 91 90767 0 92 90782 0 54 90852 0 51 90857 0 52 90896 0 54 90909 0 53 90982 0 52 91001 0 51 91025 0 54 91041 0 53 91093 0 52 91097 0 67 91098 0 66 91103 0 62 91103 0 63 91106 0 79 91108 0 77 91125 0 51 91125 0 90 91125 0 91 91125 0 92 91130 0 79 91132 0 77 91138 0 70 91139 0 71 91151 0 53 91157 0 79 91159 0 
TIME iteration: 299 ms
Round:172
IR: 0, 0, 0, 0, 0
91189 0 75 91190 0 74 91192 0 77 91192 0 79 91193 0 54 91202 0 52 91256 0 90 91256 0 91 91256 0 92 91258 0 77 91277 0 51 91277 0 53 91281 0 52 91299 0 54 91372 0 52 91403 0 53 91424 0 51 91461 0 52 91469 0 54 91504 0 53 91520 0 63 91522 0 62 91526 0 77 91546 0 70 91546 0 71 91548 0 52 91549 0 90 91549 0 91 91549 0 92 91550 0 77 91577 0 77 91585 0 51 91595 0 53 91610 0 77 91659 0 52 91665 0 54 91676 0 
TIME iteration: 298 ms
Round:173
IR: 0, 0, 0, 0, 0
91732 0 53 91764 0 51 91817 0 54 91872 0 52 91930 0 63 91935 0 62 91938 0 77 91945 0 51 91953 0 71 91954 0 70 91956 0 53 91959 0 90 91959 0 91 91959 0 92 91962 0 77 91974 0 54 91989 0 77 92001 0 52 92022 0 77 92044 0 71 92089 0 77 92104 0 54 92132 0 51 92156 0 52 92165 0 
TIME iteration: 298 ms
Round:174
IR: 0, 0, 0, 0, 0
92254 0 54 92277 0 51 92280 0 52 92284 0 62 92284 0 63 92288 0 77 92299 0 53 92300 0 70 92309 0 90 92309 0 91 92309 0 92 92311 0 71 92311 0 77 92337 0 77 92369 0 77 92370 0 70 92404 0 52 92425 0 77 92427 0 51 92427 0 53 92513 0 52 92527 0 51 92527 0 54 92553 0 62 92553 0 63 92556 0 77 92564 0 71 92574 0 70 92576 0 90 92576 0 91 92576 0 92 92579 0 77 92605 0 77 92622 0 71 92637 0 77 92642 0 54 92649 0 51 92664 0 53 92671 0 70 92691 0 
TIME iteration: 299 ms
Round:175
IR: 0, 0, 0, 0, 0
92773 0 52 92798 0 54 92827 0 53 92867 0 51 92892 0 52 92901 0 63 92902 0 62 92906 0 77 92917 0 54 92926 0 90 92926 0 91 92926 0 92 92927 0 71 92929 0 70 92930 0 77 92956 0 77 92989 0 77 93003 0 53 93042 0 52 93048 0 51 93050 0 77 93093 0 54 93138 0 51 93189 0 54 93203 0 53 93215 0 51 93224 0 60 93224 0 61 93232 0 76 93248 0 90 93248 0 91 93248 0 92 93256 0 76 93264 0 
TIME iteration: 298 ms
Round:176
IR: 0, 0, 0, 0, 0
93283 0 76 93303 0 51 93317 0 76 93323 0 69 93325 0 68 93338 0 53 93367 0 54 93417 0 52 93480 0 53 93490 0 51 93539 0 60 93540 0 61 93542 0 76 93563 0 69 93564 0 68 93564 0 90 93564 0 91 93564 0 92 93565 0 76 93572 0 54 93587 0 52 93591 0 76 93610 0 51 93623 0 76 93675 0 53 93676 0 76 93693 0 54 93725 0 52 93780 0 
TIME iteration: 298 ms
Round:177
IR: 0, 0, 0, 0, 0
93859 0 53 93885 0 52 93913 0 51 93924 0 54 93928 0 60 93928 0 61 93933 0 76 93938 0 62 93939 0 63 93946 0 77 93947 0 68 93947 0 69 93954 0 90 93954 0 91 93954 0 92 93957 0 76 93970 0 77 93984 0 76 93997 0 71 93997 0 77 93998 0 70 94015 0 53 94017 0 76 94021 0 68 94026 0 69 94031 0 77 94074 0 52 94081 0 51 94082 0 90 94082 0 91 94082 0 92 94083 0 76 94112 0 54 94215 0 53 94231 0 52 94233 0 51 94256 0 54 94317 0 
TIME iteration: 298 ms
Round:178
IR: 0, 0, 0, 0, 0
94379 0 61 94382 0 60 94386 0 76 94409 0 90 94409 0 91 94409 0 92 94410 0 76 94414 0 54 94414 0 68 94415 0 51 94415 0 53 94415 0 69 94433 0 52 94437 0 76 94470 0 76 94537 0 76 94539 0 52 94597 0 51 94602 0 54 94635 0 53 94668 0 52 94729 0 63 94731 0 62 94737 0 77 94755 0 90 94755 0 91 94755 0 92 94761 0 54 94761 0 77 94776 0 51 94782 0 70 94783 0 71 94788 0 77 94822 0 
TIME iteration: 298 ms
Round:179
IR: 0, 0, 0, 0, 0
94872 0 54 94880 0 52 94887 0 51 94888 0 53 94982 0 51 95026 0 54 95030 0 52 95043 0 61 95045 0 60 95051 0 76 95068 0 90 95068 0 91 95068 0 92 95071 0 53 95075 0 76 95085 0 69 95086 0 68 95102 0 76 95129 0 51 95136 0 76 95137 0 52 95213 0 54 95217 0 53 95254 0 52 95329 0 51 95352 0 53 95387 0 
TIME iteration: 298 ms
Round:180
IR: 0, 0, 0, 0, 0
95405 0 62 95405 0 63 95412 0 77 95416 0 54 95426 0 65 95428 0 64 95430 0 90 95430 0 91 95430 0 92 95435 0 78 95436 0 77 95448 0 70 95451 0 71 95459 0 78 95463 0 77 95474 0 53 95486 0 78 95497 0 77 95512 0 51 95513 0 52 95520 0 78 95521 0 73 95530 0 72 95552 0 90 95552 0 91 95552 0 92 95567 0 54 95590 0 53 95661 0 51 95707 0 53 95715 0 52 95741 0 54 95793 0 51 95831 0 53 95861 0 64 95862 0 65 95866 0 78 95890 0 78 95890 0 90 95890 0 91 95890 0 92 95894 0 73 95896 0 72 95898 0 52 95916 0 
TIME iteration: 298 ms
Round:181
IR: 0, 0, 0, 0, 0
95931 0 51 95934 0 54 95943 0 53 95949 0 78 96010 0 78 96027 0 52 96072 0 51 96097 0 53 96122 0 54 96126 0 52 96200 0 62 96202 0 63 96208 0 77 96226 0 90 96226 0 91 96226 0 92 96229 0 51 96232 0 77 96250 0 70 96252 0 71 96259 0 77 96261 0 52 96293 0 77 96299 0 53 96333 0 54 96432 0 53 96433 0 
TIME iteration: 304 ms
Round:182
IR: 0, 0, 0, 0, 0
96467 0 52 96532 0 53 96534 0 54 96553 0 64 96553 0 65 96560 0 78 96578 0 90 96578 0 91 96578 0 92 96584 0 78 96596 0 72 96596 0 73 96601 0 51 96611 0 78 96645 0 78 96691 0 52 96721 0 53 96735 0 51 96790 0 54 96856 0 53 96902 0 64 96903 0 52 96903 0 65 96906 0 78 96917 0 51 96923 0 72 96924 0 73 96928 0 90 96928 0 91 96928 0 92 96929 0 78 96955 0 78 96987 0 
TIME iteration: 298 ms
Round:183
IR: 0, 0, 0, 0, 0
97013 0 54 97042 0 78 97085 0 52 97090 0 51 97110 0 53 97191 0 52 97214 0 51 97220 0 54 97293 0 61 97295 0 63 97297 0 60 97300 0 53 97303 0 76 97312 0 77 97319 0 90 97319 0 91 97319 0 92 97323 0 54 97324 0 52 97327 0 76 97344 0 77 97354 0 76 97367 0 51 97383 0 69 97388 0 76 97390 0 68 97397 0 77 97430 0 52 97471 0 54 97472 0 53 97474 0 90 97474 0 91 97474 0 
TIME iteration: 298 ms
Round:184
IR: 0, 0, 0, 0, 0
97570 0 53 97578 0 52 97648 0 51 97653 0 54 97772 0 52 97779 0 53 97834 0 54 97909 0 67 97917 0 66 97922 0 79 97945 0 90 97945 0 91 97945 0 92 97946 0 79 97950 0 51 97972 0 52 97973 0 79 97977 0 53 98007 0 75 98008 0 79 98010 0 
TIME iteration: 297 ms
Round:185
IR: 0, 0, 0, 0, 0
98051 0 54 98086 0 51 98144 0 52 98192 0 53 98229 0 54 98233 0 51 98273 0 66 98273 0 67 98277 0 79 98298 0 52 98299 0 75 98299 0 90 98299 0 91 98299 0 92 98300 0 74 98300 0 79 98326 0 79 98334 0 51 98353 0 53 98358 0 79 98417 0 79 98446 0 51 98474 0 52 98490 0 54 98533 0 
TIME iteration: 298 ms
Round:186
IR: 0, 0, 0, 0, 0
98589 0 51 98618 0 52 98628 0 61 98630 0 60 98637 0 76 98654 0 90 98654 0 91 98654 0 92 98661 0 76 98688 0 76 98703 0 69 98704 0 68 98722 0 53 98722 0 76 98732 0 51 98748 0 52 98774 0 54 98885 0 51 98896 0 52 98949 0 61 98951 0 60 98953 0 76 98973 0 68 98973 0 69 98975 0 90 98975 0 91 98975 0 92 98976 0 76 99002 0 76 99016 0 54 99034 0 76 99051 0 52 99060 0 53 99088 0 
TIME iteration: 298 ms
Round:187
IR: 0, 0, 0, 0, 0
99117 0 51 99133 0 54 99190 0 53 99235 0 51 99241 0 54 99252 0 52 99281 0 66 99281 0 67 99289 0 79 99306 0 90 99306 0 91 99306 0 92 99313 0 53 99313 0 79 99340 0 74 99340 0 79 99342 0 75 99374 0 79 99384 0 54 99395 0 52 99400 0 51 99447 0 53 99511 0 52 99534 0 54 99535 0 51 99623 0 67 99627 0 66 99629 0 79 99636 0 
TIME iteration: 298 ms
Round:188
IR: 0, 0, 0, 0, 0
99648 0 75 99649 0 74 99650 0 90 99650 0 91 99650 0 92 99652 0 79 99678 0 79 99680 0 52 99686 0 54 99699 0 51 99710 0 79 99767 0 53 99769 0 79 99818 0 52 99853 0 54 99895 0 51 99937 0 53 99956 0 54 99976 0 66 99977 0 67 99981 0 79 99993 0 74 99993 0 75 100002 0 90 100002 0 91 100002 0 92 100005 0 79 100023 0 52 100032 0 79 100062 0 75 100063 0 74 100065 0 79 100081 0 51 100112 0 53 100134 0 79 100161 0 
TIME iteration: 298 ms
Round:189
IR: 0, 0, 0, 0, 0
100187 0 52 100244 0 53 100289 0 51 100330 0 54 100344 0 66 100347 0 67 100350 0 79 100351 0 53 100361 0 64 100361 0 65 100369 0 52 100369 0 78 100371 0 90 100371 0 91 100371 0 92 100373 0 74 100373 0 75 100374 0 79 100393 0 78 100401 0 79 100420 0 78 100430 0 51 100434 0 79 100444 0 54 100452 0 72 100454 0 78 100461 0 73 100496 0 90 100496 0 91 100496 0 92 100502 0 53 100502 0 79 100582 0 54 100613 0 53 100624 0 51 100632 0 
TIME iteration: 298 ms
Round:190
IR: 0, 0, 0, 0, 0
100703 0 54 100741 0 53 100816 0 51 100821 0 64 100821 0 65 100826 0 78 100846 0 54 100850 0 78 100850 0 90 100850 0 91 100850 0 92 100855 0 73 100856 0 72 100865 0 52 100877 0 78 100910 0 78 100915 0 53 100976 0 78 100982 0 54 101063 0 51 101076 0 52 101092 0 53 101198 0 51 101212 0 
TIME iteration: 298 ms
Round:191
IR: 0, 0, 0, 0, 0
101252 0 53 101258 0 52 101263 0 65 101264 0 64 101267 0 60 101269 0 78 101274 0 61 101279 0 76 101290 0 73 101290 0 90 101290 0 91 101290 0 92 101291 0 72 101293 0 78 101303 0 76 101320 0 78 101330 0 76 101346 0 51 101353 0 78 101358 0 69 101364 0 76 101365 0 68 101372 0 54 101384 0 53 101420 0 78 101420 0 90 101420 0 91 101420 0 92 101451 0 52 101489 0 53 101500 0 54 101587 0 51 101605 0 53 101640 0 52 101701 0 
TIME iteration: 298 ms
Round:192
IR: 0, 0, 0, 0, 0
101786 0 53 101804 0 54 101806 0 52 101809 0 64 101810 0 65 101816 0 78 101840 0 78 101840 0 90 101840 0 91 101840 0 92 101842 0 72 101842 0 73 101844 0 51 101867 0 78 101901 0 78 101958 0 52 101982 0 78 101989 0 53 102018 0 51 102036 0 54 102114 0 53 102153 0 52 102153 0 54 102170 0 64 102172 0 65 102175 0 51 102176 0 78 102190 0 73 102191 0 72 102197 0 90 102197 0 91 102197 0 92 102200 0 78 102227 0 78 102228 0 53 102260 0 78 102268 0 73 102272 0 51 102276 0 
TIME iteration: 298 ms
Round:193
IR: 0, 0, 0, 0, 0
102325 0 78 102328 0 53 102361 0 54 102383 0 51 102385 0 64 102389 0 52 102389 0 65 102390 0 78 102404 0 72 102404 0 73 102410 0 90 102410 0 91 102410 0 92 102413 0 78 102439 0 78 102471 0 78 102473 0 72 102473 0 73 102486 0 51 102508 0 53 102522 0 54 102524 0 78 102592 0 52 102603 0 53 102625 0 64 102626 0 65 102628 0 78 102636 0 51 102643 0 72 102643 0 73 102648 0 90 102648 0 91 102648 0 92 102650 0 54 102651 0 78 102677 0 78 102708 0 78 102715 0 72 102716 0 73 102755 0 52 102759 0 78 102763 0 53 102793 0 
TIME iteration: 298 ms
Round:194
IR: 0, 0, 0, 0, 0
102827 0 54 102892 0 52 102907 0 51 102948 0 53 102966 0 65 102967 0 64 102971 0 78 102991 0 90 102991 0 91 102991 0 92 102992 0 72 102992 0 73 102993 0 54 102995 0 78 103021 0 78 103037 0 51 103053 0 52 103054 0 78 103115 0 78 103117 0 53 103152 0 51 103169 0 54 103210 0 52 103286 0 53 103330 0 
TIME iteration: 298 ms
Round:195
IR: 0, 0, 0, 0, 0
103357 0 64 103360 0 51 103365 0 65 103366 0 78 103381 0 72 103382 0 73 103387 0 90 103387 0 91 103387 0 92 103390 0 78 103409 0 52 103416 0 78 103449 0 78 103474 0 53 103474 0 72 103483 0 73 103489 0 51 103511 0 78 103517 0 54 103580 0 52 103608 0 51 103648 0 53 103668 0 54 103668 0 64 103669 0 65 103672 0 78 103693 0 72 103693 0 73 103693 0 90 103693 0 91 103693 0 92 103695 0 78 103721 0 78 103753 0 78 103756 0 51 103762 0 52 103778 0 54 103808 0 78 103850 0 
TIME iteration: 298 ms
Round:196
IR: 0, 0, 0, 0, 0
103903 0 51 103909 0 52 103942 0 54 104031 0 52 104050 0 53 104052 0 62 104052 0 63 104060 0 77 104071 0 51 104078 0 90 104078 0 91 104078 0 92 104084 0 77 104092 0 54 104111 0 77 104141 0 70 104145 0 77 104154 0 71 104156 0 52 104201 0 53 104204 0 51 104224 0 54 104315 0 52 104358 0 63 104359 0 62 104361 0 77 104367 0 51 104372 0 53 104381 0 70 104382 0 71 104383 0 90 104383 0 91 104383 0 92 104384 0 77 104405 0 
TIME iteration: 298 ms
Round:197
IR: 0, 0, 0, 0, 0
104410 0 77 104440 0 52 104442 0 77 104495 0 77 104534 0 52 104557 0 53 104586 0 51 104597 0 54 104677 0 52 104693 0 62 104693 0 63 104695 0 51 104697 0 77 104708 0 70 104709 0 71 104718 0 90 104718 0 91 104718 0 92 104720 0 77 104746 0 77 104756 0 54 104760 0 53 104774 0 70 104777 0 71 104778 0 77 104818 0 51 104826 0 52 104834 0 77 104859 0 53 104916 0 
TIME iteration: 298 ms
Round:198
IR: 0, 0, 0, 0, 0
104995 0 52 105018 0 63 105019 0 62 105022 0 77 105042 0 70 105043 0 51 105043 0 71 105043 0 90 105043 0 91 105043 0 92 105045 0 77 105056 0 54 105071 0 77 105091 0 53 105103 0 77 105158 0 77 105173 0 54 105195 0 51 105208 0 52 105242 0 53 105289 0 54 105322 0 51 105341 0 53 105360 0 66 105360 0 67 105366 0 52 105369 0 79 105372 0 64 105372 0 65 105380 0 78 105385 0 90 105385 0 91 105385 0 92 105393 0 79 105404 0 78 105420 0 79 105431 0 78 105452 0 54 105452 0 75 105454 0 72 105454 0 74 105455 0 73 105455 0 79 105465 0 
TIME iteration: 302 ms
Round:199
IR: 0, 0, 0, 0, 0
105479 0 51 105511 0 90 105511 0 91 105511 0 92 105552 0 52 105572 0 53 105607 0 51 105619 0 54 105733 0 52 105735 0 51 105736 0 54 105760 0 53 105841 0 51 105847 0 52 105852 0 60 105853 0 61 105861 0 76 105877 0 54 105882 0 90 105882 0 91 105882 0 92 105885 0 76 105905 0 53 105912 0 76 105947 0 69 105947 0 76 105965 0 68 105972 0 52 105996 0 
TIME iteration: 297 ms
