Round:0
IR: 0, 0, 0, 0, 0
347 0 53 418 0 54 479 0 51 483 0 53 501 0 64 501 0 65 510 0 
TIME iteration: 432 ms
Round:1
IR: 0, 0, 0, 0, 0
533 0 52 534 0 78 542 0 90 542 0 91 542 0 92 554 0 54 561 0 78 596 0 78 610 0 53 660 0 54 670 0 52 676 0 51 758 0 51 788 0 53 794 0 54 843 0 52 875 0 66 883 0 67 888 0 79 898 0 54 906 0 90 906 0 91 906 0 92 912 0 79 939 0 79 948 0 51 974 0 79 978 0 75 989 0 74 1018 0 52 1048 0 54 1057 0 
TIME iteration: 305 ms
Round:2
IR: 0, 0, 0, 0, 0
1066 0 51 1158 0 54 1171 0 66 1171 0 67 1174 0 79 1185 0 52 1194 0 74 1194 0 75 1195 0 90 1195 0 91 1195 0 92 1197 0 79 1223 0 79 1253 0 53 1255 0 79 1276 0 51 1311 0 79 1335 0 54 1360 0 52 1387 0 53 1470 0 54 1482 0 51 1492 0 52 1526 0 67 1529 0 66 1532 0 79 1544 0 74 1545 0 75 1553 0 90 1553 0 91 1553 0 92 1556 0 79 1568 0 53 1582 0 
TIME iteration: 299 ms
Round:3
IR: 0, 0, 0, 0, 0
1612 0 74 1614 0 54 1615 0 52 1615 0 79 1624 0 51 1626 0 75 1682 0 79 1733 0 53 1808 0 52 1849 0 51 1864 0 53 1913 0 65 1914 0 64 1922 0 78 1939 0 90 1939 0 91 1939 0 92 1946 0 78 1947 0 54 1973 0 78 1976 0 53 1989 0 72 1993 0 73 2008 0 78 2035 0 52 2104 0 54 2115 0 
TIME iteration: 299 ms
Round:4
IR: 0, 0, 0, 0, 0
2134 0 52 2165 0 51 2233 0 54 2292 0 66 2294 0 67 2301 0 79 2303 0 53 2306 0 52 2314 0 65 2315 0 64 2319 0 78 2319 0 90 2319 0 91 2319 0 92 2325 0 79 2338 0 51 2343 0 78 2344 0 72 2344 0 73 2345 0 74 2347 0 75 2352 0 79 2369 0 78 2387 0 79 2388 0 54 2402 0 78 2442 0 90 2442 0 91 2442 0 92 2447 0 53 2463 0 78 2513 0 52 2526 0 54 2570 0 53 2571 0 
TIME iteration: 300 ms
Round:5
IR: 0, 0, 0, 0, 0
2687 0 54 2742 0 51 2760 0 52 2792 0 53 2849 0 54 2866 0 51 2866 0 66 2866 0 67 2872 0 79 2876 0 60 2876 0 61 2884 0 76 2896 0 79 2896 0 90 2896 0 91 2896 0 92 2904 0 74 2905 0 52 2905 0 75 2908 0 76 2923 0 79 2934 0 53 2935 0 76 2957 0 79 2969 0 76 2975 0 68 2977 0 69 2983 0 51 2983 0 54 3027 0 90 3027 0 91 3027 0 92 3129 0 53 3130 0 52 3144 0 51 3178 0 
TIME iteration: 299 ms
Round:6
IR: 0, 0, 0, 0, 0
3262 0 53 3296 0 51 3373 0 52 3404 0 54 3442 0 53 3460 0 64 3460 0 65 3468 0 78 3491 0 90 3491 0 91 3491 0 92 3492 0 78 3503 0 51 3519 0 78 3522 0 72 3524 0 73 3553 0 78 3578 0 53 3631 0 54 3641 0 52 3697 0 
TIME iteration: 299 ms
Round:7
IR: 0, 0, 0, 0, 0
3751 0 51 3768 0 65 3770 0 64 3772 0 78 3789 0 73 3790 0 72 3794 0 90 3794 0 91 3794 0 92 3795 0 78 3799 0 52 3817 0 54 3821 0 78 3853 0 78 3907 0 78 3919 0 51 3923 0 54 3929 0 53 3941 0 52 4052 0 51 4069 0 53 4081 0 52 4102 0 54 4142 0 51 4148 0 60 4149 0 61 4151 0 64 4155 0 63 4156 0 62 4156 0 65 4157 0 76 4158 0 78 4164 0 77 4171 0 66 4171 0 67 4172 0 73 4173 0 90 4173 0 91 4173 0 92 4174 0 72 4180 0 79 4181 0 76 4182 0 78 4188 0 53 4188 0 77 4204 0 79 4208 0 76 4208 0 78 4215 0 77 4220 0 68 4224 0 69 4231 0 79 4239 0 
TIME iteration: 300 ms
Round:8
IR: 0, 0, 0, 0, 0
4241 0 78 4243 0 75 4243 0 76 4247 0 70 4249 0 52 4250 0 77 4251 0 73 4258 0 71 4266 0 79 4284 0 90 4284 0 91 4284 0 92 4302 0 78 4315 0 51 4325 0 54 4327 0 53 4373 0 52 4457 0 51 4457 0 54 4505 0 53 4582 0 52 4596 0 54 4598 0 51 4611 0 53 4630 0 67 4633 0 66 4637 0 79 4638 0 60 4638 0 64 4638 0 65 4639 0 61 4644 0 76 4644 0 78 4659 0 90 4659 0 91 4659 0 92 4661 0 79 4664 0 72 4664 0 74 4665 0 75 4668 0 76 4668 0 78 4673 0 68 4674 0 69 4674 0 73 4688 0 79 4695 0 76 4695 0 78 4699 0 52 4714 0 54 4721 0 79 4728 0 76 4729 0 
TIME iteration: 300 ms
Round:9
IR: 0, 0, 0, 0, 0
4776 0 90 4776 0 91 4776 0 92 4791 0 51 4795 0 76 4799 0 79 4805 0 78 4826 0 53 4884 0 54 4892 0 52 4954 0 53 4991 0 51 5012 0 52 5030 0 54 5106 0 53 5124 0 51 5144 0 64 5144 0 65 5150 0 78 5159 0 54 5167 0 52 5169 0 66 5169 0 67 5170 0 60 5170 0 61 5172 0 72 5173 0 90 5173 0 91 5173 0 92 5174 0 78 5175 0 73 5176 0 76 5176 0 79 5200 0 76 5200 0 79 5201 0 78 5203 0 68 5203 0 69 5203 0 74 5203 0 75 5227 0 76 5227 0 79 5235 0 78 5261 0 76 5261 0 79 5280 0 52 5286 0 53 5286 0 90 5286 0 91 5286 0 
TIME iteration: 300 ms
Round:10
IR: 0, 0, 0, 0, 0
5307 0 51 5311 0 78 5337 0 76 5355 0 54 5385 0 52 5435 0 51 5449 0 53 5469 0 54 5570 0 52 5598 0 54 5604 0 51 5623 0 66 5624 0 67 5629 0 79 5642 0 53 5650 0 74 5651 0 75 5652 0 90 5652 0 91 5652 0 92 5653 0 79 5680 0 79 5714 0 79 5742 0 52 5792 0 53 5826 0 
TIME iteration: 299 ms
Round:11
IR: 0, 0, 0, 0, 0
5887 0 51 5888 0 54 5943 0 52 5960 0 62 5960 0 63 5968 0 77 5984 0 53 5985 0 90 5985 0 91 5985 0 92 5992 0 77 6019 0 77 6046 0 70 6051 0 71 6053 0 77 6055 0 54 6095 0 52 6102 0 51 6107 0 53 6218 0 54 6294 0 52 6330 0 62 6332 0 63 6333 0 51 6335 0 77 6341 0 54 6357 0 90 6357 0 91 6357 0 92 6358 0 71 6358 0 77 6359 0 
TIME iteration: 299 ms
Round:12
IR: 0, 0, 0, 0, 0
6384 0 53 6384 0 77 6416 0 77 6418 0 52 6472 0 77 6521 0 53 6534 0 54 6552 0 51 6621 0 52 6673 0 53 6676 0 54 6694 0 51 6721 0 65 6722 0 64 6730 0 78 6747 0 66 6748 0 90 6748 0 91 6748 0 92 6754 0 78 6766 0 79 6769 0 54 6781 0 78 6799 0 52 6799 0 79 6800 0 72 6801 0 73 6816 0 78 6826 0 53 6858 0 51 6865 0 79 6887 0 90 6887 0 91 6887 0 
TIME iteration: 299 ms
Round:13
IR: 0, 0, 0, 0, 0
6952 0 51 6954 0 54 7016 0 53 7074 0 51 7077 0 52 7147 0 53 7208 0 51 7217 0 54 7228 0 60 7230 0 61 7235 0 52 7237 0 76 7259 0 90 7259 0 91 7259 0 92 7261 0 76 7285 0 53 7288 0 76 7306 0 51 7315 0 68 7318 0 69 7322 0 76 7381 0 52 7416 0 
TIME iteration: 299 ms
Round:14
IR: 0, 0, 0, 0, 0
7429 0 54 7547 0 51 7550 0 60 7550 0 61 7553 0 76 7557 0 54 7574 0 68 7574 0 69 7575 0 90 7575 0 91 7575 0 92 7576 0 76 7588 0 53 7597 0 52 7602 0 76 7634 0 76 7688 0 76 7709 0 51 7711 0 53 7759 0 52 7845 0 51 7850 0 54 7861 0 53 7901 0 60 7903 0 52 7905 0 61 7907 0 76 7919 0 68 7919 0 69 7928 0 90 7928 0 91 7928 0 92 7930 0 
TIME iteration: 299 ms
Round:15
IR: 0, 0, 0, 0, 0
7956 0 51 7956 0 76 7985 0 69 7988 0 76 7989 0 68 8044 0 76 8058 0 51 8076 0 52 8126 0 54 8169 0 53 8191 0 52 8249 0 51 8253 0 54 8256 0 60 8256 0 61 8260 0 76 8281 0 69 8281 0 90 8281 0 91 8281 0 92 8282 0 68 8283 0 76 8288 0 53 8309 0 76 8341 0 76 8356 0 52 8373 0 51 8397 0 76 8399 0 
TIME iteration: 299 ms
Round:16
IR: 0, 0, 0, 0, 0
8492 0 53 8505 0 51 8506 0 52 8573 0 54 8626 0 52 8644 0 62 8644 0 63 8650 0 51 8652 0 77 8653 0 60 8653 0 61 8658 0 76 8670 0 90 8670 0 91 8670 0 92 8674 0 68 8674 0 69 8676 0 77 8682 0 76 8703 0 77 8709 0 76 8723 0 52 8734 0 71 8737 0 77 8740 0 70 8742 0 76 8755 0 53 8766 0 68 8768 0 54 8798 0 90 8798 0 91 8798 0 92 8808 0 76 8840 0 52 8844 0 51 8920 0 54 8964 0 51 8977 0 
TIME iteration: 307 ms
Round:17
IR: 0, 0, 0, 0, 0
9015 0 52 9077 0 54 9146 0 51 9183 0 60 9184 0 61 9190 0 76 9200 0 52 9203 0 53 9203 0 54 9210 0 66 9210 0 67 9213 0 69 9214 0 76 9214 0 90 9214 0 91 9214 0 92 9219 0 79 9222 0 68 9241 0 76 9243 0 79 9260 0 51 9270 0 79 9275 0 76 9297 0 74 9305 0 79 9308 0 75 9318 0 54 9320 0 52 9337 0 53 9338 0 90 9338 0 91 9338 0 92 9356 0 76 9390 0 51 9432 0 52 9454 0 
TIME iteration: 300 ms
Round:18
IR: 0, 0, 0, 0, 0
9564 0 53 9595 0 52 9639 0 51 9682 0 54 9737 0 52 9747 0 62 9747 0 63 9755 0 77 9777 0 90 9777 0 91 9777 0 92 9779 0 77 9786 0 53 9800 0 54 9806 0 77 9810 0 51 9814 0 70 9816 0 71 9840 0 77 9847 0 52 9930 0 53 9939 0 52 9948 0 51 9959 0 54 10034 0 62 10038 0 77 10062 0 90 10062 0 91 10062 0 92 10066 0 
TIME iteration: 299 ms
Round:19
IR: 0, 0, 0, 0, 0
10087 0 52 10091 0 53 10099 0 51 10104 0 77 10145 0 54 10219 0 52 10283 0 51 10285 0 53 10289 0 54 10368 0 52 10416 0 63 10418 0 62 10422 0 77 10430 0 53 10439 0 70 10439 0 71 10441 0 54 10445 0 90 10445 0 91 10445 0 92 10446 0 77 10473 0 77 10477 0 51 10506 0 77 10529 0 52 10572 0 
TIME iteration: 299 ms
Round:20
IR: 0, 0, 0, 0, 0
10630 0 54 10639 0 52 10689 0 53 10733 0 51 10757 0 52 10764 0 62 10764 0 63 10768 0 77 10779 0 71 10781 0 70 10789 0 90 10789 0 91 10789 0 92 10791 0 77 10817 0 77 10836 0 53 10845 0 71 10849 0 77 10854 0 70 10856 0 54 10862 0 51 10905 0 77 10942 0 52 10951 0 53 10970 0 54 10991 0 51 11062 0 53 11097 0 64 11097 0 65 11105 0 78 11122 0 90 11122 0 91 11122 0 92 11129 0 
TIME iteration: 300 ms
Round:21
IR: 0, 0, 0, 0, 0
11156 0 78 11165 0 52 11169 0 54 11183 0 51 11188 0 72 11190 0 78 11194 0 53 11195 0 73 11284 0 54 11329 0 52 11339 0 51 11374 0 53 11427 0 64 11429 0 65 11431 0 78 11438 0 54 11449 0 52 11453 0 72 11453 0 73 11453 0 90 11453 0 91 11453 0 92 11454 0 78 11480 0 78 11512 0 78 11520 0 53 11536 0 51 11566 0 78 11595 0 52 11622 0 
TIME iteration: 301 ms
Round:22
IR: 0, 0, 0, 0, 0
11681 0 53 11712 0 54 11725 0 52 11754 0 51 11784 0 67 11787 0 53 11788 0 66 11795 0 79 11796 0 64 11796 0 65 11800 0 78 11803 0 63 11807 0 62 11811 0 90 11811 0 91 11811 0 92 11813 0 77 11814 0 73 11815 0 72 11819 0 79 11823 0 78 11837 0 77 11839 0 52 11846 0 79 11849 0 78 11864 0 77 11869 0 70 11870 0 71 11881 0 78 11881 0 79 11883 0 74 11889 0 54 11889 0 73 11890 0 75 11894 0 72 11898 0 77 11901 0 53 11925 0 90 11925 0 91 11925 0 92 11937 0 78 11938 0 51 11947 0 52 12042 0 53 12048 0 54 12119 0 52 12152 0 
TIME iteration: 301 ms
Round:23
IR: 0, 0, 0, 0, 0
12214 0 54 12255 0 52 12293 0 63 12294 0 62 12299 0 77 12317 0 53 12322 0 90 12322 0 91 12322 0 92 12323 0 77 12327 0 71 12328 0 70 12337 0 51 12350 0 77 12383 0 77 12432 0 52 12437 0 54 12450 0 77 12470 0 53 12472 0 51 12571 0 51 12594 0 53 12619 0 52 12630 0 54 12630 0 60 12630 0 61 12638 0 76 12655 0 90 12655 0 91 12655 0 92 12662 0 76 12689 0 76 12699 0 
TIME iteration: 300 ms
Round:24
IR: 0, 0, 0, 0, 0
12723 0 76 12726 0 68 12726 0 69 12738 0 53 12739 0 52 12741 0 54 12847 0 53 12867 0 51 12875 0 52 12937 0 54 12995 0 53 13012 0 64 13012 0 65 13018 0 51 13020 0 61 13020 0 78 13021 0 60 13024 0 76 13038 0 90 13038 0 91 13038 0 92 13039 0 52 13044 0 78 13047 0 76 13050 0 69 13051 0 68 13071 0 78 13072 0 54 13073 0 76 13084 0 72 13084 0 73 13105 0 76 13105 0 78 13160 0 76 13166 0 90 13166 0 91 13166 0 92 13167 0 52 13194 0 53 13209 0 54 13244 0 
TIME iteration: 300 ms
Round:25
IR: 0, 0, 0, 0, 0
13336 0 51 13347 0 54 13348 0 53 13404 0 52 13435 0 53 13456 0 54 13476 0 65 13478 0 64 13482 0 78 13493 0 66 13493 0 67 13502 0 79 13506 0 78 13506 0 90 13506 0 91 13506 0 92 13510 0 72 13511 0 73 13518 0 51 13526 0 79 13533 0 78 13545 0 52 13553 0 79 13566 0 78 13576 0 74 13578 0 75 13588 0 54 13588 0 79 13601 0 53 13632 0 78 13633 0 90 13633 0 91 13633 0 92 13652 0 51 13705 0 53 13729 0 
TIME iteration: 300 ms
Round:26
IR: 0, 0, 0, 0, 0
13806 0 51 13808 0 54 13853 0 53 13888 0 52 13944 0 51 13989 0 54 13999 0 61 14000 0 60 14007 0 76 14029 0 90 14029 0 91 14029 0 92 14031 0 76 14054 0 52 14057 0 68 14057 0 69 14058 0 53 14058 0 76 14092 0 76 14130 0 51 14149 0 53 14165 0 52 14185 0 54 14268 0 53 14270 0 51 14302 0 
TIME iteration: 300 ms
Round:27
IR: 0, 0, 0, 0, 0
14328 0 64 14329 0 65 14336 0 78 14340 0 61 14342 0 60 14344 0 76 14353 0 90 14353 0 91 14353 0 92 14357 0 54 14360 0 78 14361 0 51 14363 0 69 14364 0 68 14367 0 76 14378 0 73 14380 0 72 14387 0 78 14393 0 76 14421 0 78 14425 0 76 14462 0 53 14479 0 76 14479 0 90 14479 0 91 14479 0 92 14527 0 52 14578 0 54 14598 0 53 14627 0 51 14652 0 52 14738 0 53 14766 0 54 14797 0 52 14804 0 51 14838 0 62 14838 0 
TIME iteration: 301 ms
Round:28
IR: 0, 0, 0, 0, 0
14846 0 77 14868 0 90 14868 0 91 14868 0 92 14870 0 77 14897 0 77 14913 0 53 14927 0 71 14931 0 77 14935 0 52 14941 0 70 14958 0 51 14978 0 54 15070 0 53 15078 0 51 15091 0 54 15154 0 52 15223 0 63 15229 0 62 15230 0 77 15250 0 53 15252 0 90 15252 0 91 15252 0 92 15253 0 77 15255 0 71 15256 0 70 15270 0 51 15274 0 54 15279 0 77 15295 0 52 15311 0 77 15367 0 
TIME iteration: 300 ms
Round:29
IR: 0, 0, 0, 0, 0
15374 0 53 15390 0 52 15437 0 51 15439 0 54 15465 0 53 15544 0 52 15555 0 51 15567 0 62 15567 0 63 15568 0 54 15571 0 77 15574 0 53 15575 0 64 15576 0 65 15584 0 70 15584 0 71 15584 0 78 15592 0 90 15592 0 91 15592 0 92 15594 0 77 15608 0 78 15620 0 77 15635 0 78 15642 0 73 15648 0 72 15652 0 71 15652 0 77 15656 0 70 15670 0 78 15706 0 53 15708 0 77 15720 0 90 15720 0 91 15720 0 92 15730 0 52 15768 0 54 15778 0 51 15884 0 
TIME iteration: 301 ms
Round:30
IR: 0, 0, 0, 0, 0
15934 0 53 15937 0 51 15938 0 54 16056 0 51 16084 0 61 16085 0 60 16093 0 76 16114 0 90 16114 0 91 16114 0 92 16117 0 76 16141 0 53 16143 0 54 16144 0 76 16164 0 68 16170 0 69 16179 0 76 16189 0 52 16193 0 51 16260 0 53 16325 0 52 16329 0 51 16331 0 54 16384 0 61 16385 0 60 16387 0 76 16406 0 68 16407 0 69 16409 0 90 16409 0 91 16409 0 92 16410 0 
TIME iteration: 300 ms
Round:31
IR: 0, 0, 0, 0, 0
16436 0 76 16463 0 52 16468 0 76 16521 0 76 16526 0 54 16581 0 53 16594 0 51 16673 0 54 16675 0 52 16729 0 53 16779 0 51 16839 0 60 16839 0 61 16844 0 76 16863 0 68 16863 0 69 16866 0 90 16866 0 91 16866 0 92 16868 0 76 16884 0 51 16887 0 54 16890 0 52 16895 0 53 16895 0 76 16928 0 
TIME iteration: 300 ms
Round:32
IR: 0, 0, 0, 0, 0
16994 0 76 17016 0 54 17036 0 51 17046 0 53 17133 0 54 17158 0 52 17185 0 66 17188 0 67 17196 0 79 17212 0 90 17212 0 91 17212 0 92 17220 0 79 17233 0 53 17247 0 79 17267 0 51 17276 0 54 17282 0 75 17282 0 79 17287 0 74 17338 0 52 17400 0 53 17413 0 51 17442 0 
TIME iteration: 300 ms
Round:33
IR: 0, 0, 0, 0, 0
17501 0 67 17502 0 52 17502 0 66 17505 0 79 17526 0 74 17526 0 75 17526 0 90 17526 0 91 17526 0 92 17528 0 79 17554 0 79 17561 0 53 17572 0 54 17586 0 79 17597 0 51 17643 0 79 17689 0 52 17690 0 54 17744 0 51 17759 0 53 17811 0 52 17847 0 54 17866 0 66 17866 0 67 17871 0 79 17884 0 74 17884 0 75 17891 0 90 17891 0 91 17891 0 92 17895 0 79 17897 0 51 17922 0 79 17951 0 53 17956 0 75 17956 0 79 17958 0 74 17997 0 52 18009 0 
TIME iteration: 309 ms
Round:34
IR: 0, 0, 0, 0, 0
18095 0 51 18129 0 53 18131 0 52 18144 0 54 18160 0 66 18160 0 67 18162 0 79 18182 0 74 18183 0 75 18184 0 90 18184 0 91 18184 0 92 18185 0 79 18211 0 79 18243 0 79 18254 0 51 18286 0 53 18286 0 54 18298 0 79 18300 0 52 18383 0 54 18391 0 51 18447 0 53 18469 0 52 18488 0 66 18497 0 79 18517 0 90 18517 0 91 18517 0 92 18524 0 51 18527 0 79 18533 0 75 18534 0 74 18542 0 
TIME iteration: 300 ms
Round:35
IR: 0, 0, 0, 0, 0
18570 0 79 18614 0 53 18634 0 52 18674 0 51 18691 0 54 18728 0 53 18796 0 52 18859 0 53 18872 0 64 18872 0 65 18880 0 78 18900 0 90 18900 0 91 18900 0 92 18904 0 78 18905 0 51 18931 0 78 18965 0 78 18968 0 72 18968 0 73 18972 0 52 18972 0 54 19015 0 
TIME iteration: 299 ms
Round:36
IR: 0, 0, 0, 0, 0
19087 0 51 19173 0 52 19184 0 54 19200 0 51 19223 0 53 19254 0 61 19255 0 60 19257 0 65 19258 0 64 19261 0 78 19263 0 76 19279 0 90 19279 0 91 19279 0 92 19284 0 78 19287 0 72 19287 0 73 19287 0 76 19310 0 78 19314 0 76 19342 0 78 19343 0 54 19343 0 69 19347 0 68 19349 0 51 19349 0 76 19374 0 52 19397 0 78 19409 0 90 19409 0 91 19409 0 92 19421 0 53 19476 0 51 19484 0 54 19502 0 52 19586 0 54 19601 0 
TIME iteration: 300 ms
Round:37
IR: 0, 0, 0, 0, 0
19644 0 52 19645 0 51 19713 0 54 19735 0 66 19736 0 67 19744 0 79 19765 0 52 19765 0 90 19765 0 91 19765 0 92 19768 0 79 19783 0 51 19785 0 53 19795 0 79 19810 0 54 19811 0 74 19811 0 75 19830 0 79 19862 0 52 19921 0 54 19928 0 51 19955 0 53 19967 0 52 20035 0 54 20040 0 66 20041 0 67 20043 0 79 20044 0 51 20062 0 74 20062 0 75 20065 0 90 20065 0 91 20065 0 92 20066 0 79 20092 0 79 20113 0 52 20124 0 
TIME iteration: 300 ms
Round:38
IR: 0, 0, 0, 0, 0
20164 0 54 20172 0 53 20178 0 79 20247 0 51 20254 0 54 20267 0 52 20291 0 53 20346 0 54 20347 0 66 20347 0 67 20351 0 79 20359 0 74 20360 0 75 20371 0 90 20371 0 91 20371 0 92 20375 0 79 20400 0 52 20401 0 79 20409 0 51 20419 0 74 20422 0 75 20434 0 79 20460 0 54 20491 0 53 20498 0 79 20528 0 51 20553 0 52 20580 0 54 20603 0 67 20604 0 66 20607 0 79 20622 0 74 20623 0 75 20627 0 90 20627 0 91 20627 0 92 20630 0 79 20655 0 53 20656 0 
TIME iteration: 300 ms
Round:39
IR: 0, 0, 0, 0, 0
20688 0 79 20697 0 74 20698 0 75 20721 0 52 20724 0 54 20744 0 79 20770 0 53 20791 0 51 20872 0 53 20899 0 52 20912 0 54 20922 0 64 20924 0 65 20931 0 78 20933 0 66 20935 0 67 20938 0 79 20947 0 90 20947 0 91 20947 0 92 20955 0 51 20955 0 78 20959 0 74 20959 0 75 20961 0 79 20982 0 78 20987 0 79 20995 0 53 21004 0 73 21006 0 72 21016 0 78 21019 0 79 21023 0 52 21073 0 90 21073 0 91 21073 0 92 21078 0 79 21105 0 53 21123 0 51 21147 0 
TIME iteration: 299 ms
Round:40
IR: 0, 0, 0, 0, 0
21204 0 54 21207 0 53 21235 0 51 21237 0 52 21374 0 52 21378 0 53 21388 0 54 21397 0 63 21398 0 62 21406 0 77 21408 0 51 21427 0 64 21427 0 90 21427 0 91 21427 0 92 21430 0 77 21438 0 78 21457 0 77 21468 0 78 21492 0 77 21493 0 70 21493 0 71 21496 0 53 21512 0 78 21513 0 52 21530 0 54 21568 0 90 21568 0 91 21568 0 92 21605 0 51 21616 0 52 21617 0 53 21653 0 
TIME iteration: 299 ms
Round:41
IR: 0, 0, 0, 0, 0
21762 0 54 21771 0 53 21797 0 51 21808 0 52 21888 0 54 21904 0 66 21904 0 67 21906 0 51 21912 0 79 21934 0 90 21934 0 91 21934 0 92 21936 0 79 21944 0 52 21961 0 75 21962 0 74 21963 0 79 21988 0 53 21997 0 79 22012 0 54 22014 0 51 22078 0 52 22195 0 53 22240 0 52 22256 0 
TIME iteration: 300 ms
Round:42
IR: 0, 0, 0, 0, 0
22263 0 54 22309 0 62 22309 0 63 22317 0 77 22336 0 90 22336 0 91 22336 0 92 22341 0 77 22363 0 52 22368 0 71 22368 0 77 22372 0 70 22373 0 51 22395 0 53 22401 0 54 22402 0 77 22514 0 52 22519 0 53 22529 0 54 22573 0 51 22611 0 53 22617 0 54 22639 0 65 22639 0 66 22639 0 67 22640 0 64 22647 0 79 22648 0 78 22662 0 90 22662 0 91 22662 0 92 22671 0 79 22672 0 78 22687 0 74 22688 0 75 22698 0 79 22699 0 78 22707 0 52 22709 0 72 22712 0 73 22719 0 53 22732 0 79 22734 0 78 22789 0 
TIME iteration: 300 ms
Round:43
IR: 0, 0, 0, 0, 0
22790 0 54 22791 0 90 22791 0 91 22791 0 92 22802 0 52 22830 0 51 22882 0 53 22911 0 54 22936 0 51 22944 0 52 22977 0 53 23026 0 54 23042 0 51 23091 0 53 23092 0 61 23095 0 60 23096 0 64 23096 0 65 23098 0 52 23101 0 78 23102 0 76 23119 0 90 23119 0 91 23119 0 92 23125 0 78 23126 0 76 23128 0 72 23128 0 73 23137 0 54 23152 0 78 23153 0 76 23171 0 51 23185 0 78 23188 0 76 23189 0 68 23192 0 69 23204 0 53 23243 0 52 23250 0 90 23250 0 91 23250 0 92 23251 0 78 23268 0 
TIME iteration: 299 ms
Round:44
IR: 0, 0, 0, 0, 0
23322 0 53 23346 0 54 23390 0 52 23474 0 53 23488 0 54 23524 0 51 23612 0 54 23615 0 52 23625 0 53 23627 0 66 23628 0 67 23636 0 79 23644 0 64 23644 0 65 23650 0 78 23652 0 51 23658 0 90 23658 0 91 23658 0 92 23660 0 79 23674 0 78 23676 0 72 23676 0 73 23685 0 75 23686 0 74 23687 0 79 23701 0 78 23722 0 79 23735 0 78 23752 0 54 23758 0 52 23771 0 53 23786 0 90 23786 0 91 23786 0 92 23804 0 51 23811 0 
TIME iteration: 300 ms
Round:45
IR: 0, 0, 0, 0, 0
23890 0 52 23919 0 53 23921 0 51 23926 0 54 24043 0 52 24104 0 51 24127 0 54 24180 0 53 24186 0 52 24190 0 60 24193 0 61 24196 0 62 24197 0 63 24199 0 76 24205 0 77 24219 0 90 24219 0 91 24219 0 92 24223 0 76 24229 0 77 24250 0 76 24256 0 77 24257 0 69 24259 0 68 24284 0 76 24285 0 70 24288 0 71 24291 0 77 24302 0 52 24303 0 51 24310 0 54 24314 0 53 24351 0 90 24351 0 91 24351 0 
TIME iteration: 299 ms
Round:46
IR: 0, 0, 0, 0, 0
24436 0 52 24456 0 53 24465 0 54 24467 0 51 24584 0 54 24621 0 53 24675 0 52 24690 0 51 24723 0 53 24732 0 64 24733 0 65 24740 0 78 24763 0 90 24763 0 91 24763 0 92 24764 0 78 24791 0 78 24794 0 72 24795 0 73 24825 0 78 24848 0 53 24855 0 51 24863 0 52 24867 0 
TIME iteration: 299 ms
Round:47
IR: 0, 0, 0, 0, 0
24965 0 53 24996 0 54 25006 0 52 25030 0 65 25031 0 64 25033 0 78 25049 0 72 25050 0 73 25055 0 90 25055 0 91 25055 0 92 25056 0 78 25082 0 78 25109 0 53 25114 0 78 25116 0 54 25122 0 51 25125 0 72 25137 0 73 25167 0 78 25172 0 52 25225 0 53 25235 0 54 25259 0 65 25260 0 64 25262 0 78 25277 0 72 25277 0 73 25282 0 90 25282 0 91 25282 0 92 25284 0 51 25285 0 78 25311 0 78 25325 0 54 25339 0 53 25342 0 78 25345 0 52 25348 0 73 25349 0 72 25387 0 51 25393 0 78 25411 0 54 25433 0 
TIME iteration: 300 ms
Round:48
IR: 0, 0, 0, 0, 0
25467 0 64 25468 0 65 25470 0 78 25483 0 73 25484 0 72 25490 0 90 25490 0 91 25490 0 92 25493 0 78 25497 0 52 25519 0 78 25529 0 54 25548 0 73 25550 0 78 25552 0 72 25590 0 51 25601 0 78 25632 0 52 25650 0 53 25708 0 54 25775 0 51 25789 0 52 25866 0 53 25871 0 62 25871 0 63 25879 0 77 25886 0 64 25887 0 65 25892 0 54 25892 0 78 25897 0 90 25897 0 91 25897 0 92 25903 0 77 25916 0 78 25917 0 73 25918 0 72 25930 0 77 25943 0 78 25949 0 51 25953 0 70 25956 0 71 25964 0 
TIME iteration: 300 ms
Round:49
IR: 0, 0, 0, 0, 0
25976 0 78 25980 0 52 26022 0 90 26022 0 91 26022 0 92 26028 0 54 26036 0 53 26043 0 78 26068 0 51 26103 0 52 26141 0 54 26186 0 53 26196 0 51 26200 0 52 26284 0 54 26343 0 51 26362 0 53 26364 0 52 26380 0 61 26381 0 60 26381 0 62 26381 0 63 26386 0 77 26389 0 76 26405 0 90 26405 0 91 26405 0 92 26410 0 77 26413 0 76 26417 0 71 26418 0 70 26437 0 77 26440 0 76 26465 0 53 26468 0 68 26470 0 77 26471 0 69 26475 0 76 26478 0 52 26485 0 
TIME iteration: 300 ms
Round:50
IR: 0, 0, 0, 0, 0
26534 0 54 26536 0 77 26536 0 90 26536 0 91 26536 0 92 26566 0 53 26598 0 52 26629 0 51 26672 0 53 26678 0 54 26760 0 51 26778 0 53 26812 0 52 26829 0 65 26830 0 64 26837 0 54 26837 0 78 26858 0 90 26858 0 91 26858 0 92 26861 0 78 26885 0 72 26885 0 73 26888 0 78 26903 0 51 26922 0 78 26924 0 54 26941 0 52 26949 0 53 27026 0 
TIME iteration: 314 ms
Round:51
IR: 0, 0, 0, 0, 0
27052 0 51 27066 0 52 27144 0 53 27168 0 51 27191 0 54 27197 0 60 27198 0 61 27205 0 76 27211 0 66 27211 0 67 27220 0 79 27223 0 90 27223 0 91 27223 0 92 27229 0 76 27234 0 52 27244 0 53 27244 0 79 27251 0 69 27254 0 68 27256 0 76 27271 0 79 27290 0 76 27306 0 74 27306 0 79 27312 0 75 27325 0 51 27349 0 90 27349 0 91 27349 0 92 27366 0 54 27372 0 52 27394 0 53 27514 0 51 27539 0 
TIME iteration: 299 ms
Round:52
IR: 0, 0, 0, 0, 0
27624 0 54 27636 0 52 27655 0 51 27681 0 53 27716 0 65 27717 0 64 27724 0 78 27746 0 90 27746 0 91 27746 0 92 27748 0 78 27760 0 54 27769 0 51 27772 0 72 27773 0 73 27775 0 78 27809 0 78 27834 0 52 27872 0 53 27884 0 54 27971 0 51 27976 0 52 28009 0 54 28053 0 53 28073 0 66 28073 0 67 28081 0 
TIME iteration: 299 ms
Round:53
IR: 0, 0, 0, 0, 0
28099 0 90 28099 0 91 28099 0 92 28105 0 79 28106 0 52 28130 0 51 28130 0 74 28131 0 75 28132 0 79 28167 0 79 28175 0 54 28205 0 53 28206 0 52 28260 0 51 28346 0 54 28357 0 52 28412 0 53 28427 0 51 28470 0 54 28471 0 60 28473 0 66 28473 0 67 28474 0 61 28477 0 79 28481 0 76 28496 0 90 28496 0 91 28496 0 92 28499 0 74 28500 0 75 28500 0 79 28505 0 76 28506 0 52 28526 0 79 28532 0 76 28542 0 69 28545 0 68 28558 0 79 28565 0 51 28567 0 76 28570 0 53 28618 0 
TIME iteration: 300 ms
Round:54
IR: 0, 0, 0, 0, 0
28626 0 90 28626 0 91 28626 0 92 28634 0 54 28714 0 52 28718 0 53 28725 0 51 28754 0 54 28858 0 51 28861 0 54 28864 0 52 28931 0 53 28951 0 66 28951 0 67 28957 0 79 28977 0 75 28979 0 74 28980 0 90 28980 0 91 28980 0 92 28981 0 79 28990 0 54 29006 0 51 29008 0 79 29013 0 52 29042 0 79 29074 0 53 29129 0 
TIME iteration: 299 ms
Round:55
IR: 0, 0, 0, 0, 0
29160 0 51 29160 0 54 29217 0 53 29337 0 54 29340 0 52 29371 0 53 29371 0 66 29372 0 67 29376 0 79 29378 0 51 29384 0 65 29385 0 64 29393 0 78 29394 0 75 29395 0 62 29395 0 74 29396 0 63 29398 0 90 29398 0 91 29398 0 92 29400 0 79 29404 0 77 29417 0 78 29426 0 79 29428 0 77 29444 0 78 29455 0 77 29459 0 79 29462 0 53 29464 0 73 29468 0 72 29479 0 78 29488 0 70 29490 0 77 29493 0 71 29512 0 90 29512 0 91 29512 0 92 29514 0 51 29526 0 79 29534 0 52 29599 0 53 29633 0 51 29640 0 
TIME iteration: 300 ms
Round:56
IR: 0, 0, 0, 0, 0
29685 0 54 29741 0 52 29776 0 51 29791 0 63 29793 0 62 29795 0 53 29796 0 77 29819 0 77 29819 0 90 29819 0 91 29819 0 92 29821 0 71 29822 0 70 29845 0 77 29861 0 52 29877 0 77 29901 0 54 29933 0 77 29948 0 51 29964 0 53 30051 0 52 30054 0 54 30097 0 51 30109 0 53 30168 0 54 30186 0 66 30187 0 67 30188 0 52 30195 0 79 30203 0 62 30204 0 63 30209 0 
TIME iteration: 299 ms
Round:57
IR: 0, 0, 0, 0, 0
30213 0 90 30213 0 91 30213 0 92 30219 0 79 30226 0 70 30228 0 71 30233 0 77 30234 0 75 30236 0 74 30246 0 79 30260 0 77 30268 0 51 30268 0 54 30275 0 53 30281 0 79 30293 0 77 30338 0 90 30338 0 91 30338 0 92 30342 0 52 30360 0 77 30371 0 54 30410 0 53 30434 0 51 30487 0 52 30521 0 53 30549 0 54 30607 0 51 30639 0 52 30685 0 53 30694 0 54 30710 0 64 30711 0 65 30714 0 63 30717 0 62 30719 0 78 30722 0 77 30727 0 67 30728 0 66 30734 0 79 30738 0 90 30738 0 91 30738 0 
TIME iteration: 300 ms
Round:58
IR: 0, 0, 0, 0, 0
30742 0 52 30743 0 78 30744 0 70 30744 0 71 30746 0 77 30758 0 79 30763 0 75 30764 0 74 30770 0 78 30773 0 77 30785 0 79 30786 0 73 30788 0 51 30789 0 72 30805 0 78 30807 0 77 30819 0 79 30821 0 53 30840 0 52 30854 0 90 30854 0 91 30854 0 92 30888 0 77 30929 0 54 30966 0 51 30968 0 53 30970 0 52 31085 0 53 31095 0 52 31111 0 51 31209 0 54 31244 0 53 31245 0 51 31252 0 64 31253 0 65 31257 0 60 31258 0 61 31258 0 78 31266 0 
TIME iteration: 300 ms
Round:59
IR: 0, 0, 0, 0, 0
31280 0 90 31280 0 91 31280 0 92 31282 0 78 31286 0 52 31290 0 76 31291 0 73 31292 0 72 31309 0 78 31317 0 76 31342 0 78 31346 0 69 31350 0 68 31352 0 76 31358 0 54 31359 0 51 31377 0 53 31409 0 78 31412 0 90 31412 0 91 31412 0 92 31426 0 52 31452 0 54 31494 0 53 31537 0 52 31539 0 51 31558 0 54 31663 0 52 31671 0 53 31688 0 54 31729 0 66 31729 0 67 31737 0 79 31758 0 90 31758 0 91 31758 0 92 31761 0 79 31785 0 51 31787 0 75 31788 0 79 31790 0 74 31791 0 53 31795 0 
TIME iteration: 300 ms
Round:60
IR: 0, 0, 0, 0, 0
31822 0 79 31841 0 54 31898 0 51 31971 0 54 31988 0 53 32043 0 51 32051 0 52 32060 0 66 32067 0 79 32069 0 67 32086 0 75 32088 0 74 32090 0 79 32090 0 90 32090 0 91 32090 0 92 32116 0 54 32116 0 79 32133 0 53 32148 0 79 32163 0 51 32203 0 79 32264 0 51 32264 0 52 32270 0 54 32309 0 
TIME iteration: 299 ms
Round:61
IR: 0, 0, 0, 0, 0
32416 0 54 32442 0 66 32443 0 67 32447 0 79 32450 0 52 32450 0 53 32461 0 51 32461 0 75 32462 0 74 32468 0 90 32468 0 91 32468 0 92 32471 0 79 32497 0 79 32529 0 54 32530 0 79 32537 0 75 32545 0 74 32573 0 52 32598 0 79 32600 0 53 32636 0 54 32649 0 51 32665 0 66 32665 0 67 32668 0 79 32683 0 74 32683 0 75 32688 0 90 32688 0 91 32688 0 92 32691 0 79 32717 0 79 32749 0 79 32755 0 74 32755 0 75 32771 0 54 32777 0 52 32778 0 53 32803 0 79 32813 0 
TIME iteration: 300 ms
Round:62
IR: 0, 0, 0, 0, 0
32891 0 53 32914 0 52 32928 0 54 32952 0 67 32954 0 66 32957 0 79 32974 0 74 32975 0 75 32977 0 90 32977 0 91 32977 0 92 32980 0 79 32987 0 51 33006 0 79 33032 0 54 33038 0 79 33040 0 53 33081 0 52 33095 0 79 33121 0 51 33172 0 54 33196 0 52 33211 0 53 33264 0 51 33322 0 52 33333 0 62 33333 0 63 33336 0 60 33340 0 53 33340 0 61 33341 0 77 33346 0 76 33354 0 54 33358 0 90 33358 0 91 33358 0 92 33365 0 77 33370 0 
TIME iteration: 299 ms
Round:63
IR: 0, 0, 0, 0, 0
33392 0 77 33397 0 76 33426 0 68 33426 0 70 33426 0 77 33427 0 71 33431 0 76 33433 0 69 33451 0 52 33458 0 51 33471 0 53 33487 0 90 33487 0 91 33487 0 92 33574 0 51 33574 0 54 33605 0 52 33661 0 53 33720 0 51 33724 0 54 33764 0 52 33777 0 53 33867 0 65 33871 0 64 33872 0 51 33877 0 78 33880 0 52 33884 0 60 33884 0 61 33885 0 62 33885 0 63 33890 0 76 33891 0 77 33899 0 90 33899 0 91 33899 0 92 33901 0 78 33904 0 53 33914 0 76 33915 0 
TIME iteration: 299 ms
Round:64
IR: 0, 0, 0, 0, 0
33923 0 68 33924 0 69 33924 0 70 33926 0 71 33928 0 78 33941 0 76 33942 0 77 33943 0 54 33957 0 72 33962 0 78 33963 0 73 33975 0 76 33976 0 77 34015 0 90 34015 0 91 34015 0 92 34051 0 76 34052 0 77 34055 0 51 34095 0 53 34105 0 52 34130 0 54 34190 0 51 34226 0 52 34270 0 53 34316 0 54 34357 0 52 34375 0 62 34375 0 63 34381 0 77 34389 0 51 34404 0 90 34404 0 91 34404 0 92 34405 0 71 34405 0 77 34406 0 70 34432 0 77 34442 0 
TIME iteration: 299 ms
Round:65
IR: 0, 0, 0, 0, 0
34466 0 77 34532 0 52 34533 0 54 34542 0 77 34592 0 53 34640 0 51 34665 0 54 34667 0 52 34736 0 63 34737 0 62 34741 0 77 34754 0 51 34755 0 71 34756 0 70 34762 0 90 34762 0 91 34762 0 92 34765 0 77 34774 0 53 34787 0 54 34791 0 77 34824 0 77 34830 0 71 34840 0 52 34843 0 70 34875 0 51 34885 0 53 34885 0 77 34978 0 
TIME iteration: 300 ms
Round:66
IR: 0, 0, 0, 0, 0
35007 0 52 35035 0 62 35035 0 63 35039 0 77 35049 0 53 35057 0 71 35059 0 70 35059 0 90 35059 0 91 35059 0 92 35062 0 77 35085 0 51 35088 0 77 35107 0 54 35120 0 77 35176 0 77 35206 0 54 35207 0 53 35213 0 52 35229 0 51 35316 0 53 35337 0 54 35372 0 52 35372 0 66 35372 0 67 35381 0 79 35383 0 51 35397 0 90 35397 0 91 35397 0 92 35405 0 79 35432 0 79 35462 0 75 35466 0 74 35467 0 79 35477 0 
TIME iteration: 299 ms
Round:67
IR: 0, 0, 0, 0, 0
35524 0 52 35527 0 54 35602 0 51 35613 0 53 35729 0 51 35734 0 54 35739 0 52 35741 0 53 35758 0 64 35759 0 65 35767 0 78 35769 0 66 35769 0 67 35773 0 79 35784 0 90 35784 0 91 35784 0 92 35791 0 78 35796 0 79 35798 0 74 35798 0 75 35818 0 78 35822 0 79 35845 0 72 35851 0 73 35853 0 78 35854 0 79 35883 0 54 35886 0 52 35911 0 53 35911 0 90 35911 0 91 35911 0 92 35912 0 79 35931 0 
TIME iteration: 305 ms
Round:68
IR: 0, 0, 0, 0, 0
36041 0 52 36059 0 53 36104 0 51 36123 0 54 36215 0 53 36232 0 52 36290 0 65 36292 0 54 36292 0 64 36297 0 78 36316 0 51 36321 0 78 36321 0 90 36321 0 91 36321 0 92 36329 0 72 36330 0 73 36348 0 78 36367 0 53 36382 0 78 36397 0 52 36425 0 51 36458 0 78 36477 0 54 36534 0 52 36557 0 53 36565 0 
TIME iteration: 299 ms
Round:69
IR: 0, 0, 0, 0, 0
36657 0 54 36678 0 51 36683 0 60 36683 0 61 36691 0 76 36706 0 52 36709 0 90 36709 0 91 36709 0 92 36715 0 76 36739 0 53 36742 0 76 36770 0 54 36774 0 69 36776 0 76 36788 0 68 36800 0 51 36807 0 52 36858 0 53 36918 0 52 36940 0 54 36975 0 51 37010 0 61 37011 0 60 37013 0 76 37030 0 53 37035 0 69 37035 0 90 37035 0 91 37035 0 92 37036 0 68 37036 0 76 37062 0 76 37094 0 
TIME iteration: 300 ms
Round:70
IR: 0, 0, 0, 0, 0
37100 0 51 37116 0 52 37132 0 54 37147 0 76 37158 0 53 37224 0 51 37285 0 52 37291 0 54 37300 0 53 37306 0 51 37316 0 60 37316 0 61 37320 0 76 37328 0 69 37330 0 68 37340 0 90 37340 0 91 37340 0 92 37343 0 76 37369 0 76 37386 0 69 37391 0 68 37401 0 76 37414 0 53 37417 0 52 37438 0 51 37457 0 76 37531 0 52 37539 0 51 37562 0 60 37562 0 61 37565 0 76 37578 0 69 37580 0 68 37585 0 90 37585 0 91 37585 0 92 37588 0 76 37592 0 53 37614 0 76 37620 0 
TIME iteration: 300 ms
Round:71
IR: 0, 0, 0, 0, 0
37634 0 52 37644 0 69 37646 0 76 37651 0 68 37686 0 51 37699 0 76 37787 0 53 37787 0 54 37853 0 52 37914 0 51 37932 0 54 37941 0 53 37943 0 60 37943 0 61 37948 0 76 37969 0 90 37969 0 91 37969 0 92 37971 0 68 37971 0 69 37972 0 76 37999 0 76 38010 0 52 38025 0 51 38032 0 76 38075 0 53 38087 0 54 38097 0 76 38127 0 
TIME iteration: 299 ms
Round:72
IR: 0, 0, 0, 0, 0
38194 0 53 38216 0 51 38258 0 52 38295 0 62 38296 0 63 38304 0 77 38307 0 54 38321 0 90 38321 0 91 38321 0 92 38328 0 77 38355 0 77 38368 0 52 38379 0 53 38390 0 77 38392 0 70 38398 0 71 38401 0 51 38465 0 54 38581 0 51 38590 0 53 38592 0 54 38688 0 54 38689 0 66 38689 0 
TIME iteration: 299 ms
Round:73
IR: 0, 0, 0, 0, 0
38698 0 79 38715 0 90 38715 0 91 38715 0 92 38722 0 79 38728 0 52 38749 0 79 38784 0 79 38791 0 74 38819 0 54 38842 0 53 38864 0 52 38925 0 51 38931 0 54 38985 0 66 38986 0 67 38988 0 79 38997 0 75 39006 0 53 39009 0 74 39010 0 90 39010 0 91 39010 0 92 39011 0 79 39028 0 52 39037 0 79 39056 0 75 39069 0 79 39072 0 51 39123 0 79 39124 0 54 39213 0 53 39218 0 
TIME iteration: 300 ms
Round:74
IR: 0, 0, 0, 0, 0
39235 0 54 39242 0 52 39282 0 67 39283 0 66 39286 0 79 39295 0 74 39303 0 75 39306 0 90 39306 0 91 39306 0 92 39309 0 79 39335 0 79 39354 0 74 39359 0 51 39364 0 53 39367 0 79 39370 0 54 39391 0 75 39406 0 52 39424 0 79 39474 0 53 39492 0 51 39531 0 54 39565 0 67 39566 0 66 39569 0 79 39585 0 74 39588 0 75 39589 0 90 39589 0 91 39589 0 92 39592 0 79 39612 0 52 39614 0 53 39618 0 79 39650 0 79 39668 0 51 39669 0 74 39678 0 54 39708 0 
TIME iteration: 300 ms
Round:75
IR: 0, 0, 0, 0, 0
39753 0 52 39778 0 53 39802 0 51 39860 0 54 39900 0 52 39906 0 53 39908 0 66 39910 0 67 39914 0 79 39925 0 75 39934 0 90 39934 0 91 39934 0 92 39936 0 74 39938 0 79 39965 0 79 39968 0 51 39992 0 52 39995 0 75 39997 0 53 39999 0 79 40019 0 54 40110 0 52 40128 0 53 40170 0 54 40182 0 51 40213 0 52 40228 0 66 40228 0 67 40231 0 79 40234 0 63 40235 0 62 40243 0 74 40243 0 77 40251 0 75 40252 0 90 40252 0 91 40252 0 92 40254 0 79 40267 0 77 40274 0 
TIME iteration: 299 ms
Round:76
IR: 0, 0, 0, 0, 0
40280 0 79 40294 0 54 40294 0 77 40309 0 74 40312 0 79 40322 0 70 40324 0 71 40329 0 77 40339 0 51 40368 0 79 40380 0 90 40380 0 91 40380 0 92 40407 0 52 40428 0 54 40449 0 53 40457 0 51 40562 0 53 40578 0 51 40586 0 54 40605 0 52 40696 0 53 40709 0 54 40722 0 64 40723 0 51 40724 0 65 40729 0 52 40731 0 78 40736 0 66 40737 0 67 40743 0 60 40743 0 61 40743 0 79 40751 0 76 40752 0 90 40752 0 91 40752 0 92 40755 0 78 40765 0 75 40767 0 79 40772 0 74 40775 0 76 40782 0 78 40794 0 79 40802 0 
TIME iteration: 300 ms
Round:77
IR: 0, 0, 0, 0, 0
40816 0 78 40818 0 73 40820 0 72 40828 0 79 40832 0 68 40835 0 51 40836 0 76 40843 0 69 40852 0 54 40867 0 90 40867 0 91 40867 0 92 40877 0 53 40883 0 52 40924 0 51 41004 0 53 41019 0 54 41036 0 51 41086 0 52 41154 0 53 41189 0 54 41223 0 51 41226 0 65 41228 0 64 41232 0 78 41246 0 60 41247 0 61 41248 0 52 41252 0 76 41256 0 78 41256 0 90 41256 0 91 41256 0 92 41262 0 53 41265 0 72 41265 0 73 41276 0 76 41283 0 68 41283 0 69 41283 0 78 41303 0 76 41316 0 78 41336 0 
TIME iteration: 300 ms
Round:78
IR: 0, 0, 0, 0, 0
41348 0 54 41382 0 78 41382 0 90 41382 0 91 41382 0 92 41391 0 52 41403 0 76 41411 0 53 41422 0 51 41512 0 54 41524 0 52 41527 0 51 41588 0 53 41645 0 52 41652 0 51 41697 0 60 41698 0 61 41703 0 76 41724 0 69 41725 0 68 41726 0 90 41726 0 91 41726 0 92 41727 0 76 41728 0 53 41754 0 76 41772 0 51 41787 0 76 41818 0 54 41843 0 52 41854 0 76 41861 0 
TIME iteration: 299 ms
Round:79
IR: 0, 0, 0, 0, 0
41902 0 51 41980 0 53 42005 0 52 42045 0 54 42059 0 64 42065 0 65 42070 0 78 42088 0 90 42088 0 91 42088 0 92 42093 0 51 42094 0 78 42112 0 73 42115 0 72 42121 0 78 42135 0 52 42155 0 78 42174 0 54 42180 0 53 42268 0 51 42316 0 53 42338 0 54 42355 0 52 42392 0 
TIME iteration: 299 ms
Round:80
IR: 0, 0, 0, 0, 0
42410 0 65 42416 0 78 42441 0 90 42441 0 91 42441 0 92 42445 0 78 42485 0 78 42496 0 53 42506 0 52 42521 0 51 42580 0 54 42646 0 53 42648 0 52 42680 0 51 42709 0 54 42743 0 53 42756 0 52 42769 0 64 42770 0 65 42774 0 78 42779 0 62 42779 0 63 42787 0 77 42790 0 72 42790 0 73 42797 0 90 42797 0 91 42797 0 92 42798 0 78 42805 0 51 42811 0 77 42819 0 54 42824 0 78 42838 0 77 42857 0 78 42869 0 70 42871 0 71 42872 0 77 42875 0 72 42885 0 52 42917 0 53 42918 0 78 42926 0 90 42926 0 91 42926 0 
TIME iteration: 300 ms
Round:81
IR: 0, 0, 0, 0, 0
42944 0 51 43023 0 52 43053 0 54 43078 0 51 43112 0 53 43213 0 52 43221 0 51 43243 0 53 43258 0 54 43284 0 61 43285 0 60 43293 0 76 43305 0 64 43305 0 65 43311 0 78 43314 0 90 43314 0 91 43314 0 92 43317 0 76 43334 0 73 43335 0 78 43344 0 72 43344 0 76 43348 0 51 43362 0 78 43364 0 68 43367 0 69 43379 0 52 43379 0 53 43379 0 76 43396 0 54 43396 0 78 43440 0 90 43440 0 91 43440 0 
TIME iteration: 300 ms
Round:82
IR: 0, 0, 0, 0, 0
43472 0 78 43486 0 53 43510 0 51 43527 0 52 43631 0 54 43647 0 51 43684 0 53 43690 0 52 43759 0 51 43779 0 60 43779 0 61 43784 0 76 43808 0 76 43808 0 90 43808 0 91 43808 0 92 43814 0 69 43815 0 68 43824 0 52 43835 0 76 43847 0 54 43868 0 76 43890 0 51 43905 0 53 43934 0 
TIME iteration: 299 ms
Round:83
IR: 0, 0, 0, 0, 0
44031 0 52 44042 0 54 44050 0 51 44131 0 53 44153 0 54 44181 0 52 44183 0 51 44185 0 66 44185 0 67 44187 0 60 44187 0 61 44192 0 76 44194 0 79 44209 0 90 44209 0 91 44209 0 92 44210 0 68 44211 0 69 44216 0 76 44218 0 79 44243 0 76 44245 0 79 44276 0 76 44280 0 79 44284 0 75 44285 0 52 44288 0 74 44303 0 53 44312 0 51 44328 0 54 44339 0 90 44339 0 91 44339 0 92 44342 0 76 44409 0 52 44483 0 51 44498 0 
TIME iteration: 300 ms
Round:84
IR: 0, 0, 0, 0, 0
44521 0 53 44553 0 52 44618 0 51 44686 0 52 44697 0 54 44706 0 62 44706 0 63 44714 0 77 44736 0 90 44736 0 91 44736 0 92 44738 0 77 44758 0 53 44765 0 77 44781 0 51 44795 0 71 44799 0 77 44800 0 70 44812 0 54 44907 0 52 44948 0 54 44972 0 51 44983 0 
TIME iteration: 304 ms
Round:85
IR: 0, 0, 0, 0, 0
45080 0 52 45106 0 63 45107 0 62 45111 0 77 45133 0 90 45133 0 91 45133 0 92 45135 0 77 45136 0 70 45136 0 71 45154 0 54 45158 0 51 45161 0 77 45172 0 53 45194 0 77 45202 0 52 45255 0 77 45269 0 54 45322 0 52 45360 0 53 45384 0 51 45439 0 52 45446 0 63 45447 0 62 45451 0 77 45458 0 54 45464 0 70 45464 0 71 45472 0 90 45472 0 91 45472 0 92 45474 0 53 45475 0 77 45501 0 77 45508 0 51 45534 0 77 45535 0 70 45539 0 71 45553 0 
TIME iteration: 300 ms
Round:86
IR: 0, 0, 0, 0, 0
45595 0 77 45606 0 53 45697 0 54 45732 0 52 45753 0 51 45759 0 62 45759 0 63 45763 0 77 45783 0 70 45783 0 71 45783 0 90 45783 0 91 45783 0 92 45786 0 77 45812 0 77 45817 0 53 45844 0 77 45892 0 54 45900 0 77 45940 0 51 45965 0 53 45973 0 52 46036 0 54 46078 0 53 46109 0 
TIME iteration: 300 ms
Round:87
IR: 0, 0, 0, 0, 0
46116 0 64 46118 0 65 46125 0 78 46142 0 90 46142 0 91 46142 0 92 46149 0 78 46176 0 78 46177 0 53 46198 0 54 46206 0 73 46210 0 78 46211 0 72 46217 0 52 46243 0 51 46287 0 53 46332 0 54 46340 0 52 46401 0 51 46425 0 53 46425 0 54 46430 0 64 46430 0 65 46433 0 78 46446 0 52 46452 0 66 46452 0 67 46453 0 73 46454 0 72 46454 0 90 46454 0 91 46454 0 92 46456 0 78 46461 0 79 46482 0 78 46485 0 79 46512 0 54 46512 0 79 46514 0 78 46538 0 75 46541 0 74 46547 0 79 46552 0 53 46568 0 78 46570 0 52 46576 0 90 46576 0 91 46576 0 
TIME iteration: 300 ms
Round:88
IR: 0, 0, 0, 0, 0
46650 0 51 46666 0 54 46679 0 52 46692 0 53 46780 0 51 46822 0 54 46826 0 53 46876 0 52 46936 0 54 46946 0 66 46947 0 67 46952 0 79 46976 0 79 46976 0 90 46976 0 91 46976 0 92 46982 0 51 46983 0 74 46983 0 75 47003 0 79 47004 0 52 47036 0 79 47045 0 53 47083 0 54 47115 0 52 47120 0 
TIME iteration: 299 ms
Round:89
IR: 0, 0, 0, 0, 0
47172 0 54 47233 0 51 47242 0 53 47243 0 67 47247 0 66 47249 0 79 47258 0 52 47260 0 74 47261 0 75 47269 0 90 47269 0 91 47269 0 92 47273 0 79 47299 0 79 47321 0 54 47322 0 74 47331 0 75 47332 0 79 47386 0 53 47391 0 51 47397 0 79 47456 0 52 47491 0 54 47522 0 51 47524 0 53 47543 0 66 47544 0 67 47547 0 79 47565 0 74 47565 0 75 47567 0 90 47567 0 91 47567 0 92 47570 0 79 47596 0 79 47597 0 52 47628 0 79 47632 0 51 47679 0 53 47687 0 
TIME iteration: 300 ms
Round:90
IR: 0, 0, 0, 0, 0
47768 0 54 47784 0 52 47795 0 51 47835 0 53 47919 0 52 47948 0 54 47954 0 51 47954 0 62 47956 0 63 47963 0 77 47975 0 60 47975 0 61 47981 0 90 47981 0 91 47981 0 92 47983 0 76 47985 0 53 47987 0 77 48007 0 76 48014 0 77 48021 0 52 48034 0 76 48046 0 70 48046 0 71 48048 0 77 48068 0 76 48073 0 69 48080 0 68 48105 0 90 48105 0 91 48105 0 92 48120 0 51 48130 0 52 48136 0 53 48161 0 
TIME iteration: 300 ms
Round:91
IR: 0, 0, 0, 0, 0
48287 0 52 48299 0 51 48303 0 53 48348 0 54 48411 0 53 48451 0 65 48452 0 64 48460 0 78 48481 0 90 48481 0 91 48481 0 92 48484 0 78 48498 0 54 48511 0 78 48512 0 51 48534 0 72 48541 0 73 48546 0 78 48594 0 52 48600 0 53 48672 0 51 48673 0 
TIME iteration: 299 ms
Round:92
IR: 0, 0, 0, 0, 0
48819 0 53 48836 0 52 48850 0 54 48862 0 65 48863 0 64 48867 0 78 48889 0 90 48889 0 91 48889 0 92 48891 0 78 48892 0 72 48893 0 73 48917 0 78 48950 0 78 48957 0 51 48967 0 53 49001 0 52 49001 0 54 49011 0 78 49086 0 53 49120 0 54 49158 0 52 49272 0 53 49283 0 64 49283 0 65 49288 0 
TIME iteration: 300 ms
Round:93
IR: 0, 0, 0, 0, 0
49306 0 72 49307 0 73 49310 0 90 49310 0 91 49310 0 92 49312 0 78 49330 0 51 49339 0 78 49365 0 52 49372 0 78 49378 0 54 49438 0 78 49464 0 53 49487 0 51 49506 0 54 49526 0 52 49612 0 53 49635 0 51 49667 0 64 49668 0 65 49672 0 78 49685 0 60 49687 0 61 49687 0 73 49688 0 72 49690 0 54 49693 0 90 49693 0 91 49693 0 92 49694 0 76 49696 0 78 49718 0 76 49722 0 78 49745 0 52 49745 0 76 49755 0 78 49769 0 53 49771 0 68 49773 0 69 49774 0 72 49777 0 73 49779 0 76 49794 0 51 49816 0 78 49817 0 90 49817 0 91 49817 0 
TIME iteration: 300 ms
Round:94
IR: 0, 0, 0, 0, 0
49874 0 52 49878 0 54 49898 0 53 49945 0 51 49996 0 52 50020 0 54 50073 0 53 50089 0 51 50170 0 52 50184 0 51 50186 0 60 50186 0 61 50191 0 76 50204 0 62 50204 0 63 50212 0 77 50215 0 76 50216 0 90 50216 0 91 50216 0 92 50219 0 53 50222 0 69 50223 0 68 50236 0 77 50242 0 76 50263 0 77 50271 0 52 50275 0 76 50295 0 71 50297 0 77 50300 0 70 50309 0 54 50341 0 76 50343 0 90 50343 0 91 50343 0 
TIME iteration: 300 ms
Round:95
IR: 0, 0, 0, 0, 0
50379 0 53 50407 0 51 50422 0 54 50475 0 52 50514 0 53 50621 0 52 50630 0 51 50656 0 54 50732 0 51 50754 0 61 50755 0 60 50756 0 53 50761 0 76 50785 0 76 50785 0 90 50785 0 91 50785 0 92 50790 0 69 50791 0 68 50810 0 51 50810 0 52 50812 0 76 50839 0 54 50846 0 
TIME iteration: 299 ms
Round:96
IR: 0, 0, 0, 0, 0
50922 0 52 50927 0 76 50952 0 53 50972 0 54 51046 0 52 51055 0 53 51061 0 51 51103 0 62 51103 0 63 51111 0 77 51128 0 90 51128 0 91 51128 0 92 51135 0 77 51152 0 52 51152 0 54 51162 0 77 51163 0 70 51164 0 71 51196 0 77 51226 0 51 51236 0 53 51323 0 54 51324 0 52 51347 0 
TIME iteration: 299 ms
Round:97
IR: 0, 0, 0, 0, 0
51432 0 53 51446 0 54 51463 0 51 51475 0 60 51476 0 61 51483 0 76 51488 0 67 51489 0 66 51497 0 79 51501 0 90 51501 0 91 51501 0 92 51507 0 76 51519 0 69 51521 0 79 51523 0 68 51526 0 52 51534 0 76 51548 0 79 51561 0 51 51568 0 76 51579 0 74 51582 0 54 51583 0 79 51586 0 75 51627 0 90 51627 0 91 51627 0 92 51657 0 52 51698 0 51 51701 0 53 51811 0 54 51815 0 52 51828 0 51 51929 0 
TIME iteration: 300 ms
Round:98
IR: 0, 0, 0, 0, 0
51982 0 53 51995 0 51 52003 0 66 52007 0 67 52011 0 79 52018 0 60 52018 0 61 52020 0 52 52024 0 76 52035 0 79 52035 0 90 52035 0 91 52035 0 92 52042 0 74 52043 0 75 52048 0 76 52053 0 69 52054 0 68 52062 0 79 52067 0 54 52075 0 76 52096 0 79 52098 0 53 52109 0 51 52109 0 76 52165 0 90 52165 0 91 52165 0 92 52185 0 76 52186 0 52 52242 0 51 52246 0 53 52277 0 54 52316 0 52 52362 0 51 52421 0 54 52439 0 
TIME iteration: 300 ms
Round:99
IR: 0, 0, 0, 0, 0
52491 0 52 52525 0 51 52544 0 61 52545 0 60 52551 0 76 52558 0 62 52562 0 54 52565 0 63 52570 0 77 52574 0 66 52574 0 67 52575 0 76 52575 0 90 52575 0 91 52575 0 92 52577 0 68 52577 0 69 52580 0 79 52594 0 77 52602 0 76 52604 0 79 52608 0 75 52611 0 74 52621 0 77 52625 0 52 52631 0 79 52634 0 53 52636 0 76 52638 0 71 52640 0 70 52655 0 77 52665 0 79 52669 0 51 52689 0 90 52689 0 91 52689 0 92 52717 0 76 52719 0 52 52741 0 54 52769 0 53 52838 0 51 52866 0 52 52895 0 54 52985 0 53 52992 0 
TIME iteration: 300 ms
Round:100
IR: 0, 0, 0, 0, 0
53021 0 51 53023 0 54 53025 0 63 53026 0 62 53030 0 77 53051 0 67 53052 0 66 53054 0 77 53054 0 90 53054 0 91 53054 0 92 53057 0 79 53059 0 70 53060 0 71 53080 0 75 53080 0 77 53081 0 74 53081 0 79 53108 0 79 53113 0 77 53124 0 51 53142 0 79 53151 0 53 53174 0 77 53176 0 52 53177 0 90 53177 0 91 53177 0 92 53269 0 53 53278 0 54 53304 0 51 53370 0 52 53433 0 53 53435 0 54 53495 0 
TIME iteration: 300 ms
Round:101
IR: 0, 0, 0, 0, 0
53531 0 52 53585 0 54 53590 0 53 53591 0 63 53595 0 62 53599 0 77 53601 0 66 53601 0 67 53604 0 64 53604 0 65 53607 0 51 53607 0 79 53612 0 78 53615 0 60 53615 0 61 53622 0 90 53622 0 91 53622 0 92 53623 0 76 53623 0 77 53628 0 70 53628 0 71 53631 0 79 53633 0 74 53634 0 75 53636 0 78 53647 0 76 53650 0 77 53651 0 52 53658 0 79 53663 0 78 53674 0 76 53679 0 68 53679 0 69 53684 0 77 53692 0 79 53697 0 78 53699 0 72 53702 0 73 53708 0 76 53733 0 90 53733 0 91 53733 0 92 53749 0 53 53751 0 52 53756 0 54 53759 0 77 53801 0 51 53841 0 52 53929 0 54 53940 0 53 53955 0 
TIME iteration: 305 ms
Round:102
IR: 0, 0, 0, 0, 0
54074 0 54 54083 0 52 54118 0 67 54120 0 66 54125 0 79 54129 0 51 54148 0 90 54148 0 91 54148 0 92 54149 0 74 54149 0 79 54150 0 75 54176 0 79 54203 0 53 54210 0 79 54232 0 54 54280 0 51 54300 0 52 54371 0 54 54411 0 51 54443 0 53 54485 0 52 54486 0 54 54492 0 66 54492 0 67 54496 0 79 54511 0 51 54513 0 74 54513 0 75 54514 0 60 54514 0 61 54518 0 90 54518 0 91 54518 0 92 54520 0 79 54522 0 76 54546 0 76 54546 0 79 54570 0 69 54572 0 68 54573 0 76 54579 0 
TIME iteration: 300 ms
Round:103
IR: 0, 0, 0, 0, 0
54591 0 54 54607 0 76 54610 0 74 54622 0 75 54637 0 51 54641 0 90 54641 0 91 54641 0 92 54644 0 79 54660 0 53 54688 0 52 54749 0 54 54766 0 51 54801 0 53 54849 0 52 54864 0 51 54881 0 54 54965 0 51 54966 0 60 54966 0 61 54971 0 76 54995 0 76 54995 0 90 54995 0 91 54995 0 92 54996 0 69 54997 0 68 55001 0 52 55007 0 53 55022 0 76 55055 0 76 55066 0 
TIME iteration: 299 ms
Round:104
IR: 0, 0, 0, 0, 0
55120 0 51 55121 0 76 55141 0 52 55141 0 53 55278 0 54 55285 0 53 55304 0 51 55313 0 52 55351 0 65 55357 0 64 55362 0 78 55368 0 60 55368 0 61 55373 0 76 55380 0 90 55380 0 91 55380 0 92 55386 0 78 55390 0 69 55391 0 68 55397 0 76 55413 0 78 55424 0 76 55426 0 51 55438 0 73 55441 0 72 55447 0 78 55453 0 53 55456 0 52 55457 0 76 55463 0 54 55506 0 90 55506 0 91 55506 0 92 55523 0 76 55565 0 54 55582 0 52 55627 0 51 55637 0 
TIME iteration: 300 ms
Round:105
IR: 0, 0, 0, 0, 0
55696 0 54 55699 0 52 55818 0 53 55841 0 52 55850 0 51 55861 0 62 55862 0 63 55870 0 77 55882 0 54 55891 0 90 55891 0 91 55891 0 92 55894 0 77 55921 0 77 55954 0 70 55954 0 71 55956 0 77 55958 0 52 55986 0 51 56068 0 53 56086 0 54 56088 0 51 56161 0 
TIME iteration: 300 ms
Round:106
IR: 0, 0, 0, 0, 0
56209 0 51 56221 0 60 56221 0 61 56222 0 63 56226 0 62 56228 0 77 56229 0 76 56230 0 54 56245 0 90 56245 0 91 56245 0 92 56251 0 70 56251 0 71 56251 0 77 56253 0 76 56259 0 53 56271 0 68 56272 0 69 56277 0 77 56280 0 76 56309 0 77 56314 0 76 56335 0 52 56337 0 51 56365 0 77 56374 0 90 56374 0 91 56374 0 92 56395 0 54 56427 0 53 56468 0 51 56472 0 52 56536 0 54 56569 0 53 56590 0 52 56610 0 
TIME iteration: 300 ms
Round:107
IR: 0, 0, 0, 0, 0
56712 0 53 56723 0 52 56728 0 54 56735 0 62 56735 0 63 56741 0 77 56745 0 64 56745 0 65 56753 0 78 56764 0 71 56765 0 70 56765 0 77 56765 0 90 56765 0 91 56765 0 92 56777 0 78 56792 0 77 56804 0 78 56820 0 73 56824 0 72 56826 0 77 56832 0 52 56838 0 78 56859 0 51 56896 0 90 56896 0 91 56896 0 92 56902 0 77 56915 0 53 56929 0 54 56948 0 52 56997 0 51 57071 0 54 57074 0 53 57092 0 52 57189 0 54 57215 0 53 57224 0 51 57233 0 67 57234 0 
TIME iteration: 300 ms
Round:108
IR: 0, 0, 0, 0, 0
57242 0 79 57263 0 64 57263 0 65 57263 0 90 57263 0 91 57263 0 92 57266 0 79 57268 0 78 57277 0 52 57292 0 78 57293 0 79 57299 0 72 57300 0 73 57319 0 78 57328 0 75 57328 0 79 57335 0 74 57348 0 54 57352 0 78 57381 0 51 57385 0 90 57385 0 91 57385 0 92 57387 0 53 57418 0 78 57493 0 51 57495 0 54 57550 0 52 57605 0 53 57606 0 54 57617 0 51 57710 0 52 57713 0 54 57714 0 51 57720 0 61 57720 0 66 57720 0 67 57721 0 60 57726 0 79 57729 0 76 57745 0 90 57745 0 91 57745 0 92 57750 0 79 57753 0 76 57756 0 74 57756 0 
TIME iteration: 300 ms
Round:109
IR: 0, 0, 0, 0, 0
57777 0 79 57780 0 76 57797 0 53 57801 0 68 57806 0 69 57811 0 79 57815 0 76 57851 0 54 57876 0 90 57876 0 91 57876 0 92 57969 0 52 57973 0 51 57999 0 54 58055 0 53 58138 0 54 58145 0 52 58163 0 53 58220 0 51 58231 0 54 58237 0 66 58237 0 67 58243 0 79 58267 0 79 58267 0 90 58267 0 91 58267 0 92 58268 0 75 58270 0 74 58280 0 52 58294 0 
TIME iteration: 300 ms
Round:110
IR: 0, 0, 0, 0, 0
58301 0 53 58328 0 79 58347 0 51 58352 0 54 58427 0 53 58443 0 52 58484 0 54 58498 0 51 58549 0 53 58563 0 52 58589 0 65 58590 0 64 58598 0 78 58613 0 63 58615 0 62 58615 0 90 58615 0 91 58615 0 92 58622 0 77 58622 0 78 58646 0 77 58649 0 78 58654 0 51 58660 0 73 58664 0 72 58667 0 54 58673 0 77 58684 0 78 58688 0 52 58697 0 71 58703 0 70 58707 0 77 58727 0 53 58737 0 90 58737 0 91 58737 0 92 58789 0 
TIME iteration: 299 ms
Round:111
IR: 0, 0, 0, 0, 0
58833 0 53 58892 0 51 58892 0 52 58896 0 54 59020 0 51 59056 0 60 59057 0 61 59065 0 76 59073 0 53 59085 0 90 59085 0 91 59085 0 92 59087 0 54 59089 0 76 59105 0 52 59116 0 76 59130 0 68 59135 0 69 59151 0 76 59197 0 53 59253 0 54 59254 0 52 59277 0 51 59326 0 
TIME iteration: 299 ms
Round:112
IR: 0, 0, 0, 0, 0
59387 0 52 59392 0 54 59438 0 62 59438 0 63 59445 0 77 59456 0 67 59458 0 66 59464 0 90 59464 0 91 59464 0 92 59465 0 51 59466 0 79 59469 0 77 59490 0 79 59493 0 70 59494 0 71 59496 0 77 59507 0 54 59517 0 79 59522 0 53 59523 0 75 59524 0 74 59530 0 77 59532 0 52 59552 0 79 59588 0 90 59588 0 91 59588 0 92 59594 0 51 59641 0 52 59693 0 53 59729 0 54 59741 0 51 59754 0 52 59828 0 53 59855 0 51 59883 0 
TIME iteration: 299 ms
Round:113
IR: 0, 0, 0, 0, 0
59908 0 52 59929 0 61 59931 0 60 59937 0 76 59938 0 62 59940 0 63 59944 0 77 59959 0 90 59959 0 91 59959 0 92 59961 0 76 59968 0 77 59972 0 70 59972 0 71 59988 0 68 59988 0 69 59988 0 76 59995 0 77 60006 0 54 60022 0 76 60028 0 77 60037 0 53 60072 0 51 60090 0 90 60090 0 91 60090 0 92 60094 0 52 60094 0 77 60108 0 54 60171 0 53 60183 0 51 60226 0 52 60264 0 54 60351 0 52 60361 0 51 60372 0 54 60377 0 
TIME iteration: 300 ms
Round:114
IR: 0, 0, 0, 0, 0
60421 0 67 60422 0 66 60430 0 79 60443 0 52 60444 0 62 60444 0 63 60450 0 77 60451 0 90 60451 0 91 60451 0 92 60454 0 79 60473 0 70 60473 0 71 60474 0 77 60480 0 75 60481 0 79 60482 0 74 60501 0 77 60508 0 54 60516 0 79 60532 0 53 60535 0 77 60542 0 52 60556 0 51 60576 0 90 60576 0 91 60576 0 92 60611 0 77 60639 0 53 60666 0 52 60669 0 54 60681 0 51 60753 0 54 60784 0 53 60825 0 51 60838 0 52 60876 0 54 60891 0 66 60892 0 67 60897 0 79 60920 0 90 60920 0 91 60920 0 92 60921 0 74 60921 0 79 60924 0 75 60948 0 
TIME iteration: 300 ms
Round:115
IR: 0, 0, 0, 0, 0
60956 0 53 60968 0 51 60981 0 79 61001 0 52 61060 0 54 61134 0 53 61168 0 52 61212 0 51 61276 0 54 61283 0 52 61294 0 53 61299 0 63 61300 0 62 61307 0 77 61326 0 90 61326 0 91 61326 0 92 61331 0 77 61350 0 70 61351 0 71 61358 0 77 61386 0 52 61392 0 
TIME iteration: 299 ms
Round:116
IR: 0, 0, 0, 0, 0
61481 0 52 61489 0 53 61542 0 54 61602 0 51 61684 0 52 61696 0 62 61697 0 63 61699 0 53 61700 0 77 61721 0 71 61723 0 70 61723 0 77 61723 0 90 61723 0 91 61723 0 92 61739 0 51 61749 0 77 61765 0 54 61781 0 77 61796 0 52 61836 0 77 61868 0 51 61928 0 53 61952 0 54 61988 0 52 62002 0 
TIME iteration: 300 ms
Round:117
IR: 0, 0, 0, 0, 0
62061 0 60 62064 0 61 62071 0 76 62088 0 90 62088 0 91 62088 0 92 62095 0 76 62122 0 76 62150 0 51 62154 0 68 62155 0 69 62157 0 76 62166 0 52 62168 0 54 62186 0 53 62276 0 51 62290 0 52 62343 0 60 62343 0 61 62345 0 76 62364 0 69 62365 0 68 62367 0 90 62367 0 91 62367 0 92 62368 0 76 62375 0 53 62390 0 54 62394 0 76 62425 0 76 62427 0 51 62476 0 
TIME iteration: 299 ms
Round:118
IR: 0, 0, 0, 0, 0
62575 0 51 62575 0 54 62610 0 52 62691 0 53 62719 0 54 62740 0 51 62755 0 60 62755 0 61 62760 0 76 62762 0 67 62763 0 66 62771 0 79 62775 0 68 62775 0 69 62781 0 90 62781 0 91 62781 0 92 62784 0 76 62789 0 52 62793 0 53 62795 0 79 62811 0 76 62822 0 79 62844 0 76 62847 0 75 62853 0 74 62857 0 68 62857 0 79 62859 0 69 62905 0 51 62907 0 54 62910 0 76 62910 0 90 62910 0 91 62910 0 92 62923 0 53 62966 0 52 63014 0 54 63066 0 
TIME iteration: 305 ms
Round:119
IR: 0, 0, 0, 0, 0
63094 0 52 63110 0 54 63124 0 51 63218 0 54 63222 0 66 63222 0 67 63227 0 51 63227 0 79 63251 0 79 63251 0 90 63251 0 91 63251 0 92 63255 0 52 63256 0 74 63256 0 75 63278 0 79 63293 0 53 63311 0 79 63338 0 51 63373 0 54 63386 0 79 63394 0 52 63455 0 53 63460 0 51 63516 0 52 63540 0 54 63553 0 53 63586 0 64 63587 0 65 63589 0 63 63591 0 62 63595 0 78 63598 0 77 63599 0 
TIME iteration: 300 ms
Round:120
IR: 0, 0, 0, 0, 0
63603 0 67 63604 0 51 63606 0 79 63611 0 90 63611 0 91 63611 0 92 63619 0 78 63622 0 74 63622 0 75 63622 0 77 63630 0 79 63646 0 78 63649 0 77 63653 0 52 63657 0 79 63660 0 54 63675 0 71 63677 0 70 63681 0 78 63682 0 72 63683 0 77 63690 0 79 63691 0 73 63697 0 53 63710 0 74 63726 0 90 63726 0 91 63726 0 92 63750 0 52 63762 0 79 63776 0 54 63813 0 51 63845 0 53 63862 0 52 63985 0 53 63987 0 52 63992 0 51 64008 0 54 64035 0 62 64036 0 63 64040 0 77 64063 0 90 64063 0 91 64063 0 92 64064 0 77 64068 0 70 64068 0 71 64090 0 77 64123 0 
TIME iteration: 300 ms
Round:121
IR: 0, 0, 0, 0, 0
64145 0 52 64154 0 51 64161 0 54 64184 0 77 64209 0 53 64259 0 52 64318 0 53 64338 0 54 64363 0 51 64388 0 52 64394 0 62 64394 0 63 64398 0 77 64413 0 70 64414 0 71 64419 0 90 64419 0 91 64419 0 92 64421 0 77 64447 0 53 64447 0 77 64479 0 77 64491 0 54 64492 0 70 64514 0 71 64535 0 77 64550 0 51 64566 0 52 64642 0 
TIME iteration: 300 ms
Round:122
IR: 0, 0, 0, 0, 0
64670 0 54 64694 0 52 64699 0 63 64700 0 62 64703 0 77 64715 0 51 64724 0 70 64724 0 71 64724 0 90 64724 0 91 64724 0 92 64726 0 77 64752 0 77 64784 0 77 64803 0 52 64839 0 77 64853 0 54 64906 0 51 64920 0 53 65012 0 52 65025 0 54 65031 0 53 65036 0 51 65106 0 60 65106 0 61 65114 0 76 65132 0 90 65132 0 91 65132 0 92 65138 0 76 65165 0 76 65166 0 51 65174 0 
TIME iteration: 300 ms
Round:123
IR: 0, 0, 0, 0, 0
65198 0 68 65199 0 76 65202 0 69 65204 0 52 65251 0 54 65310 0 51 65354 0 53 65390 0 52 65437 0 54 65445 0 51 65449 0 60 65449 0 61 65452 0 76 65474 0 68 65474 0 90 65474 0 91 65474 0 92 65475 0 69 65475 0 76 65501 0 76 65533 0 76 65579 0 53 65587 0 76 65612 0 52 65619 0 54 65637 0 
TIME iteration: 299 ms
Round:124
IR: 0, 0, 0, 0, 0
65720 0 53 65746 0 54 65776 0 51 65790 0 52 65822 0 60 65822 0 61 65827 0 76 65841 0 68 65841 0 69 65848 0 90 65848 0 91 65848 0 92 65851 0 76 65869 0 54 65878 0 76 65881 0 53 65911 0 76 65919 0 69 65921 0 68 65947 0 52 65976 0 76 65994 0 51 66007 0 53 66076 0 52 66093 0 54 66172 0 53 66176 0 51 66193 0 60 66194 0 61 66198 0 76 66217 0 64 66219 0 90 66219 0 91 66219 0 92 66220 0 54 66221 0 69 66222 0 68 66222 0 76 66235 0 78 66236 0 52 66248 0 
TIME iteration: 301 ms
Round:125
IR: 0, 0, 0, 0, 0
66267 0 78 66281 0 76 66312 0 51 66322 0 78 66342 0 76 66358 0 90 66358 0 91 66358 0 92 66366 0 52 66382 0 53 66448 0 51 66449 0 54 66569 0 51 66580 0 53 66581 0 54 66615 0 52 66683 0 54 66701 0 66 66702 0 67 66707 0 51 66711 0 79 66720 0 60 66722 0 61 66727 0 76 66731 0 90 66731 0 91 66731 0 92 66735 0 79 66751 0 69 66751 0 76 66752 0 68 66762 0 79 66778 0 
TIME iteration: 300 ms
Round:126
IR: 0, 0, 0, 0, 0
66781 0 53 66797 0 79 66799 0 74 66804 0 75 66812 0 76 66821 0 52 66839 0 54 66857 0 90 66857 0 91 66857 0 92 66886 0 51 66888 0 76 66927 0 53 66975 0 52 67001 0 54 67013 0 51 67099 0 53 67110 0 54 67118 0 52 67187 0 51 67204 0 66 67212 0 67 67214 0 79 67218 0 54 67225 0 53 67238 0 79 67238 0 90 67238 0 91 67238 0 92 67245 0 74 67246 0 75 67265 0 79 67292 0 52 67299 0 
TIME iteration: 299 ms
Round:127
IR: 0, 0, 0, 0, 0
67328 0 51 67344 0 54 67386 0 53 67425 0 54 67474 0 51 67484 0 66 67487 0 67 67488 0 79 67490 0 53 67499 0 74 67499 0 75 67509 0 52 67509 0 90 67509 0 91 67509 0 92 67511 0 79 67537 0 79 67554 0 54 67560 0 74 67561 0 75 67569 0 79 67602 0 53 67624 0 79 67657 0 52 67679 0 51 67710 0 53 67715 0 54 67781 0 66 67781 0 67 67785 0 79 67802 0 75 67803 0 74 67805 0 90 67805 0 91 67805 0 92 67809 0 79 67812 0 52 67835 0 
TIME iteration: 300 ms
Round:128
IR: 0, 0, 0, 0, 0
67854 0 53 67868 0 79 67876 0 51 67896 0 75 67932 0 79 67973 0 53 67990 0 52 68013 0 51 68025 0 54 68133 0 54 68151 0 51 68154 0 66 68155 0 67 68160 0 53 68160 0 79 68162 0 52 68172 0 74 68173 0 60 68173 0 61 68180 0 90 68180 0 91 68180 0 92 68181 0 76 68184 0 75 68184 0 79 68205 0 76 68211 0 79 68232 0 76 68245 0 74 68245 0 79 68249 0 68 68250 0 69 68266 0 76 68277 0 51 68294 0 52 68299 0 53 68304 0 90 68304 0 91 68304 0 92 68325 0 
TIME iteration: 300 ms
Round:129
IR: 0, 0, 0, 0, 0
68444 0 51 68466 0 53 68505 0 52 68512 0 54 68626 0 53 68628 0 52 68650 0 54 68691 0 67 68693 0 66 68694 0 62 68696 0 51 68697 0 63 68698 0 79 68704 0 77 68719 0 90 68719 0 91 68719 0 92 68722 0 79 68724 0 75 68728 0 52 68728 0 77 68731 0 74 68749 0 79 68755 0 77 68779 0 54 68781 0 71 68782 0 53 68783 0 79 68790 0 77 68798 0 70 68844 0 51 68851 0 90 68851 0 91 68851 0 
TIME iteration: 300 ms
Round:130
IR: 0, 0, 0, 0, 0
68908 0 52 68940 0 54 68964 0 51 69012 0 52 69033 0 53 69061 0 54 69110 0 52 69116 0 51 69138 0 62 69139 0 63 69143 0 77 69167 0 77 69167 0 90 69167 0 91 69167 0 92 69171 0 53 69171 0 71 69172 0 70 69193 0 77 69226 0 77 69233 0 52 69261 0 54 69287 0 77 69295 0 53 69353 0 51 69368 0 
TIME iteration: 299 ms
Round:131
IR: 0, 0, 0, 0, 0
69436 0 54 69467 0 53 69468 0 51 69524 0 54 69533 0 52 69538 0 66 69538 0 67 69543 0 62 69543 0 63 69546 0 79 69548 0 77 69564 0 90 69564 0 91 69564 0 92 69566 0 70 69566 0 71 69570 0 79 69572 0 77 69590 0 74 69590 0 75 69597 0 79 69599 0 77 69605 0 51 69625 0 54 69632 0 77 69632 0 79 69649 0 53 69672 0 52 69694 0 90 69694 0 91 69694 0 92 69698 0 77 69752 0 51 69772 0 54 69799 0 53 69837 0 52 69912 0 54 69930 0 53 69944 0 
TIME iteration: 300 ms
Round:132
IR: 0, 0, 0, 0, 0
70039 0 52 70081 0 53 70084 0 51 70093 0 64 70094 0 65 70102 0 78 70110 0 60 70110 0 61 70118 0 76 70124 0 90 70124 0 91 70124 0 92 70126 0 78 70142 0 76 70153 0 78 70164 0 54 70169 0 76 70188 0 78 70193 0 69 70193 0 73 70194 0 68 70195 0 72 70201 0 51 70203 0 76 70215 0 53 70244 0 52 70252 0 90 70252 0 91 70252 0 92 70310 0 54 70353 0 53 70378 0 51 70438 0 
TIME iteration: 300 ms
Round:133
IR: 0, 0, 0, 0, 0
70497 0 52 70524 0 51 70524 0 53 70610 0 54 70642 0 66 70642 0 67 70650 0 79 70660 0 52 70672 0 90 70672 0 91 70672 0 92 70674 0 79 70687 0 53 70701 0 79 70708 0 74 70709 0 75 70736 0 79 70737 0 51 70744 0 54 70800 0 52 70869 0 51 70875 0 54 70897 0 53 70952 0 52 71007 0 
TIME iteration: 299 ms
Round:134
IR: 0, 0, 0, 0, 0
71049 0 64 71050 0 65 71057 0 78 71058 0 54 71063 0 66 71063 0 67 71068 0 79 71076 0 90 71076 0 91 71076 0 92 71081 0 78 71092 0 74 71092 0 75 71092 0 79 71108 0 78 71110 0 72 71110 0 73 71113 0 52 71118 0 79 71132 0 53 71136 0 51 71142 0 78 71151 0 79 71200 0 54 71203 0 90 71203 0 91 71203 0 92 71216 0 79 71261 0 52 71279 0 51 71313 0 54 71337 0 53 71397 0 52 71488 0 53 71497 0 51 71510 0 54 71540 0 
TIME iteration: 301 ms
Round:135
IR: 0, 0, 0, 0, 0
71570 0 62 71570 0 63 71578 0 77 71600 0 90 71600 0 91 71600 0 92 71602 0 77 71625 0 54 71629 0 77 71633 0 53 71653 0 52 71656 0 70 71659 0 71 71663 0 77 71701 0 51 71765 0 54 71777 0 53 71811 0 52 71885 0 51 71905 0 62 71911 0 77 71936 0 90 71936 0 91 71936 0 92 71940 0 77 71951 0 54 71953 0 53 71978 0 52 71980 0 77 72019 0 51 72060 0 54 72077 0 
TIME iteration: 310 ms
Round:136
IR: 0, 0, 0, 0, 0
72135 0 51 72154 0 54 72169 0 52 72194 0 53 72227 0 66 72228 0 67 72229 0 51 72236 0 79 72244 0 60 72244 0 61 72252 0 76 72253 0 54 72253 0 65 72255 0 90 72255 0 91 72255 0 92 72260 0 79 72270 0 78 72276 0 76 72287 0 79 72291 0 74 72294 0 75 72302 0 78 72303 0 76 72322 0 79 72328 0 52 72335 0 69 72337 0 68 72337 0 76 72355 0 78 72373 0 90 72373 0 91 72373 0 92 72374 0 51 72389 0 53 72452 0 54 72496 0 52 72529 0 53 72566 0 
TIME iteration: 301 ms
Round:137
IR: 0, 0, 0, 0, 0
72639 0 52 72701 0 51 72703 0 54 72719 0 53 72748 0 61 72750 0 60 72754 0 76 72778 0 76 72778 0 90 72778 0 91 72778 0 92 72786 0 69 72787 0 68 72799 0 52 72805 0 76 72820 0 51 72838 0 76 72864 0 54 72904 0 76 72910 0 53 72923 0 52 73034 0 54 73064 0 51 73127 0 53 73135 0 
TIME iteration: 300 ms
Round:138
IR: 0, 0, 0, 0, 0
73149 0 66 73150 0 67 73158 0 79 73176 0 90 73176 0 91 73176 0 92 73182 0 79 73184 0 52 73208 0 75 73209 0 79 73210 0 74 73220 0 51 73244 0 79 73249 0 54 73300 0 53 73339 0 51 73352 0 52 73429 0 53 73435 0 54 73526 0 52 73535 0 66 73544 0 79 73568 0 90 73568 0 91 73568 0 92 73574 0 79 73604 0 51 73609 0 54 73617 0 79 73636 0 
TIME iteration: 301 ms
Round:139
IR: 0, 0, 0, 0, 0
73696 0 52 73792 0 54 73868 0 51 73893 0 52 73897 0 53 73939 0 54 73971 0 66 73972 0 67 73977 0 79 74000 0 74 74000 0 75 74001 0 79 74001 0 90 74001 0 91 74001 0 92 74015 0 52 74024 0 51 74028 0 79 74062 0 79 74111 0 53 74174 0 51 74193 0 
TIME iteration: 299 ms
Round:140
IR: 0, 0, 0, 0, 0
74255 0 54 74317 0 53 74350 0 52 74385 0 51 74396 0 63 74398 0 62 74405 0 77 74424 0 90 74424 0 91 74424 0 92 74429 0 77 74441 0 54 74456 0 77 74479 0 52 74490 0 70 74490 0 77 74491 0 71 74522 0 53 74600 0 52 74606 0 54 74675 0 63 74678 0 62 74678 0 77 74695 0 52 74698 0 70 74698 0 71 74700 0 90 74700 0 91 74700 0 92 74701 0 77 74719 0 51 74727 0 
TIME iteration: 300 ms
Round:141
IR: 0, 0, 0, 0, 0
74758 0 77 74791 0 70 74808 0 77 74809 0 52 74815 0 53 74854 0 51 74890 0 54 74990 0 53 75026 0 51 75029 0 52 75057 0 63 75058 0 62 75062 0 77 75076 0 71 75083 0 90 75083 0 91 75083 0 92 75086 0 77 75087 0 70 75112 0 77 75115 0 54 75145 0 77 75151 0 71 75160 0 52 75168 0 51 75171 0 53 75206 0 
TIME iteration: 300 ms
Round:142
IR: 0, 0, 0, 0, 0
75262 0 54 75282 0 51 75286 0 52 75304 0 53 75342 0 62 75342 0 63 75345 0 77 75355 0 70 75363 0 71 75366 0 90 75366 0 91 75366 0 92 75368 0 77 75394 0 77 75416 0 70 75426 0 77 75428 0 51 75445 0 52 75480 0 77 75482 0 54 75552 0 51 75564 0 53 75583 0 52 75599 0 54 75665 0 63 75668 0 62 75670 0 77 75681 0 71 75690 0 70 75691 0 90 75691 0 91 75691 0 92 75693 0 77 75707 0 54 75708 0 52 75719 0 77 75735 0 51 75742 0 53 75743 0 71 75751 0 
TIME iteration: 300 ms
Round:143
IR: 0, 0, 0, 0, 0
75806 0 77 75825 0 54 75864 0 51 75878 0 53 75931 0 52 75993 0 54 76007 0 51 76016 0 53 76043 0 61 76045 0 60 76047 0 64 76048 0 65 76052 0 76 76056 0 67 76056 0 78 76058 0 66 76066 0 79 76069 0 52 76069 0 90 76069 0 91 76069 0 92 76076 0 76 76080 0 78 76090 0 79 76103 0 76 76107 0 78 76117 0 79 76135 0 69 76137 0 76 76139 0 51 76139 0 68 76140 0 74 76142 0 78 76143 0 73 76147 0 72 76150 0 75 76152 0 79 76185 0 90 76185 0 91 76185 0 92 76188 0 54 76225 0 52 76240 0 
TIME iteration: 300 ms
Round:144
IR: 0, 0, 0, 0, 0
76366 0 54 76383 0 52 76421 0 51 76504 0 53 76533 0 54 76556 0 51 76587 0 67 76589 0 66 76594 0 79 76599 0 52 76613 0 60 76616 0 61 76618 0 79 76618 0 90 76618 0 91 76618 0 92 76620 0 76 76626 0 74 76626 0 75 76644 0 76 76645 0 79 76656 0 68 76656 0 69 76671 0 76 76672 0 53 76679 0 79 76701 0 54 76704 0 76 76733 0 52 76742 0 90 76742 0 91 76742 0 92 76771 0 76 76807 0 53 76844 0 51 76849 0 
TIME iteration: 299 ms
Round:145
IR: 0, 0, 0, 0, 0
76883 0 54 76962 0 52 76990 0 53 76999 0 51 77016 0 54 77119 0 52 77121 0 51 77128 0 63 77129 0 62 77132 0 53 77135 0 60 77135 0 61 77137 0 77 77141 0 76 77155 0 64 77155 0 65 77157 0 90 77157 0 91 77157 0 92 77161 0 77 77163 0 78 77165 0 76 77168 0 68 77168 0 69 77187 0 78 77188 0 77 77192 0 76 77202 0 70 77206 0 54 77209 0 71 77214 0 78 77223 0 77 77224 0 73 77226 0 72 77226 0 76 77248 0 78 77266 0 52 77272 0 90 77272 0 91 77272 0 92 77302 0 76 77331 0 51 77333 0 
TIME iteration: 300 ms
Round:146
IR: 0, 0, 0, 0, 0
77390 0 54 77398 0 52 77514 0 52 77517 0 53 77521 0 51 77672 0 54 77699 0 51 77701 0 52 77707 0 62 77707 0 63 77710 0 53 77713 0 77 77728 0 60 77728 0 61 77735 0 76 77737 0 64 77737 0 65 77737 0 77 77737 0 90 77737 0 91 77737 0 92 77743 0 78 77747 0 70 77750 0 71 77759 0 76 77763 0 68 77764 0 77 77765 0 69 77767 0 78 77775 0 72 77778 0 73 77786 0 76 77794 0 78 77798 0 77 77819 0 54 77820 0 76 77822 0 51 77828 0 78 77850 0 90 77850 0 91 77850 0 92 77872 0 52 77874 0 77 77878 0 53 77904 0 
TIME iteration: 300 ms
Round:147
IR: 0, 0, 0, 0, 0
77933 0 54 77976 0 51 78026 0 52 78040 0 53 78080 0 54 78103 0 51 78177 0 52 78191 0 53 78228 0 62 78232 0 63 78234 0 65 78235 0 64 78236 0 77 78240 0 78 78256 0 54 78257 0 90 78257 0 91 78257 0 92 78260 0 77 78263 0 70 78264 0 71 78264 0 72 78264 0 78 78265 0 73 78269 0 51 78286 0 52 78287 0 77 78291 0 78 78321 0 77 78324 0 78 78386 0 51 78388 0 90 78388 0 91 78388 0 92 78389 0 53 78391 0 78 78396 0 77 78413 0 52 78426 0 
TIME iteration: 300 ms
Round:148
IR: 0, 0, 0, 0, 0
78499 0 53 78564 0 51 78571 0 52 78577 0 54 78710 0 53 78765 0 54 78785 0 51 78805 0 52 78809 0 67 78810 0 66 78818 0 79 78840 0 90 78840 0 91 78840 0 92 78842 0 79 78869 0 79 78878 0 53 78893 0 74 78900 0 75 78904 0 79 78933 0 54 78939 0 51 78963 0 
TIME iteration: 299 ms
Round:149
IR: 0, 0, 0, 0, 0
78971 0 53 79073 0 54 79085 0 53 79120 0 66 79121 0 67 79123 0 79 79131 0 52 79131 0 65 79133 0 64 79140 0 78 79144 0 74 79144 0 75 79145 0 90 79145 0 91 79145 0 92 79146 0 79 79164 0 78 79168 0 51 79172 0 79 79185 0 73 79187 0 72 79191 0 78 79204 0 79 79222 0 53 79225 0 78 79258 0 54 79258 0 79 79271 0 90 79271 0 91 79271 0 92 79310 0 51 79315 0 52 79368 0 54 79448 0 51 79468 0 52 79477 0 54 79478 0 
TIME iteration: 300 ms
Round:150
IR: 0, 0, 0, 0, 0
79558 0 54 79563 0 51 79568 0 66 79568 0 67 79574 0 79 79591 0 74 79593 0 75 79597 0 90 79597 0 91 79597 0 92 79598 0 79 79625 0 79 79629 0 52 79659 0 79 79701 0 54 79708 0 51 79737 0 53 79823 0 54 79838 0 52 79856 0 51 79887 0 53 79918 0 66 79925 0 79 79949 0 90 79949 0 91 79949 0 92 79954 0 79 79974 0 74 79981 0 52 79982 0 75 79995 0 79 80021 0 
TIME iteration: 299 ms
Round:151
IR: 0, 0, 0, 0, 0
80035 0 51 80097 0 54 80134 0 53 80179 0 51 80189 0 52 80208 0 54 80256 0 66 80256 0 67 80260 0 79 80283 0 90 80283 0 91 80283 0 92 80284 0 74 80284 0 75 80284 0 79 80286 0 53 80310 0 79 80321 0 51 80343 0 79 80369 0 52 80370 0 54 80407 0 79 80446 0 53 80529 0 54 80555 0 
TIME iteration: 299 ms
Round:152
IR: 0, 0, 0, 0, 0
80576 0 53 80635 0 65 80641 0 64 80646 0 78 80652 0 51 80664 0 90 80664 0 91 80664 0 92 80670 0 78 80681 0 54 80682 0 52 80697 0 78 80714 0 72 80717 0 73 80729 0 51 80731 0 78 80734 0 53 80791 0 54 80815 0 51 80854 0 52 80929 0 51 80945 0 61 80946 0 60 80950 0 54 80954 0 76 80970 0 90 80970 0 91 80970 0 92 80973 0 53 80978 0 76 81005 0 76 81036 0 52 81040 0 76 81043 0 68 81043 0 69 81047 0 51 81051 0 
TIME iteration: 310 ms
Round:153
IR: 0, 0, 0, 0, 0
81126 0 53 81155 0 52 81159 0 51 81196 0 61 81197 0 60 81198 0 76 81216 0 68 81216 0 69 81220 0 90 81220 0 91 81220 0 92 81221 0 76 81229 0 54 81247 0 76 81269 0 53 81278 0 76 81286 0 51 81297 0 69 81300 0 68 81306 0 52 81328 0 76 81398 0 51 81407 0 53 81414 0 52 81422 0 60 81423 0 61 81425 0 76 81440 0 68 81440 0 69 81445 0 90 81445 0 91 81445 0 92 81448 0 76 81474 0 76 81496 0 51 81505 0 76 81509 0 69 81513 0 68 81517 0 54 81524 0 52 81556 0 76 81560 0 
TIME iteration: 300 ms
Round:154
IR: 0, 0, 0, 0, 0
81621 0 51 81655 0 61 81657 0 60 81659 0 76 81666 0 52 81674 0 68 81674 0 69 81679 0 90 81679 0 91 81679 0 92 81682 0 76 81708 0 76 81711 0 54 81738 0 51 81740 0 76 81746 0 69 81749 0 68 81776 0 52 81793 0 76 81848 0 54 81902 0 52 81952 0 51 81953 0 54 81983 0 53 81990 0 60 81990 0 61 81994 0 76 81995 0 67 81997 0 66 82005 0 79 82015 0 68 82015 0 69 82015 0 90 82015 0 91 82015 0 92 82017 0 76 82029 0 79 82043 0 76 82056 0 79 82074 0 75 82075 0 76 82081 0 74 82088 0 54 82091 0 79 82095 0 51 82111 0 52 82130 0 53 82131 0 76 82144 0 90 82144 0 91 82144 0 
TIME iteration: 300 ms
Round:155
IR: 0, 0, 0, 0, 0
82238 0 52 82248 0 53 82292 0 51 82294 0 54 82386 0 52 82405 0 53 82413 0 51 82493 0 54 82498 0 52 82509 0 62 82510 0 63 82518 0 77 82539 0 90 82539 0 91 82539 0 92 82542 0 77 82569 0 77 82604 0 77 82606 0 70 82607 0 51 82610 0 71 82623 0 
TIME iteration: 299 ms
Round:156
IR: 0, 0, 0, 0, 0
82685 0 54 82729 0 53 82760 0 51 82832 0 52 82855 0 54 82877 0 62 82877 0 63 82879 0 53 82881 0 77 82903 0 90 82903 0 91 82903 0 92 82904 0 71 82904 0 77 82906 0 70 82930 0 77 82932 0 51 82939 0 54 82962 0 77 82983 0 52 83018 0 77 83054 0 54 83104 0 51 83115 0 53 83137 0 
TIME iteration: 299 ms
Round:157
IR: 0, 0, 0, 0, 0
83223 0 54 83262 0 66 83262 0 67 83269 0 51 83271 0 79 83288 0 90 83288 0 91 83288 0 92 83292 0 52 83295 0 79 83322 0 79 83323 0 53 83335 0 75 83337 0 74 83350 0 54 83357 0 79 83441 0 51 83442 0 52 83480 0 54 83490 0 53 83613 0 54 83614 0 66 83615 0 67 83617 0 51 83618 0 79 83639 0 52 83640 0 53 83640 0 74 83640 0 75 83640 0 90 83640 0 91 83640 0 92 83641 0 79 83667 0 79 83699 0 
TIME iteration: 300 ms
Round:158
IR: 0, 0, 0, 0, 0
83757 0 79 83773 0 52 83776 0 51 83797 0 53 83845 0 54 83888 0 52 83933 0 51 83989 0 54 83989 0 62 84006 0 77 84021 0 90 84021 0 91 84021 0 92 84031 0 52 84038 0 77 84045 0 53 84047 0 51 84091 0 77 84137 0 54 84192 0 52 84224 0 53 84267 0 
TIME iteration: 300 ms
Round:159
IR: 0, 0, 0, 0, 0
84301 0 54 84332 0 52 84386 0 63 84390 0 62 84393 0 77 84417 0 77 84417 0 90 84417 0 91 84417 0 92 84424 0 51 84424 0 70 84424 0 71 84431 0 54 84444 0 77 84477 0 77 84485 0 52 84496 0 53 84528 0 54 84542 0 77 84614 0 51 84634 0 54 84685 0 53 84693 0 52 84722 0 67 84735 0 66 84738 0 79 84750 0 54 84752 0 90 84752 0 91 84752 0 92 84762 0 79 84787 0 51 84789 0 79 84793 0 75 84794 0 
TIME iteration: 300 ms
Round:160
IR: 0, 0, 0, 0, 0
84802 0 52 84824 0 79 84870 0 53 84897 0 54 84918 0 51 84968 0 53 84978 0 52 85047 0 54 85071 0 67 85073 0 66 85076 0 79 85095 0 75 85096 0 74 85097 0 90 85097 0 91 85097 0 92 85100 0 79 85105 0 52 85126 0 79 85133 0 53 85150 0 51 85159 0 79 85222 0 79 85244 0 54 85250 0 52 85267 0 53 85303 0 
TIME iteration: 300 ms
Round:161
IR: 0, 0, 0, 0, 0
85383 0 54 85412 0 52 85425 0 53 85443 0 66 85444 0 67 85448 0 79 85461 0 74 85462 0 75 85465 0 65 85467 0 64 85469 0 90 85469 0 91 85469 0 92 85472 0 79 85474 0 78 85498 0 78 85498 0 79 85513 0 51 85523 0 54 85525 0 78 85531 0 79 85535 0 74 85537 0 75 85553 0 53 85559 0 78 85561 0 73 85573 0 72 85588 0 52 85591 0 90 85591 0 91 85591 0 92 85596 0 79 85642 0 51 85649 0 54 85683 0 53 85728 0 52 85755 0 54 85801 0 51 85849 0 53 85856 0 
TIME iteration: 300 ms
Round:162
IR: 0, 0, 0, 0, 0
85875 0 52 85880 0 66 85880 0 67 85886 0 79 85908 0 90 85908 0 91 85908 0 92 85910 0 79 85912 0 74 85913 0 75 85937 0 79 85971 0 79 85975 0 54 85994 0 51 86035 0 52 86091 0 53 86119 0 54 86137 0 51 86152 0 52 86207 0 53 86233 0 54 86240 0 67 86241 0 66 86244 0 79 86259 0 74 86260 0 75 86261 0 51 86266 0 90 86266 0 91 86266 0 92 86267 0 79 86276 0 52 86293 0 79 86325 0 79 86334 0 74 86335 0 54 86338 0 75 86383 0 
TIME iteration: 300 ms
Round:163
IR: 0, 0, 0, 0, 0
86390 0 53 86409 0 52 86422 0 51 86477 0 54 86501 0 66 86501 0 67 86504 0 79 86521 0 74 86521 0 75 86524 0 90 86524 0 91 86524 0 92 86527 0 79 86553 0 79 86563 0 53 86585 0 51 86585 0 79 86592 0 52 86600 0 74 86609 0 75 86642 0 79 86663 0 54 86692 0 53 86702 0 52 86755 0 51 86797 0 54 86799 0 53 86806 0 66 86806 0 67 86810 0 52 86810 0 79 86830 0 74 86830 0 75 86830 0 90 86830 0 91 86830 0 92 86834 0 79 86860 0 79 86893 0 79 86918 0 
TIME iteration: 300 ms
Round:164
IR: 0, 0, 0, 0, 0
86922 0 53 86928 0 52 86954 0 79 87055 0 52 87056 0 51 87066 0 53 87092 0 54 87169 0 51 87189 0 52 87196 0 62 87197 0 63 87205 0 77 87222 0 90 87222 0 91 87222 0 92 87229 0 77 87250 0 53 87256 0 77 87284 0 51 87287 0 70 87287 0 71 87291 0 77 87330 0 52 87425 0 54 87428 0 
TIME iteration: 300 ms
Round:165
IR: 0, 0, 0, 0, 0
87466 0 53 87510 0 52 87543 0 62 87545 0 63 87547 0 77 87569 0 90 87569 0 91 87569 0 92 87570 0 70 87570 0 71 87570 0 77 87596 0 77 87615 0 54 87625 0 53 87628 0 77 87635 0 51 87682 0 77 87695 0 52 87746 0 53 87769 0 51 87806 0 52 87831 0 54 87870 0 53 87879 0 63 87881 0 62 87884 0 77 87896 0 70 87896 0 71 87899 0 64 87899 0 65 87905 0 90 87905 0 91 87905 0 92 87907 0 51 87907 0 77 87907 0 78 87931 0 78 87933 0 77 87958 0 78 87963 0 71 87965 0 70 87965 0 
TIME iteration: 300 ms
Round:166
IR: 0, 0, 0, 0, 0
87982 0 52 87986 0 53 87991 0 72 87992 0 78 88008 0 51 88015 0 73 88021 0 77 88028 0 90 88028 0 91 88028 0 92 88053 0 54 88117 0 51 88151 0 53 88214 0 52 88228 0 54 88258 0 53 88383 0 54 88401 0 51 88413 0 52 88431 0 66 88432 0 67 88440 0 79 88462 0 90 88462 0 91 88462 0 92 88464 0 79 88474 0 53 88491 0 79 88509 0 
TIME iteration: 300 ms
Round:167
IR: 0, 0, 0, 0, 0
88513 0 75 88515 0 54 88526 0 79 88540 0 51 88642 0 54 88656 0 53 88683 0 52 88695 0 51 88759 0 54 88762 0 67 88763 0 66 88766 0 79 88787 0 74 88787 0 75 88788 0 90 88788 0 91 88788 0 92 88789 0 79 88815 0 79 88847 0 79 88860 0 51 88868 0 53 88873 0 52 88903 0 79 88942 0 54 89018 0 
TIME iteration: 299 ms
Round:168
IR: 0, 0, 0, 0, 0
89064 0 54 89068 0 51 89111 0 67 89113 0 66 89117 0 79 89128 0 52 89129 0 74 89129 0 75 89137 0 90 89137 0 91 89137 0 92 89141 0 79 89168 0 79 89199 0 51 89199 0 74 89199 0 75 89201 0 79 89242 0 54 89275 0 79 89278 0 53 89358 0 51 89400 0 54 89411 0 52 89424 0 67 89425 0 66 89429 0 79 89435 0 53 89448 0 74 89449 0 75 89449 0 90 89449 0 91 89449 0 92 89453 0 79 89480 0 79 89513 0 79 89527 0 54 89566 0 
TIME iteration: 300 ms
Round:169
IR: 0, 0, 0, 0, 0
89582 0 79 89598 0 52 89607 0 51 89703 0 54 89722 0 53 89774 0 52 89775 0 51 89831 0 54 89837 0 67 89838 0 66 89843 0 79 89859 0 74 89859 0 75 89864 0 90 89864 0 91 89864 0 92 89867 0 79 89894 0 79 89928 0 79 89942 0 53 89943 0 51 89993 0 52 90012 0 79 90059 0 
TIME iteration: 309 ms
Round:170
IR: 0, 0, 0, 0, 0
90147 0 53 90156 0 51 90183 0 52 90205 0 54 90240 0 51 90249 0 67 90251 0 66 90256 0 79 90257 0 60 90257 0 61 90265 0 76 90271 0 74 90271 0 75 90277 0 90 90277 0 91 90277 0 92 90280 0 79 90289 0 76 90305 0 53 90307 0 79 90316 0 76 90341 0 79 90344 0 68 90350 0 69 90350 0 76 90351 0 54 90361 0 75 90374 0 51 90384 0 52 90407 0 90 90407 0 91 90407 0 92 90484 0 54 90499 0 53 90522 0 52 90528 0 51 90593 0 54 90620 0 
TIME iteration: 301 ms
Round:171
IR: 0, 0, 0, 0, 0
90634 0 52 90642 0 51 90726 0 54 90732 0 53 90743 0 66 90743 0 67 90749 0 64 90749 0 65 90749 0 79 90757 0 78 90770 0 74 90771 0 90 90771 0 91 90771 0 92 90773 0 79 90779 0 75 90781 0 78 90800 0 79 90808 0 78 90834 0 79 90835 0 52 90838 0 51 90840 0 72 90842 0 78 90844 0 73 90865 0 53 90903 0 90 90903 0 91 90903 0 92 90974 0 54 91031 0 53 91059 0 52 91081 0 54 91105 0 
TIME iteration: 301 ms
Round:172
IR: 0, 0, 0, 0, 0
91161 0 53 91181 0 52 91246 0 54 91275 0 66 91276 0 67 91282 0 79 91287 0 51 91306 0 79 91306 0 90 91306 0 91 91306 0 92 91308 0 74 91308 0 75 91310 0 52 91333 0 79 91367 0 79 91410 0 53 91432 0 54 91449 0 52 91480 0 51 91566 0 53 91571 0 52 91618 0 54 91639 0 62 91641 0 63 91648 0 77 91666 0 90 91666 0 91 91666 0 92 91672 0 77 91673 0 52 91683 0 
TIME iteration: 299 ms
Round:173
IR: 0, 0, 0, 0, 0
91699 0 77 91733 0 77 91735 0 71 91738 0 70 91756 0 54 91777 0 53 91778 0 52 91858 0 54 91899 0 52 91910 0 53 91914 0 62 91915 0 51 91915 0 63 91916 0 77 91936 0 70 91936 0 71 91938 0 90 91938 0 91 91938 0 92 91939 0 77 91965 0 77 91977 0 54 91996 0 77 92019 0 52 92036 0 70 92046 0 77 92048 0 53 92062 0 51 92120 0 54 92149 0 53 92168 0 51 92187 0 
TIME iteration: 300 ms
Round:174
IR: 0, 0, 0, 0, 0
92226 0 62 92229 0 63 92231 0 77 92240 0 71 92252 0 70 92252 0 90 92252 0 91 92252 0 92 92254 0 77 92259 0 53 92280 0 77 92299 0 71 92312 0 77 92325 0 51 92327 0 54 92367 0 77 92411 0 53 92458 0 54 92463 0 51 92464 0 52 92527 0 53 92584 0 65 92586 0 64 92593 0 78 92608 0 52 92610 0 90 92610 0 91 92610 0 92 92613 0 54 92617 0 78 92644 0 78 92669 0 73 92671 0 53 92672 0 72 92676 0 51 92678 0 
TIME iteration: 300 ms
Round:175
IR: 0, 0, 0, 0, 0
92805 0 53 92812 0 54 92833 0 52 92846 0 51 92879 0 64 92883 0 78 92886 0 65 92904 0 73 92905 0 72 92906 0 78 92907 0 90 92907 0 91 92907 0 92 92917 0 54 92922 0 53 92932 0 78 92955 0 52 92963 0 78 92970 0 51 93012 0 78 93021 0 54 93090 0 53 93115 0 54 93141 0 52 93185 0 51 93205 0 66 93206 0 67 93214 0 79 93227 0 54 93230 0 90 93230 0 91 93230 0 92 93238 0 79 93244 0 53 93265 0 
TIME iteration: 300 ms
Round:176
IR: 0, 0, 0, 0, 0
93291 0 75 93292 0 74 93293 0 52 93300 0 79 93368 0 54 93369 0 51 93383 0 53 93447 0 52 93516 0 53 93532 0 51 93574 0 54 93574 0 65 93575 0 64 93581 0 78 93598 0 66 93598 0 67 93600 0 90 93600 0 91 93600 0 92 93602 0 79 93605 0 78 93615 0 72 93616 0 73 93626 0 79 93627 0 74 93627 0 75 93632 0 78 93652 0 79 93666 0 78 93669 0 51 93685 0 79 93718 0 53 93722 0 90 93722 0 91 93722 0 92 93730 0 52 93746 0 79 93747 0 78 93789 0 54 93796 0 
TIME iteration: 300 ms
Round:177
IR: 0, 0, 0, 0, 0
93890 0 53 93914 0 51 93930 0 54 93942 0 52 94065 0 53 94079 0 51 94101 0 60 94103 0 61 94110 0 76 94132 0 52 94132 0 90 94132 0 91 94132 0 92 94134 0 76 94136 0 54 94161 0 76 94183 0 51 94195 0 76 94196 0 68 94196 0 69 94207 0 53 94247 0 52 94251 0 51 94332 0 
TIME iteration: 299 ms
Round:178
IR: 0, 0, 0, 0, 0
94368 0 51 94371 0 60 94371 0 61 94373 0 76 94389 0 52 94391 0 69 94392 0 68 94395 0 90 94395 0 91 94395 0 92 94396 0 76 94418 0 53 94422 0 76 94453 0 76 94479 0 68 94480 0 51 94498 0 69 94504 0 76 94561 0 52 94602 0 53 94630 0 54 94684 0 51 94700 0 60 94701 0 61 94704 0 76 94725 0 90 94725 0 91 94725 0 92 94726 0 68 94727 0 69 94727 0 76 94734 0 52 94753 0 76 94760 0 53 94785 0 76 94792 0 54 94840 0 
TIME iteration: 300 ms
Round:179
IR: 0, 0, 0, 0, 0
94884 0 52 94907 0 51 94919 0 54 94931 0 53 95026 0 52 95042 0 54 95046 0 53 95061 0 51 95065 0 66 95065 0 67 95074 0 79 95080 0 64 95081 0 65 95089 0 62 95089 0 78 95090 0 63 95090 0 90 95090 0 91 95090 0 92 95098 0 77 95098 0 79 95113 0 78 95122 0 77 95125 0 79 95138 0 74 95140 0 78 95142 0 75 95149 0 77 95159 0 72 95159 0 73 95160 0 79 95174 0 52 95175 0 78 95178 0 71 95184 0 70 95184 0 77 95201 0 54 95203 0 90 95203 0 91 95203 0 92 95207 0 53 95227 0 51 95318 0 53 95320 0 52 95354 0 54 95385 0 
TIME iteration: 300 ms
Round:180
IR: 0, 0, 0, 0, 0
95429 0 52 95523 0 54 95557 0 53 95562 0 52 95565 0 62 95565 0 63 95570 0 77 95594 0 77 95594 0 90 95594 0 91 95594 0 92 95595 0 51 95599 0 71 95600 0 70 95621 0 77 95652 0 54 95654 0 77 95701 0 52 95708 0 51 95720 0 77 95754 0 54 95780 0 53 95847 0 51 95886 0 53 95910 0 
TIME iteration: 299 ms
Round:181
IR: 0, 0, 0, 0, 0
95966 0 54 95969 0 51 95972 0 60 95972 0 61 95975 0 65 95978 0 64 95980 0 76 95984 0 78 95995 0 53 95997 0 62 95997 0 90 95997 0 91 95997 0 92 96004 0 76 96008 0 77 96008 0 78 96031 0 76 96035 0 73 96035 0 78 96037 0 72 96038 0 77 96040 0 69 96041 0 68 96064 0 52 96065 0 76 96069 0 78 96082 0 77 96116 0 90 96116 0 91 96116 0 92 96121 0 54 96126 0 51 96197 0 53 96236 0 54 96238 0 51 96284 0 52 96342 0 51 96370 0 53 96377 0 54 96428 0 61 96432 0 60 96435 0 76 96444 0 52 96458 0 90 96458 0 91 96458 0 92 96459 0 
TIME iteration: 300 ms
Round:182
IR: 0, 0, 0, 0, 0
96463 0 69 96464 0 68 96486 0 76 96488 0 51 96506 0 53 96519 0 76 96529 0 54 96573 0 52 96584 0 76 96657 0 53 96683 0 51 96702 0 54 96705 0 52 96787 0 51 96806 0 60 96806 0 61 96811 0 76 96826 0 53 96826 0 69 96827 0 68 96830 0 52 96832 0 90 96832 0 91 96832 0 92 96835 0 76 96862 0 76 96895 0 76 96918 0 54 96921 0 69 96944 0 52 96951 0 53 96960 0 76 96964 0 
TIME iteration: 299 ms
Round:183
IR: 0, 0, 0, 0, 0
97053 0 52 97082 0 53 97186 0 54 97203 0 52 97206 0 62 97207 0 63 97215 0 77 97221 0 53 97225 0 64 97225 0 65 97233 0 78 97233 0 90 97233 0 91 97233 0 92 97239 0 77 97257 0 78 97266 0 77 97276 0 71 97277 0 70 97282 0 51 97284 0 78 97296 0 73 97297 0 72 97301 0 77 97318 0 78 97329 0 54 97336 0 52 97336 0 53 97358 0 90 97358 0 91 97358 0 92 97451 0 54 97464 0 52 97507 0 
TIME iteration: 299 ms
Round:184
IR: 0, 0, 0, 0, 0
97520 0 53 97652 0 53 97660 0 51 97660 0 52 97726 0 54 97730 0 64 97731 0 65 97736 0 78 97760 0 78 97760 0 90 97760 0 91 97760 0 92 97766 0 72 97767 0 73 97787 0 78 97802 0 53 97820 0 78 97850 0 51 97864 0 54 97881 0 52 97887 0 78 97907 0 53 97979 0 52 98015 0 51 98023 0 54 98046 0 
TIME iteration: 299 ms
Round:185
IR: 0, 0, 0, 0, 0
98067 0 64 98067 0 65 98071 0 78 98084 0 72 98086 0 73 98092 0 90 98092 0 91 98092 0 92 98094 0 78 98120 0 78 98125 0 52 98152 0 78 98156 0 72 98161 0 54 98166 0 73 98188 0 53 98202 0 51 98208 0 78 98314 0 52 98324 0 51 98329 0 54 98437 0 51 98447 0 61 98448 0 60 98452 0 53 98456 0 76 98457 0 52 98473 0 90 98473 0 91 98473 0 92 98480 0 76 98507 0 76 98527 0 68 98529 0 69 98542 0 
TIME iteration: 300 ms
Round:186
IR: 0, 0, 0, 0, 0
98586 0 54 98593 0 51 98609 0 53 98634 0 52 98716 0 51 98746 0 60 98747 0 61 98749 0 76 98768 0 68 98768 0 69 98771 0 90 98771 0 91 98771 0 92 98772 0 76 98787 0 52 98798 0 76 98816 0 53 98830 0 76 98856 0 54 98883 0 76 98897 0 51 98952 0 52 98977 0 54 99021 0 51 99064 0 53 99098 0 60 99099 0 52 99101 0 61 99104 0 
TIME iteration: 508 ms
Round:187
IR: 0, 0, 0, 0, 0
99116 0 68 99116 0 69 99125 0 90 99125 0 91 99125 0 92 99128 0 76 99149 0 54 99154 0 76 99184 0 69 99185 0 68 99187 0 76 99207 0 51 99248 0 76 99269 0 53 99306 0 52 99340 0 54 99363 0 51 99396 0 60 99397 0 61 99398 0 53 99400 0 76 99418 0 69 99419 0 68 99421 0 90 99421 0 91 99421 0 92 99423 0 76 99449 0 76 99457 0 52 99481 0 76 99495 0 54 99505 0 51 99536 0 76 99575 0 53 99635 0 
TIME iteration: 299 ms
Round:188
IR: 0, 0, 0, 0, 0
99683 0 52 99734 0 53 99739 0 54 99757 0 67 99758 0 66 99766 0 79 99783 0 90 99783 0 91 99783 0 92 99790 0 79 99817 0 79 99842 0 52 99850 0 75 99851 0 51 99852 0 79 99853 0 53 99861 0 74 99885 0 54 99964 0 51 99984 0 54 100013 0 53 100013 0 66 100013 0 67 100015 0 79 100033 0 52 100033 0 74 100033 0 75 100036 0 90 100036 0 91 100036 0 92 100038 0 79 100064 0 79 100096 0 79 100100 0 51 100116 0 74 100116 0 75 100149 0 
TIME iteration: 300 ms
Round:189
IR: 0, 0, 0, 0, 0
100176 0 54 100224 0 51 100280 0 52 100308 0 53 100368 0 54 100382 0 66 100382 0 67 100387 0 79 100390 0 52 100407 0 90 100407 0 91 100407 0 92 100409 0 75 100410 0 74 100411 0 79 100421 0 51 100438 0 53 100438 0 79 100472 0 79 100513 0 52 100514 0 54 100581 0 51 100631 0 54 100659 0 53 100696 0 
TIME iteration: 299 ms
Round:190
IR: 0, 0, 0, 0, 0
100711 0 67 100717 0 79 100718 0 66 100731 0 74 100731 0 75 100739 0 90 100739 0 91 100739 0 92 100740 0 79 100746 0 54 100764 0 51 100766 0 79 100797 0 75 100798 0 79 100799 0 74 100802 0 53 100850 0 52 100853 0 79 100893 0 54 100962 0 51 100976 0 52 101048 0 53 101072 0 54 101082 0 66 101082 0 67 101087 0 79 101107 0 90 101107 0 91 101107 0 92 101108 0 75 101109 0 74 101111 0 79 101138 0 79 101143 0 51 101170 0 54 101171 0 52 101171 0 
TIME iteration: 299 ms
Round:191
IR: 0, 0, 0, 0, 0
101244 0 79 101249 0 53 101251 0 51 101290 0 52 101293 0 54 101386 0 53 101413 0 51 101450 0 52 101461 0 60 101461 0 61 101469 0 76 101477 0 62 101478 0 63 101486 0 77 101487 0 90 101487 0 91 101487 0 92 101493 0 76 101510 0 77 101520 0 76 101537 0 77 101550 0 68 101553 0 54 101553 0 69 101554 0 76 101560 0 53 101570 0 51 101572 0 77 101573 0 70 101577 0 71 101612 0 90 101612 0 91 101612 0 92 101700 0 51 101718 0 52 101724 0 
TIME iteration: 300 ms
Round:192
IR: 0, 0, 0, 0, 0
101767 0 54 101852 0 53 101936 0 51 101953 0 54 101968 0 52 102100 0 52 102105 0 53 102111 0 62 102111 0 63 102117 0 77 102127 0 51 102128 0 65 102129 0 64 102137 0 78 102141 0 54 102141 0 77 102143 0 60 102143 0 90 102143 0 91 102143 0 92 102156 0 71 102157 0 76 102158 0 70 102161 0 78 102168 0 77 102188 0 76 102188 0 78 102202 0 77 102223 0 78 102233 0 72 102236 0 76 102239 0 73 102262 0 90 102262 0 91 102262 0 92 102272 0 51 102278 0 
TIME iteration: 299 ms
Round:193
IR: 0, 0, 0, 0, 0
102302 0 52 102351 0 53 102384 0 54 102403 0 52 102436 0 51 102526 0 53 102531 0 54 102547 0 52 102592 0 51 102597 0 62 102597 0 63 102603 0 77 102626 0 90 102626 0 91 102626 0 92 102627 0 77 102628 0 71 102630 0 70 102654 0 77 102660 0 54 102688 0 77 102701 0 53 102711 0 52 102764 0 77 102802 0 
TIME iteration: 299 ms
Round:194
IR: 0, 0, 0, 0, 0
102828 0 51 102831 0 53 102839 0 52 102940 0 54 102978 0 67 102979 0 51 102979 0 66 102987 0 79 103005 0 90 103005 0 91 103005 0 92 103006 0 52 103011 0 79 103038 0 79 103066 0 75 103069 0 74 103073 0 79 103091 0 53 103093 0 51 103164 0 54 103238 0 51 103246 0 52 103294 0 53 103320 0 54 103347 0 67 103348 0 
TIME iteration: 299 ms
Round:195
IR: 0, 0, 0, 0, 0
103352 0 79 103373 0 90 103373 0 91 103373 0 92 103376 0 74 103376 0 75 103376 0 79 103391 0 51 103403 0 79 103436 0 79 103504 0 52 103511 0 79 103524 0 54 103543 0 51 103557 0 53 103689 0 54 103710 0 52 103734 0 53 103747 0 67 103748 0 66 103753 0 79 103764 0 51 103769 0 74 103769 0 75 103774 0 90 103774 0 91 103774 0 92 103777 0 79 103804 0 79 103815 0 54 103838 0 79 103868 0 
TIME iteration: 299 ms
Round:196
IR: 0, 0, 0, 0, 0
103894 0 52 103913 0 51 103953 0 54 104010 0 52 104058 0 53 104115 0 51 104126 0 52 104134 0 62 104134 0 63 104142 0 77 104160 0 90 104160 0 91 104160 0 92 104163 0 54 104166 0 77 104193 0 77 104199 0 53 104207 0 70 104211 0 71 104227 0 77 104251 0 52 104262 0 51 104291 0 54 104340 0 53 104403 0 
TIME iteration: 299 ms
Round:197
IR: 0, 0, 0, 0, 0
104425 0 54 104434 0 51 104450 0 62 104450 0 63 104453 0 77 104472 0 70 104473 0 71 104474 0 90 104474 0 91 104474 0 92 104476 0 77 104478 0 53 104502 0 77 104534 0 77 104567 0 52 104588 0 77 104619 0 54 104658 0 51 104730 0 53 104733 0 52 104813 0 54 104864 0 53 104866 0 52 104870 0 63 104871 0 62 104876 0 77 104892 0 70 104892 0 71 104897 0 90 104897 0 91 104897 0 92 104900 0 77 104915 0 51 104927 0 77 104929 0 
TIME iteration: 299 ms
Round:198
IR: 0, 0, 0, 0, 0
104946 0 52 104960 0 77 104983 0 53 105027 0 77 105066 0 51 105083 0 54 105105 0 52 105171 0 53 105195 0 51 105213 0 54 105221 0 52 105232 0 62 105233 0 63 105237 0 77 105247 0 60 105249 0 61 105249 0 66 105249 0 67 105250 0 70 105250 0 71 105256 0 76 105258 0 79 105258 0 90 105258 0 91 105258 0 92 105261 0 77 105280 0 76 105282 0 79 105287 0 77 105307 0 76 105309 0 79 105320 0 53 105320 0 77 105323 0 71 105324 0 70 105325 0 74 105328 0 75 105339 0 69 105341 0 76 105344 0 79 105345 0 52 105353 0 68 105372 0 90 105372 0 91 105372 0 92 105375 0 54 105381 0 77 105386 0 
TIME iteration: 300 ms
Round:199
IR: 0, 0, 0, 0, 0
105493 0 51 105497 0 52 105497 0 53 105550 0 54 105619 0 52 105645 0 51 105650 0 53 105709 0 60 105710 0 61 105714 0 76 105738 0 76 105738 0 90 105738 0 91 105738 0 92 105744 0 52 105744 0 69 105745 0 68 105764 0 76 105768 0 54 105797 0 76 105812 0 53 105815 0 51 105858 0 76 105892 0 52 105906 0 54 105952 0 53 105968 0 51 105997 0 
TIME iteration: 299 ms
