Round:0
IR: 0, 0, 0, 0, 0
377 0 53 449 0 52 517 0 54 520 0 53 522 0 
TIME iteration: 434 ms
Round:1
IR: 0, 0, 0, 0, 0
537 0 64 538 0 65 546 0 78 570 0 78 578 0 90 578 0 91 578 0 92 597 0 78 617 0 52 629 0 53 632 0 78 636 0 51 638 0 73 678 0 54 742 0 52 780 0 51 787 0 53 822 0 54 933 0 53 937 0 52 944 0 64 944 0 65 947 0 51 948 0 78 965 0 72 971 0 78 971 0 90 971 0 91 971 0 92 974 0 73 997 0 78 1011 0 54 1029 0 
TIME iteration: 300 ms
Round:2
IR: 0, 0, 0, 0, 0
1075 0 52 1077 0 53 1085 0 78 1174 0 54 1211 0 53 1212 0 51 1267 0 52 1302 0 65 1311 0 78 1322 0 54 1333 0 90 1333 0 91 1333 0 92 1340 0 78 1367 0 72 1375 0 73 1382 0 78 1406 0 53 1424 0 52 1454 0 51 1482 0 54 1545 0 52 1583 0 54 1589 0 
TIME iteration: 299 ms
Round:3
IR: 0, 0, 0, 0, 0
1608 0 53 1647 0 52 1661 0 62 1661 0 63 1669 0 77 1670 0 66 1681 0 67 1685 0 79 1689 0 90 1689 0 91 1689 0 92 1693 0 77 1707 0 54 1709 0 79 1716 0 53 1720 0 77 1736 0 79 1754 0 77 1755 0 52 1757 0 70 1771 0 79 1772 0 75 1776 0 74 1788 0 71 1799 0 51 1816 0 90 1816 0 91 1816 0 92 1891 0 54 1904 0 52 1910 0 53 2013 0 51 2046 0 54 2073 0 52 2097 0 
TIME iteration: 299 ms
Round:4
IR: 0, 0, 0, 0, 0
2128 0 51 2202 0 60 2204 0 61 2211 0 76 2224 0 51 2233 0 90 2233 0 91 2233 0 92 2235 0 76 2246 0 52 2262 0 76 2275 0 53 2296 0 76 2297 0 54 2299 0 68 2299 0 69 2347 0 51 2432 0 53 2452 0 54 2496 0 52 2539 0 51 2547 0 53 2565 0 60 2565 0 61 2568 0 76 2579 0 65 2580 0 64 2588 0 78 2591 0 68 2591 0 76 2591 0 90 2591 0 91 2591 0 92 2593 0 69 2612 0 78 2617 0 76 2632 0 54 2639 0 78 2649 0 
TIME iteration: 299 ms
Round:5
IR: 0, 0, 0, 0, 0
2657 0 72 2658 0 73 2660 0 52 2674 0 78 2702 0 51 2703 0 76 2717 0 90 2717 0 91 2717 0 92 2741 0 53 2786 0 54 2873 0 52 2903 0 51 2914 0 53 3008 0 52 3041 0 54 3055 0 53 3062 0 51 3096 0 64 3096 0 65 3101 0 78 3125 0 78 3126 0 90 3126 0 91 3126 0 92 3132 0 72 3133 0 73 3152 0 78 3165 0 
TIME iteration: 300 ms
Round:6
IR: 0, 0, 0, 0, 0
3185 0 78 3222 0 53 3249 0 52 3251 0 78 3255 0 51 3337 0 54 3376 0 53 3398 0 52 3418 0 51 3461 0 54 3491 0 67 3492 0 66 3496 0 52 3499 0 53 3500 0 79 3502 0 64 3502 0 65 3505 0 63 3506 0 62 3507 0 78 3514 0 77 3518 0 90 3518 0 91 3518 0 92 3524 0 79 3525 0 72 3525 0 73 3531 0 78 3533 0 51 3538 0 77 3551 0 79 3558 0 78 3565 0 77 3575 0 74 3583 0 75 3586 0 70 3586 0 79 3591 0 78 3599 0 71 3600 0 77 3633 0 90 3633 0 91 3633 0 92 3643 0 53 3657 0 78 3658 0 52 3669 0 51 3681 0 
TIME iteration: 300 ms
Round:7
IR: 0, 0, 0, 0, 0
3786 0 51 3796 0 52 3806 0 53 3823 0 54 3915 0 51 3943 0 53 3951 0 54 3957 0 52 3961 0 60 3961 0 61 3969 0 76 3981 0 67 3982 0 66 3987 0 79 3989 0 90 3989 0 91 3989 0 92 3993 0 76 4011 0 79 4017 0 74 4017 0 75 4020 0 76 4034 0 69 4036 0 68 4038 0 79 4050 0 54 4054 0 76 4072 0 79 4087 0 51 4114 0 90 4114 0 91 4114 0 92 4159 0 53 4191 0 54 4201 0 
TIME iteration: 299 ms
Round:8
IR: 0, 0, 0, 0, 0
4292 0 52 4342 0 51 4352 0 53 4402 0 54 4478 0 51 4489 0 61 4491 0 60 4496 0 76 4501 0 53 4506 0 52 4520 0 76 4520 0 90 4520 0 91 4520 0 92 4527 0 69 4528 0 68 4541 0 54 4547 0 76 4581 0 76 4645 0 51 4651 0 52 4657 0 54 4657 0 76 4660 0 
TIME iteration: 299 ms
Round:9
IR: 0, 0, 0, 0, 0
4798 0 52 4808 0 54 4809 0 51 4828 0 53 4866 0 67 4869 0 66 4872 0 60 4874 0 61 4876 0 79 4878 0 76 4893 0 90 4893 0 91 4893 0 92 4895 0 69 4896 0 68 4900 0 79 4902 0 76 4921 0 75 4923 0 74 4927 0 79 4929 0 76 4937 0 53 4962 0 76 4962 0 79 4971 0 54 4988 0 51 4989 0 52 5022 0 90 5022 0 91 5022 0 92 5027 0 76 5074 0 53 5181 0 52 5203 0 51 5206 0 54 5215 0 
TIME iteration: 299 ms
Round:10
IR: 0, 0, 0, 0, 0
5323 0 52 5338 0 54 5397 0 53 5432 0 64 5433 0 65 5441 0 78 5454 0 54 5455 0 66 5455 0 67 5462 0 79 5463 0 90 5463 0 91 5463 0 92 5465 0 78 5472 0 51 5486 0 79 5492 0 78 5493 0 74 5493 0 75 5513 0 79 5518 0 73 5521 0 72 5525 0 53 5527 0 78 5541 0 52 5547 0 79 5589 0 90 5589 0 91 5589 0 92 5635 0 54 5646 0 53 5675 0 51 5777 0 54 5791 0 52 5797 0 51 5819 0 
TIME iteration: 299 ms
Round:11
IR: 0, 0, 0, 0, 0
5933 0 51 5954 0 60 5954 0 61 5962 0 76 5984 0 90 5984 0 91 5984 0 92 5986 0 76 5996 0 53 6013 0 54 6013 0 68 6013 0 76 6017 0 69 6047 0 76 6058 0 52 6100 0 51 6140 0 54 6161 0 53 6220 0 52 6268 0 51 6321 0 61 6323 0 60 6326 0 76 6342 0 54 6346 0 68 6347 0 69 6348 0 90 6348 0 91 6348 0 92 6349 0 76 6353 0 
TIME iteration: 299 ms
Round:12
IR: 0, 0, 0, 0, 0
6375 0 76 6407 0 76 6442 0 51 6463 0 76 6479 0 52 6479 0 53 6507 0 54 6635 0 53 6678 0 52 6685 0 54 6707 0 51 6753 0 53 6762 0 64 6762 0 65 6770 0 66 6770 0 78 6781 0 67 6785 0 79 6789 0 90 6789 0 91 6789 0 92 6794 0 78 6802 0 54 6809 0 79 6821 0 78 6834 0 72 6836 0 79 6837 0 73 6848 0 75 6849 0 74 6855 0 78 6858 0 51 6871 0 79 6872 0 
TIME iteration: 299 ms
Round:13
IR: 0, 0, 0, 0, 0
6908 0 54 6909 0 52 6916 0 90 6916 0 91 6916 0 92 6981 0 53 6989 0 54 7082 0 51 7113 0 54 7178 0 53 7193 0 54 7201 0 52 7204 0 67 7205 0 66 7209 0 79 7217 0 51 7233 0 79 7233 0 90 7233 0 91 7233 0 92 7234 0 74 7236 0 75 7259 0 79 7292 0 79 7325 0 52 7344 0 54 7352 0 53 7361 0 79 7417 0 
TIME iteration: 299 ms
Round:14
IR: 0, 0, 0, 0, 0
7498 0 52 7507 0 53 7521 0 54 7525 0 51 7596 0 60 7597 0 61 7603 0 66 7603 0 67 7605 0 76 7608 0 79 7623 0 90 7623 0 91 7623 0 92 7625 0 74 7626 0 75 7629 0 51 7629 0 76 7632 0 79 7656 0 76 7659 0 52 7659 0 79 7662 0 69 7664 0 53 7666 0 68 7691 0 76 7692 0 79 7707 0 54 7723 0 51 7753 0 90 7753 0 91 7753 0 92 7761 0 53 7764 0 79 7807 0 52 7858 0 54 7866 0 51 7871 0 
TIME iteration: 300 ms
Round:15
IR: 0, 0, 0, 0, 0
7973 0 52 7996 0 54 8013 0 51 8054 0 53 8099 0 54 8109 0 66 8110 0 67 8116 0 79 8137 0 74 8137 0 75 8138 0 52 8139 0 90 8139 0 91 8139 0 92 8140 0 79 8167 0 79 8185 0 51 8196 0 53 8201 0 79 8275 0 52 8282 0 54 8298 0 53 8318 0 51 8401 0 54 8408 0 52 8456 0 67 8459 0 51 8462 0 66 8463 0 79 8476 0 53 8476 0 74 8477 0 
TIME iteration: 300 ms
Round:16
IR: 0, 0, 0, 0, 0
8485 0 90 8485 0 91 8485 0 92 8486 0 79 8512 0 79 8544 0 79 8547 0 74 8548 0 75 8554 0 52 8604 0 79 8617 0 54 8618 0 53 8643 0 51 8768 0 51 8801 0 54 8823 0 66 8823 0 67 8828 0 79 8829 0 52 8848 0 90 8848 0 91 8848 0 92 8850 0 75 8851 0 74 8852 0 79 8877 0 53 8879 0 79 8910 0 51 8913 0 79 8935 0 54 8992 0 
TIME iteration: 309 ms
Round:17
IR: 0, 0, 0, 0, 0
9043 0 51 9058 0 54 9120 0 52 9130 0 53 9172 0 51 9183 0 64 9183 0 65 9191 0 78 9195 0 61 9196 0 60 9204 0 76 9208 0 90 9208 0 91 9208 0 92 9215 0 78 9228 0 76 9242 0 78 9255 0 76 9267 0 72 9275 0 73 9276 0 78 9280 0 68 9280 0 69 9290 0 76 9291 0 52 9313 0 51 9334 0 90 9334 0 91 9334 0 92 9351 0 53 9355 0 54 9459 0 51 9467 0 52 9508 0 
TIME iteration: 299 ms
Round:18
IR: 0, 0, 0, 0, 0
9579 0 53 9590 0 52 9637 0 51 9713 0 53 9751 0 65 9752 0 64 9753 0 54 9757 0 78 9781 0 78 9782 0 90 9782 0 91 9782 0 92 9790 0 51 9793 0 72 9793 0 73 9808 0 78 9827 0 52 9841 0 78 9846 0 53 9876 0 54 9908 0 78 9980 0 51 9980 0 52 9996 0 54 10008 0 
TIME iteration: 298 ms
Round:19
IR: 0, 0, 0, 0, 0
10075 0 52 10105 0 63 10107 0 62 10114 0 77 10129 0 54 10131 0 53 10132 0 90 10132 0 91 10132 0 92 10138 0 77 10147 0 51 10165 0 77 10199 0 77 10202 0 70 10221 0 52 10227 0 71 10254 0 54 10286 0 53 10355 0 54 10383 0 52 10387 0 51 10404 0 53 10416 0 62 10417 0 63 10419 0 77 10440 0 70 10441 0 71 10441 0 90 10441 0 91 10441 0 92 10442 0 77 10468 0 77 10472 0 54 10500 0 77 10502 0 51 10553 0 77 10581 0 52 10599 0 
TIME iteration: 299 ms
Round:20
IR: 0, 0, 0, 0, 0
10642 0 51 10643 0 53 10678 0 52 10742 0 62 10743 0 54 10743 0 63 10746 0 77 10757 0 70 10758 0 71 10765 0 53 10767 0 90 10767 0 91 10767 0 92 10769 0 77 10775 0 52 10795 0 77 10820 0 70 10825 0 71 10827 0 77 10842 0 51 10873 0 52 10882 0 77 10956 0 51 10958 0 54 10994 0 53 11062 0 52 11078 0 54 11078 0 62 11078 0 63 11082 0 77 11102 0 70 11103 0 71 11103 0 90 11103 0 91 11103 0 92 11105 0 
TIME iteration: 299 ms
Round:21
IR: 0, 0, 0, 0, 0
11131 0 51 11131 0 77 11140 0 53 11163 0 77 11177 0 54 11219 0 77 11292 0 54 11314 0 51 11325 0 52 11383 0 53 11459 0 52 11472 0 51 11489 0 54 11499 0 63 11500 0 62 11505 0 77 11509 0 66 11509 0 67 11511 0 60 11513 0 61 11516 0 53 11518 0 79 11520 0 76 11522 0 70 11522 0 71 11526 0 90 11526 0 91 11526 0 92 11529 0 77 11542 0 79 11544 0 76 11556 0 77 11563 0 52 11569 0 79 11571 0 76 11589 0 77 11602 0 68 11602 0 74 11604 0 75 11604 0 79 11605 0 76 11609 0 69 11614 0 51 11642 0 90 11642 0 91 11642 0 92 11650 0 53 11656 0 54 11656 0 
TIME iteration: 301 ms
Round:22
IR: 0, 0, 0, 0, 0
11745 0 51 11747 0 52 11856 0 51 11856 0 54 11909 0 53 11957 0 51 11963 0 60 11963 0 61 11968 0 76 11991 0 90 11991 0 91 11991 0 92 11992 0 76 11996 0 69 11997 0 68 12012 0 52 12019 0 76 12041 0 51 12052 0 76 12075 0 53 12078 0 54 12118 0 76 12159 0 52 12160 0 
TIME iteration: 299 ms
Round:23
IR: 0, 0, 0, 0, 0
12216 0 53 12268 0 54 12280 0 51 12290 0 61 12291 0 60 12295 0 76 12306 0 69 12307 0 53 12308 0 68 12315 0 90 12315 0 91 12315 0 92 12319 0 76 12326 0 52 12345 0 76 12372 0 69 12378 0 76 12382 0 68 12396 0 51 12439 0 76 12443 0 54 12465 0 53 12519 0 52 12547 0 51 12573 0 60 12573 0 61 12576 0 76 12588 0 53 12594 0 68 12594 0 69 12597 0 90 12597 0 91 12597 0 92 12599 0 76 12625 0 76 12632 0 52 12657 0 76 12663 0 54 12687 0 51 12711 0 
TIME iteration: 299 ms
Round:24
IR: 0, 0, 0, 0, 0
12737 0 53 12765 0 52 12801 0 54 12893 0 53 12915 0 54 12928 0 51 12940 0 66 12940 0 67 12949 0 79 12965 0 90 12965 0 91 12965 0 92 12973 0 79 13000 0 79 13003 0 52 13020 0 75 13021 0 74 13035 0 79 13049 0 51 13061 0 53 13118 0 54 13191 0 51 13196 0 53 13241 0 54 13246 0 
TIME iteration: 299 ms
Round:25
IR: 0, 0, 0, 0, 0
13268 0 67 13269 0 66 13272 0 79 13292 0 75 13293 0 74 13293 0 90 13293 0 91 13293 0 92 13295 0 79 13321 0 79 13334 0 51 13343 0 53 13353 0 79 13374 0 52 13410 0 79 13450 0 54 13454 0 51 13490 0 52 13522 0 53 13578 0 52 13594 0 62 13594 0 63 13602 0 77 13604 0 51 13619 0 90 13619 0 91 13619 0 92 13626 0 77 13638 0 54 13653 0 77 13661 0 53 13682 0 71 13687 0 77 13689 0 70 13697 0 52 13736 0 
TIME iteration: 300 ms
Round:26
IR: 0, 0, 0, 0, 0
13798 0 53 13836 0 52 13843 0 54 13863 0 51 13877 0 62 13878 0 63 13880 0 77 13898 0 71 13899 0 70 13901 0 90 13901 0 91 13901 0 92 13903 0 77 13929 0 77 13950 0 51 13952 0 52 13961 0 77 13963 0 54 13994 0 53 14014 0 77 14046 0 51 14058 0 52 14155 0 54 14167 0 53 14169 0 51 14170 0 52 14186 0 62 14186 0 63 14190 0 77 14197 0 60 14198 0 61 14198 0 71 14199 0 70 14206 0 76 14210 0 90 14210 0 91 14210 0 92 14213 0 77 14230 0 76 14239 0 77 14257 0 76 14258 0 71 14260 0 70 14271 0 77 14275 0 68 14280 0 69 14285 0 51 14292 0 
TIME iteration: 300 ms
Round:27
IR: 0, 0, 0, 0, 0
14327 0 77 14336 0 90 14336 0 91 14336 0 92 14358 0 53 14359 0 52 14373 0 54 14389 0 51 14484 0 54 14503 0 52 14524 0 51 14527 0 53 14640 0 54 14671 0 51 14691 0 53 14692 0 66 14692 0 67 14695 0 61 14696 0 60 14700 0 52 14701 0 76 14701 0 79 14719 0 90 14719 0 91 14719 0 92 14725 0 76 14725 0 79 14731 0 68 14731 0 69 14752 0 76 14752 0 79 14753 0 51 14768 0 74 14768 0 75 14785 0 76 14787 0 79 14805 0 
TIME iteration: 299 ms
Round:28
IR: 0, 0, 0, 0, 0
14851 0 90 14851 0 91 14851 0 92 14852 0 76 14853 0 52 14871 0 51 14883 0 53 14979 0 54 14991 0 51 15025 0 53 15042 0 52 15090 0 51 15134 0 53 15144 0 61 15146 0 60 15151 0 76 15171 0 68 15171 0 69 15174 0 90 15174 0 91 15174 0 92 15175 0 76 15184 0 52 15187 0 51 15202 0 76 15213 0 54 15236 0 76 15264 0 53 15311 0 76 15322 0 52 15331 0 51 15362 0 
TIME iteration: 299 ms
Round:29
IR: 0, 0, 0, 0, 0
15446 0 53 15466 0 51 15495 0 52 15497 0 61 15498 0 60 15500 0 54 15502 0 76 15514 0 69 15515 0 68 15523 0 90 15523 0 91 15523 0 92 15526 0 76 15552 0 76 15583 0 53 15584 0 69 15585 0 76 15586 0 68 15622 0 52 15624 0 51 15646 0 76 15745 0 52 15750 0 51 15761 0 53 15765 0 54 15771 0 61 15772 0 60 15775 0 76 15791 0 69 15793 0 68 15795 0 90 15795 0 91 15795 0 92 15798 0 76 15824 0 76 15856 0 76 15868 0 52 15874 0 51 15874 0 69 15879 0 
TIME iteration: 300 ms
Round:30
IR: 0, 0, 0, 0, 0
15910 0 76 15937 0 53 15954 0 52 15990 0 54 16054 0 51 16069 0 52 16088 0 62 16089 0 63 16097 0 77 16104 0 61 16109 0 60 16111 0 76 16113 0 90 16113 0 91 16113 0 92 16121 0 68 16121 0 77 16131 0 54 16132 0 69 16135 0 76 16148 0 77 16161 0 76 16176 0 70 16180 0 71 16183 0 77 16184 0 68 16194 0 76 16200 0 53 16210 0 52 16236 0 90 16236 0 91 16236 0 92 16250 0 54 16255 0 76 16285 0 51 16374 0 53 16390 0 52 16404 0 54 16418 0 
TIME iteration: 299 ms
Round:31
IR: 0, 0, 0, 0, 0
16512 0 52 16574 0 54 16575 0 53 16597 0 51 16607 0 63 16616 0 52 16617 0 62 16618 0 77 16632 0 61 16634 0 60 16638 0 66 16639 0 67 16639 0 76 16642 0 77 16642 0 90 16642 0 91 16642 0 92 16647 0 79 16651 0 70 16652 0 71 16663 0 76 16664 0 69 16669 0 77 16671 0 68 16671 0 79 16690 0 76 16698 0 79 16702 0 77 16711 0 53 16721 0 75 16724 0 74 16724 0 76 16733 0 79 16748 0 51 16756 0 90 16756 0 91 16756 0 92 16760 0 54 16761 0 52 16770 0 77 16800 0 76 16832 0 53 16877 0 51 16886 0 52 16897 0 
TIME iteration: 299 ms
Round:32
IR: 0, 0, 0, 0, 0
16979 0 53 17004 0 54 17018 0 51 17024 0 52 17065 0 66 17065 0 67 17070 0 79 17084 0 53 17093 0 90 17093 0 91 17093 0 92 17094 0 79 17095 0 74 17096 0 75 17121 0 79 17137 0 52 17154 0 79 17156 0 54 17203 0 51 17206 0 53 17225 0 79 17252 0 52 17317 0 54 17364 0 53 17385 0 52 17395 0 51 17417 0 63 17418 0 62 17425 0 77 17443 0 90 17443 0 91 17443 0 92 17449 0 54 17449 0 77 17466 0 71 17468 0 70 17476 0 
TIME iteration: 300 ms
Round:33
IR: 0, 0, 0, 0, 0
17510 0 77 17522 0 53 17523 0 51 17560 0 54 17582 0 52 17655 0 53 17707 0 51 17800 0 52 17806 0 51 17820 0 60 17821 0 61 17826 0 54 17829 0 76 17837 0 53 17847 0 90 17847 0 91 17847 0 92 17853 0 76 17880 0 76 17888 0 68 17890 0 69 17915 0 76 17980 0 54 18003 0 51 18005 0 
TIME iteration: 309 ms
Round:34
IR: 0, 0, 0, 0, 0
18047 0 52 18146 0 54 18169 0 51 18202 0 60 18202 0 61 18206 0 76 18211 0 53 18228 0 90 18228 0 91 18228 0 92 18229 0 68 18229 0 69 18229 0 76 18242 0 52 18255 0 76 18287 0 76 18288 0 54 18316 0 51 18337 0 53 18343 0 76 18383 0 52 18441 0 54 18466 0 53 18473 0 
TIME iteration: 300 ms
Round:35
IR: 0, 0, 0, 0, 0
18576 0 52 18602 0 51 18606 0 60 18607 0 61 18611 0 76 18625 0 53 18629 0 68 18629 0 69 18632 0 65 18633 0 64 18633 0 90 18633 0 91 18633 0 92 18635 0 76 18636 0 54 18641 0 78 18661 0 76 18665 0 78 18692 0 78 18694 0 76 18724 0 72 18726 0 73 18727 0 78 18728 0 53 18736 0 51 18755 0 76 18755 0 90 18755 0 91 18755 0 92 18768 0 52 18772 0 54 18886 0 52 18907 0 54 18941 0 53 18985 0 51 19016 0 52 19018 0 54 19066 0 53 19079 0 
TIME iteration: 299 ms
Round:36
IR: 0, 0, 0, 0, 0
19083 0 66 19090 0 79 19110 0 90 19110 0 91 19110 0 92 19114 0 79 19141 0 79 19153 0 51 19169 0 74 19171 0 75 19176 0 79 19193 0 52 19216 0 53 19230 0 54 19375 0 51 19411 0 54 19431 0 52 19451 0 66 19451 0 67 19453 0 53 19455 0 79 19477 0 90 19477 0 91 19477 0 92 19478 0 75 19479 0 74 19479 0 79 19505 0 79 19526 0 51 19538 0 79 19570 0 54 19602 0 
TIME iteration: 299 ms
Round:37
IR: 0, 0, 0, 0, 0
19670 0 53 19676 0 52 19694 0 51 19729 0 54 19847 0 52 19863 0 51 19866 0 53 19894 0 61 19895 0 60 19903 0 76 19919 0 54 19922 0 90 19922 0 91 19922 0 92 19927 0 76 19954 0 76 19967 0 68 19967 0 69 19989 0 76 20021 0 52 20029 0 
TIME iteration: 298 ms
Round:38
IR: 0, 0, 0, 0, 0
20152 0 53 20173 0 54 20232 0 52 20265 0 51 20296 0 54 20300 0 53 20323 0 60 20324 0 61 20328 0 76 20343 0 66 20344 0 67 20350 0 90 20350 0 91 20350 0 92 20351 0 52 20352 0 76 20352 0 79 20353 0 69 20354 0 68 20376 0 79 20378 0 76 20380 0 51 20396 0 74 20396 0 75 20403 0 79 20411 0 76 20433 0 53 20438 0 79 20461 0 52 20472 0 76 20474 0 90 20474 0 91 20474 0 92 20497 0 54 20515 0 51 20572 0 53 20608 0 52 20609 0 
TIME iteration: 299 ms
Round:39
IR: 0, 0, 0, 0, 0
20697 0 54 20700 0 53 20732 0 51 20776 0 60 20776 0 61 20777 0 52 20781 0 76 20801 0 68 20801 0 69 20805 0 53 20805 0 76 20805 0 90 20805 0 91 20805 0 92 20820 0 54 20832 0 76 20849 0 51 20865 0 76 20931 0 76 20937 0 52 20955 0 51 20972 0 54 21014 0 53 21051 0 52 21071 0 51 21090 0 60 21090 0 61 21094 0 76 21104 0 68 21104 0 69 21115 0 90 21115 0 91 21115 0 92 21117 0 76 21129 0 54 21140 0 53 21143 0 76 21155 0 52 21166 0 69 21169 0 68 21175 0 
TIME iteration: 299 ms
Round:40
IR: 0, 0, 0, 0, 0
21231 0 76 21257 0 51 21263 0 52 21303 0 54 21401 0 51 21402 0 53 21415 0 52 21419 0 60 21419 0 61 21423 0 76 21443 0 69 21444 0 68 21444 0 90 21444 0 91 21444 0 92 21446 0 76 21472 0 76 21500 0 54 21504 0 76 21528 0 53 21560 0 76 21563 0 51 21582 0 52 21669 0 52 21677 0 
TIME iteration: 299 ms
Round:41
IR: 0, 0, 0, 0, 0
21734 0 53 21773 0 54 21798 0 67 21799 0 66 21807 0 79 21817 0 52 21820 0 63 21821 0 62 21824 0 90 21824 0 91 21824 0 92 21829 0 77 21831 0 79 21839 0 51 21852 0 53 21853 0 77 21858 0 79 21874 0 75 21875 0 74 21880 0 77 21885 0 54 21893 0 79 21915 0 70 21915 0 77 21923 0 71 21947 0 90 21947 0 91 21947 0 92 21965 0 52 21966 0 51 22035 0 53 22079 0 54 22109 0 51 22124 0 52 22147 0 53 22228 0 51 22251 0 
TIME iteration: 299 ms
Round:42
IR: 0, 0, 0, 0, 0
22269 0 65 22270 0 64 22275 0 54 22278 0 78 22284 0 61 22285 0 60 22292 0 76 22298 0 90 22298 0 91 22298 0 92 22302 0 78 22316 0 52 22316 0 76 22329 0 78 22334 0 69 22336 0 68 22343 0 76 22361 0 72 22364 0 51 22364 0 78 22366 0 73 22377 0 76 22400 0 54 22426 0 90 22426 0 91 22426 0 92 22454 0 53 22491 0 54 22532 0 52 22555 0 51 22579 0 53 22623 0 54 22657 0 52 22762 0 52 22765 0 53 22776 0 62 22776 0 63 22777 0 51 22784 0 
TIME iteration: 299 ms
Round:43
IR: 0, 0, 0, 0, 0
22806 0 90 22806 0 91 22806 0 92 22808 0 77 22823 0 54 22835 0 77 22838 0 70 22839 0 71 22869 0 77 22899 0 51 22908 0 53 22927 0 52 23049 0 54 23053 0 52 23058 0 53 23060 0 51 23096 0 62 23097 0 63 23099 0 77 23118 0 71 23119 0 70 23121 0 90 23121 0 91 23121 0 92 23122 0 77 23148 0 77 23174 0 51 23180 0 77 23185 0 52 23212 0 53 23233 0 77 23312 0 
TIME iteration: 299 ms
Round:44
IR: 0, 0, 0, 0, 0
23327 0 54 23374 0 52 23388 0 53 23470 0 54 23512 0 53 23524 0 65 23525 0 64 23533 0 78 23551 0 90 23551 0 91 23551 0 92 23557 0 78 23558 0 52 23584 0 78 23600 0 51 23600 0 72 23600 0 73 23617 0 54 23619 0 78 23631 0 53 23769 0 51 23769 0 52 23783 0 53 23807 0 54 23838 0 64 23839 0 65 23841 0 
TIME iteration: 298 ms
Round:45
IR: 0, 0, 0, 0, 0
23861 0 73 23862 0 72 23863 0 90 23863 0 91 23863 0 92 23864 0 78 23890 0 78 23922 0 78 23924 0 52 23941 0 51 23954 0 54 23975 0 78 23984 0 53 24005 0 52 24077 0 51 24090 0 54 24129 0 53 24174 0 52 24208 0 62 24208 0 63 24216 0 77 24227 0 51 24233 0 90 24233 0 91 24233 0 92 24240 0 77 24241 0 54 24267 0 77 24268 0 71 24271 0 70 24301 0 77 24310 0 53 24332 0 
TIME iteration: 299 ms
Round:46
IR: 0, 0, 0, 0, 0
24395 0 54 24447 0 52 24486 0 53 24497 0 54 24503 0 62 24504 0 51 24505 0 63 24506 0 77 24523 0 70 24524 0 71 24528 0 90 24528 0 91 24528 0 92 24529 0 77 24555 0 77 24573 0 52 24579 0 53 24586 0 77 24603 0 70 24609 0 71 24637 0 77 24667 0 54 24706 0 52 24707 0 53 24744 0 62 24744 0 63 24747 0 77 24758 0 51 24763 0 70 24763 0 71 24767 0 90 24767 0 91 24767 0 92 24770 0 77 24796 0 77 24808 0 54 24822 0 53 24828 0 77 24839 0 71 24841 0 70 24881 0 77 24889 0 
TIME iteration: 299 ms
Round:47
IR: 0, 0, 0, 0, 0
24928 0 54 24931 0 53 24944 0 51 25087 0 51 25101 0 54 25135 0 52 25143 0 66 25145 0 67 25153 0 79 25159 0 62 25160 0 63 25162 0 60 25162 0 61 25165 0 77 25170 0 76 25170 0 90 25170 0 91 25170 0 92 25177 0 79 25189 0 77 25190 0 70 25191 0 71 25194 0 76 25204 0 79 25213 0 53 25216 0 77 25221 0 76 25239 0 74 25239 0 75 25239 0 79 25242 0 51 25249 0 77 25255 0 69 25255 0 76 25256 0 68 25272 0 52 25278 0 54 25284 0 90 25284 0 91 25284 0 92 25316 0 77 25353 0 51 25379 0 52 25394 0 
TIME iteration: 299 ms
Round:48
IR: 0, 0, 0, 0, 0
25446 0 54 25509 0 53 25526 0 52 25543 0 54 25565 0 51 25606 0 67 25607 0 66 25612 0 79 25635 0 90 25635 0 91 25635 0 92 25636 0 54 25636 0 79 25641 0 74 25641 0 75 25663 0 79 25697 0 79 25701 0 52 25711 0 53 25736 0 51 25788 0 54 25874 0 52 25893 0 53 25915 0 54 25948 0 66 25948 0 67 25951 0 79 25956 0 51 25966 0 75 25967 0 
TIME iteration: 299 ms
Round:49
IR: 0, 0, 0, 0, 0
25973 0 90 25973 0 91 25973 0 92 25974 0 79 25990 0 52 26000 0 79 26032 0 79 26038 0 75 26044 0 53 26049 0 74 26088 0 79 26104 0 52 26110 0 54 26145 0 51 26151 0 53 26226 0 52 26227 0 54 26240 0 66 26240 0 67 26244 0 79 26262 0 74 26262 0 75 26264 0 90 26264 0 91 26264 0 92 26267 0 79 26280 0 53 26293 0 79 26323 0 51 26325 0 79 26383 0 79 26401 0 52 26407 0 54 26419 0 51 26474 0 
TIME iteration: 299 ms
Round:50
IR: 0, 0, 0, 0, 0
26534 0 52 26571 0 54 26598 0 51 26608 0 53 26630 0 66 26633 0 61 26634 0 60 26634 0 67 26637 0 79 26642 0 76 26650 0 64 26651 0 65 26652 0 74 26652 0 75 26656 0 90 26656 0 91 26656 0 92 26659 0 78 26661 0 79 26666 0 76 26670 0 54 26683 0 78 26688 0 79 26691 0 52 26693 0 76 26710 0 78 26713 0 68 26718 0 69 26721 0 79 26728 0 76 26736 0 74 26743 0 75 26744 0 73 26745 0 78 26749 0 72 26758 0 53 26771 0 90 26771 0 91 26771 0 92 26786 0 51 26798 0 79 26819 0 54 26830 0 52 26899 0 51 26942 0 53 26955 0 54 26964 0 
TIME iteration: 310 ms
Round:51
IR: 0, 0, 0, 0, 0
27094 0 54 27101 0 53 27112 0 51 27119 0 67 27120 0 66 27126 0 79 27148 0 90 27148 0 91 27148 0 92 27150 0 79 27155 0 74 27156 0 75 27177 0 79 27211 0 79 27242 0 52 27243 0 54 27277 0 53 27282 0 51 27388 0 52 27419 0 54 27438 0 51 27438 0 
TIME iteration: 299 ms
Round:52
IR: 0, 0, 0, 0, 0
27567 0 52 27572 0 53 27578 0 64 27579 0 65 27586 0 62 27586 0 63 27586 0 78 27588 0 54 27593 0 67 27594 0 66 27594 0 77 27599 0 79 27606 0 90 27606 0 91 27606 0 92 27610 0 78 27618 0 77 27622 0 74 27622 0 75 27623 0 79 27636 0 51 27636 0 73 27637 0 78 27640 0 72 27645 0 77 27650 0 79 27671 0 78 27673 0 70 27679 0 77 27681 0 71 27684 0 79 27713 0 52 27722 0 90 27722 0 91 27722 0 92 27757 0 51 27772 0 53 27817 0 54 27867 0 53 27880 0 52 27963 0 54 27996 0 51 27999 0 52 28026 0 53 28065 0 62 28066 0 63 28067 0 65 28068 0 64 28071 0 77 28073 0 78 28087 0 
TIME iteration: 300 ms
Round:53
IR: 0, 0, 0, 0, 0
28091 0 90 28091 0 91 28091 0 92 28095 0 77 28097 0 78 28099 0 71 28100 0 70 28100 0 72 28101 0 73 28122 0 77 28124 0 78 28150 0 52 28151 0 51 28155 0 77 28157 0 78 28190 0 53 28212 0 54 28222 0 77 28222 0 90 28222 0 91 28222 0 92 28224 0 78 28266 0 51 28313 0 52 28346 0 54 28368 0 51 28412 0 53 28461 0 52 28480 0 54 28496 0 51 28536 0 60 28537 0 61 28545 0 76 28566 0 90 28566 0 91 28566 0 92 28569 0 76 28595 0 53 28596 0 76 28614 0 51 28615 0 
TIME iteration: 300 ms
Round:54
IR: 0, 0, 0, 0, 0
28620 0 68 28625 0 69 28631 0 76 28684 0 52 28746 0 51 28776 0 54 28810 0 53 28843 0 52 28906 0 51 28910 0 54 28911 0 60 28911 0 61 28915 0 76 28936 0 53 28937 0 66 28937 0 67 28937 0 90 28937 0 91 28937 0 92 28938 0 76 28939 0 68 28939 0 69 28946 0 79 28964 0 76 28965 0 52 28970 0 79 28996 0 76 28997 0 79 29008 0 75 29011 0 74 29032 0 79 29052 0 76 29058 0 90 29058 0 91 29058 0 92 29059 0 51 29061 0 52 29094 0 
TIME iteration: 300 ms
Round:55
IR: 0, 0, 0, 0, 0
29186 0 54 29219 0 51 29221 0 52 29295 0 53 29328 0 52 29360 0 54 29396 0 62 29396 0 63 29404 0 77 29422 0 51 29425 0 90 29425 0 91 29425 0 92 29428 0 77 29455 0 77 29468 0 71 29469 0 70 29479 0 54 29489 0 77 29490 0 52 29496 0 53 29597 0 51 29619 0 52 29655 0 53 29664 0 
TIME iteration: 300 ms
Round:56
IR: 0, 0, 0, 0, 0
29701 0 52 29704 0 62 29704 0 63 29706 0 77 29726 0 70 29726 0 71 29729 0 77 29729 0 90 29729 0 91 29729 0 92 29753 0 51 29755 0 77 29786 0 77 29790 0 52 29817 0 71 29822 0 54 29837 0 77 29841 0 51 29874 0 53 29904 0 52 29948 0 51 29953 0 63 29955 0 62 29957 0 77 29962 0 70 29966 0 54 29973 0 71 29977 0 90 29977 0 91 29977 0 92 29980 0 77 29996 0 53 30006 0 77 30014 0 70 30038 0 77 30046 0 52 30052 0 71 30091 0 77 30114 0 51 30147 0 53 30183 0 54 30193 0 
TIME iteration: 300 ms
Round:57
IR: 0, 0, 0, 0, 0
30232 0 62 30233 0 63 30236 0 77 30238 0 51 30251 0 70 30254 0 71 30256 0 90 30256 0 91 30256 0 92 30259 0 77 30285 0 77 30300 0 53 30310 0 54 30317 0 77 30325 0 70 30330 0 51 30343 0 71 30372 0 77 30379 0 52 30411 0 53 30433 0 54 30459 0 51 30536 0 53 30572 0 64 30573 0 65 30581 0 78 30597 0 90 30597 0 91 30597 0 92 30605 0 78 30609 0 51 30613 0 54 30623 0 52 30632 0 78 30647 0 53 30665 0 73 30667 0 72 30667 0 78 30725 0 51 30739 0 
TIME iteration: 299 ms
Round:58
IR: 0, 0, 0, 0, 0
30755 0 52 30822 0 53 30850 0 54 30857 0 52 30890 0 51 30897 0 65 30901 0 64 30902 0 78 30905 0 62 30905 0 63 30910 0 66 30910 0 67 30912 0 77 30919 0 79 30924 0 72 30924 0 73 30924 0 90 30924 0 91 30924 0 92 30925 0 78 30936 0 77 30943 0 79 30951 0 78 30953 0 70 30953 0 71 30963 0 77 30968 0 54 30970 0 79 30979 0 52 30983 0 78 30994 0 74 30996 0 75 30997 0 77 31000 0 53 31005 0 79 31037 0 78 31040 0 90 31040 0 91 31040 0 92 31052 0 51 31080 0 52 31119 0 54 31137 0 53 31204 0 51 31232 0 54 31257 0 
TIME iteration: 300 ms
Round:59
IR: 0, 0, 0, 0, 0
31280 0 53 31317 0 51 31361 0 52 31381 0 61 31384 0 60 31390 0 62 31390 0 63 31391 0 76 31395 0 77 31399 0 54 31411 0 90 31411 0 91 31411 0 92 31413 0 53 31415 0 76 31419 0 77 31420 0 71 31422 0 70 31442 0 76 31446 0 77 31476 0 51 31477 0 76 31479 0 77 31481 0 69 31485 0 68 31487 0 52 31526 0 53 31542 0 90 31542 0 91 31542 0 92 31545 0 77 31609 0 54 31632 0 52 31670 0 53 31753 0 51 31755 0 52 31772 0 
TIME iteration: 299 ms
Round:60
IR: 0, 0, 0, 0, 0
31865 0 51 31884 0 52 31899 0 62 31900 0 63 31906 0 77 31913 0 53 31918 0 64 31918 0 65 31926 0 78 31929 0 70 31929 0 71 31929 0 90 31929 0 91 31929 0 92 31930 0 77 31950 0 78 31957 0 77 31968 0 51 31973 0 54 31977 0 73 31977 0 78 31978 0 72 31979 0 52 31991 0 77 32011 0 78 32049 0 53 32056 0 90 32056 0 91 32056 0 92 32072 0 77 32076 0 51 32122 0 52 32144 0 54 32172 0 51 32204 0 53 32243 0 52 32291 0 54 32317 0 51 32317 0 
TIME iteration: 299 ms
Round:61
IR: 0, 0, 0, 0, 0
32388 0 52 32400 0 64 32401 0 60 32401 0 61 32401 0 65 32406 0 78 32409 0 76 32413 0 62 32413 0 63 32419 0 77 32425 0 90 32425 0 91 32425 0 92 32430 0 78 32433 0 76 32434 0 72 32434 0 73 32439 0 51 32442 0 71 32443 0 77 32444 0 70 32455 0 53 32457 0 78 32460 0 76 32464 0 69 32466 0 68 32470 0 77 32490 0 78 32494 0 76 32504 0 77 32529 0 52 32541 0 90 32541 0 91 32541 0 92 32551 0 54 32557 0 78 32580 0 77 32590 0 53 32650 0 51 32687 0 52 32703 0 53 32777 0 51 32780 0 54 32822 0 52 32852 0 
TIME iteration: 300 ms
Round:62
IR: 0, 0, 0, 0, 0
32885 0 51 32888 0 64 32889 0 65 32894 0 78 32896 0 60 32896 0 61 32901 0 76 32917 0 90 32917 0 91 32917 0 92 32918 0 72 32918 0 73 32918 0 78 32925 0 76 32929 0 68 32930 0 69 32945 0 78 32948 0 54 32952 0 76 32964 0 52 32978 0 78 32983 0 53 32985 0 76 33035 0 51 33045 0 78 33048 0 90 33048 0 91 33048 0 92 33051 0 76 33081 0 54 33119 0 52 33140 0 51 33189 0 53 33224 0 54 33244 0 52 33341 0 54 33383 0 67 33384 0 
TIME iteration: 300 ms
Round:63
IR: 0, 0, 0, 0, 0
33391 0 52 33393 0 79 33410 0 51 33413 0 90 33413 0 91 33413 0 92 33417 0 79 33431 0 54 33444 0 79 33473 0 74 33479 0 75 33479 0 79 33506 0 52 33538 0 53 33548 0 54 33597 0 51 33621 0 52 33661 0 53 33697 0 54 33708 0 67 33709 0 66 33712 0 79 33733 0 74 33733 0 75 33733 0 90 33733 0 91 33733 0 92 33735 0 79 33761 0 79 33762 0 52 33782 0 51 33793 0 79 33808 0 53 33850 0 79 33878 0 54 33890 0 
TIME iteration: 300 ms
Round:64
IR: 0, 0, 0, 0, 0
33936 0 53 33953 0 51 34009 0 52 34052 0 62 34052 0 63 34060 0 77 34066 0 53 34073 0 54 34077 0 90 34077 0 91 34077 0 92 34084 0 77 34111 0 77 34131 0 71 34134 0 70 34145 0 77 34201 0 51 34245 0 54 34255 0 52 34306 0 53 34354 0 51 34393 0 52 34419 0 63 34420 0 62 34423 0 77 34426 0 54 34443 0 53 34445 0 90 34445 0 91 34445 0 92 34446 0 77 34447 0 70 34447 0 
TIME iteration: 300 ms
Round:65
IR: 0, 0, 0, 0, 0
34472 0 77 34504 0 77 34512 0 51 34553 0 54 34559 0 77 34569 0 53 34603 0 52 34639 0 51 34717 0 53 34743 0 51 34765 0 61 34766 0 60 34774 0 76 34791 0 90 34791 0 91 34791 0 92 34798 0 76 34810 0 54 34825 0 76 34827 0 52 34853 0 69 34854 0 68 34860 0 76 34865 0 51 34876 0 53 34957 0 
TIME iteration: 300 ms
Round:66
IR: 0, 0, 0, 0, 0
35008 0 51 35045 0 53 35057 0 60 35058 0 61 35060 0 76 35079 0 68 35080 0 69 35081 0 90 35081 0 91 35081 0 92 35083 0 76 35090 0 54 35091 0 52 35109 0 76 35141 0 76 35168 0 68 35178 0 51 35181 0 53 35194 0 76 35240 0 54 35297 0 51 35303 0 53 35323 0 52 35336 0 60 35338 0 61 35340 0 76 35347 0 69 35358 0 68 35361 0 90 35361 0 91 35361 0 92 35363 0 76 35368 0 54 35389 0 76 35402 0 69 35420 0 51 35421 0 76 35439 0 53 35449 0 52 35475 0 
TIME iteration: 300 ms
Round:67
IR: 0, 0, 0, 0, 0
35516 0 54 35566 0 52 35626 0 51 35634 0 53 35643 0 54 35702 0 52 35703 0 67 35704 0 66 35712 0 79 35715 0 62 35715 0 63 35723 0 77 35729 0 90 35729 0 91 35729 0 92 35736 0 79 35747 0 77 35763 0 79 35765 0 51 35774 0 77 35782 0 71 35784 0 70 35789 0 75 35795 0 74 35798 0 79 35808 0 77 35819 0 53 35838 0 52 35856 0 90 35856 0 91 35856 0 92 35878 0 54 36003 0 52 36006 0 53 36021 0 
TIME iteration: 308 ms
Round:68
IR: 0, 0, 0, 0, 0
36069 0 54 36096 0 52 36185 0 62 36193 0 63 36194 0 77 36218 0 77 36218 0 90 36218 0 91 36218 0 92 36221 0 53 36222 0 70 36223 0 71 36233 0 51 36242 0 52 36244 0 77 36247 0 54 36277 0 77 36330 0 51 36339 0 77 36395 0 54 36416 0 52 36418 0 53 36447 0 51 36535 0 52 36541 0 53 36548 0 60 36556 0 61 36558 0 62 36558 0 63 36560 0 76 36563 0 
TIME iteration: 300 ms
Round:69
IR: 0, 0, 0, 0, 0
36577 0 70 36578 0 71 36578 0 90 36578 0 91 36578 0 92 36584 0 76 36587 0 77 36588 0 51 36611 0 76 36614 0 77 36617 0 68 36621 0 69 36641 0 54 36645 0 76 36647 0 77 36657 0 70 36660 0 52 36663 0 71 36666 0 53 36708 0 90 36708 0 91 36708 0 92 36712 0 77 36723 0 51 36755 0 54 36776 0 52 36818 0 53 36867 0 52 36869 0 51 36875 0 54 36930 0 53 36977 0 54 36983 0 52 37000 0 62 37001 0 63 37006 0 77 37011 0 66 37012 0 67 37020 0 79 37029 0 90 37029 0 91 37029 0 92 37030 0 77 37034 0 70 37035 0 71 37043 0 51 37044 0 79 37057 0 77 37071 0 79 37074 0 54 37082 0 52 37085 0 75 37088 0 53 37088 0 74 37090 0 
TIME iteration: 300 ms
Round:70
IR: 0, 0, 0, 0, 0
37106 0 79 37157 0 77 37158 0 90 37158 0 91 37158 0 92 37174 0 52 37226 0 53 37227 0 51 37237 0 54 37295 0 52 37324 0 53 37421 0 54 37454 0 52 37460 0 53 37466 0 51 37486 0 64 37487 0 65 37495 0 78 37516 0 62 37516 0 90 37516 0 91 37516 0 92 37519 0 78 37529 0 77 37540 0 54 37546 0 78 37559 0 77 37570 0 53 37575 0 51 37577 0 72 37581 0 78 37590 0 52 37591 0 73 37605 0 
TIME iteration: 299 ms
Round:71
IR: 0, 0, 0, 0, 0
37657 0 90 37657 0 91 37657 0 92 37671 0 54 37679 0 53 37735 0 51 37746 0 52 37834 0 54 37835 0 53 37920 0 51 37940 0 53 37963 0 52 37980 0 64 37981 0 65 37986 0 78 38010 0 78 38010 0 90 38010 0 91 38010 0 92 38016 0 72 38017 0 73 38037 0 78 38056 0 51 38070 0 78 38087 0 53 38106 0 54 38137 0 
TIME iteration: 299 ms
Round:72
IR: 0, 0, 0, 0, 0
38165 0 52 38222 0 51 38228 0 54 38232 0 53 38275 0 52 38336 0 54 38340 0 53 38346 0 64 38346 0 65 38351 0 66 38351 0 67 38351 0 78 38360 0 79 38362 0 52 38365 0 62 38366 0 63 38367 0 72 38367 0 73 38372 0 90 38372 0 91 38372 0 92 38373 0 77 38375 0 78 38384 0 79 38388 0 51 38397 0 77 38402 0 78 38411 0 79 38419 0 70 38422 0 71 38424 0 77 38425 0 74 38426 0 75 38435 0 78 38447 0 79 38452 0 73 38458 0 77 38476 0 53 38487 0 90 38487 0 91 38487 0 92 38494 0 52 38500 0 78 38537 0 54 38546 0 51 38591 0 53 38617 0 
TIME iteration: 300 ms
Round:73
IR: 0, 0, 0, 0, 0
38722 0 52 38758 0 53 38759 0 54 38778 0 51 38798 0 63 38803 0 62 38805 0 77 38829 0 71 38829 0 77 38829 0 90 38829 0 91 38829 0 92 38830 0 70 38855 0 77 38856 0 52 38888 0 77 38895 0 54 38947 0 51 38949 0 77 38997 0 52 39029 0 53 39046 0 51 39059 0 54 39173 0 51 39178 0 54 39180 0 61 39181 0 53 39181 0 60 39189 0 76 39198 0 66 39198 0 67 39206 0 79 39206 0 90 39206 0 91 39206 0 92 39213 0 
TIME iteration: 300 ms
Round:74
IR: 0, 0, 0, 0, 0
39230 0 79 39240 0 52 39240 0 76 39254 0 74 39255 0 75 39257 0 79 39268 0 68 39273 0 69 39275 0 76 39292 0 79 39313 0 53 39320 0 54 39327 0 51 39330 0 90 39330 0 91 39330 0 92 39437 0 54 39481 0 52 39485 0 53 39488 0 51 39562 0 54 39608 0 52 39620 0 51 39630 0 53 39680 0 54 39684 0 60 39684 0 66 39685 0 67 39688 0 61 39690 0 79 39691 0 76 39710 0 90 39710 0 91 39710 0 92 39714 0 79 39715 0 76 39717 0 74 39718 0 75 39723 0 68 39723 0 69 39729 0 51 39741 0 79 39742 0 76 39746 0 
TIME iteration: 300 ms
Round:75
IR: 0, 0, 0, 0, 0
39775 0 76 39775 0 79 39840 0 76 39841 0 90 39841 0 91 39841 0 92 39872 0 51 39884 0 53 39895 0 54 39961 0 52 40003 0 51 40005 0 53 40053 0 54 40107 0 52 40147 0 51 40183 0 54 40192 0 61 40193 0 60 40198 0 76 40201 0 53 40212 0 67 40213 0 66 40218 0 79 40222 0 76 40222 0 90 40222 0 91 40222 0 92 40224 0 68 40224 0 69 40242 0 79 40243 0 75 40245 0 74 40249 0 76 40266 0 52 40269 0 
TIME iteration: 300 ms
Round:76
IR: 0, 0, 0, 0, 0
40282 0 76 40289 0 54 40303 0 79 40320 0 53 40348 0 90 40348 0 91 40348 0 92 40349 0 76 40355 0 51 40433 0 52 40436 0 54 40508 0 51 40509 0 53 40546 0 54 40602 0 52 40657 0 53 40702 0 54 40718 0 67 40719 0 66 40724 0 79 40747 0 75 40748 0 79 40748 0 90 40748 0 91 40748 0 92 40749 0 74 40767 0 53 40775 0 79 40805 0 51 40808 0 
TIME iteration: 299 ms
Round:77
IR: 0, 0, 0, 0, 0
40843 0 52 40865 0 54 40885 0 53 40886 0 79 40931 0 51 40986 0 52 41072 0 53 41079 0 54 41135 0 65 41136 0 64 41144 0 78 41162 0 90 41162 0 91 41162 0 92 41168 0 78 41182 0 51 41195 0 78 41196 0 54 41230 0 72 41230 0 73 41230 0 78 41252 0 52 41258 0 53 41310 0 
TIME iteration: 299 ms
Round:78
IR: 0, 0, 0, 0, 0
41366 0 51 41416 0 52 41431 0 54 41449 0 53 41472 0 67 41473 0 66 41480 0 79 41493 0 65 41495 0 64 41497 0 78 41497 0 90 41497 0 91 41497 0 92 41504 0 79 41518 0 74 41518 0 75 41520 0 72 41520 0 78 41522 0 73 41525 0 51 41531 0 79 41546 0 78 41547 0 52 41566 0 79 41578 0 78 41596 0 53 41610 0 54 41619 0 90 41619 0 91 41619 0 92 41632 0 78 41650 0 51 41686 0 52 41723 0 54 41791 0 51 41797 0 52 41797 0 
TIME iteration: 300 ms
Round:79
IR: 0, 0, 0, 0, 0
41916 0 52 41926 0 54 41941 0 62 41941 0 63 41949 0 77 41967 0 53 41970 0 90 41970 0 91 41970 0 92 41973 0 77 41976 0 51 42000 0 77 42034 0 77 42036 0 71 42046 0 70 42059 0 52 42089 0 54 42191 0 52 42203 0 53 42204 0 51 42228 0 62 42229 0 63 42231 0 77 42251 0 70 42251 0 71 42253 0 90 42253 0 91 42253 0 92 42254 0 77 42256 0 54 42280 0 77 42312 0 77 42325 0 53 42353 0 51 42362 0 52 42365 0 77 42389 0 
TIME iteration: 300 ms
Round:80
IR: 0, 0, 0, 0, 0
42507 0 54 42545 0 52 42581 0 51 42586 0 67 42592 0 66 42598 0 79 42599 0 53 42614 0 90 42614 0 91 42614 0 92 42622 0 79 42626 0 54 42649 0 79 42651 0 74 42656 0 75 42684 0 79 42701 0 51 42769 0 52 42782 0 54 42802 0 53 42821 0 51 42916 0 
TIME iteration: 299 ms
Round:81
IR: 0, 0, 0, 0, 0
42935 0 54 42955 0 66 42955 0 67 42959 0 79 42979 0 74 42980 0 90 42980 0 91 42980 0 92 42981 0 75 42983 0 51 42983 0 53 42983 0 79 43009 0 79 43022 0 52 43042 0 79 43076 0 54 43082 0 51 43104 0 79 43156 0 52 43185 0 53 43226 0 54 43325 0 53 43340 0 54 43342 0 66 43342 0 67 43347 0 79 43348 0 51 43361 0 74 43362 0 75 43368 0 90 43368 0 91 43368 0 92 43371 0 52 43371 0 79 43398 0 79 43431 0 79 43438 0 74 43443 0 
TIME iteration: 300 ms
Round:82
IR: 0, 0, 0, 0, 0
43462 0 51 43488 0 53 43497 0 52 43497 0 54 43505 0 79 43608 0 51 43612 0 54 43616 0 52 43621 0 66 43622 0 67 43625 0 79 43642 0 75 43643 0 74 43645 0 90 43645 0 91 43645 0 92 43648 0 53 43648 0 79 43674 0 79 43706 0 79 43711 0 52 43727 0 75 43731 0 51 43742 0 74 43754 0 54 43764 0 79 43847 0 52 43860 0 53 43969 0 51 43971 0 53 43989 0 
TIME iteration: 299 ms
Round:83
IR: 0, 0, 0, 0, 0
44007 0 66 44008 0 67 44013 0 52 44013 0 79 44020 0 65 44021 0 64 44029 0 78 44032 0 62 44032 0 63 44033 0 90 44033 0 91 44033 0 92 44036 0 75 44037 0 79 44038 0 74 44040 0 77 44053 0 78 44064 0 77 44064 0 79 44080 0 78 44091 0 77 44097 0 79 44112 0 73 44113 0 54 44115 0 72 44115 0 78 44116 0 71 44121 0 70 44125 0 77 44145 0 53 44147 0 90 44147 0 91 44147 0 92 44167 0 52 44177 0 51 44258 0 54 44286 0 52 44288 0 51 44316 0 53 44394 0 52 44418 0 54 44443 0 62 44443 0 63 44447 0 77 44450 0 51 44470 0 77 44470 0 90 44470 0 91 44470 0 92 44474 0 70 44474 0 71 44496 0 77 44514 0 
TIME iteration: 300 ms
Round:84
IR: 0, 0, 0, 0, 0
44521 0 53 44528 0 77 44572 0 54 44584 0 77 44667 0 51 44699 0 53 44703 0 52 44749 0 54 44820 0 51 44839 0 53 44868 0 64 44869 0 65 44872 0 52 44876 0 78 44889 0 62 44889 0 63 44891 0 60 44894 0 77 44895 0 90 44895 0 91 44895 0 92 44900 0 78 44909 0 76 44914 0 70 44915 0 71 44918 0 77 44922 0 54 44924 0 73 44927 0 72 44927 0 78 44941 0 76 44945 0 77 44961 0 78 44966 0 51 44978 0 77 44993 0 52 44996 0 76 45012 0 90 45012 0 91 45012 0 92 45021 0 53 45044 0 
TIME iteration: 309 ms
Round:85
IR: 0, 0, 0, 0, 0
45074 0 54 45096 0 51 45147 0 52 45152 0 53 45209 0 51 45222 0 54 45302 0 53 45328 0 52 45348 0 51 45363 0 54 45366 0 60 45366 0 61 45372 0 76 45380 0 65 45385 0 64 45388 0 78 45391 0 66 45391 0 67 45395 0 90 45395 0 91 45395 0 92 45396 0 76 45400 0 79 45411 0 68 45412 0 78 45413 0 69 45418 0 72 45418 0 73 45419 0 53 45423 0 76 45424 0 79 45439 0 78 45447 0 52 45451 0 79 45457 0 76 45463 0 74 45465 0 75 45472 0 51 45472 0 78 45486 0 79 45509 0 90 45509 0 91 45509 0 92 45533 0 76 45539 0 78 45564 0 
TIME iteration: 300 ms
Round:86
IR: 0, 0, 0, 0, 0
45662 0 51 45672 0 54 45682 0 52 45705 0 53 45809 0 51 45813 0 54 45815 0 52 45844 0 53 45872 0 64 45872 0 65 45878 0 78 45900 0 72 45901 0 90 45901 0 91 45901 0 92 45902 0 73 45902 0 78 45929 0 78 45933 0 54 45963 0 78 45965 0 51 45966 0 53 46004 0 52 46039 0 78 46057 0 
TIME iteration: 299 ms
Round:87
IR: 0, 0, 0, 0, 0
46110 0 53 46119 0 52 46142 0 54 46171 0 51 46197 0 60 46197 0 61 46205 0 76 46222 0 90 46222 0 91 46222 0 92 46229 0 76 46248 0 52 46249 0 68 46250 0 69 46256 0 76 46290 0 76 46306 0 54 46351 0 53 46388 0 51 46397 0 52 46460 0 54 46534 0 53 46549 0 52 46590 0 62 46591 0 63 46599 0 77 46617 0 90 46617 0 91 46617 0 92 46623 0 
TIME iteration: 299 ms
Round:88
IR: 0, 0, 0, 0, 0
46650 0 77 46672 0 70 46673 0 71 46681 0 51 46685 0 77 46695 0 54 46702 0 52 46745 0 53 46823 0 54 46834 0 51 46846 0 52 46898 0 62 46901 0 63 46902 0 77 46922 0 70 46923 0 71 46924 0 90 46924 0 91 46924 0 92 46925 0 77 46951 0 77 46978 0 53 46983 0 77 47034 0 52 47036 0 77 47057 0 54 47081 0 51 47144 0 
TIME iteration: 299 ms
Round:89
IR: 0, 0, 0, 0, 0
47197 0 51 47211 0 54 47237 0 52 47293 0 53 47322 0 65 47323 0 64 47330 0 54 47331 0 78 47337 0 67 47338 0 66 47346 0 79 47349 0 90 47349 0 91 47349 0 92 47355 0 78 47365 0 51 47370 0 79 47382 0 78 47397 0 73 47397 0 79 47402 0 72 47417 0 52 47417 0 78 47424 0 75 47427 0 74 47432 0 79 47436 0 53 47451 0 54 47475 0 90 47475 0 91 47475 0 92 47489 0 51 47541 0 52 47608 0 54 47609 0 53 47616 0 51 47671 0 
TIME iteration: 299 ms
Round:90
IR: 0, 0, 0, 0, 0
47721 0 54 47741 0 53 47761 0 51 47808 0 52 47832 0 62 47833 0 63 47834 0 61 47840 0 54 47840 0 60 47840 0 77 47841 0 66 47842 0 67 47845 0 76 47847 0 79 47859 0 90 47859 0 91 47859 0 92 47864 0 77 47867 0 53 47869 0 76 47871 0 79 47877 0 74 47879 0 75 47885 0 70 47888 0 71 47891 0 77 47896 0 76 47898 0 79 47914 0 69 47923 0 68 47925 0 77 47930 0 76 47932 0 79 47945 0 52 47969 0 51 47976 0 90 47976 0 91 47976 0 92 47991 0 54 48061 0 53 48094 0 52 48152 0 54 48182 0 53 48208 0 
TIME iteration: 299 ms
Round:91
IR: 0, 0, 0, 0, 0
48243 0 52 48280 0 54 48287 0 53 48307 0 65 48308 0 64 48315 0 78 48332 0 66 48332 0 67 48336 0 90 48336 0 91 48336 0 92 48338 0 79 48339 0 78 48361 0 74 48362 0 79 48364 0 75 48366 0 78 48370 0 73 48371 0 72 48385 0 52 48389 0 79 48400 0 78 48403 0 51 48423 0 79 48438 0 54 48440 0 53 48459 0 90 48459 0 91 48459 0 92 48472 0 52 48563 0 53 48602 0 52 48607 0 51 48638 0 54 48701 0 53 48754 0 
TIME iteration: 299 ms
Round:92
IR: 0, 0, 0, 0, 0
48767 0 54 48797 0 51 48806 0 53 48812 0 65 48813 0 64 48818 0 78 48821 0 62 48829 0 63 48833 0 77 48842 0 78 48842 0 90 48842 0 91 48842 0 92 48846 0 72 48848 0 73 48857 0 77 48869 0 78 48884 0 77 48886 0 71 48889 0 70 48902 0 78 48908 0 54 48913 0 53 48918 0 77 48958 0 52 48969 0 78 48972 0 90 48972 0 91 48972 0 92 49006 0 53 49095 0 54 49115 0 53 49126 0 51 49142 0 52 49261 0 52 49261 0 53 49264 0 51 49266 0 
TIME iteration: 299 ms
Round:93
IR: 0, 0, 0, 0, 0
49304 0 65 49306 0 64 49311 0 78 49334 0 72 49334 0 90 49334 0 91 49334 0 92 49335 0 78 49336 0 73 49354 0 52 49362 0 78 49391 0 53 49396 0 78 49466 0 51 49472 0 78 49490 0 53 49491 0 54 49518 0 52 49615 0 51 49631 0 53 49646 0 64 49646 0 65 49650 0 78 49664 0 72 49664 0 73 49671 0 90 49671 0 91 49671 0 92 49673 0 78 49699 0 78 49710 0 54 49724 0 52 49731 0 78 49738 0 72 49739 0 73 49768 0 53 49787 0 78 49815 0 
TIME iteration: 299 ms
Round:94
IR: 0, 0, 0, 0, 0
49851 0 54 49920 0 52 49946 0 53 49968 0 64 49968 0 65 49971 0 54 49972 0 78 49992 0 72 49992 0 73 49993 0 90 49993 0 91 49993 0 92 49995 0 78 50002 0 51 50021 0 78 50053 0 78 50104 0 54 50109 0 53 50109 0 78 50151 0 52 50155 0 51 50273 0 53 50306 0 54 50340 0 
TIME iteration: 298 ms
Round:95
IR: 0, 0, 0, 0, 0
50358 0 64 50358 0 65 50363 0 78 50377 0 73 50378 0 72 50384 0 90 50384 0 91 50384 0 92 50387 0 78 50414 0 78 50429 0 51 50447 0 78 50462 0 73 50467 0 72 50506 0 52 50513 0 78 50518 0 54 50537 0 53 50582 0 51 50640 0 52 50669 0 54 50689 0 53 50702 0 64 50702 0 65 50706 0 78 50727 0 90 50727 0 91 50727 0 92 50728 0 72 50728 0 73 50729 0 51 50729 0 78 50755 0 78 50786 0 54 50787 0 78 50828 0 52 50843 0 
TIME iteration: 300 ms
Round:96
IR: 0, 0, 0, 0, 0
50888 0 51 50910 0 54 50927 0 53 51010 0 54 51011 0 51 51018 0 52 51032 0 66 51033 0 67 51042 0 79 51057 0 90 51057 0 91 51057 0 92 51066 0 79 51093 0 79 51121 0 51 51123 0 75 51128 0 79 51134 0 74 51138 0 53 51158 0 54 51210 0 52 51259 0 51 51327 0 53 51348 0 54 51384 0 66 51384 0 67 51386 0 52 51388 0 79 51390 0 51 51409 0 60 51409 0 90 51409 0 91 51409 0 
TIME iteration: 299 ms
Round:97
IR: 0, 0, 0, 0, 0
51410 0 75 51411 0 74 51411 0 79 51427 0 76 51437 0 79 51459 0 76 51469 0 79 51482 0 53 51500 0 54 51514 0 76 51527 0 52 51528 0 79 51546 0 90 51546 0 91 51546 0 92 51612 0 51 51686 0 53 51706 0 54 51723 0 52 51808 0 51 51833 0 54 51845 0 52 51928 0 62 51934 0 63 51939 0 
TIME iteration: 299 ms
Round:98
IR: 0, 0, 0, 0, 0
51945 0 51 51953 0 53 51957 0 52 51961 0 90 51961 0 91 51961 0 92 51963 0 77 51987 0 54 51990 0 77 52019 0 70 52021 0 71 52024 0 77 52084 0 51 52126 0 53 52147 0 52 52180 0 54 52243 0 53 52266 0 51 52310 0 52 52318 0 64 52323 0 65 52327 0 63 52328 0 62 52329 0 78 52331 0 77 52347 0 90 52347 0 91 52347 0 92 52353 0 78 52354 0 77 52355 0 53 52356 0 71 52357 0 70 52370 0 54 52380 0 77 52380 0 78 52401 0 73 52402 0 72 52412 0 77 52415 0 78 52467 0 
TIME iteration: 299 ms
Round:99
IR: 0, 0, 0, 0, 0
52477 0 90 52477 0 91 52477 0 92 52483 0 54 52496 0 53 52526 0 51 52562 0 52 52583 0 54 52666 0 53 52677 0 54 52689 0 51 52777 0 52 52786 0 53 52794 0 51 52802 0 54 52806 0 66 52807 0 67 52815 0 79 52828 0 60 52828 0 61 52829 0 64 52830 0 65 52835 0 78 52836 0 76 52836 0 90 52836 0 91 52836 0 92 52839 0 79 52859 0 78 52860 0 76 52866 0 79 52867 0 72 52867 0 73 52878 0 74 52883 0 75 52886 0 78 52887 0 76 52901 0 79 52905 0 51 52908 0 69 52915 0 68 52919 0 78 52921 0 76 52935 0 53 52950 0 90 52950 0 91 52950 0 92 52986 0 54 52986 0 
TIME iteration: 300 ms
Round:100
IR: 0, 0, 0, 0, 0
53010 0 52 53016 0 51 53102 0 53 53156 0 54 53160 0 51 53173 0 52 53260 0 53 53302 0 51 53311 0 52 53319 0 60 53320 0 61 53325 0 76 53340 0 62 53341 0 63 53345 0 54 53348 0 77 53348 0 90 53348 0 91 53348 0 92 53349 0 76 53355 0 68 53356 0 69 53372 0 77 53376 0 76 53380 0 53 53399 0 70 53399 0 77 53400 0 71 53409 0 76 53433 0 77 53458 0 51 53473 0 90 53473 0 91 53473 0 92 53476 0 76 53527 0 
TIME iteration: 299 ms
Round:101
IR: 0, 0, 0, 0, 0
53563 0 54 53569 0 52 53641 0 51 53695 0 52 53700 0 53 53742 0 51 53774 0 54 53821 0 61 53826 0 60 53830 0 76 53834 0 53 53853 0 90 53853 0 91 53853 0 92 53854 0 52 53854 0 69 53854 0 76 53855 0 68 53881 0 76 53891 0 51 53915 0 76 53941 0 54 53975 0 53 53994 0 52 53995 0 76 54025 0 
TIME iteration: 308 ms
Round:102
IR: 0, 0, 0, 0, 0
54139 0 52 54159 0 54 54218 0 63 54226 0 62 54230 0 77 54247 0 52 54249 0 90 54249 0 91 54249 0 92 54254 0 53 54254 0 77 54278 0 70 54279 0 71 54281 0 77 54299 0 51 54306 0 54 54315 0 77 54421 0 52 54432 0 54 54441 0 53 54485 0 51 54558 0 52 54566 0 54 54583 0 62 54583 0 63 54586 0 
TIME iteration: 299 ms
Round:103
IR: 0, 0, 0, 0, 0
54593 0 66 54594 0 67 54602 0 79 54607 0 70 54607 0 71 54608 0 90 54608 0 91 54608 0 92 54609 0 77 54626 0 79 54635 0 77 54653 0 79 54667 0 77 54677 0 74 54678 0 75 54683 0 53 54688 0 79 54689 0 51 54696 0 52 54721 0 77 54735 0 90 54735 0 91 54735 0 92 54750 0 54 54797 0 51 54844 0 53 54859 0 52 54903 0 54 54922 0 51 54978 0 53 55005 0 52 55055 0 51 55057 0 54 55079 0 60 55080 0 61 55088 0 76 55106 0 67 55109 0 66 55109 0 90 55109 0 91 55109 0 92 55112 0 76 55113 0 
TIME iteration: 299 ms
Round:104
IR: 0, 0, 0, 0, 0
55137 0 79 55139 0 53 55139 0 76 55144 0 75 55145 0 74 55148 0 68 55150 0 69 55164 0 79 55174 0 76 55176 0 51 55197 0 54 55198 0 79 55216 0 52 55232 0 90 55232 0 91 55232 0 92 55253 0 53 55296 0 51 55383 0 52 55411 0 54 55421 0 53 55471 0 51 55532 0 52 55580 0 53 55600 0 54 55629 0 64 55629 0 65 55637 0 
TIME iteration: 298 ms
Round:105
IR: 0, 0, 0, 0, 0
55659 0 90 55659 0 91 55659 0 92 55661 0 78 55688 0 78 55692 0 51 55696 0 52 55704 0 54 55721 0 73 55722 0 78 55724 0 72 55753 0 53 55798 0 52 55802 0 54 55818 0 51 55904 0 53 55941 0 52 55945 0 54 55948 0 64 55948 0 65 55951 0 78 55965 0 51 55972 0 72 55972 0 73 55973 0 90 55973 0 91 55973 0 92 55974 0 78 56000 0 78 56032 0 78 56052 0 53 56086 0 78 56130 0 54 56135 0 52 56174 0 
TIME iteration: 299 ms
Round:106
IR: 0, 0, 0, 0, 0
56184 0 53 56238 0 52 56325 0 51 56335 0 63 56346 0 62 56349 0 77 56358 0 54 56367 0 90 56367 0 91 56367 0 92 56373 0 53 56373 0 77 56390 0 52 56400 0 77 56419 0 71 56422 0 70 56434 0 77 56530 0 54 56532 0 51 56539 0 53 56586 0 52 56696 0 53 56696 0 54 56699 0 
TIME iteration: 299 ms
Round:107
IR: 0, 0, 0, 0, 0
56710 0 52 56719 0 62 56721 0 63 56724 0 77 56746 0 90 56746 0 91 56746 0 92 56747 0 71 56747 0 77 56748 0 70 56773 0 77 56805 0 77 56842 0 52 56850 0 54 56861 0 53 56861 0 77 56905 0 51 56971 0 54 56977 0 52 57049 0 53 57069 0 51 57093 0 52 57094 0 62 57094 0 63 57099 0 77 57114 0 70 57114 0 71 57120 0 90 57120 0 91 57120 0 92 57123 0 77 57131 0 54 57150 0 77 57183 0 77 57197 0 71 57203 0 51 57207 0 70 57228 0 
TIME iteration: 299 ms
Round:108
IR: 0, 0, 0, 0, 0
57248 0 77 57249 0 52 57351 0 51 57362 0 54 57386 0 52 57393 0 63 57394 0 62 57397 0 77 57416 0 70 57418 0 71 57418 0 90 57418 0 91 57418 0 92 57419 0 53 57420 0 77 57446 0 77 57478 0 77 57497 0 51 57529 0 54 57533 0 77 57554 0 52 57559 0 53 57656 0 52 57663 0 54 57664 0 51 57712 0 63 57714 0 62 57717 0 77 57727 0 70 57727 0 71 57733 0 53 57737 0 90 57737 0 91 57737 0 92 57740 0 77 57766 0 77 57768 0 
TIME iteration: 299 ms
Round:109
IR: 0, 0, 0, 0, 0
57789 0 70 57790 0 71 57798 0 77 57807 0 54 57854 0 77 57865 0 51 57886 0 53 57941 0 52 57947 0 54 58023 0 51 58032 0 62 58040 0 77 58047 0 53 58061 0 90 58061 0 91 58061 0 92 58069 0 77 58073 0 52 58078 0 54 58110 0 77 58162 0 52 58211 0 53 58239 0 52 58245 0 51 58267 0 
TIME iteration: 299 ms
Round:110
IR: 0, 0, 0, 0, 0
58380 0 52 58382 0 63 58384 0 62 58387 0 77 58396 0 53 58402 0 70 58403 0 71 58410 0 77 58411 0 90 58411 0 91 58411 0 92 58436 0 51 58436 0 77 58437 0 54 58468 0 77 58480 0 70 58498 0 71 58524 0 77 58531 0 53 58542 0 51 58548 0 52 58549 0 54 58668 0 53 58682 0 51 58697 0 54 58745 0 61 58750 0 60 58753 0 66 58754 0 67 58756 0 76 58762 0 79 58764 0 52 58773 0 90 58773 0 91 58773 0 92 58780 0 76 58786 0 79 58798 0 54 58803 0 53 58807 0 51 58807 0 76 58813 0 
TIME iteration: 299 ms
Round:111
IR: 0, 0, 0, 0, 0
58838 0 69 58842 0 76 58844 0 74 58847 0 68 58848 0 75 58848 0 79 58898 0 52 58902 0 90 58902 0 91 58902 0 92 58913 0 54 58931 0 51 58983 0 53 59030 0 51 59074 0 52 59136 0 54 59233 0 53 59270 0 51 59289 0 54 59322 0 52 59330 0 66 59331 0 67 59334 0 61 59337 0 79 59338 0 60 59342 0 76 59359 0 90 59359 0 91 59359 0 
TIME iteration: 298 ms
Round:112
IR: 0, 0, 0, 0, 0
59361 0 79 59366 0 76 59367 0 53 59373 0 74 59374 0 75 59377 0 69 59378 0 68 59388 0 79 59393 0 76 59422 0 79 59427 0 76 59438 0 52 59441 0 54 59478 0 51 59491 0 90 59491 0 91 59491 0 92 59502 0 76 59547 0 53 59576 0 52 59602 0 51 59678 0 53 59704 0 52 59709 0 54 59789 0 51 59793 0 53 59824 0 64 59824 0 65 59832 0 78 59834 0 52 59849 0 54 59850 0 62 59851 0 63 59853 0 90 59853 0 91 59853 0 92 59856 0 78 59859 0 77 59883 0 77 59883 0 
TIME iteration: 299 ms
Round:113
IR: 0, 0, 0, 0, 0
59893 0 53 59910 0 77 59914 0 73 59917 0 78 59926 0 71 59926 0 72 59932 0 70 59934 0 51 59945 0 77 59955 0 52 59976 0 90 59976 0 91 59976 0 92 59985 0 54 60017 0 53 60113 0 53 60117 0 52 60124 0 51 60132 0 54 60233 0 52 60253 0 53 60279 0 51 60291 0 64 60293 0 65 60297 0 78 60308 0 54 60320 0 63 60321 0 78 60321 0 90 60321 0 91 60321 0 92 60326 0 72 60326 0 73 60330 0 77 60348 0 78 60360 0 77 60381 0 78 60393 0 53 60403 0 77 60412 0 
TIME iteration: 299 ms
Round:114
IR: 0, 0, 0, 0, 0
60447 0 78 60454 0 51 60462 0 90 60462 0 91 60462 0 92 60501 0 54 60540 0 53 60563 0 52 60643 0 51 60669 0 53 60671 0 54 60774 0 53 60792 0 64 60793 0 65 60798 0 78 60822 0 72 60822 0 78 60822 0 90 60822 0 91 60822 0 92 60823 0 73 60825 0 54 60841 0 52 60849 0 78 60878 0 51 60882 0 78 60925 0 53 60946 0 52 60949 0 
TIME iteration: 298 ms
Round:115
IR: 0, 0, 0, 0, 0
61011 0 54 61017 0 51 61104 0 52 61115 0 53 61138 0 51 61165 0 54 61165 0 60 61166 0 61 61174 0 76 61181 0 63 61191 0 90 61191 0 91 61191 0 92 61197 0 77 61198 0 76 61225 0 76 61228 0 77 61235 0 52 61246 0 68 61249 0 69 61260 0 76 61279 0 77 61336 0 90 61336 0 91 61336 0 92 61352 0 53 61356 0 52 61378 0 54 61417 0 51 61450 0 
TIME iteration: 299 ms
Round:116
IR: 0, 0, 0, 0, 0
61503 0 54 61522 0 53 61566 0 52 61596 0 51 61648 0 63 61656 0 62 61658 0 77 61667 0 54 61677 0 51 61678 0 53 61682 0 77 61682 0 90 61682 0 91 61682 0 92 61691 0 70 61691 0 71 61709 0 77 61724 0 52 61742 0 77 61775 0 54 61776 0 51 61790 0 53 61811 0 77 61880 0 52 61884 0 54 61906 0 51 61934 0 53 61992 0 54 62000 0 66 62000 0 67 62009 0 
TIME iteration: 299 ms
Round:117
IR: 0, 0, 0, 0, 0
62025 0 90 62025 0 91 62025 0 92 62033 0 79 62049 0 51 62060 0 79 62081 0 52 62093 0 54 62093 0 75 62095 0 79 62097 0 74 62141 0 53 62156 0 51 62202 0 52 62272 0 53 62273 0 54 62321 0 66 62321 0 67 62324 0 79 62337 0 51 62345 0 90 62345 0 91 62345 0 92 62346 0 74 62346 0 75 62347 0 79 62369 0 52 62373 0 79 62392 0 54 62405 0 79 62417 0 53 62453 0 51 62463 0 79 62490 0 52 62491 0 
TIME iteration: 299 ms
Round:118
IR: 0, 0, 0, 0, 0
62548 0 53 62597 0 51 62670 0 53 62684 0 52 62686 0 54 62690 0 64 62690 0 65 62698 0 78 62710 0 66 62710 0 67 62715 0 79 62715 0 90 62715 0 91 62715 0 92 62722 0 78 62729 0 74 62730 0 75 62737 0 51 62739 0 79 62749 0 78 62765 0 79 62775 0 73 62776 0 72 62778 0 52 62783 0 78 62798 0 79 62803 0 74 62815 0 75 62838 0 90 62838 0 91 62838 0 92 62851 0 53 62868 0 79 62881 0 52 62883 0 51 62889 0 54 62969 0 53 63053 0 
TIME iteration: 308 ms
Round:119
IR: 0, 0, 0, 0, 0
63070 0 53 63097 0 51 63109 0 52 63137 0 64 63142 0 65 63144 0 78 63168 0 78 63168 0 90 63168 0 91 63168 0 92 63172 0 73 63174 0 72 63194 0 78 63224 0 51 63227 0 78 63279 0 54 63288 0 78 63313 0 52 63329 0 53 63428 0 52 63446 0 51 63499 0 53 63514 0 54 63558 0 64 63559 0 65 63564 0 78 63582 0 72 63582 0 73 63585 0 90 63585 0 91 63585 0 92 63588 0 
TIME iteration: 299 ms
Round:120
IR: 0, 0, 0, 0, 0
63615 0 78 63648 0 78 63659 0 53 63661 0 51 63661 0 54 63700 0 52 63715 0 78 63804 0 53 63819 0 51 63853 0 54 63858 0 52 63984 0 52 63993 0 51 63994 0 63 63995 0 62 64003 0 77 64007 0 53 64015 0 60 64016 0 61 64021 0 65 64021 0 90 64021 0 91 64021 0 92 64024 0 76 64027 0 77 64028 0 54 64033 0 78 64048 0 76 64054 0 77 64063 0 78 64075 0 76 64080 0 71 64086 0 70 64089 0 77 64106 0 68 64108 0 78 64110 0 76 64112 0 
TIME iteration: 299 ms
Round:121
IR: 0, 0, 0, 0, 0
64130 0 52 64137 0 90 64137 0 91 64137 0 92 64146 0 54 64190 0 53 64216 0 51 64282 0 52 64312 0 54 64334 0 51 64408 0 53 64440 0 54 64441 0 51 64448 0 52 64457 0 61 64458 0 60 64462 0 76 64486 0 76 64486 0 90 64486 0 91 64486 0 92 64491 0 68 64492 0 69 64512 0 76 64545 0 76 64562 0 53 64568 0 51 64570 0 54 64606 0 76 64610 0 
TIME iteration: 298 ms
Round:122
IR: 0, 0, 0, 0, 0
64708 0 51 64708 0 53 64730 0 52 64789 0 54 64833 0 53 64850 0 51 64851 0 64 64852 0 65 64855 0 60 64855 0 61 64859 0 78 64860 0 76 64877 0 68 64877 0 90 64877 0 91 64877 0 92 64878 0 69 64883 0 78 64884 0 76 64895 0 52 64903 0 73 64904 0 72 64910 0 78 64911 0 76 64921 0 54 64944 0 76 64944 0 78 64955 0 53 64972 0 51 65007 0 90 65007 0 91 65007 0 92 65010 0 76 65027 0 52 65120 0 53 65132 0 
TIME iteration: 299 ms
Round:123
IR: 0, 0, 0, 0, 0
65206 0 52 65240 0 51 65245 0 53 65349 0 54 65370 0 52 65383 0 53 65392 0 64 65392 0 65 65398 0 78 65420 0 62 65421 0 63 65422 0 78 65422 0 90 65422 0 91 65422 0 92 65427 0 72 65429 0 73 65429 0 77 65447 0 51 65449 0 78 65453 0 77 65480 0 77 65483 0 78 65497 0 70 65500 0 71 65504 0 52 65515 0 77 65545 0 90 65545 0 91 65545 0 92 65546 0 54 65559 0 78 65564 0 53 65606 0 52 65664 0 51 65706 0 54 65713 0 
TIME iteration: 299 ms
Round:124
IR: 0, 0, 0, 0, 0
65739 0 52 65838 0 54 65839 0 51 65892 0 53 65920 0 67 65926 0 66 65932 0 79 65950 0 65 65951 0 64 65953 0 90 65953 0 91 65953 0 92 65956 0 79 65957 0 78 65967 0 54 65968 0 51 65981 0 78 65983 0 79 65984 0 72 65985 0 73 66008 0 78 66017 0 75 66018 0 79 66019 0 74 66036 0 52 66041 0 53 66042 0 78 66070 0 54 66076 0 90 66076 0 91 66076 0 92 66095 0 51 66123 0 78 66206 0 54 66215 0 51 66227 0 
TIME iteration: 299 ms
Round:125
IR: 0, 0, 0, 0, 0
66279 0 53 66338 0 54 66355 0 52 66425 0 51 66426 0 66 66428 0 67 66433 0 79 66448 0 53 66456 0 90 66456 0 91 66456 0 92 66457 0 79 66464 0 74 66465 0 75 66484 0 79 66518 0 79 66539 0 52 66562 0 51 66609 0 53 66657 0 54 66663 0 52 66683 0 
TIME iteration: 299 ms
Round:126
IR: 0, 0, 0, 0, 0
66784 0 53 66813 0 52 66816 0 51 66824 0 60 66824 0 61 66831 0 62 66831 0 63 66832 0 76 66839 0 77 66850 0 90 66850 0 91 66850 0 92 66852 0 54 66856 0 76 66863 0 77 66883 0 76 66890 0 77 66903 0 71 66910 0 70 66913 0 68 66913 0 69 66917 0 76 66924 0 77 66953 0 51 66972 0 53 66979 0 90 66979 0 91 66979 0 92 67002 0 52 67004 0 54 67095 0 51 67115 0 53 67134 0 54 67149 0 52 67253 0 53 67271 0 51 67286 0 
TIME iteration: 299 ms
Round:127
IR: 0, 0, 0, 0, 0
67333 0 62 67334 0 63 67337 0 54 67339 0 77 67363 0 77 67363 0 90 67363 0 91 67363 0 92 67368 0 70 67369 0 71 67390 0 77 67391 0 53 67399 0 51 67423 0 77 67468 0 52 67483 0 54 67487 0 53 67490 0 77 67497 0 51 67604 0 53 67612 0 54 67625 0 51 67658 0 65 67659 0 64 67667 0 78 67668 0 60 67670 0 61 67676 0 76 67683 0 90 67683 0 91 67683 0 92 67691 0 78 67700 0 76 67718 0 78 67724 0 52 67725 0 69 67727 0 76 67729 0 68 67739 0 73 67740 0 72 67753 0 78 67761 0 76 67763 0 51 67763 0 53 67808 0 54 67809 0 90 67809 0 91 67809 0 
TIME iteration: 300 ms
Round:128
IR: 0, 0, 0, 0, 0
67883 0 53 67913 0 51 67960 0 52 68005 0 53 68050 0 51 68081 0 54 68102 0 52 68104 0 53 68120 0 64 68120 0 65 68125 0 78 68149 0 78 68149 0 90 68149 0 91 68149 0 92 68153 0 73 68154 0 72 68176 0 78 68181 0 51 68209 0 78 68245 0 52 68251 0 54 68275 0 78 68317 0 
TIME iteration: 299 ms
Round:129
IR: 0, 0, 0, 0, 0
68460 0 51 68470 0 54 68471 0 52 68472 0 53 68519 0 64 68519 0 65 68524 0 78 68541 0 72 68542 0 73 68545 0 90 68545 0 91 68545 0 92 68548 0 78 68575 0 78 68608 0 78 68618 0 52 68619 0 51 68633 0 54 68653 0 53 68674 0 78 68759 0 53 68765 0 51 68770 0 52 68830 0 54 68873 0 52 68891 0 62 68891 0 63 68892 0 51 68899 0 
TIME iteration: 299 ms
Round:130
IR: 0, 0, 0, 0, 0
68911 0 60 68911 0 61 68917 0 90 68917 0 91 68917 0 92 68919 0 76 68922 0 53 68923 0 77 68943 0 76 68950 0 77 68962 0 54 68970 0 70 68970 0 71 68970 0 76 68979 0 69 68982 0 68 68984 0 77 69004 0 76 69020 0 51 69041 0 90 69041 0 91 69041 0 92 69047 0 53 69118 0 54 69157 0 51 69165 0 52 69189 0 53 69280 0 54 69320 0 51 69331 0 53 69378 0 52 69411 0 64 69419 0 65 69423 0 
TIME iteration: 299 ms
Round:131
IR: 0, 0, 0, 0, 0
69445 0 90 69445 0 91 69445 0 92 69447 0 78 69464 0 53 69466 0 73 69467 0 72 69474 0 78 69482 0 51 69508 0 78 69545 0 54 69558 0 52 69640 0 53 69682 0 51 69715 0 52 69727 0 54 69824 0 53 69847 0 64 69848 0 51 69848 0 65 69852 0 78 69875 0 72 69875 0 73 69875 0 90 69875 0 91 69875 0 92 69876 0 78 69902 0 78 69919 0 52 69935 0 
TIME iteration: 299 ms
Round:132
IR: 0, 0, 0, 0, 0
69995 0 51 69996 0 78 70025 0 54 70029 0 53 70091 0 52 70119 0 51 70180 0 52 70196 0 54 70211 0 62 70211 0 63 70215 0 53 70219 0 77 70237 0 90 70237 0 91 70237 0 92 70243 0 77 70245 0 51 70270 0 77 70283 0 70 70284 0 71 70304 0 77 70311 0 52 70386 0 54 70389 0 51 70449 0 53 70462 0 
TIME iteration: 300 ms
Round:133
IR: 0, 0, 0, 0, 0
70492 0 51 70533 0 63 70534 0 62 70536 0 77 70544 0 54 70552 0 60 70552 0 61 70556 0 70 70556 0 71 70558 0 90 70558 0 91 70558 0 92 70559 0 77 70560 0 76 70584 0 76 70585 0 77 70602 0 51 70611 0 76 70617 0 77 70632 0 53 70632 0 68 70639 0 69 70641 0 52 70645 0 76 70670 0 77 70681 0 90 70681 0 91 70681 0 92 70693 0 54 70760 0 51 70800 0 53 70811 0 52 70844 0 54 70913 0 51 70968 0 53 71001 0 
TIME iteration: 299 ms
Round:134
IR: 0, 0, 0, 0, 0
71046 0 51 71060 0 61 71061 0 60 71066 0 76 71090 0 76 71090 0 90 71090 0 91 71090 0 92 71097 0 68 71098 0 69 71099 0 54 71113 0 53 71117 0 76 71130 0 52 71150 0 76 71152 0 51 71217 0 76 71220 0 53 71283 0 52 71283 0 54 71322 0 53 71362 0 51 71378 0 65 71380 0 64 71387 0 78 71404 0 90 71404 0 91 71404 0 92 71411 0 78 71422 0 54 71438 0 78 71442 0 53 71457 0 72 71457 0 73 71467 0 52 71472 0 78 71491 0 51 71540 0 
TIME iteration: 300 ms
Round:135
IR: 0, 0, 0, 0, 0
71555 0 53 71589 0 51 71703 0 52 71711 0 54 71778 0 67 71780 0 66 71781 0 51 71788 0 79 71800 0 60 71800 0 61 71803 0 53 71805 0 90 71805 0 91 71805 0 92 71807 0 76 71812 0 79 71831 0 76 71839 0 79 71846 0 68 71847 0 69 71858 0 76 71868 0 75 71870 0 74 71874 0 79 71892 0 76 71903 0 52 71928 0 90 71928 0 91 71928 0 92 71955 0 54 71986 0 53 72015 0 
TIME iteration: 308 ms
Round:136
IR: 0, 0, 0, 0, 0
72095 0 52 72144 0 51 72177 0 53 72178 0 54 72221 0 52 72310 0 51 72325 0 53 72330 0 60 72330 0 61 72331 0 52 72333 0 62 72333 0 63 72336 0 76 72338 0 54 72341 0 77 72353 0 64 72354 0 65 72357 0 90 72357 0 91 72357 0 92 72360 0 76 72361 0 78 72363 0 69 72364 0 68 72365 0 77 72385 0 78 72387 0 76 72392 0 77 72412 0 78 72413 0 70 72415 0 73 72417 0 72 72420 0 71 72421 0 76 72426 0 77 72446 0 78 72458 0 51 72459 0 52 72472 0 90 72472 0 91 72472 0 92 72494 0 53 72497 0 76 72523 0 
TIME iteration: 299 ms
Round:137
IR: 0, 0, 0, 0, 0
72615 0 53 72618 0 52 72652 0 51 72654 0 54 72721 0 53 72774 0 64 72775 0 65 72779 0 78 72794 0 52 72802 0 90 72802 0 91 72802 0 92 72803 0 73 72803 0 78 72805 0 72 72826 0 51 72829 0 78 72833 0 54 72844 0 53 72862 0 78 72923 0 78 72944 0 52 72990 0 54 73016 0 53 73060 0 51 73110 0 
TIME iteration: 299 ms
Round:138
IR: 0, 0, 0, 0, 0
73183 0 53 73202 0 64 73202 0 65 73207 0 78 73216 0 54 73219 0 63 73226 0 73 73227 0 72 73229 0 90 73229 0 91 73229 0 92 73231 0 78 73235 0 77 73258 0 78 73266 0 77 73273 0 52 73278 0 53 73289 0 51 73291 0 78 73317 0 77 73357 0 78 73375 0 90 73375 0 91 73375 0 92 73399 0 53 73418 0 54 73427 0 51 73440 0 52 73559 0 51 73562 0 52 73568 0 53 73571 0 
TIME iteration: 299 ms
Round:139
IR: 0, 0, 0, 0, 0
73681 0 51 73691 0 54 73707 0 52 73711 0 60 73713 0 61 73720 0 76 73728 0 66 73728 0 67 73734 0 62 73735 0 63 73737 0 79 73741 0 77 73742 0 90 73742 0 91 73742 0 92 73744 0 76 73761 0 79 73765 0 77 73771 0 76 73777 0 70 73778 0 71 73783 0 69 73784 0 68 73788 0 79 73792 0 77 73805 0 76 73813 0 74 73814 0 53 73819 0 75 73823 0 79 73826 0 77 73827 0 51 73856 0 52 73857 0 90 73857 0 91 73857 0 92 73863 0 54 73907 0 77 73965 0 53 74002 0 54 74041 0 52 74074 0 51 74107 0 53 74109 0 54 74168 0 66 74172 0 67 74175 0 79 74195 0 51 74198 0 90 74198 0 91 74198 0 92 74199 0 
TIME iteration: 299 ms
Round:140
IR: 0, 0, 0, 0, 0
74201 0 75 74203 0 74 74215 0 54 74225 0 79 74258 0 79 74277 0 53 74324 0 79 74328 0 51 74328 0 52 74416 0 54 74435 0 51 74451 0 52 74461 0 53 74528 0 60 74544 0 76 74559 0 90 74559 0 91 74559 0 92 74575 0 76 74593 0 52 74611 0 54 74626 0 76 74651 0 53 74660 0 
TIME iteration: 298 ms
Round:141
IR: 0, 0, 0, 0, 0
74736 0 54 74809 0 53 74817 0 52 74851 0 51 74931 0 54 74952 0 53 74967 0 64 74967 0 65 74967 0 66 74968 0 67 74975 0 78 74976 0 79 74992 0 90 74992 0 91 74992 0 92 74999 0 78 75000 0 79 75015 0 51 75016 0 74 75017 0 75 75023 0 52 75026 0 78 75027 0 79 75050 0 73 75051 0 72 75060 0 78 75062 0 79 75113 0 54 75122 0 53 75123 0 90 75123 0 91 75123 0 92 75134 0 51 75177 0 52 75213 0 54 75239 0 51 75250 0 
TIME iteration: 299 ms
Round:142
IR: 0, 0, 0, 0, 0
75342 0 51 75342 0 54 75384 0 52 75388 0 53 75484 0 54 75494 0 66 75494 0 67 75500 0 79 75508 0 51 75512 0 60 75512 0 61 75520 0 76 75524 0 79 75524 0 90 75524 0 91 75524 0 92 75528 0 74 75529 0 75 75544 0 76 75551 0 79 75553 0 53 75559 0 52 75571 0 76 75576 0 68 75579 0 69 75585 0 79 75605 0 76 75612 0 54 75651 0 90 75651 0 91 75651 0 92 75703 0 52 75737 0 51 75772 0 
TIME iteration: 299 ms
Round:143
IR: 0, 0, 0, 0, 0
75798 0 53 75837 0 52 75931 0 54 75938 0 51 75955 0 53 76009 0 52 76044 0 63 76046 0 62 76053 0 77 76067 0 51 76068 0 54 76075 0 66 76075 0 67 76075 0 90 76075 0 91 76075 0 92 76077 0 77 76081 0 79 76103 0 53 76104 0 77 76105 0 79 76110 0 74 76110 0 75 76132 0 79 76133 0 71 76138 0 77 76139 0 70 76166 0 79 76190 0 54 76197 0 90 76197 0 91 76197 0 92 76237 0 52 76246 0 51 76275 0 
TIME iteration: 299 ms
Round:144
IR: 0, 0, 0, 0, 0
76364 0 51 76364 0 54 76394 0 53 76430 0 52 76470 0 51 76508 0 61 76509 0 60 76516 0 76 76537 0 90 76537 0 91 76537 0 92 76540 0 76 76561 0 52 76567 0 76 76570 0 68 76570 0 69 76574 0 54 76601 0 76 76620 0 51 76629 0 53 76664 0 52 76711 0 54 76789 0 
TIME iteration: 299 ms
Round:145
IR: 0, 0, 0, 0, 0
76877 0 54 76882 0 61 76883 0 60 76886 0 76 76905 0 52 76908 0 68 76908 0 90 76908 0 91 76908 0 92 76909 0 69 76909 0 76 76928 0 53 76935 0 76 76945 0 51 76967 0 76 77000 0 54 77022 0 76 77077 0 52 77097 0 54 77109 0 51 77121 0 53 77233 0 53 77239 0 52 77271 0 51 77275 0 64 77276 0 65 77284 0 78 77285 0 54 77292 0 60 77293 0 61 77297 0 76 77301 0 66 77301 0 67 77302 0 90 77302 0 91 77302 0 92 77308 0 78 77310 0 79 77314 0 68 77314 0 69 77321 0 76 77334 0 79 77335 0 78 77347 0 76 77352 0 53 77361 0 79 77369 0 72 77369 0 75 77370 0 74 77370 0 78 77374 0 
TIME iteration: 299 ms
Round:146
IR: 0, 0, 0, 0, 0
77380 0 76 77396 0 79 77413 0 54 77415 0 90 77415 0 91 77415 0 92 77435 0 52 77441 0 76 77477 0 53 77538 0 51 77563 0 52 77572 0 54 77605 0 53 77661 0 54 77674 0 52 77721 0 66 77723 0 67 77727 0 79 77737 0 51 77741 0 63 77746 0 62 77750 0 90 77750 0 91 77750 0 92 77751 0 75 77751 0 79 77752 0 74 77752 0 77 77759 0 54 77774 0 52 77776 0 77 77778 0 79 77801 0 53 77803 0 77 77811 0 79 77824 0 70 77827 0 71 77838 0 77 77874 0 90 77874 0 91 77874 0 92 77881 0 79 77887 0 51 77899 0 
TIME iteration: 299 ms
Round:147
IR: 0, 0, 0, 0, 0
77970 0 52 77971 0 53 78088 0 54 78103 0 51 78121 0 53 78157 0 52 78211 0 54 78248 0 51 78250 0 66 78251 0 67 78257 0 79 78273 0 53 78280 0 90 78280 0 91 78280 0 92 78281 0 75 78281 0 79 78283 0 74 78308 0 79 78328 0 52 78339 0 54 78342 0 79 78373 0 
TIME iteration: 299 ms
Round:148
IR: 0, 0, 0, 0, 0
78457 0 52 78481 0 54 78494 0 51 78536 0 53 78577 0 52 78610 0 62 78610 0 63 78617 0 77 78626 0 54 78636 0 90 78636 0 91 78636 0 92 78641 0 77 78667 0 70 78668 0 71 78668 0 77 78700 0 52 78702 0 77 78720 0 53 78769 0 51 78845 0 52 78863 0 53 78955 0 54 78956 0 
TIME iteration: 298 ms
Round:149
IR: 0, 0, 0, 0, 0
79041 0 52 79050 0 62 79051 0 63 79055 0 77 79063 0 53 79078 0 90 79078 0 91 79078 0 92 79079 0 77 79080 0 70 79080 0 71 79094 0 51 79105 0 77 79127 0 54 79138 0 77 79193 0 52 79199 0 77 79239 0 54 79244 0 53 79292 0 51 79352 0 54 79357 0 52 79386 0 66 79387 0 67 79395 0 79 79412 0 90 79412 0 91 79412 0 92 79419 0 79 79441 0 51 79446 0 79 79452 0 74 79453 0 75 79457 0 53 79481 0 79 79485 0 
TIME iteration: 299 ms
Round:150
IR: 0, 0, 0, 0, 0
79529 0 54 79605 0 51 79607 0 53 79639 0 52 79732 0 54 79785 0 67 79786 0 66 79790 0 79 79795 0 53 79801 0 52 79812 0 90 79812 0 91 79812 0 92 79813 0 74 79813 0 75 79814 0 79 79840 0 79 79873 0 79 79887 0 54 79894 0 52 79927 0 51 79928 0 53 79939 0 79 80026 0 
TIME iteration: 299 ms
Round:151
IR: 0, 0, 0, 0, 0
80059 0 51 80102 0 53 80105 0 54 80202 0 53 80204 0 52 80207 0 64 80207 0 65 80215 0 51 80215 0 78 80218 0 62 80218 0 63 80226 0 77 80229 0 60 80229 0 61 80234 0 90 80234 0 91 80234 0 92 80237 0 76 80239 0 78 80250 0 77 80257 0 54 80261 0 76 80266 0 78 80277 0 77 80283 0 70 80283 0 71 80288 0 76 80300 0 73 80300 0 78 80305 0 72 80309 0 53 80311 0 77 80321 0 69 80322 0 76 80325 0 68 80348 0 90 80348 0 91 80348 0 92 80356 0 51 80358 0 54 80377 0 52 80508 0 53 80512 0 52 80517 0 51 80545 0 
TIME iteration: 299 ms
Round:152
IR: 0, 0, 0, 0, 0
80597 0 53 80665 0 51 80684 0 64 80690 0 53 80690 0 65 80692 0 78 80712 0 60 80712 0 61 80715 0 90 80715 0 91 80715 0 92 80716 0 78 80717 0 76 80722 0 73 80723 0 72 80724 0 54 80741 0 76 80742 0 78 80746 0 69 80747 0 68 80763 0 52 80768 0 76 80775 0 78 80801 0 76 80837 0 78 80838 0 90 80838 0 91 80838 0 92 80847 0 53 80867 0 76 80904 0 54 80933 0 52 80980 0 51 80983 0 53 81071 0 52 81074 0 
TIME iteration: 301 ms
Round:153
IR: 0, 0, 0, 0, 0
81111 0 53 81171 0 52 81180 0 65 81181 0 64 81186 0 63 81186 0 78 81188 0 62 81193 0 51 81195 0 77 81209 0 90 81209 0 91 81209 0 92 81210 0 78 81211 0 72 81212 0 73 81219 0 77 81224 0 54 81237 0 78 81246 0 77 81248 0 70 81250 0 71 81260 0 53 81270 0 78 81280 0 77 81291 0 52 81327 0 51 81337 0 78 81341 0 90 81341 0 91 81341 0 92 81385 0 54 81439 0 51 81441 0 53 81497 0 52 81575 0 54 81590 0 51 81607 0 
TIME iteration: 299 ms
Round:154
IR: 0, 0, 0, 0, 0
81627 0 52 81728 0 53 81731 0 54 81740 0 64 81741 0 65 81747 0 78 81765 0 66 81766 0 67 81771 0 78 81771 0 90 81771 0 91 81771 0 92 81774 0 73 81774 0 79 81776 0 72 81790 0 52 81798 0 78 81798 0 79 81825 0 79 81832 0 78 81842 0 54 81852 0 74 81854 0 75 81860 0 79 81874 0 51 81896 0 90 81896 0 91 81896 0 92 81913 0 78 81947 0 52 81950 0 54 82030 0 53 82141 0 
TIME iteration: 299 ms
Round:155
IR: 0, 0, 0, 0, 0
82151 0 52 82177 0 53 82195 0 54 82319 0 51 82391 0 61 82392 0 60 82400 0 76 82403 0 53 82408 0 52 82421 0 64 82421 0 65 82423 0 90 82423 0 91 82423 0 92 82424 0 76 82428 0 78 82437 0 54 82451 0 76 82452 0 78 82457 0 51 82463 0 73 82465 0 72 82469 0 69 82473 0 68 82479 0 78 82486 0 76 82513 0 78 82546 0 90 82546 0 91 82546 0 92 82556 0 52 82564 0 53 82578 0 51 82598 0 
TIME iteration: 299 ms
Round:156
IR: 0, 0, 0, 0, 0
82701 0 54 82707 0 52 82713 0 51 82720 0 53 82902 0 51 82946 0 60 82948 0 61 82953 0 76 82970 0 52 82977 0 76 82977 0 90 82977 0 91 82977 0 92 82979 0 54 82986 0 68 82986 0 69 83004 0 76 83029 0 53 83038 0 76 83062 0 51 83114 0 76 83159 0 52 83186 0 51 83188 0 
TIME iteration: 298 ms
Round:157
IR: 0, 0, 0, 0, 0
83263 0 53 83306 0 54 83323 0 51 83328 0 52 83328 0 60 83328 0 61 83333 0 76 83350 0 68 83350 0 69 83354 0 90 83354 0 91 83354 0 92 83357 0 76 83384 0 76 83417 0 76 83437 0 53 83454 0 51 83454 0 54 83482 0 76 83513 0 52 83558 0 54 83613 0 51 83629 0 52 83638 0 53 83701 0 54 83711 0 66 83712 0 60 83713 0 67 83721 0 79 83722 0 76 83736 0 90 83736 0 91 83736 0 
TIME iteration: 299 ms
Round:158
IR: 0, 0, 0, 0, 0
83745 0 79 83752 0 76 83769 0 51 83772 0 52 83772 0 79 83792 0 53 83795 0 76 83797 0 75 83800 0 74 83807 0 79 83816 0 54 83891 0 90 83891 0 91 83891 0 92 83900 0 52 83900 0 53 83921 0 51 83950 0 54 84041 0 53 84093 0 52 84122 0 54 84124 0 51 84153 0 53 84217 0 64 84221 0 65 84227 0 78 84249 0 90 84249 0 91 84249 0 92 84251 0 54 84251 0 78 84263 0 51 84267 0 
TIME iteration: 299 ms
Round:159
IR: 0, 0, 0, 0, 0
84278 0 78 84298 0 72 84302 0 73 84312 0 78 84348 0 52 84352 0 54 84406 0 53 84463 0 51 84515 0 52 84528 0 54 84577 0 51 84620 0 60 84622 0 61 84629 0 76 84648 0 53 84648 0 90 84648 0 91 84648 0 92 84653 0 76 84667 0 52 84674 0 69 84676 0 68 84677 0 54 84680 0 76 84705 0 51 84714 0 
TIME iteration: 299 ms
Round:160
IR: 0, 0, 0, 0, 0
84827 0 52 84835 0 51 84855 0 53 84863 0 54 84931 0 51 84938 0 60 84938 0 61 84939 0 52 84941 0 76 84958 0 68 84958 0 69 84963 0 90 84963 0 91 84963 0 92 84964 0 76 84990 0 76 84994 0 54 85012 0 53 85022 0 76 85039 0 69 85043 0 52 85049 0 68 85076 0 76 85090 0 51 85145 0 54 85146 0 52 85153 0 53 85249 0 52 85251 0 54 85261 0 62 85261 0 63 85269 0 77 85286 0 90 85286 0 91 85286 0 92 85293 0 77 85320 0 51 85320 0 77 85322 0 
TIME iteration: 299 ms
Round:161
IR: 0, 0, 0, 0, 0
85349 0 70 85354 0 77 85370 0 71 85373 0 54 85389 0 52 85451 0 53 85462 0 54 85505 0 52 85531 0 62 85532 0 63 85533 0 77 85548 0 51 85552 0 70 85553 0 71 85555 0 90 85555 0 91 85555 0 92 85556 0 77 85571 0 54 85582 0 77 85603 0 53 85613 0 77 85635 0 70 85662 0 52 85663 0 77 85754 0 51 85786 0 54 85806 0 53 85815 0 52 85850 0 62 85850 0 63 85854 0 
TIME iteration: 299 ms
Round:162
IR: 0, 0, 0, 0, 0
85864 0 71 85874 0 70 85874 0 90 85874 0 91 85874 0 92 85877 0 77 85903 0 77 85911 0 51 85926 0 71 85935 0 77 85950 0 54 85983 0 52 85991 0 77 86016 0 53 86019 0 51 86057 0 54 86130 0 53 86169 0 52 86176 0 51 86187 0 54 86207 0 66 86207 0 67 86216 0 79 86218 0 63 86219 0 53 86220 0 62 86222 0 61 86224 0 60 86224 0 77 86225 0 64 86225 0 65 86231 0 76 86232 0 90 86232 0 91 86232 0 92 86233 0 78 86237 0 70 86240 0 79 86246 0 71 86248 0 77 86255 0 76 86257 0 78 86267 0 79 86275 0 77 86282 0 76 86284 0 78 86295 0 68 86296 0 74 86297 0 75 86299 0 69 86302 0 79 86305 0 70 86308 0 77 86315 0 72 86315 0 73 86316 0 76 86318 0 78 86335 0 52 86336 0 51 86341 0 54 86342 0 90 86342 0 91 86342 0 92 86347 0 53 86373 0 
TIME iteration: 300 ms
Round:163
IR: 0, 0, 0, 0, 0
86453 0 53 86473 0 52 86475 0 54 86539 0 51 86558 0 53 86639 0 64 86643 0 65 86644 0 54 86645 0 78 86664 0 51 86668 0 78 86668 0 90 86668 0 91 86668 0 92 86672 0 72 86672 0 73 86694 0 78 86706 0 53 86726 0 78 86744 0 54 86745 0 52 86782 0 78 86828 0 51 86842 0 53 86869 0 
TIME iteration: 299 ms
Round:164
IR: 0, 0, 0, 0, 0
86922 0 52 86972 0 53 86992 0 64 86992 0 65 86996 0 78 87011 0 72 87011 0 73 87017 0 90 87017 0 91 87017 0 92 87019 0 78 87032 0 51 87045 0 78 87048 0 54 87066 0 52 87077 0 78 87089 0 73 87094 0 72 87103 0 53 87126 0 51 87133 0 78 87195 0 52 87204 0 54 87269 0 51 87275 0 53 87297 0 64 87297 0 65 87301 0 78 87321 0 72 87321 0 73 87321 0 90 87321 0 91 87321 0 92 87324 0 78 87330 0 54 87340 0 52 87350 0 78 87382 0 78 87409 0 53 87420 0 54 87438 0 78 87445 0 
TIME iteration: 299 ms
Round:165
IR: 0, 0, 0, 0, 0
87499 0 52 87528 0 53 87554 0 54 87601 0 51 87615 0 52 87640 0 53 87643 0 65 87644 0 64 87648 0 78 87659 0 72 87659 0 73 87662 0 62 87662 0 63 87668 0 90 87668 0 91 87668 0 92 87670 0 77 87672 0 78 87694 0 77 87695 0 54 87698 0 78 87721 0 77 87726 0 73 87728 0 72 87731 0 78 87737 0 71 87738 0 70 87755 0 77 87782 0 52 87791 0 90 87791 0 91 87791 0 92 87792 0 78 87815 0 51 87831 0 53 87831 0 54 87936 0 52 87942 0 51 87961 0 
TIME iteration: 299 ms
Round:166
IR: 0, 0, 0, 0, 0
88112 0 53 88114 0 51 88115 0 54 88132 0 52 88157 0 66 88159 0 67 88167 0 79 88177 0 61 88185 0 60 88188 0 90 88188 0 91 88188 0 92 88190 0 76 88191 0 79 88214 0 76 88218 0 79 88224 0 51 88238 0 75 88241 0 76 88247 0 74 88253 0 79 88269 0 68 88271 0 69 88276 0 76 88277 0 52 88313 0 90 88313 0 91 88313 0 92 88332 0 54 88346 0 53 88350 0 51 88466 0 52 88470 0 
TIME iteration: 299 ms
Round:167
IR: 0, 0, 0, 0, 0
88547 0 53 88590 0 54 88622 0 51 88629 0 52 88642 0 67 88646 0 66 88650 0 79 88673 0 90 88673 0 91 88673 0 92 88674 0 79 88678 0 75 88680 0 74 88683 0 53 88701 0 79 88719 0 52 88735 0 79 88785 0 53 88794 0 54 88864 0 51 88872 0 53 88884 0 52 88936 0 54 88974 0 65 88992 0 78 89002 0 53 89003 0 64 89004 0 90 89004 0 91 89004 0 92 89015 0 78 89027 0 51 89038 0 
TIME iteration: 299 ms
Round:168
IR: 0, 0, 0, 0, 0
89041 0 78 89067 0 72 89067 0 73 89072 0 78 89074 0 54 89122 0 78 89190 0 54 89209 0 52 89225 0 53 89245 0 51 89355 0 52 89381 0 54 89383 0 53 89391 0 62 89391 0 63 89395 0 51 89396 0 64 89397 0 65 89399 0 77 89401 0 78 89406 0 66 89406 0 67 89414 0 79 89416 0 90 89416 0 91 89416 0 92 89423 0 77 89425 0 78 89426 0 72 89427 0 73 89438 0 79 89450 0 77 89451 0 78 89452 0 74 89454 0 75 89465 0 79 89473 0 71 89476 0 70 89484 0 77 89484 0 78 89494 0 52 89500 0 79 89530 0 54 89531 0 90 89531 0 91 89531 0 92 89545 0 78 89547 0 
TIME iteration: 299 ms
Round:169
IR: 0, 0, 0, 0, 0
89580 0 53 89611 0 52 89652 0 54 89705 0 53 89716 0 51 89747 0 52 89788 0 54 89858 0 53 89876 0 51 89895 0 64 89898 0 65 89902 0 78 89925 0 90 89925 0 91 89925 0 92 89926 0 73 89926 0 78 89927 0 72 89943 0 54 89953 0 78 89965 0 51 89966 0 52 89986 0 78 90034 0 53 90053 0 78 90099 0 
TIME iteration: 311 ms
Round:170
IR: 0, 0, 0, 0, 0
90122 0 51 90155 0 54 90196 0 53 90237 0 52 90250 0 51 90270 0 54 90273 0 62 90274 0 63 90278 0 60 90279 0 61 90281 0 77 90287 0 76 90299 0 90 90299 0 91 90299 0 92 90305 0 77 90311 0 76 90326 0 53 90330 0 70 90332 0 77 90334 0 71 90338 0 76 90366 0 68 90366 0 77 90373 0 76 90374 0 69 90398 0 51 90407 0 54 90429 0 90 90429 0 91 90429 0 92 90450 0 52 90493 0 53 90509 0 51 90569 0 52 90605 0 51 90625 0 
TIME iteration: 301 ms
Round:171
IR: 0, 0, 0, 0, 0
90695 0 52 90713 0 51 90722 0 54 90726 0 60 90726 0 61 90731 0 76 90740 0 53 90755 0 62 90755 0 76 90755 0 90 90755 0 91 90755 0 92 90759 0 68 90760 0 69 90765 0 77 90782 0 76 90795 0 77 90815 0 76 90838 0 77 90843 0 51 90860 0 52 90881 0 76 90885 0 53 90895 0 90 90895 0 91 90895 0 92 90912 0 54 90997 0 53 91025 0 51 91038 0 54 91041 0 52 91079 0 53 91145 0 54 91146 0 51 91151 0 
TIME iteration: 300 ms
Round:172
IR: 0, 0, 0, 0, 0
91213 0 67 91216 0 66 91223 0 79 91242 0 53 91244 0 90 91244 0 91 91244 0 92 91247 0 79 91274 0 79 91297 0 74 91298 0 75 91307 0 54 91308 0 52 91309 0 79 91371 0 51 91377 0 53 91465 0 54 91523 0 52 91542 0 53 91563 0 66 91567 0 51 91570 0 79 91573 0 67 91593 0 79 91594 0 90 91594 0 91 91594 0 92 91595 0 74 91595 0 75 91606 0 54 91619 0 79 91651 0 79 91657 0 52 91658 0 53 91685 0 
TIME iteration: 300 ms
Round:173
IR: 0, 0, 0, 0, 0
91705 0 79 91751 0 54 91780 0 52 91781 0 53 91841 0 51 91872 0 54 91904 0 66 91904 0 67 91908 0 79 91909 0 52 91920 0 74 91920 0 75 91929 0 90 91929 0 91 91929 0 92 91931 0 79 91957 0 79 91988 0 74 91989 0 79 91990 0 75 92003 0 53 92017 0 51 92028 0 54 92048 0 79 92142 0 52 92150 0 51 92155 0 53 92168 0 54 92192 0 66 92192 0 67 92196 0 79 92214 0 74 92214 0 75 92216 0 90 92216 0 91 92216 0 
TIME iteration: 300 ms
Round:174
IR: 0, 0, 0, 0, 0
92220 0 79 92246 0 79 92279 0 79 92291 0 53 92296 0 52 92326 0 51 92342 0 79 92406 0 54 92447 0 53 92448 0 52 92505 0 51 92602 0 54 92633 0 52 92654 0 62 92654 0 63 92654 0 67 92657 0 53 92658 0 66 92662 0 77 92662 0 79 92679 0 90 92679 0 91 92679 0 92 92681 0 75 92683 0 74 92686 0 77 92686 0 79 92708 0 51 92713 0 77 92713 0 79 92742 0 70 92745 0 71 92747 0 77 92747 0 
TIME iteration: 300 ms
Round:175
IR: 0, 0, 0, 0, 0
92788 0 54 92806 0 53 92810 0 90 92810 0 91 92810 0 92 92812 0 52 92834 0 51 92949 0 52 92993 0 51 92993 0 53 93028 0 54 93043 0 52 93118 0 62 93119 0 63 93123 0 77 93147 0 77 93147 0 90 93147 0 91 93147 0 92 93152 0 51 93152 0 71 93153 0 70 93157 0 54 93163 0 52 93173 0 77 93206 0 77 93246 0 53 93267 0 77 93276 0 
TIME iteration: 300 ms
Round:176
IR: 0, 0, 0, 0, 0
93287 0 54 93290 0 51 93376 0 53 93394 0 51 93404 0 52 93436 0 62 93437 0 63 93440 0 77 93453 0 70 93453 0 71 93461 0 90 93461 0 91 93461 0 92 93463 0 77 93466 0 53 93489 0 77 93521 0 51 93521 0 77 93523 0 70 93525 0 71 93540 0 54 93576 0 77 93585 0 53 93633 0 52 93635 0 51 93656 0 54 93732 0 52 93744 0 62 93744 0 63 93748 0 77 93750 0 53 93767 0 70 93767 0 71 93768 0 90 93768 0 91 93768 0 92 93771 0 77 93797 0 77 93800 0 
TIME iteration: 301 ms
Round:177
IR: 0, 0, 0, 0, 0
93829 0 77 93850 0 54 93851 0 53 93885 0 77 93964 0 52 93976 0 51 94007 0 53 94017 0 54 94094 0 51 94103 0 52 94129 0 60 94130 0 61 94138 0 76 94145 0 63 94146 0 62 94150 0 77 94155 0 90 94155 0 91 94155 0 92 94158 0 54 94161 0 53 94162 0 76 94165 0 71 94167 0 70 94174 0 77 94189 0 76 94200 0 77 94220 0 68 94224 0 76 94225 0 69 94232 0 51 94233 0 77 94243 0 52 94252 0 71 94280 0 90 94280 0 91 94280 0 92 94284 0 53 94294 0 
TIME iteration: 301 ms
Round:178
IR: 0, 0, 0, 0, 0
94392 0 51 94413 0 52 94430 0 54 94488 0 53 94607 0 52 94607 0 54 94630 0 51 94680 0 53 94742 0 64 94744 0 65 94751 0 78 94765 0 52 94770 0 62 94771 0 63 94774 0 51 94774 0 90 94774 0 91 94774 0 92 94775 0 78 94777 0 77 94801 0 77 94802 0 78 94808 0 70 94814 0 71 94828 0 53 94828 0 77 94829 0 54 94830 0 72 94832 0 73 94836 0 78 94862 0 
TIME iteration: 300 ms
Round:179
IR: 0, 0, 0, 0, 0
94898 0 90 94898 0 91 94898 0 92 94940 0 54 94943 0 77 94973 0 53 94977 0 51 95016 0 52 95086 0 51 95132 0 54 95165 0 53 95206 0 52 95227 0 51 95248 0 54 95251 0 61 95253 0 60 95260 0 76 95277 0 53 95279 0 67 95280 0 66 95281 0 90 95281 0 91 95281 0 92 95284 0 76 95288 0 79 95311 0 76 95312 0 79 95319 0 69 95320 0 68 95339 0 79 95345 0 76 95358 0 54 95374 0 79 95375 0 74 95376 0 75 95388 0 
TIME iteration: 299 ms
Round:180
IR: 0, 0, 0, 0, 0
95403 0 53 95404 0 90 95404 0 91 95404 0 92 95422 0 51 95483 0 54 95506 0 53 95587 0 53 95593 0 52 95618 0 51 95631 0 54 95694 0 53 95701 0 64 95701 0 65 95709 0 78 95721 0 52 95729 0 90 95729 0 91 95729 0 92 95733 0 78 95760 0 78 95764 0 73 95766 0 72 95779 0 54 95794 0 78 95828 0 51 95854 0 53 95860 0 52 95914 0 
TIME iteration: 302 ms
Round:181
IR: 0, 0, 0, 0, 0
95980 0 52 96026 0 53 96043 0 51 96065 0 54 96068 0 65 96069 0 64 96072 0 78 96094 0 73 96094 0 90 96094 0 91 96094 0 92 96095 0 72 96095 0 78 96121 0 78 96153 0 78 96167 0 52 96186 0 54 96201 0 53 96208 0 78 96282 0 52 96331 0 51 96368 0 54 96451 0 53 96454 0 54 96456 0 
TIME iteration: 301 ms
Round:182
IR: 0, 0, 0, 0, 0
96464 0 67 96465 0 66 96473 0 79 96481 0 62 96482 0 63 96490 0 77 96491 0 90 96491 0 91 96491 0 92 96493 0 51 96497 0 79 96514 0 77 96524 0 79 96535 0 75 96536 0 74 96541 0 77 96559 0 79 96560 0 70 96561 0 71 96566 0 53 96575 0 54 96576 0 77 96616 0 90 96616 0 91 96616 0 92 96631 0 52 96639 0 51 96715 0 53 96730 0 54 96814 0 53 96847 0 52 96863 0 54 96906 0 51 96930 0 53 96942 0 65 96943 0 64 96950 0 78 96972 0 90 96972 0 91 96972 0 92 96974 0 78 96978 0 
TIME iteration: 303 ms
Round:183
IR: 0, 0, 0, 0, 0
96994 0 72 96995 0 73 97001 0 78 97035 0 78 97046 0 54 97078 0 51 97082 0 53 97084 0 52 97210 0 53 97239 0 54 97253 0 52 97263 0 51 97266 0 65 97267 0 64 97269 0 78 97287 0 72 97287 0 73 97291 0 90 97291 0 91 97291 0 92 97292 0 78 97318 0 78 97325 0 53 97350 0 78 97367 0 52 97377 0 72 97381 0 73 97403 0 78 97441 0 54 97458 0 53 97482 0 51 97497 0 64 97498 0 65 97499 0 52 97500 0 78 97516 0 72 97516 0 
TIME iteration: 302 ms
Round:184
IR: 0, 0, 0, 0, 0
97520 0 90 97520 0 91 97520 0 92 97523 0 78 97549 0 78 97580 0 78 97591 0 72 97592 0 53 97594 0 73 97615 0 52 97631 0 78 97637 0 54 97642 0 51 97715 0 52 97755 0 51 97784 0 53 97814 0 64 97814 0 65 97818 0 78 97838 0 90 97838 0 91 97838 0 92 97839 0 72 97839 0 73 97841 0 52 97841 0 78 97867 0 78 97869 0 51 97873 0 54 97899 0 78 97934 0 53 97955 0 78 97992 0 51 98023 0 
TIME iteration: 302 ms
Round:185
IR: 0, 0, 0, 0, 0
98085 0 53 98093 0 54 98112 0 51 98153 0 60 98154 0 61 98162 0 76 98178 0 90 98178 0 91 98178 0 92 98185 0 52 98186 0 76 98208 0 51 98213 0 76 98216 0 53 98229 0 54 98243 0 68 98243 0 69 98248 0 76 98340 0 54 98347 0 52 98355 0 53 98410 0 51 98473 0 53 98506 0 64 98508 0 65 98514 0 78 98523 0 54 98532 0 90 98532 0 91 98532 0 92 98538 0 78 98548 0 73 98550 0 72 98565 0 78 98569 0 52 98571 0 
TIME iteration: 301 ms
Round:186
IR: 0, 0, 0, 0, 0
98597 0 53 98599 0 78 98659 0 54 98699 0 53 98717 0 51 98724 0 52 98791 0 54 98844 0 53 98851 0 65 98852 0 64 98855 0 51 98855 0 78 98871 0 72 98871 0 73 98877 0 90 98877 0 91 98877 0 92 98878 0 78 98904 0 78 98926 0 54 98936 0 78 98950 0 72 98961 0 73 98982 0 52 98991 0 78 98994 0 51 99048 0 53 99060 0 54 99103 0 
TIME iteration: 306 ms
Round:187
IR: 0, 0, 0, 0, 0
99139 0 51 99182 0 53 99189 0 64 99189 0 65 99193 0 78 99214 0 90 99214 0 91 99214 0 92 99215 0 72 99215 0 73 99216 0 78 99242 0 78 99255 0 54 99265 0 52 99271 0 51 99274 0 78 99283 0 53 99330 0 78 99410 0 51 99425 0 54 99430 0 53 99440 0 52 99560 0 52 99585 0 62 99587 0 63 99588 0 53 99588 0 54 99594 0 77 99595 0 65 99596 0 64 99600 0 78 99612 0 90 99612 0 91 99612 0 92 99617 0 72 99617 0 73 99618 0 77 99624 0 
TIME iteration: 302 ms
Round:188
IR: 0, 0, 0, 0, 0
99645 0 77 99650 0 78 99675 0 70 99677 0 71 99679 0 77 99683 0 78 99707 0 54 99709 0 52 99739 0 51 99740 0 90 99740 0 91 99740 0 92 99744 0 78 99766 0 53 99883 0 54 99889 0 52 99896 0 53 99951 0 51 100016 0 52 100070 0 54 100084 0 53 100108 0 51 100113 0 63 100124 0 77 100136 0 52 100137 0 62 100145 0 64 100145 0 65 100147 0 77 100151 0 78 100155 0 90 100155 0 91 100155 0 92 100165 0 71 100166 0 
TIME iteration: 303 ms
Round:189
IR: 0, 0, 0, 0, 0
100172 0 77 100175 0 78 100176 0 72 100177 0 73 100202 0 77 100202 0 78 100236 0 78 100245 0 52 100246 0 77 100253 0 53 100258 0 51 100281 0 90 100281 0 91 100281 0 92 100289 0 54 100312 0 78 100364 0 52 100403 0 53 100407 0 51 100435 0 54 100546 0 52 100553 0 53 100553 0 54 100557 0 51 100627 0 66 100629 0 67 100637 0 79 100657 0 90 100657 0 91 100657 0 92 100661 0 79 100676 0 52 100688 0 79 100693 0 
TIME iteration: 301 ms
Round:190
IR: 0, 0, 0, 0, 0
100716 0 51 100723 0 79 100725 0 75 100731 0 74 100776 0 53 100826 0 54 100849 0 52 100876 0 51 100877 0 53 100958 0 54 100962 0 66 100962 0 67 100965 0 79 100979 0 53 100987 0 75 100987 0 90 100987 0 91 100987 0 92 100988 0 74 100988 0 79 100993 0 51 101014 0 79 101046 0 79 101070 0 52 101074 0 54 101104 0 79 101179 0 53 101191 0 
TIME iteration: 301 ms
Round:191
IR: 0, 0, 0, 0, 0
101239 0 54 101349 0 52 101374 0 51 101401 0 53 101425 0 61 101428 0 60 101435 0 76 101454 0 90 101454 0 91 101454 0 92 101459 0 76 101471 0 54 101486 0 76 101517 0 69 101519 0 51 101521 0 76 101528 0 68 101530 0 53 101546 0 52 101621 0 54 101648 0 51 101693 0 52 101706 0 60 101709 0 61 101710 0 53 101710 0 76 101729 0 69 101730 0 68 101731 0 90 101731 0 91 101731 0 92 101732 0 54 101733 0 76 101759 0 
TIME iteration: 302 ms
Round:192
IR: 0, 0, 0, 0, 0
101791 0 76 101810 0 52 101844 0 76 101846 0 51 101847 0 53 101862 0 54 101975 0 53 102012 0 51 102042 0 52 102083 0 54 102117 0 53 102123 0 65 102124 0 64 102132 0 78 102150 0 90 102150 0 91 102150 0 92 102156 0 78 102183 0 78 102201 0 54 102210 0 73 102213 0 72 102218 0 78 102231 0 52 102244 0 
TIME iteration: 301 ms
Round:193
IR: 0, 0, 0, 0, 0
102294 0 53 102319 0 54 102357 0 52 102395 0 53 102418 0 64 102418 0 65 102420 0 78 102427 0 54 102437 0 51 102439 0 73 102440 0 72 102442 0 90 102442 0 91 102442 0 92 102443 0 78 102469 0 78 102500 0 78 102509 0 52 102551 0 78 102584 0 54 102589 0 53 102598 0 51 102663 0 52 102716 0 53 102757 0 54 102774 0 64 102774 0 65 102777 0 51 102778 0 78 102790 0 72 102791 0 73 102799 0 90 102799 0 91 102799 0 92 102801 0 78 102807 0 
TIME iteration: 302 ms
Round:194
IR: 0, 0, 0, 0, 0
102827 0 78 102855 0 72 102858 0 52 102859 0 78 102862 0 73 102902 0 51 102915 0 78 102943 0 54 102988 0 52 102999 0 53 103022 0 51 103120 0 52 103140 0 51 103147 0 61 103147 0 62 103147 0 63 103148 0 60 103155 0 77 103156 0 76 103166 0 53 103170 0 90 103170 0 91 103170 0 92 103179 0 77 103180 0 76 103206 0 77 103207 0 76 103218 0 54 103220 0 68 103222 0 69 103235 0 70 103238 0 71 103240 0 77 103242 0 76 103300 0 90 103300 0 91 103300 0 92 103301 0 
TIME iteration: 302 ms
Round:195
IR: 0, 0, 0, 0, 0
103355 0 53 103402 0 51 103443 0 54 103533 0 52 103554 0 53 103571 0 51 103588 0 54 103674 0 51 103684 0 52 103687 0 60 103687 0 61 103691 0 54 103693 0 76 103698 0 66 103698 0 67 103707 0 79 103717 0 76 103717 0 90 103717 0 91 103717 0 92 103725 0 68 103726 0 69 103731 0 79 103744 0 76 103751 0 53 103758 0 79 103778 0 76 103792 0 75 103793 0 79 103795 0 74 103806 0 51 103815 0 54 103848 0 90 103848 0 91 103848 0 92 103854 0 76 103860 0 53 103866 0 
TIME iteration: 302 ms
Round:196
IR: 0, 0, 0, 0, 0
103958 0 51 103969 0 53 104032 0 52 104099 0 53 104105 0 51 104118 0 54 104166 0 52 104197 0 65 104215 0 78 104220 0 63 104221 0 62 104225 0 53 104226 0 64 104228 0 77 104238 0 78 104239 0 90 104239 0 91 104239 0 92 104252 0 77 104264 0 78 104279 0 77 104288 0 70 104289 0 71 104293 0 54 104293 0 72 104295 0 78 104296 0 73 104301 0 51 104313 0 77 104317 0 52 104345 0 78 104351 0 53 104368 0 90 104368 0 91 104368 0 
TIME iteration: 301 ms
Round:197
IR: 0, 0, 0, 0, 0
104478 0 54 104479 0 53 104488 0 51 104513 0 52 104595 0 53 104626 0 54 104720 0 53 104724 0 65 104725 0 64 104730 0 78 104734 0 51 104737 0 52 104754 0 78 104754 0 90 104754 0 91 104754 0 92 104762 0 72 104762 0 73 104781 0 78 104814 0 78 104849 0 54 104860 0 51 104870 0 52 104881 0 78 104893 0 
TIME iteration: 301 ms
Round:198
IR: 0, 0, 0, 0, 0
104996 0 52 105014 0 51 105041 0 53 105061 0 54 105093 0 64 105094 0 65 105098 0 78 105115 0 73 105116 0 72 105119 0 90 105119 0 91 105119 0 92 105122 0 78 105123 0 52 105148 0 78 105157 0 53 105181 0 78 105228 0 54 105242 0 78 105245 0 51 105266 0 52 105285 0 53 105353 0 51 105367 0 52 105400 0 54 105433 0 62 105434 0 63 105442 0 77 105458 0 90 105458 0 91 105458 0 92 105466 0 
TIME iteration: 302 ms
Round:199
IR: 0, 0, 0, 0, 0
105493 0 77 105503 0 70 105506 0 51 105507 0 71 105528 0 77 105542 0 52 105550 0 54 105588 0 53 105620 0 51 105667 0 52 105680 0 54 105715 0 51 105733 0 62 105733 0 63 105735 0 77 105747 0 60 105748 0 61 105754 0 70 105754 0 71 105756 0 76 105757 0 90 105757 0 91 105757 0 92 105758 0 77 105769 0 53 105780 0 76 105784 0 77 105786 0 52 105807 0 76 105815 0 77 105828 0 54 105832 0 51 105838 0 69 105842 0 68 105842 0 76 105866 0 77 105881 0 90 105881 0 91 105881 0 92 105902 0 53 105938 0 52 105948 0 51 105972 0 
TIME iteration: 303 ms
