Round:0
IR: 0, 0, 0, 0, 0
345 0 52 423 0 53 426 0 54 462 0 52 479 0 62 480 0 63 486 0 51 488 0 77 512 0 77 520 0 90 520 0 91 520 0 
TIME iteration: 438 ms
Round:1
IR: 0, 0, 0, 0, 0
539 0 77 557 0 52 574 0 77 590 0 51 620 0 54 657 0 53 669 0 52 676 0 51 765 0 52 790 0 53 801 0 62 801 0 63 804 0 77 815 0 70 816 0 71 826 0 90 826 0 91 826 0 92 827 0 77 853 0 77 869 0 54 878 0 51 878 0 70 881 0 71 885 0 77 939 0 53 939 0 77 955 0 52 1002 0 51 1032 0 
TIME iteration: 300 ms
Round:2
IR: 0, 0, 0, 0, 0
1108 0 52 1128 0 53 1129 0 62 1129 0 63 1133 0 77 1153 0 70 1153 0 71 1154 0 90 1154 0 91 1154 0 92 1156 0 77 1182 0 77 1202 0 51 1214 0 77 1270 0 52 1270 0 77 1277 0 53 1334 0 54 1354 0 51 1362 0 52 1436 0 53 1437 0 63 1442 0 62 1443 0 77 1453 0 70 1453 0 71 1464 0 90 1464 0 91 1464 0 92 1466 0 77 1492 0 77 1494 0 52 1499 0 51 1514 0 70 1515 0 71 1518 0 54 1524 0 77 1579 0 77 1585 0 
TIME iteration: 300 ms
Round:3
IR: 0, 0, 0, 0, 0
1615 0 54 1673 0 52 1675 0 51 1703 0 53 1783 0 54 1820 0 66 1820 0 67 1829 0 79 1834 0 51 1846 0 90 1846 0 91 1846 0 92 1849 0 53 1853 0 79 1880 0 79 1914 0 75 1915 0 74 1915 0 79 1933 0 51 2001 0 53 2055 0 54 2070 0 51 2109 0 53 2114 0 
TIME iteration: 299 ms
Round:4
IR: 0, 0, 0, 0, 0
2175 0 64 2176 0 65 2184 0 78 2201 0 90 2201 0 91 2201 0 92 2208 0 78 2235 0 78 2263 0 52 2267 0 73 2270 0 78 2281 0 72 2287 0 53 2323 0 54 2335 0 51 2395 0 52 2468 0 54 2471 0 53 2517 0 65 2518 0 64 2521 0 78 2541 0 52 2542 0 90 2542 0 91 2542 0 92 2543 0 73 2544 0 72 2544 0 78 2560 0 51 2570 0 78 2602 0 54 2602 0 
TIME iteration: 299 ms
Round:5
IR: 0, 0, 0, 0, 0
2650 0 53 2657 0 78 2663 0 52 2791 0 52 2806 0 53 2820 0 51 2851 0 54 2889 0 52 2890 0 63 2891 0 62 2899 0 77 2916 0 90 2916 0 91 2916 0 92 2923 0 77 2950 0 77 2967 0 70 2970 0 53 2971 0 71 2985 0 77 3024 0 51 3046 0 54 3062 0 
TIME iteration: 299 ms
Round:6
IR: 0, 0, 0, 0, 0
3230 0 54 3260 0 51 3273 0 53 3329 0 52 3369 0 62 3370 0 63 3375 0 77 3397 0 90 3397 0 91 3397 0 92 3399 0 77 3403 0 70 3403 0 71 3422 0 51 3426 0 77 3449 0 52 3458 0 53 3459 0 77 3498 0 54 3526 0 77 3548 0 51 3566 0 52 3631 0 54 3648 0 53 3687 0 52 3701 0 62 3701 0 63 3705 0 
TIME iteration: 299 ms
Round:7
IR: 0, 0, 0, 0, 0
3718 0 70 3718 0 71 3722 0 51 3726 0 90 3726 0 91 3726 0 92 3728 0 77 3754 0 77 3786 0 53 3786 0 77 3788 0 70 3790 0 71 3808 0 54 3830 0 52 3842 0 77 3893 0 51 3903 0 53 3968 0 54 3979 0 52 3999 0 62 3999 0 63 4003 0 77 4021 0 70 4021 0 71 4023 0 90 4023 0 91 4023 0 92 4026 0 77 4036 0 53 4039 0 51 4052 0 77 4084 0 77 4129 0 54 4140 0 77 4151 0 52 4168 0 
TIME iteration: 299 ms
Round:8
IR: 0, 0, 0, 0, 0
4269 0 51 4294 0 54 4310 0 53 4320 0 52 4327 0 60 4327 0 61 4335 0 76 4352 0 90 4352 0 91 4352 0 92 4359 0 76 4386 0 76 4420 0 76 4423 0 69 4472 0 54 4477 0 53 4481 0 51 4546 0 52 4615 0 53 4652 0 54 4691 0 51 4717 0 52 4762 0 60 4767 0 61 4769 0 
TIME iteration: 299 ms
Round:9
IR: 0, 0, 0, 0, 0
4788 0 68 4791 0 90 4791 0 91 4791 0 92 4793 0 76 4798 0 69 4800 0 53 4801 0 54 4809 0 51 4819 0 76 4852 0 76 4856 0 52 4913 0 76 4935 0 51 4960 0 53 4988 0 54 5009 0 52 5060 0 51 5090 0 60 5091 0 61 5095 0 76 5105 0 53 5105 0 68 5107 0 69 5115 0 90 5115 0 91 5115 0 92 5119 0 76 5143 0 54 5145 0 76 5169 0 68 5174 0 51 5178 0 76 5180 0 69 5211 0 52 5239 0 
TIME iteration: 299 ms
Round:10
IR: 0, 0, 0, 0, 0
5313 0 54 5331 0 53 5335 0 51 5346 0 52 5376 0 60 5376 0 61 5379 0 76 5397 0 68 5397 0 69 5400 0 90 5400 0 91 5400 0 92 5402 0 76 5428 0 76 5437 0 51 5449 0 52 5460 0 76 5487 0 69 5510 0 53 5514 0 54 5514 0 76 5622 0 51 5625 0 52 5675 0 53 5708 0 54 5737 0 51 5740 0 60 5740 0 61 5744 0 76 5745 0 52 5758 0 68 5765 0 90 5765 0 91 5765 0 92 5767 0 76 5768 0 69 5793 0 76 5825 0 
TIME iteration: 299 ms
Round:11
IR: 0, 0, 0, 0, 0
5833 0 68 5838 0 54 5845 0 51 5849 0 53 5876 0 52 5881 0 76 5936 0 51 5980 0 60 5980 0 61 5983 0 76 5987 0 54 5989 0 69 5998 0 52 5998 0 68 6003 0 90 6003 0 91 6003 0 92 6006 0 76 6010 0 53 6032 0 76 6042 0 69 6064 0 76 6070 0 68 6077 0 51 6117 0 76 6137 0 52 6183 0 54 6196 0 53 6219 0 51 6255 0 60 6256 0 61 6259 0 76 6274 0 69 6276 0 68 6279 0 90 6279 0 91 6279 0 92 6282 0 76 6300 0 52 6308 0 76 6337 0 54 6340 0 76 6344 0 53 6348 0 
TIME iteration: 299 ms
Round:12
IR: 0, 0, 0, 0, 0
6363 0 68 6365 0 51 6395 0 76 6420 0 52 6474 0 54 6483 0 53 6546 0 51 6557 0 52 6568 0 60 6570 0 61 6573 0 76 6592 0 69 6593 0 54 6593 0 68 6593 0 90 6593 0 91 6593 0 92 6596 0 76 6622 0 76 6654 0 76 6657 0 53 6710 0 76 6711 0 52 6791 0 53 6795 0 51 6803 0 
TIME iteration: 299 ms
Round:13
IR: 0, 0, 0, 0, 0
6900 0 52 6914 0 53 6938 0 64 6939 0 65 6947 0 78 6949 0 54 6964 0 90 6964 0 91 6964 0 92 6971 0 78 6997 0 51 6998 0 78 7033 0 78 7036 0 73 7040 0 72 7086 0 52 7095 0 53 7108 0 54 7152 0 51 7207 0 53 7230 0 64 7231 0 65 7233 0 78 7241 0 52 7253 0 72 7253 0 73 7254 0 90 7254 0 91 7254 0 92 7256 0 78 7261 0 51 7282 0 78 7290 0 53 7305 0 54 7314 0 78 7367 0 78 7404 0 52 7416 0 
TIME iteration: 314 ms
Round:14
IR: 0, 0, 0, 0, 0
7421 0 51 7446 0 54 7523 0 52 7577 0 53 7598 0 64 7599 0 65 7603 0 78 7606 0 52 7607 0 63 7608 0 62 7616 0 72 7616 0 73 7616 0 77 7624 0 90 7624 0 91 7624 0 92 7627 0 78 7640 0 77 7653 0 78 7654 0 54 7667 0 77 7686 0 78 7691 0 72 7694 0 73 7697 0 70 7698 0 52 7702 0 77 7703 0 71 7731 0 51 7741 0 53 7747 0 78 7752 0 90 7752 0 91 7752 0 92 7822 0 52 7853 0 54 7873 0 
TIME iteration: 299 ms
Round:15
IR: 0, 0, 0, 0, 0
7951 0 51 7982 0 54 7986 0 52 8006 0 53 8101 0 51 8114 0 54 8117 0 53 8119 0 64 8119 0 65 8125 0 78 8129 0 67 8130 0 66 8131 0 52 8138 0 79 8147 0 63 8148 0 62 8149 0 78 8149 0 90 8149 0 91 8149 0 92 8153 0 77 8156 0 72 8157 0 73 8162 0 79 8176 0 78 8177 0 77 8186 0 71 8188 0 70 8189 0 79 8204 0 77 8210 0 78 8222 0 75 8223 0 74 8224 0 79 8237 0 77 8264 0 90 8264 0 91 8264 0 92 8270 0 54 8286 0 78 8297 0 51 8299 0 52 8304 0 77 8343 0 53 8442 0 51 8476 0 
TIME iteration: 300 ms
Round:16
IR: 0, 0, 0, 0, 0
8485 0 52 8490 0 53 8580 0 53 8601 0 51 8601 0 64 8601 0 65 8607 0 78 8629 0 90 8629 0 91 8629 0 92 8631 0 72 8631 0 73 8631 0 78 8654 0 54 8658 0 78 8692 0 78 8734 0 52 8748 0 53 8751 0 51 8762 0 54 8768 0 78 8894 0 51 8907 0 52 8952 0 53 9003 0 51 9006 0 54 9008 0 60 9008 0 
TIME iteration: 299 ms
Round:17
IR: 0, 0, 0, 0, 0
9016 0 76 9034 0 90 9034 0 91 9034 0 92 9040 0 76 9067 0 76 9100 0 69 9101 0 68 9101 0 76 9107 0 53 9147 0 52 9188 0 54 9255 0 53 9275 0 51 9310 0 54 9311 0 52 9381 0 53 9400 0 64 9400 0 65 9407 0 78 9413 0 51 9423 0 54 9425 0 66 9425 0 67 9426 0 90 9426 0 91 9426 0 92 9431 0 78 9434 0 79 9450 0 72 9450 0 73 9458 0 78 9458 0 79 9459 0 52 9482 0 53 9485 0 79 9492 0 78 9500 0 74 9500 0 75 9520 0 
TIME iteration: 299 ms
Round:18
IR: 0, 0, 0, 0, 0
9548 0 90 9548 0 91 9548 0 92 9579 0 52 9612 0 54 9636 0 53 9657 0 51 9730 0 52 9762 0 54 9773 0 51 9804 0 53 9920 0 51 9921 0 54 9936 0 60 9936 0 61 9944 0 76 9945 0 66 9945 0 67 9951 0 52 9951 0 79 9966 0 90 9966 0 91 9966 0 92 9968 0 76 9975 0 79 9982 0 74 9982 0 75 9995 0 69 9995 0 76 9996 0 68 10002 0 79 10028 0 53 10029 0 76 10036 0 79 10046 0 
TIME iteration: 299 ms
Round:19
IR: 0, 0, 0, 0, 0
10098 0 90 10098 0 91 10098 0 92 10139 0 51 10175 0 54 10178 0 52 10190 0 53 10300 0 51 10302 0 52 10321 0 54 10438 0 53 10440 0 52 10463 0 62 10463 0 63 10471 0 77 10490 0 54 10493 0 51 10493 0 90 10493 0 91 10493 0 92 10495 0 77 10522 0 77 10553 0 70 10556 0 77 10559 0 
TIME iteration: 299 ms
Round:20
IR: 0, 0, 0, 0, 0
10638 0 52 10657 0 53 10666 0 54 10702 0 51 10790 0 52 10817 0 63 10818 0 62 10821 0 77 10828 0 53 10839 0 51 10843 0 90 10843 0 91 10843 0 92 10844 0 70 10844 0 71 10844 0 77 10870 0 77 10872 0 54 10902 0 77 10929 0 52 10957 0 77 10974 0 53 10980 0 54 11015 0 51 11081 0 
TIME iteration: 299 ms
Round:21
IR: 0, 0, 0, 0, 0
11143 0 51 11203 0 54 11206 0 61 11208 0 60 11215 0 76 11229 0 53 11233 0 90 11233 0 91 11233 0 92 11239 0 76 11259 0 52 11266 0 76 11277 0 69 11280 0 68 11281 0 51 11300 0 76 11413 0 53 11445 0 51 11474 0 54 11487 0 52 11563 0 53 11589 0 52 11623 0 63 11624 0 62 11625 0 54 11628 0 65 11631 0 77 11633 0 64 11639 0 78 11649 0 90 11649 0 91 11649 0 92 11655 0 
TIME iteration: 299 ms
Round:22
IR: 0, 0, 0, 0, 0
11663 0 78 11671 0 70 11671 0 71 11682 0 77 11690 0 78 11697 0 51 11713 0 52 11716 0 77 11717 0 73 11724 0 72 11725 0 78 11732 0 54 11778 0 90 11778 0 91 11778 0 92 11802 0 53 11847 0 52 11887 0 51 11887 0 54 11952 0 53 11983 0 52 12022 0 54 12023 0 51 12069 0 53 12112 0 64 12113 0 65 12118 0 78 12142 0 78 12142 0 90 12142 0 91 12142 0 92 12148 0 72 12149 0 73 12155 0 52 12167 0 51 12169 0 
TIME iteration: 300 ms
Round:23
IR: 0, 0, 0, 0, 0
12194 0 53 12198 0 54 12202 0 78 12269 0 78 12272 0 51 12328 0 54 12332 0 52 12348 0 53 12416 0 54 12444 0 66 12444 0 67 12453 0 79 12469 0 90 12469 0 91 12469 0 92 12477 0 79 12485 0 53 12487 0 52 12504 0 79 12532 0 54 12532 0 74 12537 0 51 12537 0 75 12539 0 79 12633 0 53 12677 0 52 12682 0 51 12717 0 
TIME iteration: 299 ms
Round:24
IR: 0, 0, 0, 0, 0
12779 0 66 12779 0 67 12782 0 79 12792 0 53 12804 0 74 12804 0 75 12804 0 90 12804 0 91 12804 0 92 12805 0 79 12831 0 79 12847 0 52 12848 0 51 12853 0 54 12863 0 79 12878 0 53 12920 0 79 12981 0 51 12984 0 53 12999 0 54 13122 0 53 13135 0 64 13135 0 65 13140 0 54 13143 0 78 13156 0 66 13156 0 67 13160 0 90 13160 0 91 13160 0 92 13161 0 79 13167 0 78 13175 0 74 13175 0 75 13185 0 79 13194 0 78 13195 0 73 13196 0 72 13198 0 51 13212 0 79 13228 0 78 13245 0 
TIME iteration: 300 ms
Round:25
IR: 0, 0, 0, 0, 0
13256 0 74 13259 0 75 13261 0 54 13275 0 52 13283 0 90 13283 0 91 13283 0 92 13316 0 79 13334 0 53 13377 0 54 13394 0 51 13402 0 52 13481 0 53 13522 0 54 13533 0 52 13550 0 51 13650 0 53 13651 0 54 13656 0 66 13656 0 67 13662 0 52 13662 0 79 13668 0 63 13669 0 62 13677 0 77 13683 0 65 13684 0 64 13686 0 79 13686 0 90 13686 0 91 13686 0 92 13689 0 78 13693 0 74 13694 0 75 13701 0 77 13713 0 78 13713 0 79 13720 0 73 13721 0 72 13728 0 77 13740 0 78 13747 0 79 13757 0 71 13761 0 70 13763 0 77 13767 0 51 13773 0 
TIME iteration: 300 ms
Round:26
IR: 0, 0, 0, 0, 0
13788 0 54 13801 0 90 13801 0 91 13801 0 92 13804 0 53 13823 0 52 13840 0 78 13925 0 53 13928 0 54 13970 0 51 13978 0 52 14037 0 53 14132 0 52 14134 0 54 14171 0 51 14177 0 62 14177 0 63 14182 0 77 14206 0 77 14206 0 90 14206 0 91 14206 0 92 14211 0 53 14214 0 71 14215 0 70 14233 0 77 14266 0 77 14300 0 
TIME iteration: 299 ms
Round:27
IR: 0, 0, 0, 0, 0
14332 0 77 14339 0 53 14360 0 54 14386 0 51 14446 0 52 14461 0 53 14489 0 54 14538 0 65 14540 0 64 14547 0 78 14565 0 90 14565 0 91 14565 0 92 14571 0 78 14590 0 72 14592 0 51 14592 0 73 14598 0 78 14606 0 53 14606 0 54 14632 0 78 14639 0 52 14728 0 53 14761 0 54 14784 0 51 14814 0 
TIME iteration: 299 ms
Round:28
IR: 0, 0, 0, 0, 0
14864 0 53 14878 0 65 14879 0 64 14882 0 78 14899 0 72 14900 0 73 14903 0 90 14903 0 91 14903 0 92 14905 0 78 14911 0 51 14931 0 78 14961 0 54 14963 0 78 15016 0 51 15018 0 78 15050 0 53 15102 0 54 15153 0 52 15191 0 51 15204 0 54 15230 0 66 15230 0 67 15239 0 79 15255 0 90 15255 0 91 15255 0 92 15263 0 79 15290 0 79 15292 0 53 15306 0 75 15308 0 74 15325 0 79 15361 0 
TIME iteration: 299 ms
Round:29
IR: 0, 0, 0, 0, 0
15445 0 54 15488 0 51 15522 0 53 15629 0 53 15634 0 54 15644 0 52 15659 0 51 15659 0 64 15660 0 65 15663 0 66 15664 0 67 15667 0 78 15669 0 79 15685 0 90 15685 0 91 15685 0 92 15691 0 78 15693 0 79 15694 0 75 15695 0 74 15704 0 72 15704 0 73 15718 0 78 15720 0 79 15752 0 78 15754 0 79 15759 0 53 15777 0 54 15801 0 52 15805 0 51 15815 0 90 15815 0 91 15815 0 
TIME iteration: 299 ms
Round:30
IR: 0, 0, 0, 0, 0
15913 0 54 15952 0 52 15954 0 53 16056 0 54 16080 0 51 16096 0 52 16201 0 51 16213 0 54 16225 0 66 16226 0 67 16232 0 79 16255 0 60 16255 0 61 16256 0 79 16256 0 90 16256 0 91 16256 0 92 16260 0 74 16260 0 75 16263 0 76 16280 0 53 16283 0 79 16287 0 76 16313 0 52 16314 0 76 16317 0 79 16344 0 68 16347 0 69 16348 0 76 16350 0 51 16366 0 54 16379 0 90 16379 0 91 16379 0 92 16407 0 
TIME iteration: 309 ms
Round:31
IR: 0, 0, 0, 0, 0
16446 0 52 16498 0 51 16517 0 54 16573 0 53 16611 0 52 16684 0 53 16690 0 54 16710 0 51 16728 0 64 16729 0 65 16736 0 78 16754 0 52 16758 0 90 16758 0 91 16758 0 92 16760 0 78 16787 0 78 16791 0 72 16791 0 73 16793 0 53 16821 0 78 16834 0 51 16840 0 54 16906 0 52 16926 0 53 16944 0 
TIME iteration: 299 ms
Round:32
IR: 0, 0, 0, 0, 0
17032 0 54 17041 0 53 17052 0 65 17053 0 64 17055 0 78 17074 0 72 17074 0 73 17077 0 90 17077 0 91 17077 0 92 17078 0 78 17104 0 78 17120 0 52 17132 0 51 17136 0 78 17175 0 53 17189 0 78 17231 0 54 17274 0 51 17321 0 52 17383 0 53 17388 0 54 17455 0 51 17485 0 61 17486 0 52 17487 0 
TIME iteration: 299 ms
Round:33
IR: 0, 0, 0, 0, 0
17494 0 76 17513 0 90 17513 0 91 17513 0 92 17518 0 76 17529 0 54 17542 0 53 17545 0 76 17554 0 69 17559 0 68 17579 0 76 17582 0 51 17621 0 52 17671 0 54 17705 0 53 17754 0 51 17757 0 52 17806 0 54 17861 0 66 17861 0 67 17870 0 79 17876 0 53 17887 0 90 17887 0 91 17887 0 92 17894 0 79 17918 0 51 17921 0 79 17934 0 52 17940 0 74 17941 0 75 17956 0 79 17989 0 
TIME iteration: 299 ms
Round:34
IR: 0, 0, 0, 0, 0
18022 0 53 18081 0 51 18124 0 52 18124 0 54 18168 0 66 18171 0 67 18172 0 79 18184 0 53 18191 0 74 18192 0 75 18194 0 90 18194 0 91 18194 0 92 18195 0 79 18204 0 51 18221 0 79 18242 0 54 18253 0 79 18263 0 52 18308 0 79 18339 0 53 18362 0 51 18429 0 52 18480 0 54 18508 0 53 18518 0 
TIME iteration: 299 ms
Round:35
IR: 0, 0, 0, 0, 0
18571 0 52 18573 0 60 18576 0 61 18582 0 76 18590 0 62 18591 0 63 18599 0 77 18601 0 90 18601 0 91 18601 0 92 18606 0 76 18616 0 54 18623 0 77 18633 0 76 18634 0 53 18642 0 68 18642 0 69 18650 0 77 18667 0 76 18680 0 71 18682 0 70 18685 0 77 18727 0 90 18727 0 91 18727 0 92 18733 0 51 18749 0 54 18766 0 53 18824 0 52 18851 0 51 18882 0 53 18936 0 54 18988 0 51 18995 0 
TIME iteration: 299 ms
Round:36
IR: 0, 0, 0, 0, 0
19085 0 54 19097 0 61 19108 0 76 19114 0 53 19123 0 51 19124 0 60 19130 0 67 19131 0 76 19132 0 66 19139 0 79 19139 0 90 19139 0 91 19139 0 92 19149 0 69 19150 0 68 19156 0 52 19156 0 76 19163 0 79 19185 0 76 19186 0 74 19187 0 75 19190 0 79 19216 0 54 19225 0 79 19227 0 76 19264 0 90 19264 0 91 19264 0 92 19271 0 51 19294 0 53 19322 0 52 19344 0 54 19414 0 51 19420 0 52 19518 0 51 19521 0 54 19523 0 53 19553 0 52 19587 0 60 19587 0 62 19588 0 61 19588 0 63 19593 0 76 19595 0 
TIME iteration: 299 ms
Round:37
IR: 0, 0, 0, 0, 0
19612 0 90 19612 0 91 19612 0 92 19615 0 69 19617 0 68 19617 0 76 19619 0 77 19644 0 76 19645 0 54 19646 0 77 19648 0 70 19652 0 71 19660 0 52 19662 0 51 19677 0 76 19680 0 77 19740 0 53 19743 0 90 19743 0 91 19743 0 92 19744 0 76 19755 0 54 19796 0 52 19909 0 53 19929 0 51 19930 0 54 20032 0 53 20038 0 52 20043 0 54 20094 0 67 20097 0 66 20104 0 79 20112 0 64 20115 0 65 20122 0 78 20125 0 90 20125 0 91 20125 0 92 20128 0 
TIME iteration: 299 ms
Round:38
IR: 0, 0, 0, 0, 0
20146 0 78 20155 0 79 20156 0 74 20157 0 75 20173 0 78 20188 0 52 20190 0 79 20208 0 73 20208 0 78 20219 0 72 20227 0 54 20252 0 90 20252 0 91 20252 0 92 20262 0 51 20365 0 52 20376 0 54 20399 0 53 20443 0 51 20511 0 54 20535 0 52 20585 0 51 20615 0 53 20632 0 54 20636 0 66 20636 0 67 20642 0 60 20642 0 79 20647 0 61 20653 0 76 20665 0 90 20665 0 91 20665 0 92 20666 0 52 20666 0 
TIME iteration: 299 ms
Round:39
IR: 0, 0, 0, 0, 0
20674 0 74 20675 0 75 20677 0 76 20693 0 79 20703 0 69 20704 0 76 20705 0 68 20727 0 79 20734 0 51 20739 0 76 20745 0 53 20794 0 54 20796 0 90 20796 0 91 20796 0 92 20811 0 52 20906 0 51 20937 0 53 20945 0 54 21001 0 52 21045 0 53 21081 0 52 21094 0 51 21130 0 62 21131 0 63 21139 0 77 21160 0 90 21160 0 91 21160 0 92 21163 0 77 21174 0 52 21181 0 53 21187 0 54 21190 0 
TIME iteration: 299 ms
Round:40
IR: 0, 0, 0, 0, 0
21209 0 71 21214 0 70 21225 0 77 21238 0 51 21302 0 53 21321 0 54 21401 0 51 21417 0 53 21443 0 52 21470 0 65 21472 0 64 21473 0 54 21479 0 78 21496 0 90 21496 0 91 21496 0 92 21503 0 78 21520 0 51 21530 0 78 21544 0 73 21548 0 72 21564 0 78 21589 0 52 21607 0 53 21655 0 51 21657 0 54 21710 0 
TIME iteration: 299 ms
Round:41
IR: 0, 0, 0, 0, 0
21768 0 51 21785 0 54 21813 0 61 21815 0 60 21822 0 76 21839 0 90 21839 0 91 21839 0 92 21846 0 76 21852 0 53 21873 0 76 21880 0 68 21883 0 69 21889 0 54 21892 0 51 21907 0 76 21924 0 52 21939 0 53 22021 0 51 22034 0 53 22074 0 54 22075 0 52 22177 0 54 22198 0 53 22200 0 66 22201 0 67 22203 0 64 22204 0 65 22209 0 79 22210 0 78 22216 0 51 22225 0 90 22225 0 91 22225 0 92 22233 0 79 22234 0 78 22235 0 52 22252 0 73 22254 0 
TIME iteration: 300 ms
Round:42
IR: 0, 0, 0, 0, 0
22260 0 79 22261 0 78 22278 0 74 22280 0 75 22295 0 78 22295 0 79 22324 0 53 22332 0 54 22355 0 90 22355 0 91 22355 0 92 22376 0 78 22410 0 51 22459 0 52 22463 0 53 22485 0 54 22563 0 52 22580 0 51 22606 0 54 22647 0 53 22667 0 52 22682 0 63 22683 0 62 22691 0 77 22712 0 90 22712 0 91 22712 0 92 22714 0 54 22715 0 77 22742 0 77 22764 0 70 22766 0 71 22767 0 53 22777 0 
TIME iteration: 299 ms
Round:43
IR: 0, 0, 0, 0, 0
22809 0 52 22817 0 54 22819 0 51 22877 0 53 22930 0 54 22947 0 51 22954 0 52 22997 0 62 22997 0 63 23000 0 77 23018 0 53 23019 0 70 23020 0 71 23022 0 90 23022 0 91 23022 0 92 23023 0 77 23049 0 77 23069 0 54 23071 0 52 23076 0 51 23081 0 77 23135 0 77 23164 0 53 23243 0 52 23270 0 54 23287 0 
TIME iteration: 299 ms
Round:44
IR: 0, 0, 0, 0, 0
23383 0 53 23437 0 52 23442 0 51 23453 0 54 23456 0 62 23457 0 63 23462 0 77 23465 0 60 23466 0 61 23474 0 76 23481 0 70 23482 0 67 23482 0 71 23483 0 66 23484 0 90 23484 0 91 23484 0 92 23486 0 77 23491 0 79 23498 0 76 23513 0 77 23515 0 79 23525 0 76 23542 0 79 23544 0 53 23546 0 69 23546 0 77 23547 0 68 23557 0 74 23558 0 75 23560 0 76 23577 0 79 23598 0 90 23598 0 91 23598 0 92 23613 0 77 23622 0 51 23622 0 54 23627 0 52 23645 0 53 23762 0 54 23765 0 51 23778 0 
TIME iteration: 299 ms
Round:45
IR: 0, 0, 0, 0, 0
23916 0 51 23932 0 54 23945 0 52 23963 0 60 23966 0 61 23970 0 76 23980 0 66 23981 0 67 23986 0 79 23993 0 90 23993 0 91 23993 0 92 23994 0 76 24000 0 69 24001 0 68 24006 0 53 24010 0 79 24017 0 74 24017 0 75 24019 0 51 24021 0 76 24037 0 79 24054 0 76 24071 0 79 24078 0 52 24120 0 90 24120 0 91 24120 0 92 24121 0 76 24157 0 54 24200 0 53 24234 0 51 24246 0 52 24293 0 54 24336 0 
TIME iteration: 299 ms
Round:46
IR: 0, 0, 0, 0, 0
24398 0 54 24411 0 52 24420 0 51 24437 0 66 24438 0 67 24441 0 53 24443 0 79 24462 0 64 24462 0 65 24465 0 75 24466 0 74 24466 0 90 24466 0 91 24466 0 92 24467 0 79 24470 0 78 24494 0 78 24494 0 79 24521 0 78 24523 0 54 24527 0 79 24549 0 51 24555 0 78 24562 0 73 24571 0 72 24588 0 53 24589 0 90 24589 0 91 24589 0 92 24609 0 79 24660 0 54 24704 0 53 24705 0 51 24787 0 52 24803 0 54 24818 0 51 24855 0 
TIME iteration: 299 ms
Round:47
IR: 0, 0, 0, 0, 0
24937 0 54 24946 0 65 24950 0 64 24953 0 78 24955 0 51 24957 0 66 24958 0 67 24964 0 60 24964 0 79 24965 0 61 24972 0 76 24977 0 78 24978 0 90 24978 0 91 24978 0 92 24983 0 72 24984 0 73 24988 0 52 24988 0 74 24988 0 75 24988 0 79 24996 0 76 25004 0 78 25015 0 79 25023 0 68 25023 0 76 25024 0 69 25037 0 78 25038 0 54 25049 0 79 25056 0 53 25057 0 76 25094 0 90 25094 0 91 25094 0 92 25102 0 78 25122 0 52 25156 0 51 25202 0 54 25256 0 53 25268 0 52 25285 0 51 25338 0 54 25399 0 53 25408 0 
TIME iteration: 310 ms
Round:48
IR: 0, 0, 0, 0, 0
25456 0 54 25457 0 51 25457 0 62 25459 0 63 25466 0 66 25466 0 67 25466 0 77 25472 0 79 25486 0 60 25487 0 61 25487 0 90 25487 0 91 25487 0 92 25490 0 77 25492 0 76 25496 0 74 25496 0 75 25496 0 79 25516 0 76 25517 0 77 25521 0 69 25522 0 68 25523 0 79 25538 0 70 25539 0 52 25543 0 76 25544 0 53 25545 0 71 25551 0 77 25557 0 79 25576 0 76 25602 0 90 25602 0 91 25602 0 92 25643 0 76 25668 0 54 25711 0 51 25725 0 52 25739 0 53 25820 0 54 25853 0 51 25877 0 52 25904 0 53 25962 0 
TIME iteration: 299 ms
Round:49
IR: 0, 0, 0, 0, 0
25974 0 60 25975 0 61 25980 0 76 26002 0 69 26003 0 90 26003 0 91 26003 0 92 26004 0 52 26004 0 68 26004 0 76 26031 0 76 26064 0 76 26074 0 51 26091 0 54 26092 0 53 26122 0 52 26131 0 76 26200 0 51 26234 0 53 26274 0 52 26347 0 54 26401 0 53 26415 0 51 26419 0 65 26420 0 64 26428 0 78 26429 0 60 26429 0 61 26435 0 76 26446 0 52 26447 0 90 26447 0 91 26447 0 92 26452 0 78 26455 0 68 26455 0 69 26459 0 76 26479 0 78 26486 0 76 26498 0 72 26498 0 
TIME iteration: 300 ms
Round:50
IR: 0, 0, 0, 0, 0
26514 0 78 26520 0 76 26536 0 53 26576 0 90 26576 0 91 26576 0 92 26591 0 54 26596 0 76 26608 0 52 26682 0 53 26703 0 51 26734 0 52 26747 0 54 26827 0 53 26874 0 54 26886 0 52 26902 0 51 26933 0 67 26934 0 66 26936 0 63 26938 0 62 26942 0 79 26945 0 77 26960 0 90 26960 0 91 26960 0 92 26966 0 79 26968 0 53 26969 0 77 26993 0 79 26996 0 77 27010 0 52 27011 0 74 27012 0 75 27014 0 70 27021 0 71 27028 0 
TIME iteration: 299 ms
Round:51
IR: 0, 0, 0, 0, 0
27030 0 77 27033 0 54 27072 0 51 27091 0 53 27091 0 90 27091 0 91 27091 0 92 27146 0 52 27217 0 51 27231 0 54 27286 0 53 27307 0 52 27378 0 54 27382 0 51 27387 0 53 27444 0 64 27447 0 65 27453 0 78 27470 0 52 27475 0 90 27475 0 91 27475 0 92 27477 0 78 27504 0 78 27512 0 72 27513 0 73 27536 0 53 27538 0 78 27553 0 
TIME iteration: 299 ms
Round:52
IR: 0, 0, 0, 0, 0
27592 0 52 27607 0 54 27682 0 53 27684 0 51 27704 0 54 27709 0 52 27815 0 53 27820 0 64 27820 0 65 27823 0 52 27824 0 78 27825 0 62 27826 0 63 27833 0 77 27835 0 51 27846 0 73 27846 0 90 27846 0 91 27846 0 92 27847 0 72 27847 0 78 27857 0 54 27857 0 77 27873 0 78 27884 0 70 27884 0 77 27886 0 71 27905 0 78 27918 0 77 27961 0 78 27976 0 90 27976 0 91 27976 0 92 27993 0 52 28004 0 53 28013 0 
TIME iteration: 299 ms
Round:53
IR: 0, 0, 0, 0, 0
28109 0 51 28168 0 52 28180 0 54 28221 0 53 28237 0 51 28311 0 52 28358 0 63 28359 0 62 28362 0 54 28364 0 77 28376 0 53 28388 0 77 28389 0 90 28389 0 91 28389 0 92 28395 0 70 28395 0 71 28410 0 51 28415 0 77 28443 0 52 28448 0 77 28515 0 77 28520 0 51 28551 0 52 28574 0 54 28577 0 
TIME iteration: 299 ms
Round:54
IR: 0, 0, 0, 0, 0
28661 0 52 28666 0 51 28674 0 62 28674 0 63 28678 0 77 28691 0 70 28691 0 71 28699 0 90 28699 0 91 28699 0 92 28701 0 77 28712 0 54 28724 0 53 28727 0 77 28759 0 71 28759 0 77 28766 0 52 28767 0 70 28787 0 51 28812 0 54 28815 0 77 28932 0 53 28941 0 54 28958 0 52 28989 0 51 28991 0 62 28992 0 63 28995 0 77 29015 0 70 29016 0 71 29016 0 90 29016 0 91 29016 0 92 29018 0 77 29044 0 77 29076 0 77 29080 0 52 29125 0 53 29131 0 
TIME iteration: 299 ms
Round:55
IR: 0, 0, 0, 0, 0
29160 0 54 29206 0 51 29213 0 52 29226 0 53 29307 0 54 29349 0 52 29354 0 51 29356 0 53 29359 0 62 29361 0 63 29365 0 77 29367 0 65 29368 0 64 29376 0 78 29378 0 70 29379 0 71 29385 0 90 29385 0 91 29385 0 92 29389 0 77 29400 0 78 29416 0 77 29424 0 54 29427 0 78 29446 0 72 29449 0 73 29449 0 77 29454 0 70 29459 0 71 29462 0 78 29467 0 53 29513 0 90 29513 0 91 29513 0 92 29514 0 77 29516 0 52 29539 0 54 29564 0 51 29662 0 
TIME iteration: 299 ms
Round:56
IR: 0, 0, 0, 0, 0
29682 0 52 29719 0 54 29769 0 51 29789 0 53 29825 0 52 29858 0 54 29879 0 63 29882 0 62 29887 0 77 29898 0 53 29899 0 66 29899 0 67 29900 0 65 29901 0 64 29906 0 78 29908 0 79 29910 0 90 29910 0 91 29910 0 92 29911 0 77 29918 0 51 29918 0 70 29918 0 71 29930 0 78 29932 0 79 29938 0 73 29938 0 77 29939 0 72 29957 0 78 29959 0 79 29972 0 77 29990 0 78 29994 0 53 29994 0 75 29994 0 79 30012 0 74 30017 0 54 30025 0 90 30025 0 91 30025 0 92 30041 0 52 30053 0 77 30057 0 78 30059 0 51 30106 0 53 30140 0 
TIME iteration: 300 ms
Round:57
IR: 0, 0, 0, 0, 0
30225 0 53 30234 0 52 30248 0 51 30350 0 52 30363 0 54 30367 0 53 30381 0 64 30381 0 65 30385 0 51 30387 0 78 30397 0 62 30399 0 63 30404 0 77 30409 0 73 30410 0 72 30410 0 90 30410 0 91 30410 0 92 30411 0 78 30428 0 77 30430 0 70 30430 0 71 30438 0 78 30455 0 77 30472 0 78 30476 0 53 30489 0 77 30521 0 52 30525 0 54 30537 0 90 30537 0 91 30537 0 92 30548 0 78 30550 0 51 30565 0 77 30633 0 52 30650 0 53 30695 0 51 30715 0 
TIME iteration: 299 ms
Round:58
IR: 0, 0, 0, 0, 0
30793 0 51 30829 0 53 30859 0 60 30860 0 61 30861 0 52 30868 0 76 30876 0 51 30889 0 90 30889 0 91 30889 0 92 30892 0 76 30919 0 76 30926 0 54 30953 0 68 30954 0 76 30967 0 69 30992 0 53 31015 0 51 31040 0 52 31140 0 54 31176 0 51 31195 0 60 31197 0 61 31199 0 76 31221 0 90 31221 0 91 31221 0 92 31222 0 68 31222 0 69 31222 0 76 31240 0 53 31248 0 
TIME iteration: 299 ms
Round:59
IR: 0, 0, 0, 0, 0
31280 0 76 31300 0 54 31334 0 76 31372 0 52 31387 0 53 31394 0 51 31435 0 54 31542 0 53 31555 0 51 31569 0 54 31587 0 66 31587 0 67 31596 0 65 31596 0 79 31598 0 64 31602 0 52 31605 0 78 31606 0 60 31606 0 61 31611 0 76 31613 0 90 31613 0 91 31613 0 92 31620 0 79 31627 0 69 31628 0 68 31629 0 78 31635 0 76 31647 0 79 31656 0 78 31662 0 76 31665 0 72 31666 0 73 31671 0 74 31673 0 75 31682 0 79 31690 0 78 31694 0 51 31695 0 76 31724 0 69 31728 0 90 31728 0 91 31728 0 92 31751 0 52 31761 0 53 31761 0 76 31767 0 
TIME iteration: 300 ms
Round:60
IR: 0, 0, 0, 0, 0
31890 0 52 31918 0 51 31946 0 54 31953 0 53 32010 0 52 32051 0 54 32066 0 63 32067 0 62 32075 0 77 32082 0 66 32082 0 67 32088 0 79 32095 0 90 32095 0 91 32095 0 92 32099 0 77 32112 0 79 32118 0 74 32118 0 75 32119 0 51 32126 0 77 32127 0 53 32139 0 79 32145 0 71 32151 0 52 32154 0 70 32161 0 77 32173 0 79 32188 0 54 32222 0 90 32222 0 91 32222 0 92 32301 0 52 32314 0 53 32315 0 
TIME iteration: 299 ms
Round:61
IR: 0, 0, 0, 0, 0
32451 0 54 32454 0 51 32476 0 53 32484 0 52 32595 0 51 32613 0 60 32613 0 61 32621 0 76 32626 0 53 32643 0 64 32643 0 90 32643 0 91 32643 0 92 32645 0 76 32660 0 78 32669 0 68 32672 0 76 32680 0 69 32681 0 52 32691 0 54 32692 0 78 32706 0 76 32745 0 78 32749 0 53 32755 0 51 32784 0 90 32784 0 91 32784 0 92 32790 0 54 32801 0 
TIME iteration: 299 ms
Round:62
IR: 0, 0, 0, 0, 0
32862 0 53 32892 0 51 32959 0 54 32994 0 51 32997 0 52 33046 0 53 33076 0 51 33085 0 60 33085 0 61 33090 0 76 33114 0 76 33114 0 90 33114 0 91 33114 0 92 33116 0 69 33117 0 68 33141 0 76 33174 0 76 33176 0 54 33181 0 52 33187 0 53 33208 0 51 33240 0 76 33301 0 52 33303 0 54 33341 0 53 33365 0 
TIME iteration: 299 ms
Round:63
IR: 0, 0, 0, 0, 0
33436 0 53 33453 0 64 33454 0 65 33461 0 78 33475 0 52 33479 0 90 33479 0 91 33479 0 92 33484 0 54 33485 0 78 33512 0 78 33513 0 72 33515 0 73 33536 0 51 33546 0 78 33565 0 53 33603 0 52 33657 0 54 33691 0 51 33761 0 52 33776 0 53 33853 0 54 33856 0 65 33858 0 64 33861 0 78 33865 0 51 33883 0 90 33883 0 91 33883 0 92 33884 0 73 33884 0 78 33885 0 72 33904 0 53 33910 0 
TIME iteration: 299 ms
Round:64
IR: 0, 0, 0, 0, 0
33931 0 52 33942 0 78 33994 0 54 33998 0 78 34026 0 51 34081 0 53 34087 0 52 34106 0 54 34223 0 53 34248 0 64 34248 0 65 34253 0 78 34265 0 51 34269 0 72 34269 0 73 34274 0 90 34274 0 91 34274 0 92 34277 0 78 34280 0 52 34296 0 54 34304 0 78 34337 0 78 34366 0 72 34369 0 73 34395 0 52 34403 0 78 34416 0 54 34422 0 
TIME iteration: 303 ms
Round:65
IR: 0, 0, 0, 0, 0
34536 0 51 34565 0 54 34622 0 67 34623 0 52 34624 0 66 34632 0 79 34639 0 53 34649 0 90 34649 0 91 34649 0 92 34656 0 79 34671 0 51 34683 0 79 34691 0 54 34714 0 75 34718 0 79 34722 0 74 34748 0 52 34788 0 53 34794 0 51 34795 0 54 34903 0 53 34912 0 51 34912 0 52 34917 0 54 34920 0 66 34920 0 67 34923 0 79 34943 0 74 34943 0 75 34944 0 90 34944 0 91 34944 0 92 34946 0 79 34972 0 
TIME iteration: 299 ms
Round:66
IR: 0, 0, 0, 0, 0
35004 0 79 35043 0 52 35045 0 51 35056 0 53 35061 0 79 35096 0 54 35168 0 53 35207 0 52 35292 0 51 35292 0 54 35343 0 52 35346 0 66 35351 0 67 35353 0 62 35353 0 63 35354 0 79 35361 0 77 35371 0 74 35372 0 75 35374 0 90 35374 0 91 35374 0 92 35377 0 53 35378 0 79 35385 0 77 35405 0 79 35412 0 77 35439 0 79 35440 0 70 35444 0 71 35446 0 77 35471 0 54 35474 0 51 35504 0 90 35504 0 91 35504 0 92 35506 0 
TIME iteration: 299 ms
Round:67
IR: 0, 0, 0, 0, 0
35571 0 52 35626 0 54 35687 0 52 35726 0 53 35743 0 51 35770 0 54 35838 0 52 35863 0 62 35863 0 63 35868 0 77 35873 0 51 35891 0 54 35892 0 77 35893 0 90 35893 0 91 35893 0 92 35900 0 70 35900 0 71 35919 0 77 35952 0 77 35976 0 53 36008 0 51 36015 0 54 36018 0 
TIME iteration: 299 ms
Round:68
IR: 0, 0, 0, 0, 0
36071 0 52 36108 0 53 36135 0 51 36166 0 54 36218 0 52 36224 0 53 36243 0 64 36244 0 65 36252 0 78 36261 0 51 36265 0 62 36266 0 60 36266 0 61 36266 0 63 36270 0 90 36270 0 91 36270 0 92 36271 0 77 36274 0 76 36276 0 78 36286 0 54 36289 0 70 36289 0 71 36295 0 77 36298 0 76 36303 0 78 36322 0 77 36325 0 76 36331 0 72 36334 0 73 36338 0 78 36355 0 53 36355 0 77 36359 0 69 36359 0 76 36363 0 68 36375 0 52 36383 0 90 36383 0 91 36383 0 92 36408 0 54 36422 0 77 36427 0 51 36460 0 53 36539 0 52 36557 0 54 36558 0 
TIME iteration: 302 ms
Round:69
IR: 0, 0, 0, 0, 0
36690 0 53 36691 0 52 36761 0 51 36778 0 62 36783 0 63 36787 0 77 36796 0 60 36796 0 61 36802 0 76 36809 0 70 36810 0 71 36810 0 90 36810 0 91 36810 0 92 36811 0 77 36826 0 54 36826 0 76 36835 0 69 36836 0 68 36838 0 77 36847 0 52 36853 0 76 36872 0 77 36887 0 76 36928 0 53 36932 0 51 36938 0 90 36938 0 91 36938 0 92 36952 0 77 36955 0 54 36963 0 52 36963 0 76 37080 0 51 37085 0 
TIME iteration: 301 ms
Round:70
IR: 0, 0, 0, 0, 0
37103 0 53 37117 0 54 37242 0 51 37285 0 52 37285 0 53 37303 0 54 37346 0 62 37348 0 63 37353 0 77 37361 0 66 37362 0 67 37369 0 51 37370 0 61 37370 0 79 37371 0 60 37377 0 76 37377 0 77 37377 0 90 37377 0 91 37377 0 92 37380 0 71 37382 0 70 37394 0 79 37401 0 76 37404 0 77 37406 0 69 37407 0 53 37407 0 68 37421 0 79 37428 0 76 37433 0 52 37438 0 77 37445 0 75 37449 0 74 37456 0 79 37462 0 76 37475 0 54 37492 0 90 37492 0 91 37492 0 92 37498 0 51 37514 0 77 37543 0 76 37576 0 52 37590 0 
TIME iteration: 302 ms
Round:71
IR: 0, 0, 0, 0, 0
37633 0 54 37658 0 53 37791 0 51 37796 0 52 37841 0 53 37910 0 54 37938 0 52 37954 0 62 37954 0 63 37961 0 77 37984 0 90 37984 0 91 37984 0 92 37985 0 77 37990 0 70 37991 0 51 37992 0 71 38012 0 77 38018 0 53 38046 0 77 38082 0 54 38112 0 52 38150 0 
TIME iteration: 300 ms
Round:72
IR: 0, 0, 0, 0, 0
38200 0 54 38243 0 52 38251 0 51 38304 0 62 38305 0 54 38308 0 63 38309 0 77 38318 0 66 38318 0 67 38325 0 70 38326 0 71 38326 0 79 38332 0 77 38332 0 90 38332 0 91 38332 0 92 38350 0 79 38358 0 77 38375 0 53 38377 0 79 38378 0 52 38379 0 75 38380 0 74 38390 0 77 38407 0 70 38412 0 79 38415 0 71 38440 0 51 38444 0 77 38459 0 90 38459 0 91 38459 0 92 38466 0 54 38532 0 53 38555 0 52 38584 0 51 38627 0 54 38677 0 
TIME iteration: 299 ms
Round:73
IR: 0, 0, 0, 0, 0
38765 0 53 38766 0 51 38810 0 52 38816 0 54 38820 0 63 38821 0 62 38826 0 77 38850 0 77 38850 0 90 38850 0 91 38850 0 92 38858 0 70 38858 0 71 38877 0 77 38910 0 77 38918 0 54 38923 0 53 38937 0 52 38977 0 77 39001 0 54 39058 0 53 39062 0 51 39078 0 52 39128 0 54 39149 0 53 39149 0 66 39149 0 67 39157 0 79 39169 0 64 39169 0 65 39174 0 90 39174 0 91 39174 0 92 39177 0 78 39181 0 79 39201 0 78 39202 0 74 39202 0 75 39208 0 79 39210 0 
TIME iteration: 299 ms
Round:74
IR: 0, 0, 0, 0, 0
39228 0 78 39229 0 53 39243 0 79 39262 0 78 39265 0 73 39268 0 72 39275 0 54 39280 0 52 39297 0 90 39297 0 91 39297 0 92 39362 0 53 39379 0 51 39413 0 54 39423 0 52 39481 0 53 39521 0 52 39521 0 54 39544 0 51 39700 0 52 39701 0 53 39703 0 51 39708 0 63 39710 0 62 39711 0 54 39717 0 77 39721 0 66 39721 0 67 39723 0 60 39723 0 61 39727 0 64 39727 0 65 39727 0 79 39731 0 76 39733 0 78 39739 0 90 39739 0 91 39739 0 92 39741 0 
TIME iteration: 298 ms
Round:75
IR: 0, 0, 0, 0, 0
39751 0 79 39755 0 76 39757 0 78 39758 0 74 39759 0 75 39764 0 70 39764 0 71 39766 0 72 39768 0 73 39768 0 77 39778 0 79 39782 0 76 39784 0 78 39802 0 77 39812 0 79 39813 0 68 39816 0 69 39816 0 76 39818 0 78 39844 0 53 39850 0 90 39850 0 91 39850 0 92 39872 0 51 39894 0 78 39902 0 52 39954 0 54 39997 0 53 40002 0 52 40018 0 51 40116 0 53 40163 0 51 40175 0 54 40199 0 52 40208 0 60 40208 0 61 40209 0 64 40213 0 76 40215 0 65 40218 0 78 40234 0 90 40234 0 91 40234 0 92 40237 0 76 40241 0 73 40242 0 72 40242 0 78 40243 0 68 40244 0 69 40258 0 53 40264 0 76 40269 0 78 40276 0 
TIME iteration: 299 ms
Round:76
IR: 0, 0, 0, 0, 0
40297 0 76 40302 0 78 40332 0 52 40340 0 54 40363 0 76 40365 0 90 40365 0 91 40365 0 92 40371 0 78 40389 0 53 40467 0 52 40536 0 51 40538 0 54 40563 0 53 40621 0 52 40696 0 54 40709 0 53 40751 0 65 40754 0 52 40754 0 64 40759 0 78 40764 0 63 40765 0 62 40772 0 77 40783 0 78 40783 0 90 40783 0 91 40783 0 92 40784 0 72 40784 0 73 40795 0 51 40796 0 
TIME iteration: 298 ms
Round:77
IR: 0, 0, 0, 0, 0
40810 0 78 40823 0 77 40826 0 71 40828 0 53 40828 0 70 40844 0 78 40857 0 77 40869 0 54 40875 0 52 40914 0 90 40914 0 91 40914 0 92 40925 0 78 40948 0 51 40983 0 53 41053 0 54 41057 0 52 41104 0 51 41162 0 53 41203 0 52 41256 0 54 41263 0 51 41292 0 53 41307 0 60 41307 0 61 41312 0 64 41313 0 65 41315 0 76 41319 0 78 41335 0 90 41335 0 91 41335 0 92 41339 0 
TIME iteration: 298 ms
Round:78
IR: 0, 0, 0, 0, 0
41343 0 78 41347 0 73 41348 0 72 41366 0 76 41370 0 78 41372 0 68 41372 0 69 41388 0 51 41400 0 76 41404 0 78 41406 0 52 41428 0 54 41467 0 90 41467 0 91 41467 0 92 41485 0 78 41548 0 54 41567 0 53 41584 0 52 41616 0 51 41675 0 53 41698 0 54 41751 0 52 41785 0 51 41805 0 53 41821 0 64 41821 0 65 41827 0 78 41851 0 78 41851 0 90 41851 0 91 41851 0 92 41852 0 72 41852 0 73 41859 0 
TIME iteration: 299 ms
Round:79
IR: 0, 0, 0, 0, 0
41878 0 78 41887 0 52 41912 0 78 41969 0 51 41988 0 78 42011 0 54 42057 0 53 42078 0 52 42086 0 51 42106 0 54 42165 0 66 42165 0 67 42174 0 79 42190 0 90 42190 0 91 42190 0 92 42194 0 53 42198 0 79 42225 0 79 42241 0 51 42255 0 75 42260 0 79 42261 0 54 42263 0 74 42288 0 52 42348 0 
TIME iteration: 298 ms
Round:80
IR: 0, 0, 0, 0, 0
42404 0 51 42420 0 54 42469 0 52 42475 0 66 42475 0 67 42478 0 79 42480 0 53 42498 0 74 42498 0 75 42499 0 90 42499 0 91 42499 0 92 42501 0 79 42527 0 79 42559 0 79 42591 0 54 42612 0 52 42617 0 79 42638 0 53 42689 0 51 42719 0 52 42774 0 53 42804 0 51 42808 0 54 42908 0 54 42913 0 66 42914 0 67 42919 0 79 42929 0 
TIME iteration: 298 ms
Round:81
IR: 0, 0, 0, 0, 0
42935 0 51 42936 0 75 42937 0 60 42937 0 61 42937 0 74 42940 0 90 42940 0 91 42940 0 92 42943 0 79 42945 0 76 42969 0 76 42970 0 79 42975 0 53 42996 0 76 43003 0 79 43018 0 68 43019 0 69 43030 0 76 43036 0 54 43061 0 52 43063 0 90 43063 0 91 43063 0 92 43070 0 51 43114 0 53 43157 0 54 43167 0 51 43198 0 52 43265 0 53 43287 0 54 43359 0 51 43381 0 53 43411 0 65 43412 0 64 43418 0 52 43420 0 78 43435 0 54 43441 0 90 43441 0 91 43441 0 92 43444 0 
TIME iteration: 309 ms
Round:82
IR: 0, 0, 0, 0, 0
43471 0 78 43488 0 72 43492 0 51 43497 0 73 43506 0 78 43512 0 52 43549 0 53 43606 0 54 43609 0 52 43675 0 51 43690 0 53 43712 0 52 43728 0 63 43729 0 62 43732 0 65 43734 0 64 43736 0 78 43737 0 77 43750 0 54 43753 0 90 43753 0 91 43753 0 92 43757 0 72 43758 0 73 43759 0 78 43761 0 77 43785 0 78 43788 0 77 43812 0 51 43817 0 78 43819 0 71 43820 0 52 43821 0 53 43823 0 77 43833 0 70 43868 0 54 43871 0 78 43882 0 90 43882 0 91 43882 0 92 43939 0 53 43941 0 52 43958 0 
TIME iteration: 303 ms
Round:83
IR: 0, 0, 0, 0, 0
44062 0 52 44076 0 51 44119 0 54 44138 0 53 44198 0 52 44204 0 51 44220 0 63 44221 0 62 44225 0 60 44225 0 61 44226 0 77 44233 0 76 44248 0 90 44248 0 91 44248 0 92 44250 0 77 44256 0 70 44256 0 71 44257 0 76 44277 0 77 44284 0 76 44298 0 68 44302 0 69 44306 0 53 44308 0 54 44310 0 77 44318 0 76 44328 0 52 44377 0 77 44378 0 51 44380 0 90 44380 0 91 44380 0 92 44433 0 54 44499 0 51 44516 0 
TIME iteration: 302 ms
Round:84
IR: 0, 0, 0, 0, 0
44520 0 52 44524 0 54 44608 0 51 44632 0 53 44677 0 52 44692 0 54 44732 0 66 44733 0 67 44741 0 79 44762 0 90 44762 0 91 44762 0 92 44765 0 79 44776 0 51 44792 0 79 44798 0 52 44816 0 75 44819 0 74 44827 0 79 44844 0 53 44847 0 54 44975 0 51 44984 0 52 44999 0 
TIME iteration: 301 ms
Round:85
IR: 0, 0, 0, 0, 0
45058 0 54 45110 0 51 45121 0 66 45123 0 67 45126 0 79 45138 0 53 45148 0 90 45148 0 91 45148 0 92 45150 0 75 45150 0 79 45151 0 74 45176 0 79 45178 0 52 45209 0 79 45272 0 79 45291 0 54 45296 0 51 45296 0 53 45308 0 52 45437 0 51 45463 0 52 45492 0 54 45511 0 62 45511 0 63 45519 0 77 45521 0 53 45537 0 90 45537 0 91 45537 0 92 45543 0 77 45570 0 77 45574 0 
TIME iteration: 302 ms
Round:86
IR: 0, 0, 0, 0, 0
45582 0 70 45583 0 71 45603 0 51 45604 0 77 45641 0 53 45714 0 51 45741 0 54 45789 0 53 45843 0 52 45900 0 51 45929 0 60 45930 0 61 45938 0 76 45956 0 90 45956 0 91 45956 0 92 45962 0 76 45971 0 53 45980 0 54 45989 0 76 46014 0 69 46017 0 68 46024 0 76 46038 0 51 46089 0 
TIME iteration: 301 ms
Round:87
IR: 0, 0, 0, 0, 0
46125 0 52 46176 0 51 46225 0 60 46225 0 61 46227 0 76 46240 0 54 46247 0 68 46247 0 69 46249 0 90 46249 0 91 46249 0 92 46250 0 76 46263 0 52 46276 0 76 46296 0 53 46306 0 51 46307 0 76 46337 0 54 46358 0 76 46388 0 52 46481 0 51 46487 0 53 46524 0 52 46589 0 62 46589 0 63 46597 0 77 46600 0 51 46611 0 61 46612 0 60 46614 0 90 46614 0 91 46614 0 92 46616 0 76 46617 0 54 46621 0 77 46630 0 69 46631 0 
TIME iteration: 302 ms
Round:88
IR: 0, 0, 0, 0, 0
46640 0 76 46648 0 77 46656 0 70 46656 0 71 46666 0 76 46670 0 53 46682 0 77 46691 0 51 46699 0 76 46706 0 69 46710 0 68 46731 0 52 46736 0 90 46736 0 91 46736 0 92 46760 0 76 46801 0 51 46807 0 54 46884 0 52 46931 0 51 46957 0 54 46976 0 53 47069 0 51 47083 0 60 47083 0 61 47084 0 52 47089 0 76 47099 0 54 47112 0 90 47112 0 91 47112 0 92 47113 0 76 47118 0 68 47118 0 69 47140 0 
TIME iteration: 302 ms
Round:89
IR: 0, 0, 0, 0, 0
47174 0 76 47220 0 53 47237 0 52 47250 0 76 47253 0 51 47257 0 54 47376 0 53 47389 0 51 47431 0 54 47444 0 60 47444 0 61 47449 0 76 47464 0 68 47464 0 69 47470 0 90 47470 0 91 47470 0 92 47473 0 76 47500 0 76 47509 0 51 47511 0 52 47533 0 76 47546 0 68 47546 0 69 47597 0 53 47598 0 76 47600 0 54 47660 0 51 47685 0 
TIME iteration: 302 ms
Round:90
IR: 0, 0, 0, 0, 0
47702 0 53 47704 0 60 47705 0 61 47708 0 76 47724 0 69 47725 0 68 47728 0 90 47728 0 91 47728 0 92 47731 0 76 47749 0 54 47757 0 76 47786 0 51 47789 0 76 47798 0 69 47811 0 68 47843 0 76 47876 0 53 47913 0 54 47961 0 51 47994 0 60 47995 0 61 47998 0 76 48002 0 52 48007 0 53 48017 0 69 48018 0 68 48018 0 90 48018 0 91 48018 0 92 48021 0 76 48042 0 54 48047 0 76 48079 0 76 48112 0 53 48133 0 51 48134 0 76 48145 0 54 48173 0 
TIME iteration: 302 ms
Round:91
IR: 0, 0, 0, 0, 0
48269 0 54 48274 0 51 48278 0 53 48309 0 52 48328 0 66 48331 0 67 48338 0 79 48354 0 90 48354 0 91 48354 0 92 48362 0 79 48389 0 53 48389 0 79 48408 0 51 48420 0 75 48423 0 74 48424 0 79 48427 0 52 48446 0 54 48490 0 53 48536 0 52 48542 0 51 48577 0 54 48593 0 53 48618 0 66 48618 0 67 48620 0 79 48632 0 51 48635 0 65 48636 0 52 48637 0 64 48640 0 74 48640 0 75 48642 0 90 48642 0 91 48642 0 92 48643 0 79 48644 0 78 48668 0 78 48669 0 79 48695 0 78 48701 0 79 48728 0 73 48729 0 78 48730 0 53 48740 0 72 48750 0 51 48757 0 
TIME iteration: 303 ms
Round:92
IR: 0, 0, 0, 0, 0
48765 0 90 48765 0 91 48765 0 92 48780 0 52 48810 0 54 48857 0 53 48926 0 51 48926 0 54 48961 0 52 48973 0 53 49046 0 54 49053 0 51 49086 0 66 49087 0 67 49093 0 79 49112 0 74 49112 0 75 49115 0 90 49115 0 91 49115 0 92 49117 0 79 49144 0 79 49153 0 51 49178 0 79 49207 0 52 49223 0 54 49243 0 53 49282 0 
TIME iteration: 302 ms
Round:93
IR: 0, 0, 0, 0, 0
49410 0 54 49422 0 52 49427 0 51 49460 0 60 49462 0 61 49469 0 76 49487 0 90 49487 0 91 49487 0 92 49493 0 76 49510 0 53 49520 0 76 49536 0 69 49538 0 68 49554 0 76 49602 0 54 49661 0 53 49680 0 52 49690 0 51 49723 0 54 49813 0 
TIME iteration: 302 ms
Round:94
IR: 0, 0, 0, 0, 0
49824 0 52 49862 0 64 49862 0 65 49870 0 78 49880 0 54 49888 0 90 49888 0 91 49888 0 92 49894 0 78 49921 0 78 49933 0 72 49936 0 51 49936 0 73 49955 0 78 49992 0 53 49993 0 52 50080 0 51 50098 0 53 50117 0 54 50146 0 64 50148 0 65 50149 0 78 50167 0 73 50168 0 72 50171 0 90 50171 0 91 50171 0 92 50172 0 78 50198 0 78 50223 0 52 50229 0 78 50234 0 54 50246 0 51 50252 0 53 50254 0 73 50258 0 72 50280 0 
TIME iteration: 302 ms
Round:95
IR: 0, 0, 0, 0, 0
50400 0 52 50400 0 53 50420 0 64 50420 0 65 50423 0 78 50441 0 73 50442 0 72 50443 0 90 50443 0 91 50443 0 92 50446 0 78 50470 0 51 50472 0 78 50473 0 54 50504 0 78 50534 0 73 50544 0 53 50555 0 52 50558 0 78 50591 0 54 50613 0 51 50690 0 53 50701 0 52 50708 0 54 50724 0 64 50724 0 65 50728 0 78 50736 0 72 50747 0 73 50748 0 90 50748 0 91 50748 0 92 50751 0 78 50777 0 78 50778 0 51 50796 0 72 50809 0 78 50833 0 52 50836 0 53 50865 0 78 50874 0 
TIME iteration: 302 ms
Round:96
IR: 0, 0, 0, 0, 0
50960 0 51 50984 0 53 51046 0 64 51046 0 65 51048 0 52 51050 0 78 51060 0 73 51066 0 51 51069 0 72 51070 0 90 51070 0 91 51070 0 92 51073 0 78 51099 0 78 51120 0 54 51121 0 73 51131 0 78 51187 0 78 51194 0 53 51225 0 52 51262 0 51 51363 0 52 51401 0 
TIME iteration: 302 ms
Round:97
IR: 0, 0, 0, 0, 0
51413 0 53 51454 0 51 51466 0 64 51466 0 65 51471 0 78 51488 0 72 51492 0 90 51492 0 91 51492 0 92 51495 0 78 51497 0 73 51510 0 52 51522 0 78 51555 0 78 51586 0 51 51607 0 54 51621 0 78 51644 0 53 51673 0 52 51738 0 54 51803 0 52 51804 0 51 51830 0 53 51849 0 62 51850 0 63 51856 0 54 51858 0 77 51866 0 66 51867 0 67 51875 0 90 51875 0 91 51875 0 92 51876 0 79 51882 0 77 51900 0 79 51909 0 77 51927 0 79 51932 0 
TIME iteration: 302 ms
Round:98
IR: 0, 0, 0, 0, 0
51942 0 70 51944 0 77 51949 0 71 51960 0 74 51962 0 79 51963 0 75 51979 0 53 51984 0 51 51999 0 90 51999 0 91 51999 0 92 52034 0 54 52140 0 53 52151 0 51 52175 0 52 52310 0 51 52311 0 53 52333 0 54 52345 0 52 52427 0 51 52429 0 60 52429 0 61 52437 0 76 52460 0 90 52460 0 91 52460 0 92 52461 0 
TIME iteration: 309 ms
Round:99
IR: 0, 0, 0, 0, 0
52481 0 52 52488 0 76 52522 0 76 52523 0 54 52529 0 69 52531 0 53 52533 0 68 52567 0 51 52647 0 54 52648 0 53 52696 0 52 52723 0 51 52752 0 60 52752 0 61 52755 0 76 52777 0 68 52777 0 69 52777 0 90 52777 0 91 52777 0 92 52778 0 76 52786 0 53 52793 0 54 52804 0 76 52836 0 76 52864 0 52 52890 0 76 52901 0 51 52912 0 54 52953 0 53 52991 0 
TIME iteration: 302 ms
Round:100
IR: 0, 0, 0, 0, 0
53040 0 51 53047 0 54 53112 0 67 53113 0 61 53115 0 66 53120 0 60 53121 0 76 53122 0 79 53124 0 52 53134 0 69 53135 0 68 53137 0 90 53137 0 91 53137 0 92 53145 0 76 53146 0 79 53155 0 51 53171 0 76 53173 0 79 53180 0 53 53185 0 75 53191 0 74 53204 0 69 53204 0 76 53208 0 79 53212 0 68 53230 0 54 53265 0 52 53265 0 76 53266 0 90 53266 0 91 53266 0 92 53298 0 51 53303 0 53 53386 0 54 53388 0 52 53439 0 51 53446 0 53 53476 0 52 53501 0 
TIME iteration: 302 ms
Round:101
IR: 0, 0, 0, 0, 0
53543 0 51 53577 0 61 53579 0 60 53584 0 76 53602 0 52 53605 0 62 53605 0 63 53607 0 90 53607 0 91 53607 0 92 53608 0 76 53612 0 69 53613 0 68 53613 0 77 53635 0 76 53637 0 77 53646 0 53 53664 0 77 53669 0 76 53682 0 51 53686 0 70 53692 0 71 53698 0 77 53714 0 52 53724 0 54 53730 0 90 53730 0 91 53730 0 92 53744 0 76 53776 0 53 53814 0 52 53850 0 51 53872 0 54 53931 0 52 54002 0 53 54006 0 
TIME iteration: 302 ms
Round:102
IR: 0, 0, 0, 0, 0
54066 0 54 54070 0 52 54078 0 63 54080 0 62 54084 0 77 54108 0 77 54108 0 90 54108 0 91 54108 0 92 54114 0 70 54114 0 71 54135 0 77 54151 0 51 54168 0 77 54199 0 54 54208 0 53 54234 0 77 54240 0 52 54318 0 51 54325 0 54 54337 0 53 54467 0 52 54482 0 54 54496 0 66 54496 0 67 54505 0 79 54520 0 53 54523 0 90 54523 0 91 54523 0 92 54529 0 79 54544 0 51 54556 0 79 54570 0 75 54574 0 
TIME iteration: 302 ms
Round:103
IR: 0, 0, 0, 0, 0
54591 0 79 54613 0 52 54659 0 54 54670 0 51 54699 0 53 54804 0 51 54804 0 54 54836 0 66 54838 0 67 54840 0 79 54861 0 61 54862 0 74 54862 0 75 54862 0 90 54862 0 91 54862 0 92 54863 0 79 54879 0 76 54889 0 79 54893 0 52 54911 0 76 54921 0 79 54923 0 53 54936 0 54 54948 0 51 54966 0 76 54977 0 79 55000 0 90 55000 0 91 55000 0 92 55038 0 54 55044 0 
TIME iteration: 302 ms
Round:104
IR: 0, 0, 0, 0, 0
55132 0 52 55148 0 51 55164 0 53 55224 0 54 55297 0 53 55309 0 51 55333 0 65 55334 0 64 55342 0 78 55346 0 52 55363 0 90 55363 0 91 55363 0 92 55366 0 78 55393 0 78 55424 0 54 55424 0 72 55425 0 73 55428 0 78 55441 0 53 55443 0 51 55507 0 52 55546 0 53 55574 0 51 55597 0 64 55598 0 65 55599 0 78 55617 0 73 55618 0 72 55621 0 90 55621 0 91 55621 0 92 55622 0 78 55636 0 52 55648 0 
TIME iteration: 302 ms
Round:105
IR: 0, 0, 0, 0, 0
55658 0 54 55669 0 53 55679 0 78 55696 0 73 55700 0 72 55729 0 78 55768 0 51 55792 0 53 55806 0 52 55812 0 54 55828 0 64 55828 0 65 55830 0 78 55846 0 72 55846 0 73 55851 0 90 55851 0 91 55851 0 92 55853 0 78 55879 0 78 55910 0 78 55918 0 72 55919 0 73 55928 0 54 55929 0 51 55960 0 78 55961 0 53 56026 0 52 56068 0 54 56113 0 51 56136 0 53 56157 0 64 56157 0 65 56161 0 
TIME iteration: 302 ms
Round:106
IR: 0, 0, 0, 0, 0
56181 0 72 56181 0 90 56181 0 91 56181 0 92 56182 0 73 56184 0 78 56210 0 78 56235 0 51 56242 0 78 56252 0 52 56255 0 54 56290 0 53 56298 0 78 56376 0 51 56428 0 54 56431 0 53 56449 0 52 56527 0 64 56534 0 65 56535 0 78 56549 0 72 56549 0 73 56556 0 90 56556 0 91 56556 0 92 56559 0 78 56563 0 53 56577 0 51 56585 0 78 56586 0 52 56610 0 54 56618 0 78 56623 0 72 56626 0 73 56679 0 
TIME iteration: 302 ms
Round:107
IR: 0, 0, 0, 0, 0
56725 0 53 56746 0 52 56762 0 51 56785 0 54 56903 0 52 56909 0 54 56912 0 51 56924 0 53 56932 0 64 56933 0 65 56934 0 66 56934 0 67 56937 0 78 56943 0 63 56943 0 79 56944 0 62 56952 0 77 56954 0 60 56956 0 90 56956 0 91 56956 0 92 56961 0 78 56962 0 72 56962 0 73 56967 0 79 56972 0 76 56976 0 77 56987 0 78 56994 0 79 57003 0 77 57004 0 76 57018 0 52 57018 0 54 57020 0 78 57024 0 74 57026 0 75 57029 0 79 57037 0 70 57038 0 71 57038 0 77 57059 0 76 57068 0 51 57069 0 90 57069 0 91 57069 0 92 57081 0 78 57104 0 53 57110 0 52 57138 0 54 57225 0 51 57234 0 
TIME iteration: 303 ms
Round:108
IR: 0, 0, 0, 0, 0
57265 0 53 57279 0 54 57348 0 52 57354 0 51 57375 0 63 57376 0 62 57380 0 77 57403 0 90 57403 0 91 57403 0 92 57404 0 77 57408 0 71 57409 0 70 57417 0 53 57430 0 77 57463 0 77 57524 0 77 57531 0 51 57532 0 54 57540 0 53 57594 0 52 57677 0 51 57694 0 53 57694 0 54 57763 0 64 57765 0 
TIME iteration: 302 ms
Round:109
IR: 0, 0, 0, 0, 0
57772 0 78 57790 0 90 57790 0 91 57790 0 92 57796 0 78 57815 0 73 57816 0 72 57823 0 78 57826 0 52 57840 0 53 57855 0 51 57857 0 78 57881 0 54 57988 0 53 58008 0 52 58025 0 54 58039 0 51 58175 0 52 58175 0 53 58190 0 64 58190 0 65 58194 0 78 58201 0 54 58211 0 62 58212 0 51 58212 0 63 58217 0 72 58217 0 73 58217 0 78 58217 0 90 58217 0 91 58217 0 92 58219 0 77 58243 0 77 58243 0 78 58260 0 71 58264 0 70 58270 0 77 58275 0 
TIME iteration: 302 ms
Round:110
IR: 0, 0, 0, 0, 0
58304 0 77 58310 0 53 58331 0 78 58341 0 90 58341 0 91 58341 0 92 58357 0 54 58358 0 52 58420 0 51 58431 0 53 58482 0 54 58570 0 52 58585 0 54 58605 0 51 58634 0 53 58659 0 66 58660 0 67 58668 0 79 58686 0 52 58688 0 90 58688 0 91 58688 0 92 58692 0 79 58719 0 79 58742 0 74 58742 0 75 58754 0 79 58763 0 54 58777 0 51 58813 0 53 58820 0 
TIME iteration: 302 ms
Round:111
IR: 0, 0, 0, 0, 0
58881 0 51 58908 0 54 58927 0 53 58931 0 52 58977 0 51 58979 0 66 58984 0 67 58985 0 79 58993 0 60 58993 0 61 59001 0 76 59005 0 75 59006 0 74 59006 0 90 59006 0 91 59006 0 92 59008 0 79 59025 0 76 59034 0 79 59046 0 52 59052 0 76 59066 0 79 59073 0 54 59078 0 51 59079 0 53 59079 0 68 59086 0 69 59086 0 76 59122 0 79 59132 0 90 59132 0 91 59132 0 92 59166 0 51 59227 0 54 59256 0 53 59279 0 51 59287 0 
TIME iteration: 302 ms
Round:112
IR: 0, 0, 0, 0, 0
59378 0 54 59406 0 53 59472 0 51 59511 0 52 59512 0 60 59513 0 61 59518 0 76 59542 0 53 59542 0 76 59542 0 90 59542 0 91 59542 0 92 59549 0 68 59550 0 69 59563 0 54 59569 0 76 59602 0 76 59628 0 51 59657 0 52 59669 0 76 59679 0 54 59697 0 53 59763 0 51 59814 0 54 59845 0 52 59873 0 67 59875 0 66 59882 0 
TIME iteration: 302 ms
Round:113
IR: 0, 0, 0, 0, 0
59900 0 90 59900 0 91 59900 0 92 59906 0 79 59926 0 75 59927 0 51 59927 0 74 59933 0 79 59962 0 52 59968 0 79 60013 0 54 60023 0 53 60120 0 52 60128 0 54 60144 0 51 60189 0 66 60190 0 67 60192 0 79 60193 0 53 60209 0 74 60209 0 75 60214 0 90 60214 0 91 60214 0 92 60215 0 79 60241 0 79 60258 0 52 60264 0 54 60273 0 79 60289 0 75 60292 0 74 60294 0 53 60327 0 79 60339 0 51 60417 0 
TIME iteration: 302 ms
Round:114
IR: 0, 0, 0, 0, 0
60454 0 66 60454 0 67 60457 0 79 60460 0 52 60469 0 53 60474 0 51 60474 0 74 60474 0 75 60477 0 90 60477 0 91 60477 0 92 60480 0 79 60506 0 79 60538 0 79 60545 0 54 60560 0 74 60563 0 75 60593 0 79 60604 0 51 60637 0 52 60661 0 53 60686 0 54 60708 0 66 60708 0 67 60711 0 79 60728 0 74 60728 0 75 60731 0 90 60731 0 91 60731 0 92 60734 0 79 60760 0 79 60771 0 52 60792 0 79 60802 0 53 60809 0 75 60815 0 74 60821 0 51 60824 0 54 60847 0 79 60880 0 52 60906 0 53 60936 0 51 60942 0 
TIME iteration: 303 ms
Round:115
IR: 0, 0, 0, 0, 0
60956 0 66 60957 0 67 60960 0 79 60976 0 75 60977 0 74 60979 0 90 60979 0 91 60979 0 92 60983 0 79 61009 0 79 61035 0 53 61041 0 79 61043 0 52 61057 0 75 61064 0 74 61098 0 79 61131 0 54 61179 0 52 61193 0 53 61306 0 51 61335 0 52 61355 0 54 61361 0 53 61361 0 62 61361 0 63 61369 0 66 61369 0 77 61370 0 67 61375 0 79 61387 0 64 61387 0 90 61387 0 91 61387 0 92 61393 0 77 61399 0 79 61401 0 74 61401 0 75 61405 0 78 61420 0 77 61426 0 79 61437 0 78 61454 0 77 61458 0 70 61460 0 79 61465 0 71 61476 0 
TIME iteration: 309 ms
Round:116
IR: 0, 0, 0, 0, 0
61490 0 51 61492 0 78 61501 0 53 61505 0 90 61505 0 91 61505 0 92 61533 0 54 61609 0 52 61642 0 54 61658 0 53 61729 0 52 61732 0 51 61743 0 54 61789 0 53 61799 0 66 61799 0 67 61804 0 79 61824 0 74 61824 0 75 61827 0 90 61827 0 91 61827 0 92 61828 0 79 61855 0 79 61863 0 54 61889 0 79 61938 0 53 61977 0 51 61981 0 
TIME iteration: 303 ms
Round:117
IR: 0, 0, 0, 0, 0
62030 0 52 62078 0 53 62124 0 54 62147 0 66 62147 0 67 62150 0 79 62152 0 52 62164 0 74 62164 0 75 62172 0 90 62172 0 91 62172 0 92 62173 0 79 62199 0 79 62209 0 53 62231 0 51 62231 0 79 62234 0 75 62236 0 74 62287 0 79 62342 0 53 62354 0 52 62357 0 54 62462 0 51 62483 0 52 62485 0 53 62501 0 54 62513 0 66 62513 0 67 62518 0 79 62522 0 64 62522 0 65 62530 0 78 62538 0 90 62538 0 91 62538 0 
TIME iteration: 303 ms
Round:118
IR: 0, 0, 0, 0, 0
62541 0 75 62542 0 74 62542 0 79 62554 0 78 62569 0 79 62581 0 78 62590 0 53 62592 0 72 62600 0 73 62602 0 79 62615 0 78 62622 0 52 62664 0 51 62665 0 90 62665 0 91 62665 0 92 62670 0 79 62671 0 54 62716 0 53 62804 0 51 62848 0 52 62864 0 54 62865 0 53 62924 0 51 63002 0 54 63007 0 52 63010 0 53 63036 0 65 63037 0 64 63042 0 78 63059 0 66 63059 0 67 63066 0 78 63066 0 79 63066 0 90 63066 0 91 63066 0 
TIME iteration: 303 ms
Round:119
IR: 0, 0, 0, 0, 0
63072 0 73 63073 0 72 63090 0 79 63091 0 74 63091 0 75 63093 0 78 63117 0 79 63126 0 78 63136 0 51 63151 0 79 63158 0 53 63167 0 52 63191 0 90 63191 0 91 63191 0 92 63193 0 78 63258 0 54 63269 0 51 63293 0 53 63334 0 52 63445 0 53 63447 0 51 63472 0 54 63508 0 52 63579 0 51 63597 0 60 63597 0 
TIME iteration: 302 ms
Round:120
IR: 0, 0, 0, 0, 0
63600 0 53 63605 0 76 63611 0 64 63611 0 65 63617 0 78 63627 0 90 63627 0 91 63627 0 92 63629 0 76 63633 0 52 63641 0 78 63643 0 54 63646 0 73 63647 0 72 63656 0 76 63668 0 78 63690 0 68 63690 0 76 63691 0 51 63694 0 69 63702 0 78 63746 0 52 63756 0 90 63756 0 91 63756 0 92 63778 0 78 63800 0 51 63814 0 54 63824 0 53 63892 0 52 63938 0 54 63985 0 51 64005 0 53 64073 0 52 64122 0 
TIME iteration: 302 ms
Round:121
IR: 0, 0, 0, 0, 0
64146 0 61 64147 0 60 64152 0 76 64163 0 54 64176 0 76 64177 0 90 64177 0 91 64177 0 92 64181 0 53 64187 0 68 64187 0 69 64203 0 76 64214 0 52 64236 0 76 64258 0 51 64300 0 53 64303 0 76 64319 0 54 64324 0 52 64406 0 54 64429 0 52 64431 0 53 64449 0 51 64470 0 63 64471 0 62 64479 0 77 64495 0 90 64495 0 91 64495 0 92 64503 0 77 64517 0 52 64523 0 54 64530 0 77 64565 0 77 64572 0 71 64580 0 70 64604 0 53 64608 0 52 64640 0 54 64647 0 
TIME iteration: 303 ms
Round:122
IR: 0, 0, 0, 0, 0
64697 0 52 64704 0 62 64704 0 63 64705 0 77 64722 0 70 64722 0 71 64727 0 90 64727 0 91 64727 0 92 64728 0 77 64754 0 77 64758 0 53 64785 0 77 64786 0 51 64798 0 70 64799 0 71 64803 0 54 64834 0 77 64841 0 52 64863 0 53 64947 0 51 64976 0 52 64987 0 62 64988 0 63 64991 0 77 65004 0 53 65009 0 70 65010 0 71 65011 0 90 65011 0 91 65011 0 92 65014 0 77 65040 0 77 65072 0 77 65089 0 54 65099 0 51 65104 0 71 65127 0 77 65131 0 52 65139 0 
TIME iteration: 303 ms
Round:123
IR: 0, 0, 0, 0, 0
65215 0 51 65269 0 52 65282 0 54 65296 0 62 65296 0 63 65300 0 77 65306 0 53 65309 0 70 65320 0 71 65320 0 90 65320 0 91 65320 0 92 65323 0 77 65349 0 77 65368 0 70 65381 0 77 65398 0 51 65433 0 53 65434 0 54 65437 0 77 65511 0 52 65551 0 54 65576 0 51 65594 0 53 65649 0 52 65677 0 62 65678 0 63 65682 0 77 65698 0 71 65703 0 90 65703 0 91 65703 0 92 65705 0 70 65706 0 51 65706 0 
TIME iteration: 303 ms
Round:124
IR: 0, 0, 0, 0, 0
65732 0 77 65765 0 77 65780 0 71 65788 0 53 65826 0 77 65840 0 52 65846 0 54 65868 0 51 65947 0 53 65960 0 54 65980 0 51 65987 0 52 66017 0 63 66018 0 62 66022 0 77 66034 0 70 66039 0 61 66041 0 60 66042 0 90 66042 0 91 66042 0 92 66044 0 71 66046 0 77 66048 0 76 66072 0 76 66072 0 77 66090 0 53 66099 0 76 66101 0 70 66105 0 77 66109 0 54 66123 0 69 66127 0 68 66133 0 76 66144 0 51 66164 0 90 66164 0 91 66164 0 92 66166 0 77 66187 0 52 66208 0 
TIME iteration: 303 ms
Round:125
IR: 0, 0, 0, 0, 0
66255 0 53 66295 0 51 66320 0 54 66394 0 53 66415 0 52 66439 0 54 66440 0 51 66476 0 66 66476 0 67 66485 0 79 66505 0 90 66505 0 91 66505 0 92 66509 0 79 66533 0 53 66536 0 79 66566 0 74 66571 0 79 66575 0 75 66579 0 54 66621 0 52 66638 0 51 66665 0 53 66701 0 54 66751 0 67 66752 0 66 66754 0 79 66772 0 74 66772 0 75 66775 0 90 66775 0 91 66775 0 92 66777 0 
TIME iteration: 302 ms
Round:126
IR: 0, 0, 0, 0, 0
66803 0 79 66835 0 79 66843 0 51 66856 0 54 66861 0 74 66861 0 75 66889 0 79 66900 0 52 66903 0 53 66972 0 54 66990 0 67 66991 0 66 66993 0 79 67009 0 75 67010 0 74 67013 0 90 67013 0 91 67013 0 92 67016 0 79 67028 0 52 67042 0 79 67065 0 51 67074 0 79 67086 0 53 67086 0 75 67087 0 74 67128 0 79 67154 0 54 67155 0 52 67223 0 51 67264 0 52 67282 0 
TIME iteration: 302 ms
Round:127
IR: 0, 0, 0, 0, 0
67324 0 63 67326 0 62 67333 0 77 67350 0 90 67350 0 91 67350 0 92 67355 0 54 67357 0 77 67384 0 77 67396 0 71 67397 0 70 67399 0 52 67418 0 77 67420 0 51 67425 0 53 67497 0 54 67537 0 52 67607 0 53 67633 0 51 67668 0 52 67673 0 63 67674 0 62 67677 0 77 67686 0 54 67698 0 70 67698 0 71 67699 0 90 67699 0 91 67699 0 92 67700 0 77 67726 0 77 67745 0 53 67758 0 77 67809 0 51 67813 0 52 67813 0 77 67823 0 54 67839 0 
TIME iteration: 302 ms
Round:128
IR: 0, 0, 0, 0, 0
67947 0 51 67969 0 52 67974 0 53 68001 0 54 68012 0 64 68016 0 65 68022 0 78 68039 0 90 68039 0 91 68039 0 92 68046 0 78 68073 0 78 68083 0 53 68101 0 51 68105 0 72 68106 0 73 68107 0 78 68141 0 54 68144 0 52 68235 0 53 68268 0 54 68319 0 52 68324 0 51 68327 0 64 68332 0 78 68349 0 53 68350 0 65 68355 0 78 68356 0 90 68356 0 91 68356 0 92 68364 0 73 68366 0 
TIME iteration: 303 ms
Round:129
IR: 0, 0, 0, 0, 0
68374 0 54 68380 0 78 68409 0 78 68443 0 51 68448 0 78 68474 0 52 68477 0 53 68508 0 54 68603 0 52 68612 0 51 68660 0 54 68712 0 66 68713 0 67 68721 0 79 68734 0 53 68735 0 52 68737 0 90 68737 0 91 68737 0 92 68745 0 79 68766 0 54 68772 0 79 68787 0 51 68794 0 75 68803 0 74 68807 0 79 68869 0 52 68874 0 54 68886 0 
TIME iteration: 302 ms
Round:130
IR: 0, 0, 0, 0, 0
68925 0 51 69013 0 52 69018 0 53 69024 0 54 69033 0 67 69034 0 66 69037 0 79 69057 0 75 69058 0 74 69058 0 90 69058 0 91 69058 0 92 69060 0 79 69086 0 79 69097 0 51 69118 0 79 69147 0 52 69170 0 53 69176 0 79 69207 0 54 69287 0 51 69287 0 52 69319 0 54 69370 0 67 69372 0 66 69375 0 79 69386 0 74 69387 0 75 69389 0 53 69396 0 90 69396 0 91 69396 0 92 69398 0 79 69424 0 
TIME iteration: 303 ms
Round:131
IR: 0, 0, 0, 0, 0
69442 0 54 69448 0 52 69453 0 74 69454 0 75 69456 0 79 69507 0 51 69509 0 53 69514 0 79 69556 0 52 69609 0 54 69617 0 53 69664 0 66 69664 0 67 69668 0 79 69685 0 74 69685 0 75 69688 0 51 69688 0 90 69688 0 91 69688 0 92 69691 0 79 69705 0 52 69717 0 79 69744 0 53 69744 0 54 69749 0 79 69767 0 74 69775 0 75 69806 0 79 69855 0 53 69872 0 52 69878 0 51 69879 0 54 69908 0 66 69908 0 67 69911 0 79 69927 0 75 69928 0 74 69931 0 90 69931 0 91 69931 0 92 69934 0 
TIME iteration: 303 ms
Round:132
IR: 0, 0, 0, 0, 0
69960 0 79 69992 0 79 70004 0 51 70008 0 74 70010 0 75 70045 0 53 70047 0 52 70048 0 54 70048 0 79 70125 0 51 70217 0 53 70221 0 52 70227 0 54 70242 0 67 70243 0 66 70247 0 79 70267 0 75 70267 0 90 70267 0 91 70267 0 92 70268 0 74 70271 0 79 70285 0 51 70297 0 79 70319 0 52 70330 0 54 70330 0 79 70394 0 79 70415 0 53 70486 0 
TIME iteration: 310 ms
Round:133
IR: 0, 0, 0, 0, 0
70508 0 51 70521 0 54 70599 0 53 70623 0 51 70638 0 52 70661 0 60 70662 0 61 70662 0 63 70663 0 62 70670 0 76 70671 0 77 70685 0 90 70685 0 91 70685 0 92 70686 0 54 70694 0 76 70695 0 77 70721 0 76 70722 0 77 70753 0 51 70756 0 68 70756 0 76 70757 0 77 70758 0 70 70759 0 69 70768 0 71 70785 0 52 70811 0 53 70815 0 90 70815 0 91 70815 0 92 70833 0 54 70878 0 51 70917 0 52 70927 0 53 71015 0 
TIME iteration: 302 ms
Round:134
IR: 0, 0, 0, 0, 0
71039 0 53 71054 0 51 71060 0 52 71153 0 53 71159 0 64 71159 0 65 71167 0 78 71189 0 90 71189 0 91 71189 0 92 71191 0 78 71206 0 51 71218 0 78 71221 0 52 71224 0 54 71252 0 78 71253 0 72 71259 0 73 71328 0 52 71353 0 53 71411 0 51 71470 0 52 71490 0 53 71510 0 64 71510 0 65 71511 0 54 71513 0 78 71518 0 63 71521 0 62 71527 0 77 71535 0 90 71535 0 91 71535 0 92 71536 0 78 71537 0 72 71537 0 73 71541 0 
TIME iteration: 302 ms
Round:135
IR: 0, 0, 0, 0, 0
71551 0 77 71562 0 78 71572 0 52 71576 0 71 71577 0 70 71578 0 77 71594 0 78 71612 0 77 71648 0 78 71662 0 90 71662 0 91 71662 0 92 71665 0 53 71690 0 54 71696 0 52 71717 0 51 71779 0 53 71836 0 54 71888 0 52 71914 0 51 71955 0 54 71971 0 53 72002 0 67 72003 0 66 72011 0 79 72012 0 52 72032 0 90 72032 0 91 72032 0 92 72035 0 79 72062 0 
TIME iteration: 302 ms
Round:136
IR: 0, 0, 0, 0, 0
72090 0 74 72090 0 75 72091 0 54 72097 0 79 72098 0 51 72132 0 52 72136 0 53 72272 0 51 72313 0 53 72319 0 54 72393 0 51 72415 0 60 72415 0 61 72421 0 53 72423 0 76 72431 0 64 72431 0 65 72439 0 78 72442 0 90 72442 0 91 72442 0 92 72446 0 52 72447 0 76 72451 0 54 72463 0 78 72474 0 76 72485 0 72 72488 0 73 72490 0 78 72500 0 69 72505 0 68 72508 0 76 72524 0 51 72524 0 78 72568 0 90 72568 0 91 72568 0 92 72591 0 
TIME iteration: 302 ms
Round:137
IR: 0, 0, 0, 0, 0
72633 0 51 72638 0 54 72712 0 52 72740 0 51 72758 0 53 72787 0 54 72834 0 52 72910 0 51 72933 0 61 72934 0 60 72939 0 76 72963 0 76 72963 0 90 72963 0 91 72963 0 92 72971 0 68 72971 0 69 72980 0 54 72990 0 76 73023 0 76 73031 0 53 73049 0 51 73090 0 76 73138 0 
TIME iteration: 301 ms
Round:138
IR: 0, 0, 0, 0, 0
73147 0 52 73171 0 53 73174 0 54 73283 0 54 73315 0 51 73321 0 61 73322 0 60 73326 0 76 73327 0 67 73329 0 66 73332 0 52 73337 0 53 73337 0 79 73344 0 68 73344 0 69 73348 0 90 73348 0 91 73348 0 92 73350 0 76 73361 0 79 73376 0 76 73388 0 79 73400 0 54 73401 0 74 73403 0 75 73409 0 76 73423 0 79 73432 0 52 73470 0 76 73478 0 90 73478 0 91 73478 0 92 73484 0 51 73516 0 54 73538 0 53 73579 0 51 73614 0 
TIME iteration: 302 ms
Round:139
IR: 0, 0, 0, 0, 0
73703 0 51 73728 0 54 73741 0 53 73782 0 52 73880 0 54 73902 0 51 73909 0 66 73909 0 67 73912 0 61 73913 0 60 73916 0 79 73919 0 76 73936 0 90 73936 0 91 73936 0 92 73940 0 79 73943 0 76 73947 0 68 73947 0 69 73948 0 74 73949 0 75 73955 0 53 73962 0 52 73967 0 79 73970 0 76 74001 0 79 74004 0 76 74010 0 51 74068 0 90 74068 0 91 74068 0 92 74085 0 76 74113 0 54 74114 0 52 74136 0 53 74147 0 
TIME iteration: 302 ms
Round:140
IR: 0, 0, 0, 0, 0
74277 0 51 74278 0 53 74316 0 54 74372 0 52 74402 0 53 74410 0 54 74420 0 51 74427 0 64 74428 0 65 74436 0 78 74437 0 61 74438 0 60 74440 0 67 74441 0 66 74444 0 76 74447 0 79 74457 0 90 74457 0 91 74457 0 92 74460 0 78 74468 0 76 74470 0 68 74470 0 69 74471 0 79 74474 0 74 74474 0 75 74484 0 52 74487 0 78 74495 0 76 74498 0 79 74517 0 73 74522 0 78 74523 0 72 74529 0 76 74532 0 79 74574 0 53 74574 0 90 74574 0 91 74574 0 92 74591 0 51 74602 0 54 74610 0 76 74622 0 52 74707 0 
TIME iteration: 302 ms
Round:141
IR: 0, 0, 0, 0, 0
74737 0 54 74818 0 52 74822 0 51 74841 0 54 74889 0 66 74889 0 67 74894 0 79 74898 0 53 74915 0 75 74916 0 74 74917 0 90 74917 0 91 74917 0 92 74918 0 79 74945 0 79 74946 0 51 74978 0 79 75016 0 54 75029 0 52 75052 0 53 75055 0 79 75130 0 51 75164 0 52 75247 0 
TIME iteration: 302 ms
Round:142
IR: 0, 0, 0, 0, 0
75270 0 51 75275 0 52 75286 0 62 75286 0 63 75294 0 77 75306 0 60 75307 0 61 75312 0 90 75312 0 91 75312 0 92 75314 0 76 75318 0 77 75338 0 76 75345 0 77 75351 0 54 75359 0 68 75359 0 69 75365 0 76 75379 0 77 75389 0 70 75394 0 71 75399 0 76 75416 0 53 75418 0 51 75435 0 90 75435 0 91 75435 0 92 75478 0 52 75495 0 54 75584 0 53 75621 0 52 75636 0 51 75678 0 54 75732 0 53 75761 0 
TIME iteration: 302 ms
Round:143
IR: 0, 0, 0, 0, 0
75818 0 54 75822 0 61 75824 0 60 75828 0 76 75844 0 66 75844 0 67 75852 0 76 75852 0 79 75853 0 90 75853 0 91 75853 0 92 75858 0 68 75859 0 69 75876 0 79 75877 0 51 75879 0 76 75889 0 52 75896 0 74 75900 0 75 75903 0 79 75912 0 76 75936 0 54 75938 0 53 75938 0 79 75978 0 76 75979 0 90 75979 0 91 75979 0 92 76060 0 52 76062 0 51 76069 0 53 76078 0 54 76185 0 53 76190 0 52 76192 0 54 76267 0 51 76276 0 53 76291 0 64 76291 0 65 76295 0 52 76299 0 78 76315 0 62 76315 0 
TIME iteration: 302 ms
Round:144
IR: 0, 0, 0, 0, 0
76320 0 90 76320 0 91 76320 0 92 76323 0 77 76323 0 78 76347 0 77 76350 0 78 76354 0 54 76373 0 72 76374 0 77 76379 0 71 76381 0 70 76381 0 73 76384 0 78 76385 0 53 76408 0 77 76420 0 52 76444 0 90 76444 0 91 76444 0 92 76448 0 51 76499 0 54 76513 0 53 76573 0 52 76620 0 51 76651 0 53 76667 0 54 76697 0 52 76741 0 51 76808 0 60 76811 0 61 76817 0 76 76818 0 52 76819 0 54 76820 0 62 76821 0 63 76826 0 77 76833 0 53 76839 0 90 76839 0 91 76839 0 92 76841 0 
TIME iteration: 302 ms
Round:145
IR: 0, 0, 0, 0, 0
76850 0 77 76855 0 71 76856 0 70 76866 0 68 76868 0 76 76869 0 69 76877 0 77 76902 0 76 76910 0 77 76922 0 51 76969 0 90 76969 0 91 76969 0 92 76972 0 54 76977 0 77 76979 0 52 76993 0 53 77071 0 51 77126 0 52 77127 0 53 77142 0 54 77280 0 54 77289 0 52 77327 0 51 77345 0 67 77349 0 66 77356 0 79 77357 0 62 77360 0 63 77365 0 77 77377 0 90 77377 0 91 77377 0 
TIME iteration: 302 ms
Round:146
IR: 0, 0, 0, 0, 0
77380 0 79 77389 0 77 77390 0 71 77392 0 70 77407 0 79 77416 0 77 77424 0 75 77427 0 52 77430 0 74 77442 0 79 77450 0 77 77457 0 51 77483 0 53 77508 0 90 77508 0 91 77508 0 92 77525 0 54 77531 0 77 77568 0 52 77587 0 51 77673 0 52 77683 0 53 77686 0 54 77746 0 51 77800 0 53 77832 0 54 77856 0 52 77883 0 66 77883 0 67 77887 0 63 77888 0 62 77889 0 79 77894 0 
TIME iteration: 302 ms
Round:147
IR: 0, 0, 0, 0, 0
77910 0 90 77910 0 91 77910 0 92 77913 0 79 77918 0 77 77919 0 70 77919 0 71 77920 0 75 77922 0 74 77940 0 79 77945 0 77 77946 0 53 77948 0 54 77950 0 51 77974 0 79 77979 0 77 77986 0 52 78041 0 90 78041 0 91 78041 0 92 78060 0 77 78105 0 54 78113 0 52 78134 0 53 78155 0 51 78251 0 53 78272 0 52 78315 0 51 78344 0 54 78411 0 52 78429 0 62 78430 0 63 78436 0 
TIME iteration: 302 ms
Round:148
IR: 0, 0, 0, 0, 0
78460 0 77 78460 0 90 78460 0 91 78460 0 92 78462 0 70 78462 0 71 78468 0 53 78487 0 77 78502 0 54 78521 0 77 78559 0 51 78572 0 52 78602 0 77 78608 0 53 78668 0 54 78700 0 51 78739 0 53 78773 0 52 78804 0 65 78807 0 64 78814 0 78 78824 0 54 78832 0 90 78832 0 91 78832 0 92 78838 0 78 78865 0 52 78865 0 78 78879 0 53 78880 0 51 78894 0 72 78900 0 78 78901 0 
TIME iteration: 302 ms
Round:149
IR: 0, 0, 0, 0, 0
78979 0 54 79030 0 53 79040 0 51 79052 0 52 79114 0 54 79160 0 51 79181 0 52 79189 0 61 79190 0 60 79198 0 76 79200 0 66 79212 0 62 79212 0 63 79213 0 67 79215 0 90 79215 0 91 79215 0 92 79216 0 79 79219 0 77 79222 0 76 79240 0 79 79243 0 77 79249 0 53 79249 0 76 79260 0 70 79260 0 71 79267 0 79 79270 0 77 79281 0 75 79283 0 69 79284 0 68 79284 0 74 79284 0 76 79302 0 51 79302 0 79 79304 0 77 79328 0 90 79328 0 91 79328 0 92 79373 0 54 79389 0 53 79392 0 52 79430 0 
TIME iteration: 333 ms
Round:150
IR: 0, 0, 0, 0, 0
79525 0 52 79569 0 54 79580 0 51 79586 0 53 79657 0 52 79681 0 62 79682 0 63 79686 0 77 79702 0 51 79708 0 61 79709 0 60 79710 0 77 79710 0 90 79710 0 91 79710 0 92 79712 0 70 79713 0 71 79714 0 53 79714 0 76 79736 0 77 79738 0 76 79745 0 54 79747 0 68 79747 0 69 79765 0 76 79769 0 77 79798 0 76 79820 0 53 79830 0 77 79832 0 90 79832 0 91 79832 0 92 79865 0 52 79865 0 76 79883 0 54 79908 0 51 79938 0 53 79999 0 52 80008 0 
TIME iteration: 302 ms
Round:151
IR: 0, 0, 0, 0, 0
80051 0 53 80111 0 51 80125 0 54 80133 0 60 80134 0 61 80139 0 76 80159 0 69 80160 0 68 80162 0 90 80162 0 91 80162 0 92 80163 0 76 80190 0 76 80223 0 76 80224 0 52 80243 0 51 80252 0 53 80284 0 54 80290 0 76 80372 0 51 80374 0 52 80416 0 53 80465 0 51 80470 0 60 80470 0 61 80474 0 76 80483 0 54 80486 0 68 80486 0 69 80495 0 90 80495 0 91 80495 0 92 80497 0 76 80523 0 76 80553 0 69 80555 0 68 80555 0 76 80557 0 52 80558 0 
TIME iteration: 302 ms
Round:152
IR: 0, 0, 0, 0, 0
80569 0 53 80611 0 76 80645 0 54 80654 0 51 80683 0 60 80684 0 61 80686 0 76 80689 0 52 80693 0 53 80700 0 68 80700 0 69 80706 0 90 80706 0 91 80706 0 92 80709 0 76 80735 0 76 80761 0 54 80766 0 76 80767 0 69 80769 0 68 80784 0 52 80790 0 51 80817 0 76 80893 0 54 80919 0 52 80922 0 53 81004 0 51 81025 0 54 81036 0 60 81037 0 61 81041 0 76 81051 0 66 81052 0 67 81060 0 79 81061 0 90 81061 0 91 81061 0 92 81063 0 68 81063 0 69 81065 0 76 81084 0 
TIME iteration: 303 ms
Round:153
IR: 0, 0, 0, 0, 0
81091 0 76 81111 0 79 81117 0 53 81124 0 76 81136 0 75 81139 0 54 81141 0 74 81146 0 79 81185 0 76 81186 0 90 81186 0 91 81186 0 92 81193 0 51 81199 0 52 81252 0 53 81270 0 54 81320 0 51 81347 0 52 81452 0 54 81484 0 53 81500 0 52 81516 0 51 81558 0 54 81567 0 62 81569 0 66 81569 0 67 81570 0 63 81575 0 79 81577 0 77 81594 0 90 81594 0 91 81594 0 92 81599 0 79 81601 0 77 81606 0 74 81607 0 
TIME iteration: 302 ms
Round:154
IR: 0, 0, 0, 0, 0
81626 0 79 81628 0 77 81633 0 53 81635 0 52 81651 0 70 81655 0 71 81660 0 79 81663 0 77 81688 0 54 81721 0 51 81726 0 90 81726 0 91 81726 0 92 81768 0 53 81779 0 52 81884 0 54 81913 0 53 81915 0 52 81932 0 51 82028 0 53 82050 0 54 82064 0 65 82065 0 64 82073 0 78 82094 0 90 82094 0 91 82094 0 92 82097 0 78 82124 0 
TIME iteration: 302 ms
Round:155
IR: 0, 0, 0, 0, 0
82154 0 53 82156 0 73 82159 0 72 82159 0 78 82161 0 51 82175 0 52 82308 0 54 82312 0 53 82327 0 51 82345 0 52 82381 0 65 82385 0 64 82386 0 78 82407 0 72 82407 0 73 82408 0 90 82408 0 91 82408 0 92 82409 0 78 82435 0 78 82467 0 78 82490 0 52 82521 0 78 82530 0 54 82554 0 51 82607 0 53 82667 0 
TIME iteration: 301 ms
Round:156
IR: 0, 0, 0, 0, 0
82685 0 52 82738 0 51 82815 0 52 82829 0 63 82830 0 62 82838 0 77 82857 0 90 82857 0 91 82857 0 92 82861 0 54 82862 0 77 82883 0 53 82889 0 77 82904 0 70 82904 0 71 82924 0 77 82940 0 51 82988 0 52 83031 0 53 83046 0 54 83121 0 51 83183 0 
TIME iteration: 301 ms
Round:157
IR: 0, 0, 0, 0, 0
83223 0 62 83223 0 63 83227 0 77 83229 0 54 83249 0 90 83249 0 91 83249 0 92 83250 0 77 83251 0 71 83252 0 70 83269 0 53 83276 0 77 83280 0 51 83308 0 77 83341 0 52 83364 0 77 83395 0 51 83399 0 54 83444 0 53 83481 0 52 83540 0 54 83590 0 53 83635 0 65 83637 0 64 83639 0 51 83640 0 52 83644 0 78 83645 0 62 83646 0 63 83651 0 77 83663 0 90 83663 0 91 83663 0 92 83668 0 71 83668 0 78 83669 0 70 83675 0 54 83675 0 77 83695 0 78 83702 0 73 83702 0 77 83706 0 72 83718 0 53 83729 0 78 83735 0 
TIME iteration: 303 ms
Round:158
IR: 0, 0, 0, 0, 0
83792 0 90 83792 0 91 83792 0 92 83796 0 52 83797 0 51 83802 0 77 83814 0 54 83966 0 53 83985 0 51 84039 0 52 84075 0 53 84111 0 54 84143 0 51 84204 0 60 84205 0 61 84213 0 53 84213 0 76 84216 0 65 84217 0 64 84222 0 78 84235 0 90 84235 0 91 84235 0 92 84237 0 76 84246 0 78 84256 0 73 84258 0 72 84264 0 
TIME iteration: 302 ms
Round:159
IR: 0, 0, 0, 0, 0
84273 0 78 84289 0 51 84296 0 68 84299 0 69 84299 0 76 84301 0 54 84306 0 78 84333 0 52 84366 0 90 84366 0 91 84366 0 92 84373 0 78 84401 0 53 84419 0 51 84483 0 54 84517 0 52 84565 0 51 84604 0 53 84623 0 54 84647 0 52 84697 0 51 84723 0 60 84723 0 61 84728 0 76 84752 0 76 84753 0 90 84753 0 91 84753 0 92 84761 0 68 84761 0 69 84762 0 53 84771 0 54 84779 0 76 84797 0 
TIME iteration: 302 ms
Round:160
IR: 0, 0, 0, 0, 0
84812 0 76 84819 0 51 84878 0 76 84903 0 53 84923 0 54 84932 0 52 84937 0 51 85019 0 51 85027 0 60 85028 0 61 85031 0 76 85043 0 68 85044 0 69 85052 0 90 85052 0 91 85052 0 92 85054 0 76 85060 0 54 85065 0 53 85070 0 52 85080 0 76 85103 0 51 85110 0 68 85112 0 76 85116 0 69 85167 0 76 85208 0 52 85212 0 53 85226 0 51 85238 0 54 85262 0 60 85262 0 61 85265 0 76 85279 0 68 85279 0 69 85285 0 90 85285 0 91 85285 0 92 85288 0 76 85314 0 
TIME iteration: 302 ms
Round:161
IR: 0, 0, 0, 0, 0
85332 0 51 85346 0 69 85346 0 76 85350 0 53 85350 0 68 85357 0 52 85399 0 76 85471 0 52 85492 0 54 85506 0 51 85525 0 53 85552 0 61 85553 0 60 85556 0 76 85574 0 68 85574 0 69 85576 0 90 85576 0 91 85576 0 92 85579 0 76 85589 0 52 85605 0 76 85617 0 54 85637 0 76 85658 0 68 85676 0 69 85691 0 51 85692 0 76 85726 0 52 85733 0 53 85753 0 54 85798 0 51 85808 0 60 85808 0 61 85811 0 76 85828 0 68 85828 0 69 85830 0 52 85831 0 90 85831 0 91 85831 0 92 85834 0 
TIME iteration: 302 ms
Round:162
IR: 0, 0, 0, 0, 0
85860 0 76 85892 0 76 85909 0 69 85912 0 51 85927 0 68 85934 0 52 85946 0 76 85947 0 53 86017 0 54 86047 0 51 86061 0 60 86061 0 61 86064 0 76 86071 0 52 86080 0 69 86081 0 68 86084 0 90 86084 0 91 86084 0 92 86087 0 76 86113 0 76 86115 0 53 86145 0 76 86158 0 69 86162 0 68 86190 0 52 86198 0 76 86218 0 54 86254 0 53 86281 0 51 86327 0 
TIME iteration: 302 ms
Round:163
IR: 0, 0, 0, 0, 0
86390 0 54 86416 0 53 86462 0 65 86464 0 64 86471 0 78 86477 0 51 86488 0 61 86489 0 60 86489 0 90 86489 0 91 86489 0 92 86494 0 76 86495 0 78 86518 0 76 86520 0 69 86521 0 68 86522 0 78 86545 0 76 86548 0 52 86556 0 73 86556 0 78 86558 0 72 86575 0 53 86578 0 76 86611 0 90 86611 0 91 86611 0 92 86633 0 51 86645 0 76 86659 0 54 86760 0 53 86796 0 51 86828 0 52 86849 0 54 86876 0 
TIME iteration: 302 ms
Round:164
IR: 0, 0, 0, 0, 0
86926 0 51 86971 0 60 86971 0 61 86976 0 53 86977 0 65 86977 0 76 86978 0 64 86983 0 78 86996 0 52 86999 0 90 86999 0 91 86999 0 92 87000 0 69 87001 0 68 87001 0 76 87007 0 78 87015 0 72 87016 0 73 87028 0 76 87034 0 78 87061 0 54 87062 0 76 87067 0 78 87104 0 53 87113 0 51 87130 0 90 87130 0 91 87130 0 92 87134 0 78 87138 0 76 87145 0 52 87177 0 54 87258 0 53 87281 0 51 87334 0 52 87438 0 
TIME iteration: 302 ms
Round:165
IR: 0, 0, 0, 0, 0
87487 0 53 87496 0 52 87517 0 51 87548 0 62 87549 0 63 87557 0 77 87579 0 90 87579 0 91 87579 0 92 87581 0 77 87582 0 54 87608 0 77 87620 0 53 87628 0 52 87639 0 70 87640 0 71 87643 0 77 87713 0 53 87726 0 51 87753 0 54 87773 0 52 87849 0 51 87866 0 53 87898 0 54 87908 0 65 87909 0 64 87916 0 78 87934 0 90 87934 0 91 87934 0 92 87940 0 78 87962 0 73 87963 0 72 87967 0 78 87975 0 
TIME iteration: 303 ms
Round:166
IR: 0, 0, 0, 0, 0
88000 0 53 88001 0 78 88034 0 54 88053 0 51 88140 0 51 88144 0 52 88168 0 54 88192 0 53 88319 0 54 88330 0 51 88330 0 66 88330 0 67 88339 0 79 88344 0 60 88344 0 61 88352 0 76 88357 0 90 88357 0 91 88357 0 92 88363 0 79 88368 0 52 88376 0 76 88383 0 53 88390 0 79 88403 0 76 88415 0 68 88420 0 69 88423 0 74 88425 0 75 88425 0 79 88437 0 76 88484 0 90 88484 0 91 88484 0 92 88489 0 54 88497 0 51 88498 0 
TIME iteration: 310 ms
Round:167
IR: 0, 0, 0, 0, 0
88520 0 53 88620 0 52 88676 0 53 88694 0 54 88721 0 51 88799 0 53 88800 0 52 88821 0 54 88838 0 65 88839 0 64 88846 0 78 88868 0 90 88868 0 91 88868 0 92 88870 0 78 88872 0 51 88897 0 72 88897 0 73 88897 0 78 88899 0 53 88931 0 78 88935 0 52 89022 0 51 89036 0 
TIME iteration: 302 ms
Round:168
IR: 0, 0, 0, 0, 0
89072 0 54 89102 0 52 89121 0 51 89146 0 53 89159 0 64 89160 0 65 89162 0 78 89181 0 72 89181 0 73 89184 0 90 89184 0 91 89184 0 92 89185 0 78 89211 0 78 89218 0 51 89243 0 78 89296 0 78 89317 0 52 89330 0 54 89331 0 51 89338 0 53 89453 0 52 89465 0 54 89530 0 51 89561 0 53 89561 0 54 89568 0 66 89568 0 
TIME iteration: 302 ms
Round:169
IR: 0, 0, 0, 0, 0
89576 0 60 89576 0 61 89577 0 79 89584 0 76 89594 0 90 89594 0 91 89594 0 92 89601 0 79 89608 0 76 89628 0 79 89635 0 76 89640 0 74 89640 0 75 89646 0 69 89647 0 68 89663 0 79 89666 0 54 89669 0 76 89715 0 52 89723 0 53 89723 0 90 89723 0 91 89723 0 92 89754 0 51 89793 0 54 89855 0 53 89856 0 51 89927 0 52 89939 0 54 89981 0 53 89983 0 51 90037 0 61 90038 0 60 90042 0 76 90066 0 76 90067 0 90 90067 0 91 90067 0 92 90069 0 69 90070 0 68 90077 0 52 90085 0 54 90092 0 
TIME iteration: 302 ms
Round:170
IR: 0, 0, 0, 0, 0
90117 0 51 90125 0 76 90130 0 53 90186 0 76 90229 0 51 90249 0 54 90266 0 52 90316 0 53 90354 0 54 90384 0 51 90400 0 66 90400 0 67 90401 0 60 90402 0 61 90406 0 76 90408 0 79 90421 0 68 90421 0 69 90424 0 90 90424 0 91 90424 0 92 90427 0 53 90430 0 76 90432 0 79 90454 0 74 90455 0 75 90456 0 52 90456 0 76 90459 0 79 90489 0 76 90494 0 79 90498 0 54 90503 0 69 90512 0 68 90550 0 76 90554 0 90 90554 0 91 90554 0 92 90559 0 51 90595 0 
TIME iteration: 302 ms
Round:171
IR: 0, 0, 0, 0, 0
90679 0 52 90684 0 51 90695 0 54 90758 0 53 90817 0 52 90829 0 51 90867 0 54 90897 0 60 90897 0 61 90903 0 76 90927 0 76 90927 0 90 90927 0 91 90927 0 92 90933 0 69 90935 0 68 90954 0 76 90973 0 53 90982 0 51 90988 0 76 90989 0 52 91064 0 76 91081 0 54 91116 0 53 91145 0 
TIME iteration: 301 ms
Round:172
IR: 0, 0, 0, 0, 0
91184 0 51 91260 0 53 91294 0 65 91295 0 64 91303 0 78 91321 0 90 91321 0 91 91321 0 92 91327 0 78 91330 0 51 91347 0 52 91354 0 78 91376 0 53 91384 0 73 91385 0 72 91389 0 54 91389 0 78 91500 0 51 91506 0 52 91509 0 53 91521 0 54 91584 0 65 91586 0 64 91587 0 78 91607 0 72 91607 0 73 91609 0 90 91609 0 91 91609 0 92 91610 0 78 91636 0 78 91656 0 54 91667 0 
TIME iteration: 302 ms
Round:173
IR: 0, 0, 0, 0, 0
91709 0 52 91718 0 53 91718 0 78 91720 0 51 91741 0 54 91847 0 53 91850 0 52 91890 0 54 91930 0 66 91933 0 67 91940 0 79 91948 0 51 91956 0 90 91956 0 91 91956 0 92 91964 0 79 91972 0 52 91975 0 53 91991 0 79 92010 0 75 92013 0 74 92026 0 79 92065 0 54 92080 0 51 92086 0 52 92167 0 53 92201 0 
TIME iteration: 302 ms
Round:174
IR: 0, 0, 0, 0, 0
92242 0 54 92263 0 63 92264 0 62 92272 0 77 92281 0 51 92287 0 66 92287 0 67 92288 0 90 92288 0 91 92288 0 92 92291 0 79 92296 0 77 92313 0 74 92313 0 75 92315 0 79 92319 0 53 92323 0 77 92327 0 52 92341 0 79 92358 0 77 92363 0 70 92365 0 71 92374 0 79 92376 0 54 92409 0 90 92409 0 91 92409 0 92 92435 0 79 92456 0 52 92487 0 51 92493 0 53 92529 0 54 92645 0 53 92657 0 51 92658 0 54 92745 0 
TIME iteration: 302 ms
Round:175
IR: 0, 0, 0, 0, 0
92793 0 53 92801 0 54 92807 0 67 92808 0 66 92814 0 64 92814 0 65 92814 0 79 92818 0 51 92822 0 78 92836 0 90 92836 0 91 92836 0 92 92837 0 74 92838 0 75 92838 0 79 92846 0 78 92865 0 79 92873 0 78 92882 0 72 92883 0 73 92891 0 52 92899 0 79 92907 0 78 92935 0 54 92968 0 90 92968 0 91 92968 0 92 92983 0 53 92991 0 52 93099 0 51 93160 0 54 93161 0 52 93176 0 
TIME iteration: 302 ms
Round:176
IR: 0, 0, 0, 0, 0
93298 0 51 93300 0 53 93345 0 64 93346 0 65 93351 0 78 93373 0 54 93375 0 78 93376 0 90 93376 0 91 93376 0 92 93383 0 72 93383 0 73 93402 0 78 93411 0 52 93435 0 78 93475 0 53 93496 0 51 93502 0 78 93521 0 54 93559 0 52 93626 0 51 93671 0 53 93671 0 54 93759 0 67 93762 0 66 93769 0 79 93787 0 90 93787 0 91 93787 0 92 93793 0 79 93808 0 
TIME iteration: 302 ms
Round:177
IR: 0, 0, 0, 0, 0
93818 0 74 93818 0 75 93820 0 79 93839 0 51 93841 0 53 93855 0 79 93900 0 52 94015 0 54 94024 0 53 94049 0 52 94110 0 51 94140 0 54 94155 0 67 94156 0 66 94160 0 79 94181 0 75 94182 0 74 94182 0 90 94182 0 91 94182 0 92 94184 0 79 94205 0 52 94210 0 79 94242 0 51 94243 0 79 94289 0 54 94293 0 53 94307 0 
TIME iteration: 302 ms
Round:178
IR: 0, 0, 0, 0, 0
94364 0 51 94368 0 52 94422 0 53 94423 0 54 94510 0 53 94517 0 67 94518 0 66 94522 0 64 94522 0 65 94522 0 79 94530 0 78 94535 0 75 94536 0 54 94536 0 74 94543 0 90 94543 0 91 94543 0 92 94546 0 79 94554 0 78 94564 0 51 94570 0 52 94572 0 79 94581 0 78 94587 0 72 94588 0 73 94605 0 79 94610 0 75 94615 0 78 94616 0 74 94628 0 53 94662 0 52 94673 0 90 94673 0 91 94673 0 92 94676 0 79 94684 0 54 94736 0 51 94771 0 53 94800 0 52 94822 0 
TIME iteration: 302 ms
Round:179
IR: 0, 0, 0, 0, 0
94917 0 51 94945 0 53 94962 0 52 94964 0 54 95018 0 66 95022 0 67 95027 0 79 95050 0 90 95050 0 91 95050 0 92 95051 0 79 95057 0 75 95058 0 74 95076 0 51 95078 0 79 95104 0 54 95112 0 79 95124 0 52 95146 0 53 95210 0 54 95222 0 51 95280 0 52 95282 0 53 95301 0 54 95315 0 66 95315 0 67 95317 0 79 95330 0 75 95331 0 74 95339 0 90 95339 0 91 95339 0 92 95340 0 79 95366 0 79 95372 0 51 95395 0 75 95397 0 74 95397 0 
TIME iteration: 302 ms
Round:180
IR: 0, 0, 0, 0, 0
95400 0 52 95424 0 54 95451 0 79 95515 0 53 95542 0 54 95562 0 52 95566 0 67 95567 0 66 95570 0 79 95584 0 51 95585 0 74 95585 0 75 95589 0 90 95589 0 91 95589 0 92 95593 0 79 95619 0 79 95651 0 79 95660 0 74 95662 0 75 95700 0 53 95707 0 79 95712 0 54 95735 0 51 95757 0 52 95854 0 54 95863 0 53 95867 0 66 95868 0 67 95871 0 79 95891 0 74 95891 0 75 95891 0 90 95891 0 91 95891 0 92 95894 0 79 95902 0 51 95920 0 
TIME iteration: 302 ms
Round:181
IR: 0, 0, 0, 0, 0
95952 0 79 95990 0 52 96008 0 79 96030 0 54 96080 0 53 96150 0 54 96198 0 51 96206 0 66 96207 0 52 96207 0 67 96211 0 79 96222 0 74 96223 0 75 96231 0 90 96231 0 91 96231 0 92 96235 0 79 96238 0 53 96261 0 79 96288 0 74 96294 0 79 96297 0 75 96311 0 52 96323 0 54 96359 0 79 96388 0 51 96411 0 53 96428 0 
TIME iteration: 302 ms
Round:182
IR: 0, 0, 0, 0, 0
96484 0 54 96512 0 67 96513 0 66 96517 0 79 96534 0 52 96535 0 74 96536 0 75 96537 0 90 96537 0 91 96537 0 92 96541 0 79 96567 0 79 96594 0 54 96598 0 51 96598 0 53 96600 0 79 96637 0 52 96664 0 79 96717 0 53 96745 0 51 96804 0 54 96816 0 52 96858 0 53 96869 0 51 96886 0 65 96887 0 64 96894 0 60 96895 0 61 96895 0 78 96903 0 76 96912 0 90 96912 0 91 96912 0 92 96919 0 78 96927 0 76 96946 0 78 96954 0 76 96968 0 53 96974 0 72 96977 0 73 96981 0 78 96985 0 69 96989 0 
TIME iteration: 303 ms
Round:183
IR: 0, 0, 0, 0, 0
96995 0 54 96995 0 68 97005 0 52 97040 0 90 97040 0 91 97040 0 92 97053 0 51 97131 0 54 97176 0 51 97196 0 53 97200 0 52 97236 0 54 97302 0 51 97363 0 53 97364 0 60 97365 0 61 97369 0 76 97385 0 52 97391 0 54 97393 0 76 97394 0 90 97394 0 91 97394 0 92 97399 0 69 97401 0 68 97419 0 51 97419 0 76 97452 0 76 97513 0 54 97513 0 
TIME iteration: 312 ms
Round:184
IR: 0, 0, 0, 0, 0
97530 0 53 97544 0 52 97569 0 51 97664 0 53 97675 0 51 97675 0 54 97689 0 52 97697 0 60 97698 0 61 97702 0 76 97715 0 69 97716 0 68 97723 0 90 97723 0 91 97723 0 92 97726 0 76 97752 0 76 97773 0 51 97785 0 76 97787 0 69 97792 0 68 97795 0 54 97804 0 53 97830 0 52 97846 0 76 97897 0 54 97919 0 51 97951 0 52 97958 0 60 97958 0 61 97961 0 76 97978 0 68 97978 0 69 97981 0 90 97981 0 91 97981 0 92 97984 0 76 98010 0 76 98042 0 76 98046 0 
TIME iteration: 303 ms
Round:185
IR: 0, 0, 0, 0, 0
98059 0 68 98064 0 69 98084 0 52 98096 0 76 98101 0 51 98146 0 54 98147 0 53 98255 0 54 98276 0 51 98288 0 53 98291 0 60 98292 0 61 98296 0 76 98316 0 90 98316 0 91 98316 0 92 98317 0 68 98317 0 69 98318 0 52 98320 0 76 98346 0 76 98379 0 76 98390 0 54 98428 0 51 98440 0 76 98441 0 53 98528 0 52 98544 0 54 98573 0 
TIME iteration: 302 ms
Round:186
IR: 0, 0, 0, 0, 0
98651 0 52 98652 0 60 98656 0 61 98659 0 76 98665 0 53 98672 0 68 98673 0 69 98679 0 90 98679 0 91 98679 0 92 98683 0 76 98706 0 51 98709 0 76 98739 0 54 98742 0 76 98751 0 52 98752 0 68 98752 0 69 98804 0 76 98839 0 51 98854 0 53 98901 0 60 98903 0 61 98905 0 76 98921 0 68 98921 0 69 98925 0 90 98925 0 91 98925 0 92 98928 0 76 98947 0 54 98954 0 76 98957 0 53 98986 0 76 98996 0 69 98999 0 51 98999 0 52 98999 0 68 99039 0 76 99078 0 54 99079 0 
TIME iteration: 302 ms
Round:187
IR: 0, 0, 0, 0, 0
99149 0 51 99177 0 60 99177 0 61 99180 0 76 99198 0 68 99198 0 69 99200 0 90 99200 0 91 99200 0 92 99203 0 76 99223 0 54 99227 0 53 99229 0 76 99261 0 76 99290 0 68 99315 0 76 99328 0 52 99353 0 54 99361 0 51 99417 0 53 99489 0 51 99511 0 61 99512 0 60 99516 0 76 99526 0 69 99536 0 90 99536 0 91 99536 0 92 99537 0 68 99540 0 76 99542 0 54 99566 0 76 99568 0 52 99591 0 69 99599 0 76 99635 0 
TIME iteration: 302 ms
Round:188
IR: 0, 0, 0, 0, 0
99660 0 76 99677 0 54 99694 0 52 99748 0 53 99750 0 51 99818 0 54 99839 0 53 99842 0 52 99854 0 64 99854 0 65 99862 0 78 99879 0 90 99879 0 91 99879 0 92 99886 0 78 99913 0 78 99947 0 78 99949 0 51 99950 0 73 99952 0 72 99974 0 52 99983 0 53 99990 0 54 100064 0 52 100088 0 51 100161 0 
TIME iteration: 302 ms
Round:189
IR: 0, 0, 0, 0, 0
100172 0 62 100172 0 63 100175 0 54 100180 0 77 100196 0 90 100196 0 91 100196 0 92 100204 0 77 100212 0 53 100231 0 77 100258 0 51 100265 0 77 100269 0 52 100270 0 70 100273 0 71 100328 0 54 100389 0 53 100408 0 51 100414 0 52 100452 0 62 100453 0 63 100454 0 77 100474 0 70 100475 0 71 100476 0 90 100476 0 91 100476 0 92 100477 0 77 100503 0 77 100526 0 53 100534 0 77 100560 0 54 100584 0 77 100659 0 52 100668 0 
TIME iteration: 302 ms
Round:190
IR: 0, 0, 0, 0, 0
100703 0 53 100769 0 54 100792 0 52 100815 0 51 100844 0 62 100844 0 63 100849 0 77 100862 0 70 100864 0 71 100870 0 90 100870 0 91 100870 0 92 100873 0 77 100900 0 77 100907 0 53 100915 0 54 100933 0 77 100936 0 51 100937 0 70 100946 0 71 100989 0 52 100999 0 77 101045 0 54 101064 0 51 101148 0 53 101191 0 54 101203 0 52 101225 0 66 101227 0 67 101228 0 62 101228 0 
TIME iteration: 302 ms
Round:191
IR: 0, 0, 0, 0, 0
101233 0 77 101235 0 79 101250 0 90 101250 0 91 101250 0 92 101257 0 71 101257 0 77 101258 0 70 101259 0 79 101281 0 51 101284 0 77 101286 0 79 101313 0 53 101317 0 77 101321 0 79 101322 0 75 101327 0 74 101362 0 52 101367 0 54 101380 0 90 101380 0 91 101380 0 92 101382 0 77 101389 0 51 101461 0 53 101486 0 52 101515 0 54 101524 0 51 101595 0 52 101618 0 53 101657 0 54 101688 0 52 101695 0 63 101696 0 62 101701 0 77 101723 0 70 101723 0 71 101725 0 77 101725 0 90 101725 0 91 101725 0 92 101745 0 51 101752 0 
TIME iteration: 303 ms
Round:192
IR: 0, 0, 0, 0, 0
101767 0 52 101785 0 77 101806 0 53 101843 0 52 101852 0 77 101893 0 54 101925 0 51 101949 0 53 101978 0 52 101998 0 62 101998 0 63 102002 0 77 102012 0 70 102012 0 71 102022 0 90 102022 0 91 102022 0 92 102025 0 77 102027 0 54 102032 0 51 102051 0 77 102056 0 53 102073 0 70 102075 0 71 102083 0 77 102136 0 54 102139 0 77 102140 0 51 102201 0 
TIME iteration: 302 ms
Round:193
IR: 0, 0, 0, 0, 0
102317 0 52 102347 0 51 102356 0 54 102488 0 52 102503 0 63 102504 0 62 102509 0 77 102516 0 54 102522 0 66 102522 0 67 102531 0 79 102532 0 90 102532 0 91 102532 0 92 102533 0 77 102534 0 51 102538 0 53 102539 0 70 102540 0 71 102555 0 79 102560 0 77 102582 0 79 102593 0 77 102595 0 74 102597 0 75 102617 0 79 102638 0 54 102654 0 51 102658 0 90 102658 0 91 102658 0 92 102660 0 77 102668 0 52 102678 0 53 102771 0 54 102781 0 
TIME iteration: 302 ms
Round:194
IR: 0, 0, 0, 0, 0
102833 0 53 102880 0 51 102911 0 52 102957 0 53 102971 0 54 103009 0 64 103011 0 65 103018 0 78 103026 0 52 103027 0 62 103027 0 63 103033 0 77 103040 0 90 103040 0 91 103040 0 92 103042 0 78 103057 0 77 103059 0 70 103059 0 71 103069 0 78 103072 0 51 103084 0 77 103092 0 53 103103 0 78 103104 0 73 103106 0 72 103118 0 77 103168 0 90 103168 0 91 103168 0 92 103169 0 52 103194 0 77 103212 0 54 103281 0 53 103322 0 
TIME iteration: 304 ms
Round:195
IR: 0, 0, 0, 0, 0
103418 0 52 103422 0 54 103438 0 51 103523 0 52 103543 0 54 103545 0 53 103557 0 51 103563 0 61 103564 0 60 103568 0 63 103570 0 62 103572 0 76 103575 0 67 103575 0 77 103576 0 66 103584 0 79 103591 0 90 103591 0 91 103591 0 92 103596 0 76 103599 0 77 103601 0 70 103602 0 71 103608 0 79 103623 0 76 103626 0 77 103635 0 79 103640 0 75 103642 0 74 103647 0 53 103657 0 69 103658 0 76 103660 0 77 103664 0 68 103670 0 79 103708 0 90 103708 0 91 103708 0 92 103712 0 52 103716 0 54 103736 0 77 103739 0 51 103776 0 53 103859 0 
TIME iteration: 303 ms
Round:196
IR: 0, 0, 0, 0, 0
103909 0 52 103941 0 53 103954 0 51 103989 0 54 104053 0 66 104053 0 67 104058 0 79 104082 0 51 104082 0 79 104082 0 90 104082 0 91 104082 0 92 104086 0 75 104087 0 74 104109 0 79 104112 0 52 104125 0 53 104127 0 54 104142 0 79 104216 0 79 104262 0 52 104271 0 53 104377 0 51 104408 0 
TIME iteration: 304 ms
Round:197
IR: 0, 0, 0, 0, 0
104449 0 53 104486 0 64 104487 0 65 104489 0 52 104495 0 78 104499 0 51 104514 0 90 104514 0 91 104514 0 92 104519 0 78 104546 0 78 104565 0 72 104569 0 73 104581 0 78 104630 0 53 104634 0 54 104637 0 52 104678 0 51 104748 0 53 104785 0 64 104785 0 65 104787 0 78 104789 0 51 104796 0 54 104802 0 52 104807 0 72 104808 0 73 104809 0 90 104809 0 91 104809 0 92 104810 0 78 104836 0 78 104867 0 78 104872 0 53 104918 0 78 104932 0 52 104936 0 
TIME iteration: 305 ms
Round:198
IR: 0, 0, 0, 0, 0
104943 0 51 105041 0 53 105089 0 54 105095 0 52 105149 0 51 105165 0 53 105174 0 65 105175 0 64 105179 0 78 105194 0 72 105194 0 73 105200 0 90 105200 0 91 105200 0 92 105203 0 78 105229 0 78 105262 0 78 105273 0 54 105275 0 72 105278 0 73 105286 0 51 105287 0 52 105323 0 78 105376 0 53 105419 0 52 105441 0 
TIME iteration: 301 ms
Round:199
IR: 0, 0, 0, 0, 0
105562 0 51 105576 0 60 105576 0 61 105584 0 76 105587 0 53 105601 0 64 105601 0 65 105602 0 90 105602 0 91 105602 0 92 105606 0 78 105608 0 76 105613 0 52 105630 0 78 105634 0 73 105635 0 72 105635 0 76 105657 0 78 105662 0 68 105662 0 69 105669 0 76 105670 0 54 105690 0 78 105724 0 90 105724 0 91 105724 0 92 105756 0 53 105756 0 78 105771 0 51 105800 0 54 105874 0 53 105884 0 52 105920 0 
TIME iteration: 299 ms
