Round:0
IR: 0, 0, 0, 0, 0
368 0 52 377 0 54 425 0 51 439 0 53 472 0 52 488 0 63 489 0 62 497 0 77 521 0 77 529 0 90 529 0 91 529 0 
TIME iteration: 431 ms
Round:1
IR: 0, 0, 0, 0, 0
548 0 77 562 0 54 570 0 51 574 0 53 583 0 77 584 0 52 678 0 52 730 0 54 735 0 51 750 0 53 830 0 52 853 0 54 859 0 63 860 0 62 863 0 77 873 0 51 877 0 70 877 0 71 886 0 77 886 0 90 886 0 91 886 0 92 897 0 53 912 0 77 944 0 77 951 0 71 952 0 70 967 0 54 982 0 51 999 0 77 1049 0 
TIME iteration: 299 ms
Round:2
IR: 0, 0, 0, 0, 0
1082 0 53 1099 0 51 1174 0 54 1206 0 52 1220 0 62 1220 0 63 1224 0 77 1245 0 90 1245 0 91 1245 0 92 1247 0 71 1247 0 77 1248 0 70 1273 0 77 1299 0 54 1305 0 77 1318 0 52 1329 0 51 1339 0 53 1361 0 77 1496 0 51 1526 0 53 1527 0 54 1585 0 
TIME iteration: 299 ms
Round:3
IR: 0, 0, 0, 0, 0
1619 0 53 1633 0 64 1634 0 65 1642 0 78 1660 0 90 1660 0 91 1660 0 92 1664 0 51 1666 0 78 1693 0 78 1722 0 54 1728 0 78 1732 0 73 1746 0 72 1768 0 53 1820 0 52 1829 0 51 1888 0 54 1934 0 53 1961 0 64 1963 0 65 1965 0 78 1979 0 52 1987 0 73 1987 0 90 1987 0 91 1987 0 92 1988 0 72 1988 0 78 1990 0 51 2014 0 78 2046 0 78 2069 0 53 2088 0 54 2100 0 
TIME iteration: 298 ms
Round:4
IR: 0, 0, 0, 0, 0
2144 0 52 2182 0 53 2220 0 51 2267 0 53 2273 0 64 2273 0 65 2277 0 78 2287 0 72 2287 0 73 2291 0 54 2297 0 90 2297 0 91 2297 0 92 2300 0 78 2326 0 78 2350 0 73 2351 0 72 2358 0 78 2365 0 53 2414 0 78 2425 0 52 2430 0 51 2469 0 54 2470 0 53 2499 0 64 2500 0 65 2502 0 78 2515 0 72 2516 0 73 2522 0 90 2522 0 91 2522 0 92 2525 0 78 2551 0 78 2574 0 51 2581 0 72 2582 0 53 2582 0 78 2584 0 73 2633 0 52 2633 0 
TIME iteration: 299 ms
Round:5
IR: 0, 0, 0, 0, 0
2654 0 54 2735 0 51 2769 0 53 2810 0 64 2812 0 65 2815 0 78 2819 0 52 2834 0 72 2834 0 73 2835 0 90 2835 0 91 2835 0 92 2838 0 78 2864 0 78 2884 0 51 2896 0 78 2919 0 54 2940 0 53 2952 0 78 2961 0 52 3043 0 51 3065 0 52 3078 0 54 3132 0 53 3176 0 
TIME iteration: 298 ms
Round:6
IR: 0, 0, 0, 0, 0
3204 0 61 3205 0 60 3213 0 76 3230 0 90 3230 0 91 3230 0 92 3237 0 76 3250 0 54 3264 0 76 3265 0 52 3266 0 53 3299 0 68 3299 0 76 3317 0 69 3373 0 54 3374 0 52 3452 0 53 3496 0 52 3523 0 54 3536 0 51 3541 0 62 3542 0 63 3550 0 77 3566 0 90 3566 0 91 3566 0 92 3574 0 77 3595 0 53 3601 0 77 3628 0 71 3631 0 70 3636 0 77 3639 0 52 3641 0 
TIME iteration: 298 ms
Round:7
IR: 0, 0, 0, 0, 0
3721 0 54 3725 0 53 3818 0 53 3826 0 51 3862 0 64 3863 0 65 3870 0 78 3876 0 54 3887 0 90 3887 0 91 3887 0 92 3894 0 78 3908 0 52 3921 0 78 3922 0 72 3923 0 73 3955 0 78 3982 0 51 3984 0 54 4100 0 53 4112 0 54 4146 0 52 4186 0 
TIME iteration: 299 ms
Round:8
IR: 0, 0, 0, 0, 0
4281 0 52 4299 0 53 4320 0 62 4321 0 63 4328 0 77 4334 0 64 4337 0 65 4340 0 54 4340 0 78 4348 0 90 4348 0 91 4348 0 92 4352 0 77 4362 0 51 4364 0 78 4367 0 72 4367 0 73 4373 0 70 4374 0 71 4379 0 77 4387 0 52 4390 0 78 4413 0 77 4423 0 78 4466 0 54 4475 0 90 4475 0 91 4475 0 92 4484 0 78 4490 0 51 4517 0 52 4517 0 53 4587 0 54 4616 0 51 4669 0 53 4677 0 52 4734 0 54 4769 0 
TIME iteration: 298 ms
Round:9
IR: 0, 0, 0, 0, 0
4817 0 53 4843 0 52 4843 0 60 4850 0 61 4853 0 65 4854 0 64 4855 0 76 4856 0 54 4860 0 78 4862 0 66 4862 0 67 4871 0 79 4875 0 90 4875 0 91 4875 0 92 4879 0 76 4883 0 73 4884 0 72 4884 0 78 4895 0 79 4906 0 76 4911 0 78 4922 0 79 4930 0 69 4937 0 68 4940 0 76 4945 0 78 4950 0 51 4956 0 74 4957 0 79 4963 0 75 4989 0 52 4989 0 53 4989 0 54 4991 0 90 4991 0 91 4991 0 92 5026 0 78 5139 0 53 5163 0 54 5188 0 52 5247 0 51 5299 0 
TIME iteration: 299 ms
Round:10
IR: 0, 0, 0, 0, 0
5353 0 52 5374 0 51 5377 0 54 5394 0 65 5407 0 78 5421 0 62 5423 0 63 5430 0 77 5431 0 61 5432 0 60 5436 0 90 5436 0 91 5436 0 92 5437 0 78 5438 0 76 5454 0 77 5462 0 76 5473 0 68 5473 0 69 5481 0 77 5483 0 78 5484 0 53 5485 0 71 5489 0 70 5489 0 76 5515 0 77 5523 0 76 5524 0 52 5553 0 90 5553 0 91 5553 0 92 5569 0 54 5604 0 76 5606 0 53 5610 0 51 5629 0 52 5757 0 51 5763 0 53 5785 0 
TIME iteration: 299 ms
Round:11
IR: 0, 0, 0, 0, 0
5855 0 52 5907 0 53 5915 0 51 5936 0 64 5937 0 65 5943 0 61 5943 0 78 5945 0 60 5950 0 76 5965 0 90 5965 0 91 5965 0 92 5967 0 78 5973 0 73 5974 0 76 5975 0 72 5976 0 68 5977 0 69 5994 0 78 6001 0 76 6002 0 53 6028 0 78 6031 0 51 6035 0 76 6045 0 52 6052 0 54 6096 0 90 6096 0 91 6096 0 92 6109 0 78 6111 0 76 6113 0 53 6138 0 51 6189 0 52 6218 0 54 6238 0 53 6253 0 51 6290 0 52 6344 0 
TIME iteration: 299 ms
Round:12
IR: 0, 0, 0, 0, 0
6375 0 52 6379 0 53 6391 0 62 6391 0 63 6399 0 77 6415 0 51 6420 0 90 6420 0 91 6420 0 92 6423 0 77 6450 0 77 6451 0 71 6453 0 70 6484 0 77 6493 0 54 6504 0 52 6505 0 53 6628 0 51 6646 0 54 6658 0 53 6676 0 52 6748 0 63 6749 0 62 6752 0 77 6768 0 54 6772 0 71 6773 0 70 6774 0 90 6774 0 91 6774 0 92 6775 0 77 6781 0 52 6786 0 51 6801 0 77 6833 0 77 6841 0 53 6888 0 
TIME iteration: 299 ms
Round:13
IR: 0, 0, 0, 0, 0
6897 0 54 6924 0 52 6947 0 51 7023 0 53 7042 0 54 7059 0 51 7086 0 52 7111 0 61 7113 0 60 7120 0 76 7124 0 62 7124 0 63 7129 0 77 7137 0 90 7137 0 91 7137 0 92 7142 0 70 7142 0 71 7144 0 76 7148 0 53 7153 0 77 7156 0 54 7171 0 76 7175 0 51 7178 0 68 7179 0 69 7180 0 77 7205 0 76 7213 0 77 7215 0 71 7218 0 70 7240 0 52 7260 0 53 7263 0 90 7263 0 91 7263 0 92 7274 0 54 7278 0 77 7349 0 51 7405 0 
TIME iteration: 299 ms
Round:14
IR: 0, 0, 0, 0, 0
7427 0 52 7481 0 51 7492 0 53 7514 0 54 7543 0 52 7586 0 66 7587 0 67 7596 0 79 7608 0 63 7614 0 62 7616 0 90 7616 0 91 7616 0 92 7617 0 77 7620 0 79 7641 0 77 7647 0 79 7648 0 70 7649 0 71 7652 0 51 7665 0 53 7668 0 77 7677 0 75 7678 0 74 7682 0 79 7695 0 52 7701 0 77 7725 0 54 7740 0 90 7740 0 91 7740 0 92 7770 0 77 7802 0 53 7824 0 52 7839 0 51 7844 0 
TIME iteration: 298 ms
Round:15
IR: 0, 0, 0, 0, 0
7986 0 53 8003 0 54 8016 0 51 8032 0 52 8157 0 54 8163 0 52 8164 0 66 8165 0 67 8171 0 79 8176 0 63 8177 0 62 8183 0 77 8195 0 79 8195 0 90 8195 0 91 8195 0 92 8206 0 74 8207 0 75 8207 0 77 8211 0 71 8213 0 70 8222 0 79 8225 0 53 8234 0 77 8256 0 79 8268 0 77 8286 0 51 8320 0 52 8326 0 90 8326 0 91 8326 0 92 8349 0 77 8410 0 51 8444 0 53 8454 0 54 8469 0 
TIME iteration: 298 ms
Round:16
IR: 0, 0, 0, 0, 0
8577 0 53 8591 0 54 8663 0 52 8666 0 51 8692 0 53 8704 0 64 8704 0 65 8712 0 78 8734 0 90 8734 0 91 8734 0 92 8736 0 78 8762 0 54 8763 0 78 8791 0 72 8797 0 78 8799 0 73 8812 0 52 8812 0 53 8853 0 51 8919 0 54 8972 0 52 9001 0 
TIME iteration: 306 ms
Round:17
IR: 0, 0, 0, 0, 0
9023 0 53 9076 0 64 9078 0 65 9081 0 78 9103 0 90 9103 0 91 9103 0 92 9104 0 78 9105 0 72 9105 0 73 9127 0 54 9130 0 78 9154 0 51 9159 0 53 9162 0 78 9189 0 52 9218 0 78 9226 0 54 9302 0 51 9324 0 53 9342 0 54 9389 0 52 9408 0 67 9410 0 66 9418 0 79 9434 0 90 9434 0 91 9434 0 92 9436 0 53 9442 0 79 9469 0 79 9470 0 54 9472 0 51 9479 0 74 9481 0 75 9504 0 79 9527 0 
TIME iteration: 299 ms
Round:18
IR: 0, 0, 0, 0, 0
9588 0 51 9616 0 54 9640 0 52 9662 0 53 9712 0 51 9752 0 60 9752 0 61 9759 0 53 9760 0 76 9763 0 65 9764 0 64 9771 0 78 9777 0 90 9777 0 91 9777 0 92 9784 0 76 9791 0 54 9795 0 78 9805 0 72 9806 0 73 9811 0 76 9822 0 78 9840 0 68 9845 0 76 9852 0 69 9856 0 78 9861 0 52 9866 0 53 9886 0 51 9903 0 90 9903 0 91 9903 0 92 9976 0 52 9981 0 54 10027 0 53 10032 0 
TIME iteration: 299 ms
Round:19
IR: 0, 0, 0, 0, 0
10088 0 52 10106 0 53 10132 0 54 10181 0 51 10210 0 53 10216 0 64 10216 0 65 10221 0 78 10222 0 52 10242 0 63 10243 0 62 10244 0 73 10245 0 72 10245 0 78 10245 0 90 10245 0 91 10245 0 92 10251 0 77 10272 0 78 10273 0 51 10275 0 77 10298 0 54 10302 0 77 10305 0 78 10327 0 70 10331 0 71 10337 0 77 10352 0 52 10368 0 90 10368 0 91 10368 0 92 10371 0 78 10400 0 53 10452 0 51 10454 0 54 10538 0 52 10585 0 
TIME iteration: 299 ms
Round:20
IR: 0, 0, 0, 0, 0
10622 0 54 10628 0 51 10694 0 52 10710 0 53 10747 0 64 10750 0 65 10755 0 78 10756 0 63 10760 0 62 10764 0 77 10771 0 54 10778 0 90 10778 0 91 10778 0 92 10779 0 78 10780 0 51 10780 0 72 10780 0 73 10788 0 77 10795 0 70 10796 0 71 10806 0 78 10815 0 77 10838 0 52 10840 0 78 10849 0 77 10896 0 53 10909 0 90 10909 0 91 10909 0 92 10921 0 78 10924 0 77 10950 0 54 10961 0 51 11079 0 52 11083 0 
TIME iteration: 300 ms
Round:21
IR: 0, 0, 0, 0, 0
11182 0 51 11234 0 54 11276 0 66 11277 0 67 11283 0 52 11285 0 79 11306 0 51 11306 0 90 11306 0 91 11306 0 92 11308 0 53 11309 0 79 11336 0 79 11361 0 74 11361 0 75 11371 0 79 11382 0 54 11424 0 52 11458 0 53 11484 0 51 11497 0 54 11557 0 66 11558 0 67 11560 0 79 11578 0 74 11579 0 75 11581 0 90 11581 0 91 11581 0 92 11583 0 79 11609 0 79 11623 0 53 11630 0 52 11641 0 
TIME iteration: 299 ms
Round:22
IR: 0, 0, 0, 0, 0
11664 0 74 11685 0 75 11695 0 79 11743 0 54 11752 0 51 11759 0 53 11764 0 52 11878 0 53 11897 0 51 11898 0 54 11906 0 66 11906 0 67 11910 0 79 11913 0 64 11913 0 65 11921 0 78 11931 0 90 11931 0 91 11931 0 92 11933 0 74 11933 0 75 11933 0 79 11945 0 78 11950 0 52 11959 0 79 11972 0 78 11977 0 73 11981 0 72 11991 0 79 12006 0 78 12050 0 79 12051 0 54 12059 0 90 12059 0 91 12059 0 92 12069 0 53 12074 0 51 12174 0 
TIME iteration: 300 ms
Round:23
IR: 0, 0, 0, 0, 0
12258 0 53 12260 0 51 12265 0 54 12312 0 52 12400 0 53 12407 0 54 12429 0 51 12447 0 65 12450 0 64 12454 0 78 12470 0 66 12470 0 67 12477 0 79 12478 0 78 12479 0 90 12479 0 91 12479 0 92 12484 0 73 12487 0 72 12501 0 52 12501 0 79 12502 0 74 12503 0 75 12505 0 78 12528 0 79 12538 0 78 12554 0 53 12562 0 79 12578 0 54 12605 0 78 12605 0 90 12605 0 91 12605 0 92 12627 0 51 12637 0 52 12671 0 53 12704 0 
TIME iteration: 299 ms
Round:24
IR: 0, 0, 0, 0, 0
12749 0 52 12765 0 51 12848 0 53 12865 0 52 12872 0 54 12886 0 51 12917 0 63 12919 0 62 12926 0 77 12944 0 61 12946 0 60 12947 0 90 12947 0 91 12947 0 92 12950 0 77 12953 0 76 12977 0 76 12977 0 77 12978 0 51 13000 0 70 13004 0 76 13011 0 77 13015 0 71 13016 0 53 13021 0 54 13025 0 52 13033 0 69 13034 0 68 13038 0 76 13070 0 90 13070 0 91 13070 0 92 13099 0 51 13163 0 53 13193 0 
TIME iteration: 299 ms
Round:25
IR: 0, 0, 0, 0, 0
13266 0 51 13332 0 54 13394 0 53 13408 0 51 13440 0 61 13441 0 60 13446 0 76 13463 0 54 13470 0 76 13470 0 90 13470 0 91 13470 0 92 13475 0 69 13477 0 68 13497 0 76 13513 0 52 13530 0 76 13575 0 54 13577 0 53 13597 0 76 13648 0 51 13685 0 52 13737 0 53 13772 0 
TIME iteration: 299 ms
Round:26
IR: 0, 0, 0, 0, 0
13781 0 54 13820 0 61 13821 0 60 13825 0 76 13839 0 52 13842 0 68 13842 0 69 13847 0 90 13847 0 91 13847 0 92 13849 0 76 13875 0 76 13878 0 53 13908 0 76 13920 0 54 13929 0 68 13932 0 51 13934 0 69 13969 0 76 14010 0 52 14026 0 51 14036 0 53 14045 0 60 14045 0 61 14048 0 76 14056 0 54 14063 0 68 14063 0 69 14068 0 90 14068 0 91 14068 0 92 14071 0 76 14097 0 76 14129 0 76 14133 0 69 14135 0 51 14137 0 68 14182 0 76 14195 0 52 14218 0 54 14247 0 53 14296 0 
TIME iteration: 299 ms
Round:27
IR: 0, 0, 0, 0, 0
14324 0 60 14325 0 61 14328 0 76 14345 0 52 14345 0 68 14346 0 69 14348 0 90 14348 0 91 14348 0 92 14351 0 76 14353 0 54 14368 0 53 14377 0 76 14409 0 76 14436 0 68 14450 0 69 14456 0 51 14463 0 54 14464 0 76 14497 0 52 14567 0 54 14591 0 53 14615 0 51 14625 0 61 14626 0 60 14629 0 76 14649 0 68 14649 0 69 14649 0 90 14649 0 91 14649 0 92 14652 0 76 14658 0 52 14678 0 76 14710 0 76 14721 0 54 14732 0 53 14761 0 51 14765 0 76 14835 0 
TIME iteration: 299 ms
Round:28
IR: 0, 0, 0, 0, 0
14879 0 51 14879 0 54 14884 0 53 14949 0 60 14951 0 61 14954 0 76 14964 0 69 14965 0 68 14968 0 52 14974 0 90 14974 0 91 14974 0 92 14977 0 76 15003 0 76 15017 0 54 15025 0 69 15030 0 68 15033 0 51 15035 0 76 15083 0 53 15091 0 76 15140 0 52 15144 0 54 15155 0 51 15203 0 60 15206 0 61 15208 0 76 15221 0 53 15222 0 69 15223 0 68 15228 0 90 15228 0 91 15228 0 92 15231 0 76 15257 0 76 15289 0 76 15293 0 69 15297 0 68 15298 0 54 15309 0 51 15310 0 52 15343 0 
TIME iteration: 299 ms
Round:29
IR: 0, 0, 0, 0, 0
15372 0 53 15408 0 52 15446 0 51 15463 0 54 15473 0 60 15473 0 61 15476 0 76 15481 0 53 15493 0 69 15494 0 68 15496 0 90 15496 0 91 15496 0 92 15499 0 76 15525 0 76 15557 0 76 15569 0 52 15574 0 69 15579 0 68 15584 0 54 15587 0 51 15603 0 53 15611 0 76 15701 0 52 15702 0 51 15709 0 54 15717 0 60 15717 0 61 15720 0 76 15730 0 53 15736 0 68 15736 0 69 15740 0 90 15740 0 91 15740 0 92 15743 0 76 15769 0 76 15801 0 76 15813 0 68 15814 0 51 15816 0 69 15854 0 76 15885 0 
TIME iteration: 299 ms
Round:30
IR: 0, 0, 0, 0, 0
15927 0 53 15949 0 51 15949 0 52 15970 0 60 15970 0 61 15973 0 76 15990 0 68 15990 0 69 15993 0 90 15993 0 91 15993 0 92 15996 0 76 16022 0 76 16054 0 54 16054 0 76 16057 0 53 16070 0 68 16096 0 51 16107 0 76 16169 0 52 16202 0 51 16209 0 54 16237 0 60 16238 0 61 16241 0 76 16246 0 69 16258 0 68 16261 0 90 16261 0 91 16261 0 92 16264 0 76 16283 0 53 16290 0 76 16300 0 69 16310 0 51 16322 0 76 16325 0 52 16328 0 54 16343 0 68 16376 0 
TIME iteration: 299 ms
Round:31
IR: 0, 0, 0, 0, 0
16435 0 54 16443 0 51 16445 0 53 16488 0 60 16488 0 61 16491 0 76 16500 0 52 16504 0 69 16508 0 68 16511 0 90 16511 0 91 16511 0 92 16514 0 76 16529 0 54 16540 0 76 16566 0 53 16570 0 69 16572 0 76 16573 0 51 16587 0 68 16625 0 76 16646 0 52 16704 0 53 16723 0 51 16726 0 54 16757 0 60 16758 0 61 16761 0 76 16777 0 69 16779 0 68 16781 0 90 16781 0 91 16781 0 92 16784 0 76 16810 0 76 16831 0 52 16842 0 76 16854 0 51 16856 0 69 16858 0 53 16866 0 54 16896 0 
TIME iteration: 299 ms
Round:32
IR: 0, 0, 0, 0, 0
16975 0 51 16979 0 52 17032 0 61 17035 0 60 17037 0 76 17039 0 54 17043 0 68 17054 0 69 17057 0 90 17057 0 91 17057 0 92 17060 0 76 17068 0 53 17081 0 52 17086 0 76 17098 0 68 17118 0 76 17145 0 54 17158 0 69 17172 0 76 17219 0 52 17221 0 53 17263 0 51 17301 0 54 17357 0 53 17372 0 52 17405 0 51 17416 0 60 17416 0 61 17417 0 62 17417 0 64 17417 0 65 17419 0 63 17421 0 76 17425 0 78 17426 0 77 17439 0 90 17439 0 91 17439 0 92 17443 0 68 17445 0 76 17446 0 69 17449 0 78 17450 0 77 17472 0 76 17476 0 78 17477 0 
TIME iteration: 300 ms
Round:33
IR: 0, 0, 0, 0, 0
17498 0 54 17505 0 76 17509 0 71 17510 0 72 17510 0 78 17511 0 73 17511 0 77 17516 0 70 17540 0 51 17540 0 53 17556 0 90 17556 0 91 17556 0 92 17570 0 76 17629 0 54 17646 0 52 17667 0 51 17760 0 54 17770 0 53 17824 0 51 17836 0 52 17909 0 53 17911 0 54 17934 0 66 17934 0 67 17943 0 79 17963 0 90 17963 0 91 17963 0 92 17967 0 79 17994 0 
TIME iteration: 307 ms
Round:34
IR: 0, 0, 0, 0, 0
18029 0 79 18030 0 74 18034 0 75 18036 0 52 18049 0 53 18068 0 51 18075 0 54 18198 0 53 18208 0 51 18211 0 54 18241 0 67 18242 0 66 18244 0 79 18265 0 74 18266 0 75 18266 0 90 18266 0 91 18266 0 92 18267 0 79 18291 0 52 18293 0 79 18325 0 79 18338 0 53 18343 0 51 18380 0 79 18419 0 52 18460 0 53 18489 0 
TIME iteration: 299 ms
Round:35
IR: 0, 0, 0, 0, 0
18561 0 52 18603 0 51 18617 0 54 18617 0 63 18618 0 62 18626 0 77 18643 0 90 18643 0 91 18643 0 92 18650 0 77 18677 0 77 18689 0 70 18689 0 71 18699 0 53 18704 0 52 18712 0 77 18856 0 51 18881 0 53 18915 0 52 18930 0 54 19003 0 51 19056 0 
TIME iteration: 299 ms
Round:36
IR: 0, 0, 0, 0, 0
19081 0 60 19084 0 65 19085 0 61 19085 0 64 19091 0 76 19093 0 78 19101 0 52 19108 0 90 19108 0 91 19108 0 92 19115 0 76 19117 0 78 19118 0 51 19120 0 54 19142 0 76 19144 0 78 19162 0 69 19164 0 68 19168 0 73 19169 0 72 19176 0 76 19179 0 78 19181 0 53 19235 0 52 19239 0 90 19239 0 91 19239 0 92 19251 0 51 19275 0 54 19327 0 53 19365 0 52 19427 0 51 19431 0 54 19467 0 53 19559 0 51 19583 0 54 19604 0 53 19607 0 60 19607 0 
TIME iteration: 299 ms
Round:37
IR: 0, 0, 0, 0, 0
19612 0 76 19617 0 64 19618 0 65 19621 0 52 19623 0 78 19624 0 66 19626 0 67 19634 0 79 19636 0 76 19637 0 90 19637 0 91 19637 0 92 19645 0 68 19646 0 69 19647 0 78 19654 0 73 19656 0 72 19658 0 79 19663 0 76 19674 0 78 19685 0 79 19688 0 51 19696 0 76 19697 0 74 19701 0 75 19707 0 78 19720 0 79 19732 0 54 19753 0 90 19753 0 91 19753 0 92 19762 0 76 19774 0 78 19839 0 52 19840 0 51 19849 0 53 19900 0 54 19970 0 51 20003 0 52 20051 0 54 20052 0 53 20103 0 52 20122 0 63 20123 0 62 20124 0 51 20131 0 
TIME iteration: 300 ms
Round:38
IR: 0, 0, 0, 0, 0
20141 0 60 20141 0 61 20143 0 67 20147 0 76 20152 0 90 20152 0 91 20152 0 92 20155 0 77 20156 0 79 20171 0 53 20171 0 76 20173 0 69 20174 0 68 20182 0 77 20187 0 79 20195 0 54 20198 0 76 20200 0 71 20201 0 70 20205 0 52 20217 0 77 20232 0 76 20235 0 79 20271 0 90 20271 0 91 20271 0 92 20306 0 53 20308 0 51 20308 0 76 20342 0 54 20359 0 52 20400 0 51 20448 0 54 20484 0 52 20509 0 51 20544 0 53 20561 0 61 20564 0 60 20568 0 76 20569 0 54 20586 0 69 20587 0 68 20591 0 90 20591 0 91 20591 0 92 20592 0 76 20612 0 52 20619 0 76 20627 0 51 20652 0 
TIME iteration: 300 ms
Round:39
IR: 0, 0, 0, 0, 0
20694 0 53 20719 0 76 20756 0 51 20757 0 52 20782 0 54 20815 0 53 20877 0 51 20899 0 60 20899 0 61 20903 0 76 20914 0 68 20914 0 69 20924 0 90 20924 0 91 20924 0 92 20926 0 76 20950 0 52 20952 0 76 20977 0 69 20979 0 68 20984 0 76 20990 0 54 21003 0 53 21040 0 76 21072 0 51 21180 0 53 21195 0 
TIME iteration: 298 ms
Round:40
IR: 0, 0, 0, 0, 0
21240 0 54 21321 0 51 21348 0 60 21349 0 61 21354 0 76 21375 0 52 21376 0 90 21376 0 91 21376 0 92 21378 0 76 21381 0 69 21382 0 68 21398 0 53 21405 0 76 21438 0 76 21455 0 51 21485 0 54 21505 0 76 21510 0 52 21513 0 53 21567 0 51 21615 0 52 21702 0 63 21703 0 54 21720 0 77 21722 0 53 21722 0 
TIME iteration: 299 ms
Round:41
IR: 0, 0, 0, 0, 0
21730 0 51 21733 0 90 21733 0 91 21733 0 92 21743 0 52 21744 0 77 21771 0 77 21797 0 70 21798 0 71 21805 0 77 21875 0 54 21882 0 51 21940 0 52 21952 0 53 22017 0 51 22035 0 54 22070 0 53 22078 0 52 22088 0 62 22089 0 63 22092 0 77 22095 0 61 22097 0 60 22103 0 76 22114 0 90 22114 0 91 22114 0 92 22115 0 70 22115 0 71 22115 0 77 22127 0 76 22141 0 69 22141 0 77 22142 0 68 22148 0 51 22154 0 76 22173 0 77 22175 0 54 22180 0 53 22188 0 76 22223 0 52 22228 0 77 22243 0 90 22243 0 91 22243 0 
TIME iteration: 300 ms
Round:42
IR: 0, 0, 0, 0, 0
22318 0 54 22326 0 51 22331 0 53 22397 0 52 22430 0 51 22447 0 54 22450 0 53 22532 0 52 22572 0 54 22592 0 66 22592 0 67 22601 0 79 22621 0 51 22622 0 90 22622 0 91 22622 0 92 22625 0 79 22639 0 53 22652 0 79 22687 0 74 22687 0 79 22699 0 75 22724 0 52 22741 0 53 22747 0 54 22787 0 
TIME iteration: 299 ms
Round:43
IR: 0, 0, 0, 0, 0
22846 0 54 22871 0 66 22872 0 67 22874 0 79 22893 0 74 22894 0 75 22896 0 90 22896 0 91 22896 0 92 22897 0 79 22917 0 53 22923 0 79 22955 0 79 22958 0 51 22970 0 54 23006 0 52 23010 0 79 23052 0 53 23062 0 54 23168 0 51 23222 0 54 23226 0 52 23232 0 66 23232 0 67 23237 0 79 23248 0 75 23249 0 74 23257 0 90 23257 0 91 23257 0 92 23261 0 53 23261 0 79 23288 0 79 23318 0 
TIME iteration: 299 ms
Round:44
IR: 0, 0, 0, 0, 0
23322 0 79 23323 0 74 23353 0 52 23378 0 51 23391 0 53 23397 0 79 23412 0 54 23476 0 52 23506 0 53 23537 0 54 23545 0 51 23548 0 67 23549 0 66 23553 0 79 23571 0 75 23572 0 74 23573 0 90 23573 0 91 23573 0 92 23577 0 79 23587 0 52 23603 0 79 23636 0 79 23643 0 53 23687 0 54 23701 0 79 23707 0 52 23713 0 51 23759 0 53 23801 0 
TIME iteration: 299 ms
Round:45
IR: 0, 0, 0, 0, 0
23861 0 52 23875 0 67 23876 0 66 23880 0 79 23889 0 75 23890 0 74 23900 0 90 23900 0 91 23900 0 92 23904 0 79 23930 0 79 23946 0 54 23951 0 75 23957 0 74 23959 0 51 23963 0 53 23963 0 79 24030 0 79 24039 0 52 24104 0 53 24105 0 51 24123 0 54 24178 0 52 24190 0 66 24190 0 67 24194 0 79 24212 0 75 24213 0 74 24214 0 90 24214 0 91 24214 0 92 24216 0 53 24218 0 79 24244 0 79 24267 0 51 24277 0 79 24279 0 54 24340 0 79 24362 0 
TIME iteration: 299 ms
Round:46
IR: 0, 0, 0, 0, 0
24408 0 52 24427 0 54 24479 0 51 24563 0 53 24596 0 52 24645 0 64 24646 0 65 24654 0 78 24668 0 53 24671 0 51 24672 0 54 24673 0 90 24673 0 91 24673 0 92 24678 0 78 24705 0 78 24740 0 78 24741 0 73 24746 0 72 24766 0 52 24788 0 54 24795 0 53 24891 0 51 24908 0 
TIME iteration: 299 ms
Round:47
IR: 0, 0, 0, 0, 0
24915 0 54 24924 0 64 24925 0 65 24927 0 78 24933 0 52 24946 0 72 24946 0 73 24948 0 90 24948 0 91 24948 0 92 24950 0 78 24976 0 78 25008 0 78 25011 0 53 25053 0 54 25061 0 52 25061 0 78 25065 0 51 25167 0 54 25191 0 53 25238 0 52 25291 0 54 25299 0 66 25299 0 67 25307 0 79 25320 0 51 25325 0 90 25325 0 91 25325 0 92 25331 0 79 25337 0 53 25358 0 79 25360 0 52 25362 0 75 25363 0 74 25393 0 79 25417 0 
TIME iteration: 299 ms
Round:48
IR: 0, 0, 0, 0, 0
25461 0 51 25495 0 53 25536 0 54 25547 0 52 25575 0 51 25588 0 66 25589 0 67 25591 0 79 25607 0 75 25608 0 74 25612 0 90 25612 0 91 25612 0 92 25614 0 79 25640 0 79 25662 0 53 25665 0 54 25672 0 79 25674 0 52 25682 0 75 25689 0 74 25727 0 79 25736 0 51 25778 0 54 25813 0 66 25813 0 67 25816 0 79 25830 0 53 25830 0 75 25831 0 74 25835 0 52 25835 0 90 25835 0 91 25835 0 92 25839 0 79 25863 0 51 25865 0 79 25897 0 79 25900 0 75 25902 0 74 25934 0 54 25952 0 
TIME iteration: 299 ms
Round:49
IR: 0, 0, 0, 0, 0
25996 0 53 26000 0 52 26062 0 54 26075 0 51 26081 0 66 26081 0 67 26084 0 79 26101 0 75 26102 0 74 26104 0 90 26104 0 91 26104 0 92 26107 0 79 26133 0 79 26140 0 53 26165 0 79 26180 0 75 26185 0 74 26195 0 52 26201 0 51 26220 0 79 26235 0 54 26309 0 51 26347 0 54 26355 0 66 26356 0 67 26359 0 79 26372 0 53 26376 0 74 26377 0 75 26379 0 90 26379 0 91 26379 0 92 26382 0 79 26384 0 52 26408 0 79 26432 0 51 26440 0 79 26463 0 54 26474 0 75 26497 0 
TIME iteration: 300 ms
Round:50
IR: 0, 0, 0, 0, 0
26537 0 52 26565 0 51 26573 0 53 26610 0 54 26645 0 66 26646 0 67 26649 0 79 26657 0 74 26668 0 75 26669 0 90 26669 0 91 26669 0 92 26672 0 79 26693 0 52 26698 0 79 26715 0 53 26716 0 74 26730 0 79 26787 0 79 26798 0 51 26853 0 54 26869 0 52 26914 0 51 26914 0 53 26981 0 52 27021 0 63 27023 0 62 27029 0 
TIME iteration: 307 ms
Round:51
IR: 0, 0, 0, 0, 0
27030 0 77 27048 0 90 27048 0 91 27048 0 92 27054 0 77 27066 0 51 27081 0 77 27111 0 53 27112 0 71 27115 0 77 27118 0 70 27121 0 52 27141 0 54 27230 0 51 27266 0 52 27301 0 53 27315 0 54 27317 0 62 27317 0 63 27319 0 77 27332 0 51 27339 0 71 27340 0 70 27341 0 90 27341 0 91 27341 0 92 27342 0 77 27368 0 77 27399 0 77 27441 0 54 27444 0 51 27450 0 77 27458 0 52 27503 0 
TIME iteration: 299 ms
Round:52
IR: 0, 0, 0, 0, 0
27602 0 54 27640 0 51 27677 0 53 27741 0 54 27750 0 66 27751 0 67 27759 0 51 27759 0 79 27764 0 60 27764 0 61 27768 0 52 27772 0 76 27777 0 90 27777 0 91 27777 0 92 27783 0 79 27796 0 76 27810 0 79 27812 0 75 27816 0 74 27823 0 76 27845 0 79 27848 0 53 27854 0 69 27857 0 76 27859 0 51 27859 0 68 27879 0 54 27904 0 90 27904 0 91 27904 0 92 27962 0 52 27982 0 51 28006 0 54 28045 0 53 28079 0 
TIME iteration: 299 ms
Round:53
IR: 0, 0, 0, 0, 0
28106 0 54 28147 0 51 28233 0 53 28237 0 54 28246 0 66 28246 0 67 28252 0 79 28263 0 51 28275 0 60 28275 0 61 28275 0 90 28275 0 91 28275 0 92 28276 0 79 28280 0 75 28280 0 76 28281 0 74 28300 0 52 28303 0 79 28304 0 76 28312 0 69 28313 0 68 28331 0 76 28337 0 79 28349 0 53 28353 0 54 28361 0 51 28364 0 76 28397 0 90 28397 0 91 28397 0 92 28430 0 76 28459 0 53 28464 0 52 28510 0 54 28549 0 
TIME iteration: 299 ms
Round:54
IR: 0, 0, 0, 0, 0
28623 0 53 28629 0 54 28649 0 51 28755 0 52 28774 0 54 28784 0 66 28784 0 67 28790 0 79 28797 0 51 28799 0 61 28800 0 60 28806 0 76 28814 0 79 28814 0 90 28814 0 91 28814 0 92 28816 0 75 28817 0 74 28830 0 76 28833 0 68 28833 0 69 28841 0 79 28857 0 76 28875 0 79 28884 0 52 28891 0 76 28943 0 90 28943 0 91 28943 0 92 28960 0 53 28961 0 51 28968 0 54 28972 0 76 29075 0 52 29102 0 51 29108 0 
TIME iteration: 299 ms
Round:55
IR: 0, 0, 0, 0, 0
29151 0 54 29225 0 52 29267 0 51 29267 0 54 29291 0 53 29308 0 67 29309 0 66 29314 0 79 29325 0 60 29328 0 61 29333 0 76 29338 0 79 29338 0 90 29338 0 91 29338 0 92 29339 0 75 29341 0 74 29357 0 76 29358 0 68 29358 0 69 29365 0 79 29384 0 76 29390 0 54 29398 0 79 29400 0 53 29418 0 76 29450 0 52 29465 0 90 29465 0 91 29465 0 92 29476 0 79 29499 0 76 29519 0 51 29522 0 54 29575 0 53 29676 0 
TIME iteration: 299 ms
Round:56
IR: 0, 0, 0, 0, 0
29711 0 52 29729 0 51 29800 0 54 29825 0 66 29825 0 67 29826 0 53 29832 0 79 29855 0 75 29855 0 90 29855 0 91 29855 0 92 29856 0 74 29856 0 79 29866 0 51 29866 0 52 29883 0 79 29917 0 79 29949 0 54 30003 0 53 30021 0 52 30034 0 51 30109 0 54 30117 0 53 30145 0 51 30150 0 52 30196 0 60 30196 0 61 30204 0 76 30207 0 63 30209 0 
TIME iteration: 299 ms
Round:57
IR: 0, 0, 0, 0, 0
30216 0 54 30216 0 77 30218 0 66 30219 0 67 30222 0 90 30222 0 91 30222 0 92 30223 0 79 30228 0 76 30239 0 75 30240 0 74 30240 0 77 30242 0 53 30247 0 68 30247 0 79 30249 0 69 30255 0 52 30255 0 76 30267 0 77 30274 0 79 30289 0 76 30298 0 70 30301 0 77 30302 0 71 30307 0 51 30307 0 79 30323 0 75 30336 0 90 30336 0 91 30336 0 92 30352 0 54 30371 0 53 30377 0 79 30423 0 52 30475 0 51 30508 0 54 30584 0 52 30608 0 53 30620 0 51 30664 0 54 30710 0 66 30710 0 67 30716 0 79 30738 0 74 30739 0 90 30739 0 91 30739 0 
TIME iteration: 299 ms
Round:58
IR: 0, 0, 0, 0, 0
30740 0 79 30745 0 75 30767 0 79 30775 0 52 30795 0 53 30801 0 79 30812 0 51 30885 0 52 30937 0 54 30940 0 53 30973 0 51 31036 0 52 31066 0 51 31067 0 53 31081 0 62 31081 0 63 31085 0 60 31085 0 61 31088 0 77 31092 0 76 31094 0 65 31095 0 64 31103 0 78 31106 0 90 31106 0 91 31106 0 92 31112 0 77 31116 0 76 31118 0 54 31127 0 78 31139 0 77 31141 0 69 31141 0 70 31141 0 71 31142 0 68 31143 0 76 31154 0 78 31173 0 77 31175 0 52 31177 0 76 31189 0 72 31189 0 78 31194 0 73 31206 0 53 31222 0 90 31222 0 91 31222 0 
TIME iteration: 300 ms
Round:59
IR: 0, 0, 0, 0, 0
31284 0 54 31311 0 52 31344 0 51 31396 0 53 31442 0 54 31446 0 51 31484 0 52 31531 0 51 31537 0 54 31542 0 60 31542 0 61 31547 0 76 31564 0 66 31564 0 67 31570 0 90 31570 0 91 31570 0 92 31571 0 76 31572 0 68 31572 0 69 31572 0 79 31596 0 79 31598 0 76 31616 0 74 31617 0 75 31623 0 79 31631 0 51 31631 0 76 31636 0 52 31647 0 53 31657 0 79 31694 0 90 31694 0 91 31694 0 92 31697 0 76 31761 0 51 31775 0 54 31793 0 
TIME iteration: 299 ms
Round:60
IR: 0, 0, 0, 0, 0
31822 0 52 31905 0 51 31951 0 53 31965 0 54 31986 0 52 32030 0 51 32050 0 60 32051 0 61 32057 0 76 32080 0 90 32080 0 91 32080 0 92 32081 0 68 32081 0 69 32081 0 76 32108 0 76 32116 0 54 32131 0 52 32142 0 76 32216 0 51 32216 0 53 32223 0 76 32255 0 52 32288 0 54 32320 0 
TIME iteration: 299 ms
Round:61
IR: 0, 0, 0, 0, 0
32395 0 52 32396 0 51 32402 0 53 32411 0 64 32411 0 65 32419 0 78 32425 0 62 32425 0 63 32431 0 54 32433 0 77 32437 0 90 32437 0 91 32437 0 92 32443 0 78 32457 0 77 32470 0 78 32484 0 77 32487 0 72 32494 0 73 32500 0 70 32500 0 71 32504 0 78 32518 0 77 32527 0 54 32533 0 51 32539 0 53 32563 0 90 32563 0 91 32563 0 92 32622 0 52 32686 0 54 32687 0 53 32736 0 51 32768 0 52 32853 0 
TIME iteration: 299 ms
Round:62
IR: 0, 0, 0, 0, 0
32861 0 54 32876 0 52 32886 0 53 32901 0 62 32901 0 63 32906 0 77 32930 0 77 32930 0 90 32930 0 91 32930 0 92 32933 0 71 32936 0 70 32957 0 77 32990 0 54 32990 0 77 33006 0 52 33013 0 53 33056 0 77 33080 0 51 33110 0 54 33138 0 52 33150 0 53 33216 0 51 33280 0 54 33308 0 67 33309 0 66 33317 0 79 33319 0 53 33328 0 51 33333 0 60 33333 0 61 33335 0 64 33335 0 90 33335 0 91 33335 0 92 33341 0 52 33341 0 76 33341 0 79 33351 0 78 33365 0 76 33368 0 79 33382 0 78 33389 0 
TIME iteration: 299 ms
Round:63
IR: 0, 0, 0, 0, 0
33390 0 75 33392 0 76 33397 0 54 33403 0 79 33404 0 68 33405 0 69 33426 0 76 33433 0 78 33437 0 53 33441 0 51 33451 0 90 33451 0 91 33451 0 92 33477 0 52 33548 0 53 33564 0 54 33585 0 51 33712 0 53 33756 0 51 33767 0 52 33770 0 54 33846 0 60 33857 0 76 33859 0 53 33860 0 51 33861 0 61 33869 0 65 33870 0 64 33876 0 78 33880 0 76 33884 0 90 33884 0 91 33884 0 92 33891 0 68 33892 0 69 33900 0 78 33906 0 76 33911 0 73 33913 0 
TIME iteration: 299 ms
Round:64
IR: 0, 0, 0, 0, 0
33925 0 52 33927 0 78 33938 0 76 33961 0 78 33972 0 54 33992 0 76 33998 0 51 34013 0 90 34013 0 91 34013 0 92 34015 0 53 34042 0 78 34063 0 52 34105 0 51 34118 0 54 34136 0 53 34192 0 51 34228 0 52 34261 0 53 34305 0 51 34315 0 60 34315 0 61 34320 0 76 34342 0 69 34343 0 68 34344 0 76 34344 0 90 34344 0 91 34344 0 92 34368 0 54 34371 0 76 34377 0 53 34389 0 52 34404 0 
TIME iteration: 299 ms
Round:65
IR: 0, 0, 0, 0, 0
34470 0 76 34475 0 51 34513 0 54 34566 0 53 34596 0 52 34621 0 51 34638 0 54 34683 0 60 34686 0 61 34687 0 66 34687 0 67 34689 0 76 34696 0 79 34703 0 69 34704 0 68 34709 0 90 34709 0 91 34709 0 92 34713 0 76 34715 0 53 34720 0 79 34726 0 51 34739 0 76 34747 0 79 34755 0 54 34764 0 75 34767 0 74 34772 0 76 34779 0 52 34781 0 68 34781 0 69 34782 0 79 34833 0 76 34839 0 90 34839 0 91 34839 0 92 34856 0 53 34887 0 51 34887 0 54 34971 0 52 34971 0 
TIME iteration: 300 ms
Round:66
IR: 0, 0, 0, 0, 0
34983 0 54 35061 0 51 35088 0 53 35099 0 54 35117 0 52 35132 0 67 35133 0 66 35138 0 79 35161 0 90 35161 0 91 35161 0 92 35162 0 79 35164 0 74 35164 0 75 35189 0 79 35204 0 51 35223 0 79 35260 0 53 35292 0 52 35295 0 54 35322 0 51 35432 0 52 35440 0 53 35442 0 54 35472 0 51 35509 0 60 35509 0 
TIME iteration: 299 ms
Round:67
IR: 0, 0, 0, 0, 0
35510 0 66 35512 0 67 35515 0 79 35516 0 76 35531 0 74 35532 0 75 35533 0 90 35533 0 91 35533 0 92 35539 0 79 35540 0 76 35557 0 52 35563 0 69 35565 0 68 35565 0 79 35567 0 76 35579 0 54 35598 0 79 35601 0 76 35618 0 53 35618 0 74 35630 0 51 35632 0 75 35648 0 52 35661 0 79 35663 0 90 35663 0 91 35663 0 92 35688 0 54 35734 0 51 35744 0 53 35766 0 52 35786 0 54 35855 0 53 35858 0 51 35960 0 52 35991 0 54 35992 0 51 36008 0 53 36010 0 60 36010 0 61 36015 0 76 36027 0 65 36028 0 64 36036 0 78 36039 0 
TIME iteration: 300 ms
Round:68
IR: 0, 0, 0, 0, 0
36040 0 90 36040 0 91 36040 0 92 36043 0 69 36045 0 68 36060 0 78 36066 0 76 36087 0 78 36099 0 76 36111 0 73 36115 0 72 36122 0 78 36165 0 76 36168 0 52 36168 0 90 36168 0 91 36168 0 92 36173 0 53 36174 0 54 36191 0 51 36287 0 53 36339 0 51 36349 0 54 36371 0 52 36441 0 53 36475 0 51 36526 0 60 36527 0 61 36533 0 76 36536 0 65 36547 0 78 36556 0 90 36556 0 91 36556 0 92 36557 0 76 36558 0 69 36559 0 68 36565 0 52 36565 0 54 36569 0 
TIME iteration: 299 ms
Round:69
IR: 0, 0, 0, 0, 0
36577 0 78 36584 0 76 36618 0 76 36621 0 78 36691 0 51 36699 0 76 36713 0 53 36720 0 90 36720 0 91 36720 0 92 36723 0 54 36746 0 52 36821 0 51 36843 0 54 36893 0 53 36923 0 52 36971 0 51 37029 0 54 37052 0 53 37093 0 51 37094 0 
TIME iteration: 298 ms
Round:70
IR: 0, 0, 0, 0, 0
37101 0 61 37102 0 60 37108 0 76 37132 0 76 37132 0 90 37132 0 91 37132 0 92 37136 0 68 37136 0 69 37159 0 76 37166 0 54 37184 0 53 37193 0 76 37215 0 51 37245 0 52 37274 0 76 37319 0 54 37327 0 53 37332 0 51 37450 0 52 37474 0 51 37478 0 60 37478 0 61 37483 0 54 37483 0 76 37499 0 68 37499 0 69 37504 0 90 37504 0 91 37504 0 92 37507 0 76 37522 0 53 37534 0 76 37567 0 76 37595 0 68 37612 0 54 37621 0 
TIME iteration: 299 ms
Round:71
IR: 0, 0, 0, 0, 0
37631 0 51 37632 0 76 37671 0 53 37729 0 54 37753 0 51 37767 0 52 37778 0 60 37778 0 61 37782 0 76 37790 0 69 37801 0 68 37802 0 90 37802 0 91 37802 0 92 37805 0 76 37831 0 76 37847 0 53 37849 0 69 37853 0 51 37863 0 76 37879 0 54 37919 0 76 37928 0 52 38001 0 54 38005 0 51 38047 0 
TIME iteration: 299 ms
Round:72
IR: 0, 0, 0, 0, 0
38199 0 51 38208 0 61 38209 0 60 38214 0 76 38224 0 52 38231 0 53 38231 0 68 38232 0 62 38233 0 63 38235 0 90 38235 0 91 38235 0 92 38238 0 76 38240 0 69 38241 0 54 38241 0 77 38265 0 76 38265 0 77 38292 0 77 38298 0 76 38326 0 71 38327 0 77 38333 0 70 38357 0 90 38357 0 91 38357 0 92 38365 0 76 38370 0 51 38393 0 53 38421 0 52 38449 0 54 38575 0 54 38583 0 52 38614 0 51 38640 0 
TIME iteration: 299 ms
Round:73
IR: 0, 0, 0, 0, 0
38703 0 54 38722 0 66 38722 0 67 38731 0 79 38741 0 51 38752 0 90 38752 0 91 38752 0 92 38755 0 79 38769 0 53 38782 0 79 38816 0 54 38817 0 79 38819 0 74 38821 0 75 38856 0 52 38926 0 51 38946 0 53 38984 0 54 39040 0 67 39041 0 66 39044 0 79 39051 0 52 39065 0 74 39065 0 75 39065 0 90 39065 0 91 39065 0 92 39067 0 79 39080 0 51 39093 0 79 39094 0 54 39125 0 79 39163 0 52 39168 0 53 39182 0 79 39200 0 
TIME iteration: 299 ms
Round:74
IR: 0, 0, 0, 0, 0
39250 0 54 39296 0 52 39335 0 53 39388 0 54 39409 0 66 39411 0 67 39415 0 79 39427 0 74 39428 0 52 39428 0 75 39436 0 62 39436 0 63 39436 0 90 39436 0 91 39436 0 92 39439 0 79 39444 0 51 39444 0 77 39466 0 79 39468 0 77 39484 0 53 39495 0 77 39499 0 74 39499 0 79 39501 0 75 39504 0 70 39507 0 71 39529 0 77 39557 0 90 39557 0 91 39557 0 92 39571 0 79 39575 0 54 39592 0 51 39611 0 53 39620 0 52 39718 0 
TIME iteration: 299 ms
Round:75
IR: 0, 0, 0, 0, 0
39753 0 54 39786 0 52 39838 0 51 39852 0 53 39884 0 65 39886 0 52 39886 0 64 39893 0 78 39904 0 54 39907 0 62 39907 0 63 39912 0 77 39914 0 90 39914 0 91 39914 0 92 39917 0 78 39936 0 77 39940 0 70 39940 0 71 39944 0 78 39963 0 77 39976 0 73 39978 0 78 39984 0 72 39990 0 52 39993 0 51 39996 0 77 40032 0 53 40039 0 90 40039 0 91 40039 0 92 40051 0 54 40062 0 77 40100 0 52 40166 0 51 40206 0 53 40214 0 
TIME iteration: 299 ms
Round:76
IR: 0, 0, 0, 0, 0
40295 0 52 40311 0 51 40347 0 54 40390 0 53 40408 0 66 40408 0 67 40416 0 79 40438 0 90 40438 0 91 40438 0 92 40440 0 79 40451 0 52 40465 0 54 40467 0 79 40472 0 74 40472 0 75 40481 0 51 40502 0 79 40566 0 54 40591 0 52 40624 0 53 40685 0 51 40709 0 54 40729 0 66 40729 0 67 40732 0 79 40750 0 74 40751 0 75 40754 0 90 40754 0 91 40754 0 92 40755 0 79 40769 0 52 40781 0 53 40781 0 79 40787 0 
TIME iteration: 299 ms
Round:77
IR: 0, 0, 0, 0, 0
40813 0 79 40842 0 54 40869 0 79 40914 0 52 40959 0 51 40994 0 54 41011 0 53 41103 0 54 41107 0 66 41107 0 67 41112 0 79 41124 0 75 41125 0 74 41132 0 52 41133 0 90 41133 0 91 41133 0 92 41136 0 79 41155 0 53 41162 0 51 41163 0 79 41195 0 75 41196 0 79 41199 0 74 41266 0 52 41268 0 79 41289 0 54 41308 0 51 41332 0 
TIME iteration: 299 ms
Round:78
IR: 0, 0, 0, 0, 0
41390 0 52 41422 0 54 41432 0 66 41432 0 67 41436 0 79 41456 0 75 41457 0 74 41457 0 90 41457 0 91 41457 0 92 41460 0 79 41486 0 79 41490 0 51 41505 0 52 41518 0 79 41533 0 53 41577 0 79 41641 0 52 41649 0 51 41693 0 54 41695 0 53 41810 0 52 41827 0 51 41841 0 63 41842 0 62 41847 0 54 41850 0 77 41863 0 53 41868 0 90 41868 0 91 41868 0 
TIME iteration: 298 ms
Round:79
IR: 0, 0, 0, 0, 0
41874 0 77 41901 0 77 41924 0 70 41931 0 71 41936 0 77 41958 0 51 41975 0 54 41992 0 53 42018 0 52 42103 0 53 42142 0 52 42146 0 54 42169 0 62 42169 0 63 42172 0 77 42193 0 70 42194 0 71 42194 0 90 42194 0 91 42194 0 92 42195 0 77 42210 0 51 42221 0 77 42247 0 53 42253 0 77 42273 0 54 42307 0 77 42317 0 52 42331 0 
TIME iteration: 298 ms
Round:80
IR: 0, 0, 0, 0, 0
42454 0 54 42469 0 51 42492 0 53 42532 0 52 42536 0 61 42539 0 60 42546 0 76 42563 0 90 42563 0 91 42563 0 92 42570 0 76 42597 0 51 42597 0 76 42627 0 69 42629 0 68 42632 0 76 42641 0 53 42677 0 52 42731 0 54 42764 0 52 42813 0 51 42823 0 53 42875 0 54 42885 0 52 42892 0 62 42893 0 63 42900 0 77 42918 0 90 42918 0 91 42918 0 92 42924 0 
TIME iteration: 298 ms
Round:81
IR: 0, 0, 0, 0, 0
42935 0 71 42936 0 70 42939 0 51 42951 0 77 42985 0 77 42988 0 52 43012 0 53 43014 0 54 43103 0 51 43133 0 53 43152 0 54 43173 0 52 43232 0 53 43247 0 64 43247 0 65 43255 0 78 43272 0 90 43272 0 91 43272 0 92 43279 0 78 43290 0 51 43306 0 78 43308 0 52 43336 0 73 43340 0 78 43343 0 72 43364 0 53 43396 0 54 43427 0 51 43439 0 
TIME iteration: 298 ms
Round:82
IR: 0, 0, 0, 0, 0
43573 0 52 43595 0 51 43610 0 62 43611 0 63 43617 0 77 43636 0 90 43636 0 91 43636 0 92 43641 0 77 43647 0 54 43657 0 70 43657 0 71 43668 0 77 43696 0 53 43702 0 77 43706 0 52 43779 0 51 43783 0 77 43797 0 52 43801 0 54 43883 0 53 43896 0 51 43958 0 52 43966 0 62 43966 0 63 43971 0 77 43987 0 70 43987 0 
TIME iteration: 298 ms
Round:83
IR: 0, 0, 0, 0, 0
43991 0 90 43991 0 91 43991 0 92 43995 0 77 44022 0 77 44032 0 53 44051 0 51 44055 0 77 44064 0 54 44076 0 70 44078 0 71 44083 0 52 44120 0 77 44187 0 53 44208 0 51 44237 0 54 44346 0 52 44361 0 51 44371 0 53 44371 0 63 44372 0 62 44377 0 77 44386 0 61 44387 0 60 44395 0 76 44398 0 90 44398 0 91 44398 0 92 44401 0 77 44402 0 70 44403 0 71 44419 0 76 44428 0 77 44432 0 54 44446 0 76 44461 0 77 44476 0 69 44479 0 68 44481 0 
TIME iteration: 299 ms
Round:84
IR: 0, 0, 0, 0, 0
44524 0 90 44524 0 91 44524 0 92 44528 0 77 44529 0 53 44548 0 51 44607 0 52 44685 0 54 44722 0 51 44766 0 53 44774 0 52 44798 0 54 44875 0 51 44875 0 53 44915 0 60 44915 0 61 44921 0 76 44923 0 64 44925 0 52 44926 0 65 44933 0 78 44944 0 90 44944 0 91 44944 0 92 44945 0 76 44952 0 69 44954 0 68 44957 0 78 44964 0 54 44972 0 76 44984 0 78 44995 0 51 45006 0 76 45007 0 72 45013 0 53 45013 0 73 45019 0 
TIME iteration: 305 ms
Round:85
IR: 0, 0, 0, 0, 0
45075 0 90 45075 0 91 45075 0 92 45082 0 76 45095 0 51 45154 0 54 45175 0 52 45199 0 53 45214 0 51 45336 0 53 45351 0 54 45371 0 52 45403 0 51 45466 0 61 45468 0 60 45473 0 76 45494 0 52 45497 0 76 45497 0 90 45497 0 91 45497 0 92 45501 0 68 45502 0 69 45524 0 76 45558 0 76 45566 0 
TIME iteration: 299 ms
Round:86
IR: 0, 0, 0, 0, 0
45583 0 54 45620 0 53 45634 0 76 45639 0 52 45725 0 51 45743 0 54 45804 0 52 45854 0 53 45874 0 51 45884 0 60 45884 0 61 45889 0 76 45890 0 63 45892 0 62 45899 0 77 45908 0 69 45909 0 68 45911 0 90 45911 0 91 45911 0 92 45913 0 76 45918 0 54 45923 0 77 45927 0 52 45940 0 76 45950 0 77 45970 0 71 45971 0 70 45973 0 76 45984 0 77 46002 0 51 46008 0 53 46039 0 76 46040 0 54 46041 0 90 46041 0 91 46041 0 92 46090 0 
TIME iteration: 299 ms
Round:87
IR: 0, 0, 0, 0, 0
46162 0 53 46165 0 51 46317 0 54 46332 0 52 46386 0 53 46418 0 51 46476 0 52 46479 0 54 46502 0 62 46502 0 63 46508 0 77 46527 0 66 46529 0 67 46532 0 77 46533 0 90 46533 0 91 46533 0 92 46537 0 79 46544 0 70 46544 0 71 46559 0 77 46561 0 79 46573 0 52 46588 0 79 46593 0 77 46623 0 79 46625 0 54 46626 0 74 46629 0 
TIME iteration: 299 ms
Round:88
IR: 0, 0, 0, 0, 0
46655 0 51 46657 0 90 46657 0 91 46657 0 92 46669 0 77 46683 0 52 46691 0 53 46805 0 54 46811 0 52 46813 0 51 46848 0 53 46932 0 52 46950 0 51 46980 0 62 46980 0 63 46986 0 77 47007 0 53 47009 0 90 47009 0 91 47009 0 92 47010 0 70 47010 0 77 47011 0 71 47021 0 54 47037 0 77 47044 0 52 47071 0 77 47074 0 51 47147 0 
TIME iteration: 299 ms
Round:89
IR: 0, 0, 0, 0, 0
47185 0 54 47200 0 52 47223 0 53 47235 0 51 47338 0 54 47344 0 51 47352 0 53 47363 0 60 47363 0 61 47371 0 76 47389 0 90 47389 0 91 47389 0 92 47395 0 76 47397 0 52 47422 0 76 47436 0 68 47439 0 69 47442 0 53 47456 0 76 47476 0 51 47520 0 54 47564 0 53 47586 0 51 47634 0 61 47636 0 60 47637 0 76 47653 0 52 47654 0 68 47654 0 69 47659 0 90 47659 0 91 47659 0 92 47660 0 76 47686 0 
TIME iteration: 299 ms
Round:90
IR: 0, 0, 0, 0, 0
47710 0 51 47716 0 53 47717 0 76 47729 0 69 47735 0 68 47747 0 54 47768 0 76 47809 0 52 47896 0 53 47904 0 51 47940 0 54 47944 0 60 47947 0 61 47949 0 76 47969 0 68 47969 0 69 47970 0 90 47970 0 91 47970 0 92 47972 0 76 47976 0 52 47998 0 76 48016 0 51 48030 0 54 48030 0 76 48071 0 53 48085 0 76 48100 0 52 48135 0 54 48201 0 
TIME iteration: 299 ms
Round:91
IR: 0, 0, 0, 0, 0
48235 0 52 48240 0 53 48252 0 54 48273 0 66 48273 0 67 48282 0 79 48298 0 90 48298 0 91 48298 0 92 48306 0 79 48328 0 51 48333 0 79 48341 0 53 48356 0 74 48357 0 75 48358 0 54 48368 0 79 48401 0 52 48482 0 54 48494 0 51 48503 0 53 48525 0 52 48548 0 66 48552 0 79 48553 0 67 48571 0 74 48572 0 75 48574 0 90 48574 0 91 48574 0 92 48575 0 79 48601 0 79 48629 0 53 48632 0 79 48649 0 51 48655 0 74 48673 0 54 48674 0 75 48683 0 
TIME iteration: 299 ms
Round:92
IR: 0, 0, 0, 0, 0
48766 0 53 48787 0 51 48797 0 52 48835 0 54 48851 0 66 48851 0 67 48855 0 79 48874 0 74 48875 0 75 48875 0 90 48875 0 91 48875 0 92 48879 0 79 48888 0 53 48905 0 79 48938 0 79 48963 0 52 48974 0 51 48991 0 54 49000 0 79 49074 0 53 49124 0 54 49132 0 51 49147 0 52 49205 0 66 49205 0 67 49210 0 79 49222 0 74 49222 0 75 49230 0 90 49230 0 91 49230 0 92 49234 0 79 49235 0 53 49261 0 79 49281 0 
TIME iteration: 299 ms
Round:93
IR: 0, 0, 0, 0, 0
49294 0 75 49294 0 79 49295 0 74 49348 0 52 49349 0 53 49353 0 51 49363 0 79 49446 0 54 49494 0 66 49494 0 67 49498 0 79 49507 0 53 49515 0 74 49516 0 75 49518 0 90 49518 0 91 49518 0 92 49522 0 79 49531 0 51 49548 0 79 49569 0 52 49581 0 79 49605 0 54 49643 0 79 49646 0 53 49674 0 52 49733 0 53 49759 0 51 49784 0 52 49791 0 54 49819 0 
TIME iteration: 299 ms
Round:94
IR: 0, 0, 0, 0, 0
49820 0 63 49828 0 77 49844 0 90 49844 0 91 49844 0 92 49852 0 77 49870 0 53 49879 0 77 49895 0 52 49908 0 70 49910 0 51 49914 0 77 49915 0 71 49981 0 53 50022 0 52 50038 0 54 50093 0 51 50096 0 62 50097 0 63 50098 0 77 50117 0 70 50118 0 71 50120 0 90 50120 0 91 50120 0 92 50121 0 77 50127 0 53 50147 0 77 50163 0 52 50170 0 54 50178 0 77 50209 0 71 50221 0 70 50228 0 77 50281 0 54 50304 0 53 50311 0 
TIME iteration: 299 ms
Round:95
IR: 0, 0, 0, 0, 0
50391 0 52 50427 0 62 50429 0 63 50432 0 77 50453 0 71 50453 0 90 50453 0 91 50453 0 92 50454 0 70 50455 0 77 50472 0 53 50472 0 54 50481 0 77 50513 0 77 50542 0 52 50569 0 77 50577 0 51 50601 0 54 50646 0 52 50659 0 53 50768 0 52 50771 0 54 50773 0 62 50773 0 63 50777 0 77 50790 0 70 50790 0 71 50798 0 90 50798 0 91 50798 0 92 50800 0 77 50824 0 53 50826 0 77 50858 0 77 50859 0 70 50863 0 71 50868 0 51 50869 0 
TIME iteration: 299 ms
Round:96
IR: 0, 0, 0, 0, 0
50914 0 77 50918 0 54 50969 0 53 50981 0 52 51005 0 62 51006 0 63 51008 0 77 51020 0 51 51023 0 71 51024 0 70 51028 0 90 51028 0 91 51028 0 92 51031 0 77 51057 0 77 51076 0 54 51088 0 77 51093 0 71 51098 0 70 51139 0 77 51153 0 53 51159 0 52 51186 0 51 51218 0 54 51311 0 53 51347 0 52 51364 0 63 51365 0 62 51369 0 77 51390 0 90 51390 0 91 51390 0 92 51391 0 54 51391 0 70 51391 0 71 51393 0 
TIME iteration: 299 ms
Round:97
IR: 0, 0, 0, 0, 0
51419 0 77 51452 0 77 51453 0 51 51513 0 77 51540 0 52 51557 0 54 51561 0 53 51667 0 52 51672 0 51 51676 0 54 51721 0 62 51722 0 63 51726 0 77 51739 0 70 51740 0 66 51740 0 71 51743 0 67 51747 0 90 51747 0 91 51747 0 92 51750 0 77 51750 0 79 51754 0 53 51774 0 79 51776 0 77 51801 0 79 51802 0 51 51809 0 77 51812 0 70 51821 0 71 51835 0 79 51836 0 52 51836 0 74 51836 0 75 51844 0 54 51870 0 77 51870 0 90 51870 0 91 51870 0 92 51875 0 53 51929 0 
TIME iteration: 299 ms
Round:98
IR: 0, 0, 0, 0, 0
52007 0 52 52016 0 53 52059 0 54 52097 0 51 52112 0 52 52185 0 53 52215 0 51 52228 0 52 52230 0 62 52230 0 63 52236 0 77 52240 0 60 52240 0 61 52248 0 76 52259 0 90 52259 0 91 52259 0 92 52260 0 77 52266 0 54 52266 0 70 52268 0 71 52272 0 76 52287 0 77 52299 0 76 52321 0 77 52333 0 76 52339 0 68 52339 0 69 52340 0 53 52345 0 51 52389 0 90 52389 0 91 52389 0 92 52397 0 77 52400 0 54 52427 0 
TIME iteration: 299 ms
Round:99
IR: 0, 0, 0, 0, 0
52502 0 53 52510 0 51 52510 0 54 52540 0 52 52658 0 54 52669 0 53 52674 0 52 52704 0 51 52719 0 63 52722 0 62 52726 0 77 52750 0 77 52750 0 90 52750 0 91 52750 0 92 52751 0 70 52751 0 71 52766 0 54 52777 0 77 52807 0 52 52810 0 77 52811 0 53 52852 0 51 52877 0 77 52911 0 52 52914 0 54 52936 0 
TIME iteration: 300 ms
Round:100
IR: 0, 0, 0, 0, 0
53001 0 51 53071 0 53 53088 0 52 53095 0 64 53096 0 65 53104 0 78 53106 0 62 53106 0 63 53111 0 77 53120 0 54 53121 0 90 53121 0 91 53121 0 92 53126 0 71 53127 0 51 53127 0 70 53128 0 78 53135 0 77 53155 0 78 53162 0 77 53190 0 78 53191 0 72 53194 0 73 53195 0 77 53212 0 71 53220 0 54 53221 0 52 53225 0 70 53231 0 51 53234 0 53 53248 0 90 53248 0 91 53248 0 92 53261 0 77 53374 0 54 53379 0 51 53401 0 53 53416 0 52 53497 0 54 53528 0 
TIME iteration: 300 ms
Round:101
IR: 0, 0, 0, 0, 0
53544 0 53 53588 0 62 53588 0 63 53594 0 77 53617 0 90 53617 0 91 53617 0 92 53618 0 52 53618 0 77 53623 0 70 53623 0 71 53629 0 54 53645 0 77 53679 0 77 53681 0 51 53707 0 53 53755 0 77 53769 0 52 53824 0 51 53857 0 54 53956 0 51 53964 0 54 53982 0 60 53982 0 61 53990 0 76 53995 0 53 54004 0 66 54004 0 67 54005 0 52 54008 0 90 54008 0 91 54008 0 92 54013 0 79 54014 0 76 54037 0 79 54041 0 76 54055 0 
TIME iteration: 304 ms
Round:102
IR: 0, 0, 0, 0, 0
54064 0 79 54065 0 69 54067 0 68 54075 0 76 54090 0 75 54096 0 74 54099 0 79 54106 0 54 54131 0 90 54131 0 91 54131 0 92 54167 0 53 54168 0 52 54194 0 51 54246 0 54 54301 0 52 54353 0 51 54438 0 53 54447 0 54 54529 0 51 54530 0 52 54552 0 61 54553 0 60 54558 0 76 54582 0 76 54583 0 90 54583 0 91 54583 0 
TIME iteration: 299 ms
Round:103
IR: 0, 0, 0, 0, 0
54593 0 68 54594 0 69 54602 0 53 54609 0 76 54613 0 54 54642 0 76 54667 0 51 54709 0 76 54731 0 53 54775 0 54 54822 0 52 54836 0 51 54899 0 53 54957 0 65 54958 0 64 54960 0 54 54966 0 78 54984 0 90 54984 0 91 54984 0 92 54990 0 78 54992 0 52 54996 0 51 55017 0 78 55024 0 53 55040 0 73 55042 0 72 55052 0 78 55097 0 
TIME iteration: 298 ms
Round:104
IR: 0, 0, 0, 0, 0
55164 0 54 55185 0 51 55239 0 53 55284 0 52 55346 0 54 55368 0 51 55385 0 53 55391 0 64 55391 0 65 55396 0 78 55418 0 60 55418 0 90 55418 0 91 55418 0 92 55420 0 78 55422 0 72 55423 0 73 55425 0 52 55434 0 76 55447 0 78 55465 0 76 55480 0 78 55516 0 76 55517 0 51 55522 0 54 55546 0 78 55553 0 52 55557 0 90 55557 0 91 55557 0 92 55565 0 
TIME iteration: 299 ms
Round:105
IR: 0, 0, 0, 0, 0
55663 0 52 55715 0 51 55725 0 54 55757 0 53 55819 0 52 55864 0 53 55868 0 54 55916 0 64 55917 0 65 55923 0 78 55933 0 51 55935 0 52 55941 0 62 55941 0 63 55946 0 90 55946 0 91 55946 0 92 55947 0 73 55947 0 78 55948 0 72 55949 0 77 55973 0 77 55974 0 78 55980 0 54 56000 0 77 56008 0 78 56028 0 70 56031 0 71 56034 0 77 56050 0 53 56070 0 90 56070 0 91 56070 0 92 56075 0 51 56089 0 78 56095 0 54 56141 0 52 56146 0 
TIME iteration: 299 ms
Round:106
IR: 0, 0, 0, 0, 0
56248 0 51 56291 0 54 56351 0 53 56365 0 51 56380 0 52 56428 0 60 56428 0 61 56436 0 76 56444 0 53 56457 0 64 56457 0 65 56458 0 90 56458 0 91 56458 0 92 56460 0 76 56463 0 78 56469 0 54 56487 0 76 56487 0 78 56488 0 73 56490 0 72 56494 0 68 56495 0 51 56495 0 69 56514 0 78 56521 0 76 56548 0 78 56553 0 53 56568 0 52 56581 0 90 56581 0 91 56581 0 92 56624 0 78 56643 0 53 56644 0 54 56674 0 
TIME iteration: 299 ms
Round:107
IR: 0, 0, 0, 0, 0
56731 0 52 56761 0 53 56790 0 54 56798 0 51 56882 0 52 56913 0 53 56931 0 54 56934 0 65 56936 0 64 56939 0 51 56941 0 78 56954 0 60 56954 0 61 56959 0 66 56960 0 67 56960 0 76 56962 0 72 56963 0 73 56964 0 90 56964 0 91 56964 0 92 56965 0 78 56968 0 79 56984 0 76 56990 0 68 56990 0 69 56992 0 78 56992 0 79 57011 0 76 57019 0 79 57026 0 78 57031 0 53 57044 0 52 57045 0 76 57049 0 74 57053 0 75 57054 0 79 57064 0 54 57078 0 90 57078 0 91 57078 0 92 57101 0 78 57121 0 76 57188 0 51 57212 0 53 57229 0 
TIME iteration: 299 ms
Round:108
IR: 0, 0, 0, 0, 0
57318 0 54 57343 0 52 57383 0 51 57457 0 53 57498 0 51 57506 0 54 57510 0 60 57510 0 61 57516 0 76 57540 0 76 57540 0 90 57540 0 91 57540 0 92 57544 0 68 57545 0 69 57547 0 52 57567 0 76 57601 0 76 57615 0 53 57657 0 51 57677 0 76 57706 0 53 57756 0 52 57768 0 
TIME iteration: 299 ms
Round:109
IR: 0, 0, 0, 0, 0
57829 0 51 57836 0 53 57857 0 65 57859 0 64 57864 0 52 57866 0 78 57883 0 90 57883 0 91 57883 0 92 57890 0 78 57896 0 54 57912 0 72 57914 0 73 57917 0 78 57951 0 78 57968 0 52 57975 0 51 57982 0 53 58039 0 54 58131 0 51 58134 0 52 58159 0 53 58171 0 54 58222 0 65 58224 0 64 58226 0 78 58228 0 51 58228 0 66 58229 0 67 58237 0 79 58240 0 61 58241 0 60 58247 0 72 58247 0 73 58248 0 76 58248 0 90 58248 0 91 58248 0 92 58249 0 78 58261 0 79 58272 0 76 58275 0 78 58285 0 68 58286 0 69 58288 0 79 58299 0 
TIME iteration: 299 ms
Round:110
IR: 0, 0, 0, 0, 0
58300 0 75 58303 0 74 58307 0 78 58320 0 54 58323 0 79 58333 0 76 58361 0 78 58363 0 90 58363 0 91 58363 0 92 58364 0 53 58413 0 52 58417 0 51 58469 0 54 58499 0 53 58528 0 51 58557 0 52 58621 0 54 58657 0 51 58686 0 52 58689 0 60 58689 0 61 58694 0 76 58717 0 68 58717 0 69 58717 0 90 58717 0 91 58717 0 92 58718 0 76 58727 0 53 58745 0 76 58756 0 54 58778 0 76 58791 0 51 58797 0 
TIME iteration: 299 ms
Round:111
IR: 0, 0, 0, 0, 0
58844 0 76 58892 0 53 58894 0 51 58908 0 52 58938 0 54 59036 0 53 59075 0 52 59085 0 51 59090 0 54 59090 0 62 59091 0 63 59094 0 64 59098 0 61 59099 0 60 59099 0 65 59099 0 77 59104 0 76 59104 0 78 59116 0 90 59116 0 91 59116 0 92 59120 0 69 59121 0 68 59123 0 77 59128 0 76 59128 0 78 59146 0 73 59149 0 72 59150 0 77 59155 0 76 59155 0 78 59163 0 53 59182 0 54 59185 0 77 59187 0 70 59187 0 71 59188 0 76 59189 0 78 59214 0 52 59231 0 51 59232 0 90 59232 0 91 59232 0 92 59255 0 76 59309 0 52 59318 0 53 59358 0 
TIME iteration: 299 ms
Round:112
IR: 0, 0, 0, 0, 0
59379 0 51 59437 0 52 59479 0 54 59573 0 51 59586 0 53 59591 0 52 59604 0 62 59604 0 63 59609 0 77 59633 0 77 59633 0 90 59633 0 91 59633 0 92 59639 0 54 59642 0 70 59643 0 71 59660 0 77 59693 0 77 59732 0 51 59747 0 53 59759 0 77 59815 0 54 59825 0 52 59848 0 
TIME iteration: 299 ms
Round:113
IR: 0, 0, 0, 0, 0
59903 0 53 59967 0 52 59967 0 54 59987 0 51 60000 0 60 60000 0 61 60008 0 76 60009 0 62 60009 0 63 60014 0 77 60021 0 66 60022 0 67 60026 0 90 60026 0 91 60026 0 92 60030 0 79 60032 0 70 60032 0 76 60033 0 71 60038 0 77 60052 0 68 60054 0 69 60054 0 79 60059 0 76 60064 0 53 60065 0 77 60074 0 54 60081 0 79 60089 0 51 60093 0 52 60093 0 76 60098 0 77 60107 0 74 60109 0 75 60116 0 79 60140 0 90 60140 0 91 60140 0 92 60164 0 77 60203 0 53 60229 0 51 60239 0 52 60258 0 54 60366 0 53 60398 0 
TIME iteration: 299 ms
Round:114
IR: 0, 0, 0, 0, 0
60427 0 54 60467 0 51 60498 0 53 60522 0 64 60523 0 65 60531 0 78 60537 0 52 60548 0 62 60549 0 63 60552 0 90 60552 0 91 60552 0 92 60555 0 77 60555 0 78 60561 0 54 60579 0 77 60580 0 70 60580 0 71 60582 0 78 60597 0 73 60601 0 72 60606 0 77 60617 0 78 60639 0 53 60640 0 77 60657 0 52 60676 0 90 60676 0 91 60676 0 92 60694 0 51 60721 0 77 60766 0 54 60816 0 51 60823 0 53 60841 0 
TIME iteration: 299 ms
Round:115
IR: 0, 0, 0, 0, 0
60951 0 51 60951 0 54 60991 0 52 61028 0 60 61031 0 53 61031 0 61 61037 0 76 61059 0 90 61059 0 91 61059 0 92 61061 0 76 61088 0 76 61090 0 51 61090 0 69 61092 0 68 61122 0 76 61138 0 54 61145 0 53 61255 0 51 61290 0 53 61356 0 54 61361 0 52 61369 0 51 61382 0 60 61382 0 61 61385 0 76 61405 0 68 61406 0 69 61407 0 90 61407 0 91 61407 0 92 61408 0 76 61434 0 76 61466 0 
TIME iteration: 299 ms
Round:116
IR: 0, 0, 0, 0, 0
61520 0 53 61520 0 76 61529 0 51 61560 0 54 61582 0 52 61668 0 53 61669 0 51 61699 0 54 61708 0 52 61739 0 60 61741 0 61 61744 0 76 61756 0 68 61758 0 69 61765 0 90 61765 0 91 61765 0 92 61767 0 76 61793 0 76 61822 0 68 61825 0 76 61835 0 69 61865 0 54 61881 0 76 61899 0 53 61905 0 
TIME iteration: 298 ms
Round:117
IR: 0, 0, 0, 0, 0
62021 0 54 62036 0 52 62087 0 51 62108 0 61 62109 0 60 62113 0 76 62121 0 53 62134 0 90 62134 0 91 62134 0 92 62136 0 68 62137 0 69 62137 0 76 62156 0 52 62163 0 76 62196 0 76 62212 0 54 62257 0 76 62264 0 53 62278 0 51 62357 0 52 62387 0 54 62413 0 53 62473 0 51 62511 0 52 62539 0 60 62539 0 
TIME iteration: 298 ms
Round:118
IR: 0, 0, 0, 0, 0
62544 0 76 62550 0 63 62551 0 62 62552 0 54 62559 0 77 62562 0 68 62562 0 69 62566 0 90 62566 0 91 62566 0 92 62568 0 76 62583 0 77 62595 0 76 62610 0 77 62613 0 51 62628 0 76 62634 0 53 62634 0 71 62639 0 70 62640 0 52 62645 0 77 62694 0 76 62694 0 90 62694 0 91 62694 0 92 62704 0 54 62751 0 51 62764 0 53 62851 0 54 62891 0 52 62891 0 53 62937 0 51 63020 0 54 63043 0 53 63067 0 64 63067 0 
TIME iteration: 299 ms
Round:119
IR: 0, 0, 0, 0, 0
63075 0 78 63081 0 51 63096 0 66 63096 0 67 63097 0 90 63097 0 91 63097 0 92 63099 0 78 63105 0 79 63111 0 52 63126 0 78 63129 0 79 63143 0 54 63156 0 79 63160 0 78 63162 0 73 63173 0 72 63191 0 79 63193 0 52 63194 0 74 63196 0 53 63199 0 75 63220 0 90 63220 0 91 63220 0 92 63271 0 51 63276 0 54 63337 0 52 63376 0 53 63389 0 51 63409 0 54 63451 0 52 63494 0 53 63558 0 52 63564 0 62 63565 0 63 63572 0 77 63578 0 64 63579 0 65 63583 0 51 63584 0 78 63594 0 90 63594 0 91 63594 0 92 63596 0 
TIME iteration: 299 ms
Round:120
IR: 0, 0, 0, 0, 0
63608 0 78 63617 0 72 63617 0 73 63623 0 77 63625 0 53 63626 0 71 63628 0 70 63632 0 54 63635 0 78 63657 0 77 63668 0 78 63687 0 51 63705 0 52 63723 0 90 63723 0 91 63723 0 92 63735 0 78 63746 0 53 63777 0 54 63811 0 52 63827 0 51 63913 0 52 63928 0 53 63948 0 54 63964 0 51 64040 0 52 64051 0 62 64052 0 63 64057 0 77 64067 0 53 64079 0 51 64081 0 77 64081 0 90 64081 0 91 64081 0 92 64085 0 70 64085 0 71 64108 0 
TIME iteration: 299 ms
Round:121
IR: 0, 0, 0, 0, 0
64141 0 77 64143 0 52 64200 0 53 64208 0 77 64230 0 51 64231 0 54 64309 0 52 64337 0 53 64377 0 51 64452 0 60 64453 0 61 64459 0 52 64461 0 76 64462 0 53 64466 0 64 64466 0 65 64468 0 62 64468 0 63 64473 0 77 64474 0 78 64479 0 90 64479 0 91 64479 0 92 64485 0 54 64485 0 76 64489 0 51 64491 0 71 64493 0 70 64497 0 77 64498 0 78 64512 0 76 64522 0 72 64522 0 73 64524 0 77 64525 0 78 64541 0 69 64547 0 76 64549 0 68 64557 0 77 64559 0 78 64594 0 90 64594 0 91 64594 0 92 64601 0 53 64623 0 77 64658 0 
TIME iteration: 299 ms
Round:122
IR: 0, 0, 0, 0, 0
64670 0 52 64688 0 54 64763 0 53 64794 0 51 64830 0 52 64880 0 53 64936 0 64 64936 0 65 64941 0 78 64963 0 54 64964 0 90 64964 0 91 64964 0 92 64965 0 78 64967 0 72 64967 0 73 64974 0 51 64992 0 78 65010 0 52 65021 0 53 65025 0 78 65091 0 78 65116 0 54 65123 0 52 65166 0 
TIME iteration: 298 ms
Round:123
IR: 0, 0, 0, 0, 0
65224 0 53 65233 0 52 65268 0 62 65268 0 63 65275 0 77 65285 0 54 65293 0 90 65293 0 91 65293 0 92 65299 0 77 65314 0 70 65315 0 71 65324 0 51 65326 0 77 65360 0 77 65385 0 53 65398 0 52 65449 0 51 65477 0 54 65578 0 53 65585 0 54 65618 0 52 65642 0 51 65650 0 67 65651 0 66 65659 0 79 65676 0 90 65676 0 91 65676 0 92 65683 0 79 65710 0 79 65715 0 54 65719 0 
TIME iteration: 299 ms
Round:124
IR: 0, 0, 0, 0, 0
65745 0 79 65750 0 75 65783 0 52 65863 0 53 65889 0 54 65907 0 51 65922 0 52 66004 0 54 66017 0 66 66017 0 67 66021 0 79 66034 0 74 66042 0 90 66042 0 91 66042 0 92 66044 0 79 66046 0 75 66047 0 53 66070 0 79 66074 0 52 66101 0 51 66102 0 79 66104 0 74 66148 0 53 66162 0 79 66175 0 54 66217 0 
TIME iteration: 299 ms
Round:125
IR: 0, 0, 0, 0, 0
66288 0 53 66306 0 52 66309 0 51 66337 0 60 66338 0 61 66346 0 76 66362 0 90 66362 0 91 66362 0 92 66370 0 76 66377 0 53 66379 0 54 66397 0 76 66411 0 51 66422 0 52 66424 0 68 66430 0 69 66432 0 76 66516 0 54 66525 0 53 66556 0 52 66585 0 51 66661 0 61 66666 0 76 66671 0 60 66675 0 53 66687 0 51 66689 0 76 66690 0 68 66690 0 90 66690 0 91 66690 0 92 66691 0 69 66697 0 52 66715 0 76 66724 0 54 66746 0 
TIME iteration: 299 ms
Round:126
IR: 0, 0, 0, 0, 0
66794 0 76 66861 0 52 66861 0 53 66868 0 54 66891 0 51 66990 0 54 67029 0 67 67031 0 66 67039 0 79 67047 0 52 67050 0 51 67055 0 90 67055 0 91 67055 0 92 67063 0 79 67089 0 75 67090 0 79 67093 0 74 67125 0 79 67126 0 53 67175 0 51 67205 0 52 67213 0 54 67250 0 51 67273 0 
TIME iteration: 299 ms
Round:127
IR: 0, 0, 0, 0, 0
67335 0 51 67338 0 60 67338 0 61 67339 0 52 67345 0 76 67362 0 90 67362 0 91 67362 0 92 67369 0 76 67377 0 69 67378 0 68 67381 0 54 67396 0 76 67419 0 51 67430 0 76 67438 0 53 67554 0 51 67565 0 52 67570 0 53 67577 0 54 67677 0 53 67695 0 51 67695 0 64 67696 0 65 67701 0 60 67701 0 61 67704 0 76 67704 0 78 67713 0 52 67721 0 90 67721 0 91 67721 0 92 67722 0 68 67722 0 69 67727 0 76 67728 0 78 67736 0 54 67753 0 76 67755 0 78 67773 0 53 67785 0 76 67790 0 78 67792 0 72 67793 0 73 67815 0 69 67839 0 
TIME iteration: 299 ms
Round:128
IR: 0, 0, 0, 0, 0
67850 0 90 67850 0 91 67850 0 92 67893 0 52 67904 0 51 67907 0 54 67940 0 53 68049 0 51 68095 0 54 68163 0 52 68163 0 53 68182 0 51 68209 0 61 68210 0 60 68215 0 76 68238 0 68 68239 0 76 68239 0 90 68239 0 91 68239 0 92 68245 0 54 68248 0 69 68266 0 76 68299 0 76 68307 0 51 68313 0 53 68352 0 52 68366 0 
TIME iteration: 298 ms
Round:129
IR: 0, 0, 0, 0, 0
68408 0 54 68424 0 51 68488 0 53 68495 0 52 68582 0 54 68588 0 51 68598 0 61 68599 0 60 68603 0 76 68619 0 68 68623 0 69 68625 0 90 68625 0 91 68625 0 92 68627 0 76 68632 0 53 68653 0 76 68656 0 52 68686 0 76 68709 0 68 68747 0 76 68751 0 54 68759 0 53 68789 0 51 68876 0 
TIME iteration: 298 ms
Round:130
IR: 0, 0, 0, 0, 0
68913 0 51 68935 0 54 68935 0 60 68935 0 61 68939 0 76 68950 0 69 68960 0 90 68960 0 91 68960 0 92 68961 0 68 68962 0 76 68985 0 53 68988 0 76 69012 0 52 69014 0 69 69020 0 76 69037 0 54 69072 0 51 69076 0 76 69115 0 52 69139 0 53 69145 0 54 69170 0 51 69208 0 60 69209 0 61 69212 0 76 69219 0 68 69222 0 52 69228 0 69 69232 0 90 69232 0 91 69232 0 92 69235 0 76 69252 0 53 69261 0 76 69276 0 68 69293 0 76 69312 0 69 69321 0 54 69347 0 76 69350 0 52 69401 0 
TIME iteration: 300 ms
Round:131
IR: 0, 0, 0, 0, 0
69442 0 51 69447 0 54 69457 0 52 69551 0 53 69576 0 54 69580 0 52 69583 0 62 69583 0 63 69591 0 66 69591 0 77 69592 0 67 69600 0 65 69600 0 79 69601 0 64 69609 0 78 69609 0 90 69609 0 91 69609 0 92 69615 0 77 69624 0 79 69627 0 51 69633 0 78 69642 0 77 69651 0 79 69660 0 78 69672 0 70 69676 0 77 69678 0 71 69681 0 53 69684 0 73 69685 0 75 69686 0 79 69687 0 74 69690 0 72 69695 0 78 69724 0 90 69724 0 91 69724 0 92 69726 0 52 69791 0 51 69810 0 54 69820 0 
TIME iteration: 300 ms
Round:132
IR: 0, 0, 0, 0, 0
69961 0 51 69962 0 52 69981 0 53 70034 0 54 70121 0 52 70127 0 53 70136 0 64 70137 0 65 70142 0 78 70165 0 62 70165 0 63 70166 0 78 70166 0 90 70166 0 91 70166 0 92 70170 0 54 70171 0 77 70175 0 73 70177 0 72 70190 0 51 70193 0 78 70195 0 77 70206 0 71 70207 0 70 70222 0 77 70226 0 78 70256 0 77 70289 0 90 70289 0 91 70289 0 92 70293 0 78 70318 0 52 70332 0 77 70339 0 54 70364 0 53 70381 0 51 70477 0 
TIME iteration: 299 ms
Round:133
IR: 0, 0, 0, 0, 0
70491 0 52 70529 0 53 70545 0 51 70606 0 52 70627 0 54 70645 0 62 70645 0 63 70651 0 77 70662 0 67 70663 0 66 70671 0 79 70674 0 70 70674 0 71 70674 0 90 70674 0 91 70674 0 92 70675 0 77 70695 0 79 70698 0 53 70702 0 77 70716 0 51 70722 0 52 70722 0 79 70727 0 74 70728 0 75 70736 0 77 70757 0 79 70786 0 54 70801 0 90 70801 0 91 70801 0 92 70812 0 77 70868 0 51 70879 0 52 70895 0 53 70903 0 54 70970 0 51 71001 0 53 71012 0 
TIME iteration: 299 ms
Round:134
IR: 0, 0, 0, 0, 0
71051 0 54 71112 0 52 71125 0 51 71126 0 53 71131 0 62 71131 0 63 71137 0 77 71145 0 64 71145 0 65 71153 0 78 71154 0 60 71154 0 61 71158 0 70 71159 0 71 71160 0 90 71160 0 91 71160 0 92 71161 0 77 71162 0 76 71177 0 78 71186 0 76 71188 0 77 71202 0 73 71204 0 72 71204 0 78 71213 0 76 71222 0 77 71238 0 78 71245 0 52 71246 0 68 71246 0 69 71247 0 76 71255 0 51 71267 0 54 71275 0 90 71275 0 91 71275 0 92 71287 0 53 71298 0 77 71354 0 54 71379 0 51 71387 0 52 71396 0 53 71463 0 54 71486 0 51 71519 0 53 71542 0 
TIME iteration: 299 ms
Round:135
IR: 0, 0, 0, 0, 0
71586 0 54 71601 0 65 71601 0 66 71601 0 67 71605 0 64 71608 0 78 71609 0 79 71626 0 90 71626 0 91 71626 0 92 71632 0 78 71633 0 79 71634 0 72 71634 0 73 71658 0 74 71659 0 78 71660 0 79 71661 0 75 71678 0 51 71685 0 52 71692 0 78 71695 0 79 71734 0 54 71757 0 78 71757 0 90 71757 0 91 71757 0 92 71789 0 53 71815 0 51 71834 0 52 71856 0 54 71911 0 53 71960 0 51 71972 0 54 71985 0 
TIME iteration: 305 ms
Round:136
IR: 0, 0, 0, 0, 0
72081 0 54 72089 0 66 72089 0 67 72095 0 79 72106 0 53 72118 0 90 72118 0 91 72118 0 92 72119 0 79 72121 0 51 72121 0 74 72121 0 75 72128 0 52 72146 0 79 72180 0 79 72248 0 54 72264 0 52 72336 0 51 72380 0 53 72390 0 52 72411 0 54 72453 0 63 72454 0 62 72462 0 77 72473 0 67 72474 0 66 72478 0 79 72479 0 90 72479 0 91 72479 0 92 72486 0 77 72494 0 75 72495 0 52 72496 0 74 72502 0 79 72512 0 51 72513 0 77 72521 0 70 72528 0 79 72532 0 71 72543 0 54 72548 0 77 72561 0 79 72577 0 75 72578 0 53 72602 0 90 72602 0 91 72602 0 
TIME iteration: 299 ms
Round:137
IR: 0, 0, 0, 0, 0
72627 0 79 72633 0 51 72675 0 52 72764 0 51 72764 0 52 72779 0 53 72839 0 54 72875 0 51 72888 0 52 72912 0 62 72912 0 63 72917 0 53 72917 0 77 72920 0 60 72921 0 61 72929 0 76 72941 0 77 72941 0 90 72941 0 91 72941 0 92 72944 0 70 72945 0 71 72953 0 76 72968 0 77 72980 0 76 72990 0 51 73000 0 54 73001 0 69 73001 0 77 73007 0 68 73015 0 76 73022 0 52 73053 0 53 73067 0 77 73072 0 90 73072 0 91 73072 0 92 73092 0 
TIME iteration: 299 ms
Round:138
IR: 0, 0, 0, 0, 0
73172 0 52 73220 0 54 73224 0 53 73247 0 51 73316 0 52 73359 0 53 73388 0 54 73429 0 52 73440 0 62 73441 0 63 73447 0 77 73470 0 90 73470 0 91 73470 0 92 73471 0 77 73473 0 70 73473 0 71 73498 0 77 73502 0 53 73532 0 77 73544 0 51 73544 0 52 73611 0 54 73613 0 77 73638 0 
TIME iteration: 299 ms
Round:139
IR: 0, 0, 0, 0, 0
73691 0 51 73710 0 52 73766 0 53 73777 0 54 73805 0 64 73807 0 65 73814 0 78 73832 0 90 73832 0 91 73832 0 92 73838 0 78 73855 0 51 73865 0 78 73890 0 72 73897 0 73 73899 0 78 73920 0 52 73932 0 54 73987 0 53 74045 0 54 74102 0 51 74113 0 53 74138 0 65 74139 0 64 74141 0 78 74148 0 52 74163 0 90 74163 0 91 74163 0 92 74164 0 72 74164 0 73 74164 0 78 74190 0 78 74199 0 
TIME iteration: 299 ms
Round:140
IR: 0, 0, 0, 0, 0
74222 0 78 74263 0 51 74275 0 78 74280 0 53 74342 0 52 74357 0 54 74405 0 53 74450 0 51 74481 0 64 74488 0 65 74489 0 78 74494 0 52 74501 0 72 74501 0 73 74506 0 54 74510 0 90 74510 0 91 74510 0 92 74513 0 78 74539 0 78 74569 0 73 74570 0 72 74572 0 78 74609 0 51 74615 0 53 74633 0 78 74668 0 52 74669 0 
TIME iteration: 299 ms
Round:141
IR: 0, 0, 0, 0, 0
74753 0 53 74775 0 51 74778 0 64 74778 0 65 74782 0 78 74800 0 72 74800 0 73 74802 0 90 74802 0 91 74802 0 92 74805 0 78 74807 0 52 74831 0 78 74855 0 54 74863 0 78 74898 0 72 74918 0 78 74919 0 52 74924 0 53 74944 0 51 75023 0 52 75034 0 54 75055 0 51 75067 0 53 75096 0 65 75097 0 64 75100 0 78 75110 0 73 75121 0 72 75121 0 90 75121 0 91 75121 0 92 75123 0 78 75149 0 78 75170 0 73 75181 0 78 75196 0 54 75206 0 51 75231 0 53 75236 0 
TIME iteration: 299 ms
Round:142
IR: 0, 0, 0, 0, 0
75279 0 52 75305 0 54 75360 0 53 75371 0 51 75397 0 54 75404 0 65 75405 0 64 75408 0 78 75418 0 66 75418 0 67 75418 0 72 75427 0 73 75427 0 79 75429 0 90 75429 0 91 75429 0 92 75431 0 78 75451 0 79 75457 0 78 75478 0 72 75478 0 79 75489 0 78 75493 0 51 75499 0 54 75510 0 75 75513 0 79 75517 0 74 75534 0 53 75537 0 52 75544 0 78 75554 0 90 75554 0 91 75554 0 92 75622 0 54 75691 0 51 75698 0 52 75713 0 
TIME iteration: 299 ms
Round:143
IR: 0, 0, 0, 0, 0
75791 0 54 75856 0 52 75867 0 53 75969 0 51 76001 0 52 76004 0 54 76005 0 62 76005 0 63 76013 0 77 76027 0 66 76028 0 67 76034 0 53 76034 0 79 76036 0 90 76036 0 91 76036 0 92 76037 0 77 76058 0 79 76064 0 77 76072 0 74 76073 0 75 76085 0 79 76097 0 71 76098 0 77 76101 0 70 76108 0 54 76119 0 79 76162 0 90 76162 0 91 76162 0 92 76213 0 51 76232 0 52 76267 0 53 76290 0 
TIME iteration: 299 ms
Round:144
IR: 0, 0, 0, 0, 0
76357 0 51 76388 0 54 76426 0 53 76452 0 52 76505 0 54 76511 0 66 76511 0 67 76517 0 79 76540 0 51 76540 0 90 76540 0 91 76540 0 92 76541 0 75 76541 0 79 76542 0 74 76568 0 79 76602 0 53 76602 0 79 76612 0 52 76643 0 54 76698 0 51 76761 0 53 76766 0 52 76766 0 54 76841 0 
TIME iteration: 299 ms
Round:145
IR: 0, 0, 0, 0, 0
76852 0 67 76856 0 66 76858 0 79 76872 0 74 76872 0 75 76879 0 90 76879 0 91 76879 0 92 76881 0 79 76888 0 52 76906 0 53 76907 0 79 76939 0 79 76946 0 74 76946 0 75 76954 0 51 76970 0 54 76995 0 79 77034 0 53 77093 0 51 77126 0 52 77136 0 54 77161 0 53 77163 0 67 77164 0 66 77168 0 79 77187 0 75 77188 0 74 77188 0 90 77188 0 91 77188 0 92 77192 0 79 77218 0 79 77237 0 53 77251 0 79 77301 0 52 77316 0 79 77323 0 51 77329 0 54 77341 0 
TIME iteration: 299 ms
Round:146
IR: 0, 0, 0, 0, 0
77465 0 52 77467 0 54 77513 0 53 77531 0 67 77534 0 66 77537 0 79 77541 0 65 77542 0 64 77550 0 74 77550 0 78 77551 0 75 77558 0 90 77558 0 91 77558 0 92 77559 0 51 77561 0 79 77571 0 52 77574 0 78 77587 0 79 77601 0 78 77618 0 53 77619 0 54 77620 0 79 77621 0 74 77625 0 75 77628 0 72 77634 0 73 77636 0 78 77666 0 52 77685 0 79 77686 0 90 77686 0 91 77686 0 92 77692 0 51 77751 0 53 77802 0 52 77812 0 54 77826 0 
TIME iteration: 299 ms
Round:147
IR: 0, 0, 0, 0, 0
77910 0 53 77929 0 54 77995 0 51 78003 0 52 78031 0 53 78049 0 65 78050 0 64 78055 0 78 78076 0 54 78079 0 78 78079 0 90 78079 0 91 78079 0 92 78086 0 72 78087 0 73 78106 0 78 78139 0 78 78163 0 52 78175 0 53 78202 0 51 78206 0 78 78243 0 54 78302 0 52 78394 0 51 78418 0 53 78426 0 54 78430 0 
TIME iteration: 299 ms
Round:148
IR: 0, 0, 0, 0, 0
78446 0 62 78446 0 63 78454 0 77 78472 0 90 78472 0 91 78472 0 92 78478 0 77 78505 0 77 78533 0 70 78533 0 71 78539 0 77 78561 0 51 78583 0 52 78585 0 53 78609 0 54 78703 0 53 78727 0 52 78740 0 51 78760 0 62 78761 0 63 78763 0 77 78783 0 71 78784 0 70 78785 0 90 78785 0 91 78785 0 92 78786 0 77 78812 0 77 78833 0 54 78838 0 51 78844 0 77 78847 0 52 78890 0 53 78897 0 77 78960 0 
TIME iteration: 299 ms
Round:149
IR: 0, 0, 0, 0, 0
79037 0 51 79041 0 52 79058 0 53 79090 0 54 79125 0 66 79125 0 67 79134 0 79 79150 0 90 79150 0 91 79150 0 92 79158 0 79 79176 0 52 79185 0 79 79204 0 75 79211 0 74 79213 0 54 79220 0 79 79233 0 53 79262 0 51 79316 0 52 79328 0 54 79399 0 66 79399 0 67 79401 0 79 79419 0 75 79420 0 74 79423 0 90 79423 0 91 79423 0 92 79424 0 79 79450 0 79 79460 0 53 79463 0 51 79482 0 
TIME iteration: 299 ms
Round:150
IR: 0, 0, 0, 0, 0
79501 0 54 79506 0 75 79526 0 74 79536 0 79 79581 0 52 79589 0 51 79631 0 53 79662 0 54 79683 0 67 79684 0 66 79687 0 79 79706 0 74 79706 0 75 79707 0 90 79707 0 91 79707 0 92 79710 0 79 79736 0 79 79753 0 53 79768 0 79 79786 0 54 79814 0 52 79825 0 79 79846 0 51 79915 0 54 79949 0 53 79967 0 
TIME iteration: 299 ms
Round:151
IR: 0, 0, 0, 0, 0
80094 0 54 80100 0 51 80103 0 52 80103 0 66 80103 0 67 80108 0 79 80116 0 62 80117 0 63 80124 0 75 80125 0 74 80125 0 77 80129 0 90 80129 0 91 80129 0 92 80132 0 79 80147 0 53 80149 0 77 80159 0 79 80176 0 77 80188 0 70 80188 0 71 80192 0 79 80209 0 51 80211 0 77 80236 0 52 80252 0 54 80255 0 90 80255 0 91 80255 0 92 80266 0 79 80276 0 53 80362 0 51 80407 0 52 80408 0 53 80440 0 54 80500 0 51 80525 0 53 80546 0 
TIME iteration: 299 ms
Round:152
IR: 0, 0, 0, 0, 0
80582 0 64 80583 0 65 80591 0 78 80612 0 90 80612 0 91 80612 0 92 80615 0 78 80636 0 54 80642 0 78 80671 0 53 80672 0 72 80677 0 78 80682 0 73 80725 0 52 80739 0 51 80802 0 54 80818 0 53 80878 0 51 80890 0 64 80894 0 65 80895 0 78 80902 0 52 80915 0 72 80916 0 73 80917 0 90 80917 0 91 80917 0 92 80918 0 78 80938 0 54 80944 0 78 80971 0 53 80976 0 78 81027 0 52 81030 0 78 81078 0 54 81085 0 
TIME iteration: 305 ms
Round:153
IR: 0, 0, 0, 0, 0
81094 0 51 81158 0 52 81187 0 53 81202 0 64 81202 0 65 81206 0 78 81215 0 72 81216 0 73 81226 0 90 81226 0 91 81226 0 92 81229 0 78 81255 0 78 81274 0 72 81279 0 73 81287 0 78 81312 0 52 81316 0 53 81339 0 51 81343 0 78 81425 0 52 81448 0 54 81466 0 53 81494 0 65 81495 0 64 81498 0 78 81514 0 72 81517 0 73 81518 0 90 81518 0 91 81518 0 92 81521 0 78 81547 0 78 81566 0 51 81579 0 78 81581 0 54 81609 0 53 81614 0 
TIME iteration: 299 ms
Round:154
IR: 0, 0, 0, 0, 0
81634 0 78 81647 0 52 81681 0 51 81684 0 54 81760 0 53 81798 0 64 81799 0 65 81802 0 78 81811 0 73 81814 0 51 81815 0 52 81823 0 72 81823 0 90 81823 0 91 81823 0 92 81825 0 78 81837 0 54 81851 0 78 81869 0 73 81883 0 78 81918 0 53 81938 0 78 81949 0 52 81984 0 51 81984 0 54 82050 0 53 82104 0 65 82110 0 64 82111 0 78 82121 0 72 82129 0 73 82131 0 90 82131 0 91 82131 0 92 82134 0 
TIME iteration: 299 ms
Round:155
IR: 0, 0, 0, 0, 0
82160 0 78 82161 0 52 82165 0 54 82185 0 72 82187 0 51 82192 0 78 82214 0 53 82247 0 78 82285 0 52 82292 0 54 82314 0 51 82344 0 53 82411 0 64 82412 0 65 82415 0 78 82424 0 73 82434 0 72 82436 0 90 82436 0 91 82436 0 92 82438 0 78 82448 0 52 82464 0 78 82484 0 73 82494 0 53 82496 0 78 82551 0 54 82551 0 78 82623 0 51 82666 0 52 82678 0 
TIME iteration: 298 ms
Round:156
IR: 0, 0, 0, 0, 0
82775 0 54 82786 0 52 82786 0 53 82790 0 51 82790 0 64 82790 0 65 82795 0 78 82808 0 72 82816 0 73 82816 0 90 82816 0 91 82816 0 92 82819 0 78 82846 0 78 82879 0 78 82881 0 72 82914 0 53 82940 0 54 82944 0 78 82990 0 51 83068 0 52 83120 0 51 83126 0 54 83140 0 53 83187 0 65 83189 0 64 83193 0 78 83200 0 52 83202 0 61 83209 0 
TIME iteration: 299 ms
Round:157
IR: 0, 0, 0, 0, 0
83214 0 90 83214 0 91 83214 0 92 83217 0 78 83219 0 72 83220 0 76 83244 0 78 83252 0 51 83252 0 76 83258 0 54 83277 0 78 83307 0 76 83309 0 53 83342 0 78 83361 0 90 83361 0 91 83361 0 92 83391 0 52 83399 0 54 83475 0 51 83525 0 52 83537 0 53 83583 0 54 83638 0 52 83664 0 51 83688 0 62 83688 0 63 83696 0 77 83709 0 53 83718 0 90 83718 0 91 83718 0 92 83720 0 77 83738 0 
TIME iteration: 299 ms
Round:158
IR: 0, 0, 0, 0, 0
83743 0 52 83747 0 77 83780 0 70 83781 0 77 83784 0 71 83855 0 53 83862 0 51 83877 0 52 83889 0 54 83978 0 52 83980 0 53 83985 0 62 83985 0 63 83987 0 77 84007 0 71 84008 0 70 84009 0 90 84009 0 91 84009 0 92 84010 0 77 84017 0 54 84036 0 77 84067 0 77 84113 0 51 84118 0 52 84118 0 77 84123 0 53 84216 0 54 84266 0 
TIME iteration: 298 ms
Round:159
IR: 0, 0, 0, 0, 0
84278 0 53 84307 0 51 84341 0 63 84344 0 62 84347 0 77 84360 0 70 84360 0 71 84368 0 90 84368 0 91 84368 0 92 84371 0 77 84397 0 77 84403 0 54 84430 0 77 84433 0 70 84434 0 71 84458 0 51 84463 0 53 84491 0 77 84496 0 54 84545 0 52 84604 0 51 84650 0 53 84692 0 54 84707 0 51 84720 0 60 84720 0 61 84728 0 76 84746 0 90 84746 0 91 84746 0 92 84752 0 76 84754 0 52 84779 0 
TIME iteration: 299 ms
Round:160
IR: 0, 0, 0, 0, 0
84800 0 68 84804 0 69 84813 0 76 84833 0 51 84851 0 53 84887 0 52 84915 0 54 84992 0 51 85029 0 53 85037 0 60 85037 0 61 85040 0 76 85055 0 52 85060 0 68 85061 0 69 85061 0 90 85061 0 91 85061 0 92 85063 0 76 85089 0 76 85106 0 54 85121 0 76 85140 0 51 85175 0 76 85193 0 52 85195 0 53 85295 0 54 85303 0 51 85318 0 52 85323 0 
TIME iteration: 298 ms
Round:161
IR: 0, 0, 0, 0, 0
85447 0 53 85451 0 64 85452 0 65 85460 0 78 85461 0 51 85470 0 60 85470 0 61 85475 0 76 85478 0 90 85478 0 91 85478 0 92 85484 0 78 85486 0 52 85493 0 54 85493 0 68 85494 0 69 85499 0 76 85511 0 78 85526 0 76 85539 0 72 85546 0 78 85549 0 73 85559 0 76 85599 0 53 85603 0 90 85603 0 91 85603 0 92 85625 0 76 85626 0 52 85636 0 51 85733 0 53 85740 0 54 85791 0 52 85803 0 51 85846 0 
TIME iteration: 299 ms
Round:162
IR: 0, 0, 0, 0, 0
85889 0 54 85940 0 64 85951 0 78 85962 0 51 85963 0 52 85981 0 78 85981 0 90 85981 0 91 85981 0 92 86025 0 78 86027 0 54 86030 0 53 86056 0 52 86153 0 54 86169 0 51 86173 0 53 86210 0 52 86277 0 53 86306 0 64 86307 0 65 86311 0 78 86333 0 73 86334 0 72 86335 0 78 86335 0 90 86335 0 91 86335 0 92 86339 0 54 86349 0 51 86361 0 78 86373 0 
TIME iteration: 298 ms
Round:163
IR: 0, 0, 0, 0, 0
86394 0 78 86432 0 53 86455 0 78 86484 0 54 86491 0 51 86537 0 52 86563 0 53 86636 0 51 86638 0 52 86643 0 54 86671 0 62 86671 0 63 86679 0 77 86695 0 61 86697 0 60 86697 0 90 86697 0 91 86697 0 92 86703 0 77 86704 0 76 86721 0 53 86728 0 52 86728 0 76 86730 0 77 86739 0 51 86755 0 54 86755 0 76 86757 0 70 86764 0 68 86764 0 77 86768 0 69 86781 0 71 86789 0 76 86819 0 90 86819 0 91 86819 0 92 86828 0 51 86861 0 54 86865 0 
TIME iteration: 299 ms
Round:164
IR: 0, 0, 0, 0, 0
86938 0 51 86959 0 53 86973 0 54 87036 0 52 87086 0 51 87111 0 53 87120 0 54 87158 0 61 87159 0 60 87160 0 66 87162 0 67 87163 0 76 87170 0 79 87184 0 90 87184 0 91 87184 0 92 87187 0 76 87190 0 69 87191 0 68 87194 0 79 87213 0 76 87221 0 79 87246 0 76 87253 0 74 87256 0 79 87258 0 52 87262 0 75 87264 0 51 87269 0 53 87281 0 54 87307 0 76 87315 0 90 87315 0 91 87315 0 92 87381 0 53 87433 0 
TIME iteration: 299 ms
Round:165
IR: 0, 0, 0, 0, 0
87456 0 52 87462 0 54 87470 0 53 87572 0 51 87624 0 53 87639 0 52 87651 0 65 87653 0 64 87660 0 78 87680 0 54 87681 0 90 87681 0 91 87681 0 92 87684 0 78 87693 0 51 87711 0 78 87719 0 72 87722 0 53 87726 0 73 87745 0 78 87821 0 52 87823 0 54 87830 0 51 87880 0 53 87938 0 54 87942 0 52 87945 0 
TIME iteration: 298 ms
Round:166
IR: 0, 0, 0, 0, 0
88003 0 61 88004 0 60 88011 0 76 88025 0 67 88029 0 90 88029 0 91 88029 0 92 88035 0 76 88043 0 79 88050 0 51 88054 0 68 88055 0 69 88062 0 76 88075 0 79 88096 0 76 88101 0 52 88131 0 54 88134 0 79 88145 0 53 88169 0 90 88169 0 91 88169 0 92 88230 0 51 88237 0 52 88270 0 54 88389 0 52 88390 0 53 88398 0 54 88427 0 
TIME iteration: 298 ms
Round:167
IR: 0, 0, 0, 0, 0
88520 0 54 88524 0 52 88531 0 66 88531 0 67 88538 0 79 88546 0 62 88546 0 63 88554 0 77 88558 0 51 88561 0 90 88561 0 91 88561 0 92 88562 0 79 88571 0 75 88573 0 74 88578 0 77 88589 0 79 88595 0 53 88605 0 77 88623 0 79 88632 0 70 88637 0 71 88639 0 77 88642 0 54 88654 0 52 88660 0 51 88690 0 90 88690 0 91 88690 0 92 88719 0 53 88784 0 52 88796 0 54 88901 0 51 88925 0 53 88931 0 52 88958 0 
TIME iteration: 299 ms
Round:168
IR: 0, 0, 0, 0, 0
89094 0 51 89095 0 52 89100 0 53 89107 0 62 89107 0 63 89113 0 77 89137 0 77 89138 0 90 89138 0 91 89138 0 92 89147 0 71 89148 0 70 89150 0 54 89164 0 77 89198 0 77 89212 0 53 89266 0 51 89274 0 77 89289 0 52 89313 0 54 89361 0 51 89361 0 53 89419 0 52 89468 0 63 89470 0 62 89474 0 77 89484 0 54 89490 0 71 89491 0 70 89495 0 90 89495 0 91 89495 0 92 89498 0 77 89506 0 51 89525 0 77 89540 0 52 89558 0 77 89568 0 
TIME iteration: 299 ms
Round:169
IR: 0, 0, 0, 0, 0
89577 0 71 89583 0 54 89596 0 51 89623 0 77 89658 0 52 89678 0 53 89694 0 54 89725 0 51 89803 0 53 89817 0 54 89825 0 65 89826 0 64 89826 0 66 89826 0 67 89834 0 78 89835 0 79 89846 0 51 89848 0 60 89848 0 61 89849 0 90 89849 0 91 89849 0 92 89851 0 52 89856 0 76 89858 0 78 89859 0 79 89880 0 76 89885 0 78 89886 0 79 89892 0 74 89898 0 75 89907 0 76 89909 0 73 89920 0 72 89920 0 78 89921 0 79 89936 0 68 89940 0 69 89941 0 76 89943 0 54 89945 0 53 89946 0 51 89963 0 90 89963 0 91 89963 0 92 90060 0 51 90063 0 52 90092 0 54 90096 0 
TIME iteration: 307 ms
Round:170
IR: 0, 0, 0, 0, 0
90209 0 51 90213 0 53 90221 0 52 90304 0 51 90308 0 60 90309 0 61 90313 0 76 90321 0 54 90327 0 53 90328 0 65 90329 0 64 90334 0 78 90337 0 76 90337 0 90 90337 0 91 90337 0 92 90343 0 68 90343 0 69 90358 0 78 90363 0 76 90365 0 73 90366 0 72 90382 0 52 90385 0 78 90396 0 76 90418 0 78 90457 0 76 90460 0 51 90462 0 90 90462 0 91 90462 0 92 90473 0 53 90485 0 78 90498 0 54 90544 0 
TIME iteration: 299 ms
Round:171
IR: 0, 0, 0, 0, 0
90657 0 51 90689 0 53 90719 0 54 90726 0 52 90781 0 51 90830 0 53 90840 0 61 90841 0 60 90847 0 76 90870 0 90 90870 0 91 90870 0 92 90871 0 76 90873 0 68 90873 0 69 90888 0 54 90895 0 52 90898 0 76 90909 0 51 90932 0 76 91013 0 54 91013 0 76 91039 0 52 91040 0 51 91066 0 
TIME iteration: 299 ms
Round:172
IR: 0, 0, 0, 0, 0
91160 0 52 91162 0 54 91172 0 51 91187 0 53 91192 0 60 91192 0 61 91196 0 76 91206 0 62 91206 0 63 91211 0 68 91211 0 69 91214 0 77 91217 0 90 91217 0 91 91217 0 92 91219 0 76 91238 0 77 91245 0 76 91265 0 77 91277 0 76 91278 0 54 91287 0 70 91288 0 68 91292 0 69 91292 0 71 91293 0 51 91299 0 77 91306 0 52 91333 0 76 91342 0 53 91342 0 90 91342 0 91 91342 0 92 91373 0 54 91452 0 51 91487 0 53 91491 0 54 91594 0 52 91606 0 51 91653 0 
TIME iteration: 299 ms
Round:173
IR: 0, 0, 0, 0, 0
91701 0 67 91703 0 66 91711 0 53 91711 0 79 91732 0 90 91732 0 91 91732 0 92 91735 0 79 91740 0 51 91758 0 54 91762 0 79 91768 0 52 91784 0 74 91792 0 75 91797 0 79 91900 0 51 91905 0 54 91921 0 53 91926 0 52 91984 0 54 91993 0 66 91993 0 67 91996 0 79 92014 0 74 92015 0 75 92017 0 90 92017 0 91 92017 0 92 92019 0 79 92036 0 51 92045 0 79 92052 0 53 92072 0 52 92077 0 79 92105 0 74 92121 0 54 92133 0 79 92137 0 51 92175 0 
TIME iteration: 299 ms
Round:174
IR: 0, 0, 0, 0, 0
92223 0 53 92301 0 51 92328 0 52 92335 0 53 92346 0 54 92360 0 62 92361 0 63 92368 0 65 92368 0 77 92369 0 64 92376 0 61 92377 0 78 92379 0 60 92386 0 66 92386 0 67 92386 0 76 92386 0 90 92386 0 91 92386 0 92 92391 0 79 92392 0 77 92401 0 78 92403 0 51 92406 0 75 92410 0 76 92415 0 79 92417 0 74 92419 0 77 92428 0 71 92428 0 78 92430 0 70 92437 0 76 92442 0 79 92446 0 68 92447 0 69 92453 0 72 92453 0 77 92455 0 54 92456 0 73 92463 0 78 92469 0 52 92471 0 53 92472 0 76 92475 0 79 92496 0 90 92496 0 91 92496 0 92 92505 0 75 92548 0 79 92593 0 54 92603 0 51 92650 0 53 92663 0 
TIME iteration: 299 ms
Round:175
IR: 0, 0, 0, 0, 0
92756 0 51 92792 0 54 92817 0 53 92878 0 52 92900 0 65 92910 0 64 92911 0 78 92915 0 51 92927 0 60 92927 0 61 92933 0 76 92934 0 90 92934 0 91 92934 0 92 92935 0 78 92943 0 72 92943 0 73 92944 0 54 92948 0 53 92957 0 76 92962 0 78 92966 0 69 92968 0 68 92984 0 76 92995 0 78 93006 0 51 93018 0 76 93032 0 52 93058 0 54 93059 0 90 93059 0 91 93059 0 92 93063 0 78 93094 0 76 93122 0 51 93172 0 53 93174 0 52 93241 0 
TIME iteration: 299 ms
Round:176
IR: 0, 0, 0, 0, 0
93303 0 53 93306 0 52 93317 0 54 93371 0 51 93393 0 60 93393 0 61 93399 0 76 93421 0 68 93422 0 69 93422 0 90 93422 0 91 93422 0 92 93423 0 76 93450 0 76 93472 0 53 93475 0 52 93484 0 76 93560 0 76 93567 0 51 93604 0 54 93611 0 53 93616 0 52 93750 0 51 93767 0 52 93785 0 53 93796 0 62 93796 0 63 93804 0 
TIME iteration: 298 ms
Round:177
IR: 0, 0, 0, 0, 0
93816 0 60 93818 0 64 93818 0 65 93820 0 61 93822 0 90 93822 0 91 93822 0 92 93823 0 76 93826 0 78 93828 0 77 93841 0 68 93842 0 69 93846 0 54 93847 0 76 93850 0 78 93855 0 77 93873 0 71 93873 0 72 93874 0 76 93876 0 70 93876 0 73 93877 0 78 93885 0 51 93889 0 77 93907 0 76 93911 0 78 93935 0 90 93935 0 91 93935 0 92 93946 0 53 93972 0 76 94010 0 52 94013 0 54 94026 0 51 94084 0 53 94174 0 51 94196 0 54 94232 0 53 94270 0 52 94294 0 64 94296 0 65 94300 0 78 94304 0 54 94323 0 66 94324 0 78 94324 0 90 94324 0 91 94324 0 92 94327 0 72 94327 0 
TIME iteration: 299 ms
Round:178
IR: 0, 0, 0, 0, 0
94343 0 79 94351 0 78 94359 0 51 94374 0 53 94376 0 79 94384 0 78 94433 0 52 94441 0 79 94450 0 78 94465 0 90 94465 0 91 94465 0 92 94514 0 54 94516 0 53 94519 0 51 94566 0 52 94613 0 53 94620 0 51 94678 0 52 94733 0 51 94736 0 53 94737 0 54 94767 0 61 94768 0 60 94770 0 64 94772 0 65 94775 0 76 94777 0 78 94794 0 90 94794 0 91 94794 0 92 94798 0 72 94798 0 73 94799 0 76 94801 0 78 94802 0 52 94823 0 68 94823 0 69 94826 0 76 94828 0 78 94845 0 53 94860 0 76 94862 0 
TIME iteration: 299 ms
Round:179
IR: 0, 0, 0, 0, 0
94883 0 54 94888 0 51 94925 0 90 94925 0 91 94925 0 92 94937 0 78 94962 0 52 95043 0 51 95063 0 53 95092 0 52 95102 0 54 95193 0 52 95223 0 51 95230 0 53 95236 0 63 95237 0 62 95245 0 54 95245 0 77 95266 0 90 95266 0 91 95266 0 92 95269 0 77 95296 0 77 95307 0 52 95315 0 71 95320 0 70 95331 0 77 95368 0 53 95388 0 
TIME iteration: 299 ms
Round:180
IR: 0, 0, 0, 0, 0
95401 0 51 95413 0 52 95515 0 52 95517 0 51 95521 0 62 95522 0 63 95524 0 77 95537 0 53 95539 0 54 95543 0 70 95543 0 71 95546 0 90 95546 0 91 95546 0 92 95547 0 77 95573 0 77 95605 0 77 95620 0 51 95640 0 52 95658 0 77 95723 0 54 95738 0 52 95792 0 53 95843 0 52 95844 0 62 95844 0 63 95848 0 77 95858 0 70 95858 0 71 95868 0 90 95868 0 91 95868 0 92 95871 0 77 95897 0 77 95908 0 54 95920 0 51 95920 0 71 95921 0 70 95929 0 
TIME iteration: 299 ms
Round:181
IR: 0, 0, 0, 0, 0
95942 0 53 95976 0 52 95985 0 77 96010 0 51 96062 0 54 96088 0 53 96134 0 51 96146 0 52 96168 0 62 96169 0 63 96172 0 60 96172 0 77 96174 0 61 96181 0 76 96191 0 70 96191 0 71 96193 0 90 96193 0 91 96193 0 92 96195 0 77 96205 0 76 96221 0 77 96222 0 53 96232 0 76 96246 0 68 96253 0 77 96254 0 69 96256 0 51 96266 0 76 96308 0 77 96322 0 90 96322 0 91 96322 0 92 96355 0 52 96366 0 53 96366 0 54 96399 0 
TIME iteration: 299 ms
Round:182
IR: 0, 0, 0, 0, 0
96474 0 52 96505 0 54 96516 0 51 96534 0 53 96640 0 54 96650 0 52 96661 0 51 96679 0 61 96680 0 60 96680 0 67 96681 0 66 96685 0 76 96689 0 79 96703 0 62 96705 0 90 96705 0 91 96705 0 92 96709 0 76 96713 0 79 96715 0 69 96716 0 68 96716 0 77 96725 0 54 96736 0 76 96740 0 79 96746 0 77 96749 0 53 96760 0 51 96769 0 76 96772 0 74 96775 0 79 96783 0 75 96792 0 77 96825 0 90 96825 0 91 96825 0 92 96836 0 76 96844 0 54 96856 0 53 96918 0 52 96921 0 
TIME iteration: 299 ms
Round:183
IR: 0, 0, 0, 0, 0
96995 0 54 97059 0 52 97132 0 54 97175 0 66 97175 0 67 97176 0 52 97176 0 53 97181 0 79 97186 0 51 97195 0 62 97195 0 63 97201 0 77 97204 0 90 97204 0 91 97204 0 92 97205 0 79 97211 0 74 97212 0 75 97225 0 77 97228 0 71 97229 0 70 97232 0 79 97252 0 77 97266 0 79 97269 0 52 97286 0 77 97291 0 51 97294 0 54 97330 0 90 97330 0 91 97330 0 92 97334 0 53 97362 0 77 97427 0 52 97442 0 54 97477 0 53 97480 0 51 97510 0 
TIME iteration: 300 ms
Round:184
IR: 0, 0, 0, 0, 0
97541 0 54 97613 0 51 97632 0 53 97673 0 54 97682 0 66 97682 0 67 97688 0 79 97711 0 90 97711 0 91 97711 0 92 97712 0 79 97713 0 75 97714 0 74 97719 0 52 97739 0 79 97753 0 53 97773 0 79 97795 0 51 97846 0 52 97864 0 54 97878 0 53 97948 0 52 97952 0 51 98008 0 54 98021 0 62 98022 0 63 98023 0 53 98029 0 77 98047 0 90 98047 0 91 98047 0 92 98048 0 
TIME iteration: 299 ms
Round:185
IR: 0, 0, 0, 0, 0
98053 0 77 98071 0 71 98073 0 70 98080 0 77 98095 0 51 98114 0 77 98162 0 52 98193 0 53 98195 0 54 98285 0 52 98319 0 51 98319 0 62 98319 0 63 98321 0 77 98334 0 54 98336 0 71 98337 0 70 98343 0 90 98343 0 91 98343 0 92 98344 0 77 98370 0 77 98375 0 53 98401 0 77 98404 0 71 98412 0 70 98452 0 77 98463 0 54 98474 0 53 98483 0 52 98569 0 51 98577 0 
TIME iteration: 298 ms
Round:186
IR: 0, 0, 0, 0, 0
98609 0 54 98628 0 64 98632 0 65 98638 0 78 98654 0 90 98654 0 91 98654 0 92 98662 0 78 98682 0 53 98689 0 78 98692 0 51 98722 0 52 98723 0 78 98727 0 73 98728 0 72 98796 0 54 98828 0 52 98831 0 51 98872 0 53 98960 0 51 98967 0 52 98979 0 53 98981 0 54 98982 0 64 98982 0 65 98985 0 78 98993 0 63 98994 0 62 98995 0 60 98997 0 61 99000 0 77 99004 0 76 99007 0 90 99007 0 91 99007 0 92 99008 0 78 99009 0 72 99009 0 73 99024 0 77 99028 0 76 99034 0 78 99041 0 70 99041 0 71 99051 0 77 99055 0 76 99066 0 78 99085 0 77 99089 0 76 99092 0 68 99100 0 53 99100 0 
TIME iteration: 308 ms
Round:187
IR: 0, 0, 0, 0, 0
99120 0 78 99122 0 90 99122 0 91 99122 0 92 99128 0 54 99145 0 52 99166 0 77 99177 0 51 99230 0 54 99245 0 53 99303 0 51 99336 0 52 99345 0 53 99401 0 54 99446 0 51 99466 0 52 99467 0 53 99472 0 60 99472 0 61 99472 0 64 99472 0 65 99477 0 76 99478 0 78 99496 0 90 99496 0 91 99496 0 92 99500 0 73 99501 0 72 99501 0 76 99502 0 78 99507 0 68 99508 0 69 99528 0 76 99529 0 78 99548 0 54 99561 0 76 99563 0 78 99590 0 51 99594 0 53 99607 0 52 99627 0 76 99627 0 90 99627 0 91 99627 0 92 99639 0 
TIME iteration: 299 ms
Round:188
IR: 0, 0, 0, 0, 0
99691 0 54 99705 0 53 99706 0 51 99745 0 52 99807 0 54 99822 0 53 99832 0 51 99915 0 52 99975 0 53 99985 0 54 99992 0 65 99993 0 64 99999 0 78 100015 0 66 100015 0 67 100022 0 90 100022 0 91 100022 0 92 100023 0 72 100023 0 73 100023 0 78 100024 0 79 100044 0 52 100048 0 79 100050 0 78 100075 0 79 100084 0 78 100093 0 53 100105 0 75 100108 0 74 100111 0 79 100126 0 51 100139 0 54 100147 0 90 100147 0 91 100147 0 92 100165 0 
TIME iteration: 299 ms
Round:189
IR: 0, 0, 0, 0, 0
100227 0 52 100235 0 53 100255 0 51 100298 0 54 100397 0 52 100421 0 53 100435 0 51 100471 0 54 100543 0 52 100543 0 67 100552 0 66 100554 0 79 100565 0 62 100565 0 63 100573 0 77 100578 0 79 100578 0 90 100578 0 91 100578 0 92 100586 0 75 100587 0 74 100597 0 77 100605 0 79 100608 0 54 100624 0 77 100639 0 53 100639 0 79 100648 0 51 100648 0 71 100650 0 70 100658 0 77 100675 0 
TIME iteration: 298 ms
Round:190
IR: 0, 0, 0, 0, 0
100706 0 90 100706 0 91 100706 0 92 100719 0 54 100794 0 53 100846 0 54 100863 0 52 100969 0 53 100974 0 51 101013 0 52 101014 0 54 101082 0 67 101084 0 66 101089 0 79 101113 0 79 101113 0 90 101113 0 91 101113 0 92 101116 0 75 101117 0 74 101132 0 52 101140 0 79 101169 0 53 101174 0 79 101186 0 51 101211 0 54 101228 0 
TIME iteration: 298 ms
Round:191
IR: 0, 0, 0, 0, 0
101309 0 53 101330 0 52 101360 0 51 101386 0 54 101399 0 63 101403 0 62 101408 0 77 101421 0 53 101426 0 90 101426 0 91 101426 0 92 101432 0 77 101439 0 52 101455 0 71 101458 0 70 101459 0 77 101463 0 51 101493 0 77 101495 0 54 101545 0 52 101570 0 53 101631 0 51 101692 0 53 101719 0 54 101722 0 52 101753 0 62 101753 0 63 101756 0 
TIME iteration: 298 ms
Round:192
IR: 0, 0, 0, 0, 0
101767 0 65 101771 0 64 101776 0 71 101777 0 70 101777 0 78 101778 0 90 101778 0 91 101778 0 92 101779 0 77 101801 0 78 101805 0 77 101828 0 78 101835 0 51 101837 0 77 101838 0 53 101848 0 73 101855 0 72 101862 0 78 101882 0 52 101891 0 77 101902 0 90 101902 0 91 101902 0 92 101912 0 54 101960 0 51 101973 0 53 101991 0 52 102045 0 54 102071 0 52 102086 0 51 102116 0 53 102166 0 52 102172 0 54 102178 0 63 102180 0 62 102184 0 77 102201 0 70 102201 0 71 102207 0 90 102207 0 91 102207 0 92 102208 0 77 102232 0 51 102235 0 77 102248 0 53 102253 0 52 102268 0 
TIME iteration: 299 ms
Round:193
IR: 0, 0, 0, 0, 0
102334 0 77 102374 0 52 102374 0 53 102388 0 51 102494 0 52 102502 0 54 102509 0 62 102509 0 63 102513 0 77 102523 0 70 102523 0 71 102534 0 90 102534 0 91 102534 0 92 102536 0 77 102562 0 77 102586 0 70 102586 0 71 102594 0 77 102618 0 53 102635 0 51 102650 0 77 102658 0 54 102716 0 53 102724 0 52 102795 0 
TIME iteration: 298 ms
Round:194
IR: 0, 0, 0, 0, 0
102826 0 53 102830 0 51 102845 0 65 102846 0 64 102853 0 78 102870 0 90 102870 0 91 102870 0 92 102874 0 52 102877 0 78 102904 0 78 102910 0 73 102911 0 72 102932 0 54 102938 0 78 102947 0 53 102975 0 51 102989 0 52 103029 0 54 103104 0 53 103134 0 54 103155 0 52 103160 0 66 103160 0 67 103166 0 51 103169 0 79 103173 0 64 103177 0 65 103178 0 78 103184 0 90 103184 0 91 103184 0 92 103193 0 79 103197 0 73 103198 0 72 103201 0 78 103220 0 79 103227 0 78 103245 0 53 103248 0 75 103255 0 79 103257 0 74 103259 0 78 103262 0 54 103308 0 90 103308 0 91 103308 0 92 103310 0 52 103313 0 
TIME iteration: 299 ms
Round:195
IR: 0, 0, 0, 0, 0
103377 0 51 103397 0 53 103461 0 52 103473 0 54 103524 0 51 103550 0 53 103613 0 54 103654 0 51 103679 0 52 103679 0 61 103680 0 60 103688 0 76 103704 0 66 103709 0 90 103709 0 91 103709 0 92 103712 0 76 103717 0 79 103739 0 76 103748 0 79 103749 0 54 103763 0 51 103773 0 53 103774 0 69 103774 0 76 103777 0 68 103797 0 79 103833 0 52 103853 0 54 103854 0 90 103854 0 91 103854 0 
TIME iteration: 299 ms
Round:196
IR: 0, 0, 0, 0, 0
103926 0 51 103990 0 54 104004 0 53 104023 0 52 104100 0 54 104105 0 51 104142 0 52 104161 0 53 104194 0 66 104208 0 79 104236 0 90 104236 0 91 104236 0 92 104239 0 79 104243 0 54 104258 0 52 104263 0 51 104288 0 79 104352 0 54 104355 0 53 104403 0 
TIME iteration: 298 ms
Round:197
IR: 0, 0, 0, 0, 0
104416 0 52 104506 0 54 104509 0 53 104547 0 51 104573 0 52 104592 0 60 104592 0 61 104600 0 76 104613 0 66 104617 0 62 104619 0 63 104621 0 90 104621 0 91 104621 0 92 104624 0 76 104625 0 79 104626 0 77 104650 0 77 104651 0 68 104651 0 76 104654 0 69 104655 0 79 104677 0 77 104685 0 76 104687 0 54 104701 0 79 104704 0 70 104706 0 71 104708 0 51 104711 0 77 104723 0 53 104738 0 90 104738 0 91 104738 0 92 104748 0 52 104834 0 51 104876 0 53 104907 0 54 104924 0 
TIME iteration: 299 ms
Round:198
IR: 0, 0, 0, 0, 0
105044 0 51 105063 0 53 105064 0 54 105091 0 52 105138 0 63 105139 0 62 105144 0 77 105168 0 77 105168 0 90 105168 0 91 105168 0 92 105173 0 53 105175 0 71 105177 0 70 105193 0 54 105195 0 77 105228 0 77 105229 0 52 105262 0 51 105291 0 53 105295 0 77 105317 0 54 105344 0 52 105368 0 51 105434 0 53 105454 0 52 105454 0 54 105464 0 62 105464 0 63 105468 0 
TIME iteration: 299 ms
Round:199
IR: 0, 0, 0, 0, 0
105479 0 51 105482 0 70 105482 0 71 105489 0 90 105489 0 91 105489 0 92 105491 0 77 105517 0 77 105549 0 77 105555 0 70 105555 0 71 105563 0 52 105569 0 53 105585 0 54 105605 0 77 105629 0 51 105700 0 52 105708 0 54 105724 0 62 105725 0 63 105728 0 77 105743 0 70 105744 0 71 105748 0 90 105748 0 91 105748 0 92 105751 0 77 105767 0 53 105777 0 77 105809 0 77 105816 0 70 105820 0 51 105822 0 71 105844 0 52 105849 0 54 105863 0 77 105955 0 51 105976 0 
TIME iteration: 299 ms
