Round:0
IR: 0, 0, 0, 0, 0
337 0 52 339 0 54 347 0 51 422 0 53 465 0 54 482 0 66 483 0 67 489 0 51 492 0 52 492 0 79 505 0 60 507 0 61 511 0 63 512 0 62 515 0 76 516 0 79 520 0 77 523 0 90 523 0 91 523 0 92 527 0 
TIME iteration: 461 ms
Round:1
IR: 0, 0, 0, 0, 0
539 0 76 543 0 79 544 0 77 566 0 76 571 0 77 578 0 79 596 0 51 601 0 76 606 0 54 606 0 77 640 0 90 640 0 91 640 0 92 654 0 52 702 0 53 745 0 54 786 0 52 841 0 53 847 0 51 865 0 54 913 0 52 977 0 51 977 0 53 988 0 63 992 0 62 993 0 54 995 0 77 1004 0 66 1004 0 67 1005 0 64 1007 0 65 1010 0 79 1014 0 78 1015 0 71 1017 0 70 1019 0 77 1019 0 90 1019 0 91 1019 0 92 1033 0 75 1034 0 74 1034 0 79 1038 0 78 1046 0 77 1057 0 
TIME iteration: 299 ms
Round:2
IR: 0, 0, 0, 0, 0
1061 0 79 1065 0 78 1079 0 77 1095 0 79 1099 0 78 1110 0 72 1114 0 73 1118 0 53 1129 0 51 1134 0 54 1135 0 90 1135 0 91 1135 0 92 1144 0 77 1201 0 52 1240 0 51 1311 0 53 1321 0 54 1370 0 52 1414 0 51 1473 0 53 1494 0 52 1495 0 54 1516 0 62 1516 0 63 1522 0 77 1532 0 64 1536 0 65 1540 0 78 1545 0 90 1545 0 91 1545 0 92 1546 0 70 1546 0 71 1546 0 77 1564 0 78 1572 0 73 1573 0 72 1573 0 77 1574 0 
TIME iteration: 300 ms
Round:3
IR: 0, 0, 0, 0, 0
1591 0 78 1607 0 77 1625 0 78 1626 0 52 1626 0 53 1672 0 90 1672 0 91 1672 0 92 1683 0 54 1683 0 77 1700 0 78 1749 0 52 1752 0 51 1761 0 53 1824 0 54 1865 0 51 1888 0 53 1900 0 52 1954 0 54 2025 0 53 2026 0 67 2030 0 66 2036 0 79 2039 0 64 2039 0 65 2045 0 78 2048 0 51 2055 0 52 2058 0 90 2058 0 91 2058 0 92 2060 0 79 2069 0 72 2069 0 78 2071 0 73 2085 0 75 2087 0 79 2089 0 74 2096 0 
TIME iteration: 298 ms
Round:4
IR: 0, 0, 0, 0, 0
2122 0 79 2128 0 53 2130 0 78 2174 0 54 2189 0 90 2189 0 91 2189 0 92 2206 0 78 2213 0 51 2256 0 53 2271 0 52 2333 0 54 2359 0 51 2400 0 53 2414 0 52 2504 0 51 2541 0 54 2555 0 52 2558 0 60 2558 0 61 2566 0 76 2571 0 53 2576 0 62 2577 0 63 2584 0 77 2588 0 90 2588 0 91 2588 0 92 2590 0 76 2608 0 77 2617 0 76 2635 0 77 2637 0 71 2638 0 70 2644 0 68 2648 0 
TIME iteration: 298 ms
Round:5
IR: 0, 0, 0, 0, 0
2651 0 76 2662 0 51 2669 0 77 2673 0 53 2706 0 52 2715 0 90 2715 0 91 2715 0 92 2722 0 54 2794 0 53 2828 0 52 2863 0 51 2893 0 54 2918 0 53 2955 0 52 3001 0 53 3018 0 64 3019 0 65 3026 0 78 3047 0 90 3047 0 91 3047 0 92 3050 0 78 3053 0 54 3055 0 51 3074 0 72 3076 0 73 3077 0 78 3083 0 52 3111 0 78 3163 0 
TIME iteration: 299 ms
Round:6
IR: 0, 0, 0, 0, 0
3191 0 54 3231 0 52 3275 0 51 3337 0 54 3409 0 67 3411 0 66 3419 0 79 3436 0 90 3436 0 91 3436 0 92 3443 0 79 3455 0 51 3455 0 54 3464 0 53 3470 0 79 3483 0 75 3487 0 74 3494 0 52 3505 0 79 3560 0 54 3634 0 51 3645 0 52 3675 0 53 3676 0 54 3693 0 66 3693 0 67 3695 0 
TIME iteration: 299 ms
Round:7
IR: 0, 0, 0, 0, 0
3713 0 74 3713 0 75 3717 0 90 3717 0 91 3717 0 92 3718 0 79 3744 0 79 3767 0 52 3773 0 51 3775 0 79 3792 0 74 3794 0 75 3829 0 79 3928 0 54 3936 0 53 3963 0 51 3974 0 52 4040 0 53 4086 0 54 4094 0 66 4095 0 67 4100 0 79 4107 0 51 4113 0 65 4114 0 64 4119 0 52 4121 0 78 4121 0 90 4121 0 91 4121 0 92 4124 0 74 4124 0 79 4125 0 75 4138 0 53 4145 0 78 4151 0 79 4172 0 78 4179 0 72 4181 0 73 4184 0 79 4189 0 51 4206 0 78 4234 0 
TIME iteration: 299 ms
Round:8
IR: 0, 0, 0, 0, 0
4245 0 90 4245 0 91 4245 0 92 4282 0 53 4293 0 51 4308 0 52 4361 0 54 4451 0 51 4504 0 54 4522 0 53 4525 0 52 4626 0 53 4654 0 64 4654 0 65 4660 0 78 4680 0 51 4684 0 78 4684 0 90 4684 0 91 4684 0 92 4689 0 73 4692 0 52 4692 0 72 4711 0 78 4745 0 78 4748 0 
TIME iteration: 300 ms
Round:9
IR: 0, 0, 0, 0, 0
4821 0 78 4834 0 51 4867 0 53 4873 0 52 4887 0 54 5004 0 54 5028 0 66 5028 0 67 5036 0 79 5044 0 51 5054 0 90 5054 0 91 5054 0 92 5060 0 79 5065 0 53 5082 0 74 5083 0 75 5087 0 79 5113 0 52 5122 0 79 5132 0 54 5206 0 51 5216 0 53 5298 0 
TIME iteration: 299 ms
Round:10
IR: 0, 0, 0, 0, 0
5307 0 54 5357 0 53 5369 0 51 5416 0 65 5417 0 64 5424 0 78 5442 0 90 5442 0 91 5442 0 92 5448 0 78 5456 0 54 5465 0 72 5465 0 73 5475 0 78 5481 0 53 5488 0 52 5509 0 78 5513 0 51 5602 0 52 5639 0 54 5658 0 53 5699 0 52 5735 0 62 5736 0 63 5744 0 77 5760 0 90 5760 0 91 5760 0 92 5768 0 77 5772 0 51 5781 0 54 5795 0 77 5796 0 53 5826 0 
TIME iteration: 299 ms
Round:11
IR: 0, 0, 0, 0, 0
5830 0 77 5838 0 52 5843 0 70 5892 0 54 5894 0 51 5912 0 53 5954 0 52 5995 0 62 5995 0 63 5997 0 77 6015 0 71 6016 0 70 6018 0 90 6018 0 91 6018 0 92 6020 0 77 6046 0 77 6050 0 51 6077 0 77 6091 0 71 6100 0 53 6103 0 70 6128 0 77 6152 0 54 6181 0 52 6226 0 51 6281 0 53 6301 0 54 6316 0 52 6325 0 62 6325 0 63 6329 0 77 6350 0 70 6350 0 71 6350 0 90 6350 0 91 6350 0 92 6352 0 
TIME iteration: 299 ms
Round:12
IR: 0, 0, 0, 0, 0
6378 0 77 6385 0 51 6410 0 77 6456 0 52 6461 0 54 6466 0 77 6550 0 53 6571 0 54 6639 0 51 6661 0 53 6724 0 54 6734 0 66 6734 0 67 6743 0 79 6759 0 64 6760 0 90 6760 0 91 6760 0 92 6767 0 79 6770 0 51 6776 0 53 6777 0 78 6794 0 79 6802 0 52 6809 0 78 6810 0 75 6816 0 74 6829 0 79 6864 0 
TIME iteration: 299 ms
Round:13
IR: 0, 0, 0, 0, 0
6899 0 90 6899 0 91 6899 0 92 6911 0 54 6917 0 51 6918 0 53 6956 0 52 7022 0 53 7065 0 54 7098 0 51 7104 0 52 7173 0 53 7225 0 54 7233 0 52 7239 0 51 7259 0 65 7261 0 62 7262 0 63 7269 0 77 7272 0 78 7274 0 64 7282 0 66 7287 0 67 7287 0 90 7287 0 91 7287 0 92 7291 0 79 7293 0 77 7295 0 53 7296 0 78 7310 0 73 7312 0 72 7315 0 79 7317 0 71 7318 0 70 7320 0 77 7322 0 78 7324 0 74 7325 0 75 7342 0 79 7347 0 52 7348 0 51 7354 0 77 7355 0 78 7376 0 79 7398 0 54 7401 0 90 7401 0 91 7401 0 92 7417 0 
TIME iteration: 300 ms
Round:14
IR: 0, 0, 0, 0, 0
7442 0 53 7458 0 52 7484 0 51 7572 0 54 7593 0 53 7605 0 52 7626 0 51 7753 0 53 7760 0 54 7772 0 51 7790 0 60 7790 0 61 7791 0 64 7791 0 65 7795 0 52 7797 0 78 7798 0 76 7815 0 90 7815 0 91 7815 0 92 7821 0 78 7822 0 76 7824 0 72 7825 0 73 7848 0 78 7849 0 76 7878 0 68 7879 0 69 7882 0 78 7883 0 76 7913 0 51 7946 0 90 7946 0 91 7946 0 
TIME iteration: 299 ms
Round:15
IR: 0, 0, 0, 0, 0
7958 0 78 7960 0 54 7985 0 53 8010 0 52 8117 0 51 8164 0 53 8184 0 54 8249 0 51 8271 0 52 8278 0 53 8307 0 54 8313 0 65 8315 0 64 8320 0 78 8331 0 60 8335 0 61 8339 0 76 8344 0 78 8344 0 90 8344 0 91 8344 0 92 8346 0 72 8347 0 73 8363 0 76 8368 0 53 8371 0 78 8373 0 69 8374 0 68 8390 0 76 8403 0 51 8405 0 78 8424 0 76 8460 0 54 8471 0 90 8471 0 91 8471 0 
TIME iteration: 299 ms
Round:16
IR: 0, 0, 0, 0, 0
8481 0 78 8499 0 76 8500 0 53 8540 0 52 8615 0 51 8668 0 54 8679 0 53 8739 0 52 8758 0 54 8769 0 53 8793 0 51 8807 0 64 8808 0 65 8813 0 78 8825 0 66 8826 0 67 8834 0 79 8836 0 72 8837 0 73 8837 0 78 8837 0 90 8837 0 91 8837 0 92 8858 0 79 8864 0 78 8869 0 52 8885 0 53 8885 0 79 8897 0 78 8902 0 75 8905 0 74 8920 0 79 8946 0 54 8964 0 78 8964 0 90 8964 0 91 8964 0 92 8967 0 
TIME iteration: 307 ms
Round:17
IR: 0, 0, 0, 0, 0
9012 0 52 9017 0 53 9090 0 51 9110 0 52 9134 0 54 9206 0 53 9227 0 51 9279 0 52 9294 0 54 9322 0 63 9324 0 62 9331 0 77 9353 0 90 9353 0 91 9353 0 92 9355 0 77 9382 0 77 9406 0 71 9415 0 70 9416 0 77 9428 0 54 9440 0 51 9443 0 53 9465 0 
TIME iteration: 299 ms
Round:18
IR: 0, 0, 0, 0, 0
9600 0 51 9605 0 52 9606 0 54 9643 0 62 9644 0 63 9646 0 77 9668 0 70 9668 0 71 9668 0 90 9668 0 91 9668 0 92 9669 0 77 9679 0 53 9695 0 77 9727 0 77 9743 0 52 9744 0 51 9748 0 54 9780 0 77 9847 0 51 9858 0 53 9871 0 54 9939 0 52 9999 0 53 10022 0 54 10039 0 67 10041 0 51 10041 0 66 10049 0 79 10050 0 64 10054 0 65 10059 0 52 10060 0 78 10065 0 61 10066 0 62 10066 0 63 10066 0 90 10066 0 91 10066 0 
TIME iteration: 299 ms
Round:19
IR: 0, 0, 0, 0, 0
10071 0 77 10073 0 79 10083 0 76 10084 0 78 10087 0 71 10088 0 70 10095 0 77 10100 0 79 10108 0 74 10110 0 75 10111 0 78 10115 0 76 10120 0 72 10122 0 77 10123 0 73 10135 0 79 10145 0 78 10155 0 77 10168 0 53 10170 0 76 10177 0 90 10177 0 91 10177 0 92 10178 0 71 10184 0 54 10187 0 70 10195 0 52 10221 0 77 10265 0 51 10316 0 53 10338 0 54 10359 0 52 10460 0 54 10485 0 51 10488 0 53 10515 0 52 10523 0 67 10524 0 66 10529 0 79 10545 0 63 10546 0 62 10551 0 77 10551 0 90 10551 0 91 10551 0 92 10553 0 79 10557 0 74 10558 0 75 10575 0 77 10580 0 79 10581 0 70 10581 0 
TIME iteration: 299 ms
Round:20
IR: 0, 0, 0, 0, 0
10602 0 54 10602 0 77 10614 0 79 10633 0 53 10635 0 77 10648 0 51 10649 0 52 10675 0 90 10675 0 91 10675 0 92 10693 0 79 10702 0 77 10713 0 54 10736 0 52 10828 0 53 10841 0 54 10846 0 51 10849 0 52 11000 0 53 11008 0 51 11013 0 54 11021 0 52 11045 0 62 11045 0 63 11051 0 77 11053 0 67 11054 0 66 11060 0 79 11074 0 90 11074 0 91 11074 0 92 11075 0 70 11075 0 71 11075 0 77 11084 0 75 11084 0 79 11086 0 74 11102 0 77 11111 0 
TIME iteration: 299 ms
Round:21
IR: 0, 0, 0, 0, 0
11136 0 77 11142 0 54 11145 0 79 11152 0 53 11170 0 51 11199 0 52 11205 0 90 11205 0 91 11205 0 92 11212 0 77 11311 0 54 11344 0 51 11347 0 53 11418 0 52 11437 0 54 11484 0 51 11500 0 53 11582 0 52 11603 0 54 11617 0 66 11617 0 67 11623 0 79 11643 0 62 11645 0 63 11647 0 79 11648 0 90 11648 0 91 11648 0 92 11651 0 77 11652 0 74 11652 0 
TIME iteration: 298 ms
Round:22
IR: 0, 0, 0, 0, 0
11674 0 79 11675 0 77 11676 0 51 11680 0 70 11680 0 71 11702 0 77 11708 0 79 11736 0 77 11745 0 52 11759 0 54 11766 0 53 11772 0 90 11772 0 91 11772 0 92 11796 0 51 11913 0 51 11933 0 52 11934 0 53 11967 0 54 12014 0 51 12054 0 53 12074 0 60 12077 0 61 12083 0 54 12084 0 76 12104 0 90 12104 0 91 12104 0 92 12108 0 76 12117 0 52 12135 0 76 12138 0 51 12167 0 69 12170 0 76 12174 0 68 12185 0 
TIME iteration: 298 ms
Round:23
IR: 0, 0, 0, 0, 0
12209 0 53 12216 0 52 12243 0 51 12324 0 54 12350 0 53 12377 0 51 12383 0 52 12383 0 60 12383 0 61 12386 0 76 12406 0 69 12407 0 68 12407 0 90 12407 0 91 12407 0 92 12409 0 76 12435 0 76 12467 0 76 12505 0 53 12521 0 76 12534 0 54 12542 0 52 12574 0 51 12616 0 53 12654 0 
TIME iteration: 298 ms
Round:24
IR: 0, 0, 0, 0, 0
12723 0 52 12729 0 51 12734 0 53 12745 0 65 12746 0 64 12754 0 78 12771 0 90 12771 0 91 12771 0 92 12778 0 78 12805 0 78 12836 0 54 12839 0 73 12840 0 78 12845 0 72 12868 0 52 12878 0 51 12908 0 53 13022 0 52 13032 0 54 13108 0 51 13127 0 53 13146 0 54 13155 0 52 13156 0 64 13157 0 65 13161 0 78 13166 0 63 13167 0 62 13167 0 66 13168 0 67 13175 0 77 13176 0 79 13183 0 90 13183 0 91 13183 0 92 13185 0 78 13187 0 73 13188 0 72 13199 0 77 13200 0 79 13211 0 78 13226 0 77 13227 0 79 13244 0 71 13244 0 78 13245 0 74 13245 0 75 13246 0 
TIME iteration: 299 ms
Round:25
IR: 0, 0, 0, 0, 0
13261 0 77 13262 0 79 13299 0 90 13299 0 91 13299 0 92 13305 0 78 13345 0 51 13349 0 53 13357 0 54 13361 0 52 13485 0 52 13486 0 51 13515 0 54 13528 0 53 13595 0 52 13619 0 63 13620 0 62 13624 0 77 13648 0 77 13648 0 90 13648 0 91 13648 0 92 13651 0 71 13654 0 70 13674 0 77 13683 0 51 13707 0 77 13710 0 52 13716 0 53 13731 0 54 13768 0 
TIME iteration: 298 ms
Round:26
IR: 0, 0, 0, 0, 0
13825 0 52 13826 0 53 13828 0 51 13869 0 54 13923 0 53 13947 0 64 13948 0 65 13955 0 78 13971 0 52 13972 0 90 13972 0 91 13972 0 92 13979 0 78 13988 0 54 13995 0 72 13996 0 73 14006 0 51 14006 0 78 14040 0 78 14054 0 53 14086 0 54 14106 0 52 14175 0 51 14226 0 52 14238 0 53 14246 0 54 14296 0 
TIME iteration: 298 ms
Round:27
IR: 0, 0, 0, 0, 0
14318 0 62 14322 0 63 14326 0 66 14327 0 77 14331 0 60 14332 0 61 14332 0 67 14338 0 79 14340 0 76 14346 0 90 14346 0 91 14346 0 92 14351 0 52 14351 0 77 14361 0 71 14362 0 79 14364 0 70 14364 0 76 14378 0 77 14389 0 79 14391 0 76 14398 0 74 14398 0 75 14399 0 54 14412 0 77 14415 0 68 14424 0 69 14424 0 79 14426 0 76 14428 0 53 14435 0 51 14462 0 90 14462 0 91 14462 0 92 14509 0 52 14597 0 51 14605 0 53 14620 0 54 14707 0 52 14765 0 51 14767 0 53 14774 0 54 14809 0 52 14837 0 62 14837 0 
TIME iteration: 299 ms
Round:28
IR: 0, 0, 0, 0, 0
14842 0 77 14866 0 77 14866 0 90 14866 0 91 14866 0 92 14870 0 70 14870 0 71 14893 0 77 14904 0 54 14913 0 52 14926 0 77 14951 0 51 14964 0 53 14992 0 77 15019 0 52 15071 0 51 15109 0 54 15147 0 53 15148 0 52 15163 0 63 15164 0 62 15168 0 77 15180 0 70 15181 0 71 15188 0 90 15188 0 91 15188 0 92 15192 0 77 15218 0 77 15230 0 51 15250 0 70 15251 0 77 15255 0 71 15279 0 54 15296 0 53 15304 0 52 15312 0 
TIME iteration: 298 ms
Round:29
IR: 0, 0, 0, 0, 0
15385 0 51 15418 0 52 15425 0 53 15433 0 62 15433 0 63 15436 0 77 15453 0 70 15454 0 71 15456 0 90 15456 0 91 15456 0 92 15459 0 77 15479 0 54 15485 0 77 15517 0 77 15522 0 51 15535 0 53 15544 0 71 15548 0 70 15571 0 77 15587 0 52 15600 0 54 15704 0 52 15710 0 62 15710 0 63 15713 0 77 15731 0 70 15732 0 71 15733 0 90 15733 0 91 15733 0 92 15736 0 77 15741 0 51 15742 0 54 15762 0 77 15773 0 53 15794 0 77 15827 0 70 15848 0 77 15893 0 
TIME iteration: 298 ms
Round:30
IR: 0, 0, 0, 0, 0
15915 0 52 15919 0 54 15984 0 53 16051 0 51 16078 0 52 16097 0 62 16098 0 63 16102 0 77 16117 0 71 16119 0 61 16122 0 60 16123 0 90 16123 0 91 16123 0 92 16126 0 77 16127 0 70 16129 0 76 16142 0 54 16152 0 77 16153 0 76 16177 0 53 16180 0 76 16185 0 77 16187 0 51 16206 0 69 16207 0 71 16209 0 68 16215 0 76 16230 0 52 16245 0 90 16245 0 91 16245 0 92 16246 0 77 16313 0 53 16324 0 54 16346 0 51 16393 0 
TIME iteration: 298 ms
Round:31
IR: 0, 0, 0, 0, 0
16518 0 54 16519 0 51 16541 0 52 16588 0 53 16617 0 51 16625 0 60 16625 0 61 16629 0 62 16629 0 63 16630 0 76 16635 0 77 16640 0 52 16652 0 90 16652 0 91 16652 0 92 16654 0 76 16659 0 77 16660 0 69 16660 0 70 16661 0 68 16667 0 71 16681 0 76 16686 0 77 16714 0 76 16717 0 51 16720 0 77 16754 0 52 16780 0 76 16784 0 90 16784 0 91 16784 0 92 16796 0 77 16819 0 53 16872 0 51 16890 0 54 16911 0 52 16949 0 
TIME iteration: 298 ms
Round:32
IR: 0, 0, 0, 0, 0
16987 0 51 17030 0 52 17079 0 54 17094 0 51 17098 0 53 17110 0 60 17110 0 61 17116 0 76 17139 0 90 17139 0 91 17139 0 92 17140 0 68 17140 0 69 17140 0 76 17143 0 52 17167 0 76 17201 0 76 17211 0 53 17236 0 51 17257 0 54 17277 0 76 17283 0 52 17350 0 53 17366 0 52 17396 0 54 17408 0 51 17432 0 62 17432 0 63 17439 0 77 17457 0 90 17457 0 91 17457 0 92 17463 0 77 17482 0 70 17483 0 71 17485 0 
TIME iteration: 298 ms
Round:33
IR: 0, 0, 0, 0, 0
17490 0 77 17524 0 77 17533 0 53 17547 0 51 17577 0 54 17621 0 52 17685 0 53 17720 0 54 17725 0 51 17734 0 52 17751 0 62 17751 0 63 17754 0 77 17771 0 70 17771 0 71 17775 0 90 17775 0 91 17775 0 92 17777 0 77 17803 0 77 17818 0 54 17834 0 53 17835 0 77 17857 0 70 17869 0 71 17881 0 52 17889 0 77 17924 0 51 17947 0 54 17948 0 
TIME iteration: 302 ms
Round:34
IR: 0, 0, 0, 0, 0
18038 0 51 18050 0 52 18062 0 62 18064 0 63 18067 0 77 18087 0 70 18087 0 71 18087 0 90 18087 0 91 18087 0 92 18090 0 77 18111 0 53 18116 0 77 18148 0 77 18158 0 54 18169 0 51 18174 0 52 18204 0 77 18308 0 53 18313 0 52 18383 0 51 18459 0 54 18472 0 53 18491 0 52 18497 0 63 18498 0 62 18503 0 77 18512 0 65 18514 0 64 18521 0 71 18521 0 78 18522 0 70 18524 0 90 18524 0 91 18524 0 92 18527 0 77 18545 0 78 18547 0 
TIME iteration: 298 ms
Round:35
IR: 0, 0, 0, 0, 0
18554 0 77 18572 0 78 18587 0 77 18606 0 78 18607 0 73 18615 0 72 18625 0 52 18627 0 53 18635 0 54 18650 0 90 18650 0 91 18650 0 92 18654 0 77 18733 0 52 18743 0 51 18766 0 53 18830 0 52 18853 0 51 18859 0 54 18900 0 53 18975 0 52 18978 0 51 18990 0 62 18991 0 63 18996 0 60 18996 0 77 18997 0 61 19005 0 76 19018 0 70 19018 0 90 19018 0 91 19018 0 92 19019 0 71 19020 0 77 19029 0 76 19036 0 54 19047 0 77 19056 0 76 19063 0 
TIME iteration: 298 ms
Round:36
IR: 0, 0, 0, 0, 0
19080 0 77 19081 0 68 19088 0 69 19091 0 76 19112 0 52 19134 0 51 19147 0 77 19149 0 90 19149 0 91 19149 0 92 19183 0 53 19239 0 54 19260 0 52 19335 0 53 19374 0 51 19420 0 52 19479 0 53 19486 0 54 19518 0 65 19522 0 64 19528 0 78 19550 0 90 19550 0 91 19550 0 92 19552 0 78 19579 0 78 19583 0 72 19583 0 73 19584 0 52 19594 0 
TIME iteration: 298 ms
Round:37
IR: 0, 0, 0, 0, 0
19613 0 78 19619 0 53 19650 0 54 19699 0 52 19700 0 51 19762 0 53 19787 0 54 19795 0 52 19806 0 51 19839 0 62 19839 0 63 19845 0 60 19845 0 61 19847 0 77 19852 0 76 19864 0 90 19864 0 91 19864 0 92 19871 0 77 19876 0 76 19888 0 54 19889 0 70 19891 0 71 19898 0 77 19900 0 68 19902 0 69 19903 0 76 19907 0 53 19932 0 77 19937 0 76 19977 0 52 19993 0 90 19993 0 91 19993 0 92 20001 0 53 20010 0 54 20059 0 51 20094 0 52 20117 0 
TIME iteration: 298 ms
Round:38
IR: 0, 0, 0, 0, 0
20153 0 51 20157 0 54 20213 0 52 20241 0 53 20291 0 51 20317 0 54 20321 0 60 20321 0 61 20326 0 76 20329 0 64 20338 0 65 20341 0 78 20350 0 76 20350 0 90 20350 0 91 20350 0 92 20353 0 68 20353 0 69 20365 0 78 20367 0 52 20377 0 76 20385 0 72 20387 0 73 20392 0 78 20396 0 51 20410 0 76 20426 0 78 20433 0 54 20462 0 53 20476 0 76 20479 0 90 20479 0 91 20479 0 92 20523 0 52 20534 0 51 20573 0 
TIME iteration: 298 ms
Round:39
IR: 0, 0, 0, 0, 0
20672 0 53 20688 0 51 20716 0 52 20716 0 54 20816 0 53 20848 0 51 20851 0 54 20865 0 66 20865 0 67 20874 0 79 20876 0 60 20876 0 61 20882 0 76 20886 0 65 20888 0 64 20893 0 78 20895 0 90 20895 0 91 20895 0 92 20898 0 79 20906 0 76 20910 0 68 20910 0 69 20917 0 52 20917 0 78 20925 0 73 20925 0 79 20926 0 72 20933 0 76 20944 0 78 20956 0 74 20960 0 79 20961 0 75 20967 0 76 20978 0 78 20979 0 54 20992 0 53 21000 0 51 21010 0 90 21010 0 91 21010 0 92 21043 0 76 21054 0 78 21114 0 54 21136 0 52 21147 0 
TIME iteration: 298 ms
Round:40
IR: 0, 0, 0, 0, 0
21243 0 54 21257 0 51 21261 0 52 21337 0 53 21358 0 54 21364 0 66 21365 0 67 21370 0 79 21384 0 52 21393 0 90 21393 0 91 21393 0 92 21394 0 79 21402 0 74 21402 0 75 21421 0 79 21425 0 51 21455 0 79 21524 0 52 21541 0 53 21637 0 51 21677 0 54 21682 0 52 21717 0 
TIME iteration: 297 ms
Round:41
IR: 0, 0, 0, 0, 0
21810 0 51 21835 0 54 21847 0 60 21847 0 61 21849 0 53 21854 0 64 21854 0 65 21855 0 76 21857 0 52 21862 0 62 21862 0 63 21862 0 78 21868 0 67 21869 0 66 21870 0 77 21874 0 79 21875 0 90 21875 0 91 21875 0 92 21879 0 76 21886 0 78 21894 0 77 21898 0 74 21898 0 79 21900 0 75 21904 0 69 21905 0 68 21906 0 76 21911 0 72 21912 0 73 21913 0 78 21921 0 77 21925 0 79 21940 0 76 21947 0 78 21951 0 71 21952 0 70 21955 0 77 21958 0 79 21963 0 51 21981 0 54 21986 0 90 21986 0 91 21986 0 92 21989 0 53 22015 0 52 22095 0 51 22099 0 54 22133 0 52 22158 0 53 22216 0 54 22258 0 
TIME iteration: 298 ms
Round:42
IR: 0, 0, 0, 0, 0
22307 0 53 22370 0 64 22371 0 65 22374 0 52 22376 0 78 22391 0 51 22394 0 54 22398 0 60 22399 0 61 22399 0 90 22399 0 91 22399 0 92 22400 0 78 22404 0 72 22404 0 73 22404 0 76 22427 0 78 22428 0 76 22435 0 69 22436 0 68 22455 0 76 22460 0 78 22488 0 76 22521 0 52 22521 0 90 22521 0 91 22521 0 92 22527 0 78 22532 0 53 22555 0 76 22577 0 51 22578 0 54 22670 0 53 22737 0 54 22762 0 
TIME iteration: 298 ms
Round:43
IR: 0, 0, 0, 0, 0
22804 0 51 22841 0 53 22903 0 52 22903 0 54 22915 0 64 22922 0 65 22925 0 78 22936 0 67 22937 0 66 22945 0 79 22949 0 78 22949 0 90 22949 0 91 22949 0 92 22951 0 72 22952 0 73 22954 0 51 22969 0 79 22976 0 78 22988 0 52 22994 0 53 22996 0 79 22999 0 75 23000 0 74 23010 0 78 23031 0 79 23057 0 51 23077 0 90 23077 0 91 23077 0 92 23089 0 78 23109 0 54 23120 0 53 23151 0 52 23205 0 51 23238 0 54 23266 0 
TIME iteration: 298 ms
Round:44
IR: 0, 0, 0, 0, 0
23355 0 51 23397 0 53 23408 0 54 23413 0 52 23430 0 64 23431 0 65 23437 0 78 23456 0 66 23456 0 67 23460 0 73 23460 0 90 23460 0 91 23460 0 92 23461 0 72 23461 0 78 23462 0 79 23486 0 79 23488 0 78 23489 0 53 23492 0 74 23492 0 75 23513 0 79 23514 0 51 23522 0 78 23547 0 79 23565 0 54 23584 0 90 23584 0 91 23584 0 92 23603 0 78 23614 0 52 23619 0 53 23677 0 54 23685 0 51 23728 0 52 23752 0 53 23815 0 51 23826 0 54 23847 0 
TIME iteration: 298 ms
Round:45
IR: 0, 0, 0, 0, 0
23866 0 53 23904 0 63 23906 0 62 23907 0 64 23908 0 65 23913 0 77 23913 0 78 23924 0 54 23931 0 90 23931 0 91 23931 0 92 23935 0 73 23936 0 72 23937 0 77 23937 0 78 23963 0 52 23964 0 77 23964 0 78 23988 0 71 23993 0 53 23993 0 70 23997 0 78 23998 0 77 24011 0 51 24062 0 90 24062 0 91 24062 0 92 24064 0 78 24069 0 54 24121 0 53 24130 0 51 24132 0 52 24247 0 52 24302 0 54 24327 0 51 24342 0 
TIME iteration: 298 ms
Round:46
IR: 0, 0, 0, 0, 0
24398 0 52 24421 0 62 24422 0 63 24427 0 77 24451 0 77 24451 0 90 24451 0 91 24451 0 92 24453 0 51 24459 0 70 24459 0 71 24478 0 77 24485 0 54 24511 0 77 24565 0 51 24578 0 77 24617 0 52 24617 0 54 24657 0 53 24729 0 51 24742 0 52 24748 0 54 24790 0 63 24791 0 62 24791 0 66 24791 0 67 24795 0 77 24800 0 79 24811 0 70 24813 0 71 24814 0 90 24814 0 91 24814 0 92 24819 0 77 24824 0 79 24845 0 77 24851 0 79 24864 0 75 24866 0 74 24874 0 52 24878 0 77 24883 0 51 24886 0 79 24900 0 
TIME iteration: 298 ms
Round:47
IR: 0, 0, 0, 0, 0
24915 0 54 24918 0 53 24939 0 77 24944 0 90 24944 0 91 24944 0 92 25009 0 51 25016 0 53 25034 0 52 25047 0 54 25172 0 51 25174 0 53 25182 0 52 25229 0 54 25284 0 51 25306 0 60 25306 0 61 25314 0 52 25314 0 53 25314 0 76 25326 0 62 25327 0 63 25332 0 64 25332 0 65 25333 0 77 25336 0 90 25336 0 91 25336 0 92 25338 0 76 25340 0 78 25357 0 71 25357 0 77 25364 0 78 25365 0 76 25366 0 70 25381 0 54 25384 0 77 25391 0 78 25398 0 69 25399 0 76 25405 0 72 25407 0 68 25409 0 73 25418 0 77 25425 0 
TIME iteration: 298 ms
Round:48
IR: 0, 0, 0, 0, 0
25450 0 90 25450 0 91 25450 0 92 25465 0 51 25482 0 52 25499 0 77 25500 0 53 25595 0 54 25658 0 51 25674 0 53 25714 0 54 25758 0 52 25789 0 53 25796 0 51 25814 0 64 25815 0 65 25820 0 78 25838 0 60 25839 0 61 25843 0 90 25843 0 91 25843 0 92 25844 0 76 25844 0 78 25848 0 72 25848 0 73 25867 0 54 25868 0 76 25871 0 78 25877 0 68 25878 0 69 25882 0 52 25895 0 76 25900 0 53 25904 0 78 25928 0 76 25956 0 51 25967 0 90 25967 0 91 25967 0 
TIME iteration: 298 ms
Round:49
IR: 0, 0, 0, 0, 0
25971 0 78 25985 0 52 25995 0 76 25999 0 54 26053 0 53 26061 0 51 26100 0 52 26187 0 54 26202 0 52 26228 0 51 26267 0 62 26271 0 63 26277 0 77 26298 0 90 26298 0 91 26298 0 92 26301 0 77 26303 0 53 26326 0 70 26327 0 71 26328 0 54 26328 0 77 26334 0 52 26362 0 77 26435 0 
TIME iteration: 297 ms
Round:50
IR: 0, 0, 0, 0, 0
26530 0 54 26536 0 53 26547 0 52 26573 0 51 26694 0 54 26713 0 52 26727 0 53 26727 0 62 26727 0 63 26731 0 66 26732 0 67 26732 0 77 26741 0 79 26753 0 90 26753 0 91 26753 0 92 26756 0 77 26758 0 70 26759 0 71 26764 0 51 26765 0 79 26783 0 77 26792 0 79 26805 0 52 26816 0 77 26819 0 75 26820 0 74 26827 0 79 26878 0 51 26882 0 77 26883 0 90 26883 0 91 26883 0 92 26900 0 54 26968 0 53 26977 0 52 27015 0 54 27018 0 
TIME iteration: 305 ms
Round:51
IR: 0, 0, 0, 0, 0
27139 0 52 27147 0 54 27156 0 53 27185 0 51 27212 0 67 27213 0 66 27218 0 79 27242 0 79 27242 0 90 27242 0 91 27242 0 92 27247 0 74 27247 0 75 27269 0 79 27295 0 53 27303 0 79 27328 0 54 27330 0 51 27341 0 52 27412 0 53 27467 0 54 27491 0 51 27525 0 52 27535 0 
TIME iteration: 298 ms
Round:52
IR: 0, 0, 0, 0, 0
27565 0 64 27565 0 65 27573 0 78 27590 0 90 27590 0 91 27590 0 92 27597 0 78 27624 0 54 27624 0 78 27647 0 73 27651 0 52 27652 0 72 27658 0 78 27670 0 53 27753 0 51 27754 0 52 27762 0 54 27821 0 53 27869 0 52 27871 0 64 27871 0 65 27873 0 78 27893 0 62 27894 0 63 27894 0 72 27894 0 73 27895 0 90 27895 0 91 27895 0 92 27896 0 78 27901 0 54 27902 0 77 27922 0 78 27926 0 77 27953 0 77 27953 0 78 27959 0 71 27960 0 70 27969 0 51 27975 0 53 27988 0 77 27999 0 52 28004 0 78 28016 0 90 28016 0 91 28016 0 
TIME iteration: 298 ms
Round:53
IR: 0, 0, 0, 0, 0
28095 0 51 28126 0 53 28138 0 54 28152 0 52 28246 0 53 28267 0 51 28271 0 52 28274 0 54 28368 0 54 28379 0 67 28380 0 66 28382 0 53 28388 0 79 28391 0 65 28392 0 64 28397 0 78 28409 0 90 28409 0 91 28409 0 92 28412 0 79 28420 0 72 28421 0 73 28421 0 78 28432 0 52 28439 0 79 28446 0 74 28446 0 75 28448 0 78 28467 0 51 28474 0 79 28481 0 78 28487 0 54 28515 0 53 28539 0 90 28539 0 91 28539 0 92 28548 0 78 28577 0 52 28587 0 
TIME iteration: 298 ms
Round:54
IR: 0, 0, 0, 0, 0
28634 0 53 28660 0 54 28711 0 52 28738 0 53 28812 0 51 28825 0 52 28835 0 54 28863 0 53 28866 0 62 28866 0 63 28873 0 65 28874 0 64 28874 0 77 28879 0 78 28895 0 90 28895 0 91 28895 0 92 28898 0 77 28901 0 72 28903 0 73 28903 0 78 28925 0 70 28925 0 77 28927 0 71 28930 0 78 28958 0 51 28959 0 77 28963 0 52 28963 0 78 29023 0 53 29027 0 90 29027 0 91 29027 0 92 29030 0 78 29051 0 54 29109 0 52 29122 0 
TIME iteration: 298 ms
Round:55
IR: 0, 0, 0, 0, 0
29156 0 51 29264 0 52 29265 0 53 29285 0 51 29300 0 54 29360 0 53 29367 0 64 29367 0 65 29373 0 78 29395 0 73 29396 0 72 29397 0 78 29397 0 90 29397 0 91 29397 0 92 29424 0 78 29458 0 78 29465 0 54 29467 0 52 29476 0 53 29534 0 78 29538 0 51 29595 0 52 29611 0 53 29633 0 54 29662 0 
TIME iteration: 298 ms
Round:56
IR: 0, 0, 0, 0, 0
29736 0 52 29758 0 62 29760 0 63 29767 0 77 29785 0 90 29785 0 91 29785 0 92 29791 0 77 29802 0 51 29806 0 53 29815 0 70 29815 0 71 29818 0 77 29834 0 54 29852 0 77 29909 0 52 29958 0 54 29971 0 51 29982 0 53 30081 0 52 30099 0 54 30114 0 51 30131 0 53 30131 0 63 30132 0 62 30132 0 66 30134 0 67 30135 0 77 30142 0 79 30155 0 90 30155 0 91 30155 0 92 30156 0 70 30156 0 71 30158 0 77 30166 0 79 30184 0 77 30193 0 
TIME iteration: 298 ms
Round:57
IR: 0, 0, 0, 0, 0
30216 0 77 30218 0 74 30219 0 75 30228 0 79 30260 0 53 30262 0 52 30271 0 77 30285 0 90 30285 0 91 30285 0 92 30303 0 51 30310 0 54 30414 0 53 30437 0 51 30490 0 54 30517 0 52 30569 0 53 30614 0 51 30649 0 54 30686 0 60 30686 0 61 30688 0 52 30689 0 66 30691 0 67 30694 0 76 30696 0 79 30707 0 53 30712 0 65 30713 0 64 30713 0 90 30713 0 91 30713 0 92 30718 0 76 30720 0 79 30721 0 78 30731 0 74 30731 0 
TIME iteration: 298 ms
Round:58
IR: 0, 0, 0, 0, 0
30745 0 76 30745 0 78 30747 0 79 30753 0 51 30772 0 78 30775 0 68 30779 0 76 30781 0 69 30781 0 79 30786 0 72 30787 0 73 30791 0 54 30807 0 78 30828 0 90 30828 0 91 30828 0 92 30869 0 53 30937 0 52 30962 0 51 30972 0 54 30991 0 53 31057 0 52 31170 0 52 31184 0 53 31185 0 63 31186 0 62 31193 0 77 31194 0 54 31201 0 51 31214 0 90 31214 0 91 31214 0 92 31217 0 77 31244 0 77 31245 0 70 31246 0 
TIME iteration: 299 ms
Round:59
IR: 0, 0, 0, 0, 0
31278 0 77 31314 0 52 31322 0 54 31354 0 53 31405 0 51 31451 0 52 31507 0 62 31509 0 63 31510 0 54 31511 0 77 31513 0 53 31515 0 51 31529 0 70 31529 0 71 31533 0 90 31533 0 91 31533 0 92 31534 0 77 31560 0 77 31587 0 52 31592 0 77 31608 0 70 31625 0 71 31646 0 77 31649 0 53 31709 0 51 31713 0 52 31743 0 62 31744 0 63 31746 0 77 31762 0 70 31762 0 71 31766 0 90 31766 0 91 31766 0 92 31769 0 77 31792 0 54 31795 0 
TIME iteration: 299 ms
Round:60
IR: 0, 0, 0, 0, 0
31826 0 77 31837 0 70 31837 0 71 31844 0 52 31848 0 51 31877 0 77 31880 0 53 31971 0 52 31974 0 51 31992 0 63 31994 0 62 31996 0 77 32006 0 53 32011 0 70 32013 0 71 32016 0 90 32016 0 91 32016 0 92 32019 0 77 32042 0 54 32045 0 77 32077 0 77 32086 0 51 32086 0 70 32093 0 71 32106 0 53 32130 0 77 32132 0 52 32197 0 54 32252 0 52 32260 0 53 32264 0 62 32264 0 63 32267 0 77 32284 0 70 32285 0 71 32287 0 90 32287 0 91 32287 0 92 32290 0 77 32293 0 51 32316 0 
TIME iteration: 299 ms
Round:61
IR: 0, 0, 0, 0, 0
32348 0 77 32366 0 70 32376 0 53 32377 0 52 32379 0 71 32402 0 77 32427 0 51 32477 0 53 32528 0 52 32541 0 62 32542 0 63 32545 0 77 32563 0 70 32563 0 71 32564 0 54 32565 0 90 32565 0 91 32565 0 92 32568 0 77 32594 0 77 32610 0 51 32626 0 77 32652 0 53 32681 0 77 32705 0 52 32785 0 51 32786 0 
TIME iteration: 298 ms
Round:62
IR: 0, 0, 0, 0, 0
32912 0 53 32919 0 52 32919 0 54 32954 0 51 32974 0 67 32976 0 66 32984 0 79 32986 0 62 32988 0 60 32988 0 61 32996 0 63 32996 0 76 32997 0 77 33002 0 90 33002 0 91 33002 0 92 33008 0 79 33015 0 70 33015 0 71 33020 0 76 33021 0 77 33035 0 79 33047 0 76 33048 0 77 33060 0 74 33063 0 75 33070 0 79 33074 0 53 33081 0 68 33081 0 76 33081 0 77 33085 0 52 33087 0 69 33104 0 51 33117 0 90 33117 0 91 33117 0 92 33137 0 54 33149 0 77 33207 0 51 33224 0 52 33251 0 53 33253 0 54 33336 0 
TIME iteration: 298 ms
Round:63
IR: 0, 0, 0, 0, 0
33415 0 53 33431 0 51 33490 0 54 33493 0 52 33504 0 62 33504 0 63 33510 0 77 33533 0 70 33533 0 71 33533 0 90 33533 0 91 33533 0 92 33534 0 77 33561 0 77 33595 0 77 33596 0 53 33609 0 52 33630 0 54 33671 0 77 33675 0 51 33730 0 54 33744 0 52 33751 0 53 33877 0 52 33879 0 54 33883 0 62 33884 0 63 33888 0 77 33891 0 67 33892 0 66 33896 0 53 33900 0 79 33904 0 51 33904 0 70 33905 0 71 33910 0 90 33910 0 91 33910 0 92 33912 0 
TIME iteration: 299 ms
Round:64
IR: 0, 0, 0, 0, 0
33924 0 79 33938 0 77 33951 0 74 33951 0 79 33952 0 75 33971 0 77 33986 0 79 33989 0 70 34016 0 53 34032 0 77 34039 0 90 34039 0 91 34039 0 92 34071 0 51 34078 0 54 34140 0 52 34173 0 53 34238 0 51 34255 0 54 34264 0 52 34270 0 53 34360 0 51 34376 0 54 34385 0 52 34395 0 53 34398 0 63 34399 0 62 34399 0 64 34399 0 65 34401 0 60 34401 0 61 34405 0 77 34407 0 78 34409 0 66 34409 0 67 34409 0 76 34415 0 79 34423 0 90 34423 0 91 34423 0 92 34426 0 71 34429 0 77 34431 0 78 34433 0 76 34438 0 70 34439 0 79 34444 0 75 34445 0 
TIME iteration: 299 ms
Round:65
IR: 0, 0, 0, 0, 0
34456 0 77 34458 0 78 34460 0 76 34466 0 79 34479 0 68 34480 0 69 34490 0 77 34492 0 78 34494 0 51 34494 0 76 34498 0 72 34500 0 79 34501 0 73 34512 0 54 34522 0 53 34535 0 90 34535 0 91 34535 0 92 34571 0 77 34593 0 52 34617 0 51 34654 0 54 34700 0 52 34714 0 51 34723 0 53 34769 0 54 34840 0 53 34841 0 51 34856 0 60 34856 0 61 34861 0 76 34883 0 52 34884 0 90 34884 0 91 34884 0 92 34885 0 76 34889 0 68 34889 0 69 34912 0 76 34945 0 
TIME iteration: 298 ms
Round:66
IR: 0, 0, 0, 0, 0
34999 0 51 35004 0 52 35011 0 76 35013 0 53 35036 0 54 35151 0 51 35159 0 52 35199 0 53 35215 0 54 35221 0 61 35225 0 60 35228 0 76 35243 0 68 35243 0 69 35249 0 90 35249 0 91 35249 0 92 35252 0 76 35264 0 52 35278 0 76 35287 0 51 35311 0 76 35326 0 68 35328 0 69 35352 0 53 35358 0 54 35373 0 76 35409 0 52 35423 0 51 35466 0 60 35468 0 61 35470 0 76 35486 0 68 35486 0 69 35490 0 90 35490 0 91 35490 0 92 35493 0 
TIME iteration: 298 ms
Round:67
IR: 0, 0, 0, 0, 0
35519 0 76 35528 0 54 35544 0 53 35551 0 76 35565 0 69 35567 0 68 35575 0 52 35604 0 76 35647 0 51 35698 0 54 35752 0 53 35779 0 52 35783 0 51 35793 0 60 35793 0 61 35797 0 76 35817 0 90 35817 0 91 35817 0 92 35818 0 69 35819 0 68 35820 0 76 35824 0 54 35846 0 76 35878 0 76 35883 0 53 35929 0 51 35934 0 76 35992 0 53 36005 0 54 36033 0 
TIME iteration: 304 ms
Round:68
IR: 0, 0, 0, 0, 0
36078 0 52 36102 0 61 36103 0 60 36106 0 76 36116 0 69 36117 0 68 36121 0 53 36127 0 90 36127 0 91 36127 0 92 36129 0 76 36155 0 76 36177 0 69 36180 0 68 36187 0 76 36205 0 51 36242 0 76 36252 0 54 36254 0 52 36349 0 53 36378 0 52 36408 0 51 36415 0 54 36453 0 60 36453 0 61 36457 0 76 36478 0 68 36478 0 90 36478 0 91 36478 0 92 36479 0 69 36480 0 76 36506 0 76 36514 0 52 36534 0 53 36538 0 76 36550 0 51 36558 0 
TIME iteration: 299 ms
Round:69
IR: 0, 0, 0, 0, 0
36594 0 76 36625 0 52 36647 0 53 36685 0 54 36711 0 51 36760 0 52 36764 0 53 36794 0 64 36794 0 65 36801 0 62 36802 0 78 36803 0 63 36810 0 77 36819 0 90 36819 0 91 36819 0 92 36826 0 78 36834 0 77 36841 0 51 36853 0 78 36861 0 77 36865 0 54 36880 0 73 36885 0 72 36887 0 78 36894 0 71 36895 0 77 36898 0 52 36902 0 70 36947 0 90 36947 0 91 36947 0 92 36952 0 53 37049 0 53 37071 0 54 37074 0 52 37098 0 
TIME iteration: 298 ms
Round:70
IR: 0, 0, 0, 0, 0
37176 0 53 37228 0 52 37239 0 54 37242 0 51 37299 0 53 37302 0 65 37303 0 64 37308 0 78 37332 0 78 37332 0 90 37332 0 91 37332 0 92 37339 0 73 37340 0 51 37340 0 72 37358 0 52 37359 0 78 37377 0 54 37392 0 78 37459 0 78 37475 0 53 37483 0 51 37490 0 52 37501 0 
TIME iteration: 297 ms
Round:71
IR: 0, 0, 0, 0, 0
37634 0 52 37636 0 53 37637 0 51 37679 0 63 37680 0 62 37687 0 77 37689 0 64 37689 0 65 37694 0 78 37698 0 61 37700 0 60 37705 0 90 37705 0 91 37705 0 92 37707 0 76 37711 0 72 37711 0 73 37711 0 77 37718 0 78 37731 0 76 37737 0 71 37738 0 77 37739 0 70 37745 0 78 37758 0 52 37758 0 76 37763 0 53 37765 0 68 37768 0 69 37772 0 77 37778 0 78 37792 0 76 37803 0 72 37804 0 54 37819 0 90 37819 0 91 37819 0 92 37823 0 51 37844 0 78 37854 0 53 37890 0 52 37940 0 54 37950 0 53 38009 0 51 38063 0 54 38104 0 52 38124 0 53 38158 0 
TIME iteration: 298 ms
Round:72
IR: 0, 0, 0, 0, 0
38164 0 65 38167 0 64 38171 0 78 38191 0 73 38194 0 90 38194 0 91 38194 0 92 38195 0 78 38201 0 54 38202 0 72 38222 0 78 38255 0 78 38269 0 52 38322 0 78 38373 0 52 38378 0 53 38392 0 51 38417 0 54 38490 0 51 38509 0 52 38531 0 62 38531 0 63 38538 0 77 38557 0 90 38557 0 91 38557 0 92 38562 0 77 38588 0 71 38589 0 70 38589 0 77 38599 0 53 38613 0 52 38623 0 77 38640 0 51 38652 0 
TIME iteration: 298 ms
Round:73
IR: 0, 0, 0, 0, 0
38691 0 53 38736 0 52 38779 0 51 38817 0 53 38820 0 52 38825 0 62 38826 0 63 38828 0 77 38844 0 71 38845 0 70 38850 0 90 38850 0 91 38850 0 92 38851 0 77 38858 0 54 38877 0 77 38887 0 51 38909 0 77 38920 0 71 38929 0 70 38956 0 52 38962 0 77 38994 0 53 39002 0 54 39032 0 51 39098 0 52 39110 0 63 39111 0 62 39114 0 77 39133 0 70 39133 0 71 39134 0 90 39134 0 91 39134 0 92 39137 0 77 39142 0 51 39154 0 54 39163 0 77 39195 0 53 39195 0 
TIME iteration: 298 ms
Round:74
IR: 0, 0, 0, 0, 0
39250 0 77 39260 0 51 39261 0 54 39292 0 52 39331 0 53 39348 0 54 39388 0 51 39412 0 66 39417 0 67 39424 0 79 39439 0 90 39439 0 91 39439 0 92 39446 0 52 39448 0 79 39474 0 53 39475 0 79 39507 0 75 39510 0 79 39512 0 74 39532 0 51 39565 0 54 39587 0 52 39595 0 53 39701 0 51 39711 0 52 39730 0 
TIME iteration: 298 ms
Round:75
IR: 0, 0, 0, 0, 0
39757 0 53 39761 0 66 39762 0 67 39765 0 79 39776 0 63 39779 0 62 39784 0 77 39787 0 90 39787 0 91 39787 0 92 39788 0 74 39788 0 75 39788 0 79 39808 0 77 39814 0 79 39816 0 51 39816 0 70 39816 0 71 39828 0 52 39835 0 77 39846 0 54 39846 0 79 39869 0 77 39903 0 79 39912 0 90 39912 0 91 39912 0 92 39950 0 77 39971 0 54 39979 0 53 39987 0 52 40025 0 51 40063 0 54 40138 0 52 40148 0 53 40152 0 51 40205 0 54 40236 0 67 40237 0 66 40243 0 79 40261 0 51 40262 0 75 40264 0 74 40266 0 90 40266 0 91 40266 0 92 40267 0 
TIME iteration: 298 ms
Round:76
IR: 0, 0, 0, 0, 0
40285 0 52 40294 0 79 40328 0 79 40330 0 53 40332 0 54 40393 0 51 40402 0 52 40487 0 54 40538 0 51 40543 0 53 40651 0 52 40666 0 51 40667 0 60 40668 0 61 40676 0 76 40680 0 54 40695 0 66 40695 0 67 40695 0 90 40695 0 91 40695 0 92 40700 0 76 40700 0 79 40720 0 75 40721 0 74 40724 0 79 40727 0 76 40751 0 79 40761 0 69 40762 0 76 40766 0 68 40784 0 
TIME iteration: 298 ms
Round:77
IR: 0, 0, 0, 0, 0
40817 0 90 40817 0 91 40817 0 92 40820 0 53 40852 0 52 40856 0 79 40918 0 51 40922 0 54 40934 0 53 41002 0 52 41065 0 51 41066 0 54 41086 0 53 41108 0 52 41151 0 63 41152 0 62 41160 0 77 41181 0 90 41181 0 91 41181 0 92 41184 0 77 41211 0 77 41217 0 53 41226 0 70 41226 0 71 41246 0 77 41268 0 54 41294 0 51 41296 0 
TIME iteration: 298 ms
Round:78
IR: 0, 0, 0, 0, 0
41366 0 53 41424 0 54 41454 0 51 41470 0 53 41504 0 64 41505 0 65 41506 0 52 41513 0 78 41530 0 90 41530 0 91 41530 0 92 41537 0 78 41564 0 78 41567 0 54 41599 0 73 41599 0 78 41600 0 72 41608 0 53 41637 0 51 41665 0 52 41731 0 54 41773 0 53 41794 0 51 41820 0 64 41820 0 65 41823 0 78 41844 0 72 41844 0 73 41844 0 90 41844 0 91 41844 0 92 41846 0 
TIME iteration: 298 ms
Round:79
IR: 0, 0, 0, 0, 0
41872 0 78 41873 0 52 41898 0 53 41904 0 78 41958 0 78 41977 0 54 42002 0 51 42020 0 52 42032 0 53 42135 0 53 42148 0 64 42148 0 65 42152 0 78 42163 0 72 42163 0 73 42164 0 52 42170 0 51 42173 0 90 42173 0 91 42173 0 92 42175 0 78 42201 0 78 42215 0 54 42228 0 73 42229 0 72 42233 0 78 42279 0 51 42289 0 78 42312 0 53 42385 0 52 42396 0 51 42399 0 
TIME iteration: 298 ms
Round:80
IR: 0, 0, 0, 0, 0
42436 0 53 42450 0 64 42452 0 65 42455 0 78 42473 0 72 42473 0 73 42475 0 90 42475 0 91 42475 0 92 42478 0 78 42504 0 78 42536 0 78 42577 0 53 42580 0 52 42587 0 54 42592 0 78 42598 0 51 42700 0 53 42705 0 52 42753 0 51 42783 0 54 42860 0 53 42863 0 64 42863 0 65 42868 0 78 42883 0 72 42884 0 73 42889 0 90 42889 0 91 42889 0 92 42892 0 78 42905 0 52 42919 0 
TIME iteration: 298 ms
Round:81
IR: 0, 0, 0, 0, 0
42952 0 78 42965 0 72 42971 0 51 42991 0 54 43006 0 53 43018 0 78 43041 0 52 43112 0 51 43136 0 54 43167 0 53 43199 0 65 43200 0 64 43204 0 78 43210 0 52 43214 0 73 43224 0 90 43224 0 91 43224 0 92 43226 0 72 43228 0 78 43240 0 51 43254 0 78 43268 0 54 43276 0 73 43287 0 78 43320 0 53 43348 0 78 43361 0 52 43412 0 51 43413 0 
TIME iteration: 298 ms
Round:82
IR: 0, 0, 0, 0, 0
43509 0 52 43533 0 53 43552 0 54 43584 0 66 43584 0 67 43590 0 51 43593 0 64 43593 0 79 43594 0 65 43598 0 78 43602 0 52 43604 0 62 43604 0 63 43610 0 90 43610 0 91 43610 0 92 43612 0 77 43614 0 72 43617 0 79 43622 0 73 43622 0 78 43636 0 77 43644 0 79 43648 0 78 43660 0 53 43663 0 77 43677 0 74 43679 0 79 43681 0 78 43684 0 75 43697 0 77 43703 0 70 43703 0 71 43711 0 72 43713 0 54 43725 0 90 43725 0 91 43725 0 92 43726 0 52 43742 0 78 43808 0 51 43809 0 53 43837 0 52 43882 0 54 43941 0 52 43946 0 51 43984 0 
TIME iteration: 298 ms
Round:83
IR: 0, 0, 0, 0, 0
44021 0 62 44021 0 63 44025 0 77 44048 0 77 44049 0 90 44049 0 91 44049 0 92 44051 0 71 44052 0 70 44074 0 77 44083 0 51 44087 0 54 44106 0 77 44111 0 52 44162 0 77 44195 0 51 44196 0 54 44229 0 53 44315 0 51 44323 0 52 44332 0 54 44359 0 60 44360 0 61 44368 0 76 44369 0 53 44376 0 66 44377 0 67 44384 0 79 44385 0 90 44385 0 91 44385 0 92 44392 0 76 44408 0 79 44419 0 76 44428 0 74 44430 0 75 44435 0 79 44444 0 68 44454 0 76 44459 0 69 44470 0 79 44472 0 54 44492 0 53 44500 0 52 44509 0 90 44509 0 91 44509 0 
TIME iteration: 299 ms
Round:84
IR: 0, 0, 0, 0, 0
44536 0 51 44595 0 54 44604 0 52 44606 0 53 44736 0 51 44746 0 54 44764 0 53 44853 0 52 44862 0 54 44873 0 67 44874 0 66 44879 0 79 44887 0 53 44897 0 64 44897 0 65 44903 0 79 44903 0 90 44903 0 91 44903 0 92 44905 0 75 44905 0 78 44906 0 51 44906 0 74 44929 0 78 44930 0 79 44956 0 78 44963 0 79 44965 0 73 44970 0 72 44990 0 78 45028 0 90 45028 0 91 45028 0 92 45038 0 79 45039 0 53 45046 0 51 45048 0 
TIME iteration: 306 ms
Round:85
IR: 0, 0, 0, 0, 0
45082 0 52 45134 0 51 45204 0 53 45211 0 52 45236 0 51 45298 0 54 45324 0 52 45347 0 51 45349 0 60 45349 0 61 45357 0 76 45359 0 62 45359 0 63 45367 0 77 45378 0 90 45378 0 91 45378 0 92 45381 0 76 45391 0 77 45400 0 54 45401 0 53 45408 0 76 45411 0 69 45413 0 68 45418 0 77 45431 0 70 45435 0 71 45442 0 76 45451 0 52 45452 0 77 45455 0 51 45500 0 54 45508 0 90 45508 0 91 45508 0 92 45516 0 
TIME iteration: 298 ms
Round:86
IR: 0, 0, 0, 0, 0
45581 0 51 45601 0 52 45637 0 53 45640 0 54 45747 0 52 45769 0 51 45807 0 54 45815 0 53 45900 0 52 45913 0 62 45913 0 63 45916 0 54 45918 0 67 45919 0 66 45919 0 77 45927 0 79 45941 0 90 45941 0 91 45941 0 92 45943 0 77 45951 0 70 45951 0 79 45952 0 71 45970 0 77 45978 0 53 45978 0 79 45979 0 51 45979 0 74 45982 0 75 46004 0 77 46013 0 79 46053 0 52 46055 0 54 46073 0 90 46073 0 91 46073 0 92 46080 0 
TIME iteration: 298 ms
Round:87
IR: 0, 0, 0, 0, 0
46137 0 51 46143 0 53 46182 0 54 46184 0 52 46243 0 53 46277 0 52 46288 0 51 46353 0 54 46381 0 51 46406 0 60 46407 0 61 46414 0 76 46436 0 90 46436 0 91 46436 0 92 46438 0 76 46440 0 53 46465 0 76 46470 0 68 46470 0 69 46499 0 76 46515 0 51 46608 0 54 46615 0 
TIME iteration: 298 ms
Round:88
IR: 0, 0, 0, 0, 0
46655 0 53 46660 0 51 46743 0 61 46749 0 76 46765 0 60 46772 0 76 46774 0 90 46774 0 91 46774 0 92 46779 0 69 46780 0 68 46786 0 54 46797 0 76 46826 0 76 46846 0 52 46866 0 76 46867 0 53 46870 0 51 46888 0 54 47021 0 53 47036 0 52 47037 0 54 47121 0 51 47152 0 54 47153 0 66 47153 0 67 47162 0 
TIME iteration: 298 ms
Round:89
IR: 0, 0, 0, 0, 0
47179 0 90 47179 0 91 47179 0 92 47186 0 79 47213 0 79 47221 0 75 47224 0 74 47248 0 79 47287 0 54 47309 0 51 47318 0 52 47320 0 53 47477 0 51 47477 0 54 47483 0 53 47520 0 67 47522 0 66 47525 0 79 47546 0 75 47547 0 74 47547 0 90 47547 0 91 47547 0 92 47549 0 79 47575 0 79 47605 0 54 47608 0 53 47608 0 79 47628 0 52 47636 0 51 47671 0 
TIME iteration: 299 ms
Round:90
IR: 0, 0, 0, 0, 0
47727 0 54 47753 0 51 47827 0 53 47834 0 52 47907 0 54 47908 0 51 47924 0 61 47924 0 66 47924 0 67 47925 0 60 47929 0 79 47933 0 76 47944 0 75 47945 0 74 47948 0 90 47948 0 91 47948 0 92 47953 0 79 47957 0 76 47980 0 79 47984 0 76 47987 0 68 47987 0 69 48013 0 79 48019 0 52 48019 0 76 48031 0 75 48036 0 74 48065 0 54 48078 0 90 48078 0 91 48078 0 92 48081 0 79 48097 0 51 48117 0 53 48203 0 
TIME iteration: 298 ms
Round:91
IR: 0, 0, 0, 0, 0
48257 0 54 48281 0 51 48342 0 53 48359 0 52 48407 0 54 48443 0 51 48463 0 53 48464 0 67 48465 0 66 48471 0 79 48483 0 52 48489 0 60 48490 0 61 48492 0 63 48493 0 62 48495 0 76 48495 0 79 48495 0 90 48495 0 91 48495 0 92 48501 0 77 48504 0 75 48505 0 74 48519 0 76 48522 0 79 48525 0 77 48527 0 68 48528 0 69 48546 0 76 48552 0 77 48556 0 79 48566 0 53 48572 0 51 48575 0 54 48579 0 76 48580 0 52 48581 0 71 48584 0 70 48587 0 77 48608 0 90 48608 0 91 48608 0 92 48646 0 76 48702 0 54 48707 0 52 48729 0 
TIME iteration: 298 ms
Round:92
IR: 0, 0, 0, 0, 0
48762 0 53 48838 0 52 48883 0 54 48892 0 51 48893 0 53 48962 0 52 48968 0 62 48968 0 63 48973 0 77 48997 0 77 48997 0 90 48997 0 91 48997 0 92 49003 0 71 49004 0 70 49024 0 77 49028 0 51 49045 0 53 49057 0 77 49073 0 54 49123 0 77 49167 0 53 49168 0 52 49206 0 54 49215 0 
TIME iteration: 298 ms
Round:93
IR: 0, 0, 0, 0, 0
49293 0 53 49312 0 51 49325 0 64 49325 0 65 49333 0 78 49340 0 54 49346 0 60 49346 0 61 49351 0 90 49351 0 91 49351 0 92 49354 0 76 49357 0 78 49367 0 52 49378 0 76 49384 0 78 49399 0 68 49400 0 69 49405 0 76 49418 0 78 49420 0 73 49422 0 72 49439 0 76 49447 0 51 49458 0 54 49474 0 90 49474 0 91 49474 0 92 49478 0 53 49545 0 52 49618 0 53 49624 0 54 49627 0 51 49679 0 52 49760 0 51 49809 0 53 49818 0 
TIME iteration: 298 ms
Round:94
IR: 0, 0, 0, 0, 0
49887 0 64 49890 0 65 49894 0 78 49896 0 52 49918 0 78 49919 0 90 49919 0 91 49919 0 92 49930 0 73 49931 0 72 49942 0 54 49945 0 78 49973 0 51 49978 0 78 50025 0 53 50045 0 78 50060 0 52 50067 0 54 50139 0 51 50173 0 52 50209 0 54 50233 0 53 50260 0 66 50260 0 67 50269 0 79 50286 0 90 50286 0 91 50286 0 92 50293 0 79 50309 0 52 50315 0 51 50320 0 79 50344 0 54 50345 0 75 50347 0 
TIME iteration: 299 ms
Round:95
IR: 0, 0, 0, 0, 0
50355 0 79 50426 0 53 50440 0 52 50440 0 54 50456 0 51 50536 0 66 50540 0 79 50552 0 52 50558 0 54 50559 0 67 50563 0 79 50563 0 90 50563 0 91 50563 0 92 50570 0 75 50571 0 74 50588 0 79 50589 0 51 50617 0 79 50622 0 53 50656 0 79 50666 0 52 50729 0 51 50736 0 53 50749 0 54 50817 0 52 50866 0 
TIME iteration: 298 ms
Round:96
IR: 0, 0, 0, 0, 0
50880 0 54 50895 0 65 50896 0 64 50903 0 78 50907 0 51 50910 0 67 50911 0 66 50915 0 79 50920 0 90 50920 0 91 50920 0 92 50927 0 74 50927 0 78 50928 0 75 50939 0 79 50954 0 78 50955 0 73 50957 0 72 50964 0 52 50965 0 79 50988 0 78 50995 0 74 50998 0 79 51002 0 75 51045 0 90 51045 0 91 51045 0 92 51052 0 51 51063 0 79 51081 0 54 51085 0 52 51166 0 53 51170 0 51 51206 0 52 51209 0 54 51309 0 53 51325 0 52 51326 0 51 51357 0 54 51366 0 62 51366 0 63 51374 0 77 51393 0 66 51394 0 67 51395 0 90 51395 0 91 51395 0 92 51398 0 77 51400 0 
TIME iteration: 299 ms
Round:97
IR: 0, 0, 0, 0, 0
51424 0 79 51425 0 77 51428 0 52 51429 0 74 51429 0 75 51451 0 79 51452 0 71 51459 0 77 51464 0 70 51481 0 53 51485 0 79 51508 0 54 51518 0 51 51518 0 90 51518 0 91 51518 0 92 51585 0 53 51611 0 54 51616 0 52 51713 0 51 51717 0 54 51755 0 53 51804 0 52 51854 0 54 51863 0 66 51863 0 67 51868 0 79 51885 0 53 51887 0 51 51891 0 75 51892 0 79 51892 0 90 51892 0 91 51892 0 92 51893 0 74 51919 0 
TIME iteration: 299 ms
Round:98
IR: 0, 0, 0, 0, 0
51952 0 79 51974 0 54 52024 0 79 52046 0 52 52055 0 53 52082 0 54 52083 0 51 52229 0 52 52240 0 54 52246 0 66 52246 0 67 52251 0 79 52262 0 51 52266 0 74 52266 0 75 52272 0 90 52272 0 91 52272 0 92 52275 0 79 52277 0 53 52302 0 79 52335 0 79 52349 0 74 52355 0 75 52364 0 52 52376 0 54 52413 0 79 52423 0 51 52432 0 
TIME iteration: 298 ms
Round:99
IR: 0, 0, 0, 0, 0
52540 0 52 52550 0 54 52559 0 51 52565 0 66 52565 0 67 52569 0 79 52589 0 74 52590 0 75 52590 0 90 52590 0 91 52590 0 92 52592 0 53 52592 0 79 52618 0 79 52650 0 79 52682 0 54 52699 0 51 52708 0 79 52757 0 52 52759 0 53 52819 0 51 52856 0 54 52877 0 52 52916 0 53 52981 0 65 52982 0 64 52990 0 
TIME iteration: 298 ms
Round:100
IR: 0, 0, 0, 0, 0
53008 0 90 53008 0 91 53008 0 92 53009 0 52 53009 0 54 53014 0 51 53014 0 78 53041 0 78 53072 0 73 53076 0 78 53080 0 72 53149 0 53 53155 0 54 53186 0 51 53200 0 52 53258 0 53 53285 0 65 53286 0 64 53288 0 78 53308 0 73 53310 0 72 53310 0 90 53310 0 91 53310 0 92 53311 0 78 53314 0 54 53337 0 78 53369 0 78 53380 0 53 53384 0 51 53422 0 78 53444 0 54 53494 0 52 53516 0 
TIME iteration: 298 ms
Round:101
IR: 0, 0, 0, 0, 0
53547 0 53 53571 0 54 53598 0 52 53652 0 66 53655 0 67 53662 0 79 53679 0 90 53679 0 91 53679 0 92 53680 0 53 53686 0 79 53689 0 54 53713 0 79 53716 0 74 53717 0 51 53717 0 75 53747 0 52 53748 0 79 53817 0 54 53854 0 53 53869 0 52 53878 0 51 53925 0 54 53946 0 66 53946 0 67 53949 0 79 53964 0 74 53966 0 75 53970 0 90 53970 0 91 53970 0 92 53972 0 79 53984 0 52 53998 0 79 54018 0 53 54030 0 79 54036 0 74 54046 0 
TIME iteration: 309 ms
Round:102
IR: 0, 0, 0, 0, 0
54085 0 79 54111 0 54 54131 0 51 54142 0 52 54172 0 53 54254 0 54 54265 0 66 54265 0 67 54269 0 79 54289 0 74 54289 0 90 54289 0 91 54289 0 92 54290 0 75 54292 0 79 54295 0 53 54318 0 79 54348 0 52 54350 0 79 54376 0 51 54380 0 54 54407 0 79 54471 0 53 54514 0 51 54521 0 54 54588 0 
TIME iteration: 299 ms
Round:103
IR: 0, 0, 0, 0, 0
54617 0 52 54641 0 65 54642 0 64 54650 0 78 54656 0 51 54667 0 90 54667 0 91 54667 0 92 54674 0 78 54701 0 53 54701 0 78 54715 0 73 54716 0 72 54736 0 78 54763 0 54 54788 0 51 54873 0 53 54880 0 52 54905 0 51 54984 0 54 55006 0 52 55032 0 53 55042 0 64 55042 0 65 55046 0 78 55068 0 90 55068 0 91 55068 0 92 55069 0 78 55071 0 72 55072 0 73 55084 0 54 55093 0 51 55095 0 78 55108 0 
TIME iteration: 301 ms
Round:104
IR: 0, 0, 0, 0, 0
55127 0 78 55183 0 54 55183 0 78 55196 0 53 55209 0 52 55240 0 51 55322 0 54 55398 0 66 55399 0 67 55405 0 52 55407 0 79 55415 0 53 55423 0 51 55424 0 90 55424 0 91 55424 0 92 55431 0 79 55458 0 79 55461 0 74 55462 0 75 55486 0 54 55493 0 79 55564 0 52 55604 0 54 55605 0 
TIME iteration: 301 ms
Round:105
IR: 0, 0, 0, 0, 0
55685 0 53 55738 0 52 55748 0 54 55754 0 66 55754 0 67 55758 0 79 55779 0 74 55779 0 75 55779 0 90 55779 0 91 55779 0 92 55782 0 79 55806 0 53 55808 0 79 55812 0 51 55841 0 79 55867 0 54 55905 0 79 55911 0 52 55956 0 51 55965 0 53 56006 0 54 56035 0 52 56130 0 51 56147 0 53 56173 0 61 56175 0 60 56176 0 
TIME iteration: 300 ms
Round:106
IR: 0, 0, 0, 0, 0
56181 0 66 56182 0 67 56182 0 76 56187 0 79 56188 0 52 56191 0 64 56192 0 65 56195 0 62 56195 0 63 56200 0 78 56201 0 90 56201 0 91 56201 0 92 56203 0 77 56205 0 74 56205 0 75 56206 0 76 56211 0 79 56224 0 78 56227 0 77 56233 0 76 56238 0 79 56251 0 78 56254 0 77 56257 0 73 56259 0 72 56267 0 76 56270 0 69 56271 0 79 56273 0 68 56286 0 78 56288 0 77 56292 0 53 56295 0 71 56300 0 70 56312 0 90 56312 0 91 56312 0 92 56319 0 51 56365 0 54 56394 0 52 56414 0 53 56422 0 51 56514 0 54 56555 0 51 56574 0 52 56639 0 53 56681 0 
TIME iteration: 300 ms
Round:107
IR: 0, 0, 0, 0, 0
56714 0 66 56714 0 67 56720 0 79 56722 0 51 56726 0 60 56726 0 61 56732 0 76 56743 0 90 56743 0 91 56743 0 92 56744 0 75 56744 0 79 56745 0 74 56756 0 76 56765 0 69 56767 0 68 56769 0 52 56771 0 79 56783 0 76 56805 0 79 56817 0 76 56872 0 90 56872 0 91 56872 0 92 56893 0 76 56898 0 51 56913 0 54 56943 0 53 57003 0 52 57063 0 51 57067 0 53 57078 0 54 57107 0 52 57189 0 54 57203 0 53 57212 0 51 57223 0 66 57224 0 67 57229 0 79 57230 0 52 57230 0 64 57232 0 65 57239 0 
TIME iteration: 300 ms
Round:108
IR: 0, 0, 0, 0, 0
57240 0 62 57240 0 63 57248 0 77 57252 0 90 57252 0 91 57252 0 92 57253 0 79 57254 0 74 57254 0 75 57263 0 78 57272 0 77 57280 0 79 57290 0 78 57294 0 72 57296 0 54 57297 0 73 57299 0 77 57304 0 70 57308 0 71 57314 0 79 57324 0 78 57333 0 77 57342 0 53 57363 0 52 57368 0 90 57368 0 91 57368 0 92 57406 0 51 57406 0 54 57482 0 53 57496 0 52 57519 0 54 57614 0 51 57638 0 53 57661 0 52 57680 0 54 57723 0 66 57725 0 67 57730 0 79 57753 0 75 57753 0 90 57753 0 91 57753 0 92 57754 0 74 57754 0 79 57767 0 
TIME iteration: 299 ms
Round:109
IR: 0, 0, 0, 0, 0
57781 0 79 57804 0 53 57815 0 79 57827 0 54 57839 0 52 57937 0 53 57997 0 51 58006 0 54 58014 0 52 58066 0 53 58095 0 64 58095 0 65 58102 0 78 58121 0 90 58121 0 91 58121 0 92 58126 0 78 58136 0 51 58149 0 73 58151 0 72 58153 0 78 58162 0 54 58186 0 52 58187 0 78 58206 0 53 58271 0 51 58290 0 54 58298 0 
TIME iteration: 299 ms
Round:110
IR: 0, 0, 0, 0, 0
58349 0 53 58428 0 51 58432 0 54 58433 0 64 58437 0 65 58438 0 78 58457 0 73 58458 0 72 58460 0 90 58460 0 91 58460 0 92 58461 0 78 58487 0 78 58519 0 52 58519 0 78 58525 0 51 58555 0 53 58573 0 78 58602 0 54 58611 0 51 58622 0 52 58723 0 53 58739 0 52 58748 0 54 58753 0 51 58769 0 62 58769 0 63 58774 0 61 58776 0 60 58777 0 77 58783 0 76 58794 0 90 58794 0 91 58794 0 92 58801 0 77 58807 0 76 58828 0 
TIME iteration: 302 ms
Round:111
IR: 0, 0, 0, 0, 0
58834 0 76 58845 0 70 58848 0 71 58862 0 77 58866 0 68 58867 0 69 58868 0 52 58868 0 76 58891 0 54 58907 0 53 58923 0 90 58923 0 91 58923 0 92 58940 0 51 58992 0 52 59034 0 54 59061 0 53 59127 0 52 59145 0 51 59164 0 54 59205 0 53 59304 0 54 59314 0 66 59314 0 67 59322 0 53 59323 0 79 59324 0 51 59325 0 64 59326 0 65 59333 0 78 59344 0 90 59344 0 91 59344 0 92 59347 0 79 59357 0 
TIME iteration: 300 ms
Round:112
IR: 0, 0, 0, 0, 0
59374 0 79 59376 0 73 59377 0 72 59384 0 78 59394 0 74 59394 0 75 59409 0 79 59418 0 78 59419 0 54 59425 0 52 59446 0 53 59456 0 51 59475 0 90 59475 0 91 59475 0 92 59568 0 54 59583 0 51 59587 0 53 59591 0 52 59680 0 54 59690 0 53 59768 0 51 59799 0 53 59806 0 52 59806 0 64 59806 0 65 59809 0 54 59811 0 78 59821 0 67 59822 0 66 59827 0 79 59835 0 78 59835 0 90 59835 0 91 59835 0 92 59836 0 73 59838 0 72 59851 0 79 59857 0 75 59858 0 74 59862 0 78 59878 0 
TIME iteration: 301 ms
Round:113
IR: 0, 0, 0, 0, 0
59895 0 78 59912 0 79 59930 0 52 59950 0 54 59961 0 78 59963 0 90 59963 0 91 59963 0 92 59964 0 51 60018 0 53 60064 0 52 60091 0 54 60126 0 51 60139 0 53 60230 0 52 60283 0 54 60350 0 51 60368 0 53 60394 0 52 60406 0 62 60407 0 63 60411 0 64 60411 0 65 60415 0 77 60418 0 
TIME iteration: 299 ms
Round:114
IR: 0, 0, 0, 0, 0
60425 0 54 60429 0 66 60430 0 67 60434 0 90 60434 0 91 60434 0 92 60436 0 79 60439 0 77 60442 0 78 60447 0 73 60448 0 72 60460 0 79 60466 0 77 60468 0 74 60468 0 75 60469 0 78 60477 0 53 60487 0 79 60488 0 71 60493 0 70 60501 0 77 60503 0 78 60521 0 79 60541 0 51 60549 0 90 60549 0 91 60549 0 92 60565 0 52 60617 0 53 60683 0 54 60712 0 51 60748 0 52 60811 0 53 60888 0 54 60895 0 51 60927 0 
TIME iteration: 301 ms
Round:115
IR: 0, 0, 0, 0, 0
60973 0 53 60974 0 62 60977 0 63 60981 0 77 60996 0 64 60996 0 65 61002 0 78 61005 0 77 61005 0 90 61005 0 91 61005 0 92 61012 0 54 61016 0 70 61016 0 71 61026 0 78 61032 0 72 61032 0 73 61032 0 77 61053 0 78 61065 0 77 61086 0 52 61087 0 78 61124 0 51 61131 0 90 61131 0 91 61131 0 92 61132 0 77 61163 0 78 61174 0 54 61209 0 52 61266 0 51 61271 0 53 61338 0 54 61384 0 51 61459 0 
TIME iteration: 301 ms
Round:116
IR: 0, 0, 0, 0, 0
61484 0 53 61515 0 54 61527 0 51 61531 0 60 61531 0 61 61539 0 76 61555 0 66 61555 0 67 61561 0 90 61561 0 91 61561 0 92 61563 0 76 61563 0 79 61587 0 79 61590 0 76 61614 0 79 61618 0 75 61619 0 74 61624 0 76 61629 0 68 61633 0 53 61633 0 69 61637 0 51 61649 0 79 61668 0 54 61679 0 52 61686 0 90 61686 0 91 61686 0 92 61749 0 51 61798 0 52 61799 0 53 61864 0 51 61883 0 54 61946 0 53 61982 0 51 61996 0 52 62002 0 60 62002 0 61 62007 0 
TIME iteration: 301 ms
Round:117
IR: 0, 0, 0, 0, 0
62031 0 76 62031 0 90 62031 0 91 62031 0 92 62036 0 68 62038 0 69 62058 0 76 62077 0 53 62089 0 52 62091 0 76 62096 0 54 62117 0 51 62157 0 76 62193 0 52 62227 0 53 62247 0 51 62251 0 54 62356 0 52 62369 0 53 62375 0 54 62382 0 62 62383 0 63 62391 0 77 62398 0 65 62398 0 66 62399 0 67 62400 0 64 62407 0 78 62407 0 79 62409 0 90 62409 0 91 62409 0 92 62415 0 77 62417 0 51 62431 0 78 62431 0 79 62442 0 77 62452 0 74 62453 0 75 62455 0 71 62458 0 78 62458 0 79 62460 0 70 62472 0 72 62475 0 73 62477 0 52 62477 0 77 62492 0 78 62493 0 79 62523 0 90 62523 0 91 62523 0 92 62535 0 
TIME iteration: 304 ms
Round:118
IR: 0, 0, 0, 0, 0
62556 0 51 62585 0 53 62596 0 52 62735 0 51 62761 0 52 62773 0 53 62776 0 54 62892 0 51 62895 0 52 62903 0 54 62911 0 62 62911 0 63 62917 0 77 62933 0 60 62935 0 61 62940 0 90 62940 0 91 62940 0 92 62941 0 77 62942 0 76 62948 0 70 62949 0 71 62966 0 76 62968 0 77 62990 0 69 62992 0 68 62993 0 76 63002 0 77 63013 0 51 63027 0 76 63043 0 54 63064 0 90 63064 0 91 63064 0 
TIME iteration: 306 ms
Round:119
IR: 0, 0, 0, 0, 0
63071 0 52 63078 0 77 63090 0 53 63166 0 51 63259 0 53 63264 0 52 63277 0 54 63307 0 51 63382 0 52 63430 0 53 63435 0 62 63435 0 63 63438 0 54 63441 0 77 63464 0 51 63465 0 77 63465 0 90 63465 0 91 63465 0 92 63466 0 70 63466 0 71 63492 0 77 63515 0 53 63526 0 77 63529 0 
TIME iteration: 301 ms
Round:120
IR: 0, 0, 0, 0, 0
63602 0 77 63656 0 52 63664 0 53 63688 0 51 63730 0 54 63795 0 52 63806 0 62 63807 0 63 63811 0 77 63826 0 70 63827 0 71 63832 0 90 63832 0 91 63832 0 92 63835 0 77 63851 0 54 63861 0 77 63870 0 51 63894 0 77 63896 0 52 63910 0 70 63925 0 53 63955 0 77 63971 0 54 64015 0 52 64062 0 51 64072 0 63 64074 0 62 64076 0 77 64082 0 71 64094 0 70 64096 0 90 64096 0 91 64096 0 92 64099 0 77 64125 0 
TIME iteration: 300 ms
Round:121
IR: 0, 0, 0, 0, 0
64130 0 54 64135 0 71 64148 0 52 64157 0 77 64162 0 53 64188 0 70 64207 0 51 64211 0 77 64238 0 54 64305 0 52 64349 0 62 64349 0 63 64351 0 53 64352 0 77 64354 0 51 64367 0 71 64371 0 70 64372 0 90 64372 0 91 64372 0 92 64375 0 77 64401 0 77 64405 0 54 64433 0 77 64445 0 52 64446 0 71 64487 0 77 64510 0 51 64550 0 54 64598 0 52 64638 0 51 64640 0 53 64659 0 
TIME iteration: 301 ms
Round:122
IR: 0, 0, 0, 0, 0
64664 0 63 64665 0 77 64675 0 70 64685 0 71 64686 0 90 64686 0 91 64686 0 92 64688 0 77 64714 0 77 64736 0 70 64741 0 54 64746 0 77 64757 0 53 64778 0 52 64795 0 51 64801 0 77 64893 0 54 64922 0 53 64929 0 52 64956 0 51 64992 0 63 64995 0 62 64998 0 77 65009 0 71 65017 0 70 65018 0 90 65018 0 91 65018 0 92 65022 0 77 65048 0 77 65058 0 53 65067 0 52 65076 0 71 65081 0 77 65142 0 77 65157 0 54 65164 0 
TIME iteration: 300 ms
Round:123
IR: 0, 0, 0, 0, 0
65203 0 51 65203 0 52 65276 0 53 65293 0 54 65315 0 64 65316 0 65 65324 0 78 65338 0 52 65340 0 90 65340 0 91 65340 0 92 65348 0 78 65372 0 51 65375 0 78 65406 0 73 65407 0 53 65410 0 78 65411 0 72 65441 0 54 65480 0 52 65521 0 51 65536 0 53 65586 0 54 65590 0 64 65591 0 65 65592 0 78 65610 0 73 65611 0 72 65614 0 90 65614 0 91 65614 0 92 65615 0 78 65641 0 78 65672 0 78 65685 0 73 65701 0 51 65717 0 72 65719 0 
TIME iteration: 302 ms
Round:124
IR: 0, 0, 0, 0, 0
65722 0 78 65729 0 53 65786 0 54 65850 0 53 65862 0 64 65862 0 65 65865 0 78 65868 0 52 65882 0 73 65884 0 72 65885 0 90 65885 0 91 65885 0 92 65888 0 78 65894 0 54 65902 0 51 65914 0 78 65946 0 78 65967 0 73 65971 0 53 65992 0 52 66000 0 78 66056 0 54 66063 0 53 66081 0 52 66092 0 51 66102 0 64 66102 0 65 66105 0 78 66109 0 72 66121 0 73 66125 0 90 66125 0 91 66125 0 92 66128 0 78 66154 0 78 66160 0 72 66165 0 54 66186 0 78 66201 0 52 66201 0 73 66213 0 53 66239 0 78 66242 0 
TIME iteration: 302 ms
Round:125
IR: 0, 0, 0, 0, 0
66283 0 54 66347 0 52 66378 0 53 66387 0 51 66398 0 54 66408 0 65 66409 0 64 66412 0 78 66429 0 72 66432 0 73 66433 0 67 66433 0 90 66433 0 91 66433 0 92 66435 0 78 66453 0 79 66461 0 78 66486 0 79 66493 0 78 66505 0 53 66518 0 72 66532 0 52 66543 0 51 66548 0 78 66553 0 79 66563 0 54 66570 0 90 66570 0 91 66570 0 92 66648 0 51 66657 0 52 66678 0 53 66687 0 54 66771 0 
TIME iteration: 300 ms
Round:126
IR: 0, 0, 0, 0, 0
66781 0 52 66826 0 54 66918 0 53 66920 0 51 66937 0 60 66937 0 61 66945 0 76 66961 0 54 66967 0 66 66967 0 67 66967 0 90 66967 0 91 66967 0 92 66969 0 76 66974 0 79 66996 0 76 66998 0 79 67004 0 52 67013 0 74 67016 0 75 67025 0 79 67028 0 69 67030 0 68 67030 0 76 67059 0 79 67089 0 90 67089 0 91 67089 0 92 67101 0 51 67129 0 54 67178 0 52 67222 0 53 67228 0 51 67305 0 
TIME iteration: 300 ms
Round:127
IR: 0, 0, 0, 0, 0
67323 0 52 67377 0 51 67413 0 53 67440 0 61 67441 0 60 67446 0 76 67470 0 76 67470 0 90 67470 0 91 67470 0 92 67477 0 69 67478 0 68 67497 0 76 67504 0 54 67513 0 52 67530 0 76 67597 0 76 67630 0 53 67651 0 51 67685 0 54 67743 0 52 67780 0 51 67831 0 60 67832 0 61 67836 0 
TIME iteration: 300 ms
Round:128
IR: 0, 0, 0, 0, 0
67846 0 54 67854 0 68 67854 0 69 67858 0 90 67858 0 91 67858 0 92 67860 0 76 67864 0 53 67886 0 76 67895 0 51 67919 0 76 67920 0 52 67980 0 76 67985 0 51 67986 0 54 68016 0 52 68057 0 53 68108 0 51 68122 0 54 68134 0 60 68135 0 61 68138 0 76 68141 0 52 68147 0 68 68147 0 69 68159 0 90 68159 0 91 68159 0 92 68161 0 76 68187 0 76 68206 0 68 68208 0 69 68219 0 76 68262 0 51 68267 0 53 68274 0 76 68284 0 52 68325 0 
TIME iteration: 299 ms
Round:129
IR: 0, 0, 0, 0, 0
68394 0 52 68397 0 51 68424 0 60 68424 0 61 68427 0 76 68444 0 68 68444 0 69 68446 0 53 68448 0 90 68448 0 91 68448 0 92 68450 0 76 68461 0 54 68476 0 76 68491 0 52 68508 0 76 68524 0 69 68526 0 68 68556 0 54 68559 0 51 68562 0 76 68607 0 53 68642 0 54 68695 0 52 68734 0 51 68750 0 60 68750 0 61 68754 0 53 68754 0 76 68764 0 54 68765 0 67 68766 0 66 68774 0 79 68775 0 68 68775 0 69 68775 0 90 68775 0 91 68775 0 92 68777 0 76 68798 0 79 68803 0 76 68825 0 79 68835 0 76 68845 0 75 68849 0 74 68858 0 51 68860 0 79 68863 0 52 68891 0 
TIME iteration: 300 ms
Round:130
IR: 0, 0, 0, 0, 0
68900 0 90 68900 0 91 68900 0 92 68905 0 54 68953 0 53 68981 0 51 69040 0 54 69080 0 52 69107 0 53 69130 0 51 69252 0 53 69253 0 51 69262 0 52 69268 0 60 69268 0 61 69274 0 76 69279 0 54 69284 0 65 69285 0 64 69293 0 78 69298 0 68 69298 0 76 69298 0 90 69298 0 91 69298 0 92 69299 0 69 69317 0 78 69325 0 76 69344 0 78 69359 0 76 69379 0 78 69385 0 73 69386 0 72 69405 0 53 69414 0 52 69426 0 90 69426 0 91 69426 0 
TIME iteration: 300 ms
Round:131
IR: 0, 0, 0, 0, 0
69435 0 76 69455 0 51 69495 0 54 69538 0 53 69593 0 52 69598 0 51 69603 0 54 69673 0 53 69743 0 52 69751 0 54 69768 0 51 69779 0 67 69781 0 66 69788 0 79 69810 0 90 69810 0 91 69810 0 92 69812 0 79 69839 0 79 69841 0 75 69847 0 74 69862 0 53 69874 0 79 69905 0 54 69910 0 
TIME iteration: 299 ms
Round:132
IR: 0, 0, 0, 0, 0
69992 0 51 70056 0 53 70059 0 52 70091 0 54 70160 0 51 70160 0 66 70162 0 67 70165 0 79 70187 0 75 70187 0 90 70187 0 91 70187 0 92 70188 0 74 70188 0 79 70214 0 79 70217 0 52 70238 0 54 70240 0 53 70246 0 79 70305 0 79 70329 0 52 70349 0 53 70362 0 54 70388 0 51 70438 0 52 70485 0 62 70486 0 
TIME iteration: 299 ms
Round:133
IR: 0, 0, 0, 0, 0
70493 0 54 70494 0 77 70509 0 66 70510 0 67 70510 0 90 70510 0 91 70510 0 92 70514 0 79 70518 0 77 70526 0 75 70527 0 74 70533 0 53 70538 0 79 70545 0 77 70564 0 51 70564 0 52 70565 0 79 70580 0 77 70583 0 71 70588 0 70 70597 0 75 70598 0 79 70600 0 74 70631 0 90 70631 0 91 70631 0 92 70684 0 79 70697 0 51 70706 0 53 70708 0 54 70759 0 52 70856 0 52 70883 0 51 70909 0 53 70922 0 
TIME iteration: 299 ms
Round:134
IR: 0, 0, 0, 0, 0
71038 0 51 71042 0 53 71061 0 60 71061 0 61 71062 0 64 71062 0 65 71069 0 76 71070 0 78 71087 0 90 71087 0 91 71087 0 92 71093 0 76 71094 0 78 71095 0 52 71096 0 54 71120 0 76 71121 0 78 71144 0 68 71145 0 69 71146 0 73 71151 0 72 71154 0 76 71155 0 78 71161 0 53 71211 0 51 71219 0 90 71219 0 91 71219 0 92 71239 0 52 71239 0 54 71278 0 53 71344 0 52 71381 0 51 71395 0 54 71436 0 53 71463 0 52 71498 0 51 71540 0 63 71544 0 
TIME iteration: 299 ms
Round:135
IR: 0, 0, 0, 0, 0
71550 0 77 71569 0 60 71569 0 61 71571 0 90 71571 0 91 71571 0 92 71574 0 76 71574 0 77 71586 0 54 71597 0 53 71598 0 76 71601 0 77 71605 0 68 71606 0 69 71606 0 70 71606 0 71 71625 0 76 71630 0 52 71635 0 77 71658 0 76 71694 0 90 71694 0 91 71694 0 92 71708 0 51 71724 0 76 71735 0 54 71771 0 53 71821 0 52 71872 0 54 71907 0 53 71916 0 51 71933 0 52 72026 0 53 72047 0 65 72048 0 64 72055 0 78 72063 0 54 72077 0 90 72077 0 91 72077 0 92 72079 0 
TIME iteration: 308 ms
Round:136
IR: 0, 0, 0, 0, 0
72081 0 51 72088 0 52 72106 0 78 72109 0 72 72110 0 73 72140 0 78 72208 0 54 72231 0 51 72258 0 52 72277 0 53 72388 0 51 72388 0 54 72396 0 52 72447 0 63 72448 0 62 72455 0 77 72460 0 60 72465 0 61 72470 0 76 72474 0 90 72474 0 91 72474 0 92 72479 0 77 72494 0 76 72505 0 70 72506 0 71 72506 0 77 72517 0 68 72518 0 69 72521 0 76 72525 0 53 72540 0 77 72553 0 51 72555 0 76 72565 0 54 72584 0 52 72600 0 90 72600 0 91 72600 0 
TIME iteration: 300 ms
Round:137
IR: 0, 0, 0, 0, 0
72666 0 53 72729 0 52 72756 0 51 72776 0 54 72836 0 53 72839 0 52 72926 0 51 72955 0 53 72976 0 65 72978 0 64 72985 0 78 73003 0 54 73007 0 90 73007 0 91 73007 0 92 73009 0 78 73033 0 72 73036 0 78 73037 0 73 73054 0 51 73060 0 53 73070 0 78 73088 0 52 73125 0 
TIME iteration: 299 ms
Round:138
IR: 0, 0, 0, 0, 0
73172 0 51 73233 0 54 73259 0 53 73297 0 52 73311 0 51 73343 0 60 73344 0 61 73351 0 76 73369 0 90 73369 0 91 73369 0 92 73375 0 76 73398 0 69 73400 0 68 73402 0 54 73402 0 76 73412 0 52 73436 0 76 73443 0 53 73523 0 51 73532 0 54 73590 0 52 73596 0 53 73659 0 
TIME iteration: 299 ms
Round:139
IR: 0, 0, 0, 0, 0
73701 0 66 73701 0 67 73710 0 79 73726 0 90 73726 0 91 73726 0 92 73727 0 52 73729 0 51 73734 0 79 73750 0 53 73761 0 79 73789 0 54 73792 0 75 73796 0 79 73801 0 74 73865 0 52 73878 0 51 73927 0 53 73942 0 54 73971 0 52 73998 0 66 74000 0 67 74002 0 79 74020 0 53 74022 0 74 74022 0 75 74023 0 90 74023 0 91 74023 0 92 74025 0 79 74051 0 79 74063 0 51 74083 0 79 74107 0 54 74133 0 52 74138 0 
TIME iteration: 299 ms
Round:140
IR: 0, 0, 0, 0, 0
74204 0 53 74249 0 51 74293 0 52 74327 0 54 74341 0 53 74398 0 64 74398 0 65 74406 0 78 74412 0 51 74424 0 90 74424 0 91 74424 0 92 74430 0 78 74457 0 78 74475 0 72 74478 0 73 74480 0 54 74486 0 52 74491 0 78 74512 0 53 74539 0 51 74602 0 54 74636 0 53 74637 0 52 74690 0 65 74691 0 64 74693 0 78 74704 0 54 74712 0 72 74712 0 73 74714 0 90 74714 0 91 74714 0 92 74716 0 78 74727 0 51 74729 0 
TIME iteration: 299 ms
Round:141
IR: 0, 0, 0, 0, 0
74742 0 78 74767 0 53 74774 0 78 74827 0 78 74854 0 54 74856 0 52 74882 0 51 74934 0 53 74961 0 54 74979 0 52 75019 0 51 75035 0 62 75035 0 63 75043 0 77 75054 0 67 75056 0 53 75060 0 66 75060 0 90 75060 0 91 75060 0 92 75066 0 79 75067 0 77 75083 0 54 75090 0 79 75094 0 77 75115 0 74 75117 0 79 75118 0 75 75122 0 70 75128 0 77 75132 0 51 75133 0 71 75152 0 79 75154 0 52 75182 0 90 75182 0 91 75182 0 92 75255 0 
TIME iteration: 299 ms
Round:142
IR: 0, 0, 0, 0, 0
75280 0 54 75308 0 51 75340 0 52 75387 0 53 75420 0 54 75438 0 52 75479 0 51 75515 0 53 75520 0 63 75521 0 62 75526 0 77 75540 0 64 75540 0 65 75548 0 78 75550 0 77 75550 0 90 75550 0 91 75550 0 92 75551 0 54 75555 0 70 75557 0 52 75557 0 71 75572 0 78 75577 0 77 75589 0 72 75591 0 73 75599 0 78 75610 0 77 75621 0 51 75633 0 78 75667 0 53 75676 0 90 75676 0 91 75676 0 92 75677 0 77 75707 0 54 75754 0 52 75778 0 
TIME iteration: 299 ms
Round:143
IR: 0, 0, 0, 0, 0
75831 0 53 75867 0 54 75939 0 52 75942 0 51 75951 0 53 76029 0 65 76032 0 64 76036 0 78 76041 0 54 76060 0 78 76060 0 90 76060 0 91 76060 0 92 76062 0 72 76062 0 73 76079 0 53 76084 0 51 76087 0 78 76107 0 52 76120 0 78 76187 0 78 76190 0 54 76213 0 53 76219 0 51 76263 0 52 76295 0 
TIME iteration: 299 ms
Round:144
IR: 0, 0, 0, 0, 0
76349 0 53 76372 0 51 76379 0 65 76380 0 64 76384 0 78 76398 0 73 76399 0 72 76405 0 90 76405 0 91 76405 0 92 76408 0 78 76427 0 54 76434 0 78 76452 0 53 76467 0 78 76469 0 52 76471 0 73 76487 0 72 76518 0 51 76528 0 78 76557 0 53 76594 0 65 76595 0 64 76597 0 78 76600 0 54 76611 0 73 76612 0 72 76617 0 90 76617 0 91 76617 0 92 76620 0 78 76626 0 51 76645 0 53 76646 0 78 76657 0 52 76677 0 78 76678 0 73 76685 0 72 76728 0 78 76753 0 51 76789 0 52 76793 0 54 76828 0 
TIME iteration: 300 ms
Round:145
IR: 0, 0, 0, 0, 0
76885 0 65 76886 0 64 76889 0 78 76904 0 51 76907 0 72 76907 0 73 76909 0 90 76909 0 91 76909 0 92 76912 0 78 76934 0 52 76938 0 78 76953 0 54 76970 0 78 76975 0 53 77000 0 72 77002 0 73 77014 0 51 77025 0 78 77109 0 52 77129 0 51 77139 0 54 77142 0 53 77166 0 64 77166 0 65 77169 0 78 77188 0 72 77188 0 73 77190 0 90 77190 0 91 77190 0 92 77192 0 78 77218 0 78 77250 0 78 77279 0 53 77285 0 54 77304 0 78 77310 0 52 77349 0 
TIME iteration: 299 ms
Round:146
IR: 0, 0, 0, 0, 0
77424 0 53 77433 0 52 77467 0 54 77469 0 51 77547 0 52 77555 0 62 77556 0 63 77564 0 77 77581 0 90 77581 0 91 77581 0 92 77588 0 77 77593 0 53 77615 0 77 77632 0 51 77635 0 70 77645 0 71 77650 0 77 77667 0 52 77702 0 53 77710 0 54 77781 0 51 77824 0 54 77837 0 53 77869 0 
TIME iteration: 299 ms
Round:147
IR: 0, 0, 0, 0, 0
77914 0 51 77917 0 62 77917 0 63 77920 0 77 77922 0 64 77925 0 65 77931 0 78 77942 0 60 77942 0 61 77942 0 90 77942 0 91 77942 0 92 77943 0 70 77943 0 77 77944 0 71 77950 0 76 77955 0 78 77967 0 73 77968 0 72 77969 0 77 77974 0 76 77979 0 54 77982 0 78 77995 0 53 78001 0 76 78001 0 77 78016 0 78 78027 0 52 78035 0 76 78038 0 68 78038 0 69 78055 0 77 78056 0 90 78056 0 91 78056 0 92 78090 0 51 78178 0 53 78180 0 54 78201 0 52 78282 0 51 78298 0 54 78357 0 53 78376 0 52 78437 0 
TIME iteration: 300 ms
Round:148
IR: 0, 0, 0, 0, 0
78448 0 67 78449 0 66 78457 0 79 78478 0 90 78478 0 91 78478 0 92 78481 0 79 78508 0 79 78510 0 53 78543 0 75 78543 0 79 78548 0 74 78559 0 52 78585 0 54 78609 0 51 78703 0 54 78719 0 52 78730 0 53 78732 0 67 78733 0 66 78735 0 79 78742 0 51 78754 0 74 78755 0 75 78757 0 90 78757 0 91 78757 0 92 78758 0 79 78784 0 79 78816 0 54 78816 0 79 78848 0 74 78871 0 79 78906 0 51 78911 0 54 78919 0 52 78928 0 
TIME iteration: 299 ms
Round:149
IR: 0, 0, 0, 0, 0
78976 0 67 78977 0 66 78979 0 79 78984 0 75 78997 0 74 78999 0 90 78999 0 91 78999 0 92 79002 0 79 79028 0 79 79033 0 51 79036 0 75 79060 0 79 79085 0 74 79088 0 52 79110 0 54 79114 0 79 79132 0 53 79178 0 51 79192 0 52 79283 0 52 79286 0 54 79295 0 51 79299 0 63 79301 0 62 79308 0 77 79311 0 66 79311 0 67 79314 0 53 79315 0 79 79324 0 90 79324 0 91 79324 0 92 79332 0 77 79334 0 75 79337 0 74 79339 0 79 79359 0 77 79365 0 79 79372 0 71 79376 0 70 79386 0 52 79388 0 51 79393 0 77 79398 0 79 79411 0 54 79450 0 90 79450 0 91 79450 0 92 79465 0 79 79488 0 
TIME iteration: 298 ms
Round:150
IR: 0, 0, 0, 0, 0
79505 0 53 79521 0 52 79528 0 54 79629 0 54 79673 0 51 79674 0 53 79701 0 52 79784 0 51 79815 0 61 79816 0 60 79824 0 76 79831 0 54 79845 0 90 79845 0 91 79845 0 92 79848 0 76 79855 0 53 79871 0 52 79875 0 76 79899 0 68 79901 0 69 79910 0 76 79954 0 51 80005 0 52 80005 0 
TIME iteration: 298 ms
Round:151
IR: 0, 0, 0, 0, 0
80075 0 53 80086 0 51 80097 0 52 80125 0 60 80126 0 61 80128 0 76 80143 0 54 80143 0 63 80144 0 62 80148 0 68 80149 0 69 80150 0 90 80150 0 91 80150 0 92 80151 0 76 80151 0 77 80175 0 77 80177 0 76 80198 0 70 80198 0 71 80202 0 77 80209 0 76 80236 0 77 80262 0 76 80273 0 54 80273 0 90 80273 0 91 80273 0 92 80278 0 52 80283 0 51 80313 0 53 80409 0 54 80463 0 53 80485 0 
TIME iteration: 297 ms
Round:152
IR: 0, 0, 0, 0, 0
80565 0 53 80595 0 54 80605 0 65 80606 0 64 80610 0 52 80614 0 78 80635 0 90 80635 0 91 80635 0 92 80638 0 78 80665 0 78 80698 0 72 80700 0 78 80702 0 53 80704 0 73 80713 0 51 80732 0 52 80832 0 53 80844 0 54 80855 0 52 80889 0 64 80890 0 65 80892 0 78 80911 0 51 80911 0 72 80912 0 73 80914 0 90 80914 0 91 80914 0 92 80915 0 78 80941 0 78 80969 0 53 80973 0 78 80998 0 52 81026 0 54 81026 0 
TIME iteration: 304 ms
Round:153
IR: 0, 0, 0, 0, 0
81096 0 51 81137 0 52 81182 0 53 81202 0 51 81228 0 54 81264 0 60 81267 0 61 81274 0 76 81291 0 90 81291 0 91 81291 0 92 81298 0 76 81299 0 52 81325 0 76 81330 0 68 81331 0 69 81350 0 54 81360 0 76 81367 0 51 81379 0 53 81491 0 52 81498 0 51 81576 0 54 81591 0 53 81593 0 61 81599 0 
TIME iteration: 297 ms
Round:154
IR: 0, 0, 0, 0, 0
81623 0 90 81623 0 91 81623 0 92 81628 0 76 81644 0 51 81668 0 76 81691 0 52 81771 0 51 81804 0 54 81826 0 53 81911 0 52 81931 0 51 81938 0 54 81986 0 61 81987 0 60 81991 0 76 81998 0 53 82010 0 68 82011 0 69 82015 0 76 82015 0 90 82015 0 91 82015 0 92 82031 0 52 82041 0 76 82074 0 76 82094 0 54 82102 0 53 82135 0 
TIME iteration: 298 ms
Round:155
IR: 0, 0, 0, 0, 0
82194 0 51 82199 0 52 82203 0 53 82336 0 51 82352 0 52 82391 0 60 82393 0 61 82397 0 62 82397 0 76 82398 0 63 82406 0 77 82413 0 68 82413 0 69 82418 0 90 82418 0 91 82418 0 92 82421 0 76 82430 0 77 82442 0 51 82448 0 76 82454 0 53 82457 0 77 82469 0 54 82481 0 76 82491 0 71 82492 0 77 82494 0 68 82499 0 70 82500 0 52 82540 0 51 82546 0 76 82548 0 90 82548 0 91 82548 0 92 82570 0 53 82598 0 54 82645 0 
TIME iteration: 298 ms
Round:156
IR: 0, 0, 0, 0, 0
82691 0 53 82725 0 54 82748 0 52 82774 0 51 82829 0 53 82890 0 65 82894 0 64 82896 0 52 82900 0 78 82907 0 62 82908 0 63 82913 0 77 82916 0 54 82922 0 90 82922 0 91 82922 0 92 82924 0 78 82937 0 77 82944 0 71 82947 0 70 82951 0 78 82964 0 77 82977 0 73 82982 0 51 82982 0 72 82985 0 78 82987 0 53 82997 0 77 83006 0 52 83051 0 90 83051 0 91 83051 0 92 83064 0 77 83067 0 54 83133 0 51 83162 0 52 83187 0 
TIME iteration: 298 ms
Round:157
IR: 0, 0, 0, 0, 0
83216 0 53 83268 0 51 83304 0 52 83340 0 54 83384 0 51 83399 0 53 83402 0 60 83402 0 61 83410 0 76 83424 0 66 83425 0 67 83431 0 52 83432 0 90 83432 0 91 83432 0 92 83434 0 76 83434 0 79 83458 0 69 83458 0 79 83460 0 54 83461 0 76 83468 0 68 83485 0 79 83495 0 76 83506 0 53 83510 0 51 83512 0 75 83520 0 79 83522 0 74 83542 0 52 83557 0 90 83557 0 91 83557 0 92 83614 0 51 83634 0 54 83682 0 52 83706 0 
TIME iteration: 298 ms
Round:158
IR: 0, 0, 0, 0, 0
83752 0 51 83804 0 54 83854 0 51 83863 0 52 83876 0 61 83877 0 60 83881 0 76 83883 0 53 83905 0 76 83905 0 90 83905 0 91 83905 0 92 83909 0 68 83909 0 69 83931 0 76 83964 0 76 83992 0 51 84006 0 54 84007 0 53 84025 0 76 84096 0 52 84113 0 54 84168 0 51 84226 0 53 84267 0 51 84269 0 
TIME iteration: 298 ms
Round:159
IR: 0, 0, 0, 0, 0
84270 0 61 84271 0 60 84275 0 76 84292 0 69 84293 0 68 84297 0 90 84297 0 91 84297 0 92 84299 0 76 84325 0 76 84330 0 54 84358 0 76 84391 0 52 84419 0 76 84437 0 53 84439 0 54 84475 0 51 84514 0 52 84540 0 54 84573 0 53 84588 0 66 84588 0 67 84597 0 79 84613 0 90 84613 0 91 84613 0 92 84614 0 52 84621 0 79 84648 0 79 84657 0 54 84657 0 74 84662 0 75 84666 0 51 84683 0 79 84684 0 53 84731 0 52 84791 0 
TIME iteration: 298 ms
Round:160
IR: 0, 0, 0, 0, 0
84808 0 53 84837 0 52 84855 0 51 84910 0 54 84916 0 66 84916 0 67 84919 0 79 84939 0 74 84940 0 75 84941 0 90 84941 0 91 84941 0 92 84942 0 79 84951 0 53 84968 0 79 84976 0 52 85000 0 79 85057 0 79 85059 0 51 85072 0 52 85113 0 54 85156 0 51 85179 0 53 85206 0 52 85252 0 63 85254 0 62 85260 0 51 85261 0 77 85270 0 60 85270 0 61 85278 0 76 85278 0 90 85278 0 91 85278 0 92 85285 0 77 85302 0 76 85312 0 77 85328 0 68 85328 0 69 85329 0 
TIME iteration: 298 ms
Round:161
IR: 0, 0, 0, 0, 0
85330 0 53 85339 0 70 85346 0 77 85355 0 71 85358 0 52 85363 0 76 85396 0 51 85402 0 90 85402 0 91 85402 0 92 85428 0 54 85476 0 53 85562 0 52 85563 0 51 85608 0 53 85647 0 54 85761 0 52 85803 0 53 85821 0 51 85828 0 54 85830 0 64 85831 0 65 85839 0 
TIME iteration: 298 ms
Round:162
IR: 0, 0, 0, 0, 0
85861 0 90 85861 0 91 85861 0 92 85863 0 78 85890 0 78 85924 0 72 85925 0 78 85930 0 73 85957 0 54 85982 0 53 85995 0 51 86011 0 52 86115 0 54 86151 0 51 86163 0 53 86176 0 52 86197 0 64 86197 0 65 86201 0 78 86223 0 90 86223 0 91 86223 0 92 86224 0 78 86225 0 72 86226 0 73 86234 0 54 86250 0 78 86282 0 78 86292 0 53 86335 0 54 86338 0 78 86353 0 52 86370 0 
TIME iteration: 298 ms
Round:163
IR: 0, 0, 0, 0, 0
86471 0 53 86474 0 54 86513 0 52 86569 0 66 86589 0 79 86590 0 51 86601 0 90 86601 0 91 86601 0 92 86622 0 79 86635 0 54 86644 0 52 86685 0 79 86695 0 51 86778 0 53 86852 0 51 86859 0 
TIME iteration: 298 ms
Round:164
IR: 0, 0, 0, 0, 0
86945 0 52 86967 0 51 86975 0 60 86975 0 61 86983 0 76 87004 0 90 87004 0 91 87004 0 92 87007 0 76 87029 0 54 87034 0 76 87047 0 53 87056 0 69 87057 0 68 87068 0 76 87094 0 51 87149 0 52 87175 0 54 87180 0 53 87254 0 51 87262 0 52 87273 0 54 87299 0 61 87302 0 60 87303 0 76 87309 0 53 87318 0 67 87319 0 66 87325 0 68 87325 0 69 87325 0 90 87325 0 91 87325 0 92 87326 0 76 87326 0 79 87350 0 79 87352 0 76 87376 0 75 87377 0 74 87377 0 79 87383 0 51 87384 0 76 87397 0 52 87412 0 79 87415 0 54 87437 0 76 87448 0 90 87448 0 91 87448 0 
TIME iteration: 299 ms
Round:165
IR: 0, 0, 0, 0, 0
87457 0 53 87509 0 51 87546 0 54 87551 0 52 87636 0 53 87663 0 51 87667 0 54 87682 0 52 87790 0 53 87794 0 51 87817 0 61 87818 0 60 87823 0 76 87847 0 68 87847 0 69 87847 0 76 87847 0 90 87847 0 91 87847 0 92 87848 0 54 87874 0 76 87880 0 52 87907 0 76 87947 0 53 87974 0 
TIME iteration: 298 ms
Round:166
IR: 0, 0, 0, 0, 0
87991 0 51 88090 0 54 88102 0 53 88115 0 52 88118 0 51 88176 0 60 88179 0 61 88182 0 76 88197 0 68 88197 0 69 88203 0 90 88203 0 91 88203 0 92 88206 0 76 88232 0 76 88247 0 51 88250 0 53 88264 0 52 88265 0 76 88269 0 54 88276 0 68 88287 0 69 88326 0 76 88394 0 51 88396 0 52 88434 0 60 88434 0 61 88437 0 76 88454 0 68 88455 0 69 88457 0 90 88457 0 91 88457 0 92 88460 0 76 88464 0 54 88486 0 76 88491 0 
TIME iteration: 298 ms
Round:167
IR: 0, 0, 0, 0, 0
88518 0 76 88536 0 68 88543 0 52 88561 0 51 88572 0 76 88632 0 54 88687 0 51 88687 0 52 88711 0 53 88724 0 60 88726 0 61 88728 0 76 88736 0 69 88747 0 68 88749 0 90 88749 0 91 88749 0 92 88751 0 76 88777 0 76 88793 0 69 88795 0 51 88800 0 54 88809 0 76 88846 0 53 88863 0 76 88929 0 54 88961 0 52 89024 0 51 89028 0 
TIME iteration: 298 ms
Round:168
IR: 0, 0, 0, 0, 0
89058 0 66 89059 0 67 89067 0 79 89083 0 90 89083 0 91 89083 0 92 89091 0 79 89118 0 79 89126 0 54 89142 0 74 89147 0 75 89150 0 52 89153 0 79 89155 0 51 89184 0 53 89245 0 54 89274 0 51 89313 0 53 89338 0 54 89340 0 66 89340 0 67 89342 0 79 89361 0 74 89362 0 52 89362 0 75 89364 0 90 89364 0 91 89364 0 92 89365 0 79 89391 0 79 89412 0 51 89423 0 79 89445 0 54 89459 0 75 89477 0 79 89481 0 53 89519 0 52 89542 0 54 89549 0 
TIME iteration: 298 ms
Round:169
IR: 0, 0, 0, 0, 0
89577 0 67 89578 0 66 89580 0 79 89584 0 74 89597 0 75 89600 0 90 89600 0 91 89600 0 92 89603 0 79 89611 0 53 89629 0 79 89635 0 74 89661 0 79 89668 0 51 89678 0 75 89696 0 54 89698 0 52 89715 0 79 89755 0 53 89781 0 51 89882 0 53 89883 0 52 89885 0 51 89905 0 60 89906 0 54 89906 0 61 89914 0 76 89930 0 90 89930 0 91 89930 0 92 89938 0 76 89965 0 76 89971 0 68 89974 0 69 89989 0 53 89997 0 52 90000 0 76 90017 0 54 90031 0 
TIME iteration: 306 ms
Round:170
IR: 0, 0, 0, 0, 0
90103 0 54 90133 0 53 90186 0 51 90232 0 61 90236 0 60 90237 0 76 90256 0 52 90256 0 68 90257 0 69 90258 0 54 90259 0 90 90259 0 91 90259 0 92 90260 0 76 90286 0 76 90317 0 53 90318 0 76 90372 0 76 90399 0 54 90406 0 51 90443 0 52 90503 0 53 90568 0 54 90583 0 52 90602 0 53 90626 0 64 90626 0 
TIME iteration: 298 ms
Round:171
IR: 0, 0, 0, 0, 0
90634 0 78 90647 0 63 90648 0 62 90652 0 90 90652 0 91 90652 0 92 90653 0 51 90656 0 77 90658 0 78 90680 0 77 90685 0 78 90707 0 77 90719 0 78 90721 0 72 90722 0 73 90736 0 53 90737 0 52 90742 0 77 90743 0 71 90755 0 70 90775 0 90 90775 0 91 90775 0 92 90783 0 54 90846 0 53 90861 0 51 90879 0 52 90964 0 54 90968 0 53 90973 0 51 91078 0 52 91159 0 
TIME iteration: 298 ms
Round:172
IR: 0, 0, 0, 0, 0
91179 0 65 91180 0 64 91185 0 78 91204 0 51 91205 0 54 91209 0 78 91210 0 90 91210 0 91 91210 0 92 91219 0 73 91220 0 52 91220 0 72 91236 0 78 91269 0 78 91325 0 53 91336 0 78 91366 0 51 91390 0 54 91402 0 52 91454 0 53 91467 0 51 91524 0 65 91525 0 64 91529 0 78 91543 0 60 91543 0 61 91544 0 72 91544 0 73 91546 0 54 91550 0 90 91550 0 91 91550 0 92 91551 0 76 91553 0 78 91575 0 76 91579 0 78 91599 0 51 91602 0 76 91612 0 78 91613 0 69 91614 0 68 91623 0 73 91625 0 72 91636 0 76 91647 0 52 91660 0 53 91673 0 78 91674 0 90 91674 0 91 91674 0 92 91687 0 
TIME iteration: 298 ms
Round:173
IR: 0, 0, 0, 0, 0
91755 0 51 91766 0 53 91770 0 52 91800 0 54 91891 0 53 91919 0 52 91928 0 54 91934 0 51 92022 0 53 92029 0 64 92029 0 65 92029 0 66 92032 0 52 92035 0 78 92043 0 63 92044 0 62 92048 0 54 92049 0 67 92049 0 79 92052 0 77 92055 0 90 92055 0 91 92055 0 92 92059 0 78 92066 0 72 92068 0 73 92073 0 79 92076 0 77 92086 0 78 92100 0 79 92101 0 51 92103 0 77 92119 0 70 92120 0 78 92122 0 71 92134 0 53 92135 0 79 92136 0 74 92138 0 77 92140 0 75 92170 0 90 92170 0 91 92170 0 92 92179 0 52 92194 0 54 92196 0 
TIME iteration: 298 ms
Round:174
IR: 0, 0, 0, 0, 0
92249 0 53 92298 0 51 92358 0 53 92369 0 54 92411 0 52 92421 0 51 92512 0 51 92515 0 53 92522 0 60 92522 0 61 92530 0 76 92533 0 64 92533 0 65 92539 0 78 92551 0 90 92551 0 91 92551 0 92 92554 0 76 92563 0 78 92564 0 72 92565 0 73 92577 0 54 92581 0 76 92583 0 68 92585 0 69 92590 0 78 92606 0 52 92615 0 76 92623 0 51 92624 0 78 92681 0 90 92681 0 91 92681 0 92 92700 0 78 92721 0 54 92728 0 
TIME iteration: 298 ms
Round:175
IR: 0, 0, 0, 0, 0
92758 0 51 92824 0 53 92849 0 52 92897 0 51 92899 0 54 92969 0 53 93033 0 52 93035 0 51 93052 0 60 93053 0 61 93058 0 76 93073 0 62 93075 0 63 93082 0 76 93082 0 77 93082 0 90 93082 0 91 93082 0 92 93089 0 68 93089 0 69 93106 0 77 93109 0 76 93133 0 77 93138 0 54 93138 0 71 93139 0 70 93142 0 76 93153 0 53 93167 0 77 93193 0 51 93207 0 90 93207 0 91 93207 0 92 93209 0 76 93214 0 
TIME iteration: 298 ms
Round:176
IR: 0, 0, 0, 0, 0
93312 0 53 93336 0 54 93344 0 52 93406 0 51 93464 0 52 93512 0 54 93514 0 53 93534 0 63 93539 0 62 93541 0 77 93565 0 77 93566 0 90 93566 0 91 93566 0 92 93569 0 71 93570 0 70 93577 0 51 93591 0 77 93609 0 52 93624 0 77 93628 0 53 93685 0 77 93695 0 54 93721 0 52 93732 0 51 93735 0 
TIME iteration: 297 ms
Round:177
IR: 0, 0, 0, 0, 0
93855 0 51 93867 0 54 93878 0 52 93898 0 62 93900 0 63 93904 0 53 93904 0 77 93910 0 60 93911 0 61 93918 0 70 93918 0 76 93919 0 71 93925 0 90 93925 0 91 93925 0 92 93928 0 77 93942 0 76 93955 0 77 93962 0 69 93963 0 68 93969 0 76 93988 0 77 93992 0 51 93996 0 70 93998 0 71 94003 0 76 94052 0 54 94052 0 90 94052 0 91 94052 0 92 94053 0 77 94125 0 51 94141 0 53 94156 0 52 94176 0 54 94312 0 
TIME iteration: 298 ms
Round:178
IR: 0, 0, 0, 0, 0
94358 0 53 94375 0 51 94430 0 54 94476 0 53 94489 0 52 94493 0 65 94494 0 64 94502 0 63 94502 0 78 94504 0 62 94510 0 77 94511 0 51 94524 0 90 94524 0 91 94524 0 92 94526 0 78 94534 0 77 94545 0 71 94548 0 70 94553 0 78 94561 0 77 94571 0 53 94583 0 72 94587 0 73 94588 0 78 94595 0 77 94597 0 54 94621 0 52 94656 0 90 94656 0 91 94656 0 92 94717 0 52 94742 0 54 94751 0 53 94774 0 
TIME iteration: 298 ms
Round:179
IR: 0, 0, 0, 0, 0
94871 0 52 94905 0 53 94920 0 54 94967 0 51 95033 0 52 95055 0 62 95055 0 63 95061 0 77 95082 0 51 95085 0 77 95085 0 90 95085 0 91 95085 0 92 95089 0 71 95091 0 70 95110 0 53 95112 0 77 95114 0 54 95146 0 77 95207 0 51 95222 0 77 95232 0 52 95236 0 54 95354 0 54 95355 0 53 95375 0 51 95394 0 
TIME iteration: 298 ms
Round:180
IR: 0, 0, 0, 0, 0
95401 0 67 95403 0 66 95411 0 79 95427 0 90 95427 0 91 95427 0 92 95435 0 79 95462 0 79 95497 0 75 95497 0 79 95502 0 74 95508 0 54 95514 0 51 95547 0 52 95631 0 51 95684 0 53 95738 0 52 95775 0 51 95790 0 60 95790 0 61 95798 0 76 95813 0 54 95816 0 90 95816 0 91 95816 0 92 95822 0 76 95839 0 53 95849 0 76 95877 0 68 95877 0 69 95883 0 76 95896 0 52 95915 0 
TIME iteration: 298 ms
Round:181
IR: 0, 0, 0, 0, 0
95965 0 53 95974 0 54 96057 0 51 96083 0 53 96094 0 61 96095 0 60 96097 0 76 96103 0 54 96117 0 68 96118 0 69 96119 0 90 96119 0 91 96119 0 92 96120 0 76 96146 0 76 96148 0 52 96171 0 51 96178 0 76 96185 0 53 96222 0 54 96231 0 76 96286 0 52 96344 0 53 96344 0 54 96416 0 51 96447 0 
TIME iteration: 298 ms
Round:182
IR: 0, 0, 0, 0, 0
96462 0 54 96468 0 66 96468 0 67 96476 0 79 96485 0 53 96494 0 62 96494 0 90 96494 0 91 96494 0 92 96500 0 79 96512 0 77 96527 0 79 96533 0 74 96536 0 75 96544 0 77 96561 0 79 96595 0 52 96599 0 77 96614 0 51 96632 0 90 96632 0 91 96632 0 92 96646 0 54 96708 0 53 96747 0 54 96758 0 51 96758 0 52 96869 0 54 96911 0 53 96965 0 51 96988 0 
TIME iteration: 298 ms
Round:183
IR: 0, 0, 0, 0, 0
97060 0 53 97082 0 64 97082 0 65 97090 0 78 97094 0 51 97099 0 60 97100 0 61 97106 0 54 97107 0 76 97113 0 90 97113 0 91 97113 0 92 97114 0 78 97131 0 76 97141 0 78 97148 0 53 97157 0 69 97158 0 68 97158 0 76 97164 0 52 97169 0 72 97175 0 73 97175 0 78 97192 0 76 97240 0 53 97241 0 90 97241 0 91 97241 0 92 97248 0 54 97274 0 51 97304 0 52 97399 0 53 97401 0 54 97438 0 
TIME iteration: 298 ms
Round:184
IR: 0, 0, 0, 0, 0
97520 0 54 97560 0 52 97569 0 53 97577 0 51 97589 0 67 97594 0 66 97600 0 79 97614 0 60 97616 0 61 97620 0 76 97621 0 90 97621 0 91 97621 0 92 97624 0 79 97644 0 76 97650 0 69 97651 0 68 97651 0 79 97657 0 53 97659 0 74 97661 0 75 97671 0 76 97686 0 79 97688 0 51 97690 0 54 97704 0 76 97723 0 52 97746 0 90 97746 0 91 97746 0 92 97770 0 76 97819 0 54 97829 0 53 97855 0 51 97876 0 52 97959 0 54 97983 0 51 98023 0 
TIME iteration: 298 ms
Round:185
IR: 0, 0, 0, 0, 0
98052 0 52 98152 0 54 98165 0 53 98175 0 66 98176 0 67 98182 0 79 98183 0 65 98185 0 64 98192 0 78 98205 0 90 98205 0 91 98205 0 92 98206 0 79 98216 0 74 98216 0 75 98216 0 78 98233 0 79 98243 0 78 98253 0 72 98256 0 73 98267 0 79 98276 0 51 98277 0 78 98292 0 53 98320 0 52 98326 0 54 98337 0 90 98337 0 91 98337 0 92 98439 0 51 98462 0 53 98486 0 52 98557 0 
TIME iteration: 298 ms
Round:186
IR: 0, 0, 0, 0, 0
98600 0 51 98632 0 52 98700 0 53 98759 0 52 98762 0 62 98762 0 63 98770 0 77 98790 0 51 98791 0 54 98793 0 90 98793 0 91 98793 0 92 98794 0 77 98821 0 77 98855 0 70 98855 0 77 98858 0 71 98905 0 53 98924 0 51 98959 0 54 99022 0 53 99057 0 52 99063 0 
TIME iteration: 306 ms
Round:187
IR: 0, 0, 0, 0, 0
99173 0 60 99191 0 76 99198 0 52 99207 0 51 99207 0 90 99207 0 91 99207 0 92 99209 0 53 99223 0 76 99269 0 54 99278 0 76 99291 0 52 99354 0 51 99391 0 53 99476 0 54 99495 0 53 99536 0 51 99548 0 52 99550 0 65 99552 0 64 99559 0 78 99579 0 90 99579 0 91 99579 0 92 99583 0 78 99596 0 54 99610 0 78 99627 0 73 99628 0 
TIME iteration: 298 ms
Round:188
IR: 0, 0, 0, 0, 0
99644 0 78 99711 0 52 99737 0 53 99784 0 51 99816 0 54 99830 0 52 99890 0 53 99924 0 65 99925 0 64 99928 0 78 99941 0 51 99950 0 90 99950 0 91 99950 0 92 99951 0 78 99952 0 72 99952 0 73 99963 0 54 99977 0 78 99994 0 52 100008 0 53 100009 0 78 100064 0 78 100086 0 51 100103 0 54 100151 0 52 100159 0 
TIME iteration: 298 ms
Round:189
IR: 0, 0, 0, 0, 0
100228 0 54 100285 0 66 100286 0 67 100292 0 51 100295 0 79 100311 0 90 100311 0 91 100311 0 92 100313 0 52 100319 0 79 100346 0 79 100373 0 53 100375 0 74 100379 0 75 100381 0 79 100423 0 51 100438 0 54 100483 0 52 100532 0 53 100554 0 51 100568 0 54 100598 0 66 100598 0 67 100601 0 79 100621 0 75 100622 0 74 100622 0 90 100622 0 91 100622 0 92 100624 0 79 100650 0 79 100655 0 53 100661 0 52 100682 0 79 100686 0 54 100694 0 
TIME iteration: 299 ms
Round:190
IR: 0, 0, 0, 0, 0
100738 0 79 100802 0 52 100855 0 53 100865 0 51 100893 0 54 100933 0 52 100970 0 62 100971 0 63 100979 0 77 100993 0 54 100996 0 90 100996 0 91 100996 0 92 101003 0 77 101006 0 51 101009 0 53 101030 0 77 101065 0 77 101066 0 71 101067 0 70 101073 0 52 101094 0 54 101112 0 51 101182 0 53 101213 0 52 101218 0 
TIME iteration: 298 ms
Round:191
IR: 0, 0, 0, 0, 0
101258 0 62 101258 0 63 101260 0 77 101280 0 70 101280 0 71 101282 0 90 101282 0 91 101282 0 92 101283 0 77 101293 0 53 101299 0 51 101309 0 77 101340 0 77 101353 0 52 101383 0 54 101391 0 77 101465 0 52 101471 0 51 101472 0 53 101551 0 54 101587 0 52 101596 0 62 101596 0 63 101600 0 77 101611 0 70 101611 0 71 101621 0 90 101621 0 91 101621 0 92 101623 0 77 101649 0 77 101676 0 51 101677 0 70 101677 0 71 101681 0 77 101700 0 54 101704 0 53 101735 0 52 101737 0 
TIME iteration: 298 ms
Round:192
IR: 0, 0, 0, 0, 0
101837 0 51 101846 0 54 101866 0 52 101884 0 62 101884 0 63 101887 0 77 101905 0 70 101906 0 53 101906 0 71 101908 0 90 101908 0 91 101908 0 92 101910 0 77 101936 0 77 101968 0 77 101989 0 54 101998 0 70 102000 0 52 102022 0 77 102080 0 51 102143 0 53 102155 0 54 102203 0 52 102246 0 62 102247 0 63 102251 0 77 102264 0 71 102272 0 90 102272 0 91 102272 0 92 102275 0 70 102275 0 77 102279 0 
TIME iteration: 298 ms
Round:193
IR: 0, 0, 0, 0, 0
102301 0 54 102301 0 77 102302 0 53 102334 0 77 102336 0 71 102389 0 52 102395 0 77 102405 0 51 102511 0 54 102522 0 51 102522 0 53 102579 0 52 102602 0 60 102605 0 61 102612 0 76 102623 0 63 102624 0 62 102628 0 77 102629 0 90 102629 0 91 102629 0 92 102636 0 76 102638 0 51 102644 0 70 102651 0 54 102652 0 71 102652 0 77 102656 0 53 102663 0 76 102678 0 77 102698 0 76 102700 0 68 102701 0 69 102711 0 77 102729 0 70 102736 0 52 102752 0 90 102752 0 91 102752 0 92 102772 0 77 102783 0 54 102785 0 53 102805 0 
TIME iteration: 298 ms
Round:194
IR: 0, 0, 0, 0, 0
102941 0 53 102944 0 52 102983 0 51 103037 0 54 103104 0 53 103115 0 51 103139 0 60 103140 0 61 103145 0 76 103147 0 64 103147 0 65 103151 0 52 103155 0 78 103168 0 90 103168 0 91 103168 0 92 103169 0 76 103178 0 68 103178 0 69 103179 0 78 103194 0 54 103196 0 76 103206 0 78 103229 0 76 103238 0 73 103240 0 72 103240 0 78 103241 0 51 103260 0 53 103296 0 76 103299 0 90 103299 0 91 103299 0 92 103315 0 
TIME iteration: 298 ms
Round:195
IR: 0, 0, 0, 0, 0
103369 0 54 103387 0 53 103390 0 51 103508 0 53 103513 0 54 103525 0 52 103605 0 53 103610 0 54 103616 0 64 103616 0 65 103621 0 78 103629 0 51 103634 0 66 103634 0 67 103643 0 79 103645 0 78 103645 0 90 103645 0 91 103645 0 92 103650 0 72 103650 0 73 103652 0 52 103667 0 79 103672 0 78 103694 0 79 103705 0 78 103729 0 79 103730 0 74 103731 0 75 103738 0 54 103747 0 52 103765 0 53 103771 0 78 103772 0 90 103772 0 91 103772 0 92 103817 0 51 103833 0 
TIME iteration: 298 ms
Round:196
IR: 0, 0, 0, 0, 0
103907 0 52 103941 0 53 103977 0 51 103980 0 54 104078 0 52 104118 0 54 104135 0 66 104135 0 67 104136 0 53 104141 0 79 104165 0 79 104165 0 90 104165 0 91 104165 0 92 104171 0 74 104172 0 75 104192 0 79 104226 0 79 104227 0 52 104311 0 53 104314 0 51 104331 0 52 104390 0 
TIME iteration: 297 ms
Round:197
IR: 0, 0, 0, 0, 0
104437 0 52 104439 0 53 104442 0 51 104462 0 62 104462 0 63 104470 0 77 104487 0 90 104487 0 91 104487 0 92 104494 0 77 104520 0 54 104521 0 77 104537 0 52 104544 0 71 104551 0 70 104555 0 77 104568 0 53 104611 0 51 104695 0 53 104716 0 52 104725 0 54 104756 0 51 104797 0 63 104799 0 62 104801 0 77 104823 0 70 104823 0 71 104823 0 90 104823 0 91 104823 0 92 104824 0 77 104850 0 77 104853 0 53 104882 0 77 104887 0 51 104902 0 52 104936 0 
TIME iteration: 298 ms
Round:198
IR: 0, 0, 0, 0, 0
104948 0 54 104995 0 51 105028 0 52 105028 0 53 105104 0 51 105105 0 54 105127 0 60 105127 0 61 105135 0 76 105152 0 90 105152 0 91 105152 0 92 105159 0 76 105186 0 52 105186 0 76 105204 0 51 105214 0 68 105217 0 69 105220 0 76 105223 0 53 105251 0 54 105298 0 51 105298 0 52 105377 0 60 105379 0 76 105380 0 54 105381 0 61 105390 0 51 105398 0 68 105398 0 69 105402 0 76 105402 0 90 105402 0 91 105402 0 92 105428 0 76 105430 0 52 105448 0 53 105459 0 
TIME iteration: 298 ms
Round:199
IR: 0, 0, 0, 0, 0
105479 0 69 105481 0 68 105488 0 51 105491 0 54 105507 0 76 105589 0 52 105602 0 51 105612 0 60 105613 0 61 105615 0 76 105628 0 54 105631 0 68 105631 0 69 105635 0 90 105635 0 91 105635 0 92 105638 0 76 105664 0 76 105695 0 76 105699 0 53 105706 0 68 105708 0 69 105733 0 51 105733 0 52 105746 0 76 105770 0 54 105811 0 52 105822 0 53 105907 0 51 105911 0 52 105924 0 62 105924 0 63 105925 0 60 105925 0 61 105929 0 76 105932 0 77 105947 0 90 105947 0 91 105947 0 92 105949 0 68 105949 0 69 105952 0 76 105956 0 77 105976 0 53 105978 0 76 105983 0 77 105987 0 70 105989 0 
TIME iteration: 298 ms
