Round:0
IR: 0, 0, 0, 0, 0
396 0 54 410 0 52 427 0 53 470 0 
TIME iteration: 431 ms
Round:1
IR: 0, 0, 0, 0, 0
595 0 53 615 0 65 616 0 64 623 0 54 624 0 78 626 0 52 648 0 66 648 0 78 650 0 67 651 0 63 652 0 62 656 0 90 656 0 91 656 0 92 658 0 79 660 0 77 675 0 78 682 0 79 684 0 77 709 0 79 710 0 78 711 0 77 718 0 53 719 0 51 744 0 79 746 0 77 762 0 54 770 0 90 770 0 91 770 0 92 771 0 70 829 0 53 844 0 51 886 0 54 981 0 53 982 0 52 1009 0 
TIME iteration: 300 ms
Round:2
IR: 0, 0, 0, 0, 0
1088 0 54 1137 0 52 1222 0 63 1234 0 77 1236 0 62 1245 0 53 1258 0 77 1260 0 90 1260 0 91 1260 0 92 1263 0 71 1265 0 52 1272 0 70 1284 0 77 1296 0 54 1299 0 51 1317 0 77 1378 0 77 1416 0 53 1419 0 52 1490 0 54 1516 0 51 1548 0 53 1567 0 
TIME iteration: 299 ms
Round:3
IR: 0, 0, 0, 0, 0
1593 0 54 1601 0 62 1601 0 63 1606 0 77 1621 0 71 1622 0 70 1626 0 67 1627 0 66 1627 0 90 1627 0 91 1627 0 92 1630 0 77 1635 0 79 1657 0 77 1659 0 79 1684 0 74 1684 0 75 1686 0 79 1690 0 77 1698 0 53 1703 0 71 1721 0 79 1729 0 51 1746 0 52 1749 0 90 1749 0 91 1749 0 92 1755 0 77 1763 0 54 1846 0 53 1878 0 54 1935 0 51 1988 0 53 2020 0 52 2084 0 
TIME iteration: 299 ms
Round:4
IR: 0, 0, 0, 0, 0
2124 0 51 2166 0 66 2168 0 67 2170 0 53 2173 0 79 2187 0 64 2188 0 65 2189 0 52 2196 0 78 2197 0 79 2197 0 90 2197 0 91 2197 0 92 2203 0 74 2204 0 75 2220 0 78 2224 0 79 2247 0 78 2249 0 54 2258 0 79 2265 0 73 2268 0 72 2282 0 78 2309 0 51 2323 0 90 2323 0 91 2323 0 92 2356 0 52 2374 0 54 2495 0 52 2495 0 53 2500 0 51 2561 0 54 2592 0 53 2635 0 
TIME iteration: 299 ms
Round:5
IR: 0, 0, 0, 0, 0
2664 0 52 2686 0 53 2689 0 64 2689 0 65 2694 0 78 2713 0 62 2714 0 63 2718 0 78 2719 0 90 2719 0 91 2719 0 92 2721 0 77 2723 0 54 2725 0 72 2725 0 73 2745 0 77 2745 0 78 2764 0 51 2772 0 77 2777 0 70 2778 0 78 2781 0 71 2793 0 53 2806 0 77 2826 0 52 2843 0 90 2843 0 91 2843 0 92 2844 0 78 2880 0 54 2919 0 53 2922 0 51 2996 0 52 3007 0 54 3097 0 53 3103 0 51 3127 0 52 3147 0 
TIME iteration: 299 ms
Round:6
IR: 0, 0, 0, 0, 0
3192 0 66 3193 0 67 3201 0 79 3206 0 62 3217 0 63 3217 0 77 3221 0 53 3222 0 90 3222 0 91 3222 0 92 3225 0 79 3230 0 52 3241 0 77 3246 0 70 3247 0 71 3252 0 79 3253 0 74 3253 0 75 3268 0 77 3285 0 51 3287 0 79 3290 0 54 3301 0 77 3340 0 52 3348 0 90 3348 0 91 3348 0 92 3349 0 53 3367 0 77 3420 0 54 3459 0 52 3464 0 53 3480 0 51 3583 0 54 3613 0 53 3614 0 51 3618 0 
TIME iteration: 299 ms
Round:7
IR: 0, 0, 0, 0, 0
3734 0 54 3739 0 52 3743 0 62 3744 0 63 3750 0 77 3753 0 66 3754 0 67 3760 0 79 3774 0 77 3774 0 90 3774 0 91 3774 0 92 3776 0 70 3776 0 71 3783 0 53 3784 0 79 3792 0 51 3792 0 74 3793 0 75 3801 0 77 3811 0 79 3835 0 77 3845 0 79 3906 0 90 3906 0 91 3906 0 92 3913 0 54 3915 0 53 3916 0 77 3928 0 52 3961 0 51 4056 0 52 4058 0 53 4072 0 54 4183 0 51 4188 0 
TIME iteration: 299 ms
Round:8
IR: 0, 0, 0, 0, 0
4246 0 53 4250 0 67 4252 0 66 4257 0 79 4275 0 52 4281 0 51 4281 0 79 4281 0 90 4281 0 91 4281 0 92 4282 0 74 4283 0 75 4308 0 79 4342 0 79 4383 0 53 4423 0 54 4451 0 51 4481 0 52 4567 0 53 4581 0 51 4626 0 54 4636 0 52 4636 0 60 4639 0 61 4646 0 76 4664 0 90 4664 0 91 4664 0 92 4670 0 76 4674 0 51 4690 0 53 4697 0 76 4729 0 68 4730 0 69 4732 0 76 4751 0 
TIME iteration: 299 ms
Round:9
IR: 0, 0, 0, 0, 0
4771 0 51 4774 0 52 4859 0 51 4875 0 60 4875 0 61 4876 0 76 4893 0 68 4893 0 69 4897 0 53 4898 0 90 4898 0 91 4898 0 92 4899 0 76 4902 0 54 4923 0 52 4925 0 76 4956 0 76 4964 0 69 4966 0 68 5005 0 76 5026 0 53 5044 0 54 5128 0 53 5130 0 52 5177 0 54 5233 0 51 5249 0 66 5251 0 67 5258 0 79 5275 0 90 5275 0 91 5275 0 92 5282 0 79 5289 0 
TIME iteration: 299 ms
Round:10
IR: 0, 0, 0, 0, 0
5307 0 53 5308 0 75 5309 0 79 5311 0 74 5341 0 54 5343 0 79 5397 0 51 5486 0 54 5502 0 52 5510 0 53 5570 0 51 5606 0 54 5609 0 67 5610 0 66 5613 0 79 5633 0 75 5634 0 74 5635 0 90 5635 0 91 5635 0 92 5636 0 79 5662 0 79 5684 0 53 5694 0 79 5698 0 51 5723 0 54 5742 0 52 5751 0 
TIME iteration: 298 ms
Round:11
IR: 0, 0, 0, 0, 0
5837 0 53 5851 0 54 5853 0 51 5895 0 52 5965 0 51 5986 0 60 5986 0 61 5994 0 76 6003 0 52 6012 0 90 6012 0 91 6012 0 92 6018 0 76 6037 0 54 6045 0 76 6056 0 68 6056 0 69 6079 0 76 6080 0 53 6105 0 51 6142 0 52 6194 0 51 6208 0 54 6245 0 60 6245 0 61 6247 0 76 6252 0 53 6263 0 68 6263 0 69 6268 0 90 6268 0 91 6268 0 92 6270 0 76 6296 0 76 6309 0 52 6313 0 51 6327 0 54 6327 0 76 6337 0 69 6340 0 
TIME iteration: 299 ms
Round:12
IR: 0, 0, 0, 0, 0
6378 0 76 6380 0 53 6429 0 51 6469 0 61 6471 0 60 6473 0 76 6484 0 53 6486 0 52 6488 0 68 6488 0 69 6492 0 90 6492 0 91 6492 0 92 6496 0 76 6501 0 54 6522 0 76 6554 0 76 6558 0 68 6560 0 69 6566 0 53 6573 0 51 6607 0 76 6608 0 52 6654 0 54 6708 0 51 6712 0 53 6732 0 60 6733 0 61 6735 0 76 6739 0 52 6752 0 68 6752 0 69 6755 0 90 6755 0 91 6755 0 92 6758 0 76 6784 0 76 6814 0 54 6816 0 76 6833 0 69 6834 0 68 6862 0 53 6869 0 76 6880 0 
TIME iteration: 299 ms
Round:13
IR: 0, 0, 0, 0, 0
6913 0 52 7015 0 54 7018 0 51 7029 0 60 7029 0 61 7032 0 76 7049 0 52 7051 0 68 7052 0 69 7053 0 90 7053 0 91 7053 0 92 7055 0 76 7081 0 76 7088 0 53 7113 0 76 7167 0 76 7182 0 54 7223 0 52 7235 0 51 7260 0 53 7296 0 54 7389 0 51 7392 0 53 7393 0 
TIME iteration: 298 ms
Round:14
IR: 0, 0, 0, 0, 0
7428 0 65 7430 0 64 7436 0 60 7437 0 78 7438 0 61 7442 0 76 7455 0 90 7455 0 91 7455 0 92 7457 0 69 7458 0 68 7461 0 78 7466 0 76 7471 0 54 7488 0 78 7493 0 76 7504 0 52 7522 0 78 7526 0 73 7526 0 76 7537 0 72 7544 0 69 7550 0 53 7551 0 68 7569 0 51 7584 0 90 7584 0 91 7584 0 92 7591 0 76 7613 0 52 7627 0 54 7684 0 53 7702 0 51 7743 0 52 7811 0 54 7817 0 53 7846 0 51 7884 0 52 7931 0 63 7934 0 62 7941 0 
TIME iteration: 299 ms
Round:15
IR: 0, 0, 0, 0, 0
7962 0 90 7962 0 91 7962 0 92 7965 0 77 7972 0 54 7980 0 53 7985 0 52 7989 0 51 7992 0 77 8027 0 77 8033 0 71 8034 0 70 8087 0 54 8092 0 53 8142 0 52 8202 0 51 8261 0 52 8265 0 53 8266 0 62 8266 0 63 8269 0 77 8291 0 90 8291 0 91 8291 0 92 8292 0 70 8292 0 71 8292 0 77 8296 0 51 8311 0 54 8318 0 77 8350 0 77 8366 0 53 8393 0 51 8404 0 77 8437 0 52 8468 0 53 8469 0 
TIME iteration: 299 ms
Round:16
IR: 0, 0, 0, 0, 0
8515 0 51 8596 0 54 8606 0 53 8622 0 64 8622 0 65 8630 0 52 8630 0 78 8636 0 51 8639 0 60 8639 0 61 8644 0 66 8645 0 67 8647 0 76 8647 0 90 8647 0 91 8647 0 92 8653 0 79 8654 0 78 8671 0 76 8677 0 79 8681 0 78 8692 0 73 8694 0 72 8698 0 76 8704 0 79 8709 0 69 8713 0 68 8715 0 78 8732 0 76 8735 0 74 8737 0 53 8737 0 75 8739 0 79 8740 0 51 8742 0 54 8760 0 90 8760 0 91 8760 0 92 8799 0 52 8864 0 54 8869 0 53 8886 0 52 8974 0 52 8975 0 51 9007 0 
TIME iteration: 299 ms
Round:17
IR: 0, 0, 0, 0, 0
9031 0 62 9033 0 63 9036 0 54 9039 0 77 9059 0 90 9059 0 91 9059 0 92 9063 0 77 9077 0 71 9079 0 70 9090 0 77 9121 0 52 9124 0 51 9124 0 77 9237 0 53 9256 0 54 9264 0 52 9305 0 51 9382 0 52 9389 0 62 9389 0 63 9392 0 77 9393 0 53 9396 0 51 9411 0 70 9411 0 71 9414 0 90 9414 0 91 9414 0 92 9415 0 77 9441 0 77 9473 0 77 9526 0 54 9527 0 77 9531 0 53 9535 0 
TIME iteration: 299 ms
Round:18
IR: 0, 0, 0, 0, 0
9559 0 52 9682 0 51 9703 0 52 9711 0 53 9721 0 54 9756 0 63 9759 0 62 9762 0 77 9775 0 70 9775 0 71 9783 0 90 9783 0 91 9783 0 92 9786 0 77 9812 0 77 9838 0 52 9842 0 51 9845 0 77 9846 0 71 9847 0 70 9888 0 54 9906 0 77 9913 0 53 9952 0 52 9974 0 51 9993 0 63 9994 0 62 9996 0 77 10011 0 70 10011 0 71 10016 0 90 10016 0 91 10016 0 92 10019 0 77 10045 0 
TIME iteration: 299 ms
Round:19
IR: 0, 0, 0, 0, 0
10070 0 52 10076 0 77 10080 0 70 10081 0 71 10102 0 53 10104 0 51 10115 0 54 10127 0 77 10176 0 52 10213 0 63 10214 0 62 10216 0 77 10230 0 70 10230 0 71 10236 0 90 10236 0 91 10236 0 92 10239 0 77 10252 0 53 10259 0 54 10265 0 77 10296 0 71 10296 0 77 10297 0 70 10307 0 52 10324 0 51 10347 0 77 10436 0 54 10445 0 53 10465 0 52 10479 0 51 10498 0 62 10499 0 63 10502 0 77 10519 0 70 10519 0 71 10522 0 90 10522 0 91 10522 0 92 10525 0 77 10551 0 77 10583 0 
TIME iteration: 299 ms
Round:20
IR: 0, 0, 0, 0, 0
10603 0 70 10605 0 71 10608 0 54 10613 0 53 10616 0 51 10616 0 52 10638 0 77 10723 0 51 10741 0 52 10756 0 62 10756 0 63 10759 0 77 10761 0 54 10776 0 70 10776 0 71 10779 0 90 10779 0 91 10779 0 92 10782 0 77 10800 0 53 10808 0 77 10837 0 52 10840 0 77 10857 0 70 10861 0 51 10873 0 54 10873 0 71 10894 0 77 10936 0 52 10959 0 63 10960 0 62 10962 0 77 10976 0 70 10976 0 71 10980 0 51 10982 0 90 10982 0 91 10982 0 92 10985 0 77 11011 0 77 11031 0 53 11041 0 71 11042 0 77 11043 0 70 11059 0 52 11077 0 54 11093 0 
TIME iteration: 299 ms
Round:21
IR: 0, 0, 0, 0, 0
11152 0 53 11186 0 51 11221 0 52 11223 0 54 11249 0 62 11249 0 63 11252 0 77 11270 0 71 11271 0 70 11273 0 90 11273 0 91 11273 0 92 11275 0 77 11301 0 77 11308 0 53 11333 0 77 11387 0 77 11404 0 52 11444 0 51 11454 0 53 11485 0 54 11567 0 51 11583 0 54 11614 0 53 11618 0 52 11653 0 64 11654 0 
TIME iteration: 298 ms
Round:22
IR: 0, 0, 0, 0, 0
11661 0 66 11662 0 67 11662 0 78 11670 0 79 11680 0 90 11680 0 91 11680 0 92 11686 0 78 11694 0 79 11710 0 54 11713 0 78 11720 0 51 11721 0 79 11742 0 72 11742 0 73 11747 0 75 11748 0 78 11756 0 79 11760 0 74 11793 0 53 11809 0 90 11809 0 91 11809 0 92 11834 0 52 11890 0 54 11891 0 51 11949 0 52 12017 0 53 12024 0 54 12105 0 52 12117 0 51 12172 0 53 12174 0 62 12175 0 63 12182 0 
TIME iteration: 298 ms
Round:23
IR: 0, 0, 0, 0, 0
12204 0 90 12204 0 91 12204 0 92 12206 0 77 12229 0 70 12230 0 71 12233 0 77 12253 0 54 12267 0 77 12288 0 52 12317 0 51 12420 0 54 12428 0 51 12468 0 53 12500 0 52 12569 0 51 12575 0 54 12579 0 61 12580 0 60 12588 0 76 12605 0 66 12606 0 67 12606 0 90 12606 0 91 12606 0 92 12612 0 76 12614 0 79 12635 0 53 12638 0 79 12639 0 76 12665 0 79 12667 0 74 12667 0 75 12668 0 69 12671 0 51 12674 0 76 12682 0 68 12700 0 
TIME iteration: 298 ms
Round:24
IR: 0, 0, 0, 0, 0
12726 0 52 12728 0 90 12728 0 91 12728 0 92 12774 0 53 12778 0 54 12784 0 51 12894 0 52 12945 0 51 12947 0 54 13026 0 52 13046 0 51 13059 0 54 13065 0 53 13066 0 60 13067 0 61 13072 0 76 13086 0 66 13086 0 67 13092 0 79 13096 0 76 13096 0 90 13096 0 91 13096 0 92 13103 0 68 13103 0 69 13116 0 79 13118 0 75 13119 0 52 13119 0 74 13123 0 76 13143 0 79 13156 0 76 13168 0 54 13177 0 79 13190 0 51 13191 0 53 13222 0 90 13222 0 91 13222 0 92 13223 0 76 13240 0 
TIME iteration: 299 ms
Round:25
IR: 0, 0, 0, 0, 0
13307 0 54 13346 0 53 13377 0 51 13389 0 52 13404 0 54 13526 0 54 13528 0 51 13542 0 53 13542 0 66 13542 0 67 13547 0 79 13553 0 52 13568 0 75 13569 0 74 13571 0 79 13571 0 90 13571 0 91 13571 0 92 13598 0 79 13631 0 79 13668 0 54 13686 0 53 13728 0 52 13736 0 
TIME iteration: 298 ms
Round:26
IR: 0, 0, 0, 0, 0
13788 0 53 13817 0 54 13909 0 53 13915 0 64 13916 0 65 13924 0 78 13941 0 90 13941 0 91 13941 0 92 13943 0 54 13948 0 78 13953 0 52 13975 0 78 13991 0 51 14005 0 73 14007 0 72 14010 0 78 14086 0 52 14087 0 53 14100 0 54 14114 0 51 14240 0 54 14248 0 53 14254 0 52 14273 0 64 14273 0 65 14276 0 78 14278 0 51 14298 0 90 14298 0 91 14298 0 92 14299 0 72 14299 0 78 14300 0 
TIME iteration: 298 ms
Round:27
IR: 0, 0, 0, 0, 0
14325 0 78 14357 0 78 14394 0 51 14403 0 53 14411 0 78 14454 0 54 14522 0 51 14531 0 52 14550 0 53 14582 0 54 14646 0 51 14654 0 60 14655 0 61 14663 0 76 14668 0 52 14680 0 90 14680 0 91 14680 0 92 14687 0 76 14714 0 76 14730 0 54 14733 0 69 14734 0 68 14749 0 76 14766 0 51 14769 0 53 14802 0 
TIME iteration: 298 ms
Round:28
IR: 0, 0, 0, 0, 0
14844 0 54 14935 0 52 14937 0 51 14938 0 53 14947 0 54 14977 0 66 14979 0 67 14984 0 61 14985 0 60 14987 0 76 14987 0 79 15003 0 90 15003 0 91 15003 0 92 15008 0 68 15009 0 69 15010 0 76 15011 0 79 15036 0 76 15038 0 79 15053 0 74 15057 0 75 15068 0 76 15071 0 52 15073 0 79 15083 0 54 15098 0 51 15121 0 76 15132 0 90 15132 0 91 15132 0 92 15165 0 53 15216 0 54 15222 0 51 15240 0 52 15268 0 53 15328 0 51 15346 0 
TIME iteration: 298 ms
Round:29
IR: 0, 0, 0, 0, 0
15384 0 53 15429 0 52 15445 0 65 15446 0 64 15453 0 51 15454 0 78 15466 0 60 15467 0 61 15472 0 76 15474 0 90 15474 0 91 15474 0 92 15478 0 78 15494 0 68 15494 0 69 15496 0 76 15505 0 78 15510 0 72 15513 0 73 15523 0 76 15525 0 54 15540 0 78 15545 0 53 15546 0 52 15556 0 76 15599 0 90 15599 0 91 15599 0 92 15609 0 51 15623 0 76 15661 0 52 15704 0 51 15734 0 54 15763 0 53 15774 0 52 15814 0 51 15899 0 
TIME iteration: 299 ms
Round:30
IR: 0, 0, 0, 0, 0
15920 0 54 15925 0 62 15925 0 63 15933 0 77 15953 0 51 15954 0 90 15954 0 91 15954 0 92 15957 0 77 15984 0 77 15988 0 53 16013 0 70 16018 0 77 16023 0 71 16035 0 52 16080 0 54 16106 0 51 16154 0 52 16158 0 53 16182 0 54 16198 0 62 16198 0 63 16200 0 77 16218 0 70 16219 0 71 16222 0 90 16222 0 91 16222 0 92 16223 0 77 16249 0 77 16265 0 51 16280 0 77 16282 0 54 16300 0 70 16309 0 71 16331 0 77 16336 0 53 16394 0 54 16397 0 
TIME iteration: 299 ms
Round:31
IR: 0, 0, 0, 0, 0
16446 0 52 16526 0 54 16547 0 66 16548 0 67 16556 0 79 16573 0 90 16573 0 91 16573 0 92 16580 0 79 16581 0 53 16599 0 51 16607 0 79 16625 0 75 16627 0 74 16642 0 79 16661 0 52 16732 0 54 16765 0 51 16809 0 53 16864 0 54 16890 0 67 16891 0 66 16894 0 79 16915 0 75 16916 0 74 16916 0 90 16916 0 91 16916 0 92 16917 0 79 16932 0 52 16940 0 53 16941 0 51 16943 0 
TIME iteration: 298 ms
Round:32
IR: 0, 0, 0, 0, 0
16975 0 79 16982 0 54 17032 0 79 17082 0 52 17153 0 51 17163 0 53 17202 0 54 17203 0 52 17258 0 62 17258 0 63 17266 0 77 17284 0 90 17284 0 91 17284 0 92 17290 0 77 17317 0 77 17321 0 70 17323 0 51 17324 0 71 17351 0 77 17361 0 54 17376 0 52 17467 0 
TIME iteration: 298 ms
Round:33
IR: 0, 0, 0, 0, 0
17540 0 54 17569 0 52 17571 0 53 17583 0 51 17644 0 62 17650 0 63 17651 0 77 17673 0 90 17673 0 91 17673 0 92 17674 0 70 17674 0 71 17674 0 77 17682 0 52 17700 0 77 17710 0 54 17732 0 77 17736 0 53 17745 0 51 17788 0 77 17858 0 52 17882 0 51 17893 0 54 17948 0 53 17989 0 51 18009 0 52 18009 0 60 18009 0 61 18017 0 
TIME iteration: 298 ms
Round:34
IR: 0, 0, 0, 0, 0
18034 0 90 18034 0 91 18034 0 92 18041 0 76 18068 0 76 18092 0 53 18095 0 54 18102 0 76 18104 0 69 18106 0 68 18110 0 51 18238 0 54 18240 0 51 18280 0 60 18281 0 61 18282 0 76 18295 0 53 18301 0 69 18302 0 68 18304 0 90 18304 0 91 18304 0 92 18305 0 76 18331 0 76 18362 0 76 18373 0 52 18389 0 69 18412 0 76 18413 0 54 18416 0 53 18504 0 51 18546 0 
TIME iteration: 305 ms
Round:35
IR: 0, 0, 0, 0, 0
18552 0 53 18617 0 54 18678 0 51 18702 0 61 18703 0 60 18708 0 76 18724 0 68 18725 0 53 18729 0 90 18729 0 91 18729 0 92 18731 0 52 18732 0 76 18733 0 69 18759 0 54 18759 0 76 18792 0 76 18857 0 54 18859 0 53 18859 0 76 18926 0 51 18956 0 52 18981 0 54 19033 0 67 19034 0 66 19043 0 79 19052 0 51 19058 0 90 19058 0 91 19058 0 92 19067 0 79 19074 0 
TIME iteration: 298 ms
Round:36
IR: 0, 0, 0, 0, 0
19087 0 53 19094 0 79 19119 0 74 19121 0 75 19129 0 79 19162 0 52 19172 0 54 19174 0 51 19280 0 52 19294 0 53 19304 0 51 19357 0 54 19376 0 66 19376 0 67 19380 0 79 19401 0 74 19401 0 75 19401 0 90 19401 0 91 19401 0 92 19403 0 79 19409 0 51 19421 0 53 19429 0 79 19453 0 52 19461 0 79 19515 0 54 19521 0 79 19525 0 51 19545 0 53 19586 0 
TIME iteration: 298 ms
Round:37
IR: 0, 0, 0, 0, 0
19641 0 54 19682 0 52 19711 0 62 19712 0 63 19713 0 51 19715 0 53 19720 0 77 19722 0 66 19727 0 67 19729 0 79 19736 0 90 19736 0 91 19736 0 92 19741 0 74 19741 0 75 19744 0 77 19753 0 79 19765 0 54 19771 0 77 19779 0 79 19795 0 71 19802 0 70 19806 0 77 19808 0 75 19809 0 74 19812 0 79 19852 0 51 19853 0 52 19861 0 90 19861 0 91 19861 0 92 19866 0 53 19878 0 79 19879 0 54 19966 0 51 19981 0 52 20013 0 54 20051 0 53 20114 0 51 20121 0 54 20126 0 
TIME iteration: 299 ms
Round:38
IR: 0, 0, 0, 0, 0
20165 0 66 20167 0 67 20172 0 79 20194 0 53 20195 0 90 20195 0 91 20195 0 92 20196 0 79 20198 0 75 20199 0 74 20223 0 79 20248 0 54 20257 0 79 20318 0 52 20329 0 53 20331 0 51 20391 0 54 20438 0 52 20446 0 51 20559 0 51 20561 0 53 20565 0 61 20566 0 60 20574 0 76 20592 0 90 20592 0 91 20592 0 92 20598 0 76 20625 0 76 20627 0 52 20629 0 54 20652 0 69 20654 0 68 20660 0 
TIME iteration: 298 ms
Round:39
IR: 0, 0, 0, 0, 0
20733 0 53 20737 0 51 20780 0 54 20807 0 52 20892 0 51 20915 0 54 20916 0 60 20916 0 61 20919 0 76 20941 0 90 20941 0 91 20941 0 92 20942 0 69 20942 0 76 20943 0 68 20964 0 52 20968 0 76 21000 0 76 21016 0 51 21054 0 76 21091 0 52 21096 0 53 21141 0 
TIME iteration: 298 ms
Round:40
IR: 0, 0, 0, 0, 0
21248 0 52 21256 0 53 21272 0 51 21292 0 54 21302 0 63 21303 0 62 21311 0 77 21328 0 90 21328 0 91 21328 0 92 21335 0 77 21362 0 77 21379 0 52 21383 0 70 21384 0 71 21397 0 77 21420 0 53 21431 0 51 21431 0 54 21501 0 52 21545 0 54 21573 0 51 21585 0 53 21640 0 52 21643 0 63 21644 0 62 21647 0 77 21668 0 70 21668 0 90 21668 0 91 21668 0 92 21669 0 71 21670 0 77 21678 0 54 21696 0 77 21712 0 53 21715 0 51 21728 0 
TIME iteration: 299 ms
Round:41
IR: 0, 0, 0, 0, 0
21783 0 77 21844 0 53 21846 0 52 21885 0 51 21897 0 54 21977 0 53 22007 0 52 22009 0 64 22010 0 65 22018 0 78 22024 0 51 22035 0 90 22035 0 91 22035 0 92 22042 0 78 22044 0 54 22069 0 78 22104 0 73 22104 0 78 22106 0 72 22120 0 52 22126 0 53 22126 0 54 22234 0 54 22259 0 
TIME iteration: 298 ms
Round:42
IR: 0, 0, 0, 0, 0
22283 0 52 22352 0 53 22376 0 54 22381 0 67 22382 0 66 22390 0 79 22397 0 65 22398 0 64 22401 0 78 22407 0 90 22407 0 91 22407 0 92 22414 0 79 22424 0 78 22426 0 72 22426 0 73 22441 0 79 22450 0 78 22453 0 52 22470 0 75 22474 0 74 22476 0 79 22482 0 78 22510 0 53 22516 0 54 22520 0 51 22532 0 90 22532 0 91 22532 0 92 22537 0 78 22601 0 52 22610 0 53 22626 0 54 22678 0 51 22738 0 54 22740 0 
TIME iteration: 298 ms
Round:43
IR: 0, 0, 0, 0, 0
22883 0 54 22891 0 67 22892 0 66 22893 0 51 22897 0 79 22921 0 79 22921 0 90 22921 0 91 22921 0 92 22927 0 75 22931 0 74 22938 0 52 22948 0 79 22951 0 53 22982 0 79 23031 0 54 23065 0 51 23095 0 52 23104 0 53 23245 0 52 23266 0 53 23268 0 54 23296 0 63 23298 0 62 23305 0 77 23311 0 64 23312 0 65 23319 0 
TIME iteration: 298 ms
Round:44
IR: 0, 0, 0, 0, 0
23324 0 90 23324 0 91 23324 0 92 23329 0 51 23329 0 77 23343 0 78 23356 0 77 23365 0 72 23365 0 73 23370 0 78 23373 0 71 23374 0 54 23377 0 70 23390 0 77 23404 0 78 23445 0 52 23451 0 90 23451 0 91 23451 0 92 23482 0 53 23486 0 54 23493 0 51 23589 0 53 23592 0 54 23659 0 52 23729 0 54 23756 0 53 23761 0 51 23777 0 66 23778 0 67 23786 0 79 23794 0 52 23807 0 90 23807 0 91 23807 0 92 23810 0 79 23830 0 75 23831 0 74 23837 0 
TIME iteration: 298 ms
Round:45
IR: 0, 0, 0, 0, 0
23871 0 53 23872 0 79 23884 0 51 23943 0 54 23956 0 52 23999 0 53 24000 0 51 24093 0 52 24123 0 53 24143 0 64 24143 0 65 24150 0 78 24169 0 90 24169 0 91 24169 0 92 24171 0 54 24174 0 78 24195 0 72 24195 0 73 24201 0 78 24204 0 51 24235 0 78 24256 0 52 24281 0 53 24366 0 
TIME iteration: 298 ms
Round:46
IR: 0, 0, 0, 0, 0
24387 0 52 24392 0 51 24439 0 53 24496 0 64 24496 0 65 24499 0 78 24502 0 54 24519 0 72 24520 0 73 24521 0 90 24521 0 91 24521 0 92 24522 0 78 24548 0 78 24568 0 52 24580 0 78 24582 0 51 24619 0 54 24634 0 78 24639 0 53 24699 0 51 24732 0 54 24743 0 53 24775 0 52 24834 0 51 24843 0 65 24851 0 78 24861 0 60 24862 0 61 24863 0 54 24870 0 76 24871 0 66 24871 0 67 24873 0 90 24873 0 91 24873 0 92 24879 0 53 24879 0 79 24880 0 78 24894 0 76 24895 0 72 24899 0 73 24903 0 
TIME iteration: 299 ms
Round:47
IR: 0, 0, 0, 0, 0
24921 0 76 24921 0 78 24930 0 79 24935 0 74 24938 0 75 24949 0 68 24953 0 52 24956 0 76 24957 0 69 24965 0 79 24972 0 51 24989 0 90 24989 0 91 24989 0 92 25027 0 53 25062 0 54 25124 0 51 25127 0 52 25193 0 53 25311 0 54 25327 0 53 25340 0 52 25354 0 51 25361 0 65 25363 0 64 25368 0 78 25391 0 90 25391 0 91 25391 0 92 25392 0 78 25401 0 72 25402 0 73 25419 0 
TIME iteration: 298 ms
Round:48
IR: 0, 0, 0, 0, 0
25453 0 78 25476 0 53 25479 0 52 25496 0 51 25529 0 78 25562 0 54 25636 0 51 25654 0 52 25654 0 53 25758 0 51 25761 0 54 25766 0 60 25766 0 61 25768 0 52 25774 0 76 25781 0 62 25781 0 63 25783 0 53 25786 0 64 25787 0 65 25789 0 77 25792 0 78 25792 0 90 25792 0 91 25792 0 92 25798 0 76 25812 0 72 25813 0 73 25813 0 77 25816 0 78 25823 0 68 25825 0 76 25827 0 69 25840 0 77 25843 0 78 25859 0 76 25865 0 70 25872 0 71 25874 0 77 25876 0 78 25900 0 52 25905 0 51 25906 0 90 25906 0 91 25906 0 92 25943 0 
TIME iteration: 299 ms
Round:49
IR: 0, 0, 0, 0, 0
25985 0 53 25988 0 54 26010 0 52 26076 0 51 26096 0 53 26116 0 54 26141 0 52 26175 0 53 26197 0 64 26197 0 65 26202 0 78 26219 0 72 26220 0 73 26224 0 90 26224 0 91 26224 0 92 26226 0 78 26230 0 54 26250 0 51 26253 0 78 26280 0 52 26284 0 53 26286 0 78 26352 0 78 26377 0 54 26409 0 51 26443 0 
TIME iteration: 298 ms
Round:50
IR: 0, 0, 0, 0, 0
26503 0 51 26528 0 52 26533 0 54 26545 0 61 26546 0 60 26550 0 53 26553 0 76 26560 0 64 26560 0 65 26565 0 78 26571 0 90 26571 0 91 26571 0 92 26577 0 72 26577 0 73 26577 0 76 26589 0 78 26596 0 69 26597 0 68 26604 0 76 26614 0 54 26616 0 78 26625 0 51 26638 0 76 26648 0 73 26649 0 78 26651 0 72 26675 0 52 26687 0 53 26696 0 90 26696 0 91 26696 0 92 26714 0 78 26789 0 51 26804 0 54 26869 0 53 26906 0 51 26908 0 52 27026 0 
TIME iteration: 299 ms
Round:51
IR: 0, 0, 0, 0, 0
27080 0 54 27081 0 64 27084 0 65 27089 0 78 27092 0 52 27113 0 78 27113 0 90 27113 0 91 27113 0 92 27120 0 72 27120 0 73 27123 0 51 27140 0 78 27174 0 78 27255 0 78 27257 0 51 27268 0 52 27286 0 53 27322 0 54 27454 0 53 27466 0 52 27477 0 54 27483 0 51 27508 0 64 27510 0 65 27514 0 78 27534 0 72 27534 0 73 27536 0 90 27536 0 91 27536 0 92 27538 0 
TIME iteration: 306 ms
Round:52
IR: 0, 0, 0, 0, 0
27565 0 78 27598 0 78 27608 0 52 27623 0 54 27628 0 51 27664 0 53 27664 0 78 27755 0 51 27759 0 52 27825 0 53 27839 0 54 27904 0 51 27913 0 64 27918 0 60 27918 0 61 27923 0 78 27926 0 76 27927 0 65 27941 0 90 27941 0 91 27941 0 92 27942 0 72 27943 0 73 27945 0 52 27946 0 78 27950 0 76 27968 0 54 27972 0 78 27977 0 76 27992 0 53 27993 0 68 27994 0 69 28004 0 78 28010 0 51 28011 0 76 28057 0 78 28058 0 52 28070 0 90 28070 0 91 28070 0 
TIME iteration: 299 ms
Round:53
IR: 0, 0, 0, 0, 0
28105 0 53 28105 0 54 28193 0 52 28203 0 51 28263 0 53 28293 0 54 28380 0 51 28387 0 53 28423 0 64 28424 0 65 28429 0 78 28452 0 73 28453 0 72 28453 0 78 28453 0 90 28453 0 91 28453 0 92 28480 0 78 28492 0 52 28493 0 54 28513 0 78 28519 0 53 28570 0 51 28580 0 
TIME iteration: 298 ms
Round:54
IR: 0, 0, 0, 0, 0
28624 0 53 28659 0 54 28668 0 51 28678 0 52 28769 0 53 28781 0 64 28781 0 65 28785 0 78 28798 0 51 28799 0 72 28800 0 73 28807 0 90 28807 0 91 28807 0 92 28808 0 78 28810 0 54 28834 0 78 28866 0 78 28874 0 72 28881 0 73 28917 0 51 28922 0 78 28956 0 52 28957 0 53 28987 0 54 29035 0 51 29064 0 52 29124 0 53 29137 0 64 29137 0 65 29141 0 78 29142 0 51 29146 0 60 29146 0 
TIME iteration: 298 ms
Round:55
IR: 0, 0, 0, 0, 0
29154 0 76 29162 0 90 29162 0 91 29162 0 92 29164 0 72 29164 0 73 29164 0 78 29178 0 76 29187 0 52 29190 0 78 29205 0 76 29218 0 68 29219 0 69 29222 0 54 29222 0 78 29239 0 76 29278 0 78 29289 0 90 29289 0 91 29289 0 92 29313 0 53 29376 0 51 29424 0 54 29427 0 52 29504 0 51 29517 0 53 29538 0 52 29588 0 54 29631 0 53 29662 0 51 29672 0 64 29672 0 65 29678 0 
TIME iteration: 298 ms
Round:56
IR: 0, 0, 0, 0, 0
29680 0 60 29681 0 61 29686 0 76 29692 0 54 29699 0 67 29700 0 66 29701 0 90 29701 0 91 29701 0 92 29702 0 72 29702 0 78 29703 0 73 29708 0 79 29710 0 76 29717 0 69 29719 0 68 29720 0 52 29729 0 78 29732 0 79 29737 0 76 29750 0 53 29759 0 79 29763 0 78 29766 0 51 29770 0 76 29788 0 75 29794 0 79 29807 0 74 29816 0 90 29816 0 91 29816 0 92 29837 0 76 29839 0 78 29868 0 54 29911 0 53 29939 0 51 29969 0 52 30020 0 54 30042 0 53 30067 0 51 30171 0 52 30174 0 54 30180 0 53 30195 0 64 30195 0 65 30197 0 67 30198 0 66 30201 0 78 30203 0 
TIME iteration: 299 ms
Round:57
IR: 0, 0, 0, 0, 0
30221 0 90 30221 0 91 30221 0 92 30225 0 78 30226 0 72 30227 0 73 30227 0 79 30233 0 75 30234 0 51 30236 0 74 30252 0 78 30254 0 79 30286 0 78 30287 0 79 30328 0 51 30328 0 52 30339 0 53 30348 0 54 30352 0 90 30352 0 91 30352 0 92 30362 0 78 30362 0 79 30446 0 51 30490 0 52 30540 0 53 30597 0 51 30643 0 54 30688 0 53 30695 0 
TIME iteration: 298 ms
Round:58
IR: 0, 0, 0, 0, 0
30764 0 64 30764 0 65 30770 0 78 30794 0 78 30795 0 90 30795 0 91 30795 0 92 30797 0 52 30798 0 72 30799 0 73 30817 0 51 30821 0 78 30855 0 78 30865 0 54 30902 0 52 30906 0 53 30915 0 51 30931 0 78 31055 0 53 31070 0 52 31073 0 54 31153 0 51 31220 0 52 31224 0 63 31225 0 62 31233 0 77 31248 0 61 31249 0 54 31252 0 90 31252 0 91 31252 0 92 31257 0 77 31266 0 
TIME iteration: 298 ms
Round:59
IR: 0, 0, 0, 0, 0
31272 0 51 31284 0 77 31298 0 76 31306 0 52 31317 0 71 31318 0 53 31319 0 77 31320 0 70 31353 0 76 31394 0 90 31394 0 91 31394 0 92 31403 0 54 31414 0 52 31449 0 53 31489 0 51 31505 0 52 31582 0 54 31598 0 53 31630 0 51 31687 0 54 31711 0 53 31717 0 52 31738 0 64 31739 0 65 31744 0 66 31744 0 67 31746 0 78 31753 0 79 31766 0 90 31766 0 91 31766 0 92 31770 0 78 31777 0 79 31796 0 72 31797 0 73 31797 0 
TIME iteration: 299 ms
Round:60
IR: 0, 0, 0, 0, 0
31804 0 79 31822 0 75 31823 0 74 31831 0 78 31836 0 51 31839 0 52 31839 0 79 31853 0 54 31868 0 53 31897 0 90 31897 0 91 31897 0 92 31959 0 52 32024 0 53 32049 0 54 32087 0 51 32093 0 52 32176 0 54 32209 0 51 32229 0 53 32267 0 52 32294 0 63 32295 0 62 32296 0 54 32298 0 66 32299 0 67 32302 0 77 32305 0 79 32322 0 90 32322 0 91 32322 0 92 32326 0 77 32329 0 
TIME iteration: 298 ms
Round:61
IR: 0, 0, 0, 0, 0
32338 0 74 32338 0 75 32353 0 77 32356 0 79 32357 0 51 32359 0 71 32361 0 70 32387 0 77 32390 0 79 32423 0 53 32454 0 90 32454 0 91 32454 0 92 32468 0 54 32488 0 51 32520 0 52 32556 0 53 32640 0 51 32653 0 54 32667 0 52 32677 0 53 32763 0 51 32793 0 53 32803 0 60 32803 0 64 32804 0 61 32804 0 65 32811 0 78 32812 0 76 32828 0 90 32828 0 91 32828 0 92 32835 0 78 32836 0 
TIME iteration: 298 ms
Round:62
IR: 0, 0, 0, 0, 0
32860 0 52 32862 0 78 32863 0 76 32866 0 72 32869 0 73 32881 0 68 32889 0 69 32896 0 78 32898 0 76 32901 0 51 32921 0 54 32959 0 90 32959 0 91 32959 0 92 32983 0 52 32984 0 53 33036 0 51 33057 0 54 33101 0 52 33162 0 51 33176 0 53 33221 0 54 33228 0 52 33284 0 51 33287 0 62 33290 0 63 33296 0 77 33298 0 53 33299 0 60 33301 0 61 33305 0 76 33318 0 90 33318 0 91 33318 0 92 33320 0 77 33329 0 76 33335 0 68 33336 0 69 33347 0 77 33349 0 70 33350 0 71 33356 0 76 33373 0 52 33381 0 77 33389 0 
TIME iteration: 299 ms
Round:63
IR: 0, 0, 0, 0, 0
33407 0 54 33421 0 53 33448 0 90 33448 0 91 33448 0 92 33455 0 76 33496 0 51 33534 0 52 33616 0 51 33637 0 53 33670 0 52 33673 0 54 33703 0 51 33740 0 60 33740 0 61 33745 0 76 33764 0 53 33766 0 68 33767 0 69 33769 0 76 33769 0 90 33769 0 91 33769 0 92 33796 0 76 33825 0 51 33829 0 76 33840 0 52 33864 0 54 33876 0 53 33895 0 
TIME iteration: 298 ms
Round:64
IR: 0, 0, 0, 0, 0
33955 0 54 33977 0 52 33978 0 51 34019 0 53 34118 0 51 34128 0 53 34130 0 54 34131 0 60 34131 0 61 34132 0 64 34132 0 65 34136 0 76 34140 0 78 34149 0 66 34150 0 67 34151 0 68 34151 0 69 34155 0 90 34155 0 91 34155 0 92 34158 0 79 34160 0 76 34164 0 78 34179 0 52 34182 0 79 34187 0 76 34191 0 78 34208 0 72 34209 0 79 34210 0 73 34220 0 76 34225 0 78 34231 0 69 34232 0 74 34233 0 75 34237 0 68 34244 0 79 34261 0 54 34270 0 90 34270 0 91 34270 0 92 34286 0 76 34290 0 53 34312 0 51 34319 0 52 34415 0 
TIME iteration: 299 ms
Round:65
IR: 0, 0, 0, 0, 0
34452 0 53 34471 0 52 34474 0 51 34582 0 54 34583 0 51 34599 0 53 34610 0 60 34610 0 61 34616 0 76 34638 0 90 34638 0 91 34638 0 92 34640 0 76 34646 0 68 34646 0 69 34651 0 52 34667 0 76 34695 0 54 34701 0 76 34729 0 51 34732 0 53 34776 0 52 34777 0 76 34810 0 53 34829 0 54 34858 0 51 34902 0 52 34906 0 53 34919 0 64 34919 0 65 34926 0 78 34943 0 90 34943 0 91 34943 0 92 34950 0 78 34973 0 72 34974 0 73 34977 0 
TIME iteration: 299 ms
Round:66
IR: 0, 0, 0, 0, 0
34987 0 51 35006 0 54 35011 0 78 35060 0 53 35069 0 52 35125 0 54 35153 0 51 35204 0 53 35222 0 54 35247 0 66 35248 0 67 35252 0 64 35252 0 65 35255 0 78 35256 0 79 35262 0 52 35272 0 90 35272 0 91 35272 0 92 35273 0 72 35273 0 73 35278 0 78 35280 0 79 35304 0 78 35305 0 51 35307 0 79 35314 0 74 35314 0 75 35336 0 78 35342 0 79 35363 0 73 35369 0 54 35390 0 78 35391 0 53 35401 0 90 35401 0 91 35401 0 92 35424 0 52 35503 0 
TIME iteration: 298 ms
Round:67
IR: 0, 0, 0, 0, 0
35511 0 51 35525 0 54 35577 0 52 35645 0 53 35652 0 54 35702 0 51 35787 0 54 35793 0 52 35793 0 66 35793 0 67 35799 0 79 35801 0 53 35808 0 64 35808 0 65 35814 0 78 35823 0 79 35823 0 90 35823 0 91 35823 0 92 35831 0 74 35831 0 75 35838 0 78 35840 0 51 35840 0 72 35850 0 73 35850 0 79 35865 0 78 35884 0 79 35894 0 54 35899 0 78 35924 0 52 35935 0 53 35952 0 90 35952 0 91 35952 0 92 35975 0 78 36010 0 
TIME iteration: 299 ms
Round:68
IR: 0, 0, 0, 0, 0
36056 0 54 36058 0 52 36145 0 53 36183 0 52 36185 0 51 36268 0 54 36350 0 53 36376 0 51 36407 0 60 36408 0 61 36410 0 54 36416 0 76 36422 0 66 36422 0 67 36429 0 79 36433 0 52 36434 0 64 36439 0 90 36439 0 91 36439 0 92 36440 0 76 36448 0 78 36453 0 79 36461 0 75 36462 0 74 36467 0 76 36479 0 78 36480 0 79 36488 0 68 36488 0 69 36494 0 53 36502 0 76 36510 0 51 36514 0 79 36527 0 78 36559 0 90 36559 0 91 36559 0 92 36563 0 
TIME iteration: 303 ms
Round:69
IR: 0, 0, 0, 0, 0
36570 0 54 36597 0 53 36661 0 51 36679 0 52 36698 0 53 36712 0 54 36820 0 53 36822 0 51 36842 0 54 36843 0 52 36866 0 64 36866 0 65 36871 0 78 36894 0 90 36894 0 91 36894 0 92 36895 0 78 36897 0 72 36897 0 73 36922 0 78 36955 0 78 36964 0 54 36977 0 51 36993 0 53 37021 0 
TIME iteration: 298 ms
Round:70
IR: 0, 0, 0, 0, 0
37107 0 52 37113 0 54 37144 0 53 37155 0 51 37281 0 53 37285 0 64 37285 0 65 37287 0 52 37290 0 78 37309 0 72 37309 0 73 37312 0 90 37312 0 91 37312 0 92 37314 0 78 37341 0 78 37342 0 51 37364 0 54 37374 0 78 37400 0 52 37440 0 78 37441 0 53 37486 0 54 37520 0 52 37584 0 54 37611 0 53 37616 0 66 37616 0 67 37625 0 
TIME iteration: 298 ms
Round:71
IR: 0, 0, 0, 0, 0
37641 0 90 37641 0 91 37641 0 92 37646 0 51 37649 0 79 37676 0 79 37683 0 75 37686 0 74 37702 0 54 37711 0 79 37721 0 53 37744 0 52 37745 0 51 37851 0 54 37855 0 52 37857 0 53 37888 0 51 37939 0 52 37953 0 63 37954 0 62 37962 0 77 37978 0 90 37978 0 91 37978 0 92 37986 0 77 38006 0 53 38013 0 77 38019 0 52 38048 0 77 38051 0 70 38052 0 71 38078 0 51 38090 0 
TIME iteration: 299 ms
Round:72
IR: 0, 0, 0, 0, 0
38164 0 52 38193 0 53 38198 0 51 38220 0 54 38226 0 62 38228 0 63 38229 0 77 38248 0 70 38248 0 71 38250 0 90 38250 0 91 38250 0 92 38252 0 77 38278 0 77 38295 0 52 38307 0 51 38309 0 77 38354 0 53 38360 0 77 38375 0 54 38476 0 52 38490 0 51 38522 0 53 38535 0 54 38577 0 52 38592 0 63 38594 0 62 38597 0 77 38610 0 70 38610 0 71 38618 0 90 38618 0 91 38618 0 92 38620 0 77 38644 0 54 38646 0 77 38675 0 53 38678 0 77 38679 0 71 38680 0 
TIME iteration: 299 ms
Round:73
IR: 0, 0, 0, 0, 0
38697 0 51 38697 0 52 38734 0 77 38795 0 54 38847 0 52 38848 0 51 38873 0 63 38875 0 62 38877 0 77 38886 0 53 38894 0 70 38894 0 71 38898 0 90 38898 0 91 38898 0 92 38900 0 77 38923 0 54 38926 0 77 38958 0 77 38971 0 52 38973 0 71 38983 0 70 39012 0 77 39015 0 51 39057 0 53 39107 0 52 39120 0 54 39129 0 62 39129 0 63 39132 0 77 39149 0 70 39149 0 71 39152 0 90 39152 0 91 39152 0 92 39155 0 77 39176 0 51 39181 0 77 39213 0 
TIME iteration: 298 ms
Round:74
IR: 0, 0, 0, 0, 0
39232 0 71 39261 0 54 39267 0 77 39273 0 53 39330 0 51 39343 0 52 39366 0 54 39467 0 51 39486 0 54 39493 0 52 39494 0 66 39494 0 67 39496 0 53 39503 0 79 39512 0 60 39512 0 61 39514 0 63 39515 0 62 39519 0 77 39519 0 90 39519 0 91 39519 0 92 39520 0 76 39527 0 79 39533 0 70 39543 0 71 39543 0 77 39544 0 76 39554 0 79 39569 0 77 39570 0 51 39571 0 76 39582 0 74 39588 0 75 39589 0 79 39602 0 77 39605 0 76 39607 0 70 39612 0 68 39614 0 54 39615 0 69 39632 0 90 39632 0 91 39632 0 92 39648 0 53 39661 0 51 39663 0 77 39726 0 52 39727 0 
TIME iteration: 299 ms
Round:75
IR: 0, 0, 0, 0, 0
39782 0 53 39797 0 51 39881 0 54 39905 0 51 39906 0 53 39936 0 60 39936 0 61 39940 0 76 39963 0 76 39964 0 90 39964 0 91 39964 0 92 39968 0 68 39969 0 69 39989 0 76 40010 0 53 40021 0 76 40023 0 54 40030 0 52 40077 0 76 40092 0 53 40118 0 51 40184 0 54 40217 0 52 40252 0 53 40276 0 
TIME iteration: 298 ms
Round:76
IR: 0, 0, 0, 0, 0
40290 0 65 40291 0 64 40299 0 78 40303 0 54 40316 0 90 40316 0 91 40316 0 92 40323 0 78 40350 0 78 40384 0 73 40385 0 78 40386 0 52 40387 0 72 40452 0 51 40466 0 53 40594 0 54 40617 0 52 40617 0 53 40642 0 64 40642 0 65 40645 0 78 40667 0 90 40667 0 91 40667 0 92 40668 0 73 40668 0 78 40669 0 72 40694 0 78 40726 0 78 40761 0 53 40762 0 54 40771 0 51 40780 0 
TIME iteration: 298 ms
Round:77
IR: 0, 0, 0, 0, 0
40886 0 52 40948 0 54 41000 0 53 41049 0 52 41087 0 54 41089 0 51 41100 0 67 41101 0 66 41109 0 79 41121 0 53 41124 0 65 41125 0 64 41128 0 90 41128 0 91 41128 0 92 41130 0 78 41133 0 79 41152 0 72 41152 0 73 41154 0 78 41160 0 79 41181 0 74 41181 0 78 41183 0 75 41195 0 79 41214 0 78 41219 0 52 41228 0 54 41233 0 51 41251 0 90 41251 0 91 41251 0 92 41281 0 78 41314 0 
TIME iteration: 299 ms
Round:78
IR: 0, 0, 0, 0, 0
41381 0 52 41394 0 51 41428 0 53 41459 0 54 41514 0 51 41539 0 53 41548 0 52 41567 0 64 41568 0 65 41573 0 78 41592 0 72 41592 0 73 41596 0 90 41596 0 91 41596 0 92 41597 0 78 41599 0 54 41624 0 78 41644 0 53 41651 0 52 41657 0 78 41719 0 51 41724 0 78 41751 0 53 41772 0 54 41791 0 52 41865 0 
TIME iteration: 298 ms
Round:79
IR: 0, 0, 0, 0, 0
41881 0 64 41882 0 65 41885 0 78 41895 0 72 41895 0 73 41906 0 90 41906 0 91 41906 0 92 41908 0 78 41914 0 51 41933 0 54 41934 0 78 41954 0 73 41955 0 72 41961 0 52 41966 0 78 42021 0 78 42022 0 53 42029 0 54 42067 0 51 42100 0 52 42142 0 54 42156 0 53 42178 0 64 42179 0 65 42182 0 78 42184 0 51 42199 0 73 42200 0 72 42202 0 90 42202 0 91 42202 0 92 42205 0 78 42231 0 78 42263 0 78 42274 0 52 42280 0 54 42285 0 73 42290 0 53 42318 0 78 42331 0 51 42397 0 
TIME iteration: 299 ms
Round:80
IR: 0, 0, 0, 0, 0
42402 0 51 42417 0 53 42458 0 64 42460 0 65 42462 0 78 42470 0 54 42470 0 72 42480 0 73 42483 0 90 42483 0 91 42483 0 92 42485 0 78 42511 0 78 42519 0 51 42527 0 72 42543 0 78 42560 0 52 42562 0 53 42580 0 73 42597 0 78 42618 0 54 42624 0 51 42749 0 54 42783 0 53 42793 0 52 42799 0 51 42818 0 64 42818 0 65 42822 0 78 42843 0 61 42843 0 90 42843 0 91 42843 0 92 42844 0 72 42844 0 73 42845 0 78 42861 0 76 42871 0 78 42880 0 53 42893 0 76 42903 0 78 42918 0 
TIME iteration: 299 ms
Round:81
IR: 0, 0, 0, 0, 0
42948 0 76 42959 0 78 42980 0 51 42980 0 90 42980 0 91 42980 0 92 43002 0 54 43051 0 52 43065 0 53 43131 0 51 43168 0 54 43192 0 52 43218 0 53 43306 0 51 43310 0 54 43361 0 66 43362 0 67 43370 0 79 43376 0 52 43392 0 90 43392 0 91 43392 0 92 43394 0 79 43421 0 79 43424 0 54 43425 0 51 43449 0 74 43451 0 75 43456 0 
TIME iteration: 298 ms
Round:82
IR: 0, 0, 0, 0, 0
43466 0 53 43542 0 51 43556 0 52 43613 0 54 43634 0 53 43669 0 51 43711 0 60 43711 0 61 43719 0 76 43720 0 52 43736 0 90 43736 0 91 43736 0 92 43743 0 76 43770 0 76 43774 0 68 43775 0 69 43796 0 54 43804 0 76 43808 0 51 43864 0 52 43866 0 53 43916 0 
TIME iteration: 298 ms
Round:83
IR: 0, 0, 0, 0, 0
44001 0 52 44006 0 54 44032 0 66 44033 0 67 44035 0 51 44040 0 79 44054 0 53 44057 0 90 44057 0 91 44057 0 92 44064 0 79 44079 0 74 44079 0 75 44091 0 79 44112 0 54 44125 0 79 44202 0 51 44214 0 52 44255 0 54 44313 0 53 44326 0 51 44335 0 52 44442 0 54 44444 0 53 44453 0 51 44453 0 66 44454 0 67 44455 0 60 44455 0 61 44458 0 79 44462 0 76 44473 0 52 44476 0 62 44477 0 63 44478 0 90 44478 0 91 44478 0 92 44479 0 75 44480 0 74 44482 0 79 44485 0 77 44486 0 76 44504 0 69 44505 0 68 44508 0 79 44509 0 77 44513 0 
TIME iteration: 299 ms
Round:84
IR: 0, 0, 0, 0, 0
44536 0 77 44541 0 79 44547 0 76 44554 0 51 44564 0 71 44571 0 77 44572 0 70 44592 0 90 44592 0 91 44592 0 92 44604 0 79 44634 0 54 44655 0 52 44741 0 53 44776 0 54 44796 0 52 44821 0 51 44910 0 52 44929 0 54 44929 0 62 44930 0 63 44934 0 77 44940 0 53 44958 0 77 44958 0 90 44958 0 91 44958 0 92 44963 0 70 44963 0 71 44984 0 77 45017 0 77 45028 0 
TIME iteration: 298 ms
Round:85
IR: 0, 0, 0, 0, 0
45068 0 52 45077 0 54 45078 0 77 45173 0 53 45177 0 54 45185 0 51 45262 0 54 45268 0 66 45269 0 67 45277 0 79 45294 0 90 45294 0 91 45294 0 92 45301 0 79 45316 0 75 45317 0 74 45324 0 52 45328 0 79 45353 0 53 45363 0 79 45375 0 51 45472 0 52 45482 0 54 45483 0 51 45505 0 
TIME iteration: 386 ms
Round:86
IR: 0, 0, 0, 0, 0
45618 0 54 45639 0 53 45640 0 51 45650 0 66 45651 0 67 45655 0 79 45661 0 60 45661 0 61 45664 0 65 45665 0 64 45669 0 76 45673 0 78 45674 0 74 45676 0 75 45676 0 90 45676 0 91 45676 0 92 45679 0 79 45693 0 76 45697 0 78 45706 0 79 45720 0 76 45724 0 78 45730 0 69 45731 0 54 45731 0 68 45739 0 79 45750 0 52 45752 0 72 45754 0 51 45754 0 76 45756 0 73 45759 0 78 45791 0 90 45791 0 91 45791 0 92 45810 0 79 45819 0 53 45930 0 51 45935 0 54 45942 0 52 46019 0 53 46073 0 52 46084 0 54 46089 0 
TIME iteration: 299 ms
Round:87
IR: 0, 0, 0, 0, 0
46177 0 53 46188 0 52 46193 0 62 46194 0 63 46202 0 77 46211 0 65 46212 0 64 46217 0 78 46223 0 90 46223 0 91 46223 0 92 46226 0 77 46241 0 78 46251 0 73 46252 0 72 46253 0 77 46263 0 71 46264 0 70 46267 0 54 46268 0 78 46288 0 77 46295 0 52 46301 0 78 46302 0 51 46331 0 53 46350 0 90 46350 0 91 46350 0 92 46368 0 78 46424 0 54 46451 0 52 46452 0 51 46489 0 53 46541 0 54 46638 0 
TIME iteration: 298 ms
Round:88
IR: 0, 0, 0, 0, 0
46645 0 51 46647 0 52 46671 0 54 46694 0 66 46694 0 67 46703 0 79 46723 0 90 46723 0 91 46723 0 92 46727 0 79 46754 0 74 46754 0 75 46754 0 79 46789 0 79 46810 0 51 46826 0 53 46832 0 54 46903 0 52 46931 0 51 46982 0 53 47034 0 54 47061 0 52 47094 0 67 47098 0 66 47101 0 79 47113 0 51 47123 0 74 47123 0 75 47123 0 90 47123 0 91 47123 0 92 47125 0 79 47130 0 53 47152 0 
TIME iteration: 298 ms
Round:89
IR: 0, 0, 0, 0, 0
47185 0 79 47202 0 54 47212 0 52 47258 0 79 47293 0 53 47339 0 52 47351 0 51 47400 0 53 47455 0 64 47458 0 65 47465 0 78 47470 0 54 47482 0 90 47482 0 91 47482 0 92 47489 0 78 47499 0 53 47516 0 78 47525 0 73 47527 0 72 47529 0 52 47551 0 78 47615 0 51 47665 0 54 47671 0 52 47682 0 
TIME iteration: 298 ms
Round:90
IR: 0, 0, 0, 0, 0
47867 0 53 47870 0 52 47872 0 54 47883 0 65 47884 0 64 47888 0 78 47908 0 62 47908 0 63 47910 0 90 47910 0 91 47910 0 92 47912 0 78 47914 0 72 47914 0 73 47916 0 77 47938 0 78 47940 0 77 47946 0 51 47967 0 77 47971 0 78 47991 0 71 47994 0 70 48001 0 77 48008 0 53 48032 0 78 48032 0 90 48032 0 91 48032 0 92 48047 0 54 48050 0 52 48124 0 53 48147 0 51 48168 0 54 48184 0 52 48228 0 
TIME iteration: 298 ms
Round:91
IR: 0, 0, 0, 0, 0
48282 0 54 48293 0 51 48343 0 52 48361 0 67 48362 0 53 48368 0 66 48373 0 79 48374 0 64 48374 0 65 48380 0 78 48394 0 90 48394 0 91 48394 0 92 48397 0 79 48402 0 72 48403 0 73 48404 0 78 48424 0 79 48431 0 78 48433 0 74 48435 0 75 48445 0 54 48459 0 79 48465 0 78 48482 0 53 48503 0 51 48521 0 52 48525 0 90 48525 0 91 48525 0 92 48541 0 78 48595 0 54 48673 0 53 48703 0 52 48720 0 51 48751 0 
TIME iteration: 298 ms
Round:92
IR: 0, 0, 0, 0, 0
48817 0 53 48874 0 52 48887 0 54 48899 0 51 48907 0 66 48908 0 67 48914 0 79 48938 0 79 48938 0 90 48938 0 91 48938 0 92 48945 0 74 48947 0 75 48965 0 79 48972 0 52 48999 0 79 49000 0 53 49053 0 51 49053 0 54 49075 0 52 49128 0 53 49201 0 52 49201 0 54 49212 0 51 49242 0 63 49243 0 62 49251 0 77 49268 0 90 49268 0 91 49268 0 92 49275 0 
TIME iteration: 298 ms
Round:93
IR: 0, 0, 0, 0, 0
49301 0 52 49302 0 77 49321 0 71 49322 0 70 49337 0 77 49366 0 54 49369 0 51 49386 0 53 49497 0 54 49505 0 52 49509 0 51 49516 0 53 49628 0 52 49633 0 63 49634 0 62 49637 0 77 49658 0 53 49659 0 51 49660 0 77 49660 0 90 49660 0 91 49660 0 92 49661 0 71 49663 0 70 49686 0 77 49716 0 54 49718 0 77 49773 0 77 49793 0 
TIME iteration: 298 ms
Round:94
IR: 0, 0, 0, 0, 0
49833 0 53 49844 0 54 49850 0 52 49940 0 51 49957 0 54 49985 0 66 49987 0 67 49995 0 79 50007 0 53 50011 0 90 50011 0 91 50011 0 92 50019 0 79 50046 0 79 50049 0 74 50053 0 75 50081 0 79 50100 0 52 50130 0 51 50142 0 54 50184 0 53 50260 0 54 50297 0 66 50299 0 67 50301 0 79 50319 0 74 50320 0 75 50322 0 90 50322 0 91 50322 0 92 50324 0 79 50345 0 51 50349 0 
TIME iteration: 298 ms
Round:95
IR: 0, 0, 0, 0, 0
50350 0 79 50361 0 52 50382 0 79 50412 0 74 50437 0 79 50442 0 54 50511 0 53 50535 0 51 50545 0 52 50558 0 54 50589 0 66 50589 0 67 50593 0 79 50601 0 75 50612 0 74 50613 0 90 50613 0 91 50613 0 92 50617 0 79 50628 0 53 50643 0 79 50659 0 75 50662 0 54 50675 0 79 50701 0 52 50737 0 79 50756 0 53 50768 0 54 50806 0 
TIME iteration: 298 ms
Round:96
IR: 0, 0, 0, 0, 0
50883 0 52 50913 0 53 50975 0 64 50976 0 65 50983 0 54 50984 0 78 50997 0 66 50997 0 67 51001 0 90 51001 0 91 51001 0 92 51002 0 79 51008 0 51 51008 0 78 51018 0 74 51024 0 75 51026 0 79 51029 0 52 51035 0 78 51044 0 53 51053 0 79 51067 0 73 51069 0 72 51070 0 78 51086 0 79 51114 0 51 51124 0 90 51124 0 91 51124 0 92 51161 0 79 51168 0 54 51173 0 53 51189 0 52 51250 0 51 51313 0 52 51386 0 
TIME iteration: 298 ms
Round:97
IR: 0, 0, 0, 0, 0
51423 0 51 51436 0 53 51440 0 52 51466 0 62 51466 0 63 51474 0 77 51495 0 90 51495 0 91 51495 0 92 51498 0 77 51520 0 54 51525 0 77 51547 0 71 51556 0 70 51559 0 77 51570 0 51 51575 0 53 51660 0 54 51678 0 51 51683 0 52 51817 0 54 51849 0 52 51858 0 51 51864 0 67 51866 0 66 51873 0 79 51874 0 62 51875 0 63 51879 0 77 51882 0 60 51882 0 61 51890 0 76 51891 0 90 51891 0 91 51891 0 92 51897 0 79 51903 0 77 51904 0 71 51905 0 70 51914 0 76 51915 0 74 51917 0 75 51924 0 79 51929 0 
TIME iteration: 299 ms
Round:98
IR: 0, 0, 0, 0, 0
51941 0 76 51956 0 54 51959 0 79 51962 0 77 51975 0 76 51979 0 68 51998 0 69 52002 0 52 52006 0 53 52006 0 90 52006 0 91 52006 0 92 52015 0 51 52023 0 77 52129 0 54 52184 0 53 52192 0 51 52221 0 52 52267 0 54 52347 0 51 52371 0 52 52375 0 53 52390 0 60 52391 0 61 52396 0 76 52420 0 76 52420 0 90 52420 0 91 52420 0 92 52424 0 54 52427 0 68 52428 0 69 52447 0 
TIME iteration: 299 ms
Round:99
IR: 0, 0, 0, 0, 0
52480 0 76 52481 0 52 52490 0 51 52547 0 76 52553 0 54 52560 0 53 52579 0 52 52674 0 51 52710 0 54 52720 0 53 52767 0 52 52794 0 67 52795 0 62 52797 0 63 52801 0 66 52804 0 77 52806 0 79 52820 0 90 52820 0 91 52820 0 92 52828 0 77 52830 0 79 52831 0 51 52838 0 54 52848 0 71 52852 0 70 52855 0 77 52856 0 74 52857 0 53 52857 0 75 52857 0 79 52889 0 77 52891 0 79 52911 0 51 52933 0 52 52950 0 90 52950 0 91 52950 0 
TIME iteration: 299 ms
Round:100
IR: 0, 0, 0, 0, 0
53015 0 51 53056 0 54 53085 0 52 53089 0 53 53122 0 51 53207 0 52 53229 0 51 53242 0 54 53249 0 53 53250 0 60 53250 0 61 53258 0 76 53279 0 90 53279 0 91 53279 0 92 53282 0 76 53302 0 68 53304 0 69 53309 0 76 53343 0 76 53411 0 53 53426 0 51 53433 0 54 53440 0 
TIME iteration: 299 ms
Round:101
IR: 0, 0, 0, 0, 0
53542 0 53 53597 0 54 53622 0 51 53646 0 52 53672 0 61 53673 0 60 53677 0 76 53692 0 53 53698 0 64 53698 0 65 53699 0 90 53699 0 91 53699 0 92 53701 0 68 53701 0 69 53701 0 76 53706 0 78 53727 0 76 53730 0 78 53757 0 78 53760 0 76 53778 0 51 53789 0 72 53791 0 73 53791 0 78 53815 0 52 53821 0 76 53821 0 90 53821 0 91 53821 0 92 53832 0 54 53844 0 53 53934 0 51 53938 0 52 53963 0 53 54004 0 54 54041 0 
TIME iteration: 299 ms
Round:102
IR: 0, 0, 0, 0, 0
54109 0 51 54109 0 53 54116 0 54 54155 0 65 54156 0 64 54160 0 78 54165 0 52 54170 0 62 54171 0 63 54176 0 66 54179 0 67 54179 0 77 54184 0 78 54185 0 90 54185 0 91 54185 0 92 54186 0 79 54189 0 72 54189 0 73 54203 0 77 54210 0 78 54210 0 79 54224 0 54 54228 0 53 54230 0 77 54237 0 79 54242 0 70 54243 0 78 54245 0 71 54250 0 74 54252 0 75 54265 0 77 54272 0 79 54274 0 51 54300 0 90 54300 0 91 54300 0 92 54304 0 78 54308 0 52 54343 0 54 54380 0 53 54412 0 51 54427 0 52 54454 0 54 54546 0 51 54548 0 53 54566 0 
TIME iteration: 299 ms
Round:103
IR: 0, 0, 0, 0, 0
54608 0 54 54642 0 63 54643 0 66 54645 0 67 54648 0 51 54649 0 79 54650 0 53 54652 0 77 54656 0 60 54657 0 61 54659 0 62 54664 0 76 54667 0 64 54668 0 65 54669 0 90 54669 0 91 54669 0 92 54673 0 79 54674 0 78 54675 0 77 54676 0 74 54676 0 75 54684 0 71 54685 0 70 54688 0 76 54689 0 52 54698 0 72 54698 0 78 54699 0 73 54700 0 79 54701 0 77 54714 0 68 54714 0 69 54715 0 76 54725 0 78 54732 0 77 54734 0 79 54749 0 76 54759 0 78 54779 0 90 54779 0 91 54779 0 92 54781 0 77 54782 0 53 54817 0 51 54840 0 78 54850 0 54 54909 0 52 54918 0 51 54979 0 54 55022 0 52 55084 0 53 55092 0 51 55113 0 
TIME iteration: 299 ms
Round:104
IR: 0, 0, 0, 0, 0
55137 0 67 55138 0 66 55140 0 60 55141 0 61 55143 0 79 55146 0 76 55163 0 90 55163 0 91 55163 0 92 55166 0 75 55167 0 74 55167 0 79 55170 0 76 55174 0 68 55174 0 69 55194 0 79 55197 0 76 55228 0 79 55230 0 76 55235 0 52 55249 0 51 55269 0 54 55294 0 90 55294 0 91 55294 0 92 55297 0 76 55309 0 53 55361 0 52 55419 0 51 55426 0 54 55434 0 53 55458 0 52 55566 0 51 55580 0 54 55594 0 53 55608 0 52 55635 0 63 55636 0 62 55643 0 
TIME iteration: 298 ms
Round:105
IR: 0, 0, 0, 0, 0
55665 0 90 55665 0 91 55665 0 92 55667 0 77 55678 0 53 55693 0 70 55693 0 71 55694 0 77 55700 0 51 55725 0 52 55728 0 77 55806 0 54 55811 0 53 55851 0 52 55924 0 51 55931 0 54 55944 0 53 55997 0 65 55998 0 64 56006 0 78 56023 0 90 56023 0 91 56023 0 92 56030 0 78 56043 0 52 56057 0 78 56071 0 72 56073 0 73 56092 0 78 56104 0 53 56113 0 54 56116 0 
TIME iteration: 298 ms
Round:106
IR: 0, 0, 0, 0, 0
56208 0 51 56276 0 52 56302 0 53 56354 0 54 56375 0 65 56379 0 64 56381 0 78 56392 0 51 56403 0 73 56403 0 90 56403 0 91 56403 0 92 56404 0 78 56405 0 72 56430 0 78 56445 0 52 56462 0 78 56472 0 53 56485 0 54 56518 0 78 56562 0 51 56588 0 54 56592 0 52 56649 0 53 56669 0 51 56705 0 
TIME iteration: 298 ms
Round:107
IR: 0, 0, 0, 0, 0
56724 0 54 56738 0 63 56739 0 62 56741 0 66 56741 0 67 56746 0 77 56748 0 61 56750 0 79 56752 0 51 56753 0 60 56759 0 76 56763 0 90 56763 0 91 56763 0 92 56770 0 77 56774 0 79 56783 0 76 56797 0 77 56801 0 70 56801 0 79 56804 0 71 56810 0 76 56820 0 74 56822 0 75 56828 0 68 56831 0 77 56832 0 69 56835 0 53 56836 0 79 56845 0 76 56846 0 54 56850 0 51 56856 0 52 56879 0 90 56879 0 91 56879 0 92 56967 0 51 56975 0 54 56978 0 53 57069 0 51 57079 0 53 57093 0 54 57125 0 52 57191 0 51 57201 0 60 57201 0 61 57206 0 76 57209 0 53 57222 0 64 57222 0 65 57229 0 90 57229 0 91 57229 0 92 57230 0 76 57230 0 78 57233 0 68 57234 0 
TIME iteration: 299 ms
Round:108
IR: 0, 0, 0, 0, 0
57249 0 54 57254 0 78 57257 0 76 57272 0 72 57272 0 73 57281 0 78 57290 0 76 57315 0 78 57323 0 51 57335 0 53 57336 0 52 57354 0 90 57354 0 91 57354 0 92 57356 0 76 57365 0 54 57456 0 51 57462 0 54 57478 0 53 57593 0 52 57612 0 54 57617 0 53 57618 0 51 57721 0 52 57750 0 54 57754 0 66 57754 0 67 57762 0 
TIME iteration: 298 ms
Round:109
IR: 0, 0, 0, 0, 0
57784 0 90 57784 0 91 57784 0 92 57786 0 79 57813 0 79 57815 0 75 57818 0 74 57840 0 53 57848 0 79 57886 0 52 57902 0 54 57916 0 51 57999 0 53 58027 0 52 58058 0 51 58083 0 54 58129 0 66 58129 0 67 58133 0 79 58134 0 53 58138 0 52 58148 0 62 58149 0 63 58155 0 75 58155 0 90 58155 0 91 58155 0 92 58156 0 74 58157 0 77 58157 0 79 58181 0 77 58183 0 79 58200 0 54 58208 0 77 58216 0 79 58222 0 70 58225 0 71 58243 0 77 58246 0 51 58276 0 53 58279 0 90 58279 0 91 58279 0 92 58280 0 
TIME iteration: 299 ms
Round:110
IR: 0, 0, 0, 0, 0
58303 0 52 58328 0 54 58355 0 51 58444 0 53 58458 0 54 58483 0 51 58548 0 52 58581 0 51 58598 0 60 58599 0 61 58607 0 76 58620 0 53 58627 0 90 58627 0 91 58627 0 92 58631 0 76 58633 0 54 58658 0 76 58670 0 69 58675 0 68 58693 0 76 58705 0 51 58748 0 53 58755 0 52 58808 0 
TIME iteration: 298 ms
Round:111
IR: 0, 0, 0, 0, 0
58830 0 51 58846 0 53 58889 0 61 58891 0 60 58892 0 76 58910 0 69 58911 0 68 58914 0 90 58914 0 91 58914 0 92 58915 0 76 58929 0 52 58941 0 76 58959 0 51 58972 0 76 58990 0 53 58997 0 69 58999 0 68 59023 0 76 59082 0 53 59087 0 52 59105 0 54 59127 0 51 59162 0 60 59162 0 61 59165 0 76 59183 0 68 59183 0 69 59185 0 90 59185 0 91 59185 0 92 59188 0 76 59209 0 53 59214 0 76 59222 0 52 59246 0 76 59269 0 69 59272 0 68 59294 0 54 59300 0 76 59343 0 53 59355 0 
TIME iteration: 299 ms
Round:112
IR: 0, 0, 0, 0, 0
59398 0 51 59421 0 54 59448 0 53 59468 0 52 59494 0 64 59494 0 65 59502 0 78 59504 0 62 59505 0 63 59513 0 77 59519 0 90 59519 0 91 59519 0 92 59526 0 78 59528 0 51 59537 0 77 59553 0 78 59564 0 53 59564 0 77 59579 0 71 59580 0 70 59584 0 72 59585 0 73 59587 0 78 59599 0 77 59624 0 52 59626 0 54 59646 0 90 59646 0 91 59646 0 92 59658 0 51 59838 0 54 59843 0 53 59846 0 52 59869 0 
TIME iteration: 298 ms
Round:113
IR: 0, 0, 0, 0, 0
59998 0 54 60000 0 51 60001 0 53 60022 0 52 60047 0 60 60049 0 61 60056 0 76 60078 0 90 60078 0 91 60078 0 92 60080 0 76 60105 0 69 60106 0 68 60107 0 76 60141 0 76 60144 0 52 60178 0 53 60192 0 51 60209 0 54 60278 0 52 60326 0 54 60354 0 51 60383 0 52 60389 0 53 60402 0 62 60402 0 63 60410 0 77 60417 0 61 60419 0 
TIME iteration: 298 ms
Round:114
IR: 0, 0, 0, 0, 0
60422 0 76 60428 0 90 60428 0 91 60428 0 92 60434 0 77 60442 0 69 60443 0 68 60445 0 76 60459 0 54 60459 0 70 60460 0 71 60461 0 77 60471 0 76 60495 0 77 60503 0 76 60510 0 51 60553 0 90 60553 0 91 60553 0 92 60559 0 76 60588 0 52 60619 0 53 60632 0 51 60632 0 54 60807 0 51 60842 0 52 60853 0 53 60872 0 54 60932 0 51 60947 0 60 60947 0 
TIME iteration: 299 ms
Round:115
IR: 0, 0, 0, 0, 0
60953 0 76 60977 0 68 60977 0 76 60977 0 90 60977 0 91 60977 0 92 60978 0 69 61004 0 52 61004 0 76 61029 0 53 61030 0 54 61035 0 51 61038 0 76 61113 0 52 61114 0 76 61149 0 53 61156 0 51 61225 0 54 61257 0 52 61294 0 53 61297 0 51 61308 0 60 61308 0 61 61312 0 62 61312 0 63 61313 0 76 61320 0 77 61327 0 65 61327 0 68 61328 0 64 61328 0 69 61333 0 90 61333 0 91 61333 0 92 61336 0 78 61337 0 76 61344 0 77 61352 0 54 61360 0 78 61364 0 76 61368 0 70 61371 0 71 61371 0 77 61387 0 52 61387 0 78 61397 0 76 61405 0 77 61407 0 51 61409 0 68 61411 0 69 61415 0 72 61417 0 73 61422 0 78 61443 0 53 61448 0 90 61448 0 91 61448 0 92 61462 0 
TIME iteration: 299 ms
Round:116
IR: 0, 0, 0, 0, 0
61502 0 54 61516 0 51 61558 0 52 61565 0 53 61629 0 54 61703 0 53 61708 0 52 61780 0 54 61781 0 51 61800 0 65 61810 0 78 61813 0 67 61815 0 66 61823 0 79 61836 0 90 61836 0 91 61836 0 92 61840 0 78 61847 0 79 61853 0 52 61870 0 53 61874 0 79 61883 0 78 61906 0 74 61907 0 75 61909 0 79 61932 0 54 62000 0 90 62000 0 91 62000 0 
TIME iteration: 298 ms
Round:117
IR: 0, 0, 0, 0, 0
62021 0 52 62028 0 53 62067 0 51 62082 0 54 62153 0 53 62187 0 52 62194 0 54 62197 0 51 62317 0 52 62321 0 54 62337 0 66 62338 0 67 62339 0 53 62343 0 79 62362 0 51 62366 0 62 62366 0 63 62367 0 79 62367 0 90 62367 0 91 62367 0 92 62374 0 77 62376 0 74 62376 0 75 62394 0 79 62398 0 77 62403 0 52 62425 0 77 62428 0 79 62430 0 70 62432 0 71 62459 0 77 62483 0 54 62490 0 90 62490 0 91 62490 0 92 62511 0 53 62521 0 
TIME iteration: 298 ms
Round:118
IR: 0, 0, 0, 0, 0
62546 0 52 62655 0 54 62664 0 53 62674 0 51 62718 0 52 62780 0 51 62826 0 60 62826 0 61 62834 0 76 62840 0 52 62855 0 90 62855 0 91 62855 0 92 62858 0 76 62864 0 53 62885 0 76 62905 0 69 62907 0 68 62919 0 76 62926 0 54 62962 0 51 62999 0 52 63043 0 
TIME iteration: 298 ms
Round:119
IR: 0, 0, 0, 0, 0
63090 0 53 63127 0 51 63173 0 60 63176 0 61 63178 0 76 63199 0 69 63200 0 68 63200 0 90 63200 0 91 63200 0 92 63201 0 76 63225 0 52 63227 0 76 63231 0 54 63253 0 51 63259 0 76 63301 0 53 63314 0 76 63355 0 54 63383 0 51 63476 0 51 63479 0 52 63487 0 53 63490 0 60 63490 0 61 63494 0 76 63500 0 54 63504 0 69 63505 0 68 63514 0 90 63514 0 91 63514 0 92 63517 0 76 63543 0 76 63567 0 69 63569 0 68 63575 0 
TIME iteration: 307 ms
Round:120
IR: 0, 0, 0, 0, 0
63619 0 52 63621 0 53 63631 0 76 63651 0 54 63680 0 51 63767 0 53 63800 0 54 63894 0 51 63898 0 52 63914 0 61 63915 0 60 63920 0 76 63941 0 90 63941 0 91 63941 0 92 63944 0 76 63945 0 68 63945 0 69 63971 0 76 63982 0 53 64004 0 76 64020 0 51 64071 0 76 64089 0 54 64094 0 52 64119 0 
TIME iteration: 298 ms
Round:121
IR: 0, 0, 0, 0, 0
64175 0 51 64232 0 54 64286 0 52 64338 0 51 64338 0 53 64345 0 60 64346 0 61 64351 0 76 64369 0 69 64371 0 68 64372 0 90 64372 0 91 64372 0 92 64375 0 76 64396 0 54 64402 0 76 64435 0 76 64457 0 51 64470 0 53 64483 0 52 64502 0 76 64510 0 54 64572 0 51 64637 0 
TIME iteration: 298 ms
Round:122
IR: 0, 0, 0, 0, 0
64680 0 54 64686 0 52 64708 0 51 64712 0 60 64712 0 61 64717 0 76 64730 0 68 64730 0 69 64738 0 66 64738 0 67 64738 0 90 64738 0 91 64738 0 92 64741 0 76 64747 0 79 64751 0 53 64768 0 76 64771 0 79 64798 0 79 64800 0 69 64801 0 76 64808 0 68 64825 0 75 64829 0 74 64833 0 79 64844 0 52 64859 0 90 64859 0 91 64859 0 92 64861 0 54 64866 0 76 64928 0 53 64951 0 51 64981 0 52 65013 0 54 65048 0 53 65111 0 54 65118 0 51 65120 0 52 65167 0 67 65168 0 66 65170 0 53 65173 0 
TIME iteration: 299 ms
Round:123
IR: 0, 0, 0, 0, 0
65196 0 64 65196 0 65 65196 0 90 65196 0 91 65196 0 92 65197 0 79 65199 0 74 65199 0 75 65204 0 78 65224 0 79 65228 0 78 65232 0 54 65244 0 52 65255 0 78 65257 0 79 65276 0 51 65282 0 72 65289 0 78 65294 0 73 65318 0 90 65318 0 91 65318 0 92 65357 0 54 65416 0 51 65422 0 52 65447 0 53 65560 0 53 65566 0 51 65607 0 52 65617 0 54 65703 0 53 65709 0 64 65709 0 65 65714 0 
TIME iteration: 299 ms
Round:124
IR: 0, 0, 0, 0, 0
65738 0 78 65739 0 90 65739 0 91 65739 0 92 65742 0 52 65747 0 72 65747 0 73 65765 0 78 65791 0 51 65798 0 78 65801 0 54 65864 0 78 65886 0 53 65894 0 54 65915 0 52 65944 0 51 66005 0 54 66034 0 66 66034 0 67 66042 0 53 66042 0 79 66059 0 90 66059 0 91 66059 0 92 66066 0 79 66070 0 51 66086 0 74 66087 0 75 66093 0 79 66115 0 52 66115 0 54 66128 0 79 66163 0 53 66171 0 
TIME iteration: 298 ms
Round:125
IR: 0, 0, 0, 0, 0
66277 0 53 66279 0 52 66309 0 51 66333 0 54 66404 0 60 66410 0 53 66412 0 61 66416 0 76 66417 0 64 66417 0 65 66424 0 78 66434 0 90 66434 0 91 66434 0 92 66440 0 76 66448 0 78 66454 0 52 66461 0 72 66461 0 73 66467 0 76 66475 0 78 66496 0 69 66498 0 68 66501 0 76 66506 0 51 66509 0 78 66562 0 90 66562 0 91 66562 0 92 66583 0 53 66590 0 54 66630 0 51 66637 0 52 66728 0 54 66756 0 53 66762 0 
TIME iteration: 298 ms
Round:126
IR: 0, 0, 0, 0, 0
66782 0 52 66865 0 53 66878 0 54 66908 0 65 66910 0 64 66914 0 78 66920 0 52 66925 0 51 66930 0 66 66934 0 67 66938 0 78 66939 0 73 66939 0 90 66939 0 91 66939 0 92 66940 0 72 66940 0 79 66964 0 79 66965 0 78 66976 0 53 66986 0 75 66988 0 74 66991 0 79 66998 0 78 67006 0 54 67026 0 79 67032 0 52 67064 0 78 67064 0 90 67064 0 91 67064 0 92 67131 0 51 67147 0 53 67198 0 52 67203 0 54 67279 0 
TIME iteration: 298 ms
Round:127
IR: 0, 0, 0, 0, 0
67321 0 54 67351 0 52 67356 0 51 67421 0 53 67433 0 51 67440 0 64 67440 0 65 67446 0 78 67456 0 61 67457 0 60 67464 0 76 67470 0 78 67470 0 90 67470 0 91 67470 0 92 67472 0 72 67473 0 73 67488 0 76 67490 0 52 67497 0 78 67515 0 76 67516 0 51 67524 0 68 67524 0 69 67531 0 78 67549 0 76 67552 0 54 67598 0 90 67598 0 91 67598 0 92 67607 0 78 67619 0 51 67676 0 52 67712 0 54 67762 0 53 67774 0 
TIME iteration: 298 ms
Round:128
IR: 0, 0, 0, 0, 0
67851 0 52 67887 0 53 67899 0 51 67940 0 60 67940 0 61 67945 0 76 67959 0 54 67969 0 76 67969 0 90 67969 0 91 67969 0 92 67973 0 69 67974 0 68 67992 0 52 67996 0 76 68002 0 53 68026 0 51 68029 0 76 68087 0 54 68095 0 76 68121 0 52 68131 0 53 68160 0 51 68265 0 53 68270 0 52 68273 0 51 68282 0 54 68284 0 60 68284 0 61 68288 0 76 68302 0 69 68303 0 68 68305 0 64 68306 0 65 68309 0 90 68309 0 91 68309 0 92 68311 0 76 68313 0 78 68337 0 76 68337 0 78 68357 0 72 68358 0 73 68364 0 78 68369 0 
TIME iteration: 299 ms
Round:129
IR: 0, 0, 0, 0, 0
68376 0 69 68381 0 68 68398 0 78 68399 0 51 68417 0 54 68425 0 76 68426 0 52 68431 0 90 68431 0 91 68431 0 92 68451 0 53 68515 0 54 68519 0 52 68520 0 51 68620 0 54 68632 0 51 68633 0 53 68740 0 52 68742 0 54 68755 0 66 68755 0 67 68764 0 79 68767 0 53 68781 0 51 68784 0 90 68784 0 91 68784 0 92 68788 0 79 68815 0 79 68845 0 75 68848 0 74 68850 0 79 68874 0 52 68894 0 
TIME iteration: 299 ms
Round:130
IR: 0, 0, 0, 0, 0
68906 0 51 68976 0 53 69018 0 54 69046 0 52 69049 0 66 69050 0 67 69052 0 79 69071 0 74 69071 0 75 69074 0 90 69074 0 91 69074 0 92 69075 0 79 69101 0 79 69119 0 51 69133 0 79 69141 0 53 69147 0 54 69188 0 79 69280 0 53 69283 0 54 69287 0 52 69377 0 51 69395 0 54 69398 0 52 69402 0 67 69403 0 66 69407 0 79 69414 0 53 69418 0 74 69420 0 75 69428 0 90 69428 0 91 69428 0 
TIME iteration: 299 ms
Round:131
IR: 0, 0, 0, 0, 0
69431 0 79 69458 0 79 69485 0 74 69489 0 75 69491 0 79 69520 0 53 69539 0 52 69544 0 51 69553 0 54 69560 0 79 69660 0 54 69674 0 66 69675 0 67 69678 0 79 69695 0 74 69696 0 75 69698 0 90 69698 0 91 69698 0 92 69701 0 79 69711 0 51 69727 0 79 69734 0 53 69759 0 79 69787 0 74 69815 0 79 69873 0 51 69880 0 52 69923 0 53 69949 0 
TIME iteration: 298 ms
Round:132
IR: 0, 0, 0, 0, 0
69964 0 51 70017 0 60 70017 0 61 70025 0 76 70042 0 90 70042 0 91 70042 0 92 70049 0 76 70065 0 52 70066 0 53 70076 0 76 70078 0 51 70100 0 68 70102 0 69 70110 0 76 70127 0 54 70215 0 53 70227 0 52 70321 0 51 70332 0 54 70370 0 53 70409 0 52 70417 0 64 70418 0 65 70423 0 51 70426 0 78 70427 0 60 70427 0 61 70431 0 76 70444 0 90 70444 0 91 70444 0 92 70450 0 78 70454 0 76 70457 0 68 70458 0 69 70477 0 78 70480 0 
TIME iteration: 299 ms
Round:133
IR: 0, 0, 0, 0, 0
70493 0 54 70507 0 72 70508 0 73 70512 0 76 70512 0 78 70539 0 51 70550 0 52 70568 0 76 70572 0 90 70572 0 91 70572 0 92 70600 0 53 70618 0 54 70673 0 52 70686 0 51 70735 0 53 70756 0 54 70875 0 53 70888 0 51 70901 0 52 70919 0 64 70921 0 65 70925 0 78 70949 0 78 70950 0 90 70950 0 91 70950 0 92 70957 0 72 70957 0 73 70969 0 54 70976 0 78 71009 0 78 71018 0 
TIME iteration: 298 ms
Round:134
IR: 0, 0, 0, 0, 0
71036 0 53 71075 0 78 71117 0 51 71132 0 54 71170 0 53 71258 0 51 71284 0 52 71299 0 53 71303 0 64 71304 0 65 71308 0 78 71320 0 54 71325 0 72 71325 0 73 71330 0 90 71330 0 91 71330 0 92 71332 0 78 71358 0 78 71391 0 78 71425 0 73 71430 0 51 71437 0 54 71452 0 78 71458 0 53 71474 0 
TIME iteration: 298 ms
Round:135
IR: 0, 0, 0, 0, 0
71569 0 51 71580 0 54 71593 0 52 71682 0 53 71712 0 52 71715 0 62 71715 0 64 71716 0 63 71717 0 65 71721 0 78 71724 0 77 71732 0 51 71737 0 72 71739 0 90 71739 0 91 71739 0 92 71745 0 78 71747 0 73 71748 0 54 71748 0 77 71772 0 78 71775 0 77 71785 0 53 71805 0 78 71807 0 70 71807 0 71 71810 0 77 71863 0 52 71869 0 90 71869 0 91 71869 0 92 71870 0 78 71879 0 51 71933 0 53 71972 0 54 71979 0 52 72057 0 
TIME iteration: 299 ms
Round:136
IR: 0, 0, 0, 0, 0
72083 0 52 72092 0 53 72112 0 54 72160 0 51 72214 0 60 72217 0 61 72224 0 76 72243 0 54 72245 0 90 72245 0 91 72245 0 92 72248 0 76 72259 0 52 72275 0 76 72283 0 53 72296 0 68 72296 0 69 72299 0 51 72310 0 76 72404 0 54 72408 0 52 72415 0 53 72477 0 51 72570 0 
TIME iteration: 307 ms
Round:137
IR: 0, 0, 0, 0, 0
72611 0 51 72614 0 60 72614 0 61 72618 0 76 72625 0 53 72628 0 63 72630 0 62 72637 0 77 72640 0 90 72640 0 91 72640 0 92 72641 0 54 72641 0 76 72642 0 68 72643 0 69 72661 0 77 72667 0 76 72688 0 70 72688 0 77 72689 0 71 72699 0 76 72722 0 77 72742 0 51 72744 0 54 72755 0 76 72766 0 90 72766 0 91 72766 0 92 72770 0 52 72798 0 53 72897 0 54 72907 0 52 72934 0 51 72940 0 53 72996 0 54 73076 0 52 73106 0 53 73133 0 
TIME iteration: 299 ms
Round:138
IR: 0, 0, 0, 0, 0
73157 0 63 73157 0 64 73157 0 65 73165 0 78 73169 0 77 73170 0 62 73177 0 54 73184 0 90 73184 0 91 73184 0 92 73189 0 78 73193 0 77 73200 0 71 73201 0 70 73216 0 78 73220 0 77 73230 0 72 73231 0 73 73235 0 51 73250 0 53 73250 0 78 73253 0 77 73263 0 52 73314 0 90 73314 0 91 73314 0 92 73319 0 77 73372 0 51 73376 0 53 73409 0 52 73413 0 54 73510 0 51 73545 0 52 73549 0 53 73635 0 
TIME iteration: 298 ms
Round:139
IR: 0, 0, 0, 0, 0
73746 0 53 73768 0 51 73771 0 65 73772 0 64 73777 0 52 73778 0 78 73799 0 54 73799 0 62 73799 0 63 73802 0 78 73803 0 90 73803 0 91 73803 0 92 73806 0 77 73813 0 73 73814 0 72 73829 0 78 73830 0 77 73838 0 70 73838 0 71 73857 0 77 73863 0 78 73891 0 77 73920 0 51 73927 0 90 73927 0 91 73927 0 92 73936 0 54 73943 0 52 73944 0 78 74059 0 54 74066 0 52 74073 0 53 74126 0 51 74179 0 
TIME iteration: 298 ms
Round:140
IR: 0, 0, 0, 0, 0
74207 0 53 74258 0 52 74277 0 66 74282 0 51 74297 0 79 74318 0 90 74318 0 91 74318 0 92 74330 0 79 74344 0 54 74396 0 79 74413 0 51 74425 0 52 74537 0 54 74551 0 53 74567 0 52 74608 0 51 74667 0 54 74704 0 66 74706 0 67 74709 0 51 74711 0 79 74718 0 61 74719 0 60 74727 0 53 74727 0 
TIME iteration: 299 ms
Round:141
IR: 0, 0, 0, 0, 0
74734 0 90 74734 0 91 74734 0 92 74735 0 79 74746 0 75 74747 0 74 74751 0 76 74762 0 79 74778 0 76 74785 0 54 74796 0 79 74806 0 69 74811 0 68 74813 0 76 74815 0 51 74863 0 90 74863 0 91 74863 0 92 74878 0 52 74888 0 53 74888 0 54 74953 0 51 75006 0 53 75045 0 52 75059 0 54 75071 0 51 75160 0 54 75193 0 53 75197 0 67 75199 0 66 75204 0 79 75213 0 51 75225 0 52 75225 0 61 75226 0 60 75227 0 90 75227 0 91 75227 0 92 75228 0 75 75228 0 79 75229 0 74 75231 0 76 75255 0 76 75255 0 
TIME iteration: 299 ms
Round:142
IR: 0, 0, 0, 0, 0
75262 0 68 75262 0 69 75282 0 76 75289 0 79 75304 0 54 75315 0 76 75345 0 51 75350 0 90 75350 0 91 75350 0 92 75369 0 53 75382 0 76 75439 0 54 75480 0 52 75533 0 51 75590 0 54 75618 0 53 75651 0 52 75694 0 51 75718 0 53 75749 0 54 75759 0 61 75759 0 65 75760 0 64 75762 0 60 75765 0 66 75765 0 67 75767 0 76 75768 0 78 75771 0 79 75785 0 90 75785 0 91 75785 0 
TIME iteration: 299 ms
Round:143
IR: 0, 0, 0, 0, 0
75791 0 76 75792 0 78 75793 0 68 75793 0 69 75795 0 79 75799 0 75 75800 0 74 75809 0 51 75818 0 52 75818 0 76 75819 0 78 75822 0 79 75834 0 53 75840 0 72 75848 0 73 75852 0 76 75854 0 78 75856 0 79 75902 0 90 75902 0 91 75902 0 92 75907 0 54 75933 0 76 75947 0 51 75963 0 52 76013 0 53 76079 0 54 76116 0 51 76168 0 53 76184 0 52 76289 0 51 76309 0 54 76311 0 
TIME iteration: 299 ms
Round:144
IR: 0, 0, 0, 0, 0
76323 0 60 76324 0 61 76330 0 76 76334 0 63 76335 0 62 76343 0 77 76354 0 76 76354 0 90 76354 0 91 76354 0 92 76357 0 69 76358 0 68 76367 0 77 76368 0 53 76381 0 76 76394 0 77 76415 0 76 76423 0 71 76427 0 70 76429 0 77 76449 0 52 76478 0 51 76485 0 90 76485 0 91 76485 0 92 76496 0 76 76502 0 53 76509 0 54 76611 0 52 76640 0 54 76645 0 51 76688 0 53 76717 0 52 76743 0 54 76802 0 67 76804 0 66 76805 0 53 76812 0 79 76832 0 90 76832 0 91 76832 0 92 76836 0 79 76838 0 
TIME iteration: 299 ms
Round:145
IR: 0, 0, 0, 0, 0
76863 0 79 76864 0 75 76865 0 74 76885 0 52 76898 0 79 76911 0 54 76949 0 53 77017 0 54 77042 0 52 77071 0 51 77140 0 53 77151 0 54 77153 0 66 77153 0 67 77157 0 79 77176 0 74 77176 0 75 77178 0 90 77178 0 91 77178 0 92 77181 0 52 77181 0 79 77207 0 79 77240 0 79 77254 0 54 77272 0 51 77302 0 
TIME iteration: 298 ms
Round:146
IR: 0, 0, 0, 0, 0
77386 0 54 77393 0 52 77401 0 53 77445 0 51 77548 0 52 77573 0 51 77579 0 54 77587 0 61 77588 0 60 77589 0 66 77589 0 67 77595 0 79 77596 0 76 77599 0 62 77600 0 63 77608 0 77 77611 0 74 77611 0 75 77612 0 90 77612 0 91 77612 0 92 77615 0 53 77619 0 79 77620 0 76 77632 0 77 77646 0 79 77647 0 76 77657 0 69 77659 0 77 77660 0 68 77668 0 52 77673 0 71 77674 0 70 77680 0 79 77682 0 76 77694 0 77 77708 0 51 77728 0 90 77728 0 91 77728 0 92 77758 0 54 77779 0 52 77783 0 53 77849 0 
TIME iteration: 299 ms
Round:147
IR: 0, 0, 0, 0, 0
77915 0 53 77928 0 52 77989 0 51 78009 0 54 78082 0 53 78098 0 51 78102 0 60 78102 0 61 78107 0 76 78116 0 64 78119 0 65 78126 0 78 78131 0 52 78131 0 76 78131 0 90 78131 0 91 78131 0 92 78138 0 69 78139 0 68 78140 0 54 78150 0 78 78158 0 76 78172 0 53 78177 0 78 78191 0 76 78192 0 51 78204 0 72 78210 0 73 78212 0 78 78255 0 52 78257 0 76 78259 0 90 78259 0 91 78259 0 92 78261 0 54 78281 0 53 78322 0 51 78361 0 52 78387 0 54 78405 0 
TIME iteration: 299 ms
Round:148
IR: 0, 0, 0, 0, 0
78468 0 51 78515 0 52 78544 0 53 78568 0 51 78573 0 54 78589 0 64 78590 0 60 78591 0 61 78591 0 65 78595 0 78 78596 0 76 78615 0 90 78615 0 91 78615 0 92 78619 0 78 78620 0 68 78620 0 69 78620 0 76 78625 0 72 78625 0 73 78639 0 52 78646 0 78 78647 0 76 78679 0 78 78680 0 76 78726 0 51 78729 0 53 78744 0 52 78745 0 78 78746 0 90 78746 0 91 78746 0 92 78747 0 76 78789 0 54 78868 0 53 78879 0 52 78899 0 51 78962 0 
TIME iteration: 299 ms
Round:149
IR: 0, 0, 0, 0, 0
79010 0 54 79019 0 51 79060 0 52 79088 0 53 79093 0 64 79093 0 65 79099 0 78 79122 0 73 79123 0 78 79123 0 90 79123 0 91 79123 0 92 79124 0 72 79150 0 78 79157 0 51 79160 0 54 79184 0 78 79228 0 53 79256 0 54 79260 0 78 79263 0 51 79318 0 52 79349 0 54 79364 0 53 79388 0 51 79394 0 66 79395 0 67 79403 0 79 79419 0 90 79419 0 91 79419 0 92 79427 0 79 79440 0 54 79450 0 52 79454 0 79 79474 0 75 79483 0 74 79489 0 
TIME iteration: 298 ms
Round:150
IR: 0, 0, 0, 0, 0
79545 0 51 79565 0 53 79565 0 54 79568 0 52 79691 0 52 79736 0 63 79738 0 62 79745 0 77 79750 0 53 79762 0 90 79762 0 91 79762 0 92 79769 0 77 79796 0 77 79810 0 54 79826 0 70 79830 0 71 79830 0 77 79833 0 52 79897 0 51 79974 0 52 79991 0 53 79992 0 54 80027 0 62 80028 0 
TIME iteration: 298 ms
Round:151
IR: 0, 0, 0, 0, 0
80030 0 77 80050 0 70 80051 0 71 80051 0 90 80051 0 91 80051 0 92 80053 0 77 80073 0 51 80079 0 77 80111 0 77 80115 0 52 80141 0 53 80151 0 54 80164 0 77 80210 0 51 80234 0 52 80245 0 53 80276 0 54 80369 0 51 80389 0 53 80405 0 64 80405 0 65 80413 0 78 80416 0 52 80423 0 61 80424 0 60 80431 0 62 80431 0 63 80431 0 90 80431 0 91 80431 0 92 80432 0 76 80436 0 77 80437 0 78 80451 0 70 80451 0 71 80456 0 76 80460 0 77 80464 0 78 80477 0 73 80480 0 72 80483 0 76 80487 0 77 80498 0 78 80503 0 51 80503 0 53 80503 0 69 80509 0 68 80518 0 76 80520 0 77 80525 0 52 80536 0 70 80544 0 90 80544 0 91 80544 0 92 80546 0 71 80554 0 
TIME iteration: 299 ms
Round:152
IR: 0, 0, 0, 0, 0
80586 0 77 80615 0 53 80624 0 51 80670 0 52 80686 0 54 80753 0 51 80766 0 53 80783 0 54 80808 0 52 80866 0 66 80873 0 63 80875 0 62 80875 0 67 80879 0 77 80880 0 79 80887 0 54 80896 0 90 80896 0 91 80896 0 92 80903 0 77 80904 0 79 80908 0 70 80908 0 71 80930 0 77 80931 0 79 80947 0 53 80948 0 75 80950 0 74 80963 0 77 80966 0 79 80993 0 51 81004 0 54 81026 0 90 81026 0 91 81026 0 92 81029 0 77 81033 0 52 81051 0 
TIME iteration: 298 ms
Round:153
IR: 0, 0, 0, 0, 0
81165 0 51 81172 0 53 81186 0 52 81283 0 54 81320 0 52 81320 0 53 81378 0 64 81380 0 65 81387 0 78 81389 0 62 81389 0 63 81395 0 77 81409 0 90 81409 0 91 81409 0 92 81411 0 78 81412 0 52 81419 0 77 81421 0 70 81421 0 71 81435 0 51 81438 0 78 81441 0 72 81442 0 73 81446 0 77 81461 0 53 81472 0 78 81480 0 77 81524 0 54 81540 0 90 81540 0 91 81540 0 92 81541 0 51 81556 0 77 81567 0 53 81569 0 
TIME iteration: 305 ms
Round:154
IR: 0, 0, 0, 0, 0
81650 0 51 81710 0 54 81737 0 53 81771 0 51 81786 0 52 81822 0 54 81913 0 66 81919 0 53 81926 0 67 81929 0 51 81929 0 79 81934 0 60 81935 0 61 81943 0 76 81950 0 90 81950 0 91 81950 0 92 81953 0 79 81967 0 76 81980 0 79 81983 0 74 81985 0 75 81994 0 76 81996 0 52 82001 0 54 82011 0 69 82014 0 68 82015 0 79 82029 0 76 82041 0 53 82079 0 90 82079 0 91 82079 0 92 82120 0 51 82129 0 
TIME iteration: 298 ms
Round:155
IR: 0, 0, 0, 0, 0
82168 0 52 82201 0 54 82212 0 51 82246 0 53 82288 0 52 82346 0 54 82376 0 51 82392 0 53 82422 0 64 82422 0 65 82424 0 61 82425 0 60 82430 0 76 82430 0 78 82435 0 54 82444 0 66 82444 0 67 82448 0 90 82448 0 91 82448 0 92 82450 0 79 82454 0 76 82454 0 78 82459 0 69 82461 0 68 82467 0 52 82474 0 79 82479 0 51 82480 0 75 82481 0 74 82481 0 76 82481 0 78 82485 0 72 82487 0 73 82501 0 79 82509 0 53 82514 0 76 82515 0 78 82535 0 79 82545 0 54 82563 0 90 82563 0 91 82563 0 92 82581 0 76 82621 0 51 82638 0 52 82654 0 
TIME iteration: 299 ms
Round:156
IR: 0, 0, 0, 0, 0
82685 0 54 82742 0 53 82755 0 52 82776 0 51 82810 0 54 82858 0 53 82872 0 64 82872 0 65 82877 0 78 82882 0 51 82888 0 52 82900 0 90 82900 0 91 82900 0 92 82901 0 78 82903 0 72 82903 0 73 82916 0 54 82928 0 78 82961 0 78 83022 0 51 83027 0 78 83034 0 52 83051 0 53 83081 0 54 83176 0 
TIME iteration: 298 ms
Round:157
IR: 0, 0, 0, 0, 0
83216 0 53 83226 0 54 83271 0 64 83271 0 65 83271 0 66 83271 0 67 83276 0 78 83279 0 79 83280 0 51 83293 0 73 83294 0 72 83294 0 90 83294 0 91 83294 0 92 83300 0 78 83303 0 79 83320 0 75 83322 0 74 83327 0 78 83330 0 79 83360 0 78 83363 0 53 83365 0 79 83392 0 54 83397 0 52 83422 0 51 83424 0 90 83424 0 91 83424 0 92 83426 0 78 83479 0 53 83553 0 54 83571 0 52 83616 0 53 83623 0 51 83717 0 54 83737 0 
TIME iteration: 298 ms
Round:158
IR: 0, 0, 0, 0, 0
83752 0 53 83759 0 51 83780 0 64 83780 0 65 83786 0 78 83807 0 73 83809 0 72 83810 0 78 83810 0 90 83810 0 91 83810 0 92 83837 0 78 83856 0 54 83863 0 51 83871 0 78 83886 0 53 83907 0 52 83947 0 78 84002 0 51 84003 0 54 84039 0 52 84039 0 53 84172 0 51 84199 0 60 84201 0 61 84208 0 76 84227 0 90 84227 0 91 84227 0 92 84232 0 76 84242 0 54 84259 0 
TIME iteration: 298 ms
Round:159
IR: 0, 0, 0, 0, 0
84271 0 52 84284 0 68 84284 0 69 84293 0 76 84299 0 51 84325 0 53 84376 0 52 84398 0 54 84447 0 53 84468 0 51 84530 0 61 84533 0 60 84534 0 76 84555 0 68 84556 0 69 84556 0 90 84556 0 91 84556 0 92 84557 0 76 84578 0 52 84583 0 76 84589 0 54 84615 0 76 84617 0 53 84637 0 51 84668 0 76 84720 0 52 84743 0 53 84743 0 54 84787 0 
TIME iteration: 298 ms
Round:160
IR: 0, 0, 0, 0, 0
84856 0 53 84881 0 64 84882 0 65 84889 0 78 84899 0 52 84907 0 90 84907 0 91 84907 0 92 84913 0 78 84926 0 54 84940 0 78 84944 0 72 84944 0 73 84961 0 51 84974 0 78 85004 0 53 85042 0 52 85078 0 54 85123 0 51 85190 0 53 85212 0 52 85240 0 54 85252 0 64 85252 0 65 85256 0 78 85277 0 72 85277 0 73 85278 0 90 85278 0 91 85278 0 92 85279 0 78 85282 0 51 85305 0 78 85328 0 
TIME iteration: 299 ms
Round:161
IR: 0, 0, 0, 0, 0
85337 0 78 85392 0 52 85393 0 78 85442 0 51 85485 0 54 85504 0 53 85523 0 52 85626 0 51 85649 0 54 85674 0 52 85684 0 62 85684 0 63 85692 0 77 85693 0 61 85696 0 60 85703 0 76 85711 0 90 85711 0 91 85711 0 92 85716 0 77 85727 0 76 85738 0 53 85743 0 77 85754 0 76 85758 0 68 85760 0 69 85776 0 51 85777 0 77 85780 0 70 85785 0 71 85786 0 54 85789 0 76 85826 0 52 85839 0 90 85839 0 91 85839 0 
TIME iteration: 298 ms
Round:162
IR: 0, 0, 0, 0, 0
85889 0 53 85914 0 54 85917 0 51 85948 0 52 86000 0 53 86032 0 51 86065 0 52 86125 0 54 86168 0 53 86185 0 51 86204 0 61 86205 0 60 86208 0 64 86208 0 65 86210 0 76 86216 0 78 86226 0 52 86231 0 63 86231 0 90 86231 0 91 86231 0 92 86234 0 76 86240 0 68 86240 0 78 86242 0 69 86243 0 77 86261 0 76 86264 0 72 86264 0 73 86267 0 78 86273 0 77 86294 0 76 86295 0 51 86295 0 53 86301 0 78 86318 0 77 86333 0 54 86350 0 90 86350 0 91 86350 0 92 86361 0 76 86381 0 51 86383 0 
TIME iteration: 299 ms
Round:163
IR: 0, 0, 0, 0, 0
86519 0 52 86525 0 51 86550 0 54 86561 0 53 86615 0 51 86652 0 60 86652 0 61 86657 0 76 86678 0 68 86680 0 69 86680 0 90 86680 0 91 86680 0 92 86681 0 76 86687 0 52 86708 0 76 86741 0 76 86742 0 54 86744 0 51 86807 0 76 86812 0 53 86878 0 51 86878 0 54 86883 0 
TIME iteration: 298 ms
Round:164
IR: 0, 0, 0, 0, 0
86992 0 51 87002 0 60 87002 0 61 87006 0 76 87009 0 52 87019 0 68 87019 0 69 87027 0 90 87027 0 91 87027 0 92 87029 0 76 87033 0 54 87055 0 76 87087 0 76 87090 0 69 87092 0 68 87122 0 52 87124 0 51 87143 0 76 87154 0 53 87179 0 54 87261 0 52 87264 0 51 87282 0 61 87283 0 60 87286 0 76 87304 0 68 87304 0 69 87306 0 90 87306 0 91 87306 0 92 87309 0 76 87335 0 76 87340 0 53 87349 0 54 87367 0 76 87393 0 52 87397 0 68 87415 0 51 87422 0 
TIME iteration: 299 ms
Round:165
IR: 0, 0, 0, 0, 0
87471 0 54 87493 0 53 87534 0 52 87572 0 51 87604 0 61 87607 0 60 87609 0 76 87619 0 69 87630 0 90 87630 0 91 87630 0 92 87631 0 68 87632 0 76 87658 0 76 87659 0 52 87679 0 69 87686 0 51 87690 0 76 87722 0 53 87722 0 54 87745 0 76 87846 0 52 87847 0 54 87878 0 53 87944 0 51 87973 0 
TIME iteration: 298 ms
Round:166
IR: 0, 0, 0, 0, 0
87990 0 66 87990 0 67 87999 0 79 88009 0 53 88016 0 90 88016 0 91 88016 0 92 88023 0 79 88050 0 79 88052 0 52 88082 0 74 88085 0 79 88096 0 75 88134 0 54 88185 0 53 88204 0 51 88261 0 52 88295 0 51 88308 0 54 88338 0 66 88338 0 67 88342 0 79 88363 0 74 88363 0 90 88363 0 91 88363 0 92 88364 0 75 88366 0 79 88380 0 53 88383 0 52 88392 0 79 88404 0 51 88425 0 79 88452 0 54 88489 0 79 88501 0 
TIME iteration: 298 ms
Round:167
IR: 0, 0, 0, 0, 0
88555 0 54 88605 0 51 88618 0 53 88680 0 52 88701 0 54 88706 0 66 88706 0 67 88711 0 79 88724 0 75 88725 0 74 88728 0 51 88731 0 90 88731 0 91 88731 0 92 88735 0 79 88759 0 53 88762 0 79 88792 0 52 88795 0 79 88799 0 75 88801 0 74 88815 0 54 88870 0 79 88871 0 51 88895 0 52 88903 0 53 88949 0 54 88968 0 66 88969 0 67 88972 0 79 88988 0 74 88989 0 75 88992 0 90 88992 0 91 88992 0 92 88995 0 79 89021 0 79 89034 0 52 89035 0 
TIME iteration: 299 ms
Round:168
IR: 0, 0, 0, 0, 0
89053 0 79 89069 0 74 89077 0 53 89096 0 75 89104 0 54 89110 0 79 89148 0 51 89162 0 52 89271 0 53 89272 0 51 89307 0 52 89311 0 61 89312 0 60 89320 0 76 89326 0 54 89336 0 90 89336 0 91 89336 0 92 89344 0 76 89371 0 76 89390 0 69 89392 0 68 89401 0 51 89404 0 53 89406 0 76 89493 0 54 89531 0 
TIME iteration: 298 ms
Round:169
IR: 0, 0, 0, 0, 0
89574 0 51 89626 0 54 89651 0 61 89655 0 60 89656 0 76 89678 0 53 89678 0 68 89678 0 69 89678 0 90 89678 0 91 89678 0 92 89679 0 76 89695 0 52 89705 0 76 89737 0 76 89780 0 54 89791 0 76 89800 0 51 89811 0 52 89828 0 53 89886 0 54 89940 0 52 89968 0 53 90006 0 62 90009 0 63 90016 0 77 90018 0 51 90033 0 54 90033 0 90 90033 0 91 90033 0 92 90040 0 77 90067 0 77 90069 0 52 90099 0 
TIME iteration: 298 ms
Round:170
IR: 0, 0, 0, 0, 0
90102 0 77 90103 0 53 90106 0 71 90159 0 51 90187 0 52 90210 0 53 90215 0 54 90292 0 51 90343 0 54 90354 0 53 90375 0 64 90376 0 65 90384 0 78 90397 0 52 90401 0 90 90401 0 91 90401 0 92 90408 0 78 90435 0 78 90446 0 51 90470 0 54 90470 0 78 90474 0 73 90478 0 72 90486 0 53 90566 0 52 90568 0 54 90613 0 
TIME iteration: 306 ms
Round:171
IR: 0, 0, 0, 0, 0
90642 0 51 90649 0 64 90649 0 65 90651 0 78 90669 0 72 90670 0 73 90673 0 90 90673 0 91 90673 0 92 90674 0 78 90700 0 78 90714 0 52 90731 0 78 90748 0 72 90764 0 54 90767 0 53 90778 0 51 90782 0 78 90795 0 52 90889 0 52 90915 0 51 90936 0 63 90939 0 62 90945 0 77 90954 0 53 90961 0 90 90961 0 91 90961 0 92 90969 0 77 90996 0 77 90998 0 71 90999 0 70 91007 0 54 91020 0 52 91030 0 
TIME iteration: 298 ms
Round:172
IR: 0, 0, 0, 0, 0
91168 0 52 91176 0 54 91191 0 51 91209 0 53 91299 0 51 91309 0 53 91349 0 54 91353 0 52 91358 0 64 91358 0 65 91361 0 62 91362 0 63 91365 0 78 91366 0 77 91367 0 60 91369 0 61 91376 0 76 91383 0 66 91383 0 90 91383 0 91 91383 0 92 91389 0 78 91390 0 70 91390 0 71 91390 0 77 91400 0 76 91401 0 73 91403 0 79 91409 0 72 91416 0 77 91416 0 78 91427 0 76 91434 0 51 91436 0 79 91449 0 69 91449 0 77 91450 0 68 91450 0 78 91461 0 52 91461 0 76 91495 0 53 91496 0 90 91496 0 91 91496 0 92 91504 0 79 91510 0 77 91515 0 51 91563 0 54 91626 0 52 91629 0 51 91657 0 
TIME iteration: 299 ms
Round:173
IR: 0, 0, 0, 0, 0
91736 0 53 91759 0 54 91791 0 66 91791 0 67 91793 0 52 91797 0 79 91818 0 90 91818 0 91 91818 0 92 91821 0 79 91832 0 74 91832 0 75 91848 0 79 91849 0 54 91882 0 79 91883 0 51 91891 0 53 91939 0 52 91983 0 51 92003 0 54 92085 0 52 92101 0 51 92113 0 54 92128 0 67 92129 0 61 92129 0 66 92130 0 60 92131 0 53 92132 0 79 92137 0 76 92147 0 74 92148 0 75 92152 0 90 92152 0 91 92152 0 92 92155 0 79 92161 0 76 92180 0 69 92181 0 68 92181 0 79 92188 0 76 92208 0 52 92213 0 
TIME iteration: 299 ms
Round:174
IR: 0, 0, 0, 0, 0
92222 0 76 92223 0 74 92226 0 75 92259 0 54 92270 0 79 92279 0 53 92282 0 90 92282 0 91 92282 0 92 92331 0 52 92340 0 51 92395 0 54 92442 0 53 92480 0 52 92518 0 54 92553 0 53 92568 0 51 92624 0 54 92628 0 66 92628 0 67 92632 0 64 92634 0 79 92637 0 65 92643 0 78 92656 0 90 92656 0 91 92656 0 92 92658 0 79 92665 0 52 92665 0 75 92666 0 74 92667 0 78 92685 0 79 92686 0 53 92694 0 78 92705 0 73 92707 0 72 92719 0 79 92729 0 
TIME iteration: 298 ms
Round:175
IR: 0, 0, 0, 0, 0
92787 0 54 92787 0 90 92787 0 91 92787 0 92 92835 0 52 92860 0 51 92890 0 53 92938 0 54 92973 0 52 93051 0 54 93056 0 53 93108 0 51 93132 0 66 93135 0 67 93139 0 79 93150 0 52 93163 0 79 93163 0 90 93163 0 91 93163 0 92 93164 0 74 93165 0 75 93178 0 54 93190 0 79 93212 0 53 93224 0 79 93277 0 
TIME iteration: 298 ms
Round:176
IR: 0, 0, 0, 0, 0
93323 0 54 93358 0 53 93395 0 52 93419 0 51 93472 0 53 93495 0 54 93500 0 65 93501 0 64 93508 0 78 93526 0 90 93526 0 91 93526 0 92 93532 0 78 93538 0 52 93556 0 72 93558 0 73 93559 0 78 93566 0 51 93593 0 78 93600 0 53 93666 0 51 93675 0 52 93689 0 54 93716 0 53 93757 0 51 93781 0 52 93798 0 60 93798 0 61 93806 0 
TIME iteration: 298 ms
Round:177
IR: 0, 0, 0, 0, 0
93822 0 90 93822 0 91 93822 0 92 93830 0 76 93849 0 54 93857 0 76 93872 0 53 93878 0 68 93885 0 69 93891 0 52 93891 0 76 93956 0 51 94003 0 53 94003 0 54 94028 0 52 94098 0 53 94106 0 51 94128 0 54 94128 0 64 94128 0 65 94134 0 78 94137 0 60 94138 0 61 94141 0 76 94153 0 90 94153 0 91 94153 0 92 94158 0 78 94163 0 68 94163 0 69 94164 0 76 94169 0 72 94170 0 73 94185 0 78 94190 0 76 94215 0 53 94219 0 78 94222 0 76 94246 0 54 94248 0 52 94277 0 76 94280 0 90 94280 0 91 94280 0 92 94283 0 51 94295 0 78 94323 0 
TIME iteration: 299 ms
Round:178
IR: 0, 0, 0, 0, 0
94389 0 54 94417 0 51 94442 0 52 94535 0 53 94574 0 52 94609 0 54 94637 0 51 94748 0 52 94754 0 63 94755 0 62 94756 0 53 94763 0 77 94765 0 54 94776 0 66 94777 0 67 94780 0 51 94783 0 60 94783 0 61 94785 0 79 94786 0 90 94786 0 91 94786 0 92 94787 0 77 94790 0 76 94809 0 79 94814 0 76 94814 0 77 94820 0 68 94823 0 69 94836 0 79 94841 0 76 94846 0 71 94849 0 70 94849 0 77 94858 0 75 94859 0 
TIME iteration: 298 ms
Round:179
IR: 0, 0, 0, 0, 0
94871 0 79 94875 0 76 94897 0 51 94900 0 90 94900 0 91 94900 0 92 94911 0 52 94915 0 54 95008 0 53 95046 0 51 95070 0 54 95132 0 53 95155 0 52 95233 0 54 95246 0 51 95282 0 67 95285 0 66 95288 0 53 95289 0 79 95305 0 64 95305 0 65 95313 0 78 95313 0 79 95313 0 90 95313 0 91 95313 0 92 95319 0 74 95320 0 75 95337 0 78 95340 0 79 95364 0 78 95370 0 72 95372 0 73 95374 0 79 95386 0 52 95389 0 51 95398 0 
TIME iteration: 298 ms
Round:180
IR: 0, 0, 0, 0, 0
95422 0 54 95431 0 53 95438 0 90 95438 0 91 95438 0 92 95545 0 51 95547 0 52 95599 0 53 95600 0 54 95708 0 51 95756 0 54 95767 0 52 95797 0 53 95861 0 67 95874 0 64 95875 0 79 95876 0 52 95881 0 54 95882 0 65 95882 0 66 95884 0 78 95886 0 63 95887 0 62 95894 0 77 95898 0 79 95899 0 90 95899 0 91 95899 0 92 95901 0 51 95908 0 78 95909 0 75 95910 0 74 95916 0 72 95918 0 77 95919 0 73 95924 0 
TIME iteration: 298 ms
Round:181
IR: 0, 0, 0, 0, 0
95935 0 78 95945 0 77 95950 0 53 95954 0 71 95956 0 79 95957 0 70 95968 0 78 95979 0 77 95983 0 52 95995 0 54 96013 0 79 96015 0 90 96015 0 91 96015 0 92 96037 0 78 96064 0 53 96126 0 52 96128 0 54 96143 0 51 96198 0 53 96277 0 52 96296 0 51 96331 0 54 96355 0 53 96387 0 64 96388 0 65 96394 0 78 96417 0 90 96417 0 91 96417 0 92 96418 0 78 96419 0 72 96420 0 73 96421 0 51 96428 0 52 96445 0 78 96454 0 53 96459 0 
TIME iteration: 298 ms
Round:182
IR: 0, 0, 0, 0, 0
96479 0 78 96536 0 51 96560 0 78 96575 0 52 96586 0 53 96610 0 54 96719 0 52 96720 0 51 96720 0 54 96746 0 53 96751 0 66 96751 0 67 96759 0 79 96767 0 64 96767 0 65 96772 0 78 96777 0 90 96777 0 91 96777 0 92 96783 0 79 96787 0 73 96788 0 72 96796 0 78 96805 0 74 96805 0 75 96810 0 79 96823 0 78 96834 0 52 96844 0 79 96850 0 53 96856 0 78 96871 0 73 96886 0 72 96892 0 51 96902 0 90 96902 0 91 96902 0 92 96921 0 78 96956 0 53 96981 0 
TIME iteration: 298 ms
Round:183
IR: 0, 0, 0, 0, 0
97066 0 51 97077 0 53 97121 0 54 97172 0 51 97175 0 52 97220 0 54 97240 0 53 97240 0 67 97241 0 66 97246 0 79 97260 0 64 97261 0 65 97263 0 60 97266 0 78 97270 0 79 97270 0 90 97270 0 91 97270 0 92 97273 0 75 97274 0 74 97276 0 51 97281 0 76 97290 0 78 97297 0 72 97297 0 73 97297 0 79 97313 0 76 97317 0 78 97321 0 52 97331 0 79 97346 0 54 97350 0 78 97368 0 76 97388 0 90 97388 0 91 97388 0 92 97397 0 53 97405 0 51 97417 0 78 97420 0 52 97513 0 
TIME iteration: 299 ms
Round:184
IR: 0, 0, 0, 0, 0
97558 0 51 97584 0 53 97660 0 54 97678 0 52 97718 0 51 97776 0 60 97778 0 61 97783 0 76 97807 0 76 97807 0 90 97807 0 91 97807 0 92 97824 0 68 97824 0 69 97834 0 76 97867 0 52 97868 0 76 97870 0 54 97875 0 51 97892 0 53 97944 0 76 97997 0 51 97997 0 53 98012 0 54 98013 0 
TIME iteration: 299 ms
Round:185
IR: 0, 0, 0, 0, 0
98128 0 53 98129 0 51 98136 0 60 98137 0 61 98140 0 54 98141 0 76 98148 0 64 98148 0 65 98156 0 78 98158 0 68 98159 0 69 98162 0 90 98162 0 91 98162 0 92 98165 0 76 98180 0 78 98191 0 76 98202 0 72 98202 0 73 98205 0 52 98207 0 78 98224 0 76 98241 0 78 98262 0 54 98265 0 51 98277 0 53 98285 0 76 98289 0 90 98289 0 91 98289 0 92 98314 0 52 98386 0 51 98392 0 54 98423 0 53 98447 0 52 98566 0 51 98576 0 
TIME iteration: 299 ms
Round:186
IR: 0, 0, 0, 0, 0
98603 0 53 98626 0 62 98628 0 63 98635 0 77 98653 0 54 98656 0 90 98656 0 91 98656 0 92 98659 0 77 98686 0 77 98690 0 51 98720 0 71 98720 0 77 98727 0 52 98733 0 70 98751 0 53 98812 0 51 98845 0 52 98851 0 54 98864 0 53 98896 0 63 98899 0 62 98899 0 77 98918 0 71 98919 0 70 98921 0 90 98921 0 91 98921 0 92 98922 0 77 98948 0 77 98963 0 52 98979 0 77 98988 0 51 98988 0 53 99003 0 70 99004 0 71 99029 0 
TIME iteration: 299 ms
Round:187
IR: 0, 0, 0, 0, 0
99116 0 52 99150 0 54 99151 0 62 99151 0 63 99154 0 77 99171 0 70 99171 0 71 99174 0 90 99174 0 91 99174 0 92 99177 0 77 99182 0 51 99203 0 77 99232 0 52 99235 0 77 99249 0 70 99252 0 71 99289 0 77 99290 0 54 99294 0 51 99305 0 53 99377 0 52 99405 0 62 99407 0 63 99409 0 77 99426 0 70 99426 0 71 99429 0 90 99429 0 91 99429 0 92 99432 0 77 99436 0 51 99458 0 77 99485 0 54 99490 0 77 99506 0 70 99507 0 71 99544 0 77 99545 0 52 99554 0 53 99607 0 
TIME iteration: 308 ms
Round:188
IR: 0, 0, 0, 0, 0
99672 0 52 99684 0 62 99685 0 63 99688 0 77 99700 0 54 99706 0 71 99707 0 70 99708 0 90 99708 0 91 99708 0 92 99711 0 77 99737 0 53 99737 0 77 99764 0 52 99769 0 77 99771 0 51 99800 0 71 99824 0 77 99865 0 53 99881 0 54 99886 0 52 99943 0 63 99947 0 62 99948 0 77 99954 0 70 99964 0 53 99965 0 71 99968 0 90 99968 0 91 99968 0 92 99971 0 77 99993 0 52 99997 0 77 100008 0 70 100029 0 77 100051 0 71 100074 0 54 100078 0 51 100083 0 77 100084 0 53 100090 0 
TIME iteration: 299 ms
Round:189
IR: 0, 0, 0, 0, 0
100212 0 52 100215 0 62 100215 0 63 100218 0 77 100233 0 70 100237 0 71 100238 0 90 100238 0 91 100238 0 92 100241 0 77 100258 0 53 100266 0 51 100267 0 77 100299 0 77 100308 0 70 100353 0 52 100353 0 77 100376 0 54 100408 0 51 100455 0 53 100496 0 54 100513 0 52 100545 0 62 100545 0 63 100549 0 77 100559 0 71 100570 0 70 100570 0 90 100570 0 91 100570 0 92 100572 0 77 100573 0 51 100598 0 77 100622 0 71 100630 0 77 100636 0 54 100646 0 53 100651 0 52 100686 0 
TIME iteration: 299 ms
Round:190
IR: 0, 0, 0, 0, 0
100781 0 54 100785 0 53 100796 0 51 100797 0 52 100861 0 63 100862 0 62 100865 0 77 100876 0 70 100885 0 71 100886 0 90 100886 0 91 100886 0 92 100888 0 77 100914 0 77 100942 0 70 100943 0 54 100946 0 77 100999 0 53 101001 0 77 101027 0 52 101058 0 51 101092 0 54 101126 0 53 101156 0 52 101193 0 63 101194 0 62 101198 0 77 101209 0 71 101218 0 70 101218 0 90 101218 0 91 101218 0 92 101222 0 
TIME iteration: 298 ms
Round:191
IR: 0, 0, 0, 0, 0
101243 0 53 101248 0 77 101252 0 51 101276 0 71 101277 0 54 101281 0 77 101293 0 52 101328 0 53 101342 0 77 101413 0 54 101415 0 52 101440 0 51 101483 0 62 101484 0 63 101487 0 77 101489 0 53 101495 0 70 101504 0 71 101507 0 90 101507 0 91 101507 0 92 101510 0 77 101515 0 54 101536 0 77 101553 0 70 101568 0 77 101581 0 51 101590 0 71 101603 0 52 101623 0 77 101633 0 54 101722 0 
TIME iteration: 299 ms
Round:192
IR: 0, 0, 0, 0, 0
101771 0 52 101776 0 51 101799 0 62 101800 0 63 101803 0 77 101821 0 70 101824 0 71 101824 0 90 101824 0 91 101824 0 92 101826 0 77 101848 0 54 101852 0 77 101884 0 77 101910 0 70 101931 0 51 101939 0 77 101957 0 52 101998 0 53 102000 0 54 102102 0 51 102158 0 54 102169 0 52 102182 0 53 102204 0 62 102205 0 63 102205 0 67 102206 0 66 102209 0 77 102214 0 51 102214 0 79 102223 0 61 102224 0 60 102225 0 71 102228 0 90 102228 0 91 102228 0 92 102232 0 76 102233 0 77 102235 0 70 102238 0 79 102256 0 76 102259 0 77 102265 0 79 102283 0 
TIME iteration: 299 ms
Round:193
IR: 0, 0, 0, 0, 0
102292 0 77 102300 0 79 102306 0 74 102307 0 75 102316 0 69 102318 0 68 102318 0 71 102318 0 76 102338 0 54 102343 0 90 102343 0 91 102343 0 92 102351 0 52 102353 0 77 102365 0 53 102377 0 51 102479 0 52 102492 0 53 102494 0 51 102541 0 54 102686 0 52 102692 0 54 102716 0 53 102719 0 51 102743 0 66 102746 0 67 102751 0 79 102765 0 63 102766 0 61 102768 0 60 102773 0 62 102773 0 76 102774 0 90 102774 0 91 102774 0 92 102775 0 79 102776 0 77 102784 0 74 102785 0 75 102797 0 76 102800 0 77 102802 0 79 102804 0 70 102806 0 69 102807 0 68 102812 0 
TIME iteration: 299 ms
Round:194
IR: 0, 0, 0, 0, 0
102824 0 76 102827 0 77 102836 0 79 102850 0 52 102858 0 76 102861 0 77 102867 0 53 102885 0 51 102888 0 90 102888 0 91 102888 0 92 102906 0 54 102934 0 76 103031 0 54 103034 0 52 103044 0 51 103061 0 53 103127 0 52 103170 0 54 103179 0 51 103223 0 52 103226 0 62 103227 0 63 103231 0 77 103238 0 66 103239 0 67 103244 0 79 103253 0 61 103253 0 70 103255 0 71 103255 0 77 103255 0 90 103255 0 91 103255 0 92 103265 0 76 103268 0 79 103270 0 74 103270 0 75 103281 0 77 103287 0 53 103295 0 76 103295 0 79 103314 0 77 103323 0 51 103329 0 79 103340 0 
TIME iteration: 299 ms
Round:195
IR: 0, 0, 0, 0, 0
103372 0 52 103372 0 54 103374 0 90 103374 0 91 103374 0 92 103375 0 77 103469 0 53 103471 0 52 103514 0 51 103528 0 54 103621 0 52 103657 0 53 103664 0 54 103698 0 51 103737 0 52 103744 0 62 103744 0 63 103750 0 66 103750 0 77 103751 0 67 103756 0 79 103772 0 90 103772 0 91 103772 0 92 103773 0 70 103774 0 71 103774 0 77 103780 0 79 103781 0 74 103781 0 75 103801 0 77 103804 0 54 103807 0 79 103822 0 53 103835 0 77 103840 0 79 103864 0 
TIME iteration: 298 ms
Round:196
IR: 0, 0, 0, 0, 0
103903 0 90 103903 0 91 103903 0 92 103911 0 77 103914 0 51 103937 0 53 103946 0 54 104019 0 52 104028 0 51 104122 0 53 104132 0 51 104140 0 54 104238 0 52 104250 0 54 104279 0 67 104280 0 53 104281 0 51 104281 0 66 104283 0 60 104284 0 61 104286 0 79 104291 0 76 104307 0 90 104307 0 91 104307 0 92 104310 0 79 104311 0 75 104313 0 74 104315 0 76 104337 0 79 104342 0 76 104348 0 68 104348 0 69 104367 0 52 104371 0 79 104376 0 76 104383 0 54 104401 0 
TIME iteration: 298 ms
Round:197
IR: 0, 0, 0, 0, 0
104439 0 90 104439 0 91 104439 0 92 104455 0 53 104512 0 51 104547 0 54 104618 0 51 104646 0 53 104656 0 52 104710 0 54 104732 0 51 104749 0 60 104749 0 61 104754 0 76 104778 0 76 104778 0 90 104778 0 91 104778 0 92 104782 0 68 104782 0 69 104796 0 53 104805 0 76 104838 0 76 104852 0 54 104876 0 51 104899 0 53 104900 0 52 104904 0 
TIME iteration: 298 ms
Round:198
IR: 0, 0, 0, 0, 0
104951 0 54 105027 0 53 105032 0 51 105077 0 54 105089 0 52 105096 0 67 105097 0 66 105098 0 64 105098 0 65 105104 0 79 105106 0 78 105120 0 90 105120 0 91 105120 0 92 105126 0 51 105128 0 79 105130 0 78 105134 0 53 105148 0 75 105149 0 74 105155 0 79 105157 0 78 105188 0 72 105189 0 79 105191 0 78 105193 0 73 105232 0 52 105250 0 90 105250 0 91 105250 0 92 105257 0 51 105373 0 52 105382 0 54 105428 0 
TIME iteration: 298 ms
Round:199
IR: 0, 0, 0, 0, 0
105534 0 51 105536 0 54 105544 0 52 105558 0 53 105653 0 52 105658 0 62 105658 0 63 105659 0 54 105666 0 77 105668 0 67 105669 0 66 105671 0 53 105672 0 64 105673 0 65 105675 0 79 105678 0 78 105688 0 90 105688 0 91 105688 0 92 105690 0 77 105699 0 79 105702 0 78 105706 0 75 105707 0 74 105712 0 73 105715 0 72 105717 0 77 105726 0 79 105729 0 78 105742 0 71 105745 0 70 105751 0 77 105760 0 79 105762 0 78 105774 0 53 105775 0 51 105805 0 90 105805 0 91 105805 0 92 105821 0 54 105829 0 78 105871 0 52 105919 0 51 105925 0 53 105962 0 
TIME iteration: 299 ms
