Round:0
IR: 0, 0, 0, 0, 0
369 0 53 376 0 51 380 0 52 494 0 51 503 0 54 510 0 61 511 0 60 519 0 
TIME iteration: 431 ms
Round:1
IR: 0, 0, 0, 0, 0
531 0 53 543 0 76 550 0 64 550 0 65 551 0 90 551 0 91 551 0 92 558 0 78 570 0 76 582 0 78 605 0 76 609 0 78 643 0 78 651 0 51 659 0 54 676 0 90 676 0 91 676 0 92 681 0 52 695 0 53 800 0 54 827 0 52 837 0 53 838 0 51 970 0 54 973 0 52 983 0 
TIME iteration: 299 ms
Round:2
IR: 0, 0, 0, 0, 0
1060 0 63 1072 0 53 1075 0 62 1077 0 77 1078 0 52 1098 0 63 1098 0 90 1098 0 91 1098 0 92 1100 0 77 1118 0 70 1118 0 71 1123 0 77 1128 0 51 1149 0 77 1180 0 77 1188 0 70 1192 0 71 1203 0 54 1228 0 77 1236 0 53 1239 0 90 1239 0 91 1239 0 92 1267 0 52 1310 0 51 1338 0 54 1389 0 52 1432 0 53 1466 0 51 1476 0 54 1558 0 
TIME iteration: 299 ms
Round:3
IR: 0, 0, 0, 0, 0
1591 0 51 1605 0 54 1612 0 61 1613 0 60 1616 0 52 1617 0 66 1617 0 67 1620 0 76 1624 0 64 1624 0 65 1626 0 79 1632 0 78 1640 0 90 1640 0 91 1640 0 92 1644 0 76 1650 0 79 1656 0 78 1671 0 76 1674 0 69 1675 0 68 1677 0 79 1683 0 78 1686 0 72 1686 0 73 1696 0 53 1704 0 51 1705 0 76 1707 0 75 1712 0 74 1712 0 79 1717 0 78 1718 0 54 1753 0 52 1757 0 90 1757 0 91 1757 0 92 1830 0 53 1854 0 51 1887 0 54 1953 0 52 1965 0 53 1970 0 51 2018 0 54 2066 0 52 2106 0 51 2118 0 60 2118 0 
TIME iteration: 300 ms
Round:4
IR: 0, 0, 0, 0, 0
2123 0 76 2127 0 62 2132 0 63 2137 0 77 2147 0 76 2147 0 90 2147 0 91 2147 0 92 2153 0 68 2153 0 69 2161 0 77 2171 0 54 2174 0 76 2188 0 77 2192 0 70 2196 0 71 2207 0 52 2207 0 76 2217 0 53 2218 0 51 2222 0 77 2273 0 76 2277 0 90 2277 0 91 2277 0 92 2353 0 52 2380 0 54 2388 0 53 2419 0 51 2487 0 53 2508 0 52 2527 0 51 2543 0 54 2627 0 53 2640 0 64 2640 0 65 2648 0 
TIME iteration: 299 ms
Round:5
IR: 0, 0, 0, 0, 0
2651 0 54 2665 0 66 2665 0 67 2670 0 90 2670 0 91 2670 0 92 2672 0 78 2673 0 79 2697 0 79 2699 0 78 2703 0 73 2704 0 72 2709 0 51 2724 0 79 2729 0 52 2730 0 74 2732 0 75 2733 0 78 2759 0 53 2759 0 79 2794 0 90 2794 0 91 2794 0 92 2823 0 54 2888 0 53 2890 0 51 2892 0 52 3042 0 53 3056 0 54 3066 0 52 3067 0 
TIME iteration: 299 ms
Round:6
IR: 0, 0, 0, 0, 0
3190 0 53 3201 0 65 3202 0 64 3207 0 78 3210 0 51 3225 0 61 3226 0 60 3227 0 54 3231 0 78 3232 0 90 3232 0 91 3232 0 92 3233 0 76 3234 0 52 3240 0 72 3240 0 73 3257 0 76 3258 0 78 3284 0 76 3289 0 68 3290 0 69 3291 0 78 3301 0 51 3318 0 76 3357 0 90 3357 0 91 3357 0 92 3358 0 78 3367 0 53 3379 0 52 3394 0 51 3398 0 54 3471 0 53 3526 0 52 3534 0 54 3559 0 51 3563 0 53 3645 0 52 3684 0 53 3686 0 64 3686 0 65 3692 0 78 3697 0 63 3701 0 62 3707 0 
TIME iteration: 299 ms
Round:7
IR: 0, 0, 0, 0, 0
3715 0 90 3715 0 91 3715 0 92 3716 0 72 3716 0 73 3716 0 78 3721 0 51 3731 0 77 3743 0 78 3758 0 77 3762 0 54 3777 0 78 3780 0 70 3782 0 71 3792 0 77 3826 0 52 3843 0 51 3844 0 90 3844 0 91 3844 0 92 3853 0 78 3896 0 54 3967 0 53 4003 0 52 4014 0 51 4079 0 53 4146 0 54 4147 0 51 4219 0 61 4222 0 60 4228 0 76 4231 0 
TIME iteration: 299 ms
Round:8
IR: 0, 0, 0, 0, 0
4251 0 90 4251 0 91 4251 0 92 4252 0 76 4254 0 53 4271 0 51 4279 0 76 4281 0 68 4286 0 69 4313 0 76 4321 0 54 4398 0 53 4403 0 52 4413 0 51 4444 0 54 4504 0 51 4515 0 53 4521 0 60 4522 0 61 4524 0 76 4541 0 68 4542 0 69 4546 0 90 4546 0 91 4546 0 92 4547 0 76 4561 0 54 4573 0 76 4575 0 52 4603 0 51 4605 0 76 4626 0 68 4630 0 69 4658 0 76 4704 0 53 4704 0 54 4769 0 
TIME iteration: 299 ms
Round:9
IR: 0, 0, 0, 0, 0
4795 0 60 4795 0 61 4798 0 76 4817 0 68 4817 0 69 4818 0 90 4818 0 91 4818 0 92 4821 0 76 4837 0 52 4847 0 76 4854 0 54 4866 0 51 4879 0 76 4903 0 53 4933 0 76 4970 0 52 4985 0 54 5052 0 51 5063 0 53 5114 0 52 5119 0 54 5159 0 66 5159 0 67 5168 0 79 5175 0 63 5176 0 62 5183 0 51 5184 0 77 5184 0 90 5184 0 91 5184 0 92 5192 0 79 5208 0 77 5215 0 54 5219 0 53 5219 0 79 5235 0 52 5235 0 77 5247 0 75 5251 0 70 5252 0 74 5254 0 71 5254 0 79 5270 0 
TIME iteration: 299 ms
Round:10
IR: 0, 0, 0, 0, 0
5308 0 90 5308 0 91 5308 0 92 5311 0 51 5372 0 53 5379 0 54 5380 0 52 5387 0 51 5480 0 51 5495 0 54 5528 0 52 5593 0 53 5624 0 51 5637 0 60 5638 0 61 5645 0 76 5667 0 90 5667 0 91 5667 0 92 5669 0 76 5686 0 69 5687 0 68 5696 0 76 5698 0 54 5730 0 76 5742 0 52 5787 0 
TIME iteration: 299 ms
Round:11
IR: 0, 0, 0, 0, 0
5831 0 52 5889 0 54 5938 0 52 5960 0 53 5961 0 62 5961 0 63 5968 0 77 5986 0 90 5986 0 91 5986 0 92 5992 0 77 6013 0 71 6014 0 70 6018 0 54 6019 0 77 6042 0 51 6053 0 77 6065 0 52 6101 0 53 6155 0 52 6158 0 54 6196 0 51 6277 0 54 6312 0 53 6317 0 66 6318 0 67 6326 0 79 6334 0 52 6339 0 62 6339 0 63 6343 0 77 6343 0 90 6343 0 91 6343 0 92 6346 0 51 6350 0 
TIME iteration: 299 ms
Round:12
IR: 0, 0, 0, 0, 0
6364 0 70 6364 0 71 6366 0 77 6377 0 79 6381 0 54 6386 0 75 6388 0 74 6392 0 77 6412 0 79 6424 0 77 6466 0 90 6466 0 91 6466 0 92 6473 0 53 6480 0 77 6509 0 54 6540 0 51 6566 0 52 6598 0 53 6649 0 54 6713 0 53 6717 0 52 6764 0 51 6776 0 54 6808 0 67 6809 0 66 6810 0 64 6814 0 79 6828 0 78 6835 0 90 6835 0 91 6835 0 92 6838 0 79 6844 0 74 6845 0 75 6847 0 53 6860 0 78 6864 0 52 6865 0 
TIME iteration: 299 ms
Round:13
IR: 0, 0, 0, 0, 0
6899 0 79 6914 0 51 6915 0 78 6942 0 54 6962 0 52 6973 0 79 6983 0 53 6998 0 90 6998 0 91 6998 0 92 7057 0 54 7108 0 51 7130 0 53 7176 0 54 7187 0 52 7314 0 53 7320 0 54 7334 0 52 7346 0 66 7347 0 67 7353 0 79 7377 0 79 7377 0 90 7377 0 91 7377 0 92 7378 0 75 7379 0 74 7394 0 51 7404 0 
TIME iteration: 300 ms
Round:14
IR: 0, 0, 0, 0, 0
7438 0 79 7469 0 53 7489 0 54 7506 0 52 7510 0 51 7612 0 51 7625 0 53 7645 0 52 7683 0 60 7683 0 61 7686 0 54 7691 0 76 7708 0 90 7708 0 91 7708 0 92 7715 0 76 7738 0 51 7742 0 76 7771 0 69 7776 0 76 7777 0 68 7819 0 52 7843 0 53 7865 0 54 7899 0 
TIME iteration: 299 ms
Round:15
IR: 0, 0, 0, 0, 0
7954 0 52 7993 0 53 7998 0 54 8060 0 51 8067 0 60 8068 0 61 8070 0 52 8071 0 76 8079 0 62 8079 0 63 8087 0 77 8093 0 90 8093 0 91 8093 0 92 8094 0 76 8096 0 69 8097 0 68 8111 0 77 8120 0 76 8138 0 53 8138 0 77 8152 0 76 8156 0 54 8168 0 70 8172 0 77 8174 0 71 8204 0 51 8207 0 76 8220 0 90 8220 0 91 8220 0 92 8225 0 52 8302 0 54 8314 0 53 8336 0 51 8414 0 52 8455 0 51 8468 0 
TIME iteration: 299 ms
Round:16
IR: 0, 0, 0, 0, 0
8517 0 53 8597 0 52 8623 0 51 8631 0 61 8632 0 60 8638 0 76 8647 0 53 8651 0 62 8652 0 63 8657 0 77 8662 0 65 8662 0 76 8662 0 90 8662 0 91 8662 0 92 8664 0 68 8664 0 69 8680 0 78 8681 0 77 8689 0 76 8692 0 70 8693 0 71 8708 0 77 8712 0 78 8723 0 76 8741 0 77 8760 0 54 8767 0 78 8780 0 90 8780 0 91 8780 0 92 8781 0 52 8790 0 51 8804 0 76 8808 0 77 8845 0 53 8893 0 54 8930 0 52 8936 0 51 8972 0 53 9008 0 
TIME iteration: 308 ms
Round:17
IR: 0, 0, 0, 0, 0
9048 0 51 9055 0 52 9112 0 60 9114 0 61 9117 0 53 9119 0 76 9125 0 54 9132 0 62 9132 0 63 9132 0 66 9133 0 67 9138 0 77 9141 0 68 9141 0 69 9141 0 79 9142 0 51 9142 0 52 9142 0 90 9142 0 91 9142 0 92 9143 0 76 9161 0 70 9161 0 71 9162 0 77 9165 0 79 9170 0 76 9189 0 77 9192 0 79 9204 0 76 9214 0 75 9218 0 74 9222 0 52 9223 0 77 9225 0 54 9227 0 79 9241 0 53 9257 0 90 9257 0 91 9257 0 92 9264 0 51 9279 0 76 9299 0 77 9341 0 53 9352 0 54 9378 0 52 9379 0 51 9447 0 53 9469 0 54 9523 0 52 9531 0 
TIME iteration: 300 ms
Round:18
IR: 0, 0, 0, 0, 0
9545 0 64 9546 0 65 9553 0 78 9558 0 51 9573 0 90 9573 0 91 9573 0 92 9577 0 78 9604 0 78 9608 0 72 9610 0 73 9617 0 53 9617 0 54 9638 0 78 9728 0 53 9737 0 51 9814 0 52 9865 0 54 9870 0 51 9920 0 53 9931 0 65 9932 0 64 9935 0 78 9948 0 60 9948 0 61 9956 0 76 9958 0 72 9958 0 73 9958 0 78 9958 0 90 9958 0 91 9958 0 92 9980 0 76 9984 0 78 9993 0 52 9998 0 69 9999 0 68 10007 0 76 10016 0 78 10028 0 51 10041 0 76 10043 0 54 10049 0 
TIME iteration: 299 ms
Round:19
IR: 0, 0, 0, 0, 0
10071 0 78 10083 0 90 10083 0 91 10083 0 92 10167 0 51 10180 0 52 10233 0 54 10300 0 51 10300 0 53 10338 0 54 10413 0 52 10472 0 53 10483 0 51 10501 0 60 10502 0 61 10507 0 54 10507 0 76 10513 0 67 10514 0 66 10522 0 79 10526 0 52 10531 0 76 10532 0 90 10532 0 91 10532 0 92 10538 0 68 10538 0 69 10546 0 79 10558 0 76 10573 0 79 10588 0 75 10589 0 74 10591 0 
TIME iteration: 299 ms
Round:20
IR: 0, 0, 0, 0, 0
10608 0 79 10658 0 54 10658 0 76 10660 0 52 10663 0 90 10663 0 91 10663 0 92 10664 0 51 10666 0 53 10777 0 52 10789 0 54 10803 0 51 10812 0 53 10888 0 52 10956 0 54 10965 0 53 10990 0 51 11054 0 53 11055 0 64 11055 0 65 11060 0 52 11063 0 78 11068 0 62 11068 0 63 11076 0 77 11085 0 90 11085 0 91 11085 0 92 11087 0 78 11100 0 77 11114 0 51 11114 0 78 11116 0 73 11118 0 72 11127 0 
TIME iteration: 299 ms
Round:21
IR: 0, 0, 0, 0, 0
11148 0 78 11154 0 71 11155 0 70 11161 0 77 11195 0 53 11215 0 90 11215 0 91 11215 0 92 11238 0 54 11245 0 52 11264 0 51 11299 0 53 11360 0 54 11414 0 52 11459 0 53 11482 0 51 11525 0 52 11548 0 54 11561 0 62 11562 0 63 11567 0 77 11591 0 53 11591 0 77 11591 0 90 11591 0 91 11591 0 92 11597 0 71 11598 0 70 11618 0 77 11641 0 51 11651 0 77 11658 0 
TIME iteration: 299 ms
Round:22
IR: 0, 0, 0, 0, 0
11693 0 53 11718 0 77 11777 0 52 11779 0 51 11791 0 54 11824 0 53 11903 0 54 11909 0 52 11918 0 62 11918 0 63 11922 0 77 11937 0 71 11938 0 70 11944 0 51 11944 0 90 11944 0 91 11944 0 92 11945 0 77 11964 0 53 11971 0 77 12003 0 77 12020 0 71 12024 0 70 12059 0 77 12086 0 51 12106 0 54 12129 0 53 12140 0 
TIME iteration: 299 ms
Round:23
IR: 0, 0, 0, 0, 0
12269 0 51 12271 0 54 12273 0 52 12279 0 63 12280 0 62 12284 0 77 12305 0 90 12305 0 91 12305 0 92 12307 0 70 12307 0 71 12308 0 77 12334 0 77 12367 0 77 12380 0 53 12380 0 54 12386 0 51 12400 0 52 12428 0 77 12527 0 53 12531 0 52 12571 0 54 12593 0 
TIME iteration: 299 ms
Round:24
IR: 0, 0, 0, 0, 0
12733 0 52 12740 0 63 12741 0 62 12746 0 77 12766 0 71 12767 0 70 12768 0 90 12768 0 91 12768 0 92 12770 0 77 12783 0 51 12791 0 53 12797 0 77 12815 0 54 12830 0 77 12897 0 77 12904 0 53 12944 0 51 12983 0 54 13022 0 53 13026 0 52 13080 0 51 13081 0 64 13081 0 65 13089 0 54 13089 0 78 13106 0 90 13106 0 91 13106 0 92 13113 0 78 13140 0 78 13152 0 53 13167 0 52 13173 0 73 13174 0 72 13174 0 78 13202 0 54 13216 0 
TIME iteration: 299 ms
Round:25
IR: 0, 0, 0, 0, 0
13252 0 53 13303 0 52 13382 0 53 13385 0 64 13385 0 65 13387 0 78 13408 0 72 13408 0 73 13409 0 90 13409 0 91 13409 0 92 13410 0 78 13418 0 51 13431 0 52 13436 0 78 13451 0 54 13467 0 78 13512 0 51 13518 0 78 13528 0 53 13555 0 52 13624 0 54 13652 0 53 13678 0 52 13712 0 64 13716 0 65 13718 0 78 13724 0 51 13728 0 72 13729 0 62 13729 0 73 13731 0 63 13738 0 77 13739 0 90 13739 0 91 13739 0 92 13741 0 78 13756 0 53 13762 0 77 13767 0 
TIME iteration: 300 ms
Round:26
IR: 0, 0, 0, 0, 0
13785 0 52 13785 0 71 13787 0 70 13789 0 77 13792 0 72 13793 0 73 13799 0 78 13823 0 77 13825 0 54 13855 0 78 13863 0 90 13863 0 91 13863 0 92 13871 0 53 13875 0 51 13968 0 52 13969 0 54 14003 0 53 14063 0 51 14099 0 54 14109 0 52 14117 0 53 14179 0 65 14180 0 64 14185 0 78 14208 0 90 14208 0 91 14208 0 92 14209 0 78 14212 0 52 14213 0 72 14213 0 73 14232 0 51 14236 0 78 14256 0 53 14269 0 78 14284 0 
TIME iteration: 299 ms
Round:27
IR: 0, 0, 0, 0, 0
14336 0 78 14375 0 52 14444 0 54 14465 0 53 14492 0 51 14550 0 52 14583 0 54 14601 0 66 14603 0 67 14611 0 79 14613 0 62 14615 0 63 14621 0 77 14629 0 90 14629 0 91 14629 0 92 14634 0 53 14635 0 79 14645 0 77 14662 0 79 14670 0 71 14671 0 70 14672 0 77 14673 0 51 14693 0 75 14695 0 52 14696 0 74 14697 0 79 14706 0 77 14727 0 53 14732 0 54 14757 0 90 14757 0 91 14757 0 92 14815 0 52 14815 0 53 14824 0 
TIME iteration: 300 ms
Round:28
IR: 0, 0, 0, 0, 0
14957 0 54 14988 0 53 15017 0 52 15034 0 51 15078 0 54 15141 0 66 15141 0 67 15147 0 79 15171 0 79 15171 0 90 15171 0 91 15171 0 92 15177 0 54 15179 0 74 15181 0 75 15184 0 53 15197 0 51 15198 0 79 15200 0 52 15232 0 79 15344 0 
TIME iteration: 299 ms
Round:29
IR: 0, 0, 0, 0, 0
15380 0 51 15404 0 53 15409 0 52 15465 0 54 15493 0 66 15493 0 67 15497 0 79 15512 0 74 15513 0 75 15518 0 90 15518 0 91 15518 0 92 15521 0 79 15537 0 51 15547 0 79 15570 0 53 15579 0 52 15580 0 79 15589 0 74 15595 0 75 15612 0 54 15643 0 79 15678 0 51 15688 0 52 15735 0 54 15753 0 53 15753 0 66 15753 0 67 15756 0 79 15773 0 74 15774 0 75 15776 0 90 15776 0 91 15776 0 92 15779 0 79 15805 0 79 15837 0 79 15843 0 52 15854 0 53 15859 0 74 15868 0 75 15874 0 54 15878 0 51 15893 0 
TIME iteration: 299 ms
Round:30
IR: 0, 0, 0, 0, 0
16005 0 53 16023 0 54 16035 0 66 16035 0 67 16039 0 79 16057 0 74 16058 0 75 16058 0 90 16058 0 91 16058 0 92 16063 0 79 16085 0 51 16089 0 79 16090 0 52 16119 0 53 16122 0 79 16124 0 54 16188 0 79 16247 0 54 16285 0 53 16310 0 51 16381 0 
TIME iteration: 298 ms
Round:31
IR: 0, 0, 0, 0, 0
16447 0 54 16461 0 66 16462 0 67 16467 0 79 16478 0 51 16483 0 75 16485 0 74 16488 0 90 16488 0 91 16488 0 92 16491 0 79 16518 0 79 16551 0 79 16565 0 52 16584 0 53 16598 0 54 16639 0 51 16671 0 52 16764 0 52 16768 0 53 16781 0 54 16785 0 63 16786 0 62 16792 0 51 16794 0 77 16810 0 90 16810 0 91 16810 0 92 16818 0 77 16845 0 77 16876 0 70 16876 0 71 16880 0 77 16914 0 54 16930 0 52 16939 0 51 16940 0 
TIME iteration: 299 ms
Round:32
IR: 0, 0, 0, 0, 0
17015 0 54 17046 0 51 17074 0 52 17102 0 62 17103 0 63 17105 0 77 17127 0 54 17127 0 70 17127 0 71 17127 0 90 17127 0 91 17127 0 92 17128 0 77 17154 0 77 17161 0 51 17186 0 77 17214 0 53 17239 0 77 17241 0 54 17251 0 51 17336 0 54 17354 0 51 17354 0 53 17401 0 60 17402 0 61 17410 0 76 17419 0 52 17425 0 90 17425 0 91 17425 0 92 17434 0 76 17442 0 54 17461 0 76 17488 0 
TIME iteration: 299 ms
Round:33
IR: 0, 0, 0, 0, 0
17496 0 53 17496 0 76 17497 0 51 17500 0 69 17565 0 54 17571 0 52 17644 0 51 17659 0 53 17681 0 54 17694 0 61 17695 0 60 17697 0 76 17716 0 68 17717 0 69 17718 0 90 17718 0 91 17718 0 92 17720 0 76 17746 0 76 17748 0 52 17755 0 51 17778 0 76 17795 0 54 17809 0 53 17831 0 76 17881 0 51 17938 0 53 17950 0 52 17959 0 54 18007 0 
TIME iteration: 303 ms
Round:34
IR: 0, 0, 0, 0, 0
18028 0 60 18029 0 61 18032 0 76 18043 0 68 18044 0 69 18053 0 90 18053 0 91 18053 0 92 18055 0 54 18055 0 76 18081 0 76 18089 0 52 18106 0 68 18112 0 69 18113 0 76 18165 0 54 18168 0 76 18171 0 52 18243 0 51 18271 0 53 18351 0 52 18362 0 54 18370 0 53 18407 0 63 18413 0 62 18418 0 77 18436 0 90 18436 0 91 18436 0 92 18442 0 77 18454 0 53 18463 0 51 18469 0 77 18479 0 70 18480 0 71 18503 0 77 18516 0 
TIME iteration: 299 ms
Round:35
IR: 0, 0, 0, 0, 0
18580 0 54 18591 0 51 18647 0 53 18658 0 52 18704 0 51 18734 0 63 18736 0 62 18738 0 77 18750 0 61 18752 0 60 18757 0 70 18758 0 71 18758 0 76 18760 0 90 18760 0 91 18760 0 92 18761 0 77 18782 0 76 18787 0 77 18800 0 69 18801 0 68 18809 0 76 18810 0 52 18814 0 53 18819 0 77 18830 0 54 18843 0 76 18871 0 51 18873 0 77 18884 0 90 18884 0 91 18884 0 92 18924 0 52 18954 0 53 18995 0 54 19045 0 52 19050 0 
TIME iteration: 299 ms
Round:36
IR: 0, 0, 0, 0, 0
19147 0 52 19184 0 63 19185 0 62 19190 0 77 19192 0 54 19208 0 70 19209 0 71 19213 0 53 19213 0 90 19213 0 91 19213 0 92 19214 0 77 19241 0 77 19263 0 52 19264 0 51 19274 0 77 19341 0 77 19393 0 52 19398 0 53 19482 0 51 19505 0 54 19561 0 53 19589 0 
TIME iteration: 299 ms
Round:37
IR: 0, 0, 0, 0, 0
19610 0 62 19610 0 63 19615 0 77 19623 0 64 19623 0 65 19631 0 78 19632 0 70 19633 0 71 19636 0 54 19637 0 90 19637 0 91 19637 0 92 19639 0 77 19655 0 78 19663 0 51 19666 0 77 19682 0 78 19699 0 77 19710 0 72 19716 0 78 19719 0 73 19721 0 53 19750 0 54 19764 0 90 19764 0 91 19764 0 92 19765 0 77 19768 0 52 19803 0 51 19878 0 53 19884 0 54 19906 0 52 19981 0 53 20012 0 51 20056 0 54 20081 0 53 20087 0 64 20087 0 65 20090 0 52 20092 0 78 20116 0 78 20116 0 90 20116 0 91 20116 0 92 20121 0 72 20122 0 
TIME iteration: 299 ms
Round:38
IR: 0, 0, 0, 0, 0
20143 0 78 20153 0 51 20176 0 78 20185 0 53 20199 0 54 20226 0 52 20242 0 78 20284 0 51 20298 0 53 20307 0 54 20384 0 52 20386 0 51 20424 0 60 20424 0 61 20432 0 76 20443 0 54 20449 0 90 20449 0 91 20449 0 92 20456 0 76 20483 0 76 20504 0 68 20512 0 69 20517 0 76 20520 0 53 20532 0 51 20563 0 54 20585 0 52 20627 0 53 20656 0 
TIME iteration: 298 ms
Round:39
IR: 0, 0, 0, 0, 0
20705 0 61 20707 0 60 20708 0 76 20726 0 68 20728 0 69 20730 0 90 20730 0 91 20730 0 92 20731 0 76 20757 0 76 20782 0 53 20788 0 76 20802 0 52 20819 0 68 20821 0 54 20839 0 76 20882 0 53 20889 0 51 20926 0 52 20970 0 54 21000 0 53 21033 0 65 21034 0 64 21041 0 78 21047 0 51 21052 0 52 21058 0 90 21058 0 91 21058 0 92 21065 0 78 21091 0 72 21092 0 73 21092 0 78 21126 0 78 21154 0 
TIME iteration: 299 ms
Round:40
IR: 0, 0, 0, 0, 0
21210 0 52 21239 0 53 21243 0 51 21356 0 54 21367 0 51 21401 0 52 21431 0 60 21431 0 61 21438 0 76 21457 0 90 21457 0 91 21457 0 92 21462 0 76 21466 0 54 21475 0 69 21480 0 68 21489 0 76 21499 0 53 21523 0 76 21538 0 51 21575 0 52 21606 0 54 21621 0 53 21646 0 
TIME iteration: 299 ms
Round:41
IR: 0, 0, 0, 0, 0
21767 0 52 21797 0 54 21800 0 51 21805 0 60 21806 0 61 21809 0 76 21811 0 53 21828 0 69 21830 0 68 21831 0 90 21831 0 91 21831 0 92 21832 0 76 21858 0 76 21890 0 76 21945 0 76 21948 0 52 21959 0 51 21980 0 53 21983 0 54 22070 0 52 22103 0 54 22126 0 51 22135 0 53 22191 0 60 22192 0 61 22196 0 76 22210 0 69 22211 0 68 22216 0 52 22217 0 90 22217 0 91 22217 0 92 22220 0 76 22224 0 54 22246 0 
TIME iteration: 299 ms
Round:42
IR: 0, 0, 0, 0, 0
22279 0 76 22288 0 69 22292 0 68 22298 0 51 22333 0 54 22339 0 53 22340 0 76 22360 0 52 22410 0 51 22434 0 61 22435 0 60 22437 0 76 22453 0 69 22454 0 68 22456 0 54 22457 0 90 22457 0 91 22457 0 92 22460 0 76 22486 0 76 22492 0 53 22499 0 52 22518 0 76 22525 0 51 22528 0 69 22538 0 68 22571 0 76 22600 0 52 22602 0 54 22613 0 53 22664 0 51 22687 0 60 22688 0 61 22690 0 76 22706 0 69 22707 0 68 22710 0 90 22710 0 91 22710 0 92 22713 0 76 22715 0 52 22725 0 53 22739 0 76 22771 0 76 22780 0 69 22786 0 
TIME iteration: 299 ms
Round:43
IR: 0, 0, 0, 0, 0
22812 0 54 22819 0 51 22824 0 76 22844 0 53 22911 0 52 22932 0 51 22946 0 60 22946 0 61 22949 0 76 22964 0 53 22966 0 69 22967 0 68 22969 0 90 22969 0 91 22969 0 92 22972 0 76 22980 0 54 22998 0 76 23030 0 76 23034 0 52 23046 0 69 23070 0 51 23084 0 76 23134 0 52 23153 0 53 23191 0 54 23253 0 51 23278 0 52 23292 0 60 23292 0 61 23296 0 76 23303 0 62 23304 0 63 23307 0 68 23312 0 77 23317 0 90 23317 0 91 23317 0 92 23319 0 69 23319 0 
TIME iteration: 300 ms
Round:44
IR: 0, 0, 0, 0, 0
23324 0 53 23331 0 54 23336 0 77 23345 0 76 23351 0 51 23363 0 77 23372 0 68 23377 0 76 23394 0 71 23398 0 77 23400 0 70 23433 0 76 23443 0 90 23443 0 91 23443 0 92 23473 0 54 23477 0 52 23477 0 53 23508 0 51 23608 0 54 23612 0 51 23616 0 53 23652 0 52 23744 0 53 23765 0 54 23772 0 51 23778 0 52 23788 0 65 23789 0 64 23797 0 78 23798 0 61 23799 0 60 23804 0 76 23809 0 62 23812 0 63 23816 0 66 23816 0 67 23816 0 77 23818 0 90 23818 0 91 23818 0 92 23821 0 78 23825 0 79 23828 0 69 23828 0 76 23834 0 68 23837 0 53 23840 0 77 23847 0 70 23847 0 71 23848 0 78 23849 0 
TIME iteration: 300 ms
Round:45
IR: 0, 0, 0, 0, 0
23855 0 76 23867 0 77 23876 0 79 23883 0 78 23884 0 73 23886 0 72 23887 0 54 23888 0 76 23900 0 77 23905 0 75 23911 0 79 23913 0 74 23918 0 52 23928 0 90 23928 0 91 23928 0 92 23955 0 76 23967 0 77 23992 0 53 24015 0 51 24079 0 54 24126 0 52 24146 0 53 24212 0 54 24266 0 51 24282 0 52 24284 0 53 24294 0 66 24296 0 67 24301 0 79 24303 0 64 24305 0 65 24309 0 78 24323 0 90 24323 0 91 24323 0 92 24325 0 79 24331 0 74 24331 0 75 24333 0 78 24342 0 72 24342 0 73 24352 0 79 24360 0 
TIME iteration: 299 ms
Round:46
IR: 0, 0, 0, 0, 0
24386 0 79 24391 0 52 24393 0 78 24405 0 54 24408 0 53 24414 0 51 24453 0 90 24453 0 91 24453 0 92 24459 0 78 24521 0 51 24564 0 52 24602 0 53 24631 0 54 24672 0 51 24729 0 52 24769 0 53 24824 0 51 24828 0 54 24844 0 61 24845 0 60 24852 0 76 24875 0 90 24875 0 91 24875 0 92 24876 0 76 24886 0 52 24903 0 76 24905 0 69 24906 0 
TIME iteration: 299 ms
Round:47
IR: 0, 0, 0, 0, 0
24937 0 76 24989 0 51 25006 0 53 25038 0 52 25070 0 54 25188 0 54 25193 0 53 25197 0 51 25231 0 52 25256 0 61 25258 0 60 25261 0 76 25276 0 67 25280 0 66 25284 0 76 25284 0 90 25284 0 91 25284 0 92 25285 0 68 25285 0 69 25286 0 79 25310 0 76 25310 0 79 25335 0 54 25336 0 74 25337 0 75 25337 0 79 25342 0 76 25343 0 51 25371 0 79 25398 0 76 25408 0 90 25408 0 91 25408 0 92 25439 0 
TIME iteration: 299 ms
Round:48
IR: 0, 0, 0, 0, 0
25471 0 54 25493 0 52 25562 0 51 25577 0 54 25608 0 53 25662 0 52 25698 0 51 25742 0 54 25768 0 66 25770 0 67 25775 0 52 25775 0 79 25795 0 62 25795 0 63 25799 0 79 25799 0 90 25799 0 91 25799 0 92 25801 0 74 25802 0 75 25803 0 77 25826 0 79 25827 0 77 25828 0 53 25854 0 77 25860 0 79 25876 0 54 25880 0 71 25883 0 51 25886 0 70 25888 0 77 25923 0 90 25923 0 91 25923 0 92 25932 0 
TIME iteration: 299 ms
Round:49
IR: 0, 0, 0, 0, 0
25984 0 53 25989 0 54 26016 0 51 26070 0 54 26113 0 53 26168 0 54 26171 0 52 26193 0 67 26194 0 66 26198 0 79 26217 0 74 26218 0 75 26222 0 79 26222 0 90 26222 0 91 26222 0 92 26225 0 53 26237 0 51 26248 0 79 26264 0 52 26281 0 79 26291 0 54 26346 0 79 26382 0 52 26404 0 53 26467 0 
TIME iteration: 299 ms
Round:50
IR: 0, 0, 0, 0, 0
26513 0 54 26519 0 52 26552 0 62 26552 0 63 26555 0 53 26559 0 77 26578 0 90 26578 0 91 26578 0 92 26583 0 77 26603 0 70 26603 0 71 26610 0 77 26622 0 51 26632 0 52 26644 0 77 26645 0 54 26739 0 52 26746 0 53 26798 0 54 26829 0 51 26856 0 53 26939 0 65 26942 0 64 26949 0 78 26961 0 52 26962 0 51 26967 0 90 26967 0 91 26967 0 92 26969 0 54 26973 0 78 27000 0 
TIME iteration: 308 ms
Round:51
IR: 0, 0, 0, 0, 0
27033 0 72 27034 0 73 27035 0 78 27043 0 53 27085 0 52 27140 0 51 27145 0 53 27174 0 54 27199 0 65 27202 0 64 27202 0 78 27220 0 72 27220 0 73 27224 0 90 27224 0 91 27224 0 92 27225 0 78 27237 0 52 27251 0 78 27282 0 51 27282 0 78 27300 0 72 27308 0 73 27314 0 53 27332 0 78 27412 0 51 27417 0 54 27424 0 52 27456 0 53 27475 0 65 27476 0 64 27479 0 78 27497 0 72 27497 0 73 27499 0 90 27499 0 91 27499 0 92 27502 0 78 27521 0 52 27528 0 
TIME iteration: 299 ms
Round:52
IR: 0, 0, 0, 0, 0
27560 0 78 27569 0 51 27614 0 78 27623 0 54 27663 0 53 27703 0 51 27740 0 52 27748 0 54 27771 0 53 27822 0 65 27824 0 64 27827 0 78 27839 0 72 27839 0 73 27848 0 90 27848 0 91 27848 0 92 27850 0 78 27869 0 51 27876 0 78 27886 0 54 27890 0 52 27906 0 73 27907 0 72 27908 0 78 27919 0 53 27964 0 78 27998 0 52 28024 0 54 28070 0 
TIME iteration: 299 ms
Round:53
IR: 0, 0, 0, 0, 0
28102 0 53 28130 0 52 28142 0 64 28142 0 65 28146 0 78 28166 0 72 28166 0 73 28166 0 90 28166 0 91 28166 0 92 28169 0 78 28179 0 54 28190 0 51 28195 0 78 28227 0 78 28235 0 53 28278 0 52 28283 0 78 28308 0 54 28362 0 51 28378 0 53 28412 0 52 28520 0 51 28533 0 52 28540 0 62 28540 0 63 28546 0 54 28548 0 77 28561 0 61 28563 0 60 28566 0 90 28566 0 91 28566 0 92 28570 0 76 28572 0 77 28594 0 76 28599 0 77 28616 0 
TIME iteration: 299 ms
Round:54
IR: 0, 0, 0, 0, 0
28621 0 76 28625 0 70 28626 0 71 28633 0 77 28654 0 68 28655 0 76 28658 0 69 28664 0 51 28689 0 90 28689 0 91 28689 0 92 28699 0 52 28700 0 54 28771 0 51 28792 0 53 28811 0 52 28855 0 54 28905 0 53 28909 0 51 28927 0 52 28973 0 54 29003 0 62 29006 0 63 29009 0 77 29033 0 77 29033 0 90 29033 0 91 29033 0 92 29039 0 71 29040 0 51 29040 0 70 29059 0 77 29078 0 52 29090 0 53 29092 0 77 29129 0 
TIME iteration: 299 ms
Round:55
IR: 0, 0, 0, 0, 0
29153 0 77 29164 0 52 29243 0 51 29280 0 53 29326 0 52 29340 0 54 29350 0 62 29350 0 63 29354 0 77 29369 0 70 29369 0 71 29375 0 90 29375 0 91 29375 0 92 29377 0 77 29397 0 51 29403 0 77 29425 0 53 29435 0 77 29446 0 71 29448 0 70 29491 0 77 29505 0 52 29559 0 53 29567 0 51 29651 0 52 29665 0 62 29665 0 63 29669 0 
TIME iteration: 299 ms
Round:56
IR: 0, 0, 0, 0, 0
29689 0 70 29689 0 71 29689 0 90 29689 0 91 29689 0 92 29692 0 77 29716 0 54 29718 0 77 29750 0 77 29806 0 77 29811 0 51 29818 0 52 29840 0 54 29854 0 53 29939 0 52 29947 0 51 29991 0 54 30001 0 63 30004 0 62 30007 0 77 30018 0 70 30018 0 71 30027 0 90 30027 0 91 30027 0 92 30031 0 77 30033 0 53 30053 0 52 30057 0 77 30080 0 51 30083 0 71 30084 0 70 30090 0 77 30148 0 54 30151 0 77 30198 0 
TIME iteration: 299 ms
Round:57
IR: 0, 0, 0, 0, 0
30245 0 51 30256 0 53 30343 0 51 30367 0 60 30367 0 61 30375 0 76 30382 0 54 30389 0 52 30392 0 90 30392 0 91 30392 0 92 30399 0 76 30402 0 53 30426 0 76 30448 0 69 30449 0 51 30456 0 68 30460 0 76 30486 0 53 30584 0 51 30586 0 54 30619 0 53 30635 0 52 30653 0 61 30655 0 60 30656 0 76 30672 0 51 30675 0 68 30675 0 69 30678 0 90 30678 0 91 30678 0 92 30679 0 76 30695 0 54 30705 0 76 30736 0 
TIME iteration: 299 ms
Round:58
IR: 0, 0, 0, 0, 0
30757 0 53 30769 0 69 30787 0 76 30802 0 51 30820 0 54 30834 0 52 30931 0 51 30934 0 54 30935 0 53 30943 0 52 30950 0 60 30950 0 61 30953 0 76 30961 0 68 30973 0 69 30974 0 90 30974 0 91 30974 0 92 30976 0 76 31002 0 76 31018 0 68 31030 0 54 31034 0 76 31068 0 52 31088 0 76 31102 0 53 31111 0 51 31178 0 54 31260 0 
TIME iteration: 299 ms
Round:59
IR: 0, 0, 0, 0, 0
31281 0 51 31319 0 60 31320 0 61 31324 0 76 31331 0 54 31337 0 69 31345 0 68 31345 0 90 31345 0 91 31345 0 92 31348 0 76 31374 0 76 31403 0 51 31407 0 76 31409 0 53 31410 0 69 31468 0 76 31524 0 54 31537 0 52 31590 0 51 31593 0 53 31713 0 52 31738 0 
TIME iteration: 299 ms
Round:60
IR: 0, 0, 0, 0, 0
31812 0 53 31824 0 67 31835 0 51 31844 0 79 31845 0 64 31845 0 65 31847 0 60 31847 0 61 31853 0 76 31853 0 78 31862 0 90 31862 0 91 31862 0 92 31867 0 52 31877 0 68 31877 0 76 31877 0 78 31877 0 79 31886 0 69 31893 0 54 31904 0 76 31904 0 78 31938 0 76 31938 0 78 31942 0 73 31947 0 79 31949 0 72 31957 0 53 31982 0 90 31982 0 91 31982 0 92 32014 0 76 32034 0 51 32037 0 54 32099 0 53 32111 0 52 32161 0 54 32203 0 53 32234 0 52 32270 0 51 32273 0 54 32304 0 66 32305 0 67 32311 0 
TIME iteration: 299 ms
Round:61
IR: 0, 0, 0, 0, 0
32331 0 53 32333 0 90 32333 0 91 32333 0 92 32335 0 79 32350 0 74 32350 0 75 32362 0 79 32396 0 79 32407 0 52 32430 0 54 32434 0 51 32467 0 53 32538 0 54 32548 0 52 32583 0 51 32590 0 53 32626 0 66 32627 0 67 32630 0 79 32646 0 74 32646 0 75 32651 0 90 32651 0 91 32651 0 92 32653 0 52 32653 0 79 32662 0 54 32679 0 79 32711 0 79 32715 0 51 32726 0 75 32729 0 74 32739 0 53 32768 0 79 32784 0 52 32801 0 54 32846 0 
TIME iteration: 299 ms
Round:62
IR: 0, 0, 0, 0, 0
32863 0 51 32894 0 67 32896 0 66 32898 0 79 32915 0 74 32916 0 75 32918 0 90 32918 0 91 32918 0 92 32921 0 79 32947 0 79 32970 0 52 32979 0 79 32990 0 53 32997 0 74 33018 0 54 33034 0 79 33092 0 51 33110 0 54 33154 0 66 33156 0 67 33158 0 79 33164 0 75 33175 0 74 33178 0 90 33178 0 91 33178 0 92 33181 0 79 33188 0 52 33207 0 79 33218 0 75 33239 0 79 33267 0 53 33267 0 74 33282 0 54 33295 0 79 33307 0 51 33380 0 
TIME iteration: 299 ms
Round:63
IR: 0, 0, 0, 0, 0
33408 0 53 33423 0 54 33444 0 67 33445 0 66 33448 0 79 33450 0 51 33463 0 75 33466 0 74 33468 0 90 33468 0 91 33468 0 92 33471 0 79 33497 0 79 33529 0 53 33529 0 79 33539 0 75 33568 0 74 33580 0 52 33587 0 79 33616 0 54 33619 0 51 33640 0 53 33712 0 52 33769 0 53 33771 0 54 33779 0 66 33780 0 67 33784 0 79 33794 0 64 33794 0 65 33802 0 78 33804 0 90 33804 0 91 33804 0 92 33805 0 75 33806 0 74 33808 0 79 33810 0 52 33826 0 78 33834 0 79 33853 0 78 33867 0 79 33879 0 72 33882 0 73 33887 0 78 33891 0 
TIME iteration: 299 ms
Round:64
IR: 0, 0, 0, 0, 0
33921 0 54 33929 0 90 33929 0 91 33929 0 92 33932 0 79 33944 0 52 33954 0 53 34001 0 51 34080 0 54 34114 0 51 34143 0 53 34227 0 51 34228 0 54 34248 0 60 34248 0 61 34256 0 76 34263 0 53 34269 0 52 34277 0 90 34277 0 91 34277 0 92 34280 0 76 34307 0 76 34340 0 69 34341 0 76 34343 0 68 34379 0 53 34407 0 54 34427 0 
TIME iteration: 299 ms
Round:65
IR: 0, 0, 0, 0, 0
34492 0 51 34515 0 53 34578 0 54 34601 0 51 34614 0 53 34620 0 60 34620 0 61 34620 0 64 34620 0 65 34624 0 76 34627 0 78 34643 0 90 34643 0 91 34643 0 92 34647 0 76 34648 0 69 34649 0 52 34649 0 68 34651 0 78 34673 0 76 34675 0 73 34676 0 72 34678 0 78 34699 0 54 34705 0 76 34712 0 78 34719 0 53 34736 0 51 34761 0 76 34773 0 90 34773 0 91 34773 0 92 34818 0 52 34827 0 54 34847 0 51 34856 0 53 34950 0 52 34955 0 
TIME iteration: 299 ms
Round:66
IR: 0, 0, 0, 0, 0
35001 0 53 35034 0 54 35073 0 51 35090 0 60 35091 0 61 35096 0 76 35117 0 69 35119 0 68 35120 0 76 35120 0 90 35120 0 91 35120 0 92 35133 0 52 35147 0 76 35168 0 54 35172 0 53 35180 0 76 35236 0 51 35247 0 76 35273 0 54 35301 0 52 35318 0 53 35371 0 54 35404 0 66 35405 0 67 35413 0 79 35429 0 90 35429 0 91 35429 0 92 35437 0 79 35448 0 52 35464 0 79 35477 0 51 35485 0 75 35486 0 74 35488 0 54 35499 0 
TIME iteration: 299 ms
Round:67
IR: 0, 0, 0, 0, 0
35520 0 53 35581 0 52 35618 0 51 35629 0 54 35645 0 53 35703 0 66 35708 0 79 35709 0 67 35719 0 51 35720 0 52 35728 0 74 35728 0 75 35730 0 90 35730 0 91 35730 0 92 35731 0 79 35757 0 79 35764 0 54 35771 0 53 35789 0 79 35823 0 51 35842 0 79 35907 0 54 35947 0 53 35968 0 51 36000 0 
TIME iteration: 305 ms
Round:68
IR: 0, 0, 0, 0, 0
36083 0 53 36088 0 54 36113 0 64 36113 0 65 36114 0 66 36114 0 67 36119 0 79 36121 0 78 36134 0 74 36135 0 75 36137 0 90 36137 0 91 36137 0 92 36143 0 79 36145 0 78 36164 0 52 36170 0 79 36172 0 78 36191 0 72 36192 0 73 36203 0 79 36206 0 78 36207 0 53 36219 0 74 36227 0 75 36237 0 54 36257 0 51 36267 0 90 36267 0 91 36267 0 92 36274 0 52 36276 0 79 36347 0 54 36365 0 53 36400 0 52 36472 0 54 36492 0 51 36511 0 53 36560 0 
TIME iteration: 299 ms
Round:69
IR: 0, 0, 0, 0, 0
36615 0 54 36626 0 66 36627 0 67 36633 0 79 36656 0 90 36656 0 91 36656 0 92 36657 0 79 36662 0 51 36664 0 74 36664 0 75 36677 0 53 36684 0 79 36693 0 52 36718 0 79 36746 0 54 36794 0 52 36841 0 51 36854 0 53 36876 0 54 36923 0 52 36966 0 63 36968 0 62 36975 0 77 36983 0 51 36992 0 90 36992 0 91 36992 0 92 36999 0 77 37026 0 77 37055 0 70 37060 0 77 37062 0 71 37075 0 54 37098 0 
TIME iteration: 299 ms
Round:70
IR: 0, 0, 0, 0, 0
37108 0 53 37184 0 51 37228 0 54 37285 0 52 37314 0 53 37325 0 62 37327 0 63 37329 0 77 37332 0 51 37351 0 90 37351 0 91 37351 0 92 37352 0 77 37353 0 70 37353 0 71 37378 0 77 37410 0 77 37412 0 53 37428 0 52 37434 0 54 37464 0 77 37505 0 51 37574 0 52 37625 0 
TIME iteration: 299 ms
Round:71
IR: 0, 0, 0, 0, 0
37632 0 51 37656 0 53 37724 0 61 37742 0 76 37757 0 90 37757 0 91 37757 0 92 37765 0 54 37769 0 52 37774 0 76 37829 0 76 37885 0 51 37899 0 53 37904 0 52 37959 0 54 38050 0 52 38053 0 53 38054 0 51 38117 0 62 38118 0 63 38125 0 77 38146 0 90 38146 0 91 38146 0 92 38149 0 
TIME iteration: 298 ms
Round:72
IR: 0, 0, 0, 0, 0
38162 0 52 38164 0 70 38164 0 71 38166 0 54 38176 0 77 38210 0 77 38265 0 51 38277 0 53 38293 0 54 38312 0 52 38441 0 51 38441 0 52 38444 0 53 38464 0 62 38464 0 63 38467 0 77 38480 0 54 38485 0 71 38486 0 70 38489 0 90 38489 0 91 38489 0 92 38490 0 77 38516 0 77 38548 0 77 38577 0 70 38602 0 77 38609 0 53 38646 0 52 38648 0 54 38670 0 
TIME iteration: 299 ms
Round:73
IR: 0, 0, 0, 0, 0
38764 0 53 38821 0 54 38853 0 52 38883 0 63 38885 0 62 38889 0 77 38890 0 51 38906 0 71 38911 0 66 38911 0 90 38911 0 91 38911 0 92 38913 0 77 38916 0 70 38931 0 79 38940 0 77 38947 0 53 38964 0 79 38973 0 77 38998 0 54 39002 0 52 39032 0 79 39039 0 77 39050 0 90 39050 0 91 39050 0 92 39069 0 51 39132 0 52 39132 0 53 39213 0 
TIME iteration: 299 ms
Round:74
IR: 0, 0, 0, 0, 0
39244 0 54 39253 0 53 39332 0 51 39345 0 52 39376 0 53 39390 0 60 39390 0 61 39396 0 64 39397 0 65 39398 0 76 39404 0 54 39405 0 78 39418 0 90 39418 0 91 39418 0 92 39422 0 76 39429 0 78 39449 0 76 39456 0 78 39478 0 69 39481 0 68 39483 0 76 39491 0 78 39493 0 72 39493 0 73 39521 0 53 39521 0 54 39523 0 51 39531 0 52 39549 0 90 39549 0 91 39549 0 92 39641 0 53 39668 0 52 39730 0 
TIME iteration: 299 ms
Round:75
IR: 0, 0, 0, 0, 0
39757 0 52 39767 0 51 39836 0 53 39903 0 52 39910 0 62 39911 0 63 39914 0 54 39918 0 77 39940 0 90 39940 0 91 39940 0 92 39942 0 77 39946 0 51 39969 0 77 39970 0 71 39972 0 70 39996 0 53 40003 0 77 40040 0 54 40048 0 52 40160 0 52 40188 0 51 40208 0 62 40208 0 63 40210 0 77 40211 0 54 40227 0 71 40228 0 70 40232 0 90 40232 0 91 40232 0 92 40233 0 77 40235 0 53 40259 0 
TIME iteration: 299 ms
Round:76
IR: 0, 0, 0, 0, 0
40290 0 77 40291 0 52 40295 0 51 40309 0 71 40315 0 70 40341 0 77 40389 0 53 40443 0 54 40456 0 51 40556 0 53 40616 0 51 40629 0 65 40637 0 64 40638 0 60 40638 0 61 40641 0 78 40646 0 76 40659 0 90 40659 0 91 40659 0 92 40665 0 78 40670 0 76 40672 0 54 40674 0 52 40692 0 78 40697 0 76 40705 0 72 40705 0 73 40712 0 69 40713 0 68 40726 0 78 40731 0 76 40749 0 53 40787 0 51 40789 0 90 40789 0 91 40789 0 92 40805 0 
TIME iteration: 299 ms
Round:77
IR: 0, 0, 0, 0, 0
40823 0 54 40943 0 52 40961 0 53 40968 0 54 41068 0 52 41079 0 54 41095 0 51 41121 0 66 41122 0 67 41128 0 63 41130 0 79 41131 0 62 41137 0 77 41143 0 53 41150 0 90 41150 0 91 41150 0 92 41154 0 79 41161 0 77 41181 0 79 41184 0 52 41184 0 54 41188 0 77 41189 0 71 41193 0 70 41211 0 74 41211 0 75 41216 0 79 41222 0 77 41279 0 51 41281 0 90 41281 0 91 41281 0 92 41311 0 54 41331 0 
TIME iteration: 299 ms
Round:78
IR: 0, 0, 0, 0, 0
41350 0 52 41403 0 51 41444 0 53 41486 0 54 41490 0 52 41534 0 53 41571 0 64 41572 0 65 41578 0 51 41579 0 78 41600 0 90 41600 0 91 41600 0 92 41603 0 78 41630 0 72 41630 0 78 41632 0 73 41664 0 78 41673 0 54 41678 0 52 41706 0 53 41779 0 51 41807 0 
TIME iteration: 299 ms
Round:79
IR: 0, 0, 0, 0, 0
41907 0 54 41908 0 53 41929 0 51 41972 0 64 41975 0 52 41975 0 65 41978 0 78 41996 0 62 41996 0 63 42000 0 90 42000 0 91 42000 0 92 42001 0 73 42002 0 72 42002 0 78 42003 0 77 42027 0 77 42028 0 78 42052 0 71 42054 0 77 42055 0 70 42061 0 78 42063 0 54 42088 0 77 42093 0 51 42096 0 53 42122 0 78 42123 0 90 42123 0 91 42123 0 92 42150 0 52 42198 0 54 42268 0 51 42301 0 53 42321 0 52 42353 0 
TIME iteration: 299 ms
Round:80
IR: 0, 0, 0, 0, 0
42433 0 51 42465 0 54 42484 0 66 42485 0 67 42487 0 53 42493 0 79 42514 0 90 42514 0 91 42514 0 92 42517 0 79 42544 0 79 42561 0 74 42563 0 75 42570 0 54 42579 0 79 42586 0 52 42592 0 51 42614 0 53 42692 0 54 42750 0 52 42759 0 53 42869 0 54 42874 0 66 42874 0 67 42878 0 79 42900 0 90 42900 0 91 42900 0 92 42901 0 79 42903 0 74 42903 0 75 42907 0 51 42919 0 53 42927 0 
TIME iteration: 300 ms
Round:81
IR: 0, 0, 0, 0, 0
42959 0 79 43012 0 52 43017 0 79 43040 0 53 43078 0 51 43082 0 54 43135 0 53 43192 0 64 43192 0 65 43200 0 78 43217 0 90 43217 0 91 43217 0 92 43218 0 54 43224 0 78 43225 0 52 43232 0 51 43251 0 78 43260 0 73 43261 0 72 43269 0 53 43285 0 78 43326 0 54 43380 0 51 43380 0 53 43431 0 54 43440 0 
TIME iteration: 299 ms
Round:82
IR: 0, 0, 0, 0, 0
43515 0 53 43521 0 64 43521 0 65 43524 0 78 43534 0 51 43544 0 73 43545 0 72 43546 0 90 43546 0 91 43546 0 92 43547 0 78 43551 0 54 43573 0 78 43605 0 78 43608 0 52 43659 0 78 43694 0 51 43698 0 54 43744 0 52 43767 0 53 43827 0 54 43832 0 51 43886 0 67 43891 0 66 43897 0 79 43906 0 53 43914 0 90 43914 0 91 43914 0 92 43921 0 79 43941 0 52 43948 0 74 43948 0 75 43948 0 79 43983 0 
TIME iteration: 299 ms
Round:83
IR: 0, 0, 0, 0, 0
44011 0 54 44029 0 51 44073 0 53 44182 0 52 44201 0 54 44242 0 51 44278 0 67 44282 0 66 44284 0 79 44297 0 53 44306 0 74 44306 0 75 44306 0 90 44306 0 91 44306 0 92 44308 0 79 44322 0 54 44334 0 79 44357 0 52 44367 0 79 44432 0 79 44440 0 51 44455 0 54 44481 0 
TIME iteration: 298 ms
Round:84
IR: 0, 0, 0, 0, 0
44565 0 54 44573 0 52 44596 0 66 44596 0 67 44600 0 79 44610 0 75 44611 0 74 44614 0 51 44620 0 90 44620 0 91 44620 0 92 44624 0 79 44643 0 53 44650 0 79 44660 0 54 44672 0 75 44676 0 74 44683 0 52 44683 0 79 44747 0 79 44765 0 51 44767 0 53 44776 0 54 44810 0 52 44834 0 66 44836 0 67 44838 0 79 44852 0 74 44852 0 75 44858 0 90 44858 0 91 44858 0 92 44861 0 79 44886 0 53 44887 0 79 44898 0 51 44915 0 54 44919 0 79 44921 0 74 44921 0 75 44951 0 52 44976 0 79 45014 0 54 45023 0 
TIME iteration: 388 ms
Round:85
IR: 0, 0, 0, 0, 0
45054 0 67 45055 0 66 45057 0 79 45071 0 74 45071 0 75 45077 0 90 45077 0 91 45077 0 92 45080 0 79 45105 0 54 45106 0 79 45118 0 52 45130 0 51 45138 0 75 45138 0 79 45140 0 74 45165 0 53 45192 0 79 45251 0 51 45268 0 52 45307 0 54 45323 0 53 45369 0 67 45371 0 66 45374 0 79 45393 0 74 45393 0 75 45394 0 90 45394 0 91 45394 0 92 45397 0 79 45398 0 51 45419 0 54 45423 0 79 45455 0 79 45457 0 52 45497 0 51 45514 0 79 45520 0 
TIME iteration: 299 ms
Round:86
IR: 0, 0, 0, 0, 0
45612 0 52 45650 0 53 45663 0 54 45703 0 51 45777 0 52 45803 0 62 45804 0 63 45812 0 77 45814 0 51 45818 0 60 45818 0 61 45826 0 76 45830 0 90 45830 0 91 45830 0 92 45833 0 54 45836 0 77 45850 0 76 45863 0 77 45877 0 76 45888 0 53 45898 0 77 45901 0 70 45902 0 71 45907 0 69 45911 0 76 45922 0 68 45945 0 51 45945 0 52 45956 0 90 45956 0 91 45956 0 92 45960 0 54 46036 0 52 46073 0 
TIME iteration: 299 ms
Round:87
IR: 0, 0, 0, 0, 0
46114 0 54 46131 0 52 46143 0 51 46181 0 53 46244 0 52 46247 0 54 46254 0 62 46255 0 63 46259 0 77 46265 0 51 46283 0 77 46283 0 90 46283 0 91 46283 0 92 46288 0 70 46289 0 71 46309 0 77 46324 0 53 46337 0 51 46342 0 77 46361 0 54 46366 0 52 46403 0 77 46463 0 51 46481 0 52 46495 0 53 46533 0 54 46573 0 51 46592 0 60 46592 0 61 46599 0 76 46611 0 52 46613 0 53 46614 0 63 46615 0 62 46617 0 90 46617 0 91 46617 0 92 46619 0 77 46623 0 76 46634 0 70 46635 0 
TIME iteration: 299 ms
Round:88
IR: 0, 0, 0, 0, 0
46643 0 77 46644 0 68 46647 0 69 46650 0 76 46669 0 77 46684 0 76 46702 0 77 46711 0 54 46716 0 71 46720 0 70 46739 0 90 46739 0 91 46739 0 92 46757 0 53 46763 0 77 46790 0 52 46818 0 54 46835 0 51 46921 0 52 46929 0 53 46984 0 54 47007 0 51 47055 0 52 47061 0 53 47078 0 62 47078 0 63 47084 0 77 47107 0 90 47107 0 91 47107 0 92 47108 0 77 47113 0 70 47113 0 71 47114 0 54 47135 0 77 47162 0 52 47169 0 
TIME iteration: 299 ms
Round:89
IR: 0, 0, 0, 0, 0
47191 0 51 47245 0 77 47274 0 53 47286 0 52 47299 0 51 47300 0 54 47416 0 52 47417 0 53 47427 0 62 47427 0 63 47431 0 77 47445 0 71 47446 0 70 47452 0 90 47452 0 91 47452 0 92 47454 0 77 47480 0 77 47503 0 51 47512 0 77 47520 0 70 47521 0 71 47551 0 52 47566 0 53 47567 0 54 47568 0 77 47671 0 51 47679 0 52 47686 0 53 47696 0 62 47696 0 63 47699 0 
TIME iteration: 299 ms
Round:90
IR: 0, 0, 0, 0, 0
47717 0 70 47717 0 71 47719 0 90 47719 0 91 47719 0 92 47722 0 77 47748 0 77 47755 0 54 47780 0 77 47811 0 70 47812 0 71 47823 0 52 47834 0 77 47838 0 51 47935 0 54 47946 0 53 47947 0 52 47956 0 62 47956 0 63 47959 0 77 47977 0 70 47977 0 71 47979 0 90 47979 0 91 47979 0 92 47982 0 77 48001 0 51 48008 0 77 48040 0 77 48072 0 70 48081 0 54 48082 0 52 48082 0 53 48094 0 77 48161 0 51 48201 0 54 48212 0 
TIME iteration: 299 ms
Round:91
IR: 0, 0, 0, 0, 0
48241 0 52 48269 0 51 48272 0 62 48272 0 63 48276 0 77 48285 0 71 48296 0 90 48296 0 91 48296 0 92 48297 0 70 48299 0 77 48325 0 77 48341 0 52 48346 0 71 48353 0 53 48357 0 77 48387 0 54 48409 0 51 48413 0 77 48440 0 52 48544 0 51 48548 0 54 48568 0 53 48678 0 52 48694 0 54 48695 0 51 48695 0 53 48695 0 63 48697 0 62 48701 0 77 48702 0 60 48702 0 61 48709 0 67 48710 0 66 48710 0 76 48717 0 64 48717 0 65 48719 0 79 48720 0 70 48723 0 90 48723 0 91 48723 0 92 48725 0 77 48725 0 78 48726 0 71 48734 0 76 48743 0 79 48749 0 78 48752 0 
TIME iteration: 300 ms
Round:92
IR: 0, 0, 0, 0, 0
48761 0 76 48770 0 79 48776 0 78 48785 0 77 48792 0 68 48795 0 69 48795 0 76 48797 0 75 48805 0 79 48810 0 78 48811 0 73 48813 0 72 48815 0 53 48824 0 52 48824 0 74 48834 0 90 48834 0 91 48834 0 92 48851 0 77 48889 0 54 48891 0 51 48941 0 53 48955 0 52 49016 0 54 49078 0 51 49086 0 52 49156 0 54 49173 0 53 49180 0 66 49181 0 67 49186 0 79 49208 0 90 49208 0 91 49208 0 92 49210 0 79 49215 0 75 49216 0 74 49230 0 51 49237 0 79 49256 0 54 49271 0 
TIME iteration: 299 ms
Round:93
IR: 0, 0, 0, 0, 0
49300 0 53 49326 0 52 49353 0 79 49396 0 54 49427 0 53 49434 0 51 49500 0 54 49512 0 66 49512 0 67 49516 0 79 49529 0 74 49530 0 75 49537 0 90 49537 0 91 49537 0 92 49540 0 79 49566 0 79 49579 0 53 49598 0 74 49599 0 79 49606 0 75 49619 0 51 49632 0 54 49662 0 79 49670 0 52 49723 0 51 49769 0 54 49788 0 53 49788 0 67 49789 0 66 49792 0 79 49800 0 52 49809 0 74 49809 0 75 49812 0 90 49812 0 91 49812 0 92 49815 0 
TIME iteration: 299 ms
Round:94
IR: 0, 0, 0, 0, 0
49841 0 79 49873 0 79 49899 0 75 49904 0 51 49905 0 74 49931 0 79 49936 0 52 49956 0 53 50017 0 54 50023 0 51 50049 0 52 50075 0 53 50144 0 52 50147 0 62 50147 0 63 50152 0 51 50155 0 77 50166 0 61 50167 0 60 50172 0 90 50172 0 91 50172 0 92 50175 0 76 50179 0 77 50199 0 76 50206 0 77 50219 0 54 50220 0 71 50224 0 70 50226 0 76 50240 0 77 50244 0 68 50246 0 69 50250 0 53 50261 0 76 50295 0 90 50295 0 91 50295 0 92 50297 0 51 50301 0 52 50348 0 
TIME iteration: 299 ms
Round:95
IR: 0, 0, 0, 0, 0
50370 0 54 50414 0 51 50472 0 52 50493 0 53 50557 0 54 50580 0 51 50612 0 52 50615 0 53 50642 0 64 50642 0 65 50650 0 78 50667 0 62 50669 0 63 50671 0 90 50671 0 91 50671 0 92 50673 0 77 50674 0 78 50697 0 77 50701 0 78 50705 0 71 50706 0 70 50724 0 77 50735 0 51 50735 0 72 50735 0 73 50735 0 78 50743 0 52 50757 0 77 50770 0 53 50793 0 54 50794 0 90 50794 0 91 50794 0 92 50823 0 77 50870 0 
TIME iteration: 299 ms
Round:96
IR: 0, 0, 0, 0, 0
50880 0 52 50921 0 53 50985 0 54 51000 0 51 51117 0 53 51121 0 51 51136 0 52 51140 0 61 51141 0 60 51148 0 76 51170 0 90 51170 0 91 51170 0 92 51172 0 54 51172 0 76 51199 0 76 51201 0 68 51201 0 69 51233 0 76 51287 0 51 51311 0 53 51347 0 52 51355 0 54 51405 0 
TIME iteration: 298 ms
Round:97
IR: 0, 0, 0, 0, 0
51511 0 54 51514 0 53 51518 0 64 51519 0 65 51520 0 52 51526 0 78 51533 0 51 51545 0 90 51545 0 91 51545 0 92 51550 0 78 51574 0 72 51576 0 73 51577 0 78 51611 0 78 51623 0 52 51625 0 54 51647 0 53 51733 0 54 51736 0 51 51756 0 52 51804 0 53 51858 0 64 51858 0 65 51861 0 78 51865 0 54 51879 0 66 51880 0 67 51880 0 73 51881 0 72 51883 0 90 51883 0 91 51883 0 92 51884 0 78 51885 0 51 51889 0 79 51910 0 78 51913 0 79 51938 0 
TIME iteration: 299 ms
Round:98
IR: 0, 0, 0, 0, 0
51940 0 79 51942 0 78 51957 0 52 51967 0 74 51970 0 75 51975 0 79 51980 0 54 51996 0 78 52005 0 90 52005 0 91 52005 0 92 52006 0 51 52102 0 52 52106 0 51 52134 0 53 52237 0 52 52238 0 54 52248 0 51 52284 0 53 52394 0 51 52395 0 53 52400 0 61 52401 0 60 52402 0 64 52402 0 65 52408 0 78 52409 0 76 52426 0 90 52426 0 91 52426 0 92 52432 0 73 52432 0 78 52433 0 72 52433 0 76 52446 0 54 52459 0 78 52460 0 76 52462 0 
TIME iteration: 299 ms
Round:99
IR: 0, 0, 0, 0, 0
52473 0 68 52473 0 69 52493 0 78 52495 0 76 52557 0 90 52557 0 91 52557 0 92 52562 0 54 52567 0 51 52569 0 78 52581 0 53 52637 0 52 52728 0 51 52781 0 53 52783 0 52 52784 0 54 52864 0 51 52906 0 53 52919 0 61 52922 0 52 52922 0 60 52926 0 76 52942 0 62 52943 0 63 52945 0 65 52946 0 64 52950 0 76 52950 0 90 52950 0 91 52950 0 92 52951 0 77 52952 0 78 52957 0 68 52958 0 69 52975 0 77 52976 0 78 52977 0 73 52977 0 76 52978 0 72 52992 0 51 52996 0 
TIME iteration: 299 ms
Round:100
IR: 0, 0, 0, 0, 0
53002 0 77 53003 0 78 53007 0 54 53010 0 76 53032 0 70 53033 0 71 53037 0 77 53037 0 78 53041 0 52 53064 0 90 53064 0 91 53064 0 92 53077 0 76 53118 0 78 53128 0 51 53151 0 53 53194 0 52 53211 0 54 53281 0 53 53324 0 51 53385 0 54 53426 0 52 53503 0 53 53525 0 64 53526 0 
TIME iteration: 299 ms
Round:101
IR: 0, 0, 0, 0, 0
53532 0 78 53536 0 51 53544 0 52 53546 0 62 53547 0 63 53553 0 77 53556 0 78 53556 0 90 53556 0 91 53556 0 92 53560 0 72 53560 0 73 53577 0 77 53583 0 78 53589 0 70 53590 0 71 53604 0 77 53617 0 78 53638 0 77 53659 0 51 53672 0 54 53680 0 52 53682 0 90 53682 0 91 53682 0 92 53698 0 78 53719 0 77 53726 0 53 53777 0 51 53803 0 52 53846 0 53 53885 0 54 53915 0 51 53944 0 52 53963 0 53 54002 0 65 54004 0 64 54009 0 78 54032 0 72 54032 0 73 54032 0 90 54032 0 91 54032 0 92 54033 0 
TIME iteration: 443 ms
Round:102
IR: 0, 0, 0, 0, 0
54060 0 78 54064 0 52 54091 0 51 54094 0 78 54157 0 54 54169 0 78 54178 0 52 54221 0 53 54266 0 51 54351 0 52 54359 0 54 54398 0 62 54401 0 63 54407 0 77 54426 0 90 54426 0 91 54426 0 92 54431 0 77 54451 0 53 54451 0 70 54452 0 71 54458 0 77 54467 0 51 54492 0 77 54530 0 52 54537 0 
TIME iteration: 299 ms
Round:103
IR: 0, 0, 0, 0, 0
54625 0 51 54656 0 54 54660 0 53 54783 0 53 54789 0 54 54799 0 66 54799 0 67 54806 0 51 54808 0 79 54820 0 65 54821 0 64 54825 0 90 54825 0 91 54825 0 92 54826 0 52 54828 0 78 54832 0 79 54852 0 78 54859 0 79 54870 0 72 54871 0 73 54879 0 78 54883 0 53 54885 0 75 54887 0 74 54894 0 79 54913 0 78 54943 0 54 54948 0 90 54948 0 91 54948 0 92 54951 0 51 55003 0 52 55030 0 
TIME iteration: 299 ms
Round:104
IR: 0, 0, 0, 0, 0
55126 0 54 55141 0 51 55193 0 53 55217 0 52 55229 0 54 55287 0 66 55289 0 67 55294 0 79 55317 0 90 55317 0 91 55317 0 92 55318 0 79 55320 0 51 55323 0 74 55323 0 75 55332 0 54 55337 0 52 55345 0 79 55356 0 53 55379 0 79 55435 0 52 55492 0 54 55497 0 51 55527 0 53 55554 0 52 55620 0 63 55622 0 54 55623 0 62 55630 0 77 55647 0 66 55647 0 67 55647 0 90 55647 0 91 55647 0 
TIME iteration: 300 ms
Round:105
IR: 0, 0, 0, 0, 0
55651 0 79 55654 0 77 55667 0 75 55668 0 74 55674 0 79 55681 0 77 55687 0 70 55693 0 71 55700 0 79 55709 0 52 55714 0 53 55716 0 77 55732 0 79 55748 0 75 55763 0 74 55764 0 51 55768 0 90 55768 0 91 55768 0 92 55790 0 54 55792 0 79 55858 0 53 55876 0 52 55892 0 51 55978 0 54 56016 0 53 56055 0 51 56125 0 53 56137 0 54 56140 0 64 56140 0 65 56148 0 78 56168 0 66 56168 0 67 56170 0 90 56170 0 91 56170 0 92 56172 0 78 56174 0 
TIME iteration: 299 ms
Round:106
IR: 0, 0, 0, 0, 0
56198 0 79 56199 0 78 56206 0 74 56207 0 51 56207 0 75 56210 0 52 56212 0 72 56216 0 73 56225 0 79 56233 0 78 56259 0 79 56267 0 53 56293 0 90 56293 0 91 56293 0 92 56363 0 54 56365 0 52 56386 0 51 56398 0 53 56496 0 52 56509 0 53 56513 0 54 56630 0 52 56641 0 51 56649 0 54 56654 0 62 56654 0 63 56662 0 77 56671 0 66 56672 0 67 56677 0 79 56684 0 90 56684 0 91 56684 0 92 56686 0 77 56701 0 79 56702 0 74 56703 0 
TIME iteration: 299 ms
Round:107
IR: 0, 0, 0, 0, 0
56713 0 77 56717 0 70 56720 0 71 56728 0 79 56747 0 77 56753 0 53 56758 0 52 56761 0 79 56764 0 54 56774 0 51 56812 0 90 56812 0 91 56812 0 92 56833 0 79 56841 0 53 56883 0 54 56920 0 52 56926 0 51 56975 0 53 56992 0 54 57042 0 52 57103 0 51 57134 0 54 57155 0 66 57155 0 67 57161 0 79 57165 0 52 57174 0 62 57174 0 63 57179 0 77 57183 0 74 57183 0 75 57184 0 90 57184 0 91 57184 0 92 57185 0 79 57203 0 77 57210 0 71 57211 0 70 57212 0 79 57213 0 53 57230 0 
TIME iteration: 299 ms
Round:108
IR: 0, 0, 0, 0, 0
57246 0 79 57263 0 77 57295 0 52 57302 0 54 57310 0 90 57310 0 91 57310 0 92 57329 0 77 57348 0 51 57489 0 52 57509 0 51 57536 0 53 57541 0 54 57590 0 52 57659 0 63 57661 0 62 57666 0 77 57671 0 51 57689 0 52 57689 0 70 57689 0 90 57689 0 91 57689 0 92 57690 0 71 57690 0 77 57715 0 53 57717 0 77 57751 0 
TIME iteration: 299 ms
Round:109
IR: 0, 0, 0, 0, 0
57815 0 51 57823 0 52 57826 0 77 57871 0 54 57879 0 53 57958 0 51 57980 0 54 58017 0 53 58058 0 52 58061 0 64 58062 0 65 58070 0 78 58088 0 90 58088 0 91 58088 0 92 58094 0 78 58117 0 51 58121 0 78 58135 0 54 58145 0 53 58148 0 72 58153 0 73 58156 0 78 58199 0 52 58222 0 51 58299 0 
TIME iteration: 299 ms
Round:110
IR: 0, 0, 0, 0, 0
58303 0 53 58364 0 51 58376 0 65 58381 0 78 58382 0 64 58403 0 72 58404 0 73 58404 0 78 58404 0 90 58404 0 91 58404 0 92 58430 0 78 58461 0 78 58467 0 53 58473 0 54 58483 0 52 58506 0 51 58512 0 78 58617 0 53 58638 0 52 58668 0 51 58682 0 54 58772 0 53 58784 0 65 58785 0 64 58787 0 52 58789 0 78 58805 0 63 58805 0 73 58806 0 62 58806 0 72 58811 0 90 58811 0 91 58811 0 92 58813 0 78 58814 0 
TIME iteration: 299 ms
Round:111
IR: 0, 0, 0, 0, 0
58838 0 77 58839 0 78 58865 0 77 58872 0 71 58872 0 78 58873 0 70 58888 0 54 58892 0 51 58900 0 77 58933 0 78 58935 0 90 58935 0 91 58935 0 92 58936 0 53 58995 0 52 59058 0 54 59084 0 53 59105 0 51 59129 0 52 59199 0 54 59222 0 53 59266 0 52 59292 0 62 59292 0 63 59297 0 77 59305 0 54 59309 0 64 59310 0 65 59313 0 66 59313 0 67 59316 0 78 59321 0 77 59321 0 90 59321 0 91 59321 0 92 59322 0 79 59325 0 71 59326 0 70 59339 0 72 59339 0 73 59340 0 78 59346 0 79 59348 0 
TIME iteration: 300 ms
Round:112
IR: 0, 0, 0, 0, 0
59365 0 51 59367 0 78 59373 0 79 59381 0 77 59384 0 52 59391 0 53 59400 0 74 59401 0 75 59401 0 78 59408 0 79 59411 0 54 59436 0 90 59436 0 91 59436 0 92 59447 0 77 59477 0 52 59482 0 78 59490 0 51 59514 0 54 59516 0 53 59604 0 51 59608 0 52 59636 0 53 59736 0 54 59779 0 53 59796 0 65 59797 0 64 59800 0 52 59802 0 78 59825 0 72 59825 0 73 59825 0 90 59825 0 91 59825 0 92 59826 0 78 59853 0 51 59853 0 78 59885 0 54 59886 0 
TIME iteration: 299 ms
Round:113
IR: 0, 0, 0, 0, 0
59890 0 53 59953 0 78 60008 0 52 60008 0 53 60030 0 54 60041 0 51 60130 0 53 60138 0 64 60139 0 65 60143 0 78 60155 0 72 60156 0 73 60164 0 90 60164 0 91 60164 0 92 60167 0 78 60172 0 51 60193 0 78 60195 0 52 60203 0 54 60224 0 72 60226 0 78 60229 0 73 60274 0 53 60287 0 78 60338 0 51 60343 0 54 60382 0 
TIME iteration: 299 ms
Round:114
IR: 0, 0, 0, 0, 0
60425 0 53 60443 0 64 60443 0 65 60447 0 78 60465 0 72 60467 0 73 60467 0 90 60467 0 91 60467 0 92 60470 0 78 60496 0 78 60506 0 52 60528 0 78 60530 0 51 60572 0 53 60584 0 78 60586 0 54 60623 0 52 60669 0 51 60709 0 54 60732 0 53 60803 0 51 60803 0 52 60828 0 60 60828 0 61 60836 0 76 60844 0 63 60845 0 62 60853 0 77 60854 0 90 60854 0 91 60854 0 92 60860 0 76 60865 0 53 60877 0 77 60887 0 76 60904 0 77 60921 0 76 60924 0 70 60924 0 71 60927 0 69 60931 0 68 60932 0 51 60939 0 77 60948 0 
TIME iteration: 300 ms
Round:115
IR: 0, 0, 0, 0, 0
60971 0 53 60979 0 90 60979 0 91 60979 0 92 61069 0 52 61082 0 54 61087 0 51 61170 0 53 61200 0 52 61258 0 51 61273 0 53 61326 0 54 61340 0 64 61340 0 65 61348 0 78 61370 0 90 61370 0 91 61370 0 92 61372 0 78 61391 0 73 61394 0 51 61394 0 72 61399 0 78 61402 0 53 61429 0 52 61433 0 
TIME iteration: 299 ms
Round:116
IR: 0, 0, 0, 0, 0
61532 0 53 61559 0 51 61565 0 54 61586 0 52 61693 0 53 61709 0 54 61712 0 64 61712 0 65 61716 0 78 61736 0 72 61736 0 73 61738 0 90 61738 0 91 61738 0 92 61739 0 78 61765 0 78 61793 0 52 61797 0 78 61820 0 51 61847 0 53 61847 0 54 61853 0 78 61945 0 53 61980 0 54 61994 0 
TIME iteration: 299 ms
Round:117
IR: 0, 0, 0, 0, 0
62026 0 51 62034 0 65 62042 0 78 62055 0 64 62061 0 72 62062 0 73 62063 0 90 62063 0 91 62063 0 92 62065 0 78 62080 0 53 62088 0 54 62090 0 78 62120 0 78 62126 0 72 62131 0 73 62144 0 52 62163 0 78 62186 0 51 62207 0 53 62213 0 54 62305 0 51 62314 0 52 62339 0 53 62341 0 64 62341 0 65 62344 0 78 62346 0 54 62362 0 73 62364 0 72 62364 0 90 62364 0 91 62364 0 92 62367 0 78 62393 0 78 62425 0 78 62429 0 52 62450 0 51 62454 0 73 62479 0 78 62498 0 53 62504 0 
TIME iteration: 308 ms
Round:118
IR: 0, 0, 0, 0, 0
62592 0 51 62620 0 52 62642 0 54 62723 0 53 62749 0 52 62753 0 64 62754 0 65 62758 0 78 62767 0 62 62767 0 63 62775 0 72 62775 0 77 62780 0 90 62780 0 91 62780 0 92 62782 0 78 62785 0 73 62795 0 51 62799 0 77 62808 0 78 62826 0 77 62841 0 78 62853 0 54 62853 0 70 62860 0 77 62861 0 71 62865 0 72 62902 0 78 62907 0 90 62907 0 91 62907 0 92 62912 0 53 62914 0 52 62935 0 51 63037 0 51 63040 0 52 63052 0 54 63055 0 
TIME iteration: 299 ms
Round:119
IR: 0, 0, 0, 0, 0
63164 0 51 63195 0 54 63208 0 52 63229 0 60 63229 0 61 63237 0 76 63258 0 90 63258 0 91 63258 0 92 63261 0 76 63288 0 76 63308 0 51 63320 0 69 63322 0 76 63323 0 68 63344 0 54 63374 0 53 63425 0 51 63426 0 52 63493 0 54 63577 0 51 63580 0 61 63581 0 60 63584 0 
TIME iteration: 298 ms
Round:120
IR: 0, 0, 0, 0, 0
63606 0 69 63606 0 90 63606 0 91 63606 0 92 63607 0 68 63607 0 76 63628 0 52 63628 0 53 63628 0 54 63633 0 76 63665 0 76 63700 0 51 63720 0 76 63753 0 53 63764 0 54 63840 0 52 63866 0 54 63890 0 53 63912 0 67 63914 0 66 63922 0 79 63938 0 90 63938 0 91 63938 0 92 63940 0 51 63946 0 79 63962 0 52 63973 0 79 63997 0 54 63998 0 53 64006 0 74 64008 0 79 64011 0 75 64053 0 52 64110 0 51 64116 0 54 64117 0 
TIME iteration: 299 ms
Round:121
IR: 0, 0, 0, 0, 0
64176 0 52 64177 0 67 64181 0 66 64181 0 79 64200 0 74 64200 0 75 64202 0 90 64202 0 91 64202 0 92 64204 0 79 64227 0 53 64230 0 79 64262 0 79 64270 0 51 64284 0 54 64291 0 75 64298 0 74 64317 0 79 64320 0 52 64408 0 52 64415 0 53 64445 0 54 64463 0 66 64464 0 67 64467 0 79 64478 0 51 64485 0 74 64486 0 75 64487 0 90 64487 0 91 64487 0 92 64490 0 79 64491 0 52 64516 0 79 64548 0 79 64561 0 53 64593 0 52 64604 0 79 64609 0 
TIME iteration: 299 ms
Round:122
IR: 0, 0, 0, 0, 0
64662 0 51 64721 0 52 64740 0 53 64796 0 54 64826 0 51 64845 0 52 64846 0 62 64846 0 63 64854 0 77 64872 0 90 64872 0 91 64872 0 92 64878 0 77 64905 0 77 64936 0 71 64939 0 77 64941 0 70 64943 0 53 64968 0 54 64979 0 51 65040 0 53 65101 0 51 65121 0 54 65166 0 53 65167 0 
TIME iteration: 299 ms
Round:123
IR: 0, 0, 0, 0, 0
65191 0 64 65191 0 65 65199 0 78 65216 0 90 65216 0 91 65216 0 92 65223 0 78 65225 0 51 65250 0 78 65278 0 73 65284 0 78 65296 0 72 65297 0 53 65306 0 54 65312 0 52 65415 0 53 65451 0 51 65454 0 64 65455 0 65 65456 0 78 65467 0 52 65474 0 73 65475 0 72 65478 0 90 65478 0 91 65478 0 92 65479 0 78 65505 0 78 65536 0 78 65547 0 51 65553 0 73 65568 0 53 65586 0 78 65617 0 52 65620 0 54 65651 0 
TIME iteration: 299 ms
Round:124
IR: 0, 0, 0, 0, 0
65737 0 53 65771 0 51 65789 0 60 65789 0 64 65789 0 65 65790 0 61 65793 0 78 65798 0 76 65803 0 72 65812 0 90 65812 0 91 65812 0 92 65815 0 73 65816 0 78 65822 0 76 65832 0 52 65842 0 78 65849 0 76 65865 0 72 65874 0 78 65879 0 68 65882 0 69 65884 0 76 65893 0 53 65910 0 54 65930 0 78 65941 0 90 65941 0 91 65941 0 92 65983 0 52 66034 0 51 66040 0 53 66068 0 54 66188 0 52 66210 0 51 66210 0 53 66246 0 
TIME iteration: 299 ms
Round:125
IR: 0, 0, 0, 0, 0
66328 0 52 66330 0 51 66343 0 61 66344 0 60 66349 0 76 66361 0 62 66361 0 63 66369 0 77 66373 0 76 66374 0 54 66374 0 90 66374 0 91 66374 0 92 66382 0 68 66384 0 69 66393 0 77 66400 0 76 66420 0 77 66433 0 76 66439 0 70 66443 0 71 66454 0 77 66478 0 52 66487 0 53 66500 0 76 66502 0 90 66502 0 91 66502 0 92 66505 0 51 66553 0 54 66606 0 51 66661 0 53 66761 0 51 66773 0 
TIME iteration: 299 ms
Round:126
IR: 0, 0, 0, 0, 0
66859 0 52 66932 0 53 66968 0 51 66979 0 61 66980 0 60 66986 0 76 67010 0 76 67011 0 90 67011 0 91 67011 0 92 67020 0 69 67021 0 68 67037 0 76 67051 0 52 67065 0 54 67071 0 76 67077 0 51 67077 0 53 67138 0 52 67152 0 76 67182 0 54 67194 0 53 67203 0 51 67243 0 52 67291 0 62 67292 0 63 67294 0 54 67299 0 
TIME iteration: 299 ms
Round:127
IR: 0, 0, 0, 0, 0
67316 0 90 67316 0 91 67316 0 92 67323 0 77 67339 0 52 67343 0 53 67350 0 77 67352 0 70 67352 0 71 67356 0 51 67384 0 77 67434 0 52 67460 0 51 67488 0 54 67552 0 53 67567 0 51 67607 0 60 67609 0 61 67610 0 52 67615 0 76 67632 0 90 67632 0 91 67632 0 92 67639 0 76 67647 0 69 67648 0 68 67650 0 51 67666 0 76 67700 0 76 67707 0 54 67711 0 53 67738 0 52 67779 0 51 67817 0 
TIME iteration: 299 ms
Round:128
IR: 0, 0, 0, 0, 0
67877 0 51 67890 0 53 67900 0 60 67900 0 61 67902 0 76 67915 0 68 67916 0 69 67924 0 90 67924 0 91 67924 0 92 67925 0 76 67932 0 52 67951 0 76 67960 0 54 67982 0 68 67982 0 76 67984 0 69 68008 0 53 68033 0 76 68095 0 52 68117 0 51 68119 0 54 68134 0 53 68212 0 52 68223 0 54 68257 0 51 68257 0 66 68257 0 67 68266 0 79 68268 0 63 68269 0 60 68269 0 61 68271 0 62 68273 0 76 68277 0 77 68282 0 90 68282 0 91 68282 0 92 68286 0 53 68290 0 79 68296 0 68 68296 0 69 68296 0 76 68301 0 77 68317 0 79 68322 0 76 68328 0 77 68331 0 71 68332 0 70 68345 0 52 68349 0 54 68352 0 79 68353 0 74 68354 0 76 68358 0 75 68362 0 
TIME iteration: 300 ms
Round:129
IR: 0, 0, 0, 0, 0
68397 0 90 68397 0 91 68397 0 92 68398 0 53 68410 0 76 68428 0 51 68461 0 52 68491 0 54 68524 0 53 68585 0 52 68602 0 51 68635 0 53 68650 0 54 68762 0 54 68771 0 66 68771 0 67 68777 0 79 68800 0 90 68800 0 91 68800 0 92 68801 0 79 68803 0 51 68808 0 75 68809 0 74 68828 0 79 68832 0 52 68836 0 53 68862 0 
TIME iteration: 298 ms
Round:130
IR: 0, 0, 0, 0, 0
68937 0 51 68942 0 54 68945 0 52 69044 0 53 69058 0 51 69089 0 52 69138 0 63 69139 0 60 69140 0 54 69140 0 61 69140 0 62 69146 0 77 69147 0 76 69162 0 90 69162 0 91 69162 0 92 69170 0 77 69171 0 76 69180 0 51 69191 0 69 69192 0 68 69194 0 71 69195 0 70 69197 0 77 69198 0 76 69231 0 77 69232 0 76 69244 0 53 69266 0 54 69289 0 52 69292 0 90 69292 0 91 69292 0 92 69323 0 51 69355 0 
TIME iteration: 299 ms
Round:131
IR: 0, 0, 0, 0, 0
69451 0 53 69467 0 54 69474 0 51 69493 0 52 69578 0 54 69585 0 53 69599 0 66 69600 0 67 69607 0 79 69628 0 90 69628 0 91 69628 0 92 69631 0 79 69636 0 51 69639 0 52 69648 0 75 69652 0 74 69658 0 79 69692 0 79 69749 0 54 69776 0 52 69798 0 53 69810 0 51 69877 0 54 69907 0 52 69921 0 51 69931 0 66 69932 0 67 69935 0 79 69952 0 75 69953 0 74 69956 0 90 69956 0 91 69956 0 92 69958 0 
TIME iteration: 299 ms
Round:132
IR: 0, 0, 0, 0, 0
69984 0 79 70016 0 79 70041 0 51 70044 0 75 70045 0 52 70052 0 54 70072 0 79 70076 0 53 70187 0 51 70209 0 53 70244 0 52 70256 0 54 70305 0 66 70306 0 67 70310 0 79 70324 0 74 70331 0 90 70331 0 91 70331 0 92 70334 0 75 70334 0 79 70361 0 52 70361 0 79 70362 0 51 70364 0 53 70394 0 79 70398 0 74 70417 0 54 70465 0 79 70488 0 
TIME iteration: 299 ms
Round:133
IR: 0, 0, 0, 0, 0
70491 0 51 70548 0 53 70571 0 54 70621 0 52 70624 0 66 70627 0 67 70630 0 79 70640 0 75 70650 0 74 70650 0 90 70650 0 91 70650 0 92 70654 0 79 70658 0 51 70680 0 79 70693 0 54 70696 0 53 70705 0 75 70713 0 79 70777 0 79 70804 0 52 70824 0 53 70838 0 54 70841 0 51 70936 0 54 70941 0 67 70942 0 66 70946 0 79 70955 0 74 70964 0 75 70966 0 90 70966 0 91 70966 0 92 70970 0 79 70971 0 51 70997 0 79 71007 0 52 71010 0 53 71017 0 
TIME iteration: 299 ms
Round:134
IR: 0, 0, 0, 0, 0
71030 0 79 71055 0 54 71096 0 79 71101 0 51 71110 0 53 71143 0 52 71209 0 53 71214 0 54 71240 0 51 71248 0 64 71249 0 65 71257 0 78 71265 0 66 71265 0 67 71268 0 52 71269 0 79 71273 0 90 71273 0 91 71273 0 92 71279 0 75 71281 0 78 71288 0 74 71292 0 79 71293 0 53 71308 0 78 71318 0 79 71341 0 75 71342 0 73 71343 0 78 71350 0 79 71354 0 72 71375 0 53 71385 0 51 71397 0 90 71397 0 91 71397 0 92 71408 0 79 71451 0 54 71475 0 52 71526 0 51 71537 0 
TIME iteration: 306 ms
Round:135
IR: 0, 0, 0, 0, 0
71609 0 54 71633 0 52 71647 0 51 71712 0 53 71737 0 52 71758 0 62 71758 0 63 71766 0 77 71788 0 90 71788 0 91 71788 0 92 71790 0 77 71806 0 54 71817 0 77 71850 0 70 71851 0 77 71863 0 51 71863 0 71 71872 0 52 71885 0 53 71940 0 54 71997 0 53 72024 0 52 72058 0 54 72064 0 63 72065 0 62 72067 0 
TIME iteration: 299 ms
Round:136
IR: 0, 0, 0, 0, 0
72080 0 51 72087 0 70 72088 0 71 72089 0 90 72089 0 91 72089 0 92 72090 0 77 72116 0 77 72117 0 53 72122 0 52 72148 0 77 72201 0 77 72232 0 54 72268 0 51 72319 0 53 72320 0 52 72361 0 54 72428 0 51 72474 0 54 72476 0 66 72477 0 67 72485 0 79 72486 0 52 72499 0 53 72502 0 60 72503 0 61 72503 0 90 72503 0 91 72503 0 92 72509 0 79 72511 0 76 72535 0 76 72536 0 79 72544 0 75 72545 0 74 72562 0 76 72567 0 51 72571 0 79 72596 0 69 72597 0 76 72602 0 54 72605 0 
TIME iteration: 299 ms
Round:137
IR: 0, 0, 0, 0, 0
72625 0 90 72625 0 91 72625 0 92 72715 0 51 72716 0 52 72771 0 53 72817 0 54 72880 0 52 72900 0 51 72925 0 53 73012 0 54 73050 0 52 73051 0 51 73061 0 61 73062 0 60 73067 0 76 73070 0 62 73071 0 63 73078 0 77 73091 0 66 73091 0 76 73091 0 90 73091 0 91 73091 0 92 73099 0 53 73102 0 77 73103 0 68 73103 0 69 73106 0 79 73118 0 76 73129 0 71 73129 0 77 73131 0 70 73137 0 
TIME iteration: 299 ms
Round:138
IR: 0, 0, 0, 0, 0
73151 0 76 73163 0 77 73187 0 52 73187 0 79 73210 0 90 73210 0 91 73210 0 92 73218 0 76 73219 0 54 73227 0 51 73243 0 53 73330 0 53 73353 0 52 73361 0 54 73366 0 51 73443 0 53 73498 0 54 73505 0 52 73509 0 65 73513 0 64 73519 0 78 73539 0 90 73539 0 91 73539 0 92 73543 0 78 73565 0 51 73566 0 53 73570 0 78 73595 0 72 73601 0 73 73604 0 78 73622 0 
TIME iteration: 299 ms
Round:139
IR: 0, 0, 0, 0, 0
73688 0 53 73692 0 52 73719 0 51 73792 0 54 73865 0 53 73877 0 51 73878 0 64 73878 0 65 73882 0 78 73886 0 52 73904 0 90 73904 0 91 73904 0 92 73905 0 73 73905 0 78 73906 0 72 73909 0 54 73931 0 78 73963 0 78 73990 0 52 74019 0 78 74026 0 51 74042 0 54 74089 0 53 74155 0 51 74164 0 
TIME iteration: 298 ms
Round:140
IR: 0, 0, 0, 0, 0
74206 0 53 74219 0 54 74249 0 64 74250 0 65 74254 0 78 74269 0 72 74270 0 73 74273 0 51 74275 0 90 74275 0 91 74275 0 92 74278 0 78 74304 0 78 74337 0 78 74352 0 52 74354 0 72 74370 0 73 74386 0 51 74394 0 53 74396 0 54 74398 0 78 74458 0 52 74513 0 54 74543 0 53 74555 0 65 74556 0 64 74559 0 78 74566 0 51 74579 0 72 74579 0 73 74580 0 90 74580 0 91 74580 0 92 74582 0 52 74582 0 78 74608 0 78 74625 0 54 74640 0 78 74659 0 53 74660 0 51 74695 0 
TIME iteration: 299 ms
Round:141
IR: 0, 0, 0, 0, 0
74736 0 54 74763 0 52 74789 0 51 74817 0 53 74870 0 54 74903 0 67 74904 0 66 74913 0 79 74928 0 53 74929 0 90 74929 0 91 74929 0 92 74937 0 79 74963 0 52 74964 0 79 74988 0 75 74991 0 74 74997 0 51 74999 0 79 75025 0 53 75065 0 54 75106 0 51 75117 0 53 75126 0 52 75184 0 51 75199 0 54 75209 0 60 75210 0 61 75218 0 76 75229 0 66 75229 0 67 75232 0 79 75234 0 90 75234 0 91 75234 0 92 75242 0 76 75249 0 53 75253 0 74 75254 0 75 75255 0 
TIME iteration: 299 ms
Round:142
IR: 0, 0, 0, 0, 0
75269 0 76 75281 0 79 75296 0 68 75300 0 69 75304 0 76 75307 0 52 75311 0 51 75313 0 79 75357 0 90 75357 0 91 75357 0 92 75367 0 54 75369 0 79 75390 0 53 75449 0 51 75483 0 52 75512 0 54 75551 0 53 75583 0 51 75647 0 53 75684 0 54 75687 0 64 75688 0 65 75696 0 78 75717 0 90 75717 0 91 75717 0 92 75720 0 78 75747 0 78 75749 0 52 75752 0 72 75753 0 73 75765 0 51 75776 0 53 75782 0 
TIME iteration: 299 ms
Round:143
IR: 0, 0, 0, 0, 0
75849 0 54 75935 0 51 75955 0 53 75989 0 52 76030 0 54 76069 0 51 76098 0 60 76099 0 61 76106 0 76 76118 0 53 76124 0 64 76124 0 65 76125 0 90 76125 0 91 76125 0 92 76129 0 78 76130 0 76 76153 0 78 76154 0 68 76155 0 72 76155 0 73 76157 0 76 76159 0 69 76180 0 78 76189 0 52 76191 0 76 76195 0 54 76213 0 78 76237 0 51 76247 0 90 76247 0 91 76247 0 92 76279 0 78 76310 0 
TIME iteration: 299 ms
Round:144
IR: 0, 0, 0, 0, 0
76368 0 54 76396 0 52 76425 0 51 76548 0 54 76562 0 52 76585 0 51 76591 0 53 76655 0 61 76656 0 60 76661 0 76 76685 0 76 76686 0 90 76686 0 91 76686 0 92 76687 0 52 76691 0 54 76692 0 68 76693 0 69 76694 0 51 76712 0 76 76736 0 53 76745 0 76 76812 0 76 76826 0 52 76827 0 
TIME iteration: 299 ms
Round:145
IR: 0, 0, 0, 0, 0
76871 0 53 76924 0 54 76954 0 51 76986 0 53 76987 0 60 76987 0 61 76991 0 76 77004 0 68 77005 0 69 77012 0 90 77012 0 91 77012 0 92 77014 0 76 77040 0 76 77053 0 51 77068 0 52 77072 0 76 77076 0 68 77079 0 69 77110 0 53 77110 0 54 77128 0 76 77177 0 52 77202 0 51 77249 0 60 77249 0 61 77252 0 76 77268 0 68 77269 0 69 77270 0 53 77272 0 90 77272 0 91 77272 0 92 77275 0 76 77301 0 76 77328 0 52 77333 0 76 77335 0 54 77345 0 68 77349 0 
TIME iteration: 299 ms
Round:146
IR: 0, 0, 0, 0, 0
77387 0 76 77442 0 53 77453 0 51 77487 0 54 77503 0 52 77562 0 53 77614 0 52 77615 0 51 77626 0 60 77626 0 61 77626 0 64 77627 0 65 77631 0 76 77635 0 78 77638 0 62 77638 0 63 77646 0 77 77649 0 90 77649 0 91 77649 0 92 77654 0 68 77655 0 69 77655 0 76 77659 0 78 77670 0 77 77682 0 76 77684 0 53 77686 0 78 77691 0 54 77697 0 77 77705 0 72 77706 0 73 77715 0 76 77719 0 52 77721 0 78 77731 0 77 77734 0 70 77735 0 71 77760 0 51 77765 0 90 77765 0 91 77765 0 92 77780 0 76 77793 0 53 77813 0 54 77851 0 52 77894 0 
TIME iteration: 299 ms
Round:147
IR: 0, 0, 0, 0, 0
77968 0 54 77972 0 51 78006 0 52 78071 0 53 78099 0 54 78111 0 52 78120 0 62 78120 0 63 78125 0 65 78125 0 77 78129 0 64 78130 0 67 78131 0 66 78132 0 78 78139 0 79 78148 0 90 78148 0 91 78148 0 92 78149 0 77 78155 0 70 78155 0 71 78156 0 78 78162 0 72 78163 0 73 78163 0 79 78176 0 77 78183 0 78 78190 0 79 78195 0 51 78209 0 77 78216 0 78 78225 0 74 78225 0 79 78226 0 75 78238 0 52 78265 0 90 78265 0 91 78265 0 92 78275 0 77 78281 0 78 78298 0 53 78320 0 54 78364 0 
TIME iteration: 299 ms
Round:148
IR: 0, 0, 0, 0, 0
78456 0 52 78464 0 53 78495 0 54 78526 0 51 78574 0 53 78586 0 52 78613 0 64 78613 0 65 78617 0 54 78619 0 78 78641 0 66 78641 0 67 78642 0 73 78642 0 90 78642 0 91 78642 0 92 78643 0 72 78643 0 78 78647 0 79 78665 0 51 78670 0 78 78671 0 79 78679 0 74 78679 0 75 78698 0 79 78704 0 78 78719 0 53 78732 0 79 78756 0 52 78764 0 90 78764 0 91 78764 0 92 78780 0 78 78822 0 54 78848 0 51 78908 0 52 78943 0 54 78962 0 
TIME iteration: 299 ms
Round:149
IR: 0, 0, 0, 0, 0
78972 0 53 79063 0 52 79076 0 54 79091 0 51 79106 0 66 79106 0 67 79111 0 60 79111 0 79 79112 0 61 79120 0 76 79133 0 90 79133 0 91 79133 0 92 79134 0 75 79135 0 74 79135 0 79 79144 0 76 79162 0 79 79171 0 76 79179 0 53 79187 0 69 79190 0 68 79194 0 54 79196 0 79 79198 0 51 79206 0 76 79222 0 52 79264 0 90 79264 0 91 79264 0 92 79317 0 54 79340 0 53 79357 0 52 79369 0 51 79417 0 54 79476 0 53 79486 0 
TIME iteration: 299 ms
Round:150
IR: 0, 0, 0, 0, 0
79521 0 54 79522 0 51 79552 0 67 79553 0 66 79558 0 79 79578 0 74 79578 0 75 79581 0 90 79581 0 91 79581 0 92 79582 0 79 79595 0 53 79600 0 52 79609 0 79 79643 0 79 79713 0 51 79713 0 53 79725 0 54 79750 0 52 79826 0 53 79826 0 54 79884 0 67 79889 0 65 79890 0 64 79890 0 79 79892 0 66 79894 0 51 79898 0 78 79902 0 53 79904 0 74 79905 0 75 79911 0 90 79911 0 91 79911 0 92 79913 0 52 79913 0 79 79922 0 78 79933 0 54 79939 0 79 79949 0 78 79959 0 73 79960 0 72 79971 0 74 79971 0 79 79973 0 75 79984 0 78 80019 0 53 80026 0 
TIME iteration: 299 ms
Round:151
IR: 0, 0, 0, 0, 0
80036 0 52 80040 0 90 80040 0 91 80040 0 92 80055 0 51 80069 0 54 80152 0 52 80171 0 53 80177 0 54 80244 0 51 80284 0 54 80289 0 53 80324 0 52 80331 0 66 80332 0 67 80333 0 51 80337 0 79 80360 0 90 80360 0 91 80360 0 92 80361 0 79 80364 0 74 80365 0 75 80388 0 79 80421 0 79 80427 0 53 80437 0 52 80463 0 54 80468 0 51 80495 0 79 80517 0 
TIME iteration: 304 ms
Round:152
IR: 0, 0, 0, 0, 0
80610 0 53 80650 0 52 80667 0 51 80668 0 62 80668 0 63 80676 0 77 80686 0 54 80693 0 90 80693 0 91 80693 0 92 80700 0 77 80727 0 77 80755 0 70 80761 0 77 80763 0 52 80765 0 71 80800 0 53 80801 0 51 80855 0 52 80862 0 54 80903 0 62 80905 0 63 80905 0 77 80908 0 51 80921 0 70 80922 0 71 80927 0 90 80927 0 91 80927 0 92 80928 0 77 80954 0 77 80985 0 77 80992 0 71 80994 0 70 80996 0 54 81011 0 53 81012 0 52 81015 0 51 81034 0 
TIME iteration: 299 ms
Round:153
IR: 0, 0, 0, 0, 0
81139 0 52 81158 0 51 81163 0 62 81163 0 63 81166 0 77 81182 0 70 81183 0 71 81186 0 90 81186 0 91 81186 0 92 81189 0 77 81214 0 54 81215 0 77 81228 0 53 81247 0 77 81260 0 70 81264 0 71 81295 0 52 81301 0 77 81303 0 51 81332 0 54 81364 0 53 81447 0 54 81455 0 51 81495 0 53 81500 0 67 81501 0 66 81509 0 79 81525 0 90 81525 0 91 81525 0 92 81533 0 79 81545 0 51 81560 0 52 81560 0 79 81565 0 74 81568 0 75 81592 0 54 81595 0 79 81599 0 
TIME iteration: 300 ms
Round:154
IR: 0, 0, 0, 0, 0
81649 0 51 81708 0 54 81726 0 53 81750 0 51 81792 0 52 81806 0 60 81807 0 61 81815 0 76 81831 0 90 81831 0 91 81831 0 92 81839 0 76 81866 0 76 81883 0 54 81895 0 53 81898 0 69 81901 0 76 81902 0 68 81907 0 51 81973 0 52 82030 0 51 82040 0 54 82049 0 53 82078 0 60 82080 0 61 82081 0 76 82100 0 68 82100 0 69 82102 0 90 82102 0 91 82102 0 92 82104 0 52 82104 0 76 82130 0 54 82130 0 
TIME iteration: 299 ms
Round:155
IR: 0, 0, 0, 0, 0
82161 0 76 82210 0 51 82212 0 76 82216 0 53 82223 0 52 82257 0 54 82334 0 52 82337 0 51 82358 0 54 82393 0 53 82398 0 66 82398 0 67 82406 0 79 82422 0 90 82422 0 91 82422 0 92 82430 0 79 82454 0 74 82454 0 75 82457 0 79 82492 0 79 82506 0 54 82530 0 53 82533 0 51 82560 0 
TIME iteration: 299 ms
Round:156
IR: 0, 0, 0, 0, 0
82691 0 54 82717 0 53 82743 0 52 82764 0 51 82784 0 67 82792 0 79 82796 0 66 82815 0 79 82816 0 74 82816 0 90 82816 0 91 82816 0 92 82817 0 75 82820 0 53 82841 0 79 82849 0 54 82872 0 79 82893 0 51 82919 0 53 82923 0 79 82942 0 52 82994 0 51 83029 0 54 83039 0 53 83093 0 52 83113 0 51 83130 0 61 83131 0 60 83138 0 76 83155 0 90 83155 0 91 83155 0 92 83162 0 76 83189 0 69 83189 0 76 83191 0 68 83194 0 
TIME iteration: 299 ms
Round:157
IR: 0, 0, 0, 0, 0
83223 0 76 83230 0 53 83242 0 52 83307 0 51 83351 0 52 83364 0 53 83475 0 51 83510 0 52 83512 0 60 83512 0 61 83516 0 76 83523 0 54 83528 0 62 83528 0 63 83536 0 77 83537 0 69 83538 0 68 83538 0 90 83538 0 91 83538 0 92 83539 0 76 83560 0 77 83563 0 53 83565 0 76 83587 0 77 83597 0 76 83620 0 71 83621 0 77 83622 0 70 83653 0 76 83654 0 54 83663 0 90 83663 0 91 83663 0 92 83669 0 51 83692 0 53 83723 0 
TIME iteration: 299 ms
Round:158
IR: 0, 0, 0, 0, 0
83798 0 53 83810 0 54 83894 0 51 83918 0 52 83999 0 53 84001 0 54 84046 0 51 84068 0 65 84071 0 64 84078 0 78 84087 0 52 84096 0 60 84099 0 61 84100 0 90 84100 0 91 84100 0 92 84102 0 78 84104 0 76 84128 0 76 84129 0 78 84131 0 68 84132 0 69 84154 0 54 84155 0 76 84161 0 73 84162 0 72 84164 0 78 84176 0 51 84189 0 76 84195 0 53 84223 0 90 84223 0 91 84223 0 
TIME iteration: 299 ms
Round:159
IR: 0, 0, 0, 0, 0
84270 0 76 84308 0 51 84309 0 52 84318 0 54 84340 0 53 84428 0 51 84444 0 52 84479 0 54 84517 0 53 84525 0 51 84539 0 60 84540 0 61 84545 0 76 84565 0 68 84566 0 69 84568 0 90 84568 0 91 84568 0 92 84569 0 76 84590 0 52 84596 0 76 84629 0 76 84631 0 54 84679 0 51 84696 0 76 84701 0 53 84710 0 52 84781 0 51 84799 0 
TIME iteration: 299 ms
Round:160
IR: 0, 0, 0, 0, 0
84840 0 53 84851 0 52 84862 0 61 84865 0 60 84868 0 76 84878 0 68 84879 0 69 84888 0 90 84888 0 91 84888 0 92 84892 0 76 84903 0 51 84918 0 76 84943 0 68 84945 0 69 84951 0 76 84966 0 54 84978 0 53 85012 0 76 85054 0 52 85083 0 54 85084 0 53 85104 0 51 85190 0 52 85245 0 51 85249 0 61 85250 0 60 85254 0 76 85275 0 90 85275 0 91 85275 0 92 85276 0 53 85278 0 68 85278 0 69 85278 0 76 85281 0 54 85304 0 
TIME iteration: 299 ms
Round:161
IR: 0, 0, 0, 0, 0
85337 0 76 85359 0 52 85391 0 51 85398 0 76 85448 0 54 85520 0 53 85521 0 52 85546 0 51 85614 0 61 85615 0 60 85619 0 76 85624 0 53 85634 0 68 85634 0 69 85640 0 90 85640 0 91 85640 0 92 85643 0 76 85653 0 54 85669 0 76 85676 0 52 85685 0 51 85702 0 76 85713 0 69 85714 0 53 85718 0 68 85763 0 76 85789 0 
TIME iteration: 299 ms
Round:162
IR: 0, 0, 0, 0, 0
85880 0 53 85910 0 51 85921 0 54 85928 0 52 85959 0 61 85961 0 60 85964 0 76 85981 0 66 85985 0 90 85985 0 91 85985 0 92 85986 0 69 85987 0 68 85987 0 76 86001 0 79 86013 0 76 86032 0 54 86034 0 79 86037 0 53 86044 0 52 86045 0 76 86101 0 76 86101 0 79 86125 0 90 86125 0 91 86125 0 92 86130 0 51 86147 0 52 86163 0 54 86192 0 53 86275 0 52 86295 0 51 86316 0 54 86339 0 53 86385 0 
TIME iteration: 299 ms
Round:163
IR: 0, 0, 0, 0, 0
86449 0 60 86449 0 61 86455 0 76 86471 0 52 86476 0 69 86478 0 68 86478 0 90 86478 0 91 86478 0 92 86479 0 76 86480 0 54 86483 0 51 86496 0 53 86506 0 76 86540 0 76 86596 0 52 86616 0 76 86630 0 54 86692 0 52 86721 0 53 86761 0 51 86782 0 54 86806 0 52 86809 0 62 86809 0 63 86817 0 77 86835 0 90 86835 0 91 86835 0 92 86841 0 77 86855 0 53 86868 0 77 86898 0 71 86902 0 
TIME iteration: 299 ms
Round:164
IR: 0, 0, 0, 0, 0
86922 0 70 86929 0 52 86967 0 53 87008 0 51 87021 0 52 87028 0 54 87049 0 62 87049 0 63 87050 0 77 87067 0 71 87069 0 70 87072 0 90 87072 0 91 87072 0 92 87073 0 77 87099 0 77 87123 0 53 87130 0 77 87140 0 71 87153 0 70 87158 0 54 87173 0 52 87179 0 77 87182 0 51 87295 0 54 87304 0 53 87321 0 51 87331 0 52 87349 0 62 87349 0 63 87352 0 77 87371 0 70 87371 0 71 87373 0 90 87373 0 91 87373 0 92 87375 0 77 87401 0 77 87433 0 77 87439 0 54 87447 0 
TIME iteration: 299 ms
Round:165
IR: 0, 0, 0, 0, 0
87465 0 71 87477 0 51 87487 0 77 87490 0 53 87547 0 52 87568 0 51 87592 0 63 87594 0 62 87596 0 77 87599 0 54 87600 0 70 87612 0 71 87616 0 90 87616 0 91 87616 0 92 87619 0 77 87645 0 77 87646 0 53 87652 0 70 87677 0 77 87679 0 54 87684 0 52 87686 0 51 87687 0 71 87730 0 77 87780 0 53 87791 0 54 87799 0 51 87841 0 52 87880 0 62 87883 0 63 87885 0 77 87900 0 70 87904 0 71 87905 0 90 87905 0 91 87905 0 92 87908 0 77 87916 0 53 87924 0 54 87934 0 77 87948 0 51 87965 0 52 87966 0 77 87977 0 
TIME iteration: 299 ms
Round:166
IR: 0, 0, 0, 0, 0
88021 0 77 88079 0 51 88096 0 53 88098 0 54 88107 0 52 88186 0 51 88187 0 62 88190 0 63 88192 0 77 88196 0 54 88201 0 71 88212 0 70 88213 0 90 88213 0 91 88213 0 92 88215 0 77 88241 0 77 88249 0 52 88261 0 71 88273 0 77 88281 0 53 88291 0 51 88328 0 77 88358 0 54 88394 0 52 88410 0 51 88430 0 53 88491 0 54 88498 0 52 88507 0 62 88508 0 
TIME iteration: 299 ms
Round:167
IR: 0, 0, 0, 0, 0
88511 0 77 88522 0 70 88531 0 71 88532 0 90 88532 0 91 88532 0 92 88534 0 77 88548 0 51 88549 0 53 88560 0 77 88585 0 54 88585 0 70 88592 0 77 88647 0 77 88652 0 51 88660 0 53 88724 0 52 88761 0 51 88806 0 54 88830 0 61 88832 0 60 88839 0 76 88840 0 53 88856 0 90 88856 0 91 88856 0 92 88863 0 76 88890 0 76 88898 0 52 88911 0 51 88924 0 76 88925 0 68 88927 0 69 88982 0 54 89039 0 
TIME iteration: 299 ms
Round:168
IR: 0, 0, 0, 0, 0
89096 0 53 89109 0 52 89113 0 61 89115 0 60 89116 0 76 89135 0 68 89136 0 69 89138 0 90 89138 0 91 89138 0 92 89139 0 76 89165 0 76 89170 0 51 89185 0 54 89196 0 76 89247 0 76 89295 0 53 89301 0 52 89310 0 51 89443 0 51 89444 0 52 89464 0 60 89467 0 61 89470 0 76 89473 0 54 89482 0 68 89482 0 69 89491 0 90 89491 0 91 89491 0 92 89494 0 76 89520 0 76 89532 0 53 89548 0 52 89548 0 69 89551 0 68 89553 0 
TIME iteration: 303 ms
Round:169
IR: 0, 0, 0, 0, 0
89614 0 76 89695 0 51 89697 0 54 89734 0 52 89839 0 51 89845 0 52 89851 0 61 89852 0 60 89856 0 76 89865 0 63 89866 0 62 89874 0 77 89877 0 90 89877 0 91 89877 0 92 89878 0 53 89880 0 69 89880 0 76 89881 0 54 89881 0 68 89898 0 77 89906 0 76 89925 0 77 89938 0 71 89939 0 76 89943 0 70 89960 0 77 89972 0 52 89983 0 51 90000 0 76 90003 0 90 90003 0 91 90003 0 92 90013 0 54 90021 0 53 90066 0 52 90093 0 
TIME iteration: 299 ms
Round:170
IR: 0, 0, 0, 0, 0
90169 0 53 90185 0 52 90211 0 51 90257 0 54 90326 0 52 90345 0 62 90345 0 63 90350 0 77 90352 0 51 90355 0 53 90363 0 60 90364 0 61 90370 0 76 90374 0 77 90374 0 90 90374 0 91 90374 0 92 90379 0 70 90380 0 71 90392 0 68 90394 0 69 90394 0 76 90401 0 77 90421 0 76 90434 0 77 90455 0 76 90499 0 54 90500 0 77 90500 0 90 90500 0 91 90500 0 92 90512 0 53 90530 0 51 90536 0 76 90572 0 
TIME iteration: 299 ms
Round:171
IR: 0, 0, 0, 0, 0
90636 0 53 90711 0 51 90713 0 54 90802 0 52 90862 0 54 90876 0 51 90881 0 53 90918 0 61 90920 0 60 90925 0 66 90925 0 76 90929 0 67 90935 0 52 90936 0 79 90948 0 90 90948 0 91 90948 0 92 90949 0 76 90950 0 68 90951 0 69 90960 0 79 90976 0 76 90987 0 79 91010 0 76 91022 0 75 91022 0 79 91029 0 74 91080 0 90 91080 0 91 91080 0 92 91086 0 76 91093 0 54 91106 0 51 91128 0 53 91150 0 
TIME iteration: 299 ms
Round:172
IR: 0, 0, 0, 0, 0
91220 0 54 91231 0 51 91234 0 53 91310 0 52 91343 0 51 91393 0 54 91396 0 61 91400 0 60 91404 0 76 91426 0 53 91426 0 68 91426 0 69 91427 0 90 91427 0 91 91427 0 92 91428 0 76 91455 0 76 91465 0 51 91489 0 76 91548 0 54 91559 0 52 91564 0 76 91597 0 53 91625 0 51 91687 0 
TIME iteration: 298 ms
Round:173
IR: 0, 0, 0, 0, 0
91708 0 52 91782 0 51 91800 0 61 91802 0 60 91806 0 54 91806 0 76 91811 0 67 91812 0 66 91820 0 53 91820 0 79 91823 0 68 91823 0 69 91827 0 90 91827 0 91 91827 0 92 91830 0 76 91844 0 79 91856 0 52 91857 0 76 91868 0 74 91870 0 75 91871 0 79 91890 0 76 91906 0 79 91920 0 51 91955 0 76 91955 0 90 91955 0 91 91955 0 92 91975 0 54 92024 0 52 92030 0 51 92062 0 53 92120 0 54 92151 0 51 92195 0 
TIME iteration: 299 ms
Round:174
IR: 0, 0, 0, 0, 0
92246 0 52 92276 0 51 92293 0 60 92293 0 61 92294 0 54 92299 0 76 92320 0 68 92320 0 69 92322 0 90 92322 0 91 92322 0 92 92323 0 53 92323 0 76 92350 0 76 92384 0 76 92390 0 51 92427 0 54 92438 0 53 92440 0 52 92460 0 76 92518 0 51 92537 0 52 92595 0 54 92625 0 53 92657 0 52 92658 0 51 92666 0 62 92666 0 63 92667 0 60 92667 0 61 92672 0 76 92674 0 77 92685 0 68 92686 0 69 92690 0 90 92690 0 91 92690 0 92 92696 0 76 92698 0 77 92723 0 76 92725 0 
TIME iteration: 299 ms
Round:175
IR: 0, 0, 0, 0, 0
92756 0 54 92756 0 76 92759 0 77 92760 0 70 92760 0 71 92763 0 68 92781 0 69 92791 0 51 92801 0 52 92820 0 90 92820 0 91 92820 0 92 92821 0 76 92837 0 53 92879 0 54 92934 0 52 92943 0 51 93056 0 53 93068 0 54 93073 0 51 93077 0 52 93200 0 53 93202 0 54 93225 0 51 93225 0 66 93227 0 67 93229 0 60 93229 0 61 93235 0 76 93235 0 79 93248 0 64 93248 0 65 93253 0 90 93253 0 91 93253 0 92 93256 0 78 93259 0 52 93259 0 76 93259 0 79 93269 0 68 93270 0 
TIME iteration: 299 ms
Round:176
IR: 0, 0, 0, 0, 0
93280 0 78 93286 0 76 93286 0 79 93301 0 74 93304 0 75 93307 0 78 93313 0 54 93320 0 76 93321 0 79 93338 0 72 93339 0 73 93341 0 78 93368 0 90 93368 0 91 93368 0 92 93371 0 51 93385 0 52 93396 0 76 93410 0 53 93426 0 54 93560 0 54 93571 0 51 93585 0 52 93595 0 53 93737 0 51 93748 0 53 93751 0 52 93752 0 54 93776 0 65 93777 0 64 93780 0 66 93780 0 67 93782 0 78 93786 0 79 93795 0 60 93796 0 61 93799 0 63 93800 0 62 93802 0 76 93803 0 90 93803 0 91 93803 0 92 93806 0 78 93807 0 
TIME iteration: 299 ms
Round:177
IR: 0, 0, 0, 0, 0
93810 0 79 93815 0 73 93817 0 72 93818 0 75 93820 0 74 93826 0 76 93831 0 77 93832 0 68 93832 0 69 93833 0 78 93837 0 79 93853 0 76 93858 0 77 93866 0 78 93867 0 70 93871 0 79 93872 0 71 93887 0 76 93889 0 53 93892 0 77 93894 0 54 93913 0 90 93913 0 91 93913 0 92 93933 0 78 93950 0 51 93968 0 76 93996 0 52 94068 0 54 94072 0 51 94122 0 53 94178 0 51 94200 0 52 94221 0 60 94221 0 61 94226 0 54 94226 0 76 94245 0 68 94246 0 69 94248 0 90 94248 0 91 94248 0 92 94250 0 76 94277 0 76 94294 0 52 94305 0 51 94310 0 
TIME iteration: 299 ms
Round:178
IR: 0, 0, 0, 0, 0
94355 0 53 94376 0 76 94441 0 52 94473 0 51 94490 0 53 94596 0 54 94603 0 52 94621 0 51 94631 0 62 94633 0 63 94634 0 60 94634 0 61 94639 0 76 94639 0 77 94656 0 68 94656 0 69 94656 0 90 94656 0 91 94656 0 92 94663 0 76 94663 0 77 94678 0 53 94687 0 70 94688 0 71 94690 0 76 94690 0 77 94723 0 76 94724 0 77 94739 0 54 94786 0 90 94786 0 91 94786 0 92 94789 0 76 94813 0 51 94844 0 52 94859 0 
TIME iteration: 299 ms
Round:179
IR: 0, 0, 0, 0, 0
94974 0 53 94975 0 51 95011 0 52 95079 0 54 95140 0 53 95167 0 65 95168 0 64 95170 0 51 95176 0 52 95176 0 78 95198 0 90 95198 0 91 95198 0 92 95200 0 78 95227 0 78 95242 0 72 95242 0 73 95262 0 78 95307 0 53 95340 0 54 95350 0 51 95350 0 
TIME iteration: 299 ms
Round:180
IR: 0, 0, 0, 0, 0
95478 0 53 95499 0 51 95502 0 52 95527 0 64 95528 0 65 95531 0 78 95553 0 73 95553 0 90 95553 0 91 95553 0 92 95554 0 72 95554 0 78 95559 0 54 95580 0 78 95612 0 78 95625 0 51 95667 0 78 95689 0 53 95699 0 52 95741 0 54 95792 0 51 95839 0 53 95851 0 54 95869 0 52 95905 0 66 95908 0 67 95909 0 64 95911 0 65 95915 0 78 95915 0 79 95929 0 
TIME iteration: 299 ms
Round:181
IR: 0, 0, 0, 0, 0
95930 0 73 95931 0 90 95931 0 91 95931 0 92 95939 0 78 95939 0 79 95966 0 78 95966 0 79 95982 0 53 95989 0 74 95999 0 78 96001 0 75 96001 0 79 96005 0 54 96008 0 72 96024 0 51 96028 0 73 96060 0 90 96060 0 91 96060 0 92 96064 0 78 96081 0 52 96124 0 53 96141 0 51 96168 0 54 96243 0 53 96278 0 51 96360 0 53 96379 0 64 96379 0 65 96385 0 78 96387 0 51 96397 0 52 96403 0 60 96403 0 61 96408 0 90 96408 0 91 96408 0 92 96409 0 78 96411 0 76 96414 0 72 96414 0 73 96421 0 54 96435 0 76 96436 0 
TIME iteration: 299 ms
Round:182
IR: 0, 0, 0, 0, 0
96462 0 76 96470 0 78 96480 0 51 96488 0 69 96489 0 68 96496 0 76 96520 0 53 96532 0 90 96532 0 91 96532 0 92 96544 0 52 96546 0 78 96594 0 51 96609 0 54 96628 0 53 96718 0 51 96749 0 54 96778 0 53 96817 0 52 96860 0 51 96879 0 61 96880 0 60 96885 0 76 96889 0 53 96897 0 64 96897 0 65 96903 0 78 96909 0 76 96909 0 90 96909 0 91 96909 0 92 96913 0 68 96915 0 69 96927 0 73 96927 0 78 96928 0 72 96936 0 76 96954 0 78 96969 0 76 96972 0 54 96988 0 
TIME iteration: 299 ms
Round:183
IR: 0, 0, 0, 0, 0
96992 0 51 96994 0 52 97001 0 53 97036 0 76 97036 0 90 97036 0 91 97036 0 92 97064 0 78 97107 0 51 97132 0 54 97153 0 53 97170 0 52 97246 0 51 97296 0 54 97313 0 53 97375 0 52 97394 0 51 97413 0 60 97414 0 61 97420 0 76 97443 0 90 97443 0 91 97443 0 92 97444 0 76 97446 0 68 97447 0 69 97454 0 54 97471 0 76 97505 0 76 97506 0 52 97517 0 
TIME iteration: 299 ms
Round:184
IR: 0, 0, 0, 0, 0
97580 0 54 97586 0 51 97586 0 76 97636 0 52 97650 0 53 97722 0 54 97778 0 53 97779 0 52 97791 0 66 97793 0 67 97794 0 51 97798 0 64 97798 0 65 97801 0 79 97803 0 62 97803 0 63 97806 0 78 97811 0 77 97818 0 90 97818 0 91 97818 0 92 97825 0 79 97830 0 78 97835 0 77 97851 0 73 97852 0 72 97852 0 79 97857 0 78 97862 0 77 97879 0 74 97887 0 79 97891 0 78 97892 0 75 97896 0 77 97898 0 71 97900 0 70 97908 0 53 97918 0 52 97934 0 90 97934 0 91 97934 0 92 97969 0 54 97983 0 
TIME iteration: 299 ms
Round:185
IR: 0, 0, 0, 0, 0
98093 0 52 98093 0 53 98095 0 54 98140 0 51 98211 0 53 98234 0 54 98258 0 51 98275 0 66 98275 0 67 98281 0 79 98291 0 60 98292 0 61 98299 0 76 98304 0 90 98304 0 91 98304 0 92 98305 0 79 98310 0 74 98311 0 75 98319 0 52 98323 0 76 98332 0 79 98341 0 69 98343 0 68 98350 0 76 98359 0 53 98366 0 79 98384 0 76 98385 0 54 98431 0 90 98431 0 91 98431 0 92 98488 0 51 98512 0 52 98513 0 54 98568 0 
TIME iteration: 303 ms
Round:186
IR: 0, 0, 0, 0, 0
98633 0 52 98637 0 54 98695 0 51 98757 0 52 98771 0 54 98779 0 62 98780 0 63 98787 0 66 98787 0 77 98788 0 67 98793 0 79 98808 0 90 98808 0 91 98808 0 92 98811 0 77 98817 0 79 98818 0 74 98819 0 75 98838 0 77 98842 0 71 98843 0 70 98844 0 79 98858 0 51 98867 0 53 98872 0 77 98878 0 79 98886 0 54 98902 0 52 98939 0 90 98939 0 91 98939 0 92 98974 0 53 98990 0 51 99006 0 52 99052 0 54 99074 0 
TIME iteration: 299 ms
Round:187
IR: 0, 0, 0, 0, 0
99143 0 51 99149 0 54 99188 0 52 99227 0 54 99238 0 66 99238 0 67 99243 0 79 99262 0 74 99265 0 75 99267 0 79 99267 0 90 99267 0 91 99267 0 92 99278 0 53 99294 0 79 99324 0 54 99327 0 79 99333 0 51 99355 0 52 99404 0 79 99441 0 53 99460 0 54 99479 0 52 99485 0 51 99542 0 53 99576 0 54 99586 0 66 99586 0 67 99591 0 79 99596 0 64 99596 0 65 99602 0 74 99603 0 75 99604 0 78 99611 0 90 99611 0 91 99611 0 92 99615 0 79 99628 0 78 99635 0 
TIME iteration: 300 ms
Round:188
IR: 0, 0, 0, 0, 0
99642 0 79 99655 0 78 99670 0 74 99673 0 53 99675 0 79 99676 0 75 99680 0 73 99687 0 72 99689 0 78 99696 0 51 99702 0 54 99738 0 90 99738 0 91 99738 0 92 99746 0 79 99794 0 54 99826 0 53 99838 0 52 99861 0 51 99922 0 54 99955 0 53 100016 0 52 100019 0 51 100041 0 54 100060 0 66 100061 0 67 100067 0 79 100090 0 90 100090 0 91 100090 0 92 100091 0 79 100095 0 74 100096 0 75 100098 0 53 100112 0 51 100118 0 79 100152 0 79 100155 0 
TIME iteration: 299 ms
Round:189
IR: 0, 0, 0, 0, 0
100188 0 53 100201 0 54 100203 0 51 100267 0 52 100291 0 53 100393 0 54 100403 0 51 100404 0 52 100427 0 63 100428 0 62 100436 0 77 100453 0 53 100453 0 90 100453 0 91 100453 0 92 100460 0 77 100487 0 77 100510 0 71 100513 0 52 100513 0 70 100522 0 77 100525 0 51 100551 0 54 100586 0 53 100620 0 52 100651 0 51 100684 0 54 100689 0 63 100692 0 62 100692 0 
TIME iteration: 299 ms
Round:190
IR: 0, 0, 0, 0, 0
100710 0 70 100710 0 71 100714 0 90 100714 0 91 100714 0 92 100715 0 77 100719 0 52 100741 0 77 100766 0 53 100767 0 51 100772 0 77 100789 0 70 100796 0 71 100808 0 54 100822 0 77 100883 0 52 100888 0 53 100918 0 54 100930 0 51 100959 0 63 100964 0 62 100965 0 77 100982 0 70 100983 0 71 100985 0 90 100985 0 91 100985 0 92 100988 0 77 101014 0 77 101045 0 54 101046 0 77 101052 0 53 101077 0 51 101096 0 52 101100 0 77 101147 0 54 101173 0 53 101214 0 
TIME iteration: 299 ms
Round:191
IR: 0, 0, 0, 0, 0
101233 0 54 101258 0 67 101259 0 66 101267 0 79 101282 0 90 101282 0 91 101282 0 92 101283 0 51 101291 0 79 101306 0 53 101318 0 79 101325 0 74 101327 0 75 101353 0 79 101396 0 54 101407 0 52 101519 0 51 101538 0 53 101564 0 54 101577 0 52 101608 0 66 101609 0 67 101612 0 79 101632 0 53 101632 0 75 101633 0 74 101634 0 90 101634 0 91 101634 0 92 101635 0 79 101661 0 79 101693 0 79 101706 0 54 101723 0 52 101728 0 53 101729 0 51 101752 0 
TIME iteration: 299 ms
Round:192
IR: 0, 0, 0, 0, 0
101828 0 52 101878 0 51 101886 0 53 101934 0 54 101959 0 52 101973 0 62 101973 0 63 101981 0 77 101998 0 90 101998 0 91 101998 0 92 102005 0 77 102008 0 51 102029 0 70 102032 0 71 102032 0 77 102037 0 53 102066 0 77 102105 0 52 102125 0 51 102143 0 54 102209 0 53 102257 0 51 102263 0 
TIME iteration: 300 ms
Round:193
IR: 0, 0, 0, 0, 0
102308 0 54 102315 0 63 102316 0 62 102319 0 77 102328 0 60 102329 0 61 102337 0 76 102338 0 70 102339 0 71 102340 0 90 102340 0 91 102340 0 92 102342 0 77 102361 0 76 102368 0 77 102388 0 76 102400 0 77 102406 0 53 102422 0 68 102423 0 76 102425 0 69 102426 0 51 102455 0 77 102465 0 90 102465 0 91 102465 0 92 102472 0 52 102476 0 54 102546 0 53 102573 0 51 102649 0 52 102658 0 53 102668 0 54 102740 0 51 102770 0 52 102776 0 
TIME iteration: 299 ms
Round:194
IR: 0, 0, 0, 0, 0
102828 0 62 102828 0 66 102829 0 63 102830 0 67 102834 0 77 102838 0 79 102840 0 53 102854 0 90 102854 0 91 102854 0 92 102857 0 70 102858 0 77 102859 0 71 102862 0 79 102885 0 77 102889 0 79 102890 0 51 102896 0 75 102897 0 74 102904 0 54 102918 0 77 102924 0 79 102951 0 53 102983 0 52 102985 0 77 102986 0 90 102986 0 91 102986 0 92 103060 0 54 103081 0 53 103115 0 51 103183 0 52 103205 0 54 103263 0 51 103295 0 54 103299 0 53 103314 0 66 103314 0 67 103320 0 79 103338 0 52 103343 0 90 103343 0 91 103343 0 92 103344 0 79 103347 0 74 103348 0 
TIME iteration: 299 ms
Round:195
IR: 0, 0, 0, 0, 0
103365 0 51 103371 0 79 103405 0 79 103462 0 53 103481 0 51 103484 0 52 103547 0 54 103581 0 53 103658 0 52 103678 0 51 103682 0 54 103723 0 67 103724 0 66 103726 0 53 103728 0 79 103735 0 61 103735 0 64 103735 0 65 103736 0 60 103743 0 78 103744 0 76 103747 0 75 103748 0 74 103750 0 90 103750 0 91 103750 0 92 103752 0 79 103767 0 78 103768 0 76 103778 0 79 103787 0 52 103794 0 78 103795 0 76 103806 0 54 103811 0 79 103812 0 69 103813 0 68 103821 0 51 103828 0 73 103828 0 78 103830 0 76 103833 0 72 103855 0 53 103866 0 90 103866 0 91 103866 0 92 103875 0 
TIME iteration: 299 ms
Round:196
IR: 0, 0, 0, 0, 0
103905 0 52 103946 0 53 103982 0 54 104011 0 51 104056 0 53 104057 0 52 104143 0 54 104181 0 53 104190 0 64 104190 0 65 104195 0 78 104218 0 90 104218 0 91 104218 0 92 104219 0 78 104224 0 72 104224 0 73 104246 0 78 104279 0 78 104288 0 51 104293 0 54 104319 0 53 104345 0 78 104363 0 52 104395 0 
TIME iteration: 298 ms
Round:197
IR: 0, 0, 0, 0, 0
104442 0 53 104467 0 51 104513 0 52 104518 0 64 104519 0 54 104526 0 78 104527 0 65 104538 0 66 104539 0 67 104540 0 72 104541 0 73 104547 0 79 104548 0 90 104548 0 91 104548 0 92 104549 0 78 104571 0 79 104575 0 53 104575 0 78 104585 0 75 104587 0 74 104598 0 79 104603 0 51 104607 0 78 104608 0 52 104613 0 73 104615 0 72 104633 0 79 104661 0 78 104672 0 54 104673 0 90 104673 0 91 104673 0 92 104680 0 53 104708 0 51 104715 0 52 104792 0 51 104842 0 53 104842 0 54 104844 0 52 104886 0 
TIME iteration: 299 ms
Round:198
IR: 0, 0, 0, 0, 0
104944 0 60 104944 0 61 104952 0 76 104972 0 90 104972 0 91 104972 0 92 104976 0 76 104981 0 52 104988 0 53 104999 0 54 105003 0 76 105009 0 51 105011 0 69 105014 0 68 105037 0 76 105093 0 53 105141 0 54 105161 0 51 105189 0 52 105236 0 53 105310 0 54 105310 0 65 105315 0 64 105320 0 78 105333 0 51 105338 0 90 105338 0 91 105338 0 92 105344 0 78 105364 0 73 105367 0 72 105371 0 78 105380 0 53 105390 0 52 105405 0 78 105458 0 
TIME iteration: 299 ms
Round:199
IR: 0, 0, 0, 0, 0
105513 0 53 105529 0 54 105540 0 52 105625 0 51 105633 0 54 105682 0 52 105690 0 53 105704 0 67 105706 0 64 105707 0 65 105708 0 66 105710 0 78 105711 0 63 105713 0 62 105715 0 79 105720 0 77 105729 0 90 105729 0 91 105729 0 92 105732 0 73 105733 0 72 105733 0 78 105739 0 79 105744 0 77 105750 0 54 105753 0 51 105759 0 78 105766 0 79 105771 0 77 105772 0 75 105776 0 74 105791 0 78 105801 0 71 105801 0 79 105804 0 70 105805 0 77 105826 0 52 105829 0 53 105845 0 90 105845 0 91 105845 0 92 105846 0 78 105876 0 54 105925 0 51 105943 0 53 105967 0 54 105990 0 
TIME iteration: 299 ms
