Round:0
IR: 0, 0, 0, 0, 0
354 0 51 371 0 52 385 0 53 470 0 53 488 0 64 488 0 65 497 0 78 498 0 51 498 0 54 515 0 61 516 0 60 521 0 78 524 0 76 529 0 90 529 0 91 529 0 
TIME iteration: 446 ms
Round:1
IR: 0, 0, 0, 0, 0
531 0 52 548 0 76 548 0 78 575 0 76 583 0 78 610 0 76 630 0 53 661 0 90 661 0 91 661 0 92 678 0 51 713 0 54 714 0 52 792 0 51 842 0 53 850 0 52 853 0 54 963 0 51 969 0 53 981 0 52 998 0 54 1014 0 63 1016 0 62 1023 0 77 1033 0 67 1034 0 66 1043 0 79 1045 0 90 1045 0 91 1045 0 92 1047 0 
TIME iteration: 300 ms
Round:2
IR: 0, 0, 0, 0, 0
1067 0 79 1074 0 77 1094 0 79 1106 0 51 1108 0 77 1115 0 53 1123 0 70 1127 0 71 1129 0 79 1145 0 74 1159 0 54 1159 0 75 1172 0 90 1172 0 91 1172 0 92 1176 0 52 1253 0 51 1277 0 54 1278 0 53 1433 0 51 1455 0 53 1477 0 52 1479 0 54 1557 0 53 1567 0 65 1569 0 64 1576 0 78 1588 0 
TIME iteration: 299 ms
Round:3
IR: 0, 0, 0, 0, 0
1598 0 90 1598 0 91 1598 0 92 1600 0 78 1619 0 54 1624 0 52 1627 0 78 1630 0 72 1632 0 73 1661 0 78 1681 0 53 1743 0 52 1770 0 51 1775 0 54 1833 0 53 1835 0 52 1884 0 63 1886 0 62 1892 0 77 1906 0 65 1907 0 64 1910 0 78 1910 0 90 1910 0 91 1910 0 92 1916 0 54 1916 0 77 1929 0 72 1930 0 53 1930 0 73 1933 0 78 1942 0 71 1943 0 70 1943 0 77 1959 0 78 1970 0 51 1972 0 52 1977 0 77 1991 0 78 2009 0 53 2030 0 54 2032 0 90 2032 0 91 2032 0 92 2046 0 78 2116 0 
TIME iteration: 299 ms
Round:4
IR: 0, 0, 0, 0, 0
2132 0 53 2160 0 52 2184 0 54 2230 0 53 2299 0 54 2300 0 51 2308 0 52 2386 0 66 2397 0 67 2401 0 79 2421 0 90 2421 0 91 2421 0 92 2425 0 79 2433 0 53 2440 0 52 2443 0 54 2452 0 79 2470 0 74 2472 0 51 2472 0 75 2487 0 79 2539 0 53 2576 0 54 2603 0 52 2628 0 
TIME iteration: 299 ms
Round:5
IR: 0, 0, 0, 0, 0
2687 0 54 2700 0 66 2700 0 67 2703 0 79 2723 0 74 2723 0 75 2725 0 90 2725 0 91 2725 0 92 2726 0 79 2738 0 53 2752 0 79 2763 0 51 2770 0 52 2784 0 79 2797 0 54 2841 0 79 2857 0 53 2913 0 52 2948 0 54 2991 0 51 3043 0 52 3057 0 53 3075 0 63 3076 0 62 3084 0 77 3098 0 51 3098 0 54 3101 0 90 3101 0 91 3101 0 92 3108 0 77 3135 0 77 3145 0 70 3148 0 71 3170 0 
TIME iteration: 299 ms
Round:6
IR: 0, 0, 0, 0, 0
3217 0 53 3219 0 54 3222 0 52 3298 0 51 3349 0 53 3414 0 54 3422 0 52 3460 0 51 3468 0 63 3470 0 62 3473 0 77 3495 0 90 3495 0 91 3495 0 92 3496 0 77 3497 0 70 3497 0 71 3522 0 77 3530 0 54 3554 0 77 3580 0 53 3608 0 51 3610 0 77 3628 0 52 3653 0 
TIME iteration: 299 ms
Round:7
IR: 0, 0, 0, 0, 0
3752 0 52 3758 0 51 3764 0 54 3766 0 53 3801 0 67 3802 0 66 3810 0 79 3821 0 62 3822 0 63 3826 0 77 3826 0 90 3826 0 91 3826 0 92 3834 0 79 3839 0 70 3839 0 71 3850 0 77 3861 0 79 3864 0 75 3865 0 74 3876 0 77 3896 0 79 3909 0 51 3909 0 77 3910 0 70 3910 0 71 3916 0 54 3928 0 52 3937 0 53 3949 0 90 3949 0 91 3949 0 92 3970 0 77 4079 0 51 4095 0 54 4104 0 52 4111 0 53 4191 0 
TIME iteration: 299 ms
Round:8
IR: 0, 0, 0, 0, 0
4248 0 54 4281 0 52 4315 0 53 4324 0 51 4331 0 60 4332 0 61 4340 0 76 4358 0 63 4361 0 62 4361 0 90 4361 0 91 4361 0 92 4364 0 76 4366 0 77 4390 0 77 4391 0 76 4398 0 70 4399 0 71 4417 0 77 4422 0 69 4424 0 52 4426 0 76 4428 0 68 4451 0 77 4462 0 51 4484 0 90 4484 0 91 4484 0 92 4493 0 53 4498 0 54 4532 0 77 4553 0 52 4613 0 53 4619 0 54 4664 0 52 4707 0 53 4715 0 51 4763 0 
TIME iteration: 299 ms
Round:9
IR: 0, 0, 0, 0, 0
4785 0 53 4788 0 64 4788 0 65 4796 0 78 4817 0 90 4817 0 91 4817 0 92 4820 0 78 4828 0 52 4835 0 51 4847 0 78 4872 0 54 4881 0 78 4882 0 73 4883 0 72 4933 0 53 4961 0 51 4963 0 54 5021 0 52 5083 0 51 5105 0 53 5118 0 54 5133 0 64 5133 0 65 5136 0 78 5140 0 52 5140 0 60 5142 0 61 5148 0 66 5148 0 67 5148 0 76 5157 0 79 5158 0 90 5158 0 91 5158 0 92 5159 0 73 5159 0 78 5160 0 72 5172 0 76 5181 0 79 5185 0 78 5194 0 69 5197 0 68 5199 0 76 5208 0 79 5217 0 78 5219 0 51 5221 0 74 5221 0 75 5233 0 76 5243 0 54 5243 0 79 5254 0 52 5271 0 78 5273 0 90 5273 0 91 5273 0 92 5287 0 
TIME iteration: 300 ms
Round:10
IR: 0, 0, 0, 0, 0
5377 0 51 5416 0 52 5447 0 53 5472 0 54 5545 0 51 5589 0 53 5646 0 65 5647 0 52 5647 0 64 5652 0 78 5675 0 73 5676 0 72 5676 0 78 5676 0 90 5676 0 91 5676 0 92 5683 0 54 5703 0 78 5721 0 53 5731 0 51 5736 0 78 5797 0 52 5803 0 
TIME iteration: 299 ms
Round:11
IR: 0, 0, 0, 0, 0
5861 0 53 5869 0 51 5880 0 54 5967 0 52 5981 0 54 6025 0 53 6030 0 67 6031 0 66 6039 0 79 6045 0 64 6045 0 65 6050 0 78 6057 0 90 6057 0 91 6057 0 92 6063 0 79 6067 0 51 6067 0 72 6067 0 73 6074 0 78 6080 0 52 6087 0 75 6090 0 79 6091 0 74 6092 0 54 6101 0 78 6125 0 79 6134 0 78 6166 0 53 6183 0 90 6183 0 91 6183 0 92 6187 0 52 6200 0 78 6235 0 54 6279 0 51 6345 0 
TIME iteration: 300 ms
Round:12
IR: 0, 0, 0, 0, 0
6410 0 51 6417 0 54 6486 0 52 6488 0 53 6552 0 54 6553 0 62 6556 0 63 6563 0 77 6578 0 66 6578 0 67 6584 0 79 6584 0 90 6584 0 91 6584 0 92 6587 0 77 6591 0 51 6608 0 79 6614 0 77 6615 0 75 6617 0 74 6622 0 53 6635 0 79 6642 0 70 6645 0 71 6649 0 52 6649 0 77 6669 0 79 6709 0 90 6709 0 91 6709 0 92 6711 0 51 6713 0 54 6807 0 53 6809 0 51 6820 0 52 6864 0 
TIME iteration: 301 ms
Round:13
IR: 0, 0, 0, 0, 0
6975 0 51 7006 0 54 7014 0 53 7077 0 52 7081 0 66 7081 0 67 7087 0 79 7111 0 79 7111 0 90 7111 0 91 7111 0 92 7112 0 75 7113 0 74 7138 0 54 7138 0 79 7172 0 79 7181 0 53 7208 0 54 7242 0 51 7292 0 54 7331 0 66 7331 0 67 7332 0 79 7338 0 53 7341 0 74 7342 0 75 7354 0 90 7354 0 91 7354 0 92 7355 0 79 7376 0 52 7381 0 79 7397 0 74 7400 0 75 7412 0 79 7415 0 
TIME iteration: 302 ms
Round:14
IR: 0, 0, 0, 0, 0
7462 0 51 7463 0 79 7504 0 53 7528 0 54 7557 0 52 7567 0 51 7577 0 66 7579 0 67 7581 0 79 7594 0 74 7595 0 75 7601 0 90 7601 0 91 7601 0 92 7604 0 79 7630 0 79 7661 0 74 7662 0 79 7665 0 75 7694 0 53 7697 0 51 7699 0 52 7719 0 79 7755 0 54 7830 0 52 7858 0 51 7868 0 53 7933 0 52 7944 0 62 7944 0 63 7948 0 
TIME iteration: 300 ms
Round:15
IR: 0, 0, 0, 0, 0
7952 0 77 7968 0 66 7968 0 67 7969 0 90 7969 0 91 7969 0 92 7973 0 79 7976 0 77 7997 0 74 7997 0 75 7997 0 79 8003 0 77 8021 0 70 8024 0 79 8025 0 71 8032 0 52 8037 0 77 8046 0 53 8057 0 79 8061 0 51 8086 0 54 8091 0 90 8091 0 91 8091 0 92 8127 0 52 8203 0 53 8207 0 51 8275 0 54 8282 0 52 8341 0 51 8353 0 53 8398 0 54 8455 0 52 8458 0 51 8460 0 67 8463 0 66 8466 0 60 8466 0 61 8467 0 79 8474 0 
TIME iteration: 301 ms
Round:16
IR: 0, 0, 0, 0, 0
8489 0 62 8489 0 63 8489 0 90 8489 0 91 8489 0 92 8490 0 74 8490 0 75 8491 0 79 8495 0 77 8498 0 76 8502 0 53 8518 0 79 8519 0 77 8525 0 76 8527 0 70 8528 0 71 8540 0 51 8546 0 77 8552 0 79 8553 0 69 8559 0 76 8561 0 68 8580 0 77 8581 0 52 8604 0 90 8604 0 91 8604 0 92 8634 0 53 8638 0 54 8655 0 51 8656 0 77 8729 0 52 8742 0 53 8768 0 54 8780 0 51 8864 0 52 8882 0 51 8906 0 60 8907 0 53 8907 0 61 8911 0 76 8934 0 90 8934 0 91 8934 0 92 8935 0 76 8940 0 68 8940 0 69 8955 0 54 8961 0 76 8984 0 52 8994 0 
TIME iteration: 311 ms
Round:17
IR: 0, 0, 0, 0, 0
9031 0 51 9045 0 53 9055 0 76 9108 0 52 9130 0 54 9136 0 53 9250 0 53 9256 0 64 9257 0 65 9259 0 51 9265 0 78 9268 0 54 9282 0 90 9282 0 91 9282 0 92 9289 0 78 9316 0 78 9321 0 52 9344 0 53 9351 0 78 9352 0 73 9355 0 72 9404 0 54 9421 0 51 9475 0 52 9528 0 54 9536 0 
TIME iteration: 300 ms
Round:18
IR: 0, 0, 0, 0, 0
9618 0 53 9626 0 52 9661 0 62 9663 0 63 9670 0 77 9672 0 51 9675 0 60 9675 0 61 9678 0 65 9682 0 76 9686 0 64 9687 0 78 9688 0 90 9688 0 91 9688 0 92 9694 0 77 9706 0 76 9711 0 78 9714 0 73 9715 0 72 9721 0 69 9721 0 77 9722 0 68 9729 0 71 9730 0 70 9733 0 76 9737 0 78 9745 0 53 9755 0 77 9767 0 76 9770 0 78 9802 0 90 9802 0 91 9802 0 92 9832 0 78 9834 0 51 9845 0 52 9850 0 54 9952 0 53 9976 0 51 9976 0 52 10017 0 54 10065 0 
TIME iteration: 301 ms
Round:19
IR: 0, 0, 0, 0, 0
10077 0 51 10114 0 52 10117 0 60 10119 0 61 10123 0 76 10146 0 69 10146 0 90 10146 0 91 10146 0 92 10147 0 76 10148 0 68 10174 0 76 10176 0 53 10182 0 54 10207 0 76 10247 0 51 10273 0 76 10277 0 52 10299 0 54 10329 0 53 10426 0 52 10436 0 51 10437 0 54 10473 0 53 10480 0 67 10483 0 66 10490 0 79 10507 0 90 10507 0 91 10507 0 92 10514 0 79 10541 0 79 10542 0 52 10554 0 54 10557 0 51 10568 0 74 10568 0 75 10576 0 
TIME iteration: 299 ms
Round:20
IR: 0, 0, 0, 0, 0
10652 0 53 10662 0 52 10701 0 51 10707 0 54 10786 0 52 10817 0 54 10818 0 67 10819 0 66 10822 0 79 10825 0 62 10825 0 63 10833 0 77 10843 0 74 10843 0 90 10843 0 91 10843 0 92 10844 0 75 10845 0 79 10857 0 77 10871 0 79 10872 0 53 10879 0 51 10884 0 77 10892 0 70 10896 0 71 10903 0 79 10908 0 52 10918 0 77 10962 0 79 10971 0 90 10971 0 91 10971 0 92 10978 0 54 11044 0 52 11074 0 53 11117 0 
TIME iteration: 300 ms
Round:21
IR: 0, 0, 0, 0, 0
11179 0 52 11241 0 54 11279 0 52 11292 0 53 11296 0 63 11297 0 62 11301 0 77 11314 0 66 11320 0 67 11323 0 79 11325 0 77 11326 0 90 11326 0 91 11326 0 92 11329 0 70 11329 0 71 11338 0 51 11345 0 74 11346 0 75 11347 0 79 11351 0 77 11369 0 54 11374 0 79 11378 0 52 11384 0 77 11388 0 53 11408 0 79 11445 0 77 11452 0 90 11452 0 91 11452 0 92 11482 0 52 11503 0 51 11525 0 53 11594 0 54 11623 0 51 11632 0 
TIME iteration: 299 ms
Round:22
IR: 0, 0, 0, 0, 0
11661 0 53 11750 0 51 11750 0 52 11774 0 54 11786 0 60 11786 0 61 11788 0 62 11790 0 63 11794 0 76 11795 0 77 11812 0 90 11812 0 91 11812 0 92 11818 0 70 11818 0 71 11818 0 76 11819 0 77 11840 0 53 11845 0 76 11846 0 77 11850 0 52 11864 0 68 11866 0 69 11879 0 76 11880 0 77 11889 0 54 11931 0 53 11943 0 90 11943 0 91 11943 0 92 11956 0 77 11979 0 51 11999 0 52 12035 0 54 12044 0 53 12128 0 51 12157 0 54 12172 0 52 12174 0 
TIME iteration: 299 ms
Round:23
IR: 0, 0, 0, 0, 0
12263 0 51 12297 0 53 12301 0 60 12302 0 54 12302 0 61 12304 0 65 12305 0 64 12307 0 76 12313 0 78 12317 0 67 12318 0 66 12319 0 52 12326 0 79 12328 0 90 12328 0 91 12328 0 92 12331 0 76 12337 0 68 12337 0 78 12339 0 69 12350 0 79 12358 0 76 12364 0 51 12364 0 78 12377 0 75 12377 0 79 12378 0 74 12391 0 76 12396 0 73 12399 0 78 12402 0 72 12412 0 79 12442 0 52 12444 0 90 12444 0 91 12444 0 92 12458 0 76 12501 0 51 12505 0 53 12507 0 54 12554 0 52 12604 0 53 12706 0 51 12715 0 53 12719 0 
TIME iteration: 300 ms
Round:24
IR: 0, 0, 0, 0, 0
12734 0 52 12741 0 64 12741 0 65 12746 0 78 12769 0 90 12769 0 91 12769 0 92 12770 0 78 12772 0 73 12774 0 72 12797 0 78 12830 0 78 12846 0 51 12848 0 53 12886 0 54 12896 0 78 12950 0 53 12960 0 52 12998 0 51 13017 0 54 13086 0 53 13092 0 64 13092 0 65 13096 0 52 13096 0 78 13104 0 54 13110 0 73 13111 0 72 13113 0 66 13113 0 67 13117 0 90 13117 0 91 13117 0 92 13119 0 78 13121 0 79 13133 0 51 13145 0 78 13145 0 79 13164 0 74 13166 0 75 13172 0 79 13177 0 78 13181 0 73 13188 0 72 13206 0 79 13233 0 78 13240 0 90 13240 0 91 13240 0 92 13246 0 
TIME iteration: 300 ms
Round:25
IR: 0, 0, 0, 0, 0
13250 0 51 13250 0 52 13257 0 54 13365 0 52 13392 0 54 13393 0 51 13401 0 53 13506 0 53 13514 0 52 13547 0 51 13547 0 54 13559 0 65 13561 0 64 13566 0 78 13589 0 90 13589 0 91 13589 0 92 13590 0 78 13594 0 73 13595 0 72 13617 0 78 13639 0 53 13651 0 78 13699 0 52 13708 0 54 13726 0 78 13776 0 
TIME iteration: 299 ms
Round:26
IR: 0, 0, 0, 0, 0
13791 0 51 13878 0 54 13879 0 52 13933 0 53 13949 0 64 13949 0 65 13954 0 78 13956 0 51 13971 0 72 13971 0 73 13975 0 90 13975 0 91 13975 0 92 13978 0 78 14004 0 52 14005 0 78 14038 0 78 14101 0 54 14104 0 78 14119 0 51 14122 0 53 14173 0 52 14253 0 51 14283 0 
TIME iteration: 299 ms
Round:27
IR: 0, 0, 0, 0, 0
14312 0 52 14324 0 53 14348 0 63 14349 0 62 14357 0 77 14375 0 90 14375 0 91 14375 0 92 14381 0 77 14408 0 54 14408 0 77 14437 0 70 14442 0 71 14443 0 77 14451 0 53 14485 0 51 14503 0 52 14558 0 54 14587 0 53 14628 0 51 14689 0 54 14701 0 52 14714 0 53 14725 0 66 14725 0 67 14731 0 64 14731 0 65 14734 0 79 14736 0 62 14737 0 63 14738 0 78 14740 0 77 14751 0 90 14751 0 91 14751 0 92 14758 0 79 14762 0 78 14763 0 77 14765 0 70 14767 0 71 14778 0 73 14779 0 72 14785 0 79 14787 0 51 14789 0 77 14789 0 78 14803 0 54 14808 0 74 14808 0 75 14820 0 79 14821 0 77 14823 0 
TIME iteration: 300 ms
Round:28
IR: 0, 0, 0, 0, 0
14867 0 90 14867 0 91 14867 0 92 14876 0 77 14889 0 52 14890 0 53 14915 0 51 14915 0 54 14977 0 53 14998 0 54 15045 0 52 15088 0 54 15090 0 51 15122 0 66 15124 0 67 15127 0 79 15144 0 53 15150 0 90 15150 0 91 15150 0 92 15151 0 79 15153 0 74 15153 0 75 15177 0 79 15189 0 54 15209 0 79 15217 0 52 15269 0 79 15277 0 51 15298 0 53 15330 0 
TIME iteration: 299 ms
Round:29
IR: 0, 0, 0, 0, 0
15370 0 51 15434 0 54 15450 0 66 15450 0 67 15454 0 79 15455 0 52 15464 0 53 15466 0 74 15466 0 75 15475 0 90 15475 0 91 15475 0 92 15478 0 51 15478 0 79 15504 0 79 15533 0 74 15534 0 75 15537 0 79 15575 0 54 15602 0 79 15626 0 52 15643 0 51 15692 0 54 15709 0 53 15712 0 66 15713 0 67 15716 0 79 15732 0 75 15733 0 74 15736 0 90 15736 0 91 15736 0 92 15739 0 79 15744 0 52 15764 0 51 15765 0 79 15797 0 79 15804 0 54 15814 0 75 15833 0 74 15847 0 53 15855 0 79 15861 0 52 15877 0 
TIME iteration: 300 ms
Round:30
IR: 0, 0, 0, 0, 0
15924 0 54 15943 0 66 15944 0 67 15946 0 79 15962 0 75 15963 0 74 15966 0 90 15966 0 91 15966 0 92 15969 0 79 15982 0 51 15984 0 53 15995 0 79 16008 0 52 16027 0 79 16040 0 75 16041 0 74 16080 0 79 16122 0 54 16132 0 51 16172 0 52 16178 0 53 16275 0 54 16285 0 66 16285 0 67 16289 0 79 16297 0 51 16310 0 90 16310 0 91 16310 0 92 16311 0 74 16311 0 75 16313 0 79 16339 0 79 16372 0 79 16384 0 54 16415 0 
TIME iteration: 299 ms
Round:31
IR: 0, 0, 0, 0, 0
16433 0 53 16434 0 79 16500 0 51 16519 0 52 16556 0 54 16594 0 53 16616 0 52 16629 0 63 16630 0 62 16638 0 77 16655 0 90 16655 0 91 16655 0 92 16662 0 77 16673 0 54 16689 0 77 16705 0 51 16714 0 70 16716 0 71 16724 0 77 16740 0 52 16758 0 53 16807 0 54 16873 0 51 16877 0 52 16888 0 53 16919 0 63 16920 0 62 16922 0 77 16941 0 70 16942 0 71 16943 0 90 16943 0 91 16943 0 92 16945 0 77 16948 0 
TIME iteration: 300 ms
Round:32
IR: 0, 0, 0, 0, 0
16971 0 77 16991 0 51 17003 0 77 17022 0 52 17056 0 77 17096 0 53 17104 0 54 17109 0 51 17214 0 54 17218 0 52 17223 0 51 17252 0 61 17254 0 60 17261 0 76 17264 0 53 17273 0 67 17274 0 66 17278 0 90 17278 0 91 17278 0 92 17282 0 79 17285 0 76 17306 0 79 17312 0 76 17328 0 51 17331 0 75 17332 0 74 17333 0 79 17346 0 76 17351 0 68 17351 0 69 17359 0 54 17368 0 79 17380 0 52 17401 0 90 17401 0 91 17401 0 92 17463 0 
TIME iteration: 299 ms
Round:33
IR: 0, 0, 0, 0, 0
17497 0 51 17562 0 52 17590 0 54 17595 0 53 17647 0 51 17730 0 52 17735 0 53 17760 0 54 17766 0 64 17767 0 65 17775 0 78 17777 0 51 17788 0 60 17788 0 61 17794 0 76 17796 0 90 17796 0 91 17796 0 92 17799 0 78 17818 0 76 17826 0 68 17826 0 78 17828 0 69 17845 0 76 17858 0 52 17859 0 73 17861 0 78 17864 0 72 17879 0 76 17884 0 54 17921 0 90 17921 0 91 17921 0 92 17923 0 51 17955 0 76 17962 0 53 17976 0 
TIME iteration: 299 ms
Round:34
IR: 0, 0, 0, 0, 0
18045 0 54 18056 0 51 18058 0 53 18112 0 52 18176 0 54 18251 0 51 18271 0 53 18279 0 52 18309 0 63 18310 0 62 18318 0 77 18325 0 64 18327 0 65 18332 0 78 18340 0 90 18340 0 91 18340 0 92 18342 0 77 18353 0 51 18356 0 78 18368 0 72 18368 0 73 18369 0 77 18379 0 70 18381 0 54 18383 0 78 18386 0 71 18404 0 77 18417 0 52 18417 0 78 18435 0 53 18468 0 90 18468 0 91 18468 0 92 18493 0 78 18508 0 51 18525 0 54 18548 0 
TIME iteration: 299 ms
Round:35
IR: 0, 0, 0, 0, 0
18620 0 53 18640 0 52 18678 0 54 18737 0 51 18750 0 52 18767 0 62 18767 0 63 18772 0 77 18796 0 77 18796 0 90 18796 0 91 18796 0 92 18800 0 70 18800 0 71 18823 0 77 18856 0 77 18893 0 54 18895 0 53 18899 0 51 18908 0 52 18922 0 77 19055 0 54 19060 0 51 19064 0 
TIME iteration: 300 ms
Round:36
IR: 0, 0, 0, 0, 0
19140 0 63 19148 0 62 19149 0 77 19165 0 70 19165 0 71 19166 0 53 19170 0 90 19170 0 91 19170 0 92 19173 0 77 19199 0 77 19212 0 51 19232 0 77 19260 0 71 19276 0 52 19294 0 77 19308 0 54 19315 0 51 19315 0 53 19444 0 51 19450 0 52 19457 0 54 19484 0 60 19486 0 61 19493 0 76 19495 0 62 19495 0 63 19499 0 77 19501 0 53 19510 0 90 19510 0 91 19510 0 92 19512 0 70 19517 0 76 19522 0 71 19522 0 77 19544 0 76 19548 0 77 19569 0 69 19575 0 68 19578 0 76 19580 0 70 19580 0 
TIME iteration: 300 ms
Round:37
IR: 0, 0, 0, 0, 0
19632 0 51 19636 0 77 19637 0 90 19637 0 91 19637 0 92 19642 0 54 19692 0 53 19732 0 52 19768 0 51 19831 0 53 19858 0 54 19903 0 52 19944 0 53 19976 0 64 19977 0 65 19979 0 54 19985 0 78 20006 0 90 20006 0 91 20006 0 92 20009 0 78 20036 0 78 20047 0 52 20058 0 72 20060 0 73 20071 0 78 20083 0 51 20111 0 
TIME iteration: 300 ms
Round:38
IR: 0, 0, 0, 0, 0
20140 0 53 20158 0 52 20230 0 51 20267 0 54 20281 0 52 20316 0 53 20319 0 62 20319 0 63 20326 0 77 20344 0 90 20344 0 91 20344 0 92 20350 0 77 20368 0 71 20374 0 70 20377 0 51 20377 0 77 20382 0 54 20389 0 52 20411 0 77 20420 0 53 20467 0 54 20508 0 53 20514 0 52 20599 0 51 20622 0 52 20629 0 54 20630 0 53 20632 0 62 20632 0 63 20635 0 77 20646 0 64 20646 0 65 20651 0 71 20653 0 70 20653 0 78 20656 0 90 20656 0 91 20656 0 92 20658 0 
TIME iteration: 300 ms
Round:39
IR: 0, 0, 0, 0, 0
20677 0 78 20684 0 77 20691 0 73 20692 0 72 20704 0 78 20716 0 77 20729 0 71 20738 0 78 20742 0 70 20749 0 52 20752 0 51 20754 0 53 20770 0 77 20781 0 90 20781 0 91 20781 0 92 20789 0 54 20870 0 51 20877 0 52 20896 0 53 21003 0 51 21028 0 54 21101 0 53 21147 0 52 21154 0 51 21168 0 60 21168 0 61 21176 0 76 21180 0 54 21198 0 90 21198 0 91 21198 0 
TIME iteration: 299 ms
Round:40
IR: 0, 0, 0, 0, 0
21200 0 76 21223 0 53 21227 0 76 21250 0 69 21252 0 68 21261 0 76 21326 0 52 21377 0 51 21443 0 53 21462 0 52 21486 0 54 21590 0 51 21622 0 53 21622 0 61 21623 0 52 21623 0 60 21627 0 76 21631 0 62 21632 0 63 21639 0 77 21650 0 90 21650 0 91 21650 0 92 21651 0 76 21655 0 68 21655 0 69 21660 0 54 21663 0 77 21677 0 76 21690 0 77 21696 0 71 21697 0 70 21710 0 76 21724 0 77 21726 0 
TIME iteration: 299 ms
Round:41
IR: 0, 0, 0, 0, 0
21749 0 53 21771 0 76 21780 0 90 21780 0 91 21780 0 92 21786 0 54 21823 0 52 21864 0 51 21866 0 53 21958 0 54 21980 0 52 22011 0 53 22101 0 51 22121 0 54 22148 0 52 22171 0 53 22184 0 63 22185 0 62 22185 0 65 22187 0 64 22187 0 66 22187 0 67 22190 0 77 22194 0 78 22196 0 79 22209 0 90 22209 0 91 22209 0 92 22214 0 77 22218 0 78 22220 0 79 22221 0 54 22222 0 71 22223 0 70 22241 0 77 22245 0 78 22247 0 79 22259 0 
TIME iteration: 301 ms
Round:42
IR: 0, 0, 0, 0, 0
22264 0 73 22266 0 72 22274 0 77 22275 0 74 22279 0 78 22282 0 79 22287 0 75 22312 0 52 22317 0 53 22326 0 90 22326 0 91 22326 0 92 22341 0 77 22374 0 54 22409 0 51 22419 0 53 22466 0 52 22518 0 54 22561 0 51 22613 0 52 22631 0 53 22652 0 54 22677 0 51 22680 0 66 22680 0 67 22686 0 79 22694 0 61 22695 0 60 22702 0 76 22709 0 90 22709 0 91 22709 0 92 22710 0 79 22715 0 74 22717 0 75 22726 0 76 22737 0 79 22748 0 54 22749 0 52 22753 0 76 22755 0 69 22756 0 68 22771 0 79 22787 0 
TIME iteration: 300 ms
Round:43
IR: 0, 0, 0, 0, 0
22796 0 53 22810 0 51 22837 0 90 22837 0 91 22837 0 92 22870 0 54 22918 0 53 22953 0 52 22986 0 51 23028 0 53 23079 0 54 23144 0 51 23182 0 53 23200 0 65 23201 0 52 23201 0 64 23208 0 78 23218 0 54 23230 0 90 23230 0 91 23230 0 92 23232 0 78 23259 0 78 23262 0 72 23263 0 73 23293 0 78 23297 0 
TIME iteration: 300 ms
Round:44
IR: 0, 0, 0, 0, 0
23342 0 53 23372 0 52 23418 0 54 23446 0 51 23525 0 52 23544 0 53 23576 0 54 23602 0 64 23604 0 65 23607 0 78 23630 0 72 23630 0 78 23630 0 90 23630 0 91 23630 0 92 23631 0 73 23645 0 53 23656 0 78 23657 0 51 23688 0 78 23698 0 52 23744 0 78 23771 0 54 23788 0 
TIME iteration: 299 ms
Round:45
IR: 0, 0, 0, 0, 0
23858 0 53 23872 0 54 23893 0 52 23972 0 53 23982 0 51 23995 0 54 23995 0 64 23995 0 65 23999 0 66 23999 0 67 24000 0 78 24008 0 79 24016 0 72 24016 0 73 24020 0 90 24020 0 91 24020 0 92 24024 0 78 24032 0 79 24043 0 52 24051 0 78 24059 0 79 24071 0 74 24075 0 75 24084 0 78 24094 0 79 24120 0 51 24146 0 53 24150 0 78 24150 0 90 24150 0 91 24150 0 92 24155 0 54 24172 0 52 24226 0 51 24292 0 52 24332 0 54 24369 0 
TIME iteration: 300 ms
Round:46
IR: 0, 0, 0, 0, 0
24390 0 51 24435 0 52 24479 0 53 24499 0 62 24500 0 63 24506 0 51 24508 0 77 24521 0 61 24523 0 60 24529 0 90 24529 0 91 24529 0 92 24530 0 76 24532 0 77 24554 0 76 24559 0 77 24567 0 54 24581 0 76 24588 0 52 24591 0 70 24594 0 77 24597 0 71 24598 0 51 24606 0 68 24615 0 76 24618 0 69 24649 0 53 24654 0 90 24654 0 91 24654 0 92 24711 0 51 24727 0 52 24821 0 54 24824 0 53 24834 0 51 24887 0 
TIME iteration: 300 ms
Round:47
IR: 0, 0, 0, 0, 0
24946 0 53 25000 0 54 25005 0 52 25021 0 63 25022 0 62 25024 0 64 25027 0 65 25027 0 77 25033 0 78 25048 0 90 25048 0 91 25048 0 92 25051 0 77 25057 0 78 25058 0 51 25058 0 70 25059 0 53 25059 0 71 25078 0 77 25083 0 73 25084 0 78 25085 0 72 25111 0 77 25118 0 78 25148 0 52 25178 0 77 25179 0 54 25179 0 90 25179 0 91 25179 0 92 25195 0 53 25233 0 51 25296 0 52 25331 0 54 25350 0 53 25377 0 51 25404 0 
TIME iteration: 300 ms
Round:48
IR: 0, 0, 0, 0, 0
25470 0 54 25499 0 53 25540 0 51 25553 0 52 25553 0 64 25553 0 65 25559 0 78 25561 0 62 25562 0 63 25562 0 66 25563 0 67 25568 0 77 25571 0 79 25573 0 61 25576 0 60 25581 0 54 25582 0 76 25582 0 90 25582 0 91 25582 0 92 25583 0 78 25588 0 72 25589 0 73 25592 0 77 25595 0 70 25595 0 79 25596 0 71 25606 0 76 25610 0 78 25619 0 77 25622 0 79 25623 0 53 25633 0 76 25641 0 68 25641 0 74 25644 0 69 25644 0 75 25644 0 78 25653 0 77 25656 0 51 25657 0 79 25667 0 76 25693 0 90 25693 0 91 25693 0 92 25720 0 78 25734 0 77 25735 0 52 25746 0 53 25754 0 54 25776 0 51 25884 0 52 25904 0 53 25939 0 51 25947 0 
TIME iteration: 300 ms
Round:49
IR: 0, 0, 0, 0, 0
26040 0 53 26064 0 52 26067 0 65 26068 0 64 26074 0 78 26082 0 51 26095 0 60 26095 0 61 26096 0 90 26096 0 91 26096 0 92 26098 0 78 26099 0 72 26100 0 73 26100 0 76 26124 0 76 26125 0 78 26130 0 54 26131 0 68 26131 0 69 26151 0 76 26153 0 53 26159 0 78 26184 0 76 26218 0 90 26218 0 91 26218 0 92 26240 0 78 26249 0 51 26250 0 76 26255 0 52 26276 0 54 26278 0 53 26382 0 52 26408 0 53 26459 0 54 26499 0 
TIME iteration: 300 ms
Round:50
IR: 0, 0, 0, 0, 0
26524 0 64 26524 0 65 26530 0 78 26538 0 52 26551 0 72 26551 0 73 26553 0 90 26553 0 91 26553 0 92 26554 0 78 26573 0 51 26581 0 78 26615 0 78 26619 0 53 26634 0 54 26691 0 78 26702 0 52 26728 0 51 26789 0 53 26796 0 54 26901 0 52 26902 0 51 26931 0 54 26948 0 66 26949 0 67 26956 0 60 26956 0 61 26957 0 79 26964 0 76 26975 0 90 26975 0 91 26975 0 92 26981 0 79 26988 0 76 26997 0 53 27007 0 68 27008 0 79 27009 0 69 27015 0 76 27026 0 74 27029 0 
TIME iteration: 309 ms
Round:51
IR: 0, 0, 0, 0, 0
27031 0 52 27043 0 79 27049 0 76 27051 0 54 27104 0 90 27104 0 91 27104 0 92 27147 0 53 27154 0 52 27177 0 51 27194 0 54 27258 0 53 27327 0 52 27352 0 54 27370 0 51 27434 0 53 27479 0 65 27480 0 64 27487 0 78 27499 0 52 27509 0 90 27509 0 91 27509 0 92 27511 0 78 27524 0 51 27530 0 54 27535 0 72 27535 0 73 27538 0 
TIME iteration: 299 ms
Round:52
IR: 0, 0, 0, 0, 0
27572 0 78 27612 0 53 27637 0 54 27664 0 52 27704 0 51 27741 0 53 27780 0 54 27813 0 64 27814 0 65 27816 0 78 27819 0 52 27835 0 72 27836 0 73 27839 0 78 27839 0 90 27839 0 91 27839 0 92 27864 0 51 27865 0 78 27897 0 78 27899 0 54 27936 0 72 27950 0 78 27989 0 51 27989 0 52 27992 0 53 28031 0 
TIME iteration: 299 ms
Round:53
IR: 0, 0, 0, 0, 0
28103 0 53 28127 0 51 28129 0 64 28130 0 65 28133 0 78 28136 0 52 28142 0 73 28154 0 72 28154 0 90 28154 0 91 28154 0 92 28156 0 78 28182 0 78 28202 0 73 28214 0 78 28215 0 54 28269 0 78 28308 0 51 28339 0 53 28360 0 54 28391 0 52 28529 0 53 28559 0 51 28563 0 64 28563 0 65 28568 0 78 28587 0 72 28590 0 90 28590 0 91 28590 0 92 28592 0 78 28594 0 73 28619 0 
TIME iteration: 300 ms
Round:54
IR: 0, 0, 0, 0, 0
28651 0 53 28652 0 78 28653 0 52 28664 0 54 28706 0 51 28718 0 78 28749 0 53 28773 0 54 28809 0 52 28856 0 51 28892 0 53 28905 0 64 28905 0 65 28909 0 78 28921 0 72 28923 0 73 28930 0 90 28930 0 91 28930 0 92 28932 0 78 28941 0 54 28958 0 52 28958 0 78 28987 0 72 28990 0 78 28997 0 73 29039 0 53 29046 0 78 29060 0 51 29067 0 
TIME iteration: 300 ms
Round:55
IR: 0, 0, 0, 0, 0
29151 0 54 29172 0 52 29183 0 53 29201 0 64 29202 0 65 29205 0 78 29222 0 62 29224 0 72 29224 0 73 29225 0 63 29225 0 90 29225 0 91 29225 0 92 29228 0 78 29232 0 77 29254 0 78 29256 0 77 29267 0 51 29283 0 77 29286 0 78 29297 0 54 29315 0 71 29318 0 77 29329 0 52 29330 0 70 29338 0 53 29341 0 78 29346 0 90 29346 0 91 29346 0 92 29387 0 54 29404 0 51 29465 0 52 29524 0 53 29554 0 54 29577 0 51 29629 0 52 29660 0 
TIME iteration: 300 ms
Round:56
IR: 0, 0, 0, 0, 0
29711 0 54 29734 0 65 29736 0 64 29741 0 78 29743 0 66 29743 0 67 29746 0 53 29752 0 79 29761 0 51 29764 0 90 29764 0 91 29764 0 92 29765 0 72 29765 0 78 29766 0 73 29776 0 79 29792 0 78 29803 0 79 29826 0 52 29826 0 78 29836 0 74 29838 0 79 29841 0 75 29875 0 53 29896 0 90 29896 0 91 29896 0 92 29902 0 78 29913 0 51 29944 0 54 30034 0 52 30051 0 51 30070 0 53 30092 0 54 30200 0 54 30207 0 
TIME iteration: 300 ms
Round:57
IR: 0, 0, 0, 0, 0
30229 0 67 30230 0 66 30235 0 79 30253 0 53 30259 0 79 30259 0 90 30259 0 91 30259 0 92 30265 0 74 30266 0 75 30286 0 79 30320 0 79 30324 0 51 30381 0 52 30396 0 54 30413 0 53 30504 0 51 30536 0 52 30574 0 53 30577 0 54 30642 0 66 30643 0 67 30647 0 79 30656 0 65 30660 0 64 30666 0 78 30667 0 74 30667 0 75 30669 0 53 30669 0 90 30669 0 91 30669 0 92 30671 0 79 30690 0 78 30695 0 51 30698 0 79 30712 0 72 30713 0 73 30717 0 78 30729 0 52 30731 0 
TIME iteration: 300 ms
Round:58
IR: 0, 0, 0, 0, 0
30751 0 78 30769 0 53 30795 0 90 30795 0 91 30795 0 92 30798 0 79 30837 0 52 30852 0 51 30887 0 54 30955 0 53 30968 0 52 31056 0 54 31083 0 51 31167 0 52 31181 0 54 31198 0 66 31198 0 67 31205 0 79 31211 0 62 31211 0 63 31219 0 77 31228 0 90 31228 0 91 31228 0 92 31229 0 79 31230 0 74 31231 0 75 31239 0 53 31243 0 77 31246 0 51 31256 0 
TIME iteration: 300 ms
Round:59
IR: 0, 0, 0, 0, 0
31270 0 77 31290 0 79 31299 0 70 31304 0 77 31305 0 71 31358 0 90 31358 0 91 31358 0 92 31360 0 53 31386 0 52 31389 0 54 31430 0 51 31515 0 53 31547 0 52 31594 0 51 31659 0 53 31686 0 54 31707 0 51 31713 0 52 31729 0 61 31730 0 60 31730 0 64 31738 0 76 31741 0 65 31744 0 78 31755 0 62 31756 0 63 31756 0 90 31756 0 91 31756 0 92 31761 0 77 31762 0 76 31768 0 78 31785 0 77 31789 0 76 31795 0 70 31795 0 71 31795 0 
TIME iteration: 300 ms
Round:60
IR: 0, 0, 0, 0, 0
31801 0 72 31801 0 73 31812 0 77 31820 0 68 31824 0 76 31828 0 69 31829 0 78 31837 0 54 31845 0 77 31870 0 90 31870 0 91 31870 0 92 31875 0 52 31888 0 53 31912 0 77 31944 0 51 32014 0 52 32029 0 54 32035 0 53 32077 0 51 32148 0 54 32164 0 52 32208 0 53 32240 0 63 32242 0 62 32247 0 77 32260 0 51 32267 0 64 32267 0 65 32270 0 90 32270 0 91 32270 0 92 32271 0 71 32271 0 77 32272 0 70 32273 0 78 32297 0 54 32297 0 78 32298 0 77 32302 0 72 32304 0 73 32324 0 
TIME iteration: 301 ms
Round:61
IR: 0, 0, 0, 0, 0
32332 0 77 32358 0 78 32373 0 53 32393 0 90 32393 0 91 32393 0 92 32399 0 52 32407 0 77 32421 0 54 32434 0 78 32444 0 51 32497 0 53 32543 0 52 32573 0 54 32586 0 51 32612 0 53 32718 0 54 32720 0 51 32754 0 60 32754 0 61 32762 0 76 32764 0 66 32764 0 67 32773 0 79 32775 0 52 32784 0 90 32784 0 91 32784 0 92 32786 0 76 32797 0 79 32813 0 76 32817 0 69 32818 0 68 32824 0 79 32838 0 53 32839 0 74 32846 0 75 32847 0 76 32859 0 
TIME iteration: 300 ms
Round:62
IR: 0, 0, 0, 0, 0
32868 0 54 32876 0 51 32915 0 90 32915 0 91 32915 0 92 32941 0 52 32989 0 53 33021 0 51 33037 0 54 33062 0 52 33136 0 53 33185 0 54 33212 0 51 33247 0 53 33267 0 64 33267 0 65 33275 0 78 33288 0 54 33292 0 52 33294 0 66 33294 0 67 33297 0 90 33297 0 91 33297 0 92 33299 0 78 33300 0 79 33324 0 79 33326 0 78 33327 0 72 33327 0 73 33332 0 74 33333 0 75 33351 0 79 33360 0 51 33360 0 78 33385 0 
TIME iteration: 300 ms
Round:63
IR: 0, 0, 0, 0, 0
33392 0 54 33420 0 90 33420 0 91 33420 0 92 33464 0 53 33473 0 54 33501 0 51 33555 0 52 33574 0 53 33624 0 54 33683 0 51 33691 0 52 33754 0 54 33775 0 66 33776 0 67 33777 0 53 33781 0 79 33805 0 74 33805 0 79 33805 0 90 33805 0 91 33805 0 92 33806 0 75 33813 0 52 33832 0 79 33846 0 51 33866 0 79 33894 0 54 33902 0 53 33919 0 
TIME iteration: 300 ms
Round:64
IR: 0, 0, 0, 0, 0
33957 0 51 34033 0 54 34068 0 53 34082 0 52 34143 0 54 34147 0 66 34147 0 67 34151 0 79 34166 0 74 34166 0 75 34173 0 90 34173 0 91 34173 0 92 34174 0 79 34192 0 51 34200 0 79 34232 0 79 34243 0 74 34248 0 75 34273 0 53 34279 0 52 34290 0 79 34325 0 51 34328 0 54 34384 0 52 34405 0 
TIME iteration: 300 ms
Round:65
IR: 0, 0, 0, 0, 0
34466 0 54 34474 0 66 34475 0 67 34479 0 79 34488 0 51 34499 0 74 34499 0 90 34499 0 91 34499 0 92 34500 0 75 34503 0 79 34519 0 52 34529 0 79 34553 0 53 34562 0 79 34612 0 54 34627 0 79 34646 0 51 34681 0 52 34717 0 53 34717 0 54 34773 0 51 34787 0 66 34789 0 67 34792 0 79 34802 0 74 34802 0 75 34803 0 52 34812 0 90 34812 0 91 34812 0 92 34816 0 79 34842 0 79 34849 0 53 34863 0 74 34865 0 75 34875 0 79 34882 0 51 34902 0 52 34921 0 54 34941 0 79 34974 0 
TIME iteration: 300 ms
Round:66
IR: 0, 0, 0, 0, 0
35030 0 51 35059 0 52 35081 0 54 35110 0 66 35111 0 67 35115 0 79 35133 0 74 35133 0 75 35135 0 90 35135 0 91 35135 0 92 35139 0 79 35161 0 53 35165 0 79 35198 0 79 35221 0 52 35257 0 54 35263 0 79 35266 0 53 35297 0 51 35338 0 52 35375 0 53 35378 0 54 35432 0 65 35433 0 64 35441 0 78 35450 0 51 35454 0 66 35455 0 67 35457 0 90 35457 0 91 35457 0 92 35459 0 79 35465 0 78 35470 0 74 35471 0 75 35483 0 79 35492 0 78 35496 0 52 35509 0 
TIME iteration: 300 ms
Round:67
IR: 0, 0, 0, 0, 0
35518 0 72 35519 0 73 35524 0 53 35527 0 78 35533 0 74 35534 0 54 35540 0 75 35542 0 79 35579 0 90 35579 0 91 35579 0 92 35607 0 79 35632 0 51 35674 0 52 35678 0 53 35705 0 54 35778 0 51 35796 0 53 35804 0 52 35942 0 53 35953 0 64 35954 0 65 35959 0 78 35983 0 78 35983 0 90 35983 0 91 35983 0 92 35989 0 51 35991 0 72 35991 0 73 36010 0 54 36010 0 78 36026 0 
TIME iteration: 314 ms
Round:68
IR: 0, 0, 0, 0, 0
36043 0 78 36110 0 78 36145 0 51 36181 0 52 36190 0 54 36254 0 53 36317 0 52 36350 0 63 36351 0 62 36356 0 51 36359 0 77 36377 0 90 36377 0 91 36377 0 92 36383 0 77 36387 0 54 36410 0 77 36432 0 52 36445 0 71 36445 0 77 36453 0 70 36455 0 53 36519 0 54 36521 0 52 36537 0 
TIME iteration: 302 ms
Round:69
IR: 0, 0, 0, 0, 0
36590 0 62 36592 0 77 36593 0 63 36610 0 71 36611 0 70 36614 0 52 36615 0 77 36615 0 90 36615 0 91 36615 0 92 36641 0 77 36669 0 53 36672 0 77 36683 0 71 36686 0 70 36708 0 51 36721 0 77 36798 0 53 36806 0 52 36821 0 54 36886 0 51 36910 0 52 36911 0 63 36912 0 62 36915 0 77 36933 0 53 36935 0 70 36936 0 71 36936 0 90 36936 0 91 36936 0 92 36938 0 77 36945 0 54 36964 0 77 36993 0 52 36996 0 77 37006 0 51 37051 0 77 37065 0 52 37065 0 53 37092 0 
TIME iteration: 302 ms
Round:70
IR: 0, 0, 0, 0, 0
37224 0 52 37238 0 62 37238 0 63 37242 0 77 37244 0 51 37253 0 70 37253 0 71 37263 0 90 37263 0 91 37263 0 92 37265 0 77 37291 0 77 37314 0 54 37316 0 70 37318 0 71 37323 0 77 37373 0 53 37379 0 77 37390 0 51 37414 0 52 37500 0 53 37503 0 51 37533 0 54 37598 0 52 37618 0 62 37618 0 63 37623 0 
TIME iteration: 301 ms
Round:71
IR: 0, 0, 0, 0, 0
37644 0 90 37644 0 91 37644 0 92 37645 0 70 37645 0 71 37647 0 77 37663 0 54 37665 0 51 37674 0 77 37707 0 77 37728 0 53 37741 0 52 37772 0 77 37816 0 51 37838 0 52 37909 0 53 37911 0 54 37955 0 52 37957 0 62 37957 0 63 37961 0 77 37973 0 70 37974 0 71 37982 0 90 37982 0 91 37982 0 92 37984 0 77 38001 0 51 38010 0 77 38027 0 53 38042 0 77 38043 0 70 38044 0 71 38058 0 54 38098 0 
TIME iteration: 301 ms
Round:72
IR: 0, 0, 0, 0, 0
38175 0 51 38182 0 54 38188 0 53 38270 0 52 38351 0 53 38355 0 54 38377 0 66 38377 0 67 38382 0 64 38383 0 65 38386 0 79 38391 0 78 38403 0 90 38403 0 91 38403 0 92 38405 0 51 38410 0 79 38415 0 78 38437 0 79 38442 0 78 38467 0 74 38469 0 75 38472 0 79 38473 0 73 38477 0 78 38478 0 72 38487 0 52 38510 0 51 38521 0 54 38533 0 90 38533 0 91 38533 0 92 38610 0 53 38643 0 51 38652 0 54 38671 0 
TIME iteration: 299 ms
Round:73
IR: 0, 0, 0, 0, 0
38743 0 53 38807 0 51 38815 0 52 38816 0 54 38940 0 51 38947 0 61 38948 0 60 38956 0 76 38959 0 53 38961 0 54 38965 0 66 38965 0 67 38972 0 79 38978 0 90 38978 0 91 38978 0 92 38980 0 76 38996 0 79 38999 0 52 39006 0 75 39007 0 76 39008 0 74 39023 0 79 39042 0 76 39045 0 68 39047 0 69 39057 0 79 39070 0 54 39076 0 51 39080 0 53 39106 0 90 39106 0 91 39106 0 92 39115 0 52 39178 0 53 39205 0 51 39210 0 
TIME iteration: 299 ms
Round:74
IR: 0, 0, 0, 0, 0
39255 0 54 39302 0 53 39338 0 51 39345 0 52 39433 0 54 39459 0 53 39478 0 64 39478 0 65 39486 0 78 39505 0 51 39508 0 90 39508 0 91 39508 0 92 39510 0 78 39537 0 78 39540 0 52 39543 0 73 39545 0 72 39571 0 78 39631 0 54 39652 0 53 39660 0 52 39673 0 
TIME iteration: 299 ms
Round:75
IR: 0, 0, 0, 0, 0
39750 0 54 39781 0 51 39834 0 53 39846 0 60 39847 0 61 39854 0 76 39855 0 52 39872 0 90 39872 0 91 39872 0 92 39878 0 76 39904 0 68 39905 0 69 39905 0 76 39910 0 54 39939 0 76 39995 0 51 39995 0 53 40011 0 52 40024 0 54 40125 0 54 40140 0 51 40163 0 67 40166 0 66 40173 0 79 40187 0 53 40189 0 90 40189 0 91 40189 0 92 40197 0 79 40224 0 79 40227 0 52 40232 0 75 40233 0 74 40259 0 79 40261 0 
TIME iteration: 299 ms
Round:76
IR: 0, 0, 0, 0, 0
40309 0 54 40321 0 53 40346 0 52 40419 0 53 40476 0 51 40496 0 54 40526 0 52 40542 0 67 40543 0 66 40547 0 79 40551 0 53 40552 0 65 40553 0 64 40560 0 78 40568 0 90 40568 0 91 40568 0 92 40569 0 74 40569 0 75 40571 0 79 40584 0 78 40597 0 79 40611 0 78 40616 0 72 40618 0 73 40630 0 79 40638 0 51 40645 0 78 40695 0 90 40695 0 91 40695 0 92 40697 0 79 40704 0 54 40738 0 52 40745 0 53 40776 0 
TIME iteration: 300 ms
Round:77
IR: 0, 0, 0, 0, 0
40834 0 54 40894 0 52 40936 0 54 40963 0 53 41016 0 67 41020 0 66 41024 0 79 41034 0 52 41044 0 74 41046 0 75 41047 0 51 41047 0 90 41047 0 91 41047 0 92 41048 0 54 41048 0 79 41075 0 79 41109 0 79 41123 0 54 41132 0 53 41157 0 52 41194 0 51 41227 0 54 41253 0 52 41309 0 
TIME iteration: 299 ms
Round:78
IR: 0, 0, 0, 0, 0
41393 0 54 41396 0 67 41397 0 66 41398 0 52 41400 0 79 41404 0 62 41404 0 63 41412 0 77 41417 0 74 41417 0 75 41422 0 90 41422 0 91 41422 0 92 41423 0 79 41433 0 53 41436 0 77 41449 0 79 41457 0 51 41463 0 77 41481 0 79 41497 0 77 41498 0 70 41507 0 71 41508 0 75 41509 0 74 41539 0 79 41551 0 90 41551 0 91 41551 0 92 41566 0 53 41583 0 52 41594 0 54 41625 0 51 41709 0 52 41766 0 54 41769 0 53 41800 0 
TIME iteration: 300 ms
Round:79
IR: 0, 0, 0, 0, 0
41887 0 52 41890 0 54 41917 0 66 41917 0 67 41923 0 79 41932 0 63 41933 0 62 41938 0 77 41941 0 51 41947 0 79 41947 0 90 41947 0 91 41947 0 92 41956 0 74 41956 0 75 41962 0 77 41971 0 70 41971 0 71 41972 0 53 41974 0 79 41989 0 77 42008 0 79 42022 0 77 42069 0 54 42076 0 90 42076 0 91 42076 0 92 42089 0 77 42096 0 51 42106 0 52 42119 0 53 42198 0 51 42209 0 54 42229 0 53 42332 0 51 42382 0 
TIME iteration: 300 ms
Round:80
IR: 0, 0, 0, 0, 0
42409 0 54 42414 0 61 42424 0 60 42428 0 76 42449 0 90 42449 0 91 42449 0 92 42452 0 76 42479 0 76 42513 0 68 42513 0 69 42514 0 76 42547 0 54 42556 0 53 42580 0 51 42633 0 52 42667 0 53 42694 0 54 42784 0 53 42786 0 52 42797 0 54 42797 0 64 42798 0 65 42806 0 78 42807 0 66 42807 0 67 42815 0 79 42824 0 90 42824 0 91 42824 0 92 42830 0 78 42839 0 51 42839 0 79 42857 0 78 42861 0 74 42861 0 75 42866 0 79 42885 0 73 42892 0 72 42892 0 78 42898 0 53 42901 0 79 42929 0 
TIME iteration: 300 ms
Round:81
IR: 0, 0, 0, 0, 0
42937 0 54 42952 0 90 42952 0 91 42952 0 92 43006 0 51 43022 0 53 43043 0 52 43101 0 54 43145 0 51 43200 0 53 43262 0 54 43326 0 51 43334 0 52 43363 0 60 43363 0 61 43371 0 76 43390 0 53 43393 0 90 43393 0 91 43393 0 92 43395 0 76 43422 0 76 43423 0 68 43426 0 69 43431 0 54 43433 0 51 43456 0 
TIME iteration: 299 ms
Round:82
IR: 0, 0, 0, 0, 0
43548 0 52 43553 0 53 43573 0 51 43641 0 54 43677 0 51 43688 0 60 43688 0 61 43691 0 76 43695 0 53 43709 0 68 43710 0 69 43713 0 90 43713 0 91 43713 0 92 43714 0 76 43724 0 52 43740 0 76 43772 0 76 43784 0 51 43795 0 54 43804 0 68 43826 0 76 43840 0 53 43862 0 52 43944 0 51 43977 0 53 43986 0 
TIME iteration: 299 ms
Round:83
IR: 0, 0, 0, 0, 0
43991 0 61 43993 0 60 43996 0 76 43998 0 54 44005 0 69 44016 0 68 44016 0 90 44016 0 91 44016 0 92 44019 0 76 44045 0 76 44065 0 69 44077 0 76 44079 0 51 44133 0 76 44138 0 53 44140 0 52 44196 0 51 44201 0 54 44276 0 52 44286 0 53 44326 0 51 44329 0 60 44329 0 61 44333 0 76 44344 0 68 44352 0 69 44354 0 90 44354 0 91 44354 0 92 44356 0 76 44374 0 54 44382 0 76 44409 0 68 44414 0 76 44470 0 76 44473 0 53 44508 0 
TIME iteration: 300 ms
Round:84
IR: 0, 0, 0, 0, 0
44542 0 52 44543 0 51 44625 0 53 44644 0 54 44692 0 52 44698 0 66 44698 0 67 44707 0 79 44721 0 51 44724 0 90 44724 0 91 44724 0 92 44731 0 79 44758 0 79 44780 0 54 44785 0 75 44789 0 53 44792 0 74 44793 0 79 44870 0 52 44946 0 54 44968 0 53 44975 0 51 45026 0 66 45027 0 67 45030 0 
TIME iteration: 398 ms
Round:85
IR: 0, 0, 0, 0, 0
45051 0 75 45051 0 90 45051 0 91 45051 0 92 45052 0 74 45053 0 79 45054 0 52 45079 0 79 45104 0 53 45111 0 79 45169 0 79 45182 0 51 45183 0 54 45217 0 52 45268 0 53 45297 0 54 45332 0 51 45375 0 66 45379 0 52 45380 0 67 45382 0 79 45394 0 53 45394 0 74 45395 0 75 45403 0 90 45403 0 91 45403 0 92 45406 0 79 45432 0 79 45453 0 51 45465 0 74 45465 0 79 45467 0 75 45475 0 54 45517 0 52 45528 0 79 45533 0 53 45579 0 
TIME iteration: 302 ms
Round:86
IR: 0, 0, 0, 0, 0
45635 0 52 45658 0 53 45684 0 54 45725 0 66 45726 0 67 45730 0 79 45751 0 74 45751 0 90 45751 0 91 45751 0 92 45752 0 75 45754 0 79 45759 0 51 45780 0 79 45813 0 79 45825 0 53 45840 0 52 45880 0 79 45902 0 54 45955 0 52 45981 0 51 46001 0 53 46055 0 54 46075 0 52 46086 0 53 46090 0 62 46091 0 63 46099 0 77 46104 0 64 46104 0 
TIME iteration: 302 ms
Round:87
IR: 0, 0, 0, 0, 0
46112 0 78 46116 0 90 46116 0 91 46116 0 92 46123 0 77 46136 0 78 46150 0 77 46159 0 51 46163 0 78 46174 0 53 46185 0 77 46190 0 70 46192 0 71 46197 0 78 46199 0 73 46207 0 54 46218 0 52 46219 0 72 46242 0 90 46242 0 91 46242 0 92 46267 0 51 46301 0 53 46356 0 54 46366 0 52 46386 0 51 46472 0 53 46497 0 52 46525 0 54 46537 0 51 46595 0 60 46598 0 61 46605 0 76 46626 0 90 46626 0 91 46626 0 92 46629 0 
TIME iteration: 302 ms
Round:88
IR: 0, 0, 0, 0, 0
46656 0 76 46657 0 53 46687 0 68 46688 0 69 46691 0 76 46705 0 51 46744 0 52 46759 0 54 46835 0 51 46846 0 53 46889 0 61 46890 0 60 46892 0 76 46896 0 52 46911 0 68 46912 0 69 46914 0 90 46914 0 91 46914 0 92 46915 0 76 46940 0 53 46941 0 76 46956 0 51 46962 0 54 46973 0 76 47011 0 52 47026 0 76 47073 0 53 47088 0 51 47151 0 
TIME iteration: 302 ms
Round:89
IR: 0, 0, 0, 0, 0
47186 0 53 47187 0 54 47227 0 64 47228 0 65 47235 0 78 47252 0 90 47252 0 91 47252 0 92 47259 0 78 47281 0 51 47286 0 78 47293 0 72 47295 0 73 47305 0 52 47313 0 53 47320 0 78 47328 0 54 47392 0 51 47456 0 54 47522 0 53 47549 0 51 47550 0 52 47595 0 54 47603 0 60 47604 0 61 47611 0 76 47613 0 66 47613 0 67 47622 0 79 47629 0 90 47629 0 91 47629 0 92 47635 0 76 47644 0 69 47646 0 68 47646 0 79 47662 0 76 47668 0 53 47673 0 79 47686 0 51 47690 0 52 47696 0 76 47698 0 
TIME iteration: 303 ms
Round:90
IR: 0, 0, 0, 0, 0
47701 0 74 47708 0 79 47735 0 54 47757 0 90 47757 0 91 47757 0 92 47853 0 51 47854 0 54 47870 0 53 47885 0 52 47985 0 54 48004 0 53 48020 0 51 48046 0 52 48102 0 54 48109 0 66 48109 0 67 48115 0 79 48125 0 53 48137 0 64 48137 0 65 48139 0 79 48139 0 90 48139 0 91 48139 0 92 48145 0 75 48145 0 78 48147 0 74 48152 0 51 48166 0 79 48169 0 78 48194 0 72 48196 0 78 48197 0 73 48200 0 79 48218 0 
TIME iteration: 302 ms
Round:91
IR: 0, 0, 0, 0, 0
48230 0 78 48247 0 54 48250 0 51 48259 0 53 48262 0 90 48262 0 91 48262 0 92 48333 0 54 48358 0 52 48431 0 51 48446 0 54 48475 0 53 48534 0 52 48561 0 51 48581 0 54 48598 0 67 48599 0 66 48604 0 79 48628 0 75 48628 0 79 48628 0 90 48628 0 91 48628 0 92 48629 0 74 48654 0 53 48655 0 79 48682 0 52 48689 0 79 48728 0 54 48741 0 
TIME iteration: 302 ms
Round:92
IR: 0, 0, 0, 0, 0
48810 0 53 48825 0 52 48921 0 51 48924 0 54 48964 0 53 49009 0 65 49010 0 64 49017 0 78 49036 0 90 49036 0 91 49036 0 92 49041 0 78 49053 0 52 49064 0 54 49065 0 72 49066 0 73 49068 0 78 49102 0 78 49139 0 53 49179 0 51 49213 0 54 49248 0 52 49276 0 
TIME iteration: 302 ms
Round:93
IR: 0, 0, 0, 0, 0
49340 0 65 49341 0 64 49343 0 78 49346 0 54 49347 0 51 49361 0 73 49362 0 72 49365 0 90 49365 0 91 49365 0 92 49366 0 78 49376 0 53 49392 0 78 49424 0 78 49428 0 52 49451 0 73 49470 0 51 49477 0 78 49481 0 54 49482 0 53 49583 0 54 49606 0 53 49608 0 51 49622 0 64 49622 0 65 49625 0 78 49632 0 72 49645 0 73 49646 0 90 49646 0 91 49646 0 92 49648 0 78 49651 0 52 49674 0 78 49688 0 72 49705 0 54 49706 0 78 49729 0 53 49760 0 51 49760 0 78 49801 0 
TIME iteration: 302 ms
Round:94
IR: 0, 0, 0, 0, 0
49833 0 54 49877 0 53 49931 0 52 49939 0 64 49943 0 65 49945 0 78 49949 0 51 49955 0 73 49963 0 72 49965 0 90 49965 0 91 49965 0 92 49968 0 78 49994 0 78 50009 0 53 50018 0 73 50020 0 52 50026 0 78 50032 0 54 50082 0 78 50103 0 51 50152 0 52 50156 0 53 50172 0 54 50228 0 51 50277 0 54 50300 0 66 50300 0 67 50309 0 79 50323 0 53 50325 0 90 50325 0 91 50325 0 92 50333 0 79 50337 0 
TIME iteration: 302 ms
Round:95
IR: 0, 0, 0, 0, 0
50360 0 79 50362 0 52 50362 0 54 50379 0 74 50382 0 75 50395 0 79 50451 0 54 50469 0 53 50475 0 52 50583 0 52 50609 0 54 50618 0 66 50618 0 67 50621 0 79 50626 0 62 50626 0 63 50628 0 51 50634 0 77 50641 0 75 50642 0 74 50642 0 90 50642 0 91 50642 0 92 50644 0 79 50658 0 77 50670 0 79 50685 0 77 50702 0 79 50714 0 71 50715 0 53 50719 0 70 50719 0 77 50743 0 52 50758 0 79 50769 0 90 50769 0 91 50769 0 92 50770 0 54 50785 0 51 50854 0 
TIME iteration: 303 ms
Round:96
IR: 0, 0, 0, 0, 0
50908 0 54 50932 0 51 50946 0 52 50954 0 53 51052 0 54 51083 0 52 51095 0 62 51095 0 63 51100 0 77 51105 0 51 51124 0 77 51124 0 90 51124 0 91 51124 0 92 51129 0 71 51131 0 70 51151 0 77 51173 0 53 51181 0 52 51184 0 77 51222 0 51 51225 0 54 51250 0 77 51300 0 53 51331 0 52 51355 0 54 51390 0 
TIME iteration: 302 ms
Round:97
IR: 0, 0, 0, 0, 0
51456 0 53 51477 0 54 51488 0 66 51488 0 67 51490 0 65 51492 0 64 51496 0 79 51499 0 78 51513 0 90 51513 0 91 51513 0 92 51520 0 79 51523 0 78 51536 0 52 51539 0 74 51539 0 75 51547 0 79 51550 0 78 51568 0 51 51572 0 72 51575 0 73 51582 0 79 51584 0 78 51589 0 54 51629 0 53 51643 0 90 51643 0 91 51643 0 92 51644 0 52 51756 0 53 51771 0 54 51785 0 52 51829 0 51 51900 0 53 51924 0 54 51930 0 
TIME iteration: 303 ms
Round:98
IR: 0, 0, 0, 0, 0
51944 0 52 52035 0 53 52038 0 62 52040 0 65 52041 0 64 52044 0 51 52046 0 78 52047 0 60 52047 0 61 52055 0 76 52055 0 77 52066 0 90 52066 0 91 52066 0 92 52070 0 78 52078 0 52 52079 0 76 52080 0 72 52080 0 73 52087 0 77 52097 0 78 52106 0 76 52107 0 54 52130 0 78 52140 0 68 52140 0 76 52140 0 77 52147 0 69 52160 0 51 52180 0 53 52188 0 90 52188 0 91 52188 0 92 52197 0 78 52240 0 54 52242 0 52 52327 0 53 52331 0 51 52359 0 52 52408 0 
TIME iteration: 303 ms
Round:99
IR: 0, 0, 0, 0, 0
52501 0 51 52539 0 52 52553 0 54 52565 0 53 52577 0 63 52579 0 62 52583 0 67 52584 0 66 52584 0 77 52592 0 79 52606 0 61 52606 0 90 52606 0 91 52606 0 92 52608 0 77 52616 0 79 52618 0 76 52621 0 70 52622 0 71 52635 0 77 52643 0 79 52647 0 75 52648 0 74 52648 0 76 52654 0 52 52655 0 51 52669 0 77 52678 0 79 52693 0 76 52701 0 54 52726 0 90 52726 0 91 52726 0 92 52745 0 77 52757 0 51 52766 0 53 52793 0 52 52877 0 54 52912 0 51 52959 0 
TIME iteration: 306 ms
Round:100
IR: 0, 0, 0, 0, 0
53033 0 51 53065 0 52 53073 0 60 53073 0 61 53077 0 54 53079 0 76 53102 0 90 53102 0 91 53102 0 92 53103 0 76 53106 0 68 53108 0 69 53115 0 53 53130 0 76 53157 0 54 53164 0 76 53169 0 51 53220 0 52 53240 0 76 53245 0 53 53272 0 51 53353 0 52 53359 0 53 53365 0 54 53422 0 51 53422 0 64 53423 0 65 53431 0 78 53433 0 60 53433 0 61 53438 0 76 53448 0 90 53448 0 91 53448 0 92 53452 0 69 53453 0 68 53455 0 78 53462 0 76 53482 0 52 53482 0 78 53489 0 76 53495 0 72 53497 0 73 53517 0 78 53522 0 76 53523 0 53 53529 0 
TIME iteration: 307 ms
Round:101
IR: 0, 0, 0, 0, 0
53534 0 68 53535 0 54 53575 0 90 53575 0 91 53575 0 92 53587 0 76 53593 0 52 53637 0 51 53669 0 53 53679 0 54 53740 0 52 53754 0 51 53842 0 54 53846 0 53 53885 0 52 53939 0 62 53941 0 63 53948 0 77 53970 0 90 53970 0 91 53970 0 92 53972 0 77 53999 0 77 54006 0 51 54006 0 53 54016 0 70 54018 0 71 54033 0 77 54047 0 
TIME iteration: 304 ms
Round:102
IR: 0, 0, 0, 0, 0
54096 0 52 54131 0 53 54183 0 54 54239 0 52 54248 0 51 54270 0 53 54281 0 62 54281 0 63 54282 0 54 54284 0 77 54301 0 66 54301 0 67 54305 0 70 54306 0 71 54306 0 90 54306 0 91 54306 0 92 54307 0 77 54310 0 79 54333 0 77 54334 0 79 54361 0 79 54365 0 77 54385 0 74 54387 0 75 54392 0 51 54396 0 79 54405 0 54 54406 0 52 54419 0 77 54425 0 53 54429 0 90 54429 0 91 54429 0 92 54510 0 51 54517 0 52 54534 0 54 54574 0 
TIME iteration: 305 ms
Round:103
IR: 0, 0, 0, 0, 0
54641 0 52 54665 0 51 54692 0 53 54751 0 52 54762 0 63 54763 0 62 54768 0 77 54788 0 54 54789 0 71 54790 0 70 54792 0 77 54792 0 90 54792 0 91 54792 0 92 54819 0 77 54852 0 77 54864 0 51 54875 0 53 54893 0 52 54919 0 77 54961 0 54 54991 0 53 55037 0 51 55101 0 52 55108 0 54 55111 0 
TIME iteration: 304 ms
Round:104
IR: 0, 0, 0, 0, 0
55128 0 65 55129 0 64 55137 0 78 55154 0 90 55154 0 91 55154 0 92 55161 0 78 55188 0 78 55196 0 51 55210 0 73 55214 0 72 55223 0 78 55238 0 53 55252 0 54 55328 0 51 55376 0 54 55433 0 53 55446 0 52 55482 0 65 55484 0 64 55486 0 78 55494 0 51 55495 0 54 55505 0 66 55507 0 67 55508 0 90 55508 0 91 55508 0 92 55509 0 72 55509 0 73 55509 0 78 55515 0 79 55535 0 78 55539 0 79 55566 0 79 55567 0 78 55579 0 74 55581 0 75 55601 0 79 55602 0 51 55610 0 54 55619 0 53 55620 0 52 55621 0 78 55630 0 90 55630 0 91 55630 0 
TIME iteration: 307 ms
Round:105
IR: 0, 0, 0, 0, 0
55718 0 53 55735 0 51 55747 0 52 55780 0 54 55845 0 51 55871 0 53 55875 0 52 55928 0 54 55962 0 51 55971 0 60 55972 0 61 55980 0 76 56001 0 90 56001 0 91 56001 0 92 56004 0 76 56013 0 53 56031 0 76 56061 0 68 56062 0 52 56063 0 69 56066 0 76 56081 0 54 56087 0 53 56091 0 51 56172 0 
TIME iteration: 299 ms
Round:106
IR: 0, 0, 0, 0, 0
56188 0 51 56224 0 60 56225 0 61 56226 0 76 56243 0 68 56244 0 69 56246 0 52 56248 0 90 56248 0 91 56248 0 92 56249 0 76 56262 0 53 56275 0 76 56305 0 54 56306 0 76 56320 0 68 56325 0 69 56356 0 76 56374 0 52 56409 0 53 56413 0 51 56441 0 54 56544 0 53 56549 0 52 56588 0 54 56594 0 51 56602 0 64 56603 0 65 56607 0 60 56608 0 61 56610 0 78 56612 0 76 56614 0 66 56614 0 67 56623 0 79 56628 0 90 56628 0 91 56628 0 92 56634 0 78 56636 0 68 56636 0 76 56637 0 53 56637 0 69 56647 0 79 56661 0 78 56662 0 76 56663 0 73 56666 0 72 56674 0 79 56679 0 74 56681 0 75 56695 0 76 56695 0 78 56709 0 
TIME iteration: 300 ms
Round:107
IR: 0, 0, 0, 0, 0
56720 0 52 56727 0 54 56734 0 51 56744 0 90 56744 0 91 56744 0 92 56756 0 76 56827 0 51 56838 0 52 56863 0 53 56918 0 54 56997 0 51 57025 0 52 57048 0 54 57052 0 53 57119 0 67 57121 0 66 57126 0 79 57147 0 53 57149 0 90 57149 0 91 57149 0 92 57150 0 79 57155 0 74 57155 0 75 57164 0 51 57177 0 79 57207 0 52 57211 0 
TIME iteration: 300 ms
Round:108
IR: 0, 0, 0, 0, 0
57257 0 54 57281 0 53 57283 0 51 57421 0 53 57429 0 52 57449 0 51 57478 0 54 57505 0 65 57506 0 64 57513 0 78 57518 0 61 57519 0 60 57526 0 76 57532 0 90 57532 0 91 57532 0 92 57533 0 52 57537 0 78 57550 0 76 57562 0 72 57563 0 73 57564 0 78 57572 0 68 57573 0 69 57577 0 76 57579 0 53 57598 0 78 57611 0 76 57612 0 54 57620 0 52 57632 0 51 57659 0 90 57659 0 91 57659 0 92 57746 0 52 57748 0 53 57765 0 
TIME iteration: 300 ms
Round:109
IR: 0, 0, 0, 0, 0
57774 0 54 57859 0 53 57900 0 52 57910 0 51 58004 0 54 58025 0 53 58043 0 65 58044 0 64 58049 0 78 58073 0 78 58074 0 90 58074 0 91 58074 0 92 58080 0 72 58080 0 73 58100 0 78 58128 0 52 58130 0 51 58133 0 78 58136 0 53 58136 0 54 58200 0 78 58229 0 51 58255 0 54 58282 0 
TIME iteration: 299 ms
Round:110
IR: 0, 0, 0, 0, 0
58309 0 52 58332 0 51 58364 0 60 58364 0 61 58371 0 76 58380 0 54 58389 0 90 58389 0 91 58389 0 92 58395 0 76 58416 0 53 58416 0 69 58417 0 68 58422 0 76 58445 0 52 58456 0 76 58468 0 51 58503 0 53 58591 0 54 58641 0 51 58673 0 52 58738 0 53 58820 0 64 58821 0 65 58828 0 
TIME iteration: 299 ms
Round:111
IR: 0, 0, 0, 0, 0
58833 0 51 58840 0 60 58840 0 61 58845 0 76 58848 0 90 58848 0 91 58848 0 92 58851 0 54 58852 0 78 58854 0 52 58868 0 72 58868 0 73 58869 0 76 58872 0 68 58872 0 69 58879 0 78 58896 0 76 58913 0 78 58920 0 53 58929 0 76 58950 0 52 58973 0 90 58973 0 91 58973 0 92 58995 0 76 59013 0 51 59036 0 52 59042 0 54 59069 0 53 59126 0 51 59150 0 52 59175 0 53 59186 0 54 59245 0 51 59272 0 53 59285 0 65 59286 0 64 59288 0 60 59288 0 61 59290 0 78 59293 0 76 59311 0 90 59311 0 91 59311 0 92 59313 0 68 59313 0 69 59314 0 78 59315 0 72 59315 0 73 59317 0 76 59322 0 54 59340 0 78 59344 0 
TIME iteration: 300 ms
Round:112
IR: 0, 0, 0, 0, 0
59367 0 51 59373 0 78 59377 0 76 59393 0 53 59410 0 52 59434 0 78 59442 0 90 59442 0 91 59442 0 92 59443 0 76 59466 0 54 59504 0 53 59557 0 51 59561 0 52 59587 0 54 59678 0 53 59681 0 54 59739 0 66 59742 0 67 59749 0 79 59766 0 51 59769 0 90 59769 0 91 59769 0 92 59773 0 79 59800 0 79 59802 0 52 59806 0 54 59834 0 75 59835 0 79 59838 0 74 59851 0 
TIME iteration: 299 ms
Round:113
IR: 0, 0, 0, 0, 0
59930 0 52 59949 0 54 59990 0 51 60080 0 54 60084 0 66 60084 0 67 60087 0 79 60089 0 52 60109 0 74 60109 0 90 60109 0 91 60109 0 92 60110 0 75 60110 0 79 60120 0 51 60136 0 79 60157 0 53 60168 0 79 60185 0 54 60224 0 79 60226 0 52 60275 0 51 60279 0 54 60342 0 53 60419 0 52 60419 0 
TIME iteration: 299 ms
Round:114
IR: 0, 0, 0, 0, 0
60425 0 66 60425 0 67 60429 0 79 60441 0 74 60442 0 75 60450 0 90 60450 0 91 60450 0 92 60452 0 79 60478 0 79 60493 0 51 60510 0 74 60510 0 79 60515 0 75 60549 0 54 60569 0 79 60575 0 52 60625 0 51 60625 0 53 60665 0 54 60682 0 67 60683 0 66 60686 0 79 60702 0 74 60702 0 75 60706 0 90 60706 0 91 60706 0 92 60709 0 79 60714 0 52 60735 0 79 60765 0 54 60767 0 51 60767 0 79 60781 0 74 60788 0 75 60790 0 53 60825 0 79 60920 0 54 60932 0 53 60946 0 67 60947 0 
TIME iteration: 299 ms
Round:115
IR: 0, 0, 0, 0, 0
60950 0 79 60966 0 74 60967 0 75 60970 0 90 60970 0 91 60970 0 92 60973 0 79 60975 0 51 60999 0 79 61031 0 79 61046 0 74 61058 0 75 61063 0 54 61066 0 52 61088 0 79 61089 0 51 61135 0 53 61211 0 54 61212 0 51 61227 0 66 61227 0 67 61231 0 79 61244 0 52 61249 0 74 61249 0 75 61251 0 90 61251 0 91 61251 0 92 61254 0 79 61260 0 53 61280 0 79 61312 0 79 61357 0 51 61368 0 79 61369 0 53 61392 0 52 61463 0 53 61478 0 
TIME iteration: 299 ms
Round:116
IR: 0, 0, 0, 0, 0
61532 0 51 61554 0 65 61564 0 53 61565 0 64 61568 0 78 61583 0 90 61583 0 91 61583 0 92 61592 0 78 61593 0 52 61619 0 78 61639 0 51 61643 0 54 61648 0 73 61651 0 72 61653 0 78 61668 0 53 61737 0 51 61741 0 52 61750 0 54 61851 0 53 61887 0 64 61887 0 65 61890 0 78 61910 0 52 61911 0 73 61911 0 90 61911 0 91 61911 0 92 61912 0 72 61913 0 78 61916 0 54 61919 0 51 61939 0 78 61971 0 
TIME iteration: 299 ms
Round:117
IR: 0, 0, 0, 0, 0
62025 0 78 62029 0 52 62031 0 51 62058 0 53 62123 0 54 62172 0 53 62180 0 51 62185 0 52 62230 0 65 62233 0 64 62236 0 78 62246 0 54 62247 0 73 62248 0 72 62256 0 90 62256 0 91 62256 0 92 62260 0 78 62286 0 78 62315 0 73 62316 0 51 62318 0 72 62319 0 78 62324 0 52 62380 0 78 62413 0 53 62460 0 54 62482 0 
TIME iteration: 299 ms
Round:118
IR: 0, 0, 0, 0, 0
62540 0 52 62547 0 53 62563 0 64 62563 0 65 62567 0 78 62587 0 73 62588 0 72 62588 0 90 62588 0 91 62588 0 92 62590 0 78 62616 0 78 62620 0 54 62648 0 78 62649 0 51 62686 0 53 62704 0 78 62735 0 52 62793 0 51 62892 0 53 62921 0 54 62930 0 51 62955 0 60 62955 0 61 62963 0 76 62981 0 90 62981 0 91 62981 0 92 62987 0 52 62987 0 76 63014 0 76 63028 0 53 63045 0 68 63048 0 76 63049 0 
TIME iteration: 307 ms
Round:119
IR: 0, 0, 0, 0, 0
63116 0 52 63147 0 53 63156 0 54 63185 0 51 63268 0 54 63276 0 52 63323 0 51 63333 0 53 63342 0 61 63343 0 60 63346 0 76 63366 0 63 63368 0 62 63368 0 90 63368 0 91 63368 0 92 63369 0 76 63371 0 69 63372 0 68 63375 0 77 63392 0 54 63395 0 76 63399 0 77 63426 0 77 63427 0 76 63456 0 71 63460 0 77 63462 0 52 63463 0 70 63472 0 53 63482 0 76 63485 0 51 63489 0 54 63490 0 90 63490 0 91 63490 0 92 63598 0 
TIME iteration: 300 ms
Round:120
IR: 0, 0, 0, 0, 0
63627 0 51 63651 0 54 63667 0 52 63731 0 51 63794 0 53 63828 0 52 63829 0 51 63830 0 60 63831 0 61 63836 0 76 63849 0 54 63858 0 68 63858 0 69 63860 0 76 63860 0 90 63860 0 91 63860 0 92 63887 0 76 63909 0 53 63920 0 76 63951 0 51 63987 0 76 64013 0 54 64028 0 52 64040 0 
TIME iteration: 300 ms
Round:121
IR: 0, 0, 0, 0, 0
64130 0 51 64136 0 54 64219 0 52 64222 0 67 64223 0 66 64230 0 53 64231 0 79 64249 0 90 64249 0 91 64249 0 92 64255 0 79 64282 0 79 64299 0 51 64315 0 74 64316 0 75 64317 0 79 64350 0 54 64373 0 52 64406 0 53 64419 0 51 64471 0 54 64488 0 52 64511 0 53 64511 0 67 64512 0 66 64514 0 79 64533 0 74 64534 0 75 64535 0 90 64535 0 91 64535 0 92 64537 0 79 64563 0 79 64586 0 51 64595 0 79 64608 0 54 64627 0 53 64649 0 79 64650 0 
TIME iteration: 300 ms
Round:122
IR: 0, 0, 0, 0, 0
64694 0 51 64792 0 52 64795 0 54 64807 0 53 64951 0 53 64961 0 65 64962 0 64 64966 0 51 64968 0 52 64970 0 78 64978 0 62 64979 0 63 64987 0 77 64989 0 90 64989 0 91 64989 0 92 64994 0 54 64994 0 78 65011 0 77 65021 0 78 65038 0 77 65051 0 73 65056 0 78 65057 0 51 65057 0 71 65058 0 72 65059 0 70 65073 0 77 65103 0 54 65115 0 53 65115 0 90 65115 0 91 65115 0 
TIME iteration: 299 ms
Round:123
IR: 0, 0, 0, 0, 0
65203 0 51 65205 0 52 65232 0 54 65310 0 53 65344 0 54 65377 0 51 65380 0 52 65436 0 53 65484 0 52 65487 0 64 65488 0 65 65493 0 78 65498 0 62 65499 0 63 65504 0 77 65505 0 54 65512 0 66 65512 0 67 65517 0 78 65517 0 90 65517 0 91 65517 0 92 65520 0 79 65522 0 51 65525 0 73 65526 0 72 65528 0 77 65534 0 71 65535 0 70 65536 0 53 65544 0 78 65544 0 79 65555 0 77 65570 0 75 65571 0 74 65571 0 79 65577 0 78 65588 0 77 65605 0 79 65632 0 90 65632 0 91 65632 0 92 65644 0 78 65653 0 51 65655 0 77 65661 0 52 65664 0 
TIME iteration: 300 ms
Round:124
IR: 0, 0, 0, 0, 0
65737 0 54 65791 0 51 65791 0 53 65792 0 52 65897 0 52 65909 0 54 65925 0 51 65945 0 63 65947 0 62 65951 0 77 65972 0 70 65973 0 71 65974 0 53 65974 0 90 65974 0 91 65974 0 92 65975 0 77 66002 0 77 66035 0 77 66078 0 52 66097 0 51 66101 0 77 66213 0 54 66215 0 53 66241 0 
TIME iteration: 299 ms
Round:125
IR: 0, 0, 0, 0, 0
66283 0 52 66362 0 54 66398 0 53 66408 0 52 66411 0 62 66411 0 63 66413 0 51 66417 0 77 66423 0 60 66423 0 61 66431 0 76 66436 0 66 66437 0 70 66437 0 71 66439 0 90 66439 0 91 66439 0 92 66441 0 77 66454 0 79 66455 0 76 66468 0 77 66482 0 76 66486 0 79 66496 0 52 66502 0 77 66508 0 54 66512 0 68 66512 0 69 66516 0 76 66543 0 79 66558 0 90 66558 0 91 66558 0 92 66564 0 53 66578 0 77 66588 0 52 66618 0 51 66665 0 54 66750 0 
TIME iteration: 300 ms
Round:126
IR: 0, 0, 0, 0, 0
66785 0 51 66819 0 54 66871 0 52 66957 0 54 66967 0 67 66969 0 66 66975 0 79 66991 0 51 66998 0 90 66998 0 91 66998 0 92 66999 0 79 67011 0 74 67012 0 75 67026 0 79 67046 0 54 67048 0 53 67060 0 79 67069 0 52 67160 0 54 67161 0 51 67219 0 53 67258 0 52 67273 0 54 67284 0 66 67284 0 67 67287 0 79 67302 0 74 67302 0 75 67309 0 90 67309 0 91 67309 0 
TIME iteration: 299 ms
Round:127
IR: 0, 0, 0, 0, 0
67310 0 79 67336 0 79 67360 0 51 67368 0 79 67377 0 74 67382 0 75 67387 0 52 67393 0 53 67425 0 79 67487 0 54 67494 0 51 67529 0 52 67532 0 53 67638 0 53 67654 0 64 67655 0 65 67663 0 78 67668 0 51 67680 0 90 67680 0 91 67680 0 92 67687 0 54 67687 0 78 67702 0 52 67714 0 78 67741 0 72 67749 0 73 67749 0 78 67756 0 53 67759 0 
TIME iteration: 299 ms
Round:128
IR: 0, 0, 0, 0, 0
67847 0 54 67857 0 52 67862 0 51 67874 0 53 67918 0 64 67920 0 65 67921 0 78 67939 0 72 67940 0 73 67942 0 90 67942 0 91 67942 0 92 67944 0 78 67967 0 53 67970 0 78 67972 0 51 68001 0 78 68002 0 54 68021 0 72 68033 0 73 68052 0 78 68071 0 52 68072 0 53 68117 0 51 68122 0 54 68124 0 64 68124 0 65 68126 0 78 68141 0 72 68141 0 73 68146 0 90 68146 0 91 68146 0 92 68149 0 78 68175 0 78 68206 0 78 68209 0 72 68211 0 73 68235 0 52 68256 0 78 68264 0 54 68268 0 53 68283 0 51 68369 0 
TIME iteration: 299 ms
Round:129
IR: 0, 0, 0, 0, 0
68380 0 54 68398 0 53 68406 0 51 68415 0 64 68415 0 65 68418 0 78 68437 0 72 68437 0 73 68439 0 90 68439 0 91 68439 0 92 68441 0 78 68467 0 78 68499 0 78 68514 0 53 68520 0 51 68542 0 52 68553 0 78 68566 0 54 68645 0 53 68677 0 51 68707 0 54 68712 0 52 68788 0 53 68795 0 65 68796 0 64 68800 0 78 68814 0 72 68815 0 73 68821 0 90 68821 0 91 68821 0 92 68823 0 51 68824 0 78 68850 0 78 68858 0 54 68877 0 52 68883 0 78 68894 0 73 68898 0 
TIME iteration: 299 ms
Round:130
IR: 0, 0, 0, 0, 0
68920 0 51 68944 0 78 69013 0 54 69019 0 52 69045 0 51 69067 0 53 69136 0 52 69161 0 62 69163 0 63 69170 0 77 69188 0 90 69188 0 91 69188 0 92 69194 0 77 69207 0 54 69219 0 51 69221 0 77 69230 0 53 69253 0 71 69255 0 77 69261 0 70 69361 0 54 69367 0 51 69391 0 
TIME iteration: 299 ms
Round:131
IR: 0, 0, 0, 0, 0
69485 0 52 69487 0 51 69502 0 53 69518 0 54 69526 0 60 69527 0 61 69532 0 64 69533 0 65 69535 0 76 69540 0 78 69552 0 90 69552 0 91 69552 0 92 69559 0 76 69564 0 78 69582 0 72 69584 0 73 69586 0 76 69591 0 78 69599 0 51 69618 0 68 69621 0 76 69625 0 78 69629 0 69 69652 0 52 69672 0 54 69681 0 90 69681 0 91 69681 0 92 69687 0 53 69706 0 51 69802 0 52 69851 0 53 69853 0 54 69858 0 51 69959 0 
TIME iteration: 299 ms
Round:132
IR: 0, 0, 0, 0, 0
69989 0 52 70018 0 54 70018 0 64 70021 0 65 70025 0 78 70035 0 51 70049 0 78 70049 0 90 70049 0 91 70049 0 92 70052 0 72 70052 0 73 70076 0 78 70098 0 53 70109 0 78 70125 0 54 70176 0 78 70181 0 51 70201 0 52 70221 0 54 70272 0 51 70285 0 53 70326 0 52 70368 0 51 70370 0 60 70370 0 61 70377 0 76 70395 0 90 70395 0 91 70395 0 92 70401 0 76 70415 0 54 70418 0 53 70427 0 69 70428 0 76 70429 0 68 70439 0 52 70462 0 
TIME iteration: 299 ms
Round:133
IR: 0, 0, 0, 0, 0
70541 0 52 70551 0 51 70556 0 53 70660 0 54 70671 0 51 70701 0 61 70702 0 60 70704 0 76 70723 0 69 70724 0 68 70726 0 90 70726 0 91 70726 0 92 70727 0 76 70741 0 52 70753 0 76 70785 0 76 70802 0 51 70813 0 53 70838 0 76 70864 0 52 70897 0 54 70908 0 
TIME iteration: 299 ms
Round:134
IR: 0, 0, 0, 0, 0
71040 0 52 71043 0 51 71051 0 60 71052 0 61 71056 0 76 71066 0 53 71067 0 68 71067 0 69 71077 0 90 71077 0 91 71077 0 92 71080 0 76 71106 0 76 71132 0 68 71134 0 69 71139 0 76 71158 0 54 71200 0 76 71202 0 52 71263 0 51 71264 0 54 71294 0 53 71345 0 52 71382 0 54 71402 0 66 71403 0 67 71404 0 51 71411 0 79 71416 0 60 71416 0 61 71421 0 76 71428 0 90 71428 0 91 71428 0 92 71435 0 79 71442 0 69 71443 0 68 71445 0 76 71462 0 79 71472 0 76 71493 0 75 71495 0 74 71497 0 79 71505 0 76 71527 0 53 71532 0 
TIME iteration: 300 ms
Round:135
IR: 0, 0, 0, 0, 0
71554 0 90 71554 0 91 71554 0 92 71570 0 51 71570 0 76 71591 0 54 71657 0 53 71663 0 52 71784 0 52 71806 0 51 71814 0 54 71829 0 53 71903 0 52 71912 0 51 71912 0 62 71912 0 63 71920 0 77 71942 0 90 71942 0 91 71942 0 92 71944 0 77 71959 0 53 71971 0 77 72003 0 71 72005 0 77 72011 0 70 72044 0 54 72045 0 51 72056 0 
TIME iteration: 308 ms
Round:136
IR: 0, 0, 0, 0, 0
72160 0 51 72218 0 52 72234 0 54 72249 0 62 72249 0 63 72252 0 77 72259 0 51 72266 0 60 72267 0 61 72274 0 71 72274 0 76 72274 0 90 72274 0 91 72274 0 92 72275 0 77 72276 0 70 72284 0 53 72298 0 76 72301 0 77 72317 0 68 72318 0 69 72325 0 76 72333 0 77 72359 0 76 72387 0 77 72394 0 54 72398 0 90 72398 0 91 72398 0 92 72413 0 51 72434 0 53 72462 0 52 72524 0 54 72593 0 
TIME iteration: 299 ms
Round:137
IR: 0, 0, 0, 0, 0
72616 0 53 72645 0 54 72688 0 52 72737 0 54 72740 0 67 72741 0 51 72741 0 66 72747 0 53 72749 0 79 72770 0 90 72770 0 91 72770 0 92 72773 0 79 72800 0 79 72812 0 52 72812 0 74 72817 0 75 72835 0 79 72880 0 53 72880 0 54 72890 0 51 73002 0 52 73008 0 51 73021 0 54 73030 0 53 73059 0 67 73060 0 66 73063 0 79 73082 0 74 73082 0 75 73084 0 90 73084 0 91 73084 0 92 73086 0 79 73112 0 
TIME iteration: 299 ms
Round:138
IR: 0, 0, 0, 0, 0
73144 0 79 73146 0 51 73164 0 53 73202 0 79 73214 0 52 73257 0 54 73290 0 53 73312 0 51 73341 0 52 73425 0 53 73441 0 64 73441 0 65 73449 0 78 73458 0 54 73467 0 90 73467 0 91 73467 0 92 73473 0 78 73500 0 78 73501 0 52 73508 0 51 73530 0 73 73531 0 72 73534 0 78 73571 0 54 73660 0 
TIME iteration: 300 ms
Round:139
IR: 0, 0, 0, 0, 0
73670 0 51 73672 0 52 73766 0 52 73786 0 51 73787 0 54 73800 0 63 73801 0 62 73809 0 77 73819 0 60 73819 0 61 73826 0 90 73826 0 91 73826 0 92 73827 0 76 73829 0 53 73833 0 77 73851 0 76 73860 0 77 73876 0 71 73878 0 76 73882 0 70 73895 0 77 73899 0 51 73900 0 69 73901 0 68 73912 0 76 73936 0 54 73948 0 53 73950 0 90 73950 0 91 73950 0 92 73962 0 52 74078 0 51 74087 0 54 74114 0 
TIME iteration: 299 ms
Round:140
IR: 0, 0, 0, 0, 0
74206 0 53 74214 0 52 74226 0 51 74269 0 63 74270 0 62 74274 0 77 74298 0 77 74298 0 90 74298 0 91 74298 0 92 74304 0 70 74304 0 71 74324 0 54 74324 0 77 74328 0 51 74341 0 52 74346 0 53 74357 0 77 74418 0 77 74433 0 51 74453 0 52 74466 0 53 74491 0 54 74568 0 52 74586 0 62 74586 0 63 74590 0 77 74602 0 70 74603 0 71 74607 0 51 74611 0 90 74611 0 91 74611 0 92 74613 0 77 74639 0 77 74669 0 70 74671 0 77 74672 0 71 74689 0 54 74718 0 53 74727 0 
TIME iteration: 301 ms
Round:141
IR: 0, 0, 0, 0, 0
74808 0 52 74835 0 54 74843 0 51 74925 0 53 74966 0 51 74976 0 54 74981 0 52 74996 0 62 74996 0 63 74996 0 66 74998 0 67 75001 0 77 75006 0 79 75018 0 60 75019 0 61 75020 0 90 75020 0 91 75020 0 92 75025 0 77 75026 0 70 75026 0 71 75027 0 76 75030 0 79 75050 0 53 75051 0 76 75052 0 77 75057 0 79 75078 0 76 75080 0 75 75084 0 74 75085 0 77 75088 0 68 75091 0 69 75092 0 79 75101 0 51 75113 0 54 75113 0 76 75131 0 52 75134 0 90 75134 0 91 75134 0 92 75151 0 77 75252 0 53 75256 0 51 75258 0 
TIME iteration: 300 ms
Round:142
IR: 0, 0, 0, 0, 0
75265 0 54 75371 0 52 75413 0 53 75431 0 54 75448 0 51 75491 0 52 75493 0 62 75494 0 63 75499 0 77 75522 0 90 75522 0 91 75522 0 92 75523 0 70 75523 0 71 75523 0 77 75550 0 77 75553 0 54 75583 0 77 75603 0 51 75649 0 52 75650 0 77 75654 0 53 75675 0 54 75717 0 51 75766 0 53 75781 0 
TIME iteration: 299 ms
Round:143
IR: 0, 0, 0, 0, 0
75823 0 67 75824 0 51 75825 0 66 75832 0 79 75841 0 60 75842 0 61 75849 0 76 75849 0 90 75849 0 91 75849 0 92 75856 0 52 75856 0 79 75873 0 76 75878 0 75 75879 0 74 75881 0 53 75883 0 79 75888 0 54 75894 0 69 75895 0 68 75900 0 76 75918 0 79 75934 0 76 75973 0 90 75973 0 91 75973 0 92 75998 0 51 76011 0 52 76037 0 54 76155 0 53 76219 0 51 76237 0 54 76288 0 53 76290 0 
TIME iteration: 300 ms
Round:144
IR: 0, 0, 0, 0, 0
76416 0 51 76418 0 52 76447 0 62 76448 0 63 76450 0 54 76455 0 77 76459 0 53 76459 0 60 76460 0 61 76465 0 65 76466 0 64 76466 0 76 76474 0 78 76478 0 66 76478 0 67 76479 0 77 76479 0 90 76479 0 91 76479 0 92 76485 0 79 76490 0 76 76498 0 78 76500 0 69 76501 0 68 76504 0 70 76504 0 71 76506 0 77 76509 0 79 76517 0 76 76521 0 75 76522 0 74 76525 0 78 76536 0 79 76540 0 77 76551 0 76 76560 0 78 76561 0 72 76561 0 73 76568 0 52 76570 0 79 76590 0 90 76590 0 91 76590 0 92 76591 0 51 76628 0 53 76630 0 54 76632 0 76 76719 0 52 76737 0 54 76747 0 53 76754 0 51 76848 0 
TIME iteration: 300 ms
Round:145
IR: 0, 0, 0, 0, 0
76890 0 66 76891 0 67 76895 0 79 76907 0 52 76915 0 75 76917 0 74 76917 0 90 76917 0 91 76917 0 92 76919 0 79 76924 0 53 76945 0 79 76970 0 54 76978 0 79 77016 0 51 77043 0 53 77045 0 79 77157 0 54 77159 0 52 77169 0 53 77184 0 51 77260 0 65 77263 0 64 77269 0 78 77286 0 52 77287 0 90 77287 0 91 77287 0 92 77293 0 78 77298 0 53 77303 0 54 77315 0 72 77316 0 73 77320 0 78 77352 0 51 77354 0 
TIME iteration: 299 ms
Round:146
IR: 0, 0, 0, 0, 0
77409 0 52 77423 0 53 77463 0 54 77468 0 51 77516 0 52 77581 0 53 77595 0 51 77609 0 65 77610 0 64 77613 0 78 77620 0 60 77620 0 61 77628 0 76 77632 0 72 77632 0 73 77635 0 90 77635 0 91 77635 0 92 77636 0 78 77652 0 76 77662 0 78 77672 0 54 77679 0 76 77686 0 69 77689 0 68 77694 0 78 77713 0 76 77734 0 51 77749 0 78 77758 0 52 77758 0 53 77762 0 90 77762 0 91 77762 0 92 77769 0 54 77868 0 
TIME iteration: 300 ms
Round:147
IR: 0, 0, 0, 0, 0
77922 0 52 77966 0 54 77985 0 51 78002 0 53 78106 0 52 78135 0 54 78147 0 53 78189 0 66 78189 0 67 78198 0 79 78201 0 64 78202 0 65 78206 0 51 78208 0 78 78220 0 90 78220 0 91 78220 0 92 78222 0 79 78226 0 52 78232 0 78 78236 0 72 78236 0 73 78249 0 79 78254 0 54 78257 0 75 78259 0 78 78260 0 74 78284 0 53 78284 0 79 78293 0 78 78335 0 51 78342 0 52 78351 0 90 78351 0 91 78351 0 92 78374 0 78 78401 0 
TIME iteration: 300 ms
Round:148
IR: 0, 0, 0, 0, 0
78457 0 52 78482 0 51 78536 0 54 78546 0 53 78592 0 52 78600 0 51 78650 0 54 78668 0 53 78679 0 67 78680 0 66 78685 0 79 78709 0 79 78709 0 90 78709 0 91 78709 0 92 78714 0 74 78715 0 75 78716 0 51 78736 0 79 78745 0 54 78770 0 79 78782 0 53 78830 0 54 78835 0 52 78859 0 51 78929 0 54 78943 0 52 78952 0 66 78953 0 67 78955 0 79 78965 0 74 78966 0 
TIME iteration: 300 ms
Round:149
IR: 0, 0, 0, 0, 0
78976 0 90 78976 0 91 78976 0 92 78978 0 79 78995 0 53 79004 0 79 79024 0 74 79026 0 75 79035 0 51 79036 0 54 79036 0 79 79040 0 52 79091 0 79 79130 0 54 79138 0 53 79174 0 66 79174 0 67 79177 0 79 79189 0 75 79190 0 74 79196 0 90 79196 0 91 79196 0 92 79200 0 79 79217 0 52 79226 0 79 79228 0 54 79253 0 75 79255 0 74 79258 0 79 79273 0 53 79293 0 51 79314 0 79 79356 0 52 79369 0 54 79430 0 67 79435 0 66 79436 0 79 79451 0 74 79451 0 75 79455 0 90 79455 0 91 79455 0 92 79459 0 79 79473 0 51 79485 0 
TIME iteration: 301 ms
Round:150
IR: 0, 0, 0, 0, 0
79501 0 54 79504 0 53 79517 0 79 79527 0 74 79527 0 75 79574 0 79 79613 0 52 79641 0 54 79682 0 66 79682 0 67 79685 0 79 79701 0 74 79701 0 75 79704 0 53 79705 0 90 79705 0 91 79705 0 92 79708 0 79 79716 0 51 79734 0 79 79766 0 79 79776 0 75 79782 0 52 79786 0 54 79786 0 74 79821 0 79 79839 0 53 79900 0 54 79911 0 51 79921 0 52 79921 0 66 79921 0 67 79924 0 79 79939 0 75 79940 0 74 79944 0 90 79944 0 91 79944 0 92 79947 0 79 79973 0 79 79977 0 53 80005 0 79 80014 0 75 80016 0 74 80022 0 54 80023 0 51 80029 0 
TIME iteration: 300 ms
Round:151
IR: 0, 0, 0, 0, 0
80061 0 79 80096 0 53 80164 0 54 80165 0 52 80183 0 51 80186 0 66 80186 0 67 80189 0 79 80206 0 53 80206 0 74 80206 0 75 80209 0 90 80209 0 91 80209 0 92 80212 0 79 80238 0 79 80268 0 54 80270 0 79 80284 0 75 80291 0 74 80297 0 51 80323 0 52 80326 0 79 80382 0 53 80430 0 54 80444 0 51 80454 0 52 80457 0 66 80457 0 67 80460 0 79 80478 0 74 80478 0 75 80480 0 90 80480 0 91 80480 0 92 80483 0 79 80509 0 79 80523 0 53 80541 0 
TIME iteration: 300 ms
Round:152
IR: 0, 0, 0, 0, 0
80576 0 54 80577 0 52 80581 0 51 80599 0 79 80646 0 53 80725 0 51 80728 0 54 80812 0 52 80841 0 51 80849 0 61 80850 0 53 80850 0 60 80858 0 76 80875 0 90 80875 0 91 80875 0 92 80882 0 76 80909 0 76 80913 0 54 80943 0 69 80944 0 76 80946 0 52 80949 0 68 80954 0 51 80988 0 
TIME iteration: 311 ms
Round:153
IR: 0, 0, 0, 0, 0
81101 0 52 81109 0 54 81135 0 53 81147 0 51 81188 0 61 81190 0 60 81192 0 76 81214 0 69 81214 0 90 81214 0 91 81214 0 92 81215 0 68 81215 0 76 81241 0 76 81266 0 53 81273 0 76 81276 0 52 81282 0 54 81306 0 51 81327 0 76 81433 0 54 81450 0 51 81457 0 53 81488 0 52 81613 0 
TIME iteration: 300 ms
Round:154
IR: 0, 0, 0, 0, 0
81620 0 53 81634 0 62 81634 0 63 81635 0 54 81642 0 77 81648 0 64 81648 0 65 81656 0 78 81661 0 90 81661 0 91 81661 0 92 81666 0 77 81680 0 78 81693 0 77 81696 0 51 81707 0 78 81727 0 77 81731 0 52 81731 0 71 81737 0 70 81738 0 73 81741 0 78 81750 0 72 81752 0 53 81788 0 90 81788 0 91 81788 0 92 81815 0 51 81819 0 54 81849 0 52 81855 0 53 81974 0 54 82000 0 51 82029 0 53 82034 0 52 82134 0 
TIME iteration: 299 ms
Round:155
IR: 0, 0, 0, 0, 0
82150 0 51 82182 0 67 82183 0 66 82191 0 79 82192 0 60 82192 0 61 82200 0 76 82210 0 52 82213 0 90 82213 0 91 82213 0 92 82215 0 79 82224 0 76 82240 0 53 82242 0 79 82243 0 54 82251 0 68 82251 0 69 82251 0 76 82267 0 74 82270 0 75 82277 0 79 82285 0 76 82308 0 51 82345 0 90 82345 0 91 82345 0 92 82385 0 52 82409 0 53 82462 0 54 82464 0 51 82510 0 52 82565 0 53 82605 0 54 82613 0 51 82626 0 52 82669 0 62 82670 0 63 82677 0 
TIME iteration: 300 ms
Round:156
IR: 0, 0, 0, 0, 0
82699 0 90 82699 0 91 82699 0 92 82701 0 77 82724 0 53 82728 0 77 82734 0 71 82735 0 70 82738 0 54 82762 0 77 82803 0 51 82819 0 52 82869 0 53 82941 0 54 82984 0 51 83011 0 53 83016 0 52 83057 0 64 83057 0 65 83065 0 78 83071 0 62 83075 0 63 83077 0 77 83083 0 90 83083 0 91 83083 0 92 83089 0 78 83100 0 77 83101 0 71 83102 0 70 83108 0 51 83116 0 78 83126 0 77 83137 0 73 83138 0 72 83150 0 78 83158 0 77 83170 0 54 83171 0 53 83208 0 90 83208 0 91 83208 0 
TIME iteration: 299 ms
Round:157
IR: 0, 0, 0, 0, 0
83210 0 52 83214 0 77 83229 0 51 83254 0 53 83294 0 54 83339 0 52 83372 0 53 83452 0 51 83496 0 52 83504 0 54 83538 0 53 83568 0 64 83570 0 65 83574 0 78 83598 0 78 83599 0 90 83599 0 91 83599 0 92 83605 0 73 83607 0 72 83621 0 52 83625 0 78 83634 0 51 83658 0 78 83659 0 53 83668 0 54 83713 0 52 83724 0 78 83738 0 
TIME iteration: 300 ms
Round:158
IR: 0, 0, 0, 0, 0
83749 0 53 83756 0 54 83817 0 52 83843 0 53 83854 0 64 83855 0 65 83858 0 78 83869 0 72 83869 0 73 83871 0 51 83877 0 54 83879 0 90 83879 0 91 83879 0 92 83881 0 78 83907 0 78 83932 0 72 83933 0 73 83939 0 78 83955 0 53 83994 0 78 84024 0 51 84028 0 54 84055 0 52 84098 0 53 84128 0 65 84130 0 64 84132 0 78 84144 0 54 84148 0 51 84148 0 73 84149 0 72 84152 0 90 84152 0 91 84152 0 92 84155 0 78 84181 0 78 84213 0 78 84224 0 73 84227 0 72 84252 0 52 84267 0 
TIME iteration: 300 ms
Round:159
IR: 0, 0, 0, 0, 0
84292 0 54 84303 0 51 84309 0 53 84380 0 52 84446 0 51 84446 0 54 84467 0 53 84479 0 64 84479 0 65 84483 0 78 84504 0 90 84504 0 91 84504 0 92 84505 0 72 84505 0 73 84506 0 78 84532 0 78 84564 0 78 84578 0 54 84579 0 52 84620 0 78 84623 0 53 84630 0 51 84723 0 54 84778 0 
TIME iteration: 299 ms
Round:160
IR: 0, 0, 0, 0, 0
84810 0 51 84825 0 54 84842 0 66 84842 0 67 84848 0 65 84851 0 79 84854 0 64 84856 0 78 84867 0 90 84867 0 91 84867 0 92 84869 0 72 84870 0 73 84875 0 79 84880 0 78 84900 0 52 84902 0 79 84906 0 78 84921 0 53 84937 0 79 84938 0 74 84939 0 78 84943 0 75 84944 0 72 84949 0 73 84983 0 51 84986 0 54 84994 0 90 84994 0 91 84994 0 92 85001 0 78 85108 0 51 85109 0 53 85115 0 54 85145 0 52 85241 0 51 85242 0 53 85306 0 
TIME iteration: 299 ms
Round:161
IR: 0, 0, 0, 0, 0
85346 0 51 85352 0 60 85352 0 61 85360 0 76 85363 0 53 85369 0 64 85369 0 65 85375 0 78 85382 0 90 85382 0 91 85382 0 92 85384 0 76 85399 0 78 85407 0 73 85408 0 72 85411 0 76 85413 0 54 85426 0 78 85445 0 76 85447 0 69 85450 0 68 85460 0 78 85471 0 52 85478 0 51 85510 0 90 85510 0 91 85510 0 92 85536 0 78 85550 0 53 85551 0 54 85573 0 51 85590 0 52 85684 0 52 85712 0 54 85752 0 51 85752 0 
TIME iteration: 300 ms
Round:162
IR: 0, 0, 0, 0, 0
85915 0 52 85921 0 51 85932 0 54 85934 0 53 85939 0 60 85940 0 61 85943 0 62 85943 0 63 85946 0 76 85951 0 77 85967 0 90 85967 0 91 85967 0 92 85970 0 76 85975 0 77 85982 0 68 85983 0 69 85997 0 76 86002 0 77 86031 0 76 86033 0 54 86036 0 77 86041 0 70 86042 0 71 86058 0 52 86093 0 51 86099 0 90 86099 0 91 86099 0 92 86106 0 53 86112 0 76 86131 0 54 86231 0 51 86231 0 52 86251 0 54 86280 0 53 86344 0 
TIME iteration: 299 ms
Round:163
IR: 0, 0, 0, 0, 0
86399 0 54 86412 0 51 86444 0 67 86446 0 66 86448 0 53 86454 0 79 86475 0 90 86475 0 91 86475 0 92 86478 0 79 86505 0 79 86521 0 74 86524 0 75 86535 0 54 86536 0 52 86540 0 79 86616 0 53 86619 0 51 86645 0 52 86673 0 54 86782 0 52 86791 0 53 86798 0 51 86810 0 62 86810 0 63 86817 0 77 86822 0 54 86825 0 67 86826 0 66 86830 0 79 86836 0 90 86836 0 91 86836 0 92 86841 0 77 86852 0 75 86854 0 74 86854 0 79 86865 0 71 86866 0 70 86868 0 77 86881 0 79 86897 0 53 86902 0 77 86914 0 
TIME iteration: 299 ms
Round:164
IR: 0, 0, 0, 0, 0
86928 0 52 86961 0 90 86961 0 91 86961 0 92 86984 0 79 86988 0 53 86990 0 54 87054 0 51 87091 0 52 87105 0 53 87131 0 54 87243 0 51 87244 0 53 87261 0 52 87290 0 54 87295 0 64 87295 0 65 87303 0 78 87324 0 90 87324 0 91 87324 0 92 87327 0 78 87354 0 78 87378 0 53 87381 0 73 87384 0 72 87388 0 78 87389 0 51 87413 0 
TIME iteration: 299 ms
Round:165
IR: 0, 0, 0, 0, 0
87501 0 54 87542 0 53 87556 0 52 87564 0 51 87612 0 54 87684 0 51 87705 0 60 87705 0 61 87710 0 67 87712 0 52 87713 0 76 87719 0 66 87723 0 79 87728 0 62 87728 0 63 87731 0 90 87731 0 91 87731 0 92 87736 0 77 87737 0 76 87747 0 79 87760 0 77 87764 0 76 87768 0 74 87769 0 75 87770 0 54 87774 0 79 87783 0 53 87786 0 70 87787 0 71 87787 0 77 87789 0 69 87794 0 68 87798 0 76 87809 0 79 87821 0 77 87822 0 51 87845 0 90 87845 0 91 87845 0 92 87884 0 52 87889 0 53 87950 0 
TIME iteration: 299 ms
Round:166
IR: 0, 0, 0, 0, 0
87980 0 54 87992 0 53 88082 0 52 88088 0 51 88127 0 53 88144 0 54 88168 0 64 88169 0 65 88171 0 51 88176 0 78 88177 0 60 88178 0 61 88182 0 76 88197 0 90 88197 0 91 88197 0 92 88200 0 78 88206 0 76 88212 0 69 88213 0 68 88225 0 73 88227 0 72 88227 0 78 88232 0 76 88261 0 78 88265 0 76 88284 0 52 88317 0 53 88326 0 76 88328 0 90 88328 0 91 88328 0 92 88340 0 51 88361 0 54 88450 0 53 88453 0 52 88472 0 54 88506 0 
TIME iteration: 299 ms
Round:167
IR: 0, 0, 0, 0, 0
88540 0 53 88565 0 54 88620 0 66 88620 0 67 88628 0 79 88649 0 90 88649 0 91 88649 0 92 88652 0 79 88662 0 53 88675 0 75 88679 0 74 88679 0 79 88686 0 51 88692 0 52 88714 0 79 88758 0 54 88777 0 53 88792 0 51 88871 0 52 88880 0 53 88887 0 54 88940 0 51 88946 0 64 88946 0 65 88947 0 67 88950 0 66 88952 0 79 88953 0 78 88969 0 75 88970 0 74 88970 0 90 88970 0 91 88970 0 92 88975 0 79 88977 0 78 88997 0 73 89000 0 72 89001 0 79 89004 0 78 89005 0 53 89013 0 54 89033 0 79 89035 0 51 89038 0 
TIME iteration: 300 ms
Round:168
IR: 0, 0, 0, 0, 0
89052 0 52 89064 0 74 89064 0 75 89090 0 79 89099 0 90 89099 0 91 89099 0 92 89166 0 51 89175 0 54 89191 0 53 89232 0 52 89284 0 51 89318 0 53 89383 0 52 89412 0 51 89433 0 53 89436 0 60 89437 0 61 89445 0 76 89448 0 65 89449 0 64 89454 0 78 89465 0 54 89466 0 90 89466 0 91 89466 0 92 89469 0 76 89478 0 78 89482 0 72 89482 0 73 89496 0 76 89505 0 78 89507 0 69 89508 0 68 89531 0 76 89538 0 78 89567 0 
TIME iteration: 299 ms
Round:169
IR: 0, 0, 0, 0, 0
89572 0 54 89576 0 52 89596 0 90 89596 0 91 89596 0 92 89605 0 78 89638 0 51 89733 0 52 89767 0 53 89849 0 54 89866 0 51 89918 0 53 89955 0 52 89970 0 51 89999 0 60 90000 0 61 90005 0 76 90029 0 76 90030 0 90 90030 0 91 90030 0 92 90039 0 68 90039 0 69 90056 0 76 90058 0 53 90072 0 51 90089 0 76 90090 0 54 90098 0 
TIME iteration: 308 ms
Round:170
IR: 0, 0, 0, 0, 0
90156 0 76 90182 0 51 90242 0 52 90278 0 54 90318 0 53 90351 0 51 90361 0 52 90370 0 61 90371 0 60 90375 0 76 90381 0 62 90381 0 63 90389 0 77 90392 0 69 90393 0 68 90396 0 90 90396 0 91 90396 0 92 90399 0 76 90413 0 77 90425 0 76 90440 0 77 90455 0 53 90458 0 76 90465 0 54 90469 0 71 90473 0 70 90474 0 77 90487 0 69 90501 0 51 90517 0 52 90519 0 76 90523 0 90 90523 0 91 90523 0 92 90611 0 
TIME iteration: 299 ms
Round:171
IR: 0, 0, 0, 0, 0
90639 0 52 90642 0 51 90726 0 54 90742 0 52 90771 0 51 90856 0 53 90883 0 52 90885 0 63 90886 0 62 90891 0 77 90915 0 77 90915 0 90 90915 0 91 90915 0 92 90922 0 70 90922 0 71 90927 0 54 90942 0 77 90947 0 51 90975 0 77 90977 0 53 91021 0 52 91034 0 51 91042 0 77 91121 0 
TIME iteration: 299 ms
Round:172
IR: 0, 0, 0, 0, 0
91173 0 54 91181 0 52 91227 0 51 91236 0 53 91254 0 63 91256 0 62 91257 0 64 91258 0 65 91260 0 77 91266 0 78 91276 0 70 91276 0 71 91279 0 90 91279 0 91 91279 0 92 91284 0 77 91290 0 78 91311 0 77 91317 0 78 91340 0 54 91341 0 73 91344 0 77 91346 0 72 91352 0 78 91358 0 51 91361 0 71 91366 0 52 91408 0 90 91408 0 91 91408 0 92 91409 0 77 91466 0 53 91468 0 52 91473 0 54 91547 0 51 91575 0 52 91685 0 
TIME iteration: 299 ms
Round:173
IR: 0, 0, 0, 0, 0
91743 0 53 91744 0 52 91769 0 63 91770 0 62 91776 0 77 91781 0 51 91798 0 70 91799 0 90 91799 0 91 91799 0 92 91800 0 77 91809 0 71 91814 0 54 91827 0 77 91861 0 77 91899 0 52 91928 0 54 91937 0 51 91942 0 77 91966 0 53 92024 0 54 92070 0 51 92077 0 53 92088 0 67 92090 0 66 92098 0 79 92114 0 90 92114 0 91 92114 0 92 92122 0 79 92123 0 52 92149 0 79 92184 0 75 92184 0 79 92187 0 74 92189 0 51 92189 0 53 92200 0 
TIME iteration: 299 ms
Round:174
IR: 0, 0, 0, 0, 0
92289 0 52 92335 0 53 92354 0 51 92379 0 54 92424 0 66 92424 0 67 92427 0 79 92435 0 52 92449 0 90 92449 0 91 92449 0 92 92450 0 74 92450 0 75 92450 0 79 92476 0 79 92498 0 53 92508 0 79 92563 0 79 92590 0 51 92637 0 54 92656 0 53 92700 0 52 92726 0 
TIME iteration: 299 ms
Round:175
IR: 0, 0, 0, 0, 0
92779 0 53 92791 0 54 92806 0 64 92808 0 65 92815 0 78 92833 0 90 92833 0 91 92833 0 92 92839 0 78 92866 0 78 92870 0 51 92886 0 72 92890 0 73 92900 0 78 92952 0 52 92971 0 53 92983 0 54 93021 0 51 93102 0 53 93103 0 54 93132 0 64 93132 0 65 93135 0 78 93149 0 51 93150 0 52 93156 0 72 93156 0 73 93157 0 90 93157 0 91 93157 0 92 93158 0 78 93184 0 78 93216 0 78 93245 0 51 93253 0 54 93260 0 53 93270 0 
TIME iteration: 300 ms
Round:176
IR: 0, 0, 0, 0, 0
93336 0 52 93344 0 51 93401 0 54 93474 0 53 93478 0 51 93487 0 60 93487 0 61 93495 0 76 93512 0 90 93512 0 91 93512 0 92 93519 0 76 93529 0 52 93546 0 76 93580 0 69 93580 0 76 93581 0 68 93588 0 54 93591 0 51 93626 0 53 93689 0 52 93711 0 51 93748 0 60 93749 0 54 93750 0 61 93751 0 76 93769 0 68 93770 0 69 93772 0 90 93772 0 91 93772 0 92 93774 0 76 93796 0 53 93800 0 76 93804 0 
TIME iteration: 299 ms
Round:177
IR: 0, 0, 0, 0, 0
93831 0 76 93841 0 51 93849 0 68 93882 0 76 93932 0 53 93935 0 52 93956 0 54 94008 0 51 94052 0 53 94068 0 61 94071 0 60 94073 0 76 94083 0 69 94093 0 68 94094 0 90 94094 0 91 94094 0 92 94096 0 76 94122 0 76 94128 0 54 94131 0 51 94138 0 52 94143 0 69 94154 0 76 94203 0 53 94209 0 76 94272 0 54 94290 0 52 94315 0 
TIME iteration: 299 ms
Round:178
IR: 0, 0, 0, 0, 0
94376 0 51 94410 0 52 94429 0 54 94442 0 62 94442 0 63 94450 0 77 94468 0 90 94468 0 91 94468 0 92 94474 0 77 94501 0 77 94523 0 52 94534 0 71 94535 0 77 94538 0 70 94566 0 51 94583 0 54 94618 0 52 94647 0 53 94689 0 63 94690 0 62 94691 0 77 94708 0 54 94708 0 71 94709 0 70 94713 0 90 94713 0 91 94713 0 92 94714 0 77 94740 0 77 94749 0 52 94766 0 53 94771 0 77 94784 0 51 94788 0 70 94790 0 71 94821 0 77 94865 0 54 94867 0 52 94868 0 
TIME iteration: 299 ms
Round:179
IR: 0, 0, 0, 0, 0
94913 0 63 94914 0 62 94916 0 77 94931 0 70 94932 0 71 94936 0 90 94936 0 91 94936 0 92 94939 0 77 94940 0 51 94965 0 77 94996 0 77 95000 0 52 95001 0 70 95004 0 71 95019 0 54 95022 0 53 95047 0 77 95112 0 52 95143 0 63 95144 0 62 95146 0 77 95148 0 51 95161 0 70 95161 0 71 95166 0 90 95166 0 91 95166 0 92 95169 0 77 95174 0 54 95195 0 77 95199 0 53 95226 0 77 95232 0 70 95232 0 71 95269 0 52 95277 0 77 95312 0 51 95336 0 53 95350 0 
TIME iteration: 299 ms
Round:180
IR: 0, 0, 0, 0, 0
95443 0 51 95515 0 53 95542 0 51 95544 0 52 95544 0 61 95545 0 60 95553 0 76 95560 0 64 95562 0 65 95569 0 78 95570 0 90 95570 0 91 95570 0 92 95574 0 54 95577 0 76 95593 0 78 95604 0 76 95617 0 68 95620 0 69 95620 0 78 95639 0 76 95652 0 73 95654 0 72 95654 0 78 95673 0 52 95677 0 53 95689 0 51 95695 0 90 95695 0 91 95695 0 92 95755 0 54 95813 0 52 95864 0 51 95872 0 
TIME iteration: 299 ms
Round:181
IR: 0, 0, 0, 0, 0
95944 0 54 95960 0 52 95999 0 51 96049 0 53 96064 0 60 96066 0 61 96071 0 76 96082 0 52 96088 0 62 96088 0 63 96095 0 76 96095 0 90 96095 0 91 96095 0 92 96096 0 77 96102 0 68 96104 0 69 96120 0 77 96122 0 76 96128 0 51 96147 0 77 96148 0 70 96149 0 71 96156 0 76 96164 0 54 96181 0 77 96203 0 53 96220 0 90 96220 0 91 96220 0 92 96232 0 76 96248 0 51 96266 0 52 96312 0 53 96324 0 54 96395 0 51 96415 0 52 96443 0 53 96458 0 
TIME iteration: 300 ms
Round:182
IR: 0, 0, 0, 0, 0
96534 0 52 96553 0 51 96564 0 62 96565 0 63 96570 0 77 96576 0 54 96588 0 66 96588 0 67 96591 0 53 96594 0 77 96594 0 90 96594 0 91 96594 0 92 96597 0 70 96597 0 79 96598 0 71 96621 0 77 96621 0 79 96628 0 52 96648 0 79 96654 0 77 96683 0 79 96685 0 75 96686 0 74 96706 0 54 96719 0 53 96719 0 90 96719 0 91 96719 0 92 96721 0 77 96776 0 51 96857 0 52 96864 0 54 96915 0 51 96923 0 
TIME iteration: 300 ms
Round:183
IR: 0, 0, 0, 0, 0
96998 0 54 97068 0 51 97068 0 67 97070 0 66 97075 0 79 97086 0 53 97092 0 54 97098 0 90 97098 0 91 97098 0 92 97099 0 79 97105 0 74 97105 0 75 97126 0 79 97130 0 52 97160 0 79 97188 0 51 97211 0 54 97216 0 53 97271 0 52 97343 0 51 97417 0 52 97424 0 54 97460 0 63 97462 0 62 97469 0 77 97480 0 67 97482 0 66 97486 0 79 97487 0 53 97487 0 90 97487 0 91 97487 0 92 97493 0 77 97505 0 74 97505 0 75 97510 0 79 97515 0 71 97516 0 
TIME iteration: 300 ms
Round:184
IR: 0, 0, 0, 0, 0
97520 0 77 97525 0 52 97537 0 79 97554 0 77 97564 0 54 97569 0 51 97570 0 79 97611 0 90 97611 0 91 97611 0 92 97657 0 53 97765 0 54 97791 0 52 97805 0 51 97893 0 54 97896 0 53 97941 0 51 98004 0 
TIME iteration: 300 ms
Round:185
IR: 0, 0, 0, 0, 0
98062 0 54 98068 0 66 98068 0 67 98075 0 79 98093 0 53 98099 0 79 98099 0 90 98099 0 91 98099 0 92 98103 0 74 98103 0 75 98117 0 51 98126 0 79 98144 0 52 98160 0 79 98218 0 53 98221 0 54 98331 0 53 98337 0 51 98396 0 54 98412 0 52 98463 0 51 98466 0 67 98469 0 66 98472 0 53 98472 0 79 98476 0 64 98476 0 65 98484 0 78 98489 0 74 98490 0 75 98494 0 90 98494 0 91 98494 0 92 98496 0 79 98508 0 78 98523 0 79 98535 0 78 98556 0 79 98569 0 78 98571 0 52 98571 0 73 98573 0 51 98574 0 
TIME iteration: 299 ms
Round:186
IR: 0, 0, 0, 0, 0
98593 0 54 98623 0 90 98623 0 91 98623 0 92 98628 0 79 98640 0 53 98680 0 52 98701 0 51 98771 0 53 98772 0 54 98885 0 51 98890 0 52 98954 0 54 98972 0 53 99012 0 52 99033 0 65 99034 0 63 99034 0 64 99035 0 62 99039 0 78 99043 0 77 99059 0 90 99059 0 91 99059 0 92 99063 0 78 99067 0 77 99073 0 73 99075 0 72 99086 0 54 99090 0 78 99094 0 
TIME iteration: 307 ms
Round:187
IR: 0, 0, 0, 0, 0
99114 0 70 99116 0 71 99119 0 51 99123 0 78 99129 0 77 99137 0 53 99145 0 52 99181 0 54 99190 0 78 99191 0 90 99191 0 91 99191 0 92 99285 0 51 99297 0 54 99326 0 53 99396 0 52 99411 0 51 99520 0 54 99538 0 51 99554 0 60 99555 0 61 99556 0 53 99563 0 76 99584 0 90 99584 0 91 99584 0 92 99587 0 76 99588 0 52 99614 0 
TIME iteration: 299 ms
Round:188
IR: 0, 0, 0, 0, 0
99643 0 54 99647 0 69 99649 0 76 99658 0 68 99670 0 53 99686 0 51 99727 0 52 99791 0 53 99812 0 54 99875 0 51 99894 0 52 99911 0 61 99912 0 60 99915 0 76 99937 0 90 99937 0 91 99937 0 92 99938 0 69 99938 0 76 99939 0 68 99964 0 76 99989 0 54 99996 0 76 100006 0 53 100048 0 52 100051 0 76 100052 0 51 100129 0 53 100164 0 52 100166 0 
TIME iteration: 299 ms
Round:189
IR: 0, 0, 0, 0, 0
100194 0 54 100250 0 60 100258 0 61 100258 0 76 100271 0 53 100271 0 68 100271 0 69 100279 0 90 100279 0 91 100279 0 92 100281 0 76 100307 0 76 100309 0 51 100316 0 52 100336 0 69 100339 0 76 100340 0 54 100340 0 68 100394 0 76 100432 0 51 100439 0 53 100480 0 52 100481 0 54 100518 0 61 100524 0 76 100544 0 90 100544 0 91 100544 0 92 100553 0 76 100592 0 76 100626 0 53 100642 0 51 100648 0 
TIME iteration: 301 ms
Round:190
IR: 0, 0, 0, 0, 0
100712 0 54 100776 0 51 100778 0 52 100810 0 53 100924 0 51 100933 0 52 100939 0 60 100939 0 61 100944 0 76 100946 0 62 100946 0 63 100949 0 54 100954 0 77 100963 0 69 100964 0 68 100967 0 90 100967 0 91 100967 0 92 100968 0 76 100978 0 77 100995 0 76 101004 0 53 101005 0 77 101028 0 76 101033 0 71 101037 0 70 101039 0 77 101094 0 76 101096 0 53 101098 0 90 101098 0 91 101098 0 92 101101 0 51 101116 0 52 101178 0 
TIME iteration: 301 ms
Round:191
IR: 0, 0, 0, 0, 0
101232 0 53 101235 0 51 101296 0 54 101317 0 52 101371 0 51 101405 0 54 101419 0 53 101427 0 67 101428 0 66 101436 0 79 101457 0 90 101457 0 91 101457 0 92 101460 0 79 101480 0 52 101487 0 79 101522 0 79 101523 0 54 101524 0 75 101526 0 74 101537 0 53 101598 0 51 101617 0 52 101646 0 54 101698 0 67 101699 0 66 101701 0 79 101716 0 51 101719 0 75 101720 0 74 101722 0 90 101722 0 91 101722 0 92 101724 0 79 101733 0 53 101750 0 
TIME iteration: 302 ms
Round:192
IR: 0, 0, 0, 0, 0
101762 0 52 101782 0 79 101814 0 75 101835 0 54 101836 0 79 101930 0 52 101944 0 51 101951 0 53 102066 0 52 102081 0 51 102099 0 62 102100 0 63 102101 0 54 102107 0 77 102126 0 53 102126 0 90 102126 0 91 102126 0 92 102131 0 77 102158 0 77 102171 0 71 102172 0 70 102177 0 52 102192 0 
TIME iteration: 300 ms
Round:193
IR: 0, 0, 0, 0, 0
102296 0 53 102301 0 52 102315 0 51 102326 0 54 102417 0 53 102458 0 54 102470 0 52 102472 0 51 102477 0 63 102478 0 62 102481 0 64 102481 0 77 102484 0 65 102491 0 78 102503 0 90 102503 0 91 102503 0 92 102504 0 70 102504 0 71 102504 0 77 102515 0 78 102530 0 77 102542 0 78 102562 0 77 102568 0 53 102573 0 72 102577 0 78 102582 0 73 102594 0 54 102617 0 77 102633 0 90 102633 0 91 102633 0 92 102635 0 52 102666 0 51 102691 0 53 102745 0 54 102750 0 52 102804 0 51 102811 0 
TIME iteration: 302 ms
Round:194
IR: 0, 0, 0, 0, 0
102892 0 54 102914 0 51 102916 0 52 102947 0 53 102960 0 60 102960 0 61 102968 0 76 102970 0 64 102970 0 65 102975 0 78 102989 0 90 102989 0 91 102989 0 92 102992 0 76 102999 0 78 103005 0 72 103006 0 73 103019 0 76 103026 0 78 103041 0 51 103045 0 69 103049 0 68 103052 0 53 103053 0 76 103059 0 78 103069 0 52 103069 0 54 103119 0 90 103119 0 91 103119 0 92 103125 0 78 103202 0 51 103214 0 53 103221 0 52 103259 0 54 103322 0 51 103328 0 
TIME iteration: 301 ms
Round:195
IR: 0, 0, 0, 0, 0
103373 0 53 103426 0 54 103440 0 51 103455 0 52 103455 0 60 103457 0 61 103461 0 76 103468 0 62 103468 0 63 103476 0 77 103478 0 53 103485 0 76 103485 0 90 103485 0 91 103485 0 92 103492 0 69 103493 0 68 103500 0 77 103512 0 76 103525 0 71 103527 0 77 103529 0 70 103542 0 54 103545 0 76 103561 0 77 103577 0 51 103598 0 53 103611 0 76 103614 0 52 103614 0 90 103614 0 91 103614 0 92 103712 0 52 103715 0 51 103745 0 54 103759 0 53 103835 0 52 103879 0 
TIME iteration: 302 ms
Round:196
IR: 0, 0, 0, 0, 0
103945 0 54 103952 0 53 104002 0 52 104010 0 62 104010 0 63 104016 0 77 104040 0 77 104040 0 90 104040 0 91 104040 0 92 104046 0 51 104047 0 70 104047 0 71 104061 0 53 104067 0 77 104090 0 54 104101 0 77 104117 0 52 104148 0 53 104177 0 77 104202 0 51 104218 0 52 104242 0 54 104274 0 53 104334 0 52 104335 0 54 104338 0 62 104339 0 63 104343 0 77 104347 0 65 104349 0 64 104356 0 70 104356 0 71 104356 0 78 104363 0 66 104363 0 67 104364 0 90 104364 0 91 104364 0 92 104367 0 77 104370 0 51 104372 0 79 104380 0 78 104393 0 77 104396 0 79 104407 0 
TIME iteration: 300 ms
Round:197
IR: 0, 0, 0, 0, 0
104421 0 72 104421 0 73 104423 0 79 104426 0 77 104428 0 53 104428 0 70 104433 0 71 104441 0 78 104458 0 74 104458 0 79 104459 0 75 104460 0 54 104462 0 52 104478 0 90 104478 0 91 104478 0 92 104487 0 77 104515 0 51 104561 0 53 104608 0 54 104633 0 52 104675 0 53 104759 0 54 104762 0 51 104792 0 52 104839 0 66 104844 0 67 104847 0 79 104849 0 53 104864 0 63 104866 0 64 104866 0 65 104869 0 62 104870 0 90 104870 0 91 104870 0 92 104871 0 78 104871 0 79 104873 0 77 104877 0 74 104877 0 75 104895 0 78 104897 0 77 104898 0 79 104902 0 73 104905 0 70 104905 0 71 104905 0 72 104922 0 54 104922 0 78 104924 0 77 104930 0 52 104931 0 
TIME iteration: 300 ms
Round:198
IR: 0, 0, 0, 0, 0
104955 0 78 104958 0 77 104981 0 51 104983 0 90 104983 0 91 104983 0 92 104996 0 53 105021 0 78 105038 0 77 105072 0 52 105107 0 51 105128 0 54 105144 0 53 105240 0 52 105260 0 51 105272 0 54 105299 0 53 105356 0 64 105357 0 65 105362 0 78 105385 0 73 105385 0 90 105385 0 91 105385 0 92 105386 0 72 105386 0 78 105413 0 78 105416 0 51 105443 0 52 105446 0 78 105447 0 
TIME iteration: 299 ms
Round:199
IR: 0, 0, 0, 0, 0
105497 0 54 105513 0 78 105541 0 51 105550 0 53 105556 0 52 105660 0 53 105668 0 54 105672 0 65 105673 0 64 105676 0 78 105687 0 72 105687 0 73 105697 0 90 105697 0 91 105697 0 92 105699 0 78 105709 0 51 105724 0 52 105725 0 78 105751 0 72 105751 0 73 105755 0 53 105757 0 78 105812 0 78 105845 0 51 105897 0 54 105907 0 52 105920 0 53 105962 0 64 105962 0 65 105965 0 78 105983 0 72 105983 0 73 105986 0 90 105986 0 91 105986 0 92 105988 0 
TIME iteration: 299 ms
