Round:0
IR: 0, 0, 0, 0, 0
347 0 52 385 0 53 426 0 54 459 0 51 503 0 52 522 0 63 523 0 
TIME iteration: 461 ms
Round:1
IR: 0, 0, 0, 0, 0
531 0 77 555 0 77 563 0 90 563 0 91 563 0 92 582 0 77 584 0 54 588 0 53 603 0 51 617 0 77 632 0 70 663 0 52 744 0 54 761 0 53 784 0 52 822 0 51 868 0 63 870 0 62 872 0 77 885 0 71 895 0 70 895 0 77 895 0 90 895 0 91 895 0 92 897 0 54 907 0 52 921 0 77 922 0 51 952 0 71 953 0 77 1002 0 53 1007 0 77 1013 0 51 1041 0 
TIME iteration: 303 ms
Round:2
IR: 0, 0, 0, 0, 0
1082 0 52 1115 0 51 1161 0 53 1170 0 60 1171 0 61 1179 0 76 1195 0 54 1195 0 90 1195 0 91 1195 0 92 1203 0 76 1217 0 51 1230 0 76 1265 0 68 1265 0 76 1273 0 69 1306 0 53 1328 0 52 1348 0 51 1415 0 54 1429 0 53 1516 0 52 1548 0 51 1559 0 60 1559 0 61 1563 0 76 1583 0 53 1585 0 90 1585 0 91 1585 0 92 1586 0 76 1588 0 68 1588 0 
TIME iteration: 302 ms
Round:3
IR: 0, 0, 0, 0, 0
1597 0 54 1612 0 76 1644 0 76 1676 0 51 1694 0 52 1700 0 76 1743 0 53 1779 0 51 1825 0 54 1874 0 52 1938 0 51 1943 0 60 1943 0 61 1948 0 76 1958 0 54 1963 0 68 1963 0 69 1969 0 90 1969 0 91 1969 0 92 1972 0 76 1986 0 53 1990 0 52 1999 0 76 2032 0 76 2042 0 69 2097 0 
TIME iteration: 302 ms
Round:4
IR: 0, 0, 0, 0, 0
2125 0 53 2126 0 52 2158 0 51 2214 0 54 2318 0 51 2334 0 53 2341 0 61 2342 0 60 2346 0 76 2361 0 68 2368 0 90 2368 0 91 2368 0 92 2369 0 52 2370 0 76 2371 0 69 2396 0 76 2403 0 54 2429 0 76 2445 0 68 2490 0 76 2513 0 54 2517 0 53 2523 0 52 2529 0 
TIME iteration: 301 ms
Round:5
IR: 0, 0, 0, 0, 0
2673 0 53 2695 0 52 2695 0 54 2745 0 51 2747 0 66 2747 0 67 2756 0 79 2773 0 90 2773 0 91 2773 0 92 2780 0 79 2807 0 79 2824 0 54 2830 0 53 2831 0 52 2840 0 75 2842 0 79 2845 0 74 2943 0 51 2972 0 53 2984 0 52 3023 0 54 3116 0 66 3117 0 67 3121 0 79 3142 0 90 3142 0 91 3142 0 92 3144 0 75 3145 0 74 3145 0 79 3150 0 54 3151 0 51 3155 0 52 3171 0 
TIME iteration: 302 ms
Round:6
IR: 0, 0, 0, 0, 0
3184 0 53 3204 0 79 3273 0 79 3293 0 52 3316 0 54 3327 0 51 3367 0 53 3421 0 52 3452 0 54 3480 0 62 3481 0 63 3482 0 67 3483 0 51 3483 0 66 3487 0 79 3489 0 77 3494 0 53 3501 0 74 3502 0 75 3504 0 90 3504 0 91 3504 0 92 3511 0 79 3513 0 77 3537 0 79 3540 0 77 3557 0 52 3570 0 71 3570 0 79 3574 0 70 3574 0 74 3575 0 77 3588 0 54 3590 0 75 3633 0 90 3633 0 91 3633 0 92 3635 0 79 3638 0 53 3669 0 51 3695 0 
TIME iteration: 302 ms
Round:7
IR: 0, 0, 0, 0, 0
3804 0 53 3812 0 54 3833 0 51 3944 0 52 3945 0 53 3953 0 51 3975 0 54 3992 0 60 3992 0 61 4000 0 76 4012 0 65 4014 0 64 4021 0 78 4022 0 90 4022 0 91 4022 0 92 4024 0 76 4045 0 78 4051 0 76 4072 0 69 4072 0 78 4078 0 51 4079 0 68 4085 0 76 4106 0 52 4106 0 78 4107 0 72 4108 0 73 4148 0 90 4148 0 91 4148 0 92 4174 0 53 4206 0 51 4228 0 
TIME iteration: 302 ms
Round:8
IR: 0, 0, 0, 0, 0
4320 0 52 4334 0 53 4339 0 51 4401 0 54 4430 0 52 4447 0 53 4484 0 65 4485 0 64 4489 0 78 4513 0 78 4514 0 90 4514 0 91 4514 0 92 4519 0 51 4519 0 73 4520 0 54 4520 0 72 4539 0 78 4572 0 78 4633 0 78 4639 0 52 4673 0 51 4673 0 53 4706 0 54 4732 0 
TIME iteration: 303 ms
Round:9
IR: 0, 0, 0, 0, 0
4825 0 52 4830 0 51 4833 0 63 4834 0 62 4836 0 53 4836 0 54 4842 0 77 4859 0 90 4859 0 91 4859 0 92 4866 0 77 4893 0 77 4909 0 70 4913 0 71 4916 0 52 4928 0 77 4948 0 53 4959 0 51 4985 0 54 5025 0 52 5095 0 62 5096 0 54 5096 0 63 5097 0 77 5114 0 70 5115 0 71 5119 0 90 5119 0 91 5119 0 92 5120 0 77 5146 0 77 5177 0 77 5187 0 51 5187 0 70 5196 0 53 5197 0 71 5214 0 52 5227 0 77 5251 0 
TIME iteration: 303 ms
Round:10
IR: 0, 0, 0, 0, 0
5312 0 51 5332 0 53 5363 0 52 5385 0 62 5385 0 63 5388 0 77 5407 0 70 5407 0 71 5409 0 90 5409 0 91 5409 0 92 5411 0 77 5425 0 51 5436 0 54 5437 0 77 5469 0 77 5474 0 52 5476 0 53 5523 0 77 5567 0 51 5598 0 52 5608 0 54 5669 0 51 5720 0 60 5720 0 61 5728 0 76 5737 0 52 5745 0 90 5745 0 91 5745 0 92 5752 0 76 5760 0 53 5779 0 76 5790 0 54 5791 0 51 5803 0 68 5803 0 69 5813 0 
TIME iteration: 302 ms
Round:11
IR: 0, 0, 0, 0, 0
5848 0 52 5938 0 53 5943 0 54 5983 0 52 6012 0 51 6071 0 53 6093 0 54 6121 0 65 6122 0 64 6126 0 66 6127 0 67 6130 0 78 6135 0 79 6147 0 90 6147 0 91 6147 0 92 6154 0 78 6159 0 79 6181 0 78 6183 0 52 6186 0 79 6202 0 73 6203 0 72 6211 0 51 6216 0 75 6216 0 78 6218 0 74 6221 0 79 6254 0 53 6277 0 90 6277 0 91 6277 0 92 6279 0 54 6298 0 
TIME iteration: 302 ms
Round:12
IR: 0, 0, 0, 0, 0
6371 0 51 6384 0 53 6435 0 54 6521 0 53 6534 0 51 6547 0 52 6572 0 54 6635 0 67 6637 0 66 6642 0 79 6665 0 51 6666 0 79 6666 0 90 6666 0 91 6666 0 92 6672 0 74 6673 0 75 6679 0 53 6685 0 52 6693 0 79 6727 0 79 6810 0 51 6813 0 54 6814 0 52 6868 0 
TIME iteration: 302 ms
Round:13
IR: 0, 0, 0, 0, 0
6946 0 51 6985 0 53 7005 0 52 7010 0 54 7026 0 60 7027 0 61 7030 0 65 7032 0 64 7035 0 76 7039 0 78 7052 0 90 7052 0 91 7052 0 92 7059 0 76 7063 0 78 7067 0 51 7086 0 76 7090 0 78 7091 0 72 7091 0 73 7101 0 68 7103 0 69 7104 0 53 7121 0 76 7124 0 78 7150 0 54 7182 0 90 7182 0 91 7182 0 92 7199 0 51 7249 0 52 7271 0 53 7285 0 54 7353 0 51 7359 0 53 7379 0 52 7398 0 
TIME iteration: 302 ms
Round:14
IR: 0, 0, 0, 0, 0
7469 0 53 7485 0 64 7486 0 65 7490 0 78 7514 0 78 7514 0 90 7514 0 91 7514 0 92 7516 0 72 7517 0 73 7540 0 78 7571 0 54 7573 0 78 7574 0 51 7617 0 52 7622 0 53 7634 0 78 7711 0 54 7751 0 53 7789 0 51 7807 0 52 7828 0 65 7833 0 64 7835 0 78 7848 0 72 7849 0 73 7856 0 90 7856 0 91 7856 0 92 7859 0 78 7871 0 54 7885 0 78 7918 0 78 7921 0 72 7928 0 73 7934 0 
TIME iteration: 303 ms
Round:15
IR: 0, 0, 0, 0, 0
7958 0 52 7979 0 78 7996 0 54 8014 0 51 8064 0 53 8092 0 65 8093 0 64 8096 0 78 8112 0 72 8113 0 73 8116 0 90 8116 0 91 8116 0 92 8118 0 51 8119 0 78 8122 0 54 8145 0 78 8152 0 52 8177 0 78 8192 0 53 8199 0 73 8201 0 72 8231 0 78 8245 0 51 8245 0 52 8279 0 54 8329 0 53 8345 0 52 8348 0 64 8348 0 65 8351 0 78 8368 0 73 8369 0 72 8371 0 90 8371 0 91 8371 0 92 8374 0 78 8400 0 78 8408 0 51 8432 0 78 8448 0 73 8460 0 72 8462 0 53 8471 0 
TIME iteration: 302 ms
Round:16
IR: 0, 0, 0, 0, 0
8486 0 78 8499 0 51 8517 0 52 8579 0 51 8602 0 53 8616 0 64 8617 0 65 8620 0 78 8629 0 61 8630 0 60 8637 0 72 8637 0 73 8638 0 76 8640 0 90 8640 0 91 8640 0 92 8643 0 78 8657 0 54 8662 0 76 8664 0 52 8669 0 78 8672 0 51 8689 0 76 8701 0 78 8711 0 68 8711 0 69 8720 0 73 8724 0 76 8726 0 53 8729 0 72 8755 0 78 8765 0 90 8765 0 91 8765 0 92 8783 0 54 8806 0 52 8818 0 51 8886 0 54 8918 0 53 8953 0 51 8960 0 
TIME iteration: 311 ms
Round:17
IR: 0, 0, 0, 0, 0
9064 0 53 9084 0 52 9092 0 51 9118 0 61 9119 0 60 9120 0 63 9121 0 62 9124 0 76 9129 0 77 9144 0 54 9144 0 90 9144 0 91 9144 0 92 9148 0 76 9152 0 69 9153 0 77 9154 0 68 9175 0 76 9180 0 77 9196 0 53 9208 0 76 9215 0 77 9217 0 70 9218 0 71 9246 0 51 9275 0 76 9275 0 90 9275 0 91 9275 0 92 9285 0 54 9291 0 52 9322 0 53 9388 0 51 9442 0 52 9450 0 54 9518 0 53 9538 0 
TIME iteration: 302 ms
Round:18
IR: 0, 0, 0, 0, 0
9547 0 52 9573 0 54 9595 0 62 9596 0 63 9601 0 77 9625 0 77 9625 0 90 9625 0 91 9625 0 92 9630 0 70 9631 0 71 9652 0 77 9678 0 52 9679 0 53 9685 0 77 9691 0 51 9692 0 54 9752 0 77 9786 0 52 9827 0 54 9846 0 51 9857 0 53 9961 0 54 9980 0 66 9980 0 67 9989 0 79 10006 0 90 10006 0 91 10006 0 92 10007 0 53 10013 0 79 10031 0 51 10040 0 
TIME iteration: 302 ms
Round:19
IR: 0, 0, 0, 0, 0
10075 0 74 10075 0 79 10081 0 75 10092 0 52 10125 0 54 10164 0 53 10245 0 52 10271 0 51 10322 0 53 10344 0 54 10378 0 67 10379 0 66 10383 0 79 10395 0 64 10398 0 65 10405 0 78 10405 0 90 10405 0 91 10405 0 92 10407 0 79 10408 0 52 10409 0 74 10409 0 75 10410 0 51 10429 0 78 10434 0 79 10456 0 78 10467 0 79 10475 0 54 10479 0 72 10479 0 73 10491 0 78 10515 0 53 10516 0 51 10530 0 90 10530 0 91 10530 0 92 10535 0 79 10537 0 
TIME iteration: 302 ms
Round:20
IR: 0, 0, 0, 0, 0
10610 0 54 10622 0 51 10631 0 52 10653 0 53 10721 0 52 10735 0 54 10744 0 51 10813 0 53 10838 0 54 10844 0 52 10849 0 62 10850 0 63 10855 0 66 10855 0 67 10858 0 77 10861 0 79 10877 0 90 10877 0 91 10877 0 92 10882 0 77 10883 0 74 10883 0 75 10885 0 79 10909 0 77 10912 0 79 10915 0 53 10919 0 70 10923 0 71 10933 0 54 10944 0 77 10946 0 79 10950 0 51 10989 0 52 11008 0 90 11008 0 91 11008 0 92 11036 0 53 11068 0 54 11072 0 51 11110 0 
TIME iteration: 302 ms
Round:21
IR: 0, 0, 0, 0, 0
11179 0 51 11185 0 54 11187 0 53 11204 0 52 11289 0 52 11297 0 62 11297 0 63 11302 0 77 11325 0 53 11326 0 77 11326 0 90 11326 0 91 11326 0 92 11328 0 70 11331 0 71 11343 0 54 11353 0 77 11374 0 51 11386 0 77 11432 0 52 11452 0 77 11482 0 53 11516 0 54 11537 0 51 11583 0 52 11627 0 51 11644 0 53 11652 0 54 11656 0 60 11656 0 61 11656 0 
TIME iteration: 302 ms
Round:22
IR: 0, 0, 0, 0, 0
11661 0 63 11663 0 77 11664 0 76 11677 0 70 11679 0 71 11680 0 90 11680 0 91 11680 0 92 11687 0 77 11688 0 76 11713 0 77 11715 0 76 11725 0 52 11731 0 51 11746 0 77 11749 0 76 11751 0 69 11751 0 70 11758 0 68 11769 0 71 11807 0 77 11809 0 90 11809 0 91 11809 0 92 11865 0 51 11865 0 52 11874 0 54 11875 0 53 11984 0 53 12020 0 54 12047 0 51 12100 0 52 12109 0 53 12138 0 64 12139 0 65 12147 0 78 12168 0 90 12168 0 91 12168 0 92 12171 0 
TIME iteration: 302 ms
Round:23
IR: 0, 0, 0, 0, 0
12198 0 78 12211 0 51 12219 0 72 12226 0 73 12233 0 78 12246 0 53 12256 0 52 12310 0 54 12342 0 51 12422 0 52 12452 0 53 12459 0 54 12514 0 64 12517 0 65 12519 0 78 12542 0 78 12542 0 90 12542 0 91 12542 0 92 12543 0 72 12543 0 73 12560 0 52 12568 0 78 12600 0 78 12607 0 53 12623 0 51 12655 0 78 12684 0 52 12714 0 
TIME iteration: 302 ms
Round:24
IR: 0, 0, 0, 0, 0
12720 0 53 12755 0 51 12829 0 53 12840 0 64 12841 0 65 12844 0 78 12855 0 72 12856 0 73 12865 0 90 12865 0 91 12865 0 92 12867 0 78 12880 0 54 12888 0 52 12893 0 78 12919 0 72 12923 0 73 12925 0 78 12928 0 51 12938 0 53 12980 0 78 13037 0 52 13067 0 54 13071 0 53 13101 0 64 13102 0 65 13105 0 51 13105 0 78 13120 0 72 13121 0 73 13125 0 90 13125 0 91 13125 0 92 13128 0 78 13154 0 78 13186 0 78 13192 0 54 13197 0 72 13199 0 73 13217 0 52 13240 0 78 13246 0 
TIME iteration: 305 ms
Round:25
IR: 0, 0, 0, 0, 0
13309 0 53 13325 0 52 13395 0 54 13443 0 51 13467 0 53 13478 0 64 13478 0 65 13483 0 78 13504 0 90 13504 0 91 13504 0 92 13506 0 72 13506 0 73 13507 0 78 13508 0 52 13534 0 78 13554 0 51 13567 0 78 13580 0 54 13616 0 53 13631 0 52 13632 0 78 13658 0 51 13752 0 54 13766 0 
TIME iteration: 303 ms
Round:26
IR: 0, 0, 0, 0, 0
13795 0 61 13796 0 60 13804 0 76 13820 0 90 13820 0 91 13820 0 92 13825 0 53 13828 0 76 13838 0 52 13855 0 76 13884 0 69 13890 0 54 13890 0 68 13890 0 76 13917 0 51 13996 0 53 14027 0 52 14062 0 51 14088 0 54 14099 0 60 14099 0 61 14101 0 76 14122 0 69 14123 0 68 14123 0 90 14123 0 91 14123 0 92 14124 0 76 14150 0 76 14158 0 52 14161 0 53 14181 0 76 14203 0 51 14232 0 76 14300 0 
TIME iteration: 305 ms
Round:27
IR: 0, 0, 0, 0, 0
14310 0 52 14320 0 53 14389 0 51 14453 0 52 14489 0 63 14490 0 62 14498 0 77 14512 0 51 14515 0 90 14515 0 91 14515 0 92 14522 0 77 14524 0 54 14549 0 77 14567 0 52 14571 0 53 14580 0 70 14584 0 77 14585 0 71 14631 0 51 14670 0 54 14696 0 52 14725 0 53 14768 0 62 14772 0 77 14773 0 63 14792 0 70 14792 0 71 14794 0 90 14794 0 91 14794 0 92 14795 0 77 14797 0 52 14818 0 54 14821 0 77 14837 0 
TIME iteration: 302 ms
Round:28
IR: 0, 0, 0, 0, 0
14852 0 77 14899 0 52 14902 0 77 14913 0 53 14943 0 54 14944 0 51 15035 0 54 15053 0 51 15086 0 66 15086 0 67 15088 0 53 15092 0 60 15093 0 61 15094 0 52 15095 0 79 15100 0 76 15110 0 90 15110 0 91 15110 0 92 15119 0 79 15124 0 76 15146 0 79 15147 0 69 15150 0 68 15151 0 76 15173 0 51 15175 0 75 15180 0 74 15181 0 79 15185 0 76 15222 0 54 15238 0 90 15238 0 91 15238 0 92 15255 0 52 15302 0 51 15324 0 
TIME iteration: 302 ms
Round:29
IR: 0, 0, 0, 0, 0
15387 0 52 15445 0 54 15456 0 51 15543 0 53 15581 0 52 15604 0 54 15619 0 51 15641 0 61 15643 0 60 15648 0 76 15657 0 62 15659 0 63 15664 0 67 15666 0 77 15668 0 66 15672 0 76 15672 0 90 15672 0 91 15672 0 92 15673 0 79 15675 0 53 15679 0 68 15679 0 69 15690 0 77 15697 0 79 15699 0 76 15705 0 52 15707 0 74 15708 0 75 15709 0 70 15709 0 71 15717 0 77 15724 0 79 15733 0 76 15751 0 77 15758 0 79 15764 0 51 15787 0 90 15787 0 91 15787 0 92 15809 0 76 15839 0 53 15866 0 51 15879 0 
TIME iteration: 302 ms
Round:30
IR: 0, 0, 0, 0, 0
15907 0 52 15992 0 53 16003 0 51 16086 0 52 16100 0 54 16106 0 53 16138 0 64 16138 0 65 16146 0 78 16167 0 90 16167 0 91 16167 0 92 16170 0 78 16191 0 52 16197 0 78 16199 0 51 16223 0 73 16224 0 54 16227 0 53 16231 0 78 16240 0 72 16337 0 54 16355 0 51 16369 0 52 16409 0 
TIME iteration: 303 ms
Round:31
IR: 0, 0, 0, 0, 0
16468 0 54 16475 0 51 16475 0 65 16477 0 64 16479 0 78 16494 0 66 16495 0 67 16501 0 73 16501 0 90 16501 0 91 16501 0 92 16502 0 72 16502 0 78 16502 0 79 16526 0 79 16528 0 52 16528 0 78 16547 0 74 16547 0 75 16553 0 79 16560 0 78 16587 0 79 16589 0 51 16599 0 53 16599 0 54 16614 0 78 16625 0 90 16625 0 91 16625 0 92 16672 0 52 16715 0 51 16722 0 54 16745 0 53 16825 0 51 16834 0 52 16872 0 53 16951 0 
TIME iteration: 302 ms
Round:32
IR: 0, 0, 0, 0, 0
17004 0 52 17014 0 51 17026 0 53 17032 0 61 17033 0 60 17034 0 64 17034 0 65 17040 0 62 17040 0 63 17040 0 78 17041 0 76 17048 0 77 17058 0 90 17058 0 91 17058 0 92 17064 0 78 17065 0 76 17066 0 72 17068 0 73 17072 0 77 17091 0 78 17092 0 76 17099 0 77 17107 0 68 17111 0 69 17112 0 71 17114 0 70 17125 0 78 17127 0 76 17133 0 77 17152 0 54 17162 0 52 17175 0 90 17175 0 91 17175 0 92 17180 0 51 17201 0 78 17291 0 52 17305 0 53 17362 0 54 17377 0 51 17440 0 
TIME iteration: 303 ms
Round:33
IR: 0, 0, 0, 0, 0
17513 0 52 17525 0 51 17533 0 54 17578 0 60 17578 0 61 17584 0 76 17608 0 76 17608 0 90 17608 0 91 17608 0 92 17616 0 68 17616 0 69 17635 0 76 17669 0 76 17677 0 52 17690 0 51 17722 0 53 17745 0 76 17751 0 54 17825 0 51 17825 0 52 17853 0 54 17858 0 53 17944 0 52 17964 0 63 17965 0 62 17972 0 77 17991 0 90 17991 0 91 17991 0 92 17996 0 
TIME iteration: 308 ms
Round:34
IR: 0, 0, 0, 0, 0
18022 0 51 18023 0 77 18024 0 54 18024 0 70 18025 0 71 18055 0 53 18057 0 77 18131 0 52 18146 0 54 18176 0 53 18224 0 51 18281 0 53 18303 0 54 18306 0 64 18306 0 65 18314 0 78 18331 0 90 18331 0 91 18331 0 92 18338 0 78 18342 0 52 18352 0 51 18365 0 78 18379 0 73 18380 0 72 18399 0 78 18426 0 53 18428 0 52 18444 0 51 18498 0 54 18540 0 
TIME iteration: 302 ms
Round:35
IR: 0, 0, 0, 0, 0
18615 0 51 18626 0 54 18651 0 53 18692 0 61 18699 0 60 18704 0 76 18708 0 65 18709 0 64 18713 0 52 18713 0 78 18715 0 67 18719 0 62 18720 0 63 18721 0 66 18722 0 90 18722 0 91 18722 0 92 18727 0 77 18727 0 79 18728 0 76 18737 0 72 18737 0 78 18738 0 73 18751 0 77 18751 0 79 18753 0 51 18754 0 54 18755 0 76 18759 0 69 18761 0 68 18763 0 78 18769 0 71 18770 0 70 18778 0 77 18778 0 79 18788 0 53 18789 0 76 18796 0 78 18807 0 75 18812 0 77 18813 0 79 18819 0 74 18832 0 90 18832 0 91 18832 0 92 18857 0 78 18885 0 53 18892 0 54 18904 0 52 18914 0 51 19001 0 53 19041 0 51 19051 0 
TIME iteration: 303 ms
Round:36
IR: 0, 0, 0, 0, 0
19096 0 54 19151 0 53 19180 0 64 19180 0 65 19186 0 78 19206 0 73 19207 0 72 19207 0 90 19207 0 91 19207 0 92 19210 0 78 19219 0 51 19237 0 78 19258 0 52 19271 0 78 19281 0 54 19320 0 53 19347 0 78 19408 0 52 19428 0 51 19473 0 53 19532 0 54 19565 0 53 19566 0 64 19566 0 65 19571 0 78 19586 0 72 19586 0 73 19592 0 90 19592 0 91 19592 0 92 19594 0 51 19595 0 
TIME iteration: 302 ms
Round:37
IR: 0, 0, 0, 0, 0
19622 0 78 19649 0 52 19655 0 78 19663 0 53 19673 0 73 19676 0 72 19714 0 54 19721 0 78 19724 0 51 19815 0 52 19815 0 53 19826 0 54 19833 0 64 19833 0 65 19836 0 78 19854 0 72 19854 0 73 19856 0 90 19856 0 91 19856 0 92 19859 0 78 19881 0 51 19885 0 78 19917 0 78 19936 0 52 19938 0 73 19954 0 53 19971 0 78 20039 0 54 20047 0 51 20060 0 52 20081 0 53 20116 0 65 20117 0 64 20120 0 78 20127 0 72 20139 0 
TIME iteration: 302 ms
Round:38
IR: 0, 0, 0, 0, 0
20140 0 90 20140 0 91 20140 0 92 20143 0 78 20169 0 78 20183 0 52 20183 0 72 20192 0 53 20201 0 78 20215 0 51 20229 0 54 20256 0 78 20280 0 53 20362 0 52 20395 0 51 20395 0 53 20400 0 54 20402 0 64 20402 0 65 20405 0 78 20413 0 73 20421 0 72 20426 0 90 20426 0 91 20426 0 92 20428 0 78 20454 0 78 20470 0 73 20486 0 78 20501 0 72 20511 0 52 20518 0 53 20539 0 51 20540 0 54 20540 0 78 20666 0 
TIME iteration: 302 ms
Round:39
IR: 0, 0, 0, 0, 0
20688 0 64 20688 0 65 20691 0 78 20707 0 54 20707 0 73 20710 0 72 20712 0 90 20712 0 91 20712 0 92 20714 0 78 20720 0 52 20740 0 78 20772 0 78 20778 0 51 20790 0 73 20807 0 72 20808 0 53 20826 0 78 20852 0 54 20864 0 52 20908 0 51 20958 0 54 21051 0 66 21052 0 51 21052 0 67 21061 0 79 21077 0 52 21077 0 90 21077 0 91 21077 0 92 21085 0 79 21086 0 53 21100 0 54 21112 0 79 21143 0 75 21144 0 74 21147 0 79 21190 0 
TIME iteration: 302 ms
Round:40
IR: 0, 0, 0, 0, 0
21203 0 52 21296 0 54 21325 0 51 21356 0 53 21371 0 52 21477 0 54 21488 0 66 21488 0 67 21493 0 79 21501 0 51 21510 0 60 21511 0 61 21515 0 90 21515 0 91 21515 0 92 21517 0 79 21519 0 76 21520 0 74 21520 0 75 21543 0 76 21544 0 79 21561 0 53 21566 0 52 21570 0 76 21577 0 79 21604 0 69 21605 0 68 21605 0 76 21629 0 51 21638 0 90 21638 0 91 21638 0 92 21649 0 79 21708 0 53 21712 0 
TIME iteration: 302 ms
Round:41
IR: 0, 0, 0, 0, 0
21767 0 52 21815 0 51 21836 0 54 21912 0 53 21932 0 52 22019 0 54 22046 0 51 22046 0 67 22047 0 66 22053 0 79 22077 0 79 22077 0 90 22077 0 91 22077 0 92 22078 0 74 22080 0 75 22089 0 52 22104 0 79 22114 0 53 22138 0 79 22166 0 54 22238 0 51 22247 0 
TIME iteration: 302 ms
Round:42
IR: 0, 0, 0, 0, 0
22275 0 52 22314 0 54 22399 0 53 22441 0 64 22441 0 65 22449 0 78 22455 0 52 22462 0 54 22467 0 90 22467 0 91 22467 0 92 22473 0 78 22500 0 78 22517 0 53 22523 0 73 22534 0 78 22535 0 72 22568 0 52 22628 0 51 22638 0 54 22695 0 53 22711 0 
TIME iteration: 300 ms
Round:43
IR: 0, 0, 0, 0, 0
22796 0 65 22803 0 78 22827 0 90 22827 0 91 22827 0 92 22832 0 78 22863 0 51 22866 0 52 22872 0 78 22875 0 54 22967 0 51 22988 0 53 23041 0 54 23046 0 52 23185 0 51 23203 0 54 23219 0 52 23231 0 53 23236 0 66 23236 0 67 23244 0 60 23244 0 61 23245 0 79 23252 0 76 23254 0 62 23255 0 63 23263 0 77 23265 0 90 23265 0 91 23265 0 92 23269 0 79 23276 0 76 23287 0 77 23296 0 79 23302 0 74 23303 0 75 23303 0 76 23306 0 51 23314 0 
TIME iteration: 301 ms
Round:44
IR: 0, 0, 0, 0, 0
23327 0 69 23331 0 68 23331 0 79 23336 0 54 23337 0 76 23347 0 71 23349 0 77 23352 0 70 23377 0 53 23381 0 90 23381 0 91 23381 0 92 23437 0 52 23482 0 51 23483 0 54 23492 0 53 23543 0 52 23611 0 51 23632 0 54 23674 0 53 23736 0 52 23766 0 51 23770 0 62 23771 0 63 23776 0 77 23778 0 60 23778 0 61 23784 0 76 23798 0 54 23799 0 90 23799 0 91 23799 0 92 23800 0 77 23807 0 70 23808 0 76 23809 0 71 23817 0 68 23817 0 69 23827 0 77 23835 0 
TIME iteration: 300 ms
Round:45
IR: 0, 0, 0, 0, 0
23859 0 52 23860 0 77 23866 0 53 23869 0 76 23906 0 51 23927 0 77 23930 0 90 23930 0 91 23930 0 92 23945 0 76 23977 0 54 24011 0 53 24027 0 51 24034 0 52 24164 0 51 24195 0 53 24232 0 52 24245 0 54 24290 0 51 24299 0 60 24299 0 61 24305 0 76 24329 0 76 24329 0 90 24329 0 91 24329 0 92 24331 0 68 24331 0 69 24356 0 76 24371 0 
TIME iteration: 299 ms
Round:46
IR: 0, 0, 0, 0, 0
24390 0 76 24406 0 54 24421 0 51 24466 0 76 24489 0 52 24496 0 53 24543 0 51 24606 0 52 24681 0 51 24683 0 60 24683 0 61 24688 0 76 24704 0 68 24704 0 69 24709 0 90 24709 0 91 24709 0 92 24712 0 76 24735 0 54 24739 0 76 24772 0 76 24786 0 69 24798 0 68 24814 0 52 24822 0 51 24837 0 76 24842 0 53 24850 0 
TIME iteration: 299 ms
Round:47
IR: 0, 0, 0, 0, 0
24986 0 52 25015 0 54 25058 0 51 25074 0 66 25074 0 67 25077 0 60 25078 0 61 25082 0 76 25083 0 79 25099 0 53 25099 0 90 25099 0 91 25099 0 92 25106 0 76 25107 0 79 25108 0 68 25108 0 69 25132 0 76 25134 0 79 25139 0 52 25160 0 74 25161 0 75 25165 0 76 25169 0 79 25226 0 76 25229 0 90 25229 0 91 25229 0 92 25242 0 53 25254 0 54 25261 0 52 25269 0 51 25383 0 52 25412 0 53 25419 0 51 25422 0 
TIME iteration: 299 ms
Round:48
IR: 0, 0, 0, 0, 0
25507 0 52 25524 0 54 25543 0 51 25555 0 63 25556 0 62 25564 0 66 25564 0 77 25565 0 67 25570 0 79 25581 0 53 25581 0 60 25581 0 61 25585 0 90 25585 0 91 25585 0 92 25587 0 76 25588 0 77 25594 0 79 25599 0 75 25600 0 74 25610 0 68 25611 0 69 25611 0 76 25615 0 77 25621 0 79 25638 0 70 25638 0 76 25642 0 71 25650 0 77 25654 0 79 25672 0 54 25672 0 76 25674 0 51 25680 0 52 25700 0 90 25700 0 91 25700 0 92 25714 0 53 25728 0 79 25748 0 76 25808 0 51 25845 0 52 25863 0 54 25875 0 53 25908 0 
TIME iteration: 300 ms
Round:49
IR: 0, 0, 0, 0, 0
25985 0 54 25990 0 53 26046 0 64 26047 0 65 26054 0 52 26055 0 78 26068 0 51 26075 0 90 26075 0 91 26075 0 92 26079 0 78 26103 0 54 26106 0 78 26126 0 53 26136 0 73 26141 0 78 26143 0 72 26213 0 53 26214 0 54 26250 0 51 26256 0 52 26316 0 54 26324 0 53 26326 0 64 26326 0 65 26328 0 78 26347 0 72 26347 0 73 26350 0 90 26350 0 91 26350 0 92 26351 0 78 26377 0 78 26405 0 54 26408 0 78 26415 0 51 26438 0 73 26439 0 53 26459 0 78 26480 0 
TIME iteration: 299 ms
Round:50
IR: 0, 0, 0, 0, 0
26521 0 52 26559 0 51 26579 0 53 26584 0 54 26611 0 66 26611 0 67 26612 0 65 26614 0 64 26616 0 78 26619 0 79 26624 0 72 26634 0 90 26634 0 91 26634 0 92 26636 0 73 26639 0 78 26643 0 79 26654 0 52 26665 0 78 26670 0 51 26670 0 79 26671 0 74 26673 0 75 26681 0 72 26697 0 78 26705 0 79 26717 0 54 26735 0 53 26751 0 78 26763 0 90 26763 0 91 26763 0 92 26813 0 51 26824 0 52 26880 0 54 26886 0 53 26936 0 52 26938 0 51 27024 0 54 27028 0 
TIME iteration: 315 ms
Round:51
IR: 0, 0, 0, 0, 0
27079 0 51 27114 0 60 27114 0 61 27122 0 76 27134 0 52 27144 0 90 27144 0 91 27144 0 92 27146 0 76 27157 0 53 27173 0 76 27193 0 69 27200 0 68 27207 0 76 27215 0 51 27272 0 53 27291 0 54 27297 0 52 27322 0 51 27381 0 53 27387 0 61 27390 0 76 27392 0 60 27410 0 68 27410 0 69 27411 0 54 27413 0 51 27413 0 76 27414 0 90 27414 0 91 27414 0 92 27427 0 52 27439 0 76 27470 0 76 27491 0 69 27498 0 68 27512 0 51 27519 0 76 27531 0 52 27551 0 
TIME iteration: 306 ms
Round:52
IR: 0, 0, 0, 0, 0
27606 0 54 27644 0 52 27654 0 51 27661 0 60 27661 0 61 27664 0 76 27682 0 68 27683 0 69 27684 0 90 27684 0 91 27684 0 92 27687 0 76 27713 0 76 27745 0 76 27759 0 53 27767 0 54 27773 0 68 27787 0 51 27799 0 76 27816 0 52 27903 0 54 27946 0 52 28005 0 54 28006 0 53 28015 0 51 28022 0 67 28023 0 66 28031 0 79 28048 0 90 28048 0 91 28048 0 92 28055 0 79 28082 0 
TIME iteration: 306 ms
Round:53
IR: 0, 0, 0, 0, 0
28101 0 75 28102 0 52 28102 0 74 28117 0 79 28143 0 51 28157 0 54 28179 0 53 28187 0 52 28277 0 51 28281 0 54 28302 0 52 28316 0 66 28317 0 67 28319 0 79 28336 0 53 28336 0 62 28337 0 63 28338 0 74 28338 0 75 28340 0 90 28340 0 91 28340 0 92 28342 0 79 28345 0 77 28368 0 79 28369 0 77 28396 0 77 28400 0 79 28423 0 70 28427 0 52 28431 0 77 28435 0 71 28454 0 79 28462 0 90 28462 0 91 28462 0 92 28480 0 53 28488 0 54 28496 0 51 28559 0 52 28604 0 
TIME iteration: 306 ms
Round:54
IR: 0, 0, 0, 0, 0
28661 0 54 28664 0 51 28780 0 53 28793 0 54 28810 0 52 28824 0 51 28838 0 66 28839 0 67 28845 0 79 28860 0 65 28862 0 64 28866 0 75 28867 0 74 28868 0 90 28868 0 91 28868 0 92 28869 0 78 28869 0 79 28893 0 78 28896 0 79 28920 0 78 28930 0 79 28936 0 51 28948 0 73 28949 0 72 28954 0 78 28974 0 52 28976 0 54 28993 0 90 28993 0 91 28993 0 92 29023 0 53 29126 0 51 29149 0 
TIME iteration: 305 ms
Round:55
IR: 0, 0, 0, 0, 0
29164 0 52 29187 0 54 29252 0 53 29293 0 51 29295 0 64 29295 0 65 29299 0 78 29322 0 78 29324 0 90 29324 0 91 29324 0 92 29327 0 73 29328 0 72 29330 0 54 29341 0 52 29348 0 78 29380 0 78 29396 0 51 29400 0 53 29436 0 78 29516 0 51 29524 0 54 29579 0 53 29596 0 52 29651 0 54 29668 0 
TIME iteration: 305 ms
Round:56
IR: 0, 0, 0, 0, 0
29686 0 60 29686 0 61 29694 0 76 29700 0 66 29702 0 67 29709 0 79 29712 0 90 29712 0 91 29712 0 92 29718 0 76 29733 0 79 29735 0 52 29737 0 53 29745 0 76 29752 0 74 29752 0 75 29760 0 79 29772 0 69 29775 0 68 29779 0 76 29790 0 54 29795 0 79 29821 0 51 29838 0 90 29838 0 91 29838 0 92 29870 0 53 29897 0 52 29913 0 54 29965 0 51 30024 0 54 30079 0 52 30101 0 53 30115 0 51 30149 0 54 30166 0 67 30167 0 66 30172 0 79 30196 0 79 30196 0 90 30196 0 91 30196 0 92 30197 0 74 30197 0 
TIME iteration: 306 ms
Round:57
IR: 0, 0, 0, 0, 0
30223 0 79 30240 0 51 30243 0 53 30256 0 79 30281 0 54 30285 0 52 30331 0 79 30361 0 51 30379 0 54 30391 0 53 30505 0 53 30534 0 52 30534 0 65 30535 0 64 30543 0 78 30560 0 90 30560 0 91 30560 0 92 30567 0 78 30578 0 51 30593 0 54 30594 0 78 30602 0 72 30602 0 73 30608 0 53 30629 0 78 30714 0 52 30727 0 54 30736 0 
TIME iteration: 305 ms
Round:58
IR: 0, 0, 0, 0, 0
30775 0 51 30859 0 54 30897 0 52 30902 0 66 30902 0 67 30910 0 79 30921 0 51 30928 0 90 30928 0 91 30928 0 92 30934 0 53 30934 0 79 30946 0 75 30947 0 74 30961 0 79 30996 0 79 31032 0 54 31045 0 52 31051 0 53 31138 0 51 31158 0 52 31195 0 54 31201 0 
TIME iteration: 305 ms
Round:59
IR: 0, 0, 0, 0, 0
31273 0 67 31276 0 66 31278 0 79 31292 0 51 31296 0 75 31297 0 74 31300 0 90 31300 0 91 31300 0 92 31301 0 79 31315 0 53 31315 0 54 31327 0 79 31343 0 52 31359 0 79 31417 0 79 31425 0 51 31438 0 52 31481 0 54 31494 0 53 31568 0 51 31603 0 52 31646 0 54 31648 0 62 31648 0 63 31656 0 53 31656 0 77 31674 0 90 31674 0 91 31674 0 92 31680 0 77 31707 0 77 31738 0 51 31741 0 77 31745 0 71 31747 0 70 31774 0 52 31788 0 
TIME iteration: 305 ms
Round:60
IR: 0, 0, 0, 0, 0
31831 0 53 31886 0 52 31915 0 53 31920 0 63 31921 0 62 31922 0 77 31931 0 54 31941 0 70 31942 0 71 31944 0 90 31944 0 91 31944 0 92 31945 0 77 31965 0 51 31971 0 77 32002 0 77 32040 0 70 32052 0 77 32069 0 54 32081 0 53 32082 0 52 32103 0 51 32204 0 54 32205 0 52 32230 0 63 32231 0 62 32234 0 77 32243 0 71 32254 0 70 32255 0 90 32255 0 91 32255 0 92 32257 0 77 32259 0 51 32271 0 53 32283 0 77 32302 0 71 32315 0 
TIME iteration: 305 ms
Round:61
IR: 0, 0, 0, 0, 0
32356 0 54 32370 0 77 32377 0 51 32389 0 53 32390 0 52 32481 0 54 32487 0 51 32528 0 53 32544 0 52 32582 0 62 32584 0 63 32587 0 77 32597 0 64 32598 0 65 32600 0 70 32606 0 78 32608 0 71 32608 0 90 32608 0 91 32608 0 92 32610 0 77 32620 0 51 32630 0 78 32636 0 77 32657 0 53 32657 0 78 32668 0 77 32670 0 54 32670 0 70 32680 0 73 32682 0 52 32685 0 72 32692 0 78 32724 0 77 32733 0 90 32733 0 91 32733 0 92 32771 0 54 32824 0 52 32830 0 53 32840 0 
TIME iteration: 305 ms
Round:62
IR: 0, 0, 0, 0, 0
32864 0 54 32972 0 53 32973 0 51 33017 0 54 33048 0 52 33065 0 67 33068 0 66 33075 0 79 33080 0 53 33090 0 64 33090 0 65 33095 0 78 33096 0 90 33096 0 91 33096 0 92 33099 0 79 33106 0 51 33119 0 78 33125 0 73 33126 0 79 33127 0 72 33146 0 78 33152 0 74 33154 0 54 33154 0 75 33161 0 79 33179 0 78 33195 0 52 33197 0 53 33221 0 90 33221 0 91 33221 0 92 33224 0 51 33245 0 78 33313 0 52 33363 0 51 33385 0 
TIME iteration: 305 ms
Round:63
IR: 0, 0, 0, 0, 0
33428 0 54 33452 0 51 33462 0 52 33526 0 53 33534 0 60 33546 0 61 33549 0 76 33566 0 51 33569 0 52 33569 0 90 33569 0 91 33569 0 92 33573 0 76 33600 0 76 33632 0 68 33634 0 54 33635 0 69 33635 0 76 33683 0 52 33708 0 53 33770 0 51 33773 0 54 33809 0 52 33886 0 53 33892 0 54 33916 0 66 33917 0 
TIME iteration: 305 ms
Round:64
IR: 0, 0, 0, 0, 0
33924 0 79 33936 0 52 33937 0 62 33938 0 63 33942 0 90 33942 0 91 33942 0 92 33946 0 77 33948 0 79 33970 0 77 33973 0 74 33973 0 75 33975 0 79 33976 0 51 33979 0 54 33997 0 77 34007 0 71 34009 0 79 34013 0 70 34032 0 77 34039 0 52 34065 0 90 34065 0 91 34065 0 92 34085 0 54 34110 0 51 34146 0 52 34173 0 53 34212 0 54 34239 0 51 34291 0 53 34344 0 52 34347 0 54 34367 0 51 34401 0 66 34402 0 67 34404 0 61 34405 0 60 34407 0 79 34412 0 76 34428 0 90 34428 0 91 34428 0 92 34430 0 53 34431 0 79 34434 0 74 34435 0 75 34436 0 
TIME iteration: 306 ms
Round:65
IR: 0, 0, 0, 0, 0
34458 0 79 34462 0 68 34462 0 69 34463 0 76 34476 0 51 34492 0 79 34497 0 76 34512 0 52 34552 0 54 34560 0 90 34560 0 91 34560 0 92 34583 0 51 34605 0 53 34729 0 51 34741 0 54 34749 0 52 34775 0 53 34886 0 52 34906 0 51 34955 0 54 34956 0 60 34957 0 61 34962 0 
TIME iteration: 305 ms
Round:66
IR: 0, 0, 0, 0, 0
34981 0 53 34986 0 76 34987 0 90 34987 0 91 34987 0 92 34992 0 69 34994 0 68 35013 0 76 35024 0 52 35046 0 76 35098 0 51 35109 0 54 35113 0 76 35158 0 52 35218 0 53 35255 0 51 35279 0 54 35307 0 52 35344 0 62 35344 0 63 35352 0 77 35370 0 90 35370 0 91 35370 0 92 35376 0 77 35400 0 51 35403 0 77 35419 0 71 35420 0 70 35434 0 53 35437 0 77 35495 0 
TIME iteration: 305 ms
Round:67
IR: 0, 0, 0, 0, 0
35532 0 53 35557 0 52 35606 0 51 35676 0 53 35706 0 64 35706 0 65 35714 0 78 35720 0 52 35731 0 90 35731 0 91 35731 0 92 35738 0 78 35756 0 51 35765 0 78 35795 0 54 35795 0 73 35799 0 78 35803 0 72 35823 0 52 35875 0 53 35885 0 54 35912 0 51 35988 0 52 36023 0 53 36035 0 
TIME iteration: 304 ms
Round:68
IR: 0, 0, 0, 0, 0
36048 0 65 36049 0 64 36052 0 78 36055 0 51 36067 0 67 36068 0 66 36073 0 90 36073 0 91 36073 0 92 36074 0 73 36075 0 72 36075 0 78 36076 0 79 36091 0 53 36100 0 79 36101 0 78 36127 0 79 36128 0 52 36133 0 78 36146 0 74 36152 0 75 36160 0 54 36162 0 79 36188 0 78 36193 0 53 36196 0 90 36196 0 91 36196 0 92 36227 0 51 36229 0 52 36334 0 54 36376 0 53 36377 0 52 36387 0 51 36492 0 52 36511 0 54 36531 0 62 36532 0 63 36539 0 77 36544 0 51 36558 0 53 36561 0 90 36561 0 91 36561 0 92 36563 0 
TIME iteration: 305 ms
Round:69
IR: 0, 0, 0, 0, 0
36590 0 77 36600 0 71 36601 0 70 36624 0 77 36641 0 54 36656 0 51 36657 0 52 36677 0 53 36792 0 54 36811 0 51 36824 0 53 36831 0 52 36893 0 62 36896 0 63 36898 0 77 36920 0 70 36920 0 71 36920 0 90 36920 0 91 36920 0 92 36921 0 77 36933 0 51 36934 0 54 36947 0 77 36974 0 53 36979 0 77 36994 0 52 37034 0 77 37046 0 51 37052 0 54 37083 0 
TIME iteration: 303 ms
Round:70
IR: 0, 0, 0, 0, 0
37184 0 51 37207 0 52 37209 0 53 37219 0 54 37239 0 64 37239 0 65 37247 0 78 37250 0 61 37255 0 60 37261 0 76 37264 0 90 37264 0 91 37264 0 92 37271 0 78 37285 0 76 37298 0 78 37304 0 72 37308 0 73 37312 0 76 37316 0 53 37328 0 52 37332 0 78 37340 0 69 37346 0 68 37347 0 76 37365 0 51 37389 0 90 37389 0 91 37389 0 92 37440 0 53 37450 0 54 37457 0 52 37554 0 52 37576 0 54 37599 0 53 37626 0 
TIME iteration: 304 ms
Round:71
IR: 0, 0, 0, 0, 0
37749 0 53 37758 0 52 37770 0 54 37775 0 65 37777 0 64 37782 0 78 37789 0 63 37790 0 62 37797 0 77 37805 0 67 37806 0 78 37806 0 90 37806 0 91 37806 0 92 37813 0 72 37814 0 73 37821 0 77 37825 0 79 37833 0 78 37842 0 70 37842 0 71 37848 0 77 37858 0 79 37867 0 78 37882 0 77 37884 0 54 37887 0 52 37894 0 51 37902 0 53 37923 0 79 37925 0 90 37925 0 91 37925 0 92 37943 0 78 38014 0 54 38049 0 53 38076 0 52 38142 0 51 38150 0 
TIME iteration: 304 ms
Round:72
IR: 0, 0, 0, 0, 0
38166 0 52 38202 0 53 38249 0 51 38287 0 52 38289 0 62 38289 0 63 38294 0 77 38318 0 77 38318 0 90 38318 0 91 38318 0 92 38322 0 70 38322 0 71 38328 0 54 38345 0 77 38355 0 53 38356 0 51 38378 0 77 38444 0 52 38444 0 77 38462 0 54 38501 0 53 38606 0 53 38611 0 54 38641 0 64 38641 0 65 38647 0 51 38649 0 78 38666 0 90 38666 0 91 38666 0 92 38673 0 78 38686 0 
TIME iteration: 304 ms
Round:73
IR: 0, 0, 0, 0, 0
38694 0 72 38695 0 73 38700 0 78 38734 0 78 38772 0 54 38775 0 53 38842 0 51 38885 0 53 38901 0 54 38922 0 52 38941 0 64 38941 0 65 38943 0 78 38959 0 72 38959 0 73 38965 0 90 38965 0 91 38965 0 92 38966 0 78 38992 0 78 39018 0 53 39022 0 54 39023 0 51 39023 0 78 39034 0 72 39034 0 73 39074 0 78 39139 0 53 39153 0 52 39177 0 54 39177 0 64 39179 0 65 39181 0 78 39196 0 72 39197 0 73 39201 0 51 39201 0 90 39201 0 91 39201 0 92 39204 0 
TIME iteration: 304 ms
Round:74
IR: 0, 0, 0, 0, 0
39230 0 78 39236 0 53 39262 0 78 39270 0 72 39274 0 73 39315 0 78 39334 0 54 39343 0 52 39371 0 51 39377 0 53 39424 0 64 39425 0 65 39427 0 78 39444 0 72 39444 0 73 39447 0 90 39447 0 91 39447 0 92 39450 0 78 39476 0 78 39490 0 52 39490 0 53 39508 0 51 39508 0 78 39524 0 73 39527 0 72 39561 0 78 39602 0 54 39640 0 53 39663 0 52 39677 0 65 39678 0 64 39680 0 78 39697 0 72 39698 0 73 39700 0 90 39700 0 91 39700 0 92 39703 0 51 39703 0 78 39729 0 54 39729 0 
TIME iteration: 304 ms
Round:75
IR: 0, 0, 0, 0, 0
39761 0 78 39779 0 72 39785 0 73 39814 0 78 39827 0 52 39878 0 53 39887 0 51 39891 0 54 40014 0 54 40017 0 51 40040 0 53 40045 0 52 40049 0 64 40049 0 65 40053 0 66 40053 0 67 40053 0 78 40062 0 79 40074 0 90 40074 0 91 40074 0 92 40076 0 78 40077 0 72 40078 0 73 40086 0 79 40102 0 78 40113 0 79 40134 0 78 40141 0 75 40148 0 54 40148 0 79 40149 0 74 40170 0 51 40178 0 53 40190 0 78 40204 0 90 40204 0 91 40204 0 92 40218 0 52 40267 0 
TIME iteration: 304 ms
Round:76
IR: 0, 0, 0, 0, 0
40304 0 51 40317 0 53 40327 0 52 40415 0 54 40467 0 52 40514 0 53 40600 0 52 40601 0 54 40601 0 62 40602 0 63 40603 0 51 40610 0 77 40624 0 66 40625 0 67 40631 0 79 40632 0 90 40632 0 91 40632 0 92 40634 0 77 40655 0 79 40661 0 77 40665 0 75 40667 0 74 40682 0 79 40683 0 53 40691 0 71 40696 0 70 40696 0 77 40716 0 79 40757 0 90 40757 0 91 40757 0 
TIME iteration: 304 ms
Round:77
IR: 0, 0, 0, 0, 0
40813 0 54 40823 0 52 40837 0 51 40900 0 53 40976 0 51 41049 0 53 41049 0 54 41053 0 52 41078 0 51 41099 0 60 41100 0 61 41108 0 76 41129 0 90 41129 0 91 41129 0 92 41132 0 76 41159 0 76 41188 0 54 41192 0 52 41193 0 68 41194 0 69 41194 0 76 41249 0 51 41249 0 53 41338 0 
TIME iteration: 304 ms
Round:78
IR: 0, 0, 0, 0, 0
41344 0 53 41349 0 54 41376 0 51 41405 0 60 41406 0 61 41408 0 76 41428 0 68 41429 0 69 41430 0 90 41430 0 91 41430 0 92 41431 0 76 41448 0 52 41450 0 53 41457 0 76 41489 0 76 41540 0 54 41542 0 76 41544 0 53 41597 0 51 41597 0 52 41676 0 53 41696 0 52 41738 0 54 41740 0 51 41742 0 65 41743 0 62 41743 0 63 41744 0 64 41751 0 77 41751 0 78 41766 0 90 41766 0 91 41766 0 92 41775 0 77 41775 0 78 41802 0 77 41802 0 78 41812 0 71 41813 0 70 41826 0 73 41832 0 72 41836 0 77 41836 0 78 41838 0 
TIME iteration: 305 ms
Round:79
IR: 0, 0, 0, 0, 0
41887 0 51 41895 0 53 41896 0 90 41896 0 91 41896 0 92 41899 0 54 41995 0 51 42007 0 52 42019 0 53 42067 0 54 42121 0 51 42132 0 52 42192 0 53 42209 0 54 42262 0 51 42271 0 60 42271 0 61 42277 0 67 42279 0 66 42279 0 76 42287 0 52 42287 0 79 42297 0 62 42298 0 63 42300 0 90 42300 0 91 42300 0 92 42303 0 76 42303 0 77 42311 0 79 42318 0 53 42322 0 68 42325 0 69 42327 0 77 42330 0 76 42336 0 70 42336 0 71 42338 0 79 42354 0 77 42357 0 75 42358 0 74 42364 0 76 42373 0 79 42387 0 77 42398 0 
TIME iteration: 308 ms
Round:80
IR: 0, 0, 0, 0, 0
42415 0 90 42415 0 91 42415 0 92 42431 0 52 42454 0 77 42455 0 53 42468 0 54 42568 0 53 42611 0 51 42630 0 54 42636 0 52 42709 0 53 42726 0 51 42754 0 65 42755 0 64 42762 0 78 42779 0 54 42783 0 90 42783 0 91 42783 0 92 42786 0 78 42796 0 52 42813 0 78 42818 0 72 42818 0 73 42847 0 78 42883 0 53 42893 0 52 42909 0 51 42924 0 
TIME iteration: 306 ms
Round:81
IR: 0, 0, 0, 0, 0
43016 0 53 43042 0 52 43045 0 54 43054 0 51 43078 0 64 43078 0 65 43081 0 78 43100 0 72 43100 0 73 43103 0 90 43103 0 91 43103 0 92 43104 0 78 43124 0 53 43130 0 78 43156 0 54 43162 0 78 43164 0 51 43185 0 52 43213 0 53 43216 0 78 43264 0 54 43268 0 51 43303 0 52 43348 0 53 43385 0 65 43387 0 64 43390 0 78 43399 0 72 43399 0 73 43410 0 90 43410 0 91 43410 0 92 43413 0 78 43414 0 51 43435 0 54 43439 0 
TIME iteration: 311 ms
Round:82
IR: 0, 0, 0, 0, 0
43460 0 72 43460 0 73 43471 0 78 43474 0 52 43493 0 53 43527 0 78 43608 0 51 43617 0 53 43634 0 52 43651 0 64 43651 0 65 43654 0 78 43670 0 72 43670 0 73 43674 0 90 43674 0 91 43674 0 92 43677 0 54 43677 0 78 43703 0 78 43735 0 78 43738 0 51 43746 0 73 43748 0 72 43760 0 53 43789 0 78 43796 0 54 43805 0 52 43844 0 51 43942 0 53 43962 0 54 43965 0 52 43966 0 64 43968 0 65 43971 0 78 43983 0 
TIME iteration: 313 ms
Round:83
IR: 0, 0, 0, 0, 0
43991 0 90 43991 0 91 43991 0 92 43992 0 72 43992 0 73 43994 0 78 44020 0 78 44045 0 53 44052 0 78 44061 0 52 44108 0 78 44117 0 51 44167 0 52 44178 0 53 44208 0 54 44236 0 51 44308 0 53 44316 0 52 44320 0 64 44320 0 65 44324 0 78 44334 0 63 44335 0 62 44337 0 72 44337 0 73 44341 0 54 44343 0 77 44345 0 90 44345 0 91 44345 0 92 44347 0 78 44367 0 77 44373 0 78 44394 0 77 44402 0 51 44405 0 78 44408 0 73 44409 0 72 44420 0 70 44425 0 71 44427 0 53 44429 0 77 44461 0 78 44470 0 90 44470 0 91 44470 0 92 44514 0 
TIME iteration: 311 ms
Round:84
IR: 0, 0, 0, 0, 0
44520 0 54 44557 0 51 44570 0 52 44647 0 51 44687 0 53 44709 0 54 44741 0 51 44747 0 52 44760 0 60 44760 0 61 44768 0 76 44788 0 90 44788 0 91 44788 0 92 44792 0 76 44819 0 76 44824 0 51 44852 0 68 44853 0 76 44854 0 69 44863 0 54 44912 0 51 44920 0 53 44932 0 52 45033 0 
TIME iteration: 301 ms
Round:85
IR: 0, 0, 0, 0, 0
45072 0 53 45091 0 52 45135 0 51 45148 0 60 45149 0 61 45152 0 76 45153 0 54 45170 0 66 45171 0 67 45175 0 76 45175 0 90 45175 0 91 45175 0 92 45177 0 68 45179 0 69 45179 0 79 45201 0 76 45203 0 79 45230 0 79 45233 0 76 45252 0 51 45259 0 52 45260 0 75 45264 0 53 45264 0 74 45265 0 79 45268 0 54 45288 0 76 45298 0 90 45298 0 91 45298 0 92 45368 0 53 45379 0 52 45419 0 54 45440 0 51 45497 0 
TIME iteration: 300 ms
Round:86
IR: 0, 0, 0, 0, 0
45583 0 54 45591 0 53 45613 0 51 45707 0 54 45710 0 66 45711 0 67 45713 0 52 45717 0 79 45732 0 53 45737 0 63 45740 0 62 45741 0 79 45741 0 90 45741 0 91 45741 0 92 45747 0 77 45749 0 74 45749 0 75 45768 0 51 45768 0 79 45771 0 77 45798 0 77 45802 0 79 45815 0 71 45816 0 70 45825 0 54 45833 0 77 45846 0 53 45864 0 90 45864 0 91 45864 0 92 45886 0 52 45943 0 53 45945 0 54 46027 0 52 46032 0 51 46064 0 53 46076 0 
TIME iteration: 299 ms
Round:87
IR: 0, 0, 0, 0, 0
46183 0 52 46205 0 53 46219 0 64 46220 0 65 46227 0 51 46228 0 78 46231 0 62 46231 0 63 46236 0 77 46245 0 54 46249 0 90 46249 0 91 46249 0 92 46252 0 78 46260 0 77 46267 0 70 46267 0 71 46279 0 78 46287 0 77 46305 0 72 46309 0 73 46314 0 78 46320 0 77 46340 0 53 46360 0 54 46378 0 51 46379 0 90 46379 0 91 46379 0 92 46386 0 77 46392 0 52 46498 0 54 46538 0 51 46544 0 53 46616 0 54 46638 0 
TIME iteration: 299 ms
Round:88
IR: 0, 0, 0, 0, 0
46649 0 51 46683 0 53 46725 0 61 46728 0 60 46735 0 76 46749 0 54 46755 0 67 46756 0 66 46756 0 90 46756 0 91 46756 0 92 46759 0 76 46764 0 51 46764 0 79 46786 0 76 46788 0 79 46802 0 53 46803 0 69 46808 0 68 46815 0 79 46818 0 74 46818 0 75 46821 0 76 46850 0 79 46864 0 52 46878 0 90 46878 0 91 46878 0 92 46957 0 51 46964 0 53 46968 0 54 47048 0 52 47116 0 53 47119 0 54 47135 0 
TIME iteration: 299 ms
Round:89
IR: 0, 0, 0, 0, 0
47233 0 53 47250 0 64 47250 0 65 47258 0 78 47280 0 90 47280 0 91 47280 0 92 47282 0 78 47286 0 54 47309 0 78 47316 0 52 47316 0 72 47316 0 73 47343 0 78 47369 0 51 47391 0 53 47449 0 54 47500 0 51 47525 0 53 47570 0 52 47574 0 64 47574 0 65 47577 0 78 47595 0 73 47596 0 72 47599 0 90 47599 0 91 47599 0 92 47600 0 78 47622 0 51 47626 0 78 47627 0 53 47658 0 78 47676 0 54 47689 0 
TIME iteration: 299 ms
Round:90
IR: 0, 0, 0, 0, 0
47712 0 78 47751 0 53 47774 0 51 47819 0 54 47844 0 52 47925 0 51 47934 0 54 47953 0 66 47954 0 67 47962 0 79 47968 0 60 47970 0 61 47977 0 76 47979 0 90 47979 0 91 47979 0 92 47983 0 52 47986 0 79 48001 0 76 48013 0 79 48023 0 75 48025 0 74 48028 0 76 48040 0 68 48043 0 69 48045 0 54 48048 0 79 48050 0 53 48062 0 76 48077 0 51 48091 0 52 48104 0 90 48104 0 91 48104 0 92 48211 0 51 48221 0 53 48224 0 
TIME iteration: 299 ms
Round:91
IR: 0, 0, 0, 0, 0
48232 0 52 48353 0 52 48372 0 51 48412 0 53 48436 0 54 48499 0 52 48504 0 62 48504 0 63 48512 0 77 48530 0 53 48534 0 90 48534 0 91 48534 0 92 48536 0 77 48563 0 77 48589 0 54 48593 0 71 48597 0 77 48599 0 70 48607 0 52 48646 0 53 48675 0 
TIME iteration: 299 ms
Round:92
IR: 0, 0, 0, 0, 0
48764 0 52 48787 0 54 48812 0 62 48813 0 53 48814 0 63 48816 0 77 48833 0 51 48836 0 70 48836 0 71 48838 0 90 48838 0 91 48838 0 92 48839 0 77 48865 0 77 48897 0 77 48911 0 52 48921 0 53 48951 0 77 48958 0 54 49034 0 52 49059 0 53 49060 0 54 49139 0 51 49159 0 52 49162 0 53 49168 0 62 49169 0 63 49173 0 64 49173 0 77 49174 0 65 49182 0 78 49185 0 70 49185 0 71 49187 0 54 49194 0 66 49194 0 90 49194 0 91 49194 0 92 49197 0 77 49206 0 78 49213 0 79 49223 0 77 49233 0 78 49246 0 51 49246 0 79 49252 0 70 49252 0 72 49253 0 71 49255 0 73 49256 0 77 49268 0 
TIME iteration: 300 ms
Round:93
IR: 0, 0, 0, 0, 0
49308 0 79 49313 0 90 49313 0 91 49313 0 92 49317 0 77 49341 0 54 49352 0 52 49367 0 53 49425 0 54 49441 0 51 49489 0 53 49523 0 54 49570 0 52 49600 0 51 49607 0 66 49619 0 67 49619 0 79 49642 0 90 49642 0 91 49642 0 92 49643 0 79 49650 0 54 49652 0 75 49653 0 74 49670 0 79 49696 0 53 49704 0 79 49766 0 52 49783 0 51 49807 0 
TIME iteration: 299 ms
Round:94
IR: 0, 0, 0, 0, 0
49895 0 53 49919 0 52 49953 0 51 49963 0 54 49995 0 66 49995 0 67 49999 0 79 50017 0 74 50017 0 75 50021 0 90 50021 0 91 50021 0 92 50023 0 79 50049 0 79 50061 0 52 50082 0 79 50100 0 53 50107 0 54 50121 0 51 50145 0 79 50179 0 52 50223 0 54 50238 0 53 50254 0 
TIME iteration: 299 ms
Round:95
IR: 0, 0, 0, 0, 0
50358 0 52 50387 0 51 50398 0 61 50399 0 60 50401 0 62 50402 0 63 50407 0 54 50407 0 76 50410 0 77 50417 0 66 50417 0 67 50423 0 79 50423 0 90 50423 0 91 50423 0 92 50431 0 76 50434 0 77 50438 0 74 50439 0 75 50447 0 79 50458 0 76 50461 0 77 50471 0 71 50474 0 70 50474 0 79 50477 0 53 50493 0 76 50494 0 68 50496 0 77 50502 0 69 50508 0 79 50523 0 51 50536 0 74 50538 0 90 50538 0 91 50538 0 92 50553 0 54 50561 0 52 50648 0 53 50668 0 51 50694 0 52 50770 0 54 50778 0 53 50793 0 52 50797 0 51 50842 0 63 50843 0 62 50847 0 77 50870 0 90 50870 0 91 50870 0 92 50871 0 77 50873 0 70 50874 0 
TIME iteration: 300 ms
Round:96
IR: 0, 0, 0, 0, 0
50897 0 77 50930 0 77 50937 0 51 50937 0 52 50937 0 54 50950 0 53 50991 0 77 51070 0 51 51074 0 54 51079 0 52 51086 0 53 51191 0 53 51208 0 64 51208 0 65 51213 0 51 51216 0 78 51224 0 52 51234 0 60 51234 0 62 51234 0 63 51234 0 90 51234 0 91 51234 0 92 51239 0 77 51240 0 78 51250 0 76 51256 0 70 51256 0 71 51263 0 77 51267 0 78 51281 0 76 51287 0 54 51290 0 77 51297 0 72 51300 0 53 51301 0 78 51308 0 73 51323 0 77 51332 0 76 51349 0 90 51349 0 91 51349 0 92 51356 0 51 51384 0 52 51389 0 
TIME iteration: 300 ms
Round:97
IR: 0, 0, 0, 0, 0
51426 0 54 51445 0 53 51469 0 51 51522 0 52 51546 0 54 51573 0 53 51652 0 51 51652 0 52 51689 0 54 51692 0 63 51694 0 62 51699 0 77 51711 0 66 51711 0 67 51718 0 70 51718 0 71 51720 0 79 51722 0 90 51722 0 91 51722 0 92 51723 0 77 51727 0 53 51744 0 79 51750 0 77 51771 0 79 51778 0 75 51784 0 77 51785 0 74 51795 0 51 51796 0 52 51806 0 79 51831 0 54 51841 0 53 51849 0 90 51849 0 91 51849 0 92 51859 0 77 51939 0 51 51939 0 
TIME iteration: 301 ms
Round:98
IR: 0, 0, 0, 0, 0
51946 0 52 51969 0 54 52076 0 52 52080 0 53 52110 0 54 52132 0 51 52230 0 53 52234 0 52 52240 0 65 52241 0 64 52248 0 78 52249 0 62 52249 0 63 52252 0 54 52255 0 77 52256 0 66 52257 0 67 52263 0 79 52270 0 90 52270 0 91 52270 0 92 52272 0 78 52279 0 77 52281 0 70 52283 0 71 52287 0 79 52293 0 75 52295 0 74 52299 0 78 52303 0 72 52304 0 73 52306 0 77 52314 0 79 52333 0 78 52340 0 77 52348 0 79 52364 0 51 52368 0 52 52386 0 90 52386 0 91 52386 0 92 52413 0 53 52416 0 77 52464 0 
TIME iteration: 300 ms
Round:99
IR: 0, 0, 0, 0, 0
52473 0 51 52475 0 52 52565 0 53 52600 0 54 52621 0 52 52622 0 51 52667 0 53 52710 0 65 52711 0 64 52715 0 78 52736 0 52 52739 0 78 52739 0 90 52739 0 91 52739 0 92 52743 0 72 52743 0 73 52765 0 78 52771 0 51 52778 0 53 52798 0 78 52818 0 54 52837 0 52 52859 0 78 52883 0 51 52938 0 53 52971 0 
TIME iteration: 300 ms
Round:100
IR: 0, 0, 0, 0, 0
53013 0 54 53057 0 51 53096 0 53 53108 0 60 53109 0 61 53114 0 64 53115 0 65 53117 0 76 53119 0 78 53135 0 90 53135 0 91 53135 0 92 53136 0 72 53137 0 73 53141 0 76 53143 0 78 53158 0 52 53168 0 76 53169 0 78 53196 0 68 53196 0 69 53202 0 78 53203 0 76 53225 0 53 53263 0 78 53265 0 90 53265 0 91 53265 0 92 53267 0 54 53285 0 51 53289 0 52 53330 0 53 53386 0 54 53452 0 52 53486 0 
TIME iteration: 300 ms
Round:101
IR: 0, 0, 0, 0, 0
53573 0 54 53575 0 53 53692 0 52 53714 0 54 53719 0 66 53719 0 67 53728 0 79 53749 0 63 53750 0 90 53750 0 91 53750 0 92 53752 0 79 53767 0 77 53772 0 51 53779 0 79 53792 0 74 53795 0 75 53799 0 77 53803 0 53 53814 0 79 53847 0 54 53852 0 52 53854 0 77 53884 0 51 53893 0 90 53893 0 91 53893 0 92 53942 0 52 53950 0 53 54044 0 
TIME iteration: 309 ms
Round:102
IR: 0, 0, 0, 0, 0
54060 0 51 54096 0 53 54141 0 52 54192 0 51 54219 0 54 54268 0 61 54269 0 60 54276 0 76 54277 0 53 54283 0 52 54299 0 90 54299 0 91 54299 0 92 54300 0 76 54327 0 76 54335 0 69 54341 0 68 54347 0 51 54361 0 76 54428 0 52 54445 0 54 54461 0 53 54472 0 51 54578 0 
TIME iteration: 300 ms
Round:103
IR: 0, 0, 0, 0, 0
54605 0 51 54607 0 52 54614 0 60 54614 0 61 54617 0 76 54638 0 69 54639 0 68 54639 0 90 54639 0 91 54639 0 92 54640 0 76 54666 0 76 54681 0 53 54697 0 51 54698 0 76 54752 0 76 54785 0 52 54825 0 53 54877 0 51 54922 0 54 54944 0 52 54976 0 53 55013 0 64 55014 0 65 55022 0 78 55028 0 51 55037 0 60 55037 0 61 55040 0 90 55040 0 91 55040 0 92 55042 0 76 55046 0 78 55056 0 54 55059 0 69 55060 0 68 55066 0 76 55073 0 78 55093 0 76 55094 0 52 55101 0 73 55104 0 72 55108 0 
TIME iteration: 300 ms
Round:104
IR: 0, 0, 0, 0, 0
55126 0 76 55150 0 53 55163 0 51 55163 0 90 55163 0 91 55163 0 92 55192 0 76 55201 0 52 55217 0 54 55298 0 51 55327 0 54 55378 0 52 55421 0 53 55425 0 54 55459 0 66 55459 0 67 55468 0 79 55481 0 51 55487 0 90 55487 0 91 55487 0 92 55492 0 79 55519 0 79 55539 0 54 55541 0 74 55543 0 75 55554 0 79 55604 0 53 55615 0 52 55636 0 
TIME iteration: 299 ms
Round:105
IR: 0, 0, 0, 0, 0
55657 0 54 55766 0 52 55778 0 51 55835 0 54 55841 0 66 55841 0 67 55845 0 79 55847 0 53 55863 0 52 55864 0 60 55864 0 61 55867 0 90 55867 0 91 55867 0 92 55868 0 75 55868 0 79 55869 0 74 55872 0 76 55894 0 79 55896 0 76 55913 0 68 55913 0 69 55923 0 76 55926 0 79 55957 0 76 55973 0 53 55983 0 79 55989 0 90 55989 0 91 55989 0 92 55990 0 52 56049 0 51 56064 0 54 56112 0 53 56140 0 
TIME iteration: 299 ms
Round:106
IR: 0, 0, 0, 0, 0
56208 0 51 56267 0 54 56275 0 53 56288 0 52 56370 0 63 56377 0 62 56382 0 77 56403 0 90 56403 0 91 56403 0 92 56406 0 77 56413 0 52 56433 0 77 56452 0 54 56461 0 53 56465 0 70 56467 0 77 56470 0 71 56477 0 51 56576 0 53 56584 0 52 56605 0 54 56667 0 
TIME iteration: 299 ms
Round:107
IR: 0, 0, 0, 0, 0
56727 0 52 56739 0 62 56739 0 63 56742 0 77 56763 0 51 56765 0 77 56765 0 90 56765 0 91 56765 0 92 56767 0 70 56768 0 71 56778 0 53 56791 0 77 56801 0 54 56823 0 77 56871 0 52 56877 0 77 56900 0 53 56902 0 51 56919 0 54 57003 0 52 57049 0 51 57078 0 62 57085 0 63 57086 0 77 57098 0 71 57099 0 70 57107 0 90 57107 0 91 57107 0 92 57110 0 77 57118 0 52 57136 0 77 57169 0 71 57169 0 77 57171 0 70 57205 0 53 57230 0 
TIME iteration: 300 ms
Round:108
IR: 0, 0, 0, 0, 0
57246 0 51 57274 0 54 57289 0 52 57350 0 51 57378 0 53 57444 0 54 57523 0 53 57538 0 64 57538 0 65 57542 0 52 57546 0 78 57557 0 62 57558 0 63 57562 0 54 57563 0 77 57565 0 90 57565 0 91 57565 0 92 57570 0 78 57587 0 77 57593 0 70 57593 0 71 57597 0 78 57614 0 77 57618 0 51 57629 0 73 57631 0 78 57633 0 72 57647 0 77 57689 0 90 57689 0 91 57689 0 92 57691 0 52 57693 0 54 57714 0 77 57715 0 
TIME iteration: 300 ms
Round:109
IR: 0, 0, 0, 0, 0
57770 0 51 57865 0 53 57891 0 54 57913 0 52 57947 0 51 58007 0 54 58051 0 53 58062 0 67 58063 0 66 58072 0 79 58075 0 52 58092 0 90 58092 0 91 58092 0 92 58096 0 79 58123 0 79 58153 0 75 58158 0 51 58158 0 74 58158 0 79 58162 0 54 58180 0 53 58195 0 52 58282 0 
TIME iteration: 299 ms
Round:110
IR: 0, 0, 0, 0, 0
58324 0 51 58343 0 52 58367 0 54 58388 0 53 58401 0 64 58401 0 65 58408 0 78 58426 0 90 58426 0 91 58426 0 92 58432 0 78 58459 0 72 58459 0 73 58459 0 78 58461 0 54 58480 0 51 58493 0 78 58508 0 52 58520 0 53 58577 0 54 58636 0 51 58666 0 52 58732 0 54 58761 0 53 58771 0 66 58772 0 67 58779 0 79 58797 0 90 58797 0 91 58797 0 92 58803 0 79 58807 0 52 58820 0 75 58821 0 
TIME iteration: 299 ms
Round:111
IR: 0, 0, 0, 0, 0
58830 0 79 58846 0 51 58865 0 79 58868 0 54 58908 0 52 58926 0 53 59037 0 51 59050 0 52 59060 0 53 59081 0 54 59174 0 51 59198 0 52 59200 0 63 59201 0 62 59202 0 60 59202 0 61 59209 0 77 59210 0 76 59221 0 54 59225 0 90 59225 0 91 59225 0 92 59233 0 77 59234 0 76 59245 0 53 59260 0 77 59261 0 76 59281 0 71 59286 0 70 59289 0 51 59295 0 76 59295 0 77 59300 0 68 59301 0 69 59323 0 52 59341 0 54 59355 0 90 59355 0 91 59355 0 
TIME iteration: 299 ms
Round:112
IR: 0, 0, 0, 0, 0
59386 0 51 59429 0 52 59454 0 53 59535 0 54 59552 0 51 59589 0 52 59601 0 53 59679 0 54 59698 0 51 59730 0 60 59730 0 61 59736 0 76 59743 0 53 59753 0 52 59758 0 67 59759 0 64 59759 0 65 59760 0 76 59760 0 90 59760 0 91 59760 0 92 59767 0 78 59769 0 68 59769 0 69 59776 0 79 59787 0 76 59791 0 78 59808 0 79 59818 0 78 59821 0 76 59833 0 51 59833 0 73 59835 0 72 59846 0 54 59852 0 53 59852 0 78 59866 0 79 59876 0 90 59876 0 91 59876 0 
TIME iteration: 299 ms
Round:113
IR: 0, 0, 0, 0, 0
59897 0 76 59943 0 52 59972 0 51 59980 0 54 60041 0 53 60077 0 52 60129 0 51 60145 0 54 60235 0 52 60237 0 53 60263 0 63 60264 0 51 60265 0 62 60272 0 77 60276 0 60 60276 0 61 60282 0 76 60293 0 90 60293 0 91 60293 0 92 60296 0 77 60304 0 54 60306 0 76 60310 0 69 60311 0 68 60323 0 77 60328 0 71 60331 0 70 60333 0 76 60357 0 77 60359 0 53 60367 0 
TIME iteration: 299 ms
Round:114
IR: 0, 0, 0, 0, 0
60422 0 90 60422 0 91 60422 0 92 60440 0 52 60443 0 76 60448 0 51 60466 0 53 60476 0 54 60563 0 53 60586 0 52 60653 0 54 60672 0 53 60684 0 51 60697 0 52 60711 0 65 60712 0 64 60719 0 78 60740 0 90 60740 0 91 60740 0 92 60743 0 78 60770 0 78 60771 0 72 60772 0 73 60804 0 78 60817 0 51 60843 0 53 60883 0 52 60916 0 51 60949 0 
TIME iteration: 299 ms
Round:115
IR: 0, 0, 0, 0, 0
61036 0 53 61041 0 52 61046 0 51 61065 0 60 61065 0 61 61072 0 76 61090 0 90 61090 0 91 61090 0 92 61096 0 76 61112 0 54 61113 0 68 61114 0 69 61123 0 76 61157 0 76 61263 0 52 61264 0 53 61283 0 54 61301 0 51 61384 0 52 61389 0 53 61476 0 
TIME iteration: 299 ms
Round:116
IR: 0, 0, 0, 0, 0
61484 0 54 61508 0 52 61509 0 62 61510 0 63 61511 0 61 61512 0 60 61516 0 53 61516 0 76 61518 0 64 61518 0 65 61518 0 77 61525 0 78 61533 0 67 61534 0 90 61534 0 91 61534 0 92 61540 0 69 61540 0 76 61541 0 68 61542 0 77 61549 0 78 61553 0 79 61566 0 76 61569 0 77 61570 0 72 61570 0 73 61576 0 78 61580 0 71 61581 0 70 61586 0 79 61599 0 76 61604 0 77 61610 0 78 61621 0 54 61642 0 51 61647 0 90 61647 0 91 61647 0 92 61654 0 79 61660 0 76 61689 0 52 61774 0 53 61793 0 52 61825 0 51 61877 0 54 61918 0 52 61957 0 53 61958 0 63 61960 0 62 61964 0 77 61987 0 90 61987 0 91 61987 0 92 61988 0 77 61991 0 70 61991 0 
TIME iteration: 300 ms
Round:117
IR: 0, 0, 0, 0, 0
62010 0 54 62015 0 77 62034 0 52 62048 0 77 62062 0 51 62114 0 77 62150 0 53 62153 0 54 62171 0 52 62278 0 52 62292 0 62 62292 0 63 62296 0 77 62309 0 70 62309 0 71 62316 0 53 62317 0 90 62317 0 91 62317 0 92 62319 0 77 62343 0 51 62345 0 77 62358 0 52 62369 0 54 62377 0 77 62380 0 71 62382 0 70 62433 0 77 62467 0 51 62476 0 52 62503 0 53 62519 0 62 62519 0 63 62522 0 77 62536 0 70 62537 0 
TIME iteration: 299 ms
Round:118
IR: 0, 0, 0, 0, 0
62542 0 90 62542 0 91 62542 0 92 62545 0 77 62571 0 77 62572 0 51 62603 0 77 62607 0 71 62610 0 70 62620 0 52 62622 0 53 62656 0 77 62658 0 54 62674 0 51 62774 0 53 62785 0 52 62813 0 63 62814 0 62 62816 0 51 62817 0 77 62835 0 70 62835 0 71 62837 0 90 62837 0 91 62837 0 92 62840 0 77 62866 0 77 62898 0 77 62921 0 54 62932 0 53 62940 0 52 62953 0 77 62980 0 51 63055 0 52 63059 0 
TIME iteration: 312 ms
Round:119
IR: 0, 0, 0, 0, 0
63090 0 53 63098 0 51 63177 0 54 63196 0 66 63196 0 67 63203 0 52 63205 0 62 63205 0 79 63206 0 63 63210 0 77 63222 0 90 63222 0 91 63222 0 92 63225 0 70 63225 0 71 63229 0 79 63233 0 51 63234 0 77 63256 0 79 63260 0 77 63281 0 74 63281 0 75 63291 0 54 63291 0 79 63293 0 77 63297 0 53 63303 0 70 63309 0 71 63350 0 90 63350 0 91 63350 0 92 63354 0 77 63360 0 52 63402 0 51 63436 0 53 63453 0 54 63508 0 51 63548 0 53 63570 0 52 63598 0 
TIME iteration: 305 ms
Round:120
IR: 0, 0, 0, 0, 0
63606 0 51 63643 0 61 63644 0 60 63652 0 53 63652 0 76 63669 0 64 63669 0 65 63672 0 90 63672 0 91 63672 0 92 63676 0 76 63677 0 78 63701 0 78 63703 0 76 63706 0 52 63728 0 78 63735 0 68 63736 0 69 63738 0 76 63754 0 51 63757 0 54 63758 0 73 63762 0 72 63762 0 78 63783 0 53 63795 0 90 63795 0 91 63795 0 92 63830 0 52 63854 0 54 63983 0 51 63989 0 53 63990 0 54 64014 0 
TIME iteration: 305 ms
Round:121
IR: 0, 0, 0, 0, 0
64131 0 53 64159 0 51 64171 0 54 64184 0 65 64185 0 64 64190 0 78 64199 0 67 64200 0 66 64208 0 79 64214 0 78 64214 0 90 64214 0 91 64214 0 92 64223 0 72 64223 0 73 64232 0 79 64241 0 78 64259 0 79 64261 0 53 64262 0 75 64263 0 74 64271 0 52 64274 0 78 64283 0 54 64292 0 51 64294 0 79 64341 0 78 64342 0 90 64342 0 91 64342 0 92 64405 0 54 64436 0 51 64439 0 52 64452 0 53 64496 0 54 64590 0 53 64599 0 51 64652 0 
TIME iteration: 304 ms
Round:122
IR: 0, 0, 0, 0, 0
64680 0 54 64690 0 51 64703 0 61 64704 0 60 64710 0 67 64711 0 66 64711 0 76 64716 0 79 64732 0 90 64732 0 91 64732 0 92 64735 0 76 64740 0 79 64741 0 53 64745 0 74 64745 0 75 64762 0 76 64767 0 79 64769 0 69 64770 0 68 64773 0 52 64796 0 76 64801 0 79 64810 0 51 64816 0 54 64864 0 90 64864 0 91 64864 0 92 64919 0 52 64953 0 53 64978 0 54 64992 0 51 65037 0 52 65111 0 51 65137 0 54 65173 0 53 65184 0 
TIME iteration: 306 ms
Round:123
IR: 0, 0, 0, 0, 0
65217 0 62 65217 0 63 65225 0 77 65239 0 51 65245 0 60 65245 0 61 65247 0 90 65247 0 91 65247 0 92 65249 0 77 65251 0 76 65275 0 76 65276 0 77 65282 0 68 65282 0 69 65302 0 76 65305 0 71 65306 0 70 65310 0 77 65318 0 52 65334 0 53 65336 0 76 65343 0 54 65365 0 51 65370 0 90 65370 0 91 65370 0 92 65412 0 76 65465 0 53 65514 0 54 65518 0 52 65552 0 51 65599 0 53 65627 0 54 65638 0 52 65692 0 
TIME iteration: 305 ms
Round:124
IR: 0, 0, 0, 0, 0
65746 0 54 65750 0 66 65750 0 67 65754 0 61 65757 0 60 65758 0 79 65762 0 76 65778 0 90 65778 0 91 65778 0 92 65782 0 79 65784 0 53 65786 0 76 65787 0 52 65787 0 68 65787 0 69 65809 0 79 65810 0 75 65813 0 76 65816 0 74 65827 0 51 65843 0 79 65847 0 76 65910 0 90 65910 0 91 65910 0 92 65920 0 54 65928 0 76 65941 0 52 65996 0 53 66035 0 51 66078 0 54 66121 0 52 66173 0 53 66235 0 
TIME iteration: 305 ms
Round:125
IR: 0, 0, 0, 0, 0
66251 0 54 66275 0 63 66277 0 62 66284 0 77 66285 0 51 66306 0 90 66306 0 91 66306 0 92 66308 0 77 66326 0 53 66335 0 77 66341 0 70 66341 0 71 66367 0 52 66369 0 77 66463 0 54 66464 0 51 66476 0 53 66498 0 52 66620 0 52 66624 0 62 66624 0 63 66627 0 77 66648 0 70 66648 0 71 66649 0 90 66649 0 91 66649 0 92 66650 0 77 66656 0 53 66676 0 77 66679 0 54 66694 0 51 66708 0 77 66742 0 52 66762 0 
TIME iteration: 304 ms
Round:126
IR: 0, 0, 0, 0, 0
66806 0 51 66832 0 53 66853 0 54 66861 0 52 66947 0 51 66986 0 60 66986 0 61 66994 0 76 67011 0 90 67011 0 91 67011 0 92 67018 0 76 67021 0 53 67045 0 76 67055 0 68 67059 0 69 67078 0 54 67079 0 76 67088 0 52 67122 0 51 67206 0 53 67223 0 54 67289 0 
TIME iteration: 303 ms
Round:127
IR: 0, 0, 0, 0, 0
67326 0 52 67330 0 54 67335 0 61 67340 0 60 67341 0 76 67353 0 66 67353 0 67 67362 0 69 67362 0 79 67363 0 68 67363 0 90 67363 0 91 67363 0 92 67364 0 76 67386 0 79 67390 0 76 67413 0 79 67421 0 53 67422 0 76 67429 0 74 67435 0 75 67448 0 79 67466 0 54 67477 0 76 67482 0 52 67488 0 90 67488 0 91 67488 0 92 67505 0 51 67562 0 53 67577 0 52 67602 0 54 67673 0 51 67681 0 52 67739 0 54 67779 0 53 67816 0 52 67828 0 62 67828 0 63 67834 0 51 67836 0 
TIME iteration: 304 ms
Round:128
IR: 0, 0, 0, 0, 0
67857 0 90 67857 0 91 67857 0 92 67860 0 77 67887 0 77 67894 0 70 67895 0 71 67921 0 77 67928 0 53 67943 0 54 67972 0 51 68083 0 53 68086 0 54 68098 0 52 68210 0 53 68215 0 54 68220 0 51 68229 0 64 68230 0 65 68231 0 66 68232 0 67 68238 0 78 68240 0 79 68248 0 52 68254 0 90 68254 0 91 68254 0 92 68262 0 78 68264 0 79 68289 0 74 68289 0 75 68289 0 78 68291 0 79 68321 0 72 68324 0 78 68326 0 79 68328 0 73 68335 0 53 68359 0 
TIME iteration: 304 ms
Round:129
IR: 0, 0, 0, 0, 0
68384 0 90 68384 0 91 68384 0 92 68401 0 51 68466 0 52 68502 0 54 68546 0 53 68589 0 52 68621 0 51 68637 0 54 68686 0 53 68741 0 52 68765 0 62 68765 0 63 68769 0 54 68773 0 77 68774 0 66 68775 0 67 68781 0 79 68795 0 90 68795 0 91 68795 0 92 68797 0 77 68803 0 51 68805 0 79 68810 0 75 68811 0 74 68812 0 53 68824 0 71 68824 0 77 68826 0 70 68832 0 79 68858 0 77 68866 0 79 68869 0 
TIME iteration: 304 ms
Round:130
IR: 0, 0, 0, 0, 0
68927 0 90 68927 0 91 68927 0 92 68938 0 54 68973 0 53 68977 0 52 68998 0 51 69095 0 52 69105 0 54 69140 0 53 69217 0 52 69239 0 51 69246 0 62 69246 0 63 69251 0 77 69275 0 77 69275 0 90 69275 0 91 69275 0 92 69278 0 54 69278 0 70 69278 0 71 69302 0 77 69331 0 53 69335 0 77 69354 0 51 69363 0 52 69401 0 54 69401 0 
TIME iteration: 303 ms
Round:131
IR: 0, 0, 0, 0, 0
69446 0 53 69454 0 51 69501 0 52 69522 0 54 69587 0 53 69618 0 64 69618 0 65 69621 0 66 69621 0 67 69626 0 78 69629 0 79 69637 0 51 69643 0 90 69643 0 91 69643 0 92 69650 0 78 69653 0 79 69671 0 54 69674 0 74 69675 0 75 69677 0 78 69680 0 79 69694 0 72 69698 0 73 69711 0 78 69715 0 79 69731 0 52 69768 0 54 69773 0 90 69773 0 91 69773 0 92 69856 0 51 69885 0 52 69895 0 
TIME iteration: 304 ms
Round:132
IR: 0, 0, 0, 0, 0
69965 0 53 69997 0 51 70016 0 52 70076 0 54 70133 0 51 70137 0 53 70154 0 60 70154 0 61 70162 0 76 70184 0 90 70184 0 91 70184 0 92 70186 0 76 70213 0 76 70245 0 69 70247 0 76 70253 0 68 70282 0 54 70338 0 53 70365 0 51 70406 0 54 70421 0 52 70479 0 
TIME iteration: 304 ms
Round:133
IR: 0, 0, 0, 0, 0
70540 0 51 70557 0 52 70565 0 60 70565 0 61 70569 0 76 70580 0 53 70583 0 65 70584 0 64 70591 0 78 70592 0 54 70592 0 76 70592 0 90 70592 0 91 70592 0 92 70596 0 68 70596 0 69 70615 0 78 70618 0 76 70642 0 78 70645 0 73 70646 0 72 70650 0 76 70676 0 78 70680 0 52 70706 0 76 70717 0 90 70717 0 91 70717 0 92 70728 0 51 70796 0 53 70801 0 54 70818 0 51 70910 0 52 70912 0 51 70918 0 53 70977 0 54 71012 0 51 71016 0 61 71017 0 
TIME iteration: 304 ms
Round:134
IR: 0, 0, 0, 0, 0
71022 0 76 71042 0 69 71043 0 68 71045 0 90 71045 0 91 71045 0 92 71046 0 76 71071 0 52 71073 0 76 71084 0 53 71106 0 76 71108 0 54 71126 0 51 71173 0 76 71201 0 53 71242 0 52 71248 0 54 71276 0 51 71330 0 53 71362 0 54 71370 0 64 71371 0 65 71378 0 78 71383 0 66 71384 0 67 71392 0 79 71396 0 90 71396 0 91 71396 0 92 71402 0 78 71416 0 79 71422 0 72 71423 0 73 71429 0 78 71431 0 51 71433 0 52 71443 0 79 71463 0 78 71465 0 74 71469 0 75 71470 0 53 71478 0 79 71503 0 54 71522 0 90 71522 0 91 71522 0 
TIME iteration: 304 ms
Round:135
IR: 0, 0, 0, 0, 0
71595 0 52 71666 0 51 71671 0 53 71692 0 54 71751 0 52 71810 0 54 71812 0 51 71826 0 52 71849 0 63 71850 0 62 71858 0 77 71879 0 67 71879 0 90 71879 0 91 71879 0 92 71882 0 77 71891 0 79 71909 0 77 71922 0 79 71923 0 53 71937 0 54 71944 0 71 71944 0 77 71947 0 70 71969 0 79 72020 0 90 72020 0 91 72020 0 92 72033 0 51 72040 0 
TIME iteration: 311 ms
Round:136
IR: 0, 0, 0, 0, 0
72111 0 53 72125 0 54 72150 0 52 72165 0 51 72261 0 53 72280 0 52 72342 0 63 72344 0 62 72348 0 77 72364 0 54 72372 0 77 72372 0 90 72372 0 91 72372 0 92 72380 0 70 72381 0 71 72382 0 52 72399 0 77 72432 0 77 72442 0 53 72458 0 51 72495 0 52 72498 0 77 72511 0 54 72571 0 
TIME iteration: 303 ms
Round:137
IR: 0, 0, 0, 0, 0
72635 0 51 72639 0 54 72663 0 52 72702 0 62 72702 0 63 72707 0 77 72718 0 53 72722 0 70 72723 0 71 72728 0 90 72728 0 91 72728 0 92 72731 0 77 72758 0 77 72767 0 54 72791 0 77 72797 0 51 72813 0 70 72813 0 71 72837 0 52 72856 0 77 72865 0 53 72961 0 54 72971 0 52 72984 0 62 72984 0 63 72987 0 53 72987 0 77 72993 0 51 73005 0 71 73006 0 70 73008 0 90 73008 0 91 73008 0 92 73010 0 77 73036 0 77 73068 0 77 73092 0 71 73105 0 70 73114 0 54 73122 0 52 73122 0 
TIME iteration: 304 ms
Round:138
IR: 0, 0, 0, 0, 0
73209 0 53 73210 0 51 73279 0 52 73283 0 54 73289 0 62 73289 0 63 73293 0 77 73313 0 70 73313 0 71 73313 0 90 73313 0 91 73313 0 92 73316 0 77 73324 0 51 73342 0 77 73353 0 53 73374 0 77 73430 0 77 73440 0 54 73478 0 51 73497 0 52 73577 0 53 73609 0 51 73640 0 54 73662 0 60 73663 0 
TIME iteration: 304 ms
Round:139
IR: 0, 0, 0, 0, 0
73671 0 76 73688 0 90 73688 0 91 73688 0 92 73695 0 76 73722 0 52 73722 0 76 73757 0 76 73759 0 68 73761 0 69 73786 0 53 73790 0 54 73816 0 51 73919 0 53 73951 0 54 74019 0 52 74023 0 51 74038 0 53 74052 0 64 74052 0 65 74059 0 61 74060 0 60 74060 0 78 74064 0 76 74078 0 90 74078 0 91 74078 0 92 74084 0 78 74088 0 76 74089 0 69 74091 0 68 74111 0 78 74114 0 76 74142 0 72 74143 0 73 74145 0 78 74147 0 76 74171 0 54 74183 0 53 74191 0 
TIME iteration: 304 ms
Round:140
IR: 0, 0, 0, 0, 0
74207 0 90 74207 0 91 74207 0 92 74208 0 76 74282 0 52 74328 0 54 74358 0 53 74439 0 52 74478 0 51 74485 0 53 74516 0 54 74557 0 52 74577 0 65 74580 0 63 74581 0 62 74581 0 64 74585 0 78 74589 0 77 74605 0 90 74605 0 91 74605 0 92 74609 0 78 74613 0 77 74614 0 51 74618 0 72 74618 0 73 74636 0 78 74640 0 77 74647 0 70 74650 0 71 74670 0 78 74671 0 53 74675 0 77 74678 0 54 74695 0 
TIME iteration: 303 ms
Round:141
IR: 0, 0, 0, 0, 0
74737 0 90 74737 0 91 74737 0 92 74745 0 78 74789 0 51 74824 0 53 74838 0 52 74876 0 54 74895 0 51 74955 0 53 74995 0 51 75024 0 54 75031 0 61 75033 0 60 75040 0 76 75061 0 90 75061 0 91 75061 0 92 75064 0 76 75074 0 52 75090 0 68 75091 0 76 75092 0 69 75123 0 51 75125 0 76 75151 0 53 75194 0 52 75236 0 54 75254 0 
TIME iteration: 303 ms
Round:142
IR: 0, 0, 0, 0, 0
75311 0 53 75417 0 51 75424 0 60 75424 0 61 75428 0 76 75438 0 54 75450 0 68 75450 0 69 75450 0 90 75450 0 91 75450 0 92 75451 0 76 75467 0 52 75477 0 76 75509 0 76 75556 0 54 75564 0 51 75565 0 76 75595 0 52 75659 0 53 75685 0 54 75719 0 51 75728 0 52 75788 0 
TIME iteration: 303 ms
Round:143
IR: 0, 0, 0, 0, 0
75790 0 62 75795 0 60 75797 0 77 75802 0 61 75803 0 76 75815 0 90 75815 0 91 75815 0 92 75818 0 68 75818 0 69 75821 0 77 75822 0 53 75827 0 76 75848 0 77 75853 0 76 75858 0 71 75859 0 70 75867 0 54 75870 0 51 75882 0 77 75886 0 76 75898 0 69 75903 0 68 75943 0 90 75943 0 91 75943 0 92 75947 0 76 75991 0 51 75994 0 54 76011 0 53 76043 0 52 76088 0 51 76115 0 54 76194 0 52 76196 0 51 76222 0 53 76224 0 60 76225 0 61 76226 0 54 76230 0 76 76253 0 90 76253 0 91 76253 0 92 76254 0 76 76256 0 69 76257 0 68 76281 0 76 76314 0 
TIME iteration: 304 ms
Round:144
IR: 0, 0, 0, 0, 0
76370 0 53 76379 0 52 76381 0 76 76398 0 54 76411 0 51 76479 0 52 76508 0 53 76589 0 54 76602 0 52 76609 0 62 76609 0 63 76616 0 77 76629 0 51 76635 0 90 76635 0 91 76635 0 92 76640 0 77 76662 0 70 76665 0 71 76667 0 77 76674 0 53 76701 0 77 76740 0 54 76769 0 51 76769 0 
TIME iteration: 304 ms
Round:145
IR: 0, 0, 0, 0, 0
76872 0 52 76883 0 51 76895 0 53 76911 0 62 76911 0 63 76913 0 77 76931 0 70 76931 0 71 76935 0 90 76935 0 91 76935 0 92 76936 0 77 76962 0 52 76962 0 77 76967 0 54 76993 0 77 77012 0 70 77018 0 71 77044 0 77 77095 0 51 77125 0 54 77143 0 52 77167 0 53 77189 0 62 77190 0 63 77193 0 77 77211 0 71 77212 0 70 77213 0 90 77213 0 91 77213 0 92 77216 0 77 77242 0 77 77251 0 51 77274 0 77 77309 0 54 77329 0 77 77332 0 52 77344 0 
TIME iteration: 308 ms
Round:146
IR: 0, 0, 0, 0, 0
77502 0 53 77509 0 51 77513 0 52 77617 0 54 77638 0 53 77644 0 64 77645 0 65 77653 0 78 77660 0 52 77662 0 63 77663 0 62 77668 0 77 77672 0 90 77672 0 91 77672 0 92 77677 0 78 77687 0 71 77688 0 70 77692 0 77 77697 0 51 77704 0 78 77719 0 77 77739 0 78 77744 0 72 77745 0 73 77752 0 77 77797 0 90 77797 0 91 77797 0 92 77805 0 54 77819 0 77 77821 0 53 77867 0 51 77903 0 
TIME iteration: 307 ms
Round:147
IR: 0, 0, 0, 0, 0
77936 0 54 77938 0 53 78005 0 51 78043 0 52 78095 0 54 78106 0 53 78160 0 64 78160 0 65 78165 0 78 78189 0 78 78190 0 90 78190 0 91 78190 0 92 78198 0 72 78198 0 73 78216 0 78 78222 0 51 78236 0 54 78249 0 53 78249 0 78 78258 0 52 78315 0 78 78346 0 53 78354 0 51 78397 0 52 78439 0 
TIME iteration: 306 ms
Round:148
IR: 0, 0, 0, 0, 0
78510 0 53 78514 0 51 78525 0 65 78526 0 64 78530 0 78 78547 0 72 78547 0 73 78551 0 90 78551 0 91 78551 0 92 78554 0 78 78580 0 78 78613 0 78 78625 0 54 78643 0 52 78674 0 78 78724 0 51 78727 0 53 78751 0 54 78861 0 51 78868 0 53 78878 0 52 78889 0 54 78911 0 66 78911 0 67 78917 0 64 78919 0 65 78920 0 79 78923 0 78 78937 0 72 78937 0 73 78937 0 90 78937 0 91 78937 0 92 78944 0 79 78947 0 
TIME iteration: 307 ms
Round:149
IR: 0, 0, 0, 0, 0
78971 0 79 78974 0 78 78982 0 51 78990 0 52 79005 0 75 79006 0 79 79007 0 78 79009 0 74 79013 0 72 79014 0 53 79019 0 73 79041 0 54 79066 0 90 79066 0 91 79066 0 92 79072 0 78 79098 0 52 79107 0 53 79198 0 51 79256 0 54 79269 0 53 79278 0 52 79362 0 54 79373 0 51 79427 0 66 79429 0 67 79433 0 53 79434 0 79 79458 0 79 79458 0 90 79458 0 91 79458 0 92 79466 0 74 79466 0 75 79485 0 
TIME iteration: 307 ms
Round:150
IR: 0, 0, 0, 0, 0
79519 0 79 79535 0 52 79547 0 53 79573 0 54 79600 0 51 79647 0 52 79652 0 53 79779 0 52 79780 0 54 79802 0 62 79802 0 63 79810 0 77 79828 0 90 79828 0 91 79828 0 92 79834 0 77 79861 0 77 79884 0 51 79890 0 53 79894 0 70 79894 0 71 79895 0 77 79941 0 54 79950 0 52 79987 0 
TIME iteration: 306 ms
Round:151
IR: 0, 0, 0, 0, 0
80066 0 53 80082 0 54 80119 0 52 80150 0 62 80150 0 63 80153 0 77 80175 0 90 80175 0 91 80175 0 92 80176 0 71 80176 0 77 80177 0 70 80202 0 77 80222 0 51 80234 0 77 80240 0 52 80243 0 54 80274 0 53 80288 0 77 80339 0 51 80368 0 52 80422 0 54 80466 0 53 80479 0 52 80488 0 62 80488 0 63 80492 0 77 80504 0 71 80505 0 70 80511 0 51 80513 0 90 80513 0 91 80513 0 92 80515 0 77 80541 0 
TIME iteration: 307 ms
Round:152
IR: 0, 0, 0, 0, 0
80570 0 71 80573 0 77 80575 0 70 80603 0 54 80629 0 77 80635 0 51 80640 0 53 80650 0 52 80724 0 54 80759 0 51 80783 0 52 80796 0 63 80797 0 62 80798 0 53 80800 0 77 80819 0 71 80820 0 70 80821 0 90 80821 0 91 80821 0 92 80823 0 77 80849 0 77 80871 0 54 80873 0 51 80881 0 77 80936 0 77 80950 0 52 80978 0 51 81021 0 53 81028 0 54 81072 0 
TIME iteration: 301 ms
Round:153
IR: 0, 0, 0, 0, 0
81134 0 62 81138 0 63 81140 0 77 81152 0 70 81152 0 71 81161 0 90 81161 0 91 81161 0 92 81163 0 77 81171 0 54 81179 0 53 81189 0 77 81196 0 51 81219 0 71 81221 0 77 81223 0 70 81250 0 54 81271 0 52 81277 0 77 81336 0 51 81361 0 53 81386 0 54 81426 0 52 81451 0 62 81451 0 63 81455 0 77 81474 0 70 81475 0 71 81475 0 90 81475 0 91 81475 0 92 81478 0 51 81478 0 77 81504 0 77 81511 0 53 81536 0 77 81568 0 52 81592 0 77 81608 0 54 81609 0 
TIME iteration: 301 ms
Round:154
IR: 0, 0, 0, 0, 0
81638 0 53 81735 0 52 81759 0 51 81775 0 53 81777 0 54 81816 0 65 81817 0 64 81825 0 78 81842 0 90 81842 0 91 81842 0 92 81849 0 78 81876 0 78 81881 0 53 81901 0 52 81906 0 51 81907 0 72 81909 0 73 81911 0 78 81942 0 54 82007 0 52 82007 0 53 82094 0 54 82104 0 53 82107 0 64 82107 0 65 82109 0 78 82128 0 72 82128 0 73 82131 0 90 82131 0 91 82131 0 92 82132 0 78 82133 0 
TIME iteration: 300 ms
Round:155
IR: 0, 0, 0, 0, 0
82156 0 52 82158 0 78 82189 0 78 82218 0 72 82235 0 73 82240 0 78 82249 0 53 82271 0 52 82296 0 51 82322 0 54 82381 0 52 82413 0 53 82417 0 54 82420 0 65 82421 0 64 82424 0 78 82433 0 62 82434 0 63 82441 0 77 82444 0 72 82445 0 73 82445 0 90 82445 0 91 82445 0 92 82447 0 78 82465 0 77 82473 0 78 82485 0 52 82491 0 70 82491 0 71 82492 0 77 82505 0 78 82526 0 77 82527 0 53 82531 0 51 82535 0 54 82560 0 78 82570 0 90 82570 0 91 82570 0 92 82626 0 52 82645 0 53 82657 0 54 82669 0 
TIME iteration: 301 ms
Round:156
IR: 0, 0, 0, 0, 0
82746 0 52 82762 0 53 82814 0 51 82841 0 54 82908 0 52 82938 0 63 82939 0 62 82940 0 53 82944 0 77 82955 0 51 82960 0 65 82962 0 64 82967 0 61 82967 0 78 82968 0 60 82968 0 77 82968 0 90 82968 0 91 82968 0 92 82973 0 70 82973 0 71 82975 0 54 82976 0 76 82991 0 78 82993 0 72 82994 0 73 82995 0 77 83000 0 76 83018 0 78 83027 0 76 83028 0 77 83052 0 78 83058 0 69 83062 0 76 83067 0 52 83074 0 68 83081 0 90 83081 0 91 83081 0 92 83095 0 77 83125 0 54 83128 0 78 83149 0 53 83153 0 51 83207 0 
TIME iteration: 301 ms
Round:157
IR: 0, 0, 0, 0, 0
83288 0 53 83290 0 54 83302 0 51 83345 0 52 83427 0 53 83437 0 54 83452 0 64 83452 0 65 83458 0 78 83469 0 52 83472 0 66 83472 0 67 83473 0 62 83473 0 63 83479 0 77 83481 0 73 83481 0 79 83481 0 90 83481 0 91 83481 0 92 83482 0 72 83482 0 78 83503 0 77 83505 0 70 83505 0 79 83506 0 71 83509 0 78 83530 0 77 83532 0 79 83543 0 78 83545 0 51 83559 0 53 83564 0 77 83567 0 74 83567 0 75 83567 0 79 83578 0 52 83595 0 90 83595 0 91 83595 0 92 83612 0 54 83619 0 78 83640 0 77 83694 0 53 83729 0 
TIME iteration: 301 ms
Round:158
IR: 0, 0, 0, 0, 0
83750 0 52 83838 0 51 83838 0 53 83931 0 52 83956 0 54 83996 0 53 84008 0 64 84008 0 65 84014 0 78 84038 0 78 84038 0 90 84038 0 91 84038 0 92 84042 0 72 84042 0 73 84060 0 52 84065 0 78 84099 0 78 84100 0 51 84117 0 54 84175 0 78 84215 0 51 84233 0 53 84247 0 54 84250 0 
TIME iteration: 299 ms
Round:159
IR: 0, 0, 0, 0, 0
84428 0 51 84439 0 53 84449 0 54 84463 0 61 84464 0 60 84472 0 76 84474 0 66 84474 0 67 84480 0 52 84482 0 79 84488 0 65 84491 0 64 84491 0 90 84491 0 91 84491 0 92 84495 0 78 84496 0 76 84506 0 79 84519 0 72 84519 0 73 84519 0 78 84523 0 76 84533 0 79 84538 0 75 84539 0 74 84540 0 69 84545 0 68 84546 0 78 84558 0 76 84567 0 79 84579 0 78 84583 0 54 84592 0 52 84604 0 53 84605 0 90 84605 0 91 84605 0 92 84640 0 51 84646 0 78 84708 0 54 84729 0 52 84739 0 
TIME iteration: 299 ms
Round:160
IR: 0, 0, 0, 0, 0
84817 0 51 84827 0 54 84884 0 53 84911 0 52 84941 0 51 84976 0 61 84977 0 60 84982 0 76 85005 0 90 85005 0 91 85005 0 92 85006 0 76 85013 0 69 85014 0 68 85032 0 54 85033 0 76 85066 0 76 85069 0 53 85082 0 51 85089 0 52 85133 0 76 85223 0 54 85257 0 53 85259 0 
TIME iteration: 298 ms
Round:161
IR: 0, 0, 0, 0, 0
85333 0 54 85369 0 66 85370 0 67 85376 0 52 85378 0 79 85396 0 90 85396 0 91 85396 0 92 85402 0 79 85422 0 54 85426 0 75 85427 0 74 85429 0 79 85442 0 53 85464 0 79 85467 0 51 85559 0 52 85603 0 54 85618 0 51 85669 0 53 85677 0 52 85767 0 63 85772 0 62 85778 0 77 85796 0 90 85796 0 91 85796 0 92 85802 0 77 85810 0 52 85829 0 77 85830 0 51 85849 0 
TIME iteration: 299 ms
Round:162
IR: 0, 0, 0, 0, 0
85860 0 70 85864 0 77 85866 0 71 85870 0 54 85952 0 52 85964 0 51 85991 0 53 85992 0 54 86070 0 52 86080 0 63 86081 0 62 86083 0 77 86086 0 51 86105 0 70 86105 0 71 86105 0 90 86105 0 91 86105 0 92 86106 0 77 86125 0 54 86132 0 77 86160 0 53 86164 0 77 86217 0 77 86231 0 51 86281 0 54 86284 0 52 86301 0 53 86374 0 
TIME iteration: 299 ms
Round:163
IR: 0, 0, 0, 0, 0
86415 0 54 86461 0 67 86462 0 66 86467 0 53 86470 0 79 86475 0 52 86487 0 90 86487 0 91 86487 0 92 86494 0 79 86521 0 79 86528 0 74 86528 0 75 86545 0 51 86556 0 79 86559 0 54 86653 0 51 86655 0 53 86763 0 54 86772 0 52 86789 0 51 86818 0 60 86818 0 61 86826 0 76 86843 0 90 86843 0 91 86843 0 92 86844 0 53 86850 0 76 86877 0 76 86894 0 54 86901 0 68 86906 0 69 86911 0 
TIME iteration: 300 ms
Round:164
IR: 0, 0, 0, 0, 0
86940 0 51 86963 0 52 87002 0 53 87045 0 54 87102 0 51 87112 0 53 87117 0 52 87144 0 60 87145 0 54 87145 0 61 87147 0 76 87168 0 68 87169 0 69 87169 0 90 87169 0 91 87169 0 92 87170 0 76 87196 0 76 87228 0 76 87239 0 52 87241 0 51 87281 0 76 87293 0 54 87351 0 51 87358 0 52 87393 0 54 87421 0 
TIME iteration: 299 ms
Round:165
IR: 0, 0, 0, 0, 0
87491 0 52 87497 0 51 87506 0 60 87508 0 61 87509 0 62 87510 0 63 87511 0 76 87518 0 77 87525 0 68 87525 0 69 87531 0 90 87531 0 91 87531 0 92 87534 0 76 87541 0 53 87542 0 77 87560 0 76 87562 0 54 87569 0 77 87583 0 71 87584 0 70 87592 0 76 87599 0 68 87599 0 69 87604 0 77 87618 0 51 87648 0 76 87660 0 90 87660 0 91 87660 0 92 87678 0 52 87694 0 53 87802 0 54 87821 0 51 87832 0 52 87886 0 53 87934 0 54 87951 0 52 87968 0 
TIME iteration: 300 ms
Round:166
IR: 0, 0, 0, 0, 0
88000 0 63 88001 0 62 88006 0 77 88021 0 53 88030 0 77 88030 0 90 88030 0 91 88030 0 92 88035 0 70 88036 0 71 88057 0 77 88083 0 51 88090 0 77 88097 0 54 88157 0 52 88157 0 77 88227 0 51 88315 0 53 88333 0 51 88357 0 60 88358 0 61 88365 0 76 88368 0 52 88383 0 90 88383 0 91 88383 0 92 88389 0 54 88389 0 76 88412 0 69 88416 0 68 88416 0 76 88450 0 76 88456 0 53 88461 0 
TIME iteration: 299 ms
Round:167
IR: 0, 0, 0, 0, 0
88545 0 54 88607 0 51 88650 0 52 88678 0 53 88694 0 61 88700 0 76 88711 0 60 88723 0 76 88724 0 90 88724 0 91 88724 0 92 88725 0 69 88726 0 68 88748 0 76 88756 0 54 88778 0 76 88821 0 76 88826 0 53 88837 0 51 88913 0 52 88936 0 53 88943 0 54 88970 0 
TIME iteration: 299 ms
Round:168
IR: 0, 0, 0, 0, 0
89097 0 52 89134 0 53 89144 0 54 89149 0 64 89150 0 65 89158 0 78 89176 0 90 89176 0 91 89176 0 92 89180 0 51 89182 0 78 89209 0 78 89243 0 72 89244 0 78 89256 0 73 89261 0 52 89303 0 53 89372 0 51 89386 0 54 89435 0 52 89455 0 53 89479 0 65 89480 0 64 89482 0 78 89504 0 90 89504 0 91 89504 0 92 89505 0 72 89505 0 73 89505 0 78 89519 0 51 89531 0 78 89563 0 
TIME iteration: 299 ms
Round:169
IR: 0, 0, 0, 0, 0
89575 0 52 89577 0 54 89612 0 53 89616 0 78 89631 0 51 89715 0 54 89746 0 52 89748 0 51 89752 0 53 89819 0 61 89823 0 60 89829 0 76 89838 0 64 89839 0 54 89846 0 90 89846 0 91 89846 0 92 89847 0 78 89853 0 76 89876 0 78 89880 0 76 89884 0 68 89886 0 69 89898 0 73 89899 0 72 89914 0 76 89918 0 78 89929 0 53 89931 0 52 89977 0 51 89988 0 90 89988 0 91 89988 0 92 90025 0 
TIME iteration: 313 ms
Round:170
IR: 0, 0, 0, 0, 0
90101 0 51 90123 0 53 90147 0 54 90152 0 52 90215 0 51 90330 0 51 90330 0 52 90335 0 61 90336 0 60 90341 0 76 90342 0 53 90365 0 76 90365 0 90 90365 0 91 90365 0 92 90371 0 68 90371 0 69 90388 0 54 90392 0 76 90425 0 76 90475 0 51 90478 0 53 90489 0 54 90492 0 76 90517 0 52 90597 0 51 90616 0 
TIME iteration: 304 ms
Round:171
IR: 0, 0, 0, 0, 0
90664 0 61 90665 0 60 90669 0 76 90674 0 53 90681 0 66 90682 0 68 90682 0 69 90684 0 67 90689 0 90 90689 0 91 90689 0 92 90692 0 79 90693 0 76 90716 0 79 90719 0 76 90720 0 52 90743 0 79 90752 0 76 90754 0 68 90754 0 69 90758 0 54 90778 0 74 90778 0 79 90779 0 75 90780 0 51 90812 0 90 90812 0 91 90812 0 92 90813 0 76 90831 0 53 90881 0 54 90919 0 51 90983 0 53 91006 0 52 91047 0 54 91107 0 53 91124 0 52 91132 0 
TIME iteration: 305 ms
Round:172
IR: 0, 0, 0, 0, 0
91161 0 64 91165 0 65 91171 0 78 91192 0 90 91192 0 91 91192 0 92 91195 0 78 91222 0 78 91237 0 73 91242 0 72 91256 0 78 91257 0 54 91266 0 51 91283 0 53 91376 0 52 91392 0 54 91415 0 53 91421 0 51 91471 0 64 91472 0 65 91474 0 78 91483 0 54 91494 0 72 91494 0 73 91496 0 90 91496 0 91 91496 0 92 91497 0 78 91523 0 78 91536 0 52 91555 0 78 91574 0 54 91577 0 51 91592 0 53 91600 0 72 91608 0 
TIME iteration: 306 ms
Round:173
IR: 0, 0, 0, 0, 0
91694 0 52 91694 0 54 91766 0 51 91780 0 53 91821 0 64 91822 0 65 91826 0 78 91835 0 54 91837 0 73 91846 0 66 91847 0 67 91847 0 90 91847 0 91 91847 0 92 91848 0 72 91850 0 78 91855 0 79 91876 0 78 91879 0 79 91901 0 53 91905 0 73 91906 0 79 91909 0 78 91916 0 74 91918 0 75 91925 0 51 91935 0 52 91941 0 79 91968 0 90 91968 0 91 91968 0 92 91970 0 78 91984 0 54 92055 0 53 92083 0 51 92093 0 52 92137 0 
TIME iteration: 305 ms
Round:174
IR: 0, 0, 0, 0, 0
92244 0 53 92268 0 51 92314 0 54 92356 0 52 92365 0 67 92368 0 66 92373 0 79 92381 0 53 92395 0 65 92396 0 64 92397 0 79 92397 0 90 92397 0 91 92397 0 92 92402 0 78 92403 0 74 92403 0 75 92424 0 79 92426 0 78 92429 0 72 92437 0 73 92447 0 51 92453 0 78 92458 0 79 92480 0 53 92483 0 54 92487 0 78 92501 0 52 92520 0 90 92520 0 91 92520 0 92 92568 0 78 92599 0 53 92632 0 51 92641 0 52 92715 0 54 92731 0 
TIME iteration: 302 ms
Round:175
IR: 0, 0, 0, 0, 0
92763 0 52 92787 0 51 92851 0 53 92863 0 54 92866 0 64 92866 0 65 92872 0 78 92888 0 51 92895 0 72 92895 0 73 92895 0 90 92895 0 91 92895 0 92 92896 0 78 92923 0 78 92939 0 52 92946 0 53 92957 0 78 93033 0 78 93039 0 51 93049 0 53 93093 0 54 93107 0 52 93165 0 51 93166 0 53 93179 0 65 93180 0 64 93183 0 78 93194 0 72 93194 0 73 93204 0 90 93204 0 91 93204 0 92 93206 0 78 93212 0 54 93232 0 78 93240 0 52 93257 0 72 93258 0 73 93264 0 
TIME iteration: 300 ms
Round:176
IR: 0, 0, 0, 0, 0
93290 0 53 93319 0 78 93328 0 51 93381 0 54 93403 0 53 93419 0 52 93429 0 64 93429 0 65 93432 0 78 93446 0 72 93447 0 73 93452 0 90 93452 0 91 93452 0 92 93455 0 78 93481 0 78 93507 0 53 93513 0 78 93517 0 72 93521 0 73 93526 0 52 93540 0 54 93548 0 51 93566 0 78 93635 0 53 93644 0 52 93668 0 65 93669 0 64 93671 0 51 93671 0 78 93687 0 72 93687 0 73 93691 0 90 93691 0 91 93691 0 92 93694 0 78 93720 0 78 93752 0 78 93759 0 73 93762 0 54 93763 0 72 93805 0 
TIME iteration: 300 ms
Round:177
IR: 0, 0, 0, 0, 0
93817 0 52 93835 0 53 93864 0 51 93915 0 54 93920 0 52 93962 0 53 93973 0 64 93974 0 65 93977 0 78 93994 0 51 93996 0 72 93996 0 73 93997 0 90 93997 0 91 93997 0 92 94000 0 78 94026 0 78 94058 0 78 94077 0 52 94085 0 53 94108 0 54 94113 0 78 94121 0 51 94214 0 53 94266 0 54 94290 0 52 94293 0 51 94322 0 53 94325 0 64 94325 0 65 94329 0 
TIME iteration: 299 ms
Round:178
IR: 0, 0, 0, 0, 0
94341 0 73 94342 0 72 94350 0 90 94350 0 91 94350 0 92 94352 0 78 94378 0 78 94401 0 54 94409 0 73 94410 0 78 94411 0 72 94429 0 52 94439 0 51 94466 0 78 94507 0 53 94557 0 54 94628 0 51 94644 0 52 94663 0 53 94676 0 64 94676 0 65 94680 0 78 94701 0 73 94701 0 90 94701 0 91 94701 0 92 94703 0 72 94703 0 78 94726 0 54 94729 0 78 94761 0 78 94777 0 51 94798 0 52 94817 0 78 94833 0 
TIME iteration: 299 ms
Round:179
IR: 0, 0, 0, 0, 0
94920 0 52 94933 0 54 94934 0 51 94961 0 53 95020 0 65 95023 0 64 95026 0 78 95038 0 73 95039 0 72 95047 0 90 95047 0 91 95047 0 92 95050 0 78 95060 0 54 95068 0 51 95073 0 53 95076 0 78 95109 0 73 95109 0 78 95111 0 72 95130 0 52 95170 0 78 95194 0 53 95208 0 54 95278 0 64 95284 0 78 95293 0 65 95304 0 90 95304 0 91 95304 0 92 95306 0 73 95307 0 72 95307 0 78 95309 0 54 95316 0 51 95332 0 78 95362 0 78 95367 0 52 95382 0 53 95388 0 73 95399 0 
TIME iteration: 300 ms
Round:180
IR: 0, 0, 0, 0, 0
95406 0 78 95415 0 54 95469 0 51 95512 0 52 95564 0 54 95574 0 53 95596 0 65 95597 0 64 95600 0 78 95620 0 90 95620 0 91 95620 0 92 95621 0 72 95621 0 73 95623 0 78 95638 0 51 95648 0 52 95649 0 78 95681 0 78 95700 0 53 95736 0 78 95754 0 54 95759 0 51 95833 0 52 95874 0 51 95896 0 53 95914 0 54 95924 0 
TIME iteration: 303 ms
Round:181
IR: 0, 0, 0, 0, 0
95934 0 61 95936 0 60 95943 0 76 95960 0 62 95960 0 63 95960 0 90 95960 0 91 95960 0 92 95967 0 76 95968 0 77 95992 0 77 95994 0 76 96019 0 77 96024 0 52 96028 0 76 96029 0 68 96031 0 69 96045 0 51 96050 0 71 96053 0 77 96054 0 70 96069 0 53 96081 0 90 96081 0 91 96081 0 92 96155 0 52 96166 0 51 96185 0 54 96246 0 53 96294 0 54 96302 0 51 96363 0 52 96365 0 53 96455 0 
TIME iteration: 300 ms
Round:182
IR: 0, 0, 0, 0, 0
96461 0 51 96465 0 64 96468 0 78 96473 0 54 96474 0 60 96474 0 61 96480 0 76 96490 0 52 96490 0 90 96490 0 91 96490 0 92 96492 0 78 96504 0 76 96510 0 73 96513 0 68 96513 0 69 96513 0 72 96519 0 78 96531 0 76 96553 0 78 96558 0 53 96565 0 76 96569 0 51 96619 0 90 96619 0 91 96619 0 92 96622 0 54 96641 0 76 96672 0 51 96695 0 52 96715 0 53 96756 0 54 96827 0 51 96878 0 54 96899 0 
TIME iteration: 300 ms
Round:183
IR: 0, 0, 0, 0, 0
97002 0 54 97003 0 66 97003 0 67 97010 0 51 97010 0 52 97012 0 79 97016 0 53 97030 0 62 97030 0 63 97033 0 90 97033 0 91 97033 0 92 97036 0 79 97038 0 77 97062 0 77 97063 0 79 97089 0 77 97097 0 70 97097 0 71 97097 0 74 97097 0 75 97098 0 79 97122 0 54 97123 0 77 97130 0 52 97156 0 90 97156 0 91 97156 0 92 97212 0 51 97224 0 53 97269 0 52 97296 0 54 97342 0 51 97389 0 52 97391 0 53 97455 0 
TIME iteration: 300 ms
Round:184
IR: 0, 0, 0, 0, 0
97526 0 53 97540 0 52 97546 0 62 97546 0 63 97551 0 65 97551 0 77 97552 0 64 97559 0 78 97561 0 51 97574 0 90 97574 0 91 97574 0 92 97575 0 77 97582 0 71 97583 0 70 97583 0 78 97602 0 77 97610 0 78 97616 0 72 97616 0 73 97635 0 77 97639 0 53 97644 0 78 97658 0 54 97687 0 52 97701 0 77 97706 0 90 97706 0 91 97706 0 92 97768 0 53 97817 0 54 97873 0 51 97881 0 53 97883 0 52 98002 0 54 98022 0 52 98039 0 
TIME iteration: 299 ms
Round:185
IR: 0, 0, 0, 0, 0
98055 0 51 98064 0 65 98066 0 64 98070 0 78 98094 0 78 98095 0 90 98095 0 91 98095 0 92 98100 0 72 98101 0 73 98121 0 78 98133 0 52 98146 0 54 98154 0 78 98192 0 51 98220 0 78 98254 0 52 98261 0 53 98273 0 54 98300 0 51 98388 0 53 98393 0 51 98404 0 60 98404 0 61 98412 0 76 98429 0 90 98429 0 91 98429 0 92 98436 0 76 98442 0 52 98463 0 76 98488 0 54 98493 0 69 98495 0 68 98497 0 76 98525 0 53 98565 0 
TIME iteration: 299 ms
Round:186
IR: 0, 0, 0, 0, 0
98658 0 53 98663 0 52 98714 0 54 98723 0 51 98748 0 60 98748 0 61 98751 0 76 98773 0 68 98773 0 90 98773 0 91 98773 0 92 98774 0 69 98774 0 76 98782 0 52 98797 0 53 98800 0 76 98832 0 76 98846 0 51 98877 0 54 98886 0 76 98919 0 52 98960 0 51 98994 0 54 99008 0 53 99067 0 51 99074 0 60 99074 0 61 99078 0 76 99089 0 68 99089 0 69 99099 0 90 99099 0 91 99099 0 92 99101 0 
TIME iteration: 314 ms
Round:187
IR: 0, 0, 0, 0, 0
99127 0 76 99130 0 54 99152 0 69 99156 0 68 99159 0 76 99172 0 52 99187 0 51 99215 0 76 99225 0 53 99293 0 54 99315 0 51 99333 0 52 99339 0 61 99340 0 60 99343 0 76 99358 0 68 99358 0 69 99363 0 90 99363 0 91 99363 0 92 99366 0 76 99392 0 76 99417 0 54 99424 0 76 99433 0 69 99437 0 68 99467 0 53 99478 0 76 99481 0 51 99537 0 54 99555 0 
TIME iteration: 306 ms
Round:188
IR: 0, 0, 0, 0, 0
99641 0 53 99715 0 51 99738 0 60 99739 0 61 99741 0 54 99743 0 76 99765 0 90 99765 0 91 99765 0 92 99766 0 52 99767 0 76 99768 0 69 99769 0 53 99769 0 68 99793 0 76 99826 0 76 99856 0 54 99876 0 51 99887 0 76 99932 0 52 99949 0 53 99988 0 54 100064 0 52 100095 0 53 100127 0 51 100130 0 62 100133 0 63 100140 0 77 100151 0 64 100151 0 65 100158 0 90 100158 0 91 100158 0 92 100159 0 78 100164 0 
TIME iteration: 305 ms
Round:189
IR: 0, 0, 0, 0, 0
100183 0 78 100191 0 52 100191 0 77 100210 0 78 100223 0 71 100226 0 77 100227 0 70 100229 0 53 100231 0 54 100237 0 72 100241 0 73 100244 0 78 100282 0 90 100282 0 91 100282 0 92 100304 0 52 100337 0 53 100337 0 54 100346 0 51 100422 0 53 100482 0 54 100487 0 52 100534 0 53 100546 0 51 100560 0 64 100560 0 65 100564 0 78 100586 0 54 100587 0 78 100588 0 90 100588 0 91 100588 0 92 100590 0 72 100590 0 73 100613 0 78 100645 0 78 100667 0 53 100671 0 
TIME iteration: 305 ms
Round:190
IR: 0, 0, 0, 0, 0
100701 0 78 100729 0 54 100783 0 51 100855 0 52 100876 0 54 100953 0 67 100965 0 66 100968 0 79 100970 0 51 100986 0 90 100986 0 91 100986 0 92 100992 0 79 101019 0 79 101047 0 75 101052 0 54 101054 0 79 101055 0 74 101062 0 53 101125 0 51 101125 0 52 101184 0 
TIME iteration: 304 ms
Round:191
IR: 0, 0, 0, 0, 0
101233 0 53 101236 0 51 101249 0 67 101254 0 66 101254 0 79 101274 0 74 101274 0 75 101276 0 90 101276 0 91 101276 0 92 101277 0 79 101303 0 79 101320 0 52 101335 0 79 101345 0 54 101365 0 51 101391 0 79 101400 0 53 101457 0 52 101510 0 53 101543 0 54 101583 0 51 101628 0 52 101628 0 53 101634 0 65 101635 0 64 101642 0 78 101648 0 54 101657 0 66 101658 0 67 101660 0 90 101660 0 91 101660 0 92 101663 0 79 101666 0 78 101678 0 74 101678 0 75 101687 0 79 101693 0 78 101697 0 72 101697 0 73 101714 0 79 101725 0 51 101727 0 78 101748 0 
TIME iteration: 306 ms
Round:192
IR: 0, 0, 0, 0, 0
101770 0 53 101771 0 74 101780 0 75 101782 0 90 101782 0 91 101782 0 92 101788 0 54 101795 0 52 101907 0 51 101929 0 54 101947 0 52 102043 0 54 102061 0 52 102065 0 53 102081 0 51 102083 0 66 102086 0 67 102089 0 79 102113 0 79 102113 0 90 102113 0 91 102113 0 92 102116 0 74 102117 0 75 102139 0 79 102172 0 79 102182 0 51 102199 0 52 102239 0 79 102244 0 54 102257 0 
TIME iteration: 305 ms
Round:193
IR: 0, 0, 0, 0, 0
102313 0 52 102341 0 51 102369 0 53 102383 0 54 102449 0 66 102453 0 67 102456 0 79 102470 0 74 102471 0 75 102477 0 90 102477 0 91 102477 0 92 102480 0 79 102486 0 53 102498 0 51 102507 0 79 102530 0 54 102540 0 79 102549 0 74 102553 0 75 102570 0 52 102612 0 79 102661 0 51 102670 0 53 102717 0 54 102758 0 67 102759 0 66 102763 0 79 102782 0 75 102783 0 74 102783 0 90 102783 0 91 102783 0 92 102785 0 52 102787 0 79 102791 0 51 102813 0 
TIME iteration: 305 ms
Round:194
IR: 0, 0, 0, 0, 0
102822 0 54 102846 0 79 102862 0 53 102896 0 52 102911 0 79 102912 0 51 103029 0 52 103035 0 53 103073 0 51 103075 0 54 103161 0 60 103161 0 61 103169 0 76 103181 0 53 103187 0 90 103187 0 91 103187 0 92 103193 0 76 103208 0 52 103220 0 76 103241 0 51 103251 0 69 103254 0 76 103260 0 68 103288 0 54 103312 0 52 103339 0 
TIME iteration: 304 ms
Round:195
IR: 0, 0, 0, 0, 0
103364 0 51 103430 0 54 103452 0 60 103456 0 76 103463 0 53 103477 0 51 103478 0 61 103480 0 76 103480 0 90 103480 0 91 103480 0 92 103490 0 52 103490 0 69 103491 0 68 103504 0 76 103532 0 76 103569 0 76 103590 0 54 103595 0 51 103638 0 52 103688 0 53 103710 0 51 103749 0 61 103752 0 60 103753 0 76 103761 0 69 103762 0 68 103767 0 54 103773 0 90 103773 0 91 103773 0 92 103776 0 76 103802 0 76 103809 0 52 103817 0 69 103820 0 68 103834 0 76 103858 0 53 103876 0 
TIME iteration: 304 ms
Round:196
IR: 0, 0, 0, 0, 0
103887 0 76 103909 0 54 103963 0 52 103993 0 51 104009 0 53 104021 0 61 104022 0 60 104025 0 76 104037 0 54 104040 0 68 104040 0 69 104045 0 90 104045 0 91 104045 0 92 104048 0 76 104074 0 76 104106 0 76 104116 0 68 104119 0 69 104146 0 53 104160 0 76 104166 0 54 104206 0 51 104247 0 52 104270 0 53 104319 0 54 104325 0 51 104334 0 60 104334 0 61 104338 0 76 104358 0 68 104358 0 69 104358 0 90 104358 0 91 104358 0 92 104361 0 76 104387 0 76 104395 0 53 104406 0 
TIME iteration: 304 ms
Round:197
IR: 0, 0, 0, 0, 0
104419 0 76 104446 0 54 104451 0 51 104475 0 76 104515 0 53 104541 0 52 104546 0 54 104592 0 51 104675 0 54 104686 0 52 104688 0 66 104688 0 67 104697 0 79 104703 0 53 104709 0 51 104710 0 61 104711 0 60 104713 0 90 104713 0 91 104713 0 92 104715 0 76 104721 0 79 104729 0 68 104729 0 69 104739 0 76 104748 0 79 104765 0 76 104773 0 74 104781 0 75 104783 0 79 104798 0 76 104804 0 68 104810 0 69 104826 0 54 104835 0 90 104835 0 91 104835 0 92 104859 0 76 104877 0 51 104891 0 
TIME iteration: 304 ms
Round:198
IR: 0, 0, 0, 0, 0
104969 0 52 105055 0 53 105062 0 51 105064 0 54 105134 0 52 105174 0 53 105175 0 54 105203 0 64 105203 0 65 105211 0 78 105223 0 66 105224 0 67 105230 0 79 105233 0 90 105233 0 91 105233 0 92 105235 0 78 105244 0 51 105254 0 79 105262 0 74 105262 0 78 105263 0 75 105281 0 79 105284 0 54 105292 0 52 105294 0 72 105296 0 53 105296 0 78 105301 0 73 105315 0 79 105359 0 90 105359 0 91 105359 0 92 105372 0 51 105379 0 53 105453 0 
TIME iteration: 304 ms
Round:199
IR: 0, 0, 0, 0, 0
105470 0 53 105482 0 51 105521 0 54 105598 0 51 105659 0 52 105664 0 53 105690 0 54 105695 0 61 105705 0 51 105706 0 60 105709 0 76 105730 0 90 105730 0 91 105730 0 92 105733 0 76 105760 0 76 105764 0 68 105764 0 69 105784 0 52 105794 0 76 105804 0 51 105873 0 54 105888 0 53 105926 0 51 105948 0 52 105976 0 54 105990 0 61 105994 0 76 105995 0 
TIME iteration: 304 ms
