Round:0
IR: 0, 0, 0, 0, 0
363 0 52 410 0 54 431 0 53 477 0 52 493 0 62 494 0 63 502 0 77 526 0 
TIME iteration: 427 ms
Round:1
IR: 0, 0, 0, 0, 0
534 0 51 534 0 90 534 0 91 534 0 92 553 0 77 569 0 53 588 0 77 617 0 52 628 0 54 651 0 51 730 0 53 751 0 52 806 0 51 808 0 54 856 0 53 888 0 52 890 0 64 892 0 65 899 0 78 903 0 62 903 0 63 907 0 77 918 0 90 918 0 91 918 0 92 920 0 51 923 0 78 924 0 70 925 0 71 930 0 77 944 0 54 950 0 78 956 0 77 984 0 78 988 0 77 990 0 72 1004 0 53 1013 0 52 1044 0 77 1046 0 90 1046 0 91 1046 0 
TIME iteration: 299 ms
Round:2
IR: 0, 0, 0, 0, 0
1105 0 54 1110 0 51 1114 0 52 1230 0 54 1235 0 52 1239 0 53 1285 0 51 1368 0 54 1398 0 66 1398 0 67 1407 0 79 1417 0 53 1428 0 90 1428 0 91 1428 0 92 1431 0 79 1458 0 79 1479 0 52 1493 0 79 1499 0 74 1501 0 75 1515 0 53 1546 0 54 1569 0 
TIME iteration: 298 ms
Round:3
IR: 0, 0, 0, 0, 0
1635 0 52 1687 0 53 1705 0 51 1728 0 54 1760 0 66 1761 0 67 1764 0 79 1786 0 90 1786 0 91 1786 0 92 1787 0 79 1788 0 74 1788 0 75 1813 0 79 1845 0 79 1854 0 52 1860 0 54 1877 0 53 1882 0 51 1902 0 79 1994 0 54 1997 0 51 2027 0 
TIME iteration: 298 ms
Round:4
IR: 0, 0, 0, 0, 0
2121 0 53 2147 0 51 2154 0 54 2161 0 60 2161 0 61 2162 0 67 2163 0 66 2168 0 79 2169 0 76 2184 0 74 2185 0 75 2185 0 90 2185 0 91 2185 0 92 2187 0 52 2192 0 79 2193 0 76 2219 0 79 2220 0 76 2252 0 79 2254 0 76 2258 0 69 2261 0 68 2272 0 53 2296 0 52 2315 0 90 2315 0 91 2315 0 92 2319 0 51 2327 0 54 2393 0 53 2420 0 52 2486 0 54 2489 0 51 2528 0 52 2528 0 53 2627 0 54 2634 0 
TIME iteration: 308 ms
Round:5
IR: 0, 0, 0, 0, 0
2686 0 67 2688 0 66 2690 0 60 2691 0 61 2693 0 79 2696 0 76 2697 0 53 2714 0 90 2714 0 91 2714 0 92 2716 0 74 2716 0 75 2717 0 79 2720 0 76 2730 0 68 2730 0 69 2744 0 52 2744 0 79 2747 0 76 2778 0 79 2780 0 76 2846 0 90 2846 0 91 2846 0 92 2847 0 76 2855 0 53 2867 0 51 2870 0 54 2906 0 52 3017 0 54 3040 0 52 3045 0 51 3091 0 53 3164 0 52 3168 0 
TIME iteration: 299 ms
Round:6
IR: 0, 0, 0, 0, 0
3180 0 54 3191 0 62 3192 0 63 3200 0 77 3213 0 60 3213 0 61 3219 0 76 3221 0 90 3221 0 91 3221 0 92 3224 0 77 3243 0 76 3245 0 68 3246 0 69 3251 0 77 3254 0 53 3270 0 76 3283 0 71 3286 0 77 3287 0 70 3304 0 76 3305 0 52 3316 0 51 3346 0 90 3346 0 91 3346 0 92 3357 0 54 3380 0 76 3396 0 53 3433 0 52 3438 0 51 3473 0 54 3509 0 53 3568 0 51 3628 0 52 3629 0 53 3638 0 54 3665 0 64 3666 0 65 3674 0 78 3694 0 90 3694 0 91 3694 0 92 3698 0 
TIME iteration: 299 ms
Round:7
IR: 0, 0, 0, 0, 0
3725 0 78 3745 0 52 3759 0 51 3760 0 78 3762 0 72 3771 0 73 3781 0 53 3783 0 54 3873 0 52 3950 0 51 3958 0 54 3972 0 53 4014 0 65 4016 0 64 4018 0 78 4040 0 90 4040 0 91 4040 0 92 4041 0 78 4042 0 72 4042 0 73 4043 0 52 4067 0 78 4076 0 51 4099 0 78 4104 0 53 4143 0 54 4153 0 78 4221 0 
TIME iteration: 298 ms
Round:8
IR: 0, 0, 0, 0, 0
4248 0 52 4262 0 51 4351 0 54 4393 0 52 4426 0 53 4443 0 64 4444 0 65 4445 0 63 4446 0 62 4449 0 78 4454 0 77 4467 0 72 4467 0 73 4468 0 90 4468 0 91 4468 0 92 4473 0 78 4478 0 77 4490 0 51 4496 0 54 4500 0 78 4505 0 77 4519 0 71 4520 0 70 4533 0 78 4540 0 77 4549 0 52 4572 0 53 4598 0 90 4598 0 91 4598 0 92 4600 0 78 4623 0 51 4635 0 54 4689 0 53 4700 0 52 4748 0 54 4765 0 
TIME iteration: 298 ms
Round:9
IR: 0, 0, 0, 0, 0
4841 0 53 4842 0 54 4889 0 52 4889 0 66 4889 0 67 4898 0 79 4918 0 90 4918 0 91 4918 0 92 4922 0 79 4938 0 51 4949 0 79 4978 0 75 4984 0 79 4986 0 74 5006 0 53 5018 0 54 5109 0 51 5120 0 53 5137 0 52 5181 0 54 5222 0 66 5222 0 67 5223 0 53 5225 0 79 5238 0 64 5238 0 65 5245 0 78 5246 0 74 5247 0 90 5247 0 91 5247 0 92 5248 0 75 5248 0 79 5262 0 51 5269 0 78 5274 0 79 5284 0 72 5286 0 73 5296 0 
TIME iteration: 299 ms
Round:10
IR: 0, 0, 0, 0, 0
5304 0 54 5306 0 79 5330 0 78 5347 0 53 5360 0 52 5363 0 79 5371 0 90 5371 0 91 5371 0 92 5378 0 51 5449 0 54 5502 0 52 5546 0 53 5565 0 51 5685 0 53 5721 0 54 5766 0 65 5767 0 64 5772 0 78 5775 0 51 5784 0 52 5796 0 78 5797 0 90 5797 0 91 5797 0 92 5801 0 72 5802 0 73 5823 0 53 5823 0 
TIME iteration: 298 ms
Round:11
IR: 0, 0, 0, 0, 0
5856 0 78 5910 0 52 5922 0 53 5923 0 78 5955 0 51 5973 0 54 6095 0 54 6111 0 53 6118 0 52 6147 0 64 6148 0 65 6152 0 78 6166 0 51 6169 0 72 6170 0 73 6174 0 90 6174 0 91 6174 0 92 6176 0 78 6202 0 78 6213 0 54 6235 0 78 6279 0 52 6296 0 78 6336 0 
TIME iteration: 298 ms
Round:12
IR: 0, 0, 0, 0, 0
6385 0 53 6402 0 54 6413 0 52 6521 0 51 6528 0 53 6576 0 65 6577 0 64 6582 0 78 6594 0 54 6599 0 72 6599 0 73 6603 0 90 6603 0 91 6603 0 92 6606 0 78 6633 0 78 6666 0 78 6687 0 52 6690 0 51 6717 0 54 6733 0 78 6751 0 53 6813 0 52 6825 0 54 6862 0 51 6863 0 
TIME iteration: 298 ms
Round:13
IR: 0, 0, 0, 0, 0
6930 0 64 6930 0 65 6934 0 78 6946 0 73 6947 0 72 6955 0 90 6955 0 91 6955 0 92 6957 0 78 6968 0 52 6975 0 54 6983 0 78 7014 0 73 7015 0 78 7017 0 51 7021 0 72 7069 0 53 7071 0 78 7082 0 52 7093 0 54 7184 0 53 7205 0 64 7205 0 65 7208 0 78 7226 0 73 7227 0 72 7229 0 90 7229 0 91 7229 0 92 7231 0 78 7241 0 52 7257 0 54 7257 0 78 7277 0 51 7289 0 78 7299 0 53 7343 0 78 7365 0 52 7395 0 51 7403 0 
TIME iteration: 298 ms
Round:14
IR: 0, 0, 0, 0, 0
7539 0 52 7544 0 54 7584 0 51 7588 0 67 7589 0 66 7597 0 79 7614 0 90 7614 0 91 7614 0 92 7621 0 79 7648 0 79 7655 0 54 7669 0 53 7674 0 52 7683 0 74 7683 0 79 7703 0 75 7784 0 54 7785 0 51 7804 0 52 7853 0 53 7863 0 67 7867 0 79 7869 0 66 7887 0 74 7888 0 75 7890 0 79 7890 0 90 7890 0 91 7890 0 92 7916 0 79 7924 0 51 7944 0 52 7945 0 54 7947 0 
TIME iteration: 299 ms
Round:15
IR: 0, 0, 0, 0, 0
7991 0 74 7995 0 53 7997 0 79 8044 0 51 8106 0 54 8130 0 52 8133 0 53 8185 0 66 8185 0 67 8189 0 79 8199 0 75 8209 0 90 8209 0 91 8209 0 92 8210 0 74 8212 0 51 8213 0 54 8213 0 79 8234 0 53 8239 0 79 8261 0 75 8266 0 52 8272 0 79 8307 0 51 8338 0 79 8356 0 53 8360 0 52 8435 0 
TIME iteration: 298 ms
Round:16
IR: 0, 0, 0, 0, 0
8506 0 54 8515 0 52 8517 0 53 8546 0 62 8548 0 63 8555 0 77 8563 0 64 8568 0 65 8572 0 90 8572 0 91 8572 0 92 8574 0 78 8579 0 77 8598 0 78 8606 0 77 8622 0 51 8625 0 78 8636 0 53 8637 0 72 8638 0 70 8639 0 71 8640 0 73 8640 0 77 8660 0 78 8696 0 90 8696 0 91 8696 0 92 8711 0 52 8731 0 51 8740 0 54 8797 0 53 8823 0 52 8939 0 51 8941 0 54 8961 0 
TIME iteration: 298 ms
Round:17
IR: 0, 0, 0, 0, 0
9020 0 52 9064 0 53 9065 0 54 9073 0 64 9074 0 65 9079 0 78 9098 0 62 9099 0 63 9099 0 66 9099 0 67 9103 0 78 9103 0 90 9103 0 91 9103 0 92 9104 0 77 9107 0 79 9109 0 72 9110 0 73 9128 0 77 9130 0 78 9131 0 79 9139 0 70 9141 0 71 9150 0 51 9153 0 74 9155 0 77 9157 0 75 9158 0 79 9163 0 78 9176 0 52 9188 0 77 9193 0 79 9211 0 53 9216 0 90 9216 0 91 9216 0 92 9230 0 78 9255 0 77 9258 0 54 9275 0 51 9349 0 52 9377 0 53 9378 0 54 9406 0 51 9492 0 52 9501 0 54 9519 0 53 9537 0 67 9539 0 
TIME iteration: 299 ms
Round:18
IR: 0, 0, 0, 0, 0
9543 0 79 9566 0 90 9566 0 91 9566 0 92 9567 0 79 9568 0 74 9568 0 75 9570 0 51 9593 0 79 9625 0 53 9626 0 79 9636 0 54 9663 0 52 9693 0 79 9713 0 53 9770 0 51 9804 0 54 9858 0 52 9871 0 53 9898 0 64 9899 0 65 9906 0 78 9924 0 90 9924 0 91 9924 0 92 9929 0 54 9930 0 78 9944 0 51 9948 0 72 9950 0 73 9957 0 78 9991 0 78 9992 0 52 10035 0 
TIME iteration: 298 ms
Round:19
IR: 0, 0, 0, 0, 0
10081 0 51 10149 0 52 10172 0 54 10197 0 53 10260 0 64 10260 0 65 10263 0 78 10272 0 51 10282 0 72 10284 0 73 10285 0 90 10285 0 91 10285 0 92 10286 0 78 10312 0 78 10330 0 53 10344 0 78 10389 0 52 10398 0 78 10400 0 51 10454 0 54 10531 0 52 10578 0 51 10583 0 
TIME iteration: 298 ms
Round:20
IR: 0, 0, 0, 0, 0
10654 0 54 10688 0 51 10692 0 60 10692 0 61 10700 0 76 10719 0 90 10719 0 91 10719 0 92 10724 0 76 10725 0 53 10731 0 52 10751 0 76 10785 0 76 10787 0 69 10793 0 68 10818 0 54 10825 0 53 10855 0 51 10867 0 52 10961 0 54 10983 0 51 11004 0 60 11005 0 61 11007 0 76 11028 0 69 11029 0 68 11029 0 90 11029 0 91 11029 0 92 11030 0 76 11056 0 76 11057 0 52 11082 0 51 11088 0 76 11092 0 53 11108 0 
TIME iteration: 298 ms
Round:21
IR: 0, 0, 0, 0, 0
11141 0 76 11185 0 53 11200 0 51 11231 0 54 11249 0 52 11291 0 53 11320 0 65 11322 0 64 11329 0 78 11345 0 90 11345 0 91 11345 0 92 11353 0 78 11360 0 51 11379 0 52 11380 0 72 11380 0 78 11382 0 73 11409 0 53 11414 0 78 11432 0 54 11499 0 51 11515 0 53 11545 0 54 11572 0 52 11624 0 51 11644 0 53 11647 0 64 11647 0 65 11650 0 
TIME iteration: 302 ms
Round:22
IR: 0, 0, 0, 0, 0
11668 0 72 11668 0 73 11672 0 90 11672 0 91 11672 0 92 11673 0 78 11699 0 78 11731 0 78 11735 0 54 11736 0 52 11750 0 53 11761 0 51 11762 0 73 11785 0 78 11855 0 54 11894 0 52 11926 0 53 11936 0 51 11970 0 64 11970 0 65 11974 0 78 11984 0 72 11994 0 54 11995 0 73 11995 0 90 11995 0 91 11995 0 92 11997 0 78 12023 0 78 12028 0 52 12046 0 72 12055 0 78 12094 0 51 12111 0 78 12129 0 53 12139 0 54 12177 0 
TIME iteration: 298 ms
Round:23
IR: 0, 0, 0, 0, 0
12191 0 52 12251 0 54 12259 0 53 12282 0 51 12295 0 60 12295 0 61 12296 0 64 12299 0 65 12302 0 78 12303 0 76 12313 0 73 12318 0 90 12318 0 91 12318 0 92 12321 0 72 12326 0 78 12327 0 76 12352 0 78 12354 0 76 12364 0 68 12370 0 69 12380 0 73 12385 0 78 12388 0 76 12404 0 52 12413 0 54 12422 0 53 12446 0 78 12447 0 90 12447 0 91 12447 0 92 12477 0 51 12510 0 52 12584 0 51 12644 0 52 12647 0 53 12656 0 
TIME iteration: 298 ms
Round:24
IR: 0, 0, 0, 0, 0
12745 0 51 12801 0 60 12802 0 61 12807 0 76 12808 0 53 12810 0 52 12813 0 54 12831 0 76 12831 0 90 12831 0 91 12831 0 92 12837 0 68 12838 0 69 12858 0 76 12891 0 76 12921 0 51 12946 0 53 12958 0 76 12970 0 54 12977 0 52 13075 0 53 13102 0 54 13178 0 51 13199 0 52 13199 0 53 13204 0 65 13205 0 64 13212 0 78 13231 0 90 13231 0 91 13231 0 92 13236 0 
TIME iteration: 299 ms
Round:25
IR: 0, 0, 0, 0, 0
13258 0 72 13263 0 78 13264 0 73 13297 0 78 13318 0 54 13323 0 53 13371 0 51 13375 0 52 13435 0 53 13492 0 65 13493 0 64 13495 0 78 13509 0 72 13511 0 73 13516 0 90 13516 0 91 13516 0 92 13518 0 78 13539 0 51 13544 0 78 13557 0 54 13559 0 52 13576 0 78 13582 0 53 13582 0 72 13588 0 73 13629 0 78 13697 0 52 13712 0 54 13719 0 53 13751 0 64 13751 0 65 13754 0 78 13771 0 72 13771 0 73 13774 0 90 13774 0 91 13774 0 92 13775 0 51 13777 0 
TIME iteration: 298 ms
Round:26
IR: 0, 0, 0, 0, 0
13803 0 78 13811 0 52 13835 0 78 13850 0 73 13855 0 72 13881 0 53 13889 0 78 13924 0 51 13952 0 52 13964 0 54 14043 0 51 14043 0 53 14059 0 64 14059 0 65 14063 0 78 14083 0 72 14083 0 73 14083 0 90 14083 0 91 14083 0 92 14086 0 78 14088 0 54 14092 0 52 14112 0 78 14143 0 51 14144 0 78 14199 0 54 14200 0 78 14226 0 53 14231 0 
TIME iteration: 299 ms
Round:27
IR: 0, 0, 0, 0, 0
14325 0 51 14355 0 54 14363 0 53 14404 0 52 14420 0 65 14422 0 64 14425 0 78 14435 0 51 14439 0 72 14439 0 73 14446 0 90 14446 0 91 14446 0 92 14448 0 78 14474 0 78 14487 0 54 14506 0 78 14508 0 53 14512 0 72 14515 0 73 14562 0 78 14571 0 51 14625 0 52 14628 0 54 14647 0 53 14683 0 64 14683 0 65 14686 0 78 14703 0 72 14704 0 73 14706 0 90 14706 0 91 14706 0 92 14709 0 78 14735 0 78 14742 0 52 14767 0 78 14784 0 72 14788 0 54 14788 0 73 14821 0 78 14832 0 
TIME iteration: 298 ms
Round:28
IR: 0, 0, 0, 0, 0
14864 0 52 14889 0 53 14995 0 51 15009 0 52 15021 0 54 15049 0 63 15050 0 62 15058 0 77 15066 0 53 15075 0 90 15075 0 91 15075 0 92 15082 0 77 15109 0 77 15144 0 77 15146 0 71 15154 0 52 15159 0 70 15216 0 53 15226 0 54 15260 0 51 15309 0 52 15351 0 62 15351 0 63 15353 0 
TIME iteration: 298 ms
Round:29
IR: 0, 0, 0, 0, 0
15374 0 71 15375 0 90 15375 0 91 15375 0 92 15376 0 70 15376 0 77 15402 0 77 15406 0 53 15417 0 52 15433 0 77 15439 0 54 15446 0 51 15484 0 77 15550 0 54 15557 0 53 15646 0 51 15660 0 52 15725 0 53 15728 0 54 15759 0 66 15759 0 67 15768 0 79 15769 0 65 15772 0 64 15775 0 51 15778 0 78 15785 0 90 15785 0 91 15785 0 92 15792 0 79 15802 0 78 15819 0 79 15829 0 78 15834 0 53 15839 0 52 15839 0 72 15839 0 73 15854 0 79 15855 0 74 15857 0 75 15863 0 78 15891 0 
TIME iteration: 298 ms
Round:30
IR: 0, 0, 0, 0, 0
15911 0 51 15912 0 90 15912 0 91 15912 0 92 16013 0 52 16027 0 53 16045 0 51 16061 0 54 16147 0 51 16158 0 53 16211 0 52 16244 0 54 16299 0 53 16306 0 51 16308 0 65 16309 0 60 16309 0 64 16311 0 61 16314 0 78 16318 0 76 16334 0 90 16334 0 91 16334 0 92 16335 0 54 16338 0 78 16342 0 76 16346 0 72 16346 0 73 16365 0 78 16369 0 76 16394 0 52 16398 0 78 16403 0 76 16405 0 69 16407 0 
TIME iteration: 298 ms
Round:31
IR: 0, 0, 0, 0, 0
16432 0 53 16465 0 78 16465 0 90 16465 0 91 16465 0 92 16492 0 54 16509 0 52 16514 0 51 16580 0 53 16618 0 54 16674 0 51 16675 0 52 16728 0 53 16732 0 54 16783 0 66 16785 0 67 16792 0 79 16813 0 90 16813 0 91 16813 0 92 16816 0 79 16841 0 54 16843 0 79 16847 0 51 16847 0 74 16849 0 75 16861 0 52 16878 0 79 16924 0 
TIME iteration: 298 ms
Round:32
IR: 0, 0, 0, 0, 0
16981 0 51 17011 0 54 17043 0 52 17080 0 51 17103 0 53 17120 0 60 17120 0 61 17127 0 76 17145 0 90 17145 0 91 17145 0 92 17151 0 76 17174 0 69 17177 0 68 17178 0 76 17211 0 51 17212 0 76 17236 0 54 17259 0 52 17279 0 53 17347 0 51 17385 0 54 17416 0 52 17475 0 51 17478 0 61 17479 0 60 17482 0 
TIME iteration: 299 ms
Round:33
IR: 0, 0, 0, 0, 0
17502 0 68 17502 0 69 17504 0 90 17504 0 91 17504 0 92 17505 0 76 17512 0 53 17531 0 76 17533 0 52 17563 0 76 17602 0 54 17618 0 76 17630 0 51 17654 0 53 17665 0 52 17733 0 54 17739 0 51 17768 0 53 17773 0 52 17796 0 61 17800 0 60 17802 0 76 17812 0 69 17813 0 68 17814 0 62 17815 0 63 17823 0 77 17823 0 90 17823 0 91 17823 0 92 17825 0 76 17847 0 77 17851 0 76 17869 0 54 17874 0 77 17876 0 69 17877 0 68 17883 0 76 17902 0 51 17905 0 71 17909 0 77 17910 0 70 17939 0 76 17947 0 90 17947 0 91 17947 0 92 17975 0 52 17976 0 
TIME iteration: 299 ms
Round:34
IR: 0, 0, 0, 0, 0
18098 0 52 18107 0 54 18136 0 53 18151 0 51 18198 0 52 18241 0 62 18241 0 63 18245 0 77 18253 0 54 18268 0 77 18269 0 90 18269 0 91 18269 0 92 18273 0 71 18274 0 70 18277 0 51 18294 0 77 18306 0 53 18310 0 52 18326 0 77 18382 0 77 18397 0 51 18420 0 54 18457 0 53 18481 0 
TIME iteration: 298 ms
Round:35
IR: 0, 0, 0, 0, 0
18578 0 51 18604 0 53 18641 0 65 18642 0 64 18645 0 54 18650 0 78 18667 0 61 18668 0 90 18668 0 91 18668 0 92 18674 0 78 18683 0 52 18683 0 76 18701 0 78 18714 0 76 18730 0 72 18733 0 73 18736 0 78 18753 0 51 18765 0 76 18774 0 53 18795 0 54 18807 0 90 18807 0 91 18807 0 92 18894 0 54 18902 0 51 18903 0 52 18941 0 53 18992 0 54 18995 0 51 19076 0 
TIME iteration: 299 ms
Round:36
IR: 0, 0, 0, 0, 0
19099 0 52 19127 0 54 19140 0 66 19140 0 67 19149 0 79 19165 0 51 19170 0 90 19170 0 91 19170 0 92 19173 0 79 19200 0 79 19213 0 52 19230 0 74 19234 0 75 19235 0 79 19283 0 51 19286 0 54 19309 0 53 19340 0 52 19466 0 53 19475 0 51 19477 0 54 19512 0 66 19512 0 67 19516 0 79 19538 0 90 19538 0 91 19538 0 92 19539 0 52 19539 0 79 19540 0 74 19540 0 75 19565 0 79 19595 0 53 19597 0 
TIME iteration: 298 ms
Round:37
IR: 0, 0, 0, 0, 0
19626 0 51 19626 0 54 19655 0 79 19697 0 52 19729 0 53 19784 0 52 19799 0 51 19835 0 54 19850 0 63 19852 0 62 19859 0 77 19876 0 90 19876 0 91 19876 0 92 19883 0 77 19894 0 52 19910 0 77 19930 0 70 19931 0 71 19944 0 77 19965 0 53 19980 0 51 19993 0 54 20011 0 52 20083 0 51 20085 0 
TIME iteration: 298 ms
Round:38
IR: 0, 0, 0, 0, 0
20167 0 54 20182 0 52 20186 0 51 20198 0 60 20198 0 61 20198 0 62 20200 0 63 20202 0 77 20206 0 76 20221 0 90 20221 0 91 20221 0 92 20223 0 53 20224 0 71 20225 0 70 20225 0 77 20230 0 76 20251 0 77 20257 0 76 20281 0 69 20282 0 68 20283 0 77 20290 0 51 20291 0 76 20337 0 77 20348 0 52 20350 0 90 20350 0 91 20350 0 92 20414 0 54 20426 0 53 20450 0 51 20537 0 54 20564 0 52 20609 0 53 20657 0 
TIME iteration: 307 ms
Round:39
IR: 0, 0, 0, 0, 0
20760 0 53 20762 0 54 20783 0 64 20783 0 65 20791 0 78 20794 0 52 20801 0 66 20801 0 67 20810 0 79 20814 0 90 20814 0 91 20814 0 92 20815 0 51 20815 0 78 20834 0 79 20842 0 78 20861 0 79 20866 0 54 20869 0 75 20870 0 74 20876 0 73 20876 0 78 20878 0 72 20896 0 79 20897 0 53 20942 0 90 20942 0 91 20942 0 92 20969 0 51 20974 0 54 21001 0 52 21034 0 53 21183 0 53 21188 0 54 21196 0 
TIME iteration: 298 ms
Round:40
IR: 0, 0, 0, 0, 0
21337 0 51 21353 0 52 21357 0 53 21359 0 54 21370 0 65 21371 0 64 21374 0 60 21375 0 61 21377 0 78 21382 0 76 21391 0 67 21393 0 66 21398 0 90 21398 0 91 21398 0 92 21399 0 79 21401 0 78 21406 0 76 21412 0 72 21413 0 73 21423 0 79 21428 0 78 21433 0 76 21434 0 74 21434 0 75 21443 0 69 21445 0 68 21450 0 79 21462 0 78 21467 0 76 21470 0 54 21484 0 79 21488 0 52 21510 0 51 21513 0 90 21513 0 91 21513 0 92 21543 0 78 21554 0 53 21582 0 54 21606 0 52 21637 0 51 21706 0 53 21710 0 
TIME iteration: 298 ms
Round:41
IR: 0, 0, 0, 0, 0
21741 0 52 21801 0 51 21831 0 54 21848 0 52 21848 0 67 21850 0 66 21854 0 79 21859 0 62 21860 0 63 21868 0 77 21877 0 90 21877 0 91 21877 0 92 21878 0 74 21878 0 75 21878 0 79 21892 0 77 21905 0 79 21919 0 77 21938 0 71 21938 0 79 21940 0 70 21946 0 52 21954 0 77 21968 0 51 21968 0 54 22006 0 90 22006 0 91 22006 0 92 22008 0 79 22054 0 53 22079 0 51 22091 0 54 22099 0 52 22185 0 53 22230 0 51 22238 0 
TIME iteration: 298 ms
Round:42
IR: 0, 0, 0, 0, 0
22328 0 52 22372 0 53 22392 0 51 22410 0 54 22413 0 60 22413 0 61 22416 0 64 22417 0 65 22421 0 76 22424 0 78 22427 0 66 22427 0 67 22434 0 79 22440 0 90 22440 0 91 22440 0 92 22445 0 76 22446 0 52 22448 0 78 22458 0 79 22461 0 75 22462 0 74 22472 0 76 22475 0 68 22475 0 78 22477 0 69 22478 0 73 22480 0 72 22485 0 79 22506 0 76 22509 0 78 22519 0 79 22554 0 53 22556 0 90 22556 0 91 22556 0 92 22560 0 54 22623 0 52 22641 0 51 22718 0 53 22725 0 52 22763 0 54 22774 0 
TIME iteration: 299 ms
Round:43
IR: 0, 0, 0, 0, 0
22858 0 53 22861 0 52 22877 0 54 22891 0 62 22891 0 63 22899 0 77 22914 0 51 22920 0 90 22920 0 91 22920 0 92 22923 0 77 22950 0 77 22955 0 70 22955 0 71 22984 0 77 22991 0 53 23010 0 52 23038 0 51 23086 0 54 23131 0 53 23159 0 52 23205 0 54 23226 0 63 23228 0 62 23230 0 77 23250 0 70 23250 0 71 23252 0 90 23252 0 91 23252 0 92 23253 0 77 23262 0 51 23279 0 77 23295 0 53 23311 0 
TIME iteration: 299 ms
Round:44
IR: 0, 0, 0, 0, 0
23324 0 54 23358 0 52 23365 0 77 23419 0 51 23493 0 53 23515 0 52 23515 0 54 23601 0 51 23623 0 53 23652 0 64 23653 0 65 23661 0 78 23666 0 61 23668 0 60 23675 0 76 23679 0 90 23679 0 91 23679 0 92 23685 0 78 23699 0 76 23700 0 52 23701 0 54 23712 0 78 23718 0 51 23723 0 73 23724 0 72 23726 0 76 23736 0 68 23740 0 69 23747 0 78 23750 0 53 23760 0 76 23805 0 90 23805 0 91 23805 0 92 23843 0 
TIME iteration: 298 ms
Round:45
IR: 0, 0, 0, 0, 0
23852 0 52 23911 0 51 23968 0 53 23999 0 52 24015 0 54 24051 0 51 24084 0 52 24118 0 62 24119 0 63 24126 0 77 24133 0 53 24147 0 90 24147 0 91 24147 0 92 24150 0 77 24170 0 71 24171 0 70 24177 0 77 24211 0 77 24243 0 52 24255 0 53 24337 0 54 24345 0 51 24368 0 
TIME iteration: 298 ms
Round:46
IR: 0, 0, 0, 0, 0
24425 0 53 24443 0 63 24444 0 62 24446 0 77 24463 0 71 24464 0 70 24468 0 90 24468 0 91 24468 0 92 24469 0 54 24469 0 77 24482 0 52 24492 0 51 24495 0 77 24527 0 77 24548 0 71 24550 0 53 24554 0 70 24580 0 77 24584 0 54 24630 0 52 24673 0 51 24675 0 53 24681 0 54 24696 0 62 24696 0 63 24699 0 77 24716 0 70 24716 0 71 24719 0 90 24719 0 91 24719 0 92 24722 0 77 24740 0 52 24748 0 77 24780 0 77 24797 0 53 24797 0 70 24798 0 71 24827 0 54 24833 0 77 24839 0 51 24874 0 
TIME iteration: 299 ms
Round:47
IR: 0, 0, 0, 0, 0
24927 0 53 24933 0 62 24934 0 63 24936 0 77 24951 0 70 24952 0 71 24956 0 90 24956 0 91 24956 0 92 24959 0 77 24966 0 51 24983 0 54 24985 0 77 25007 0 52 25016 0 77 25025 0 70 25025 0 71 25061 0 53 25067 0 77 25083 0 51 25091 0 52 25127 0 54 25132 0 62 25132 0 63 25134 0 77 25147 0 70 25147 0 71 25154 0 90 25154 0 91 25154 0 92 25157 0 77 25159 0 53 25183 0 77 25209 0 51 25209 0 71 25210 0 70 25214 0 77 25264 0 77 25279 0 52 25289 0 53 25312 0 54 25356 0 51 25391 0 53 25405 0 52 25417 0 54 25423 0 62 25423 0 63 25426 0 
TIME iteration: 299 ms
Round:48
IR: 0, 0, 0, 0, 0
25443 0 71 25444 0 70 25447 0 90 25447 0 91 25447 0 92 25449 0 77 25475 0 77 25480 0 53 25507 0 77 25536 0 71 25540 0 70 25548 0 51 25561 0 77 25572 0 53 25585 0 52 25613 0 54 25685 0 53 25729 0 64 25730 0 65 25738 0 78 25754 0 90 25754 0 91 25754 0 92 25757 0 51 25762 0 78 25778 0 52 25789 0 78 25800 0 53 25811 0 54 25816 0 72 25824 0 78 25829 0 73 25874 0 
TIME iteration: 298 ms
Round:49
IR: 0, 0, 0, 0, 0
25982 0 52 26001 0 51 26022 0 53 26026 0 54 26140 0 52 26146 0 51 26148 0 60 26149 0 61 26157 0 76 26175 0 53 26175 0 90 26175 0 91 26175 0 92 26181 0 76 26208 0 76 26243 0 69 26243 0 76 26246 0 68 26248 0 54 26280 0 53 26285 0 51 26287 0 52 26398 0 54 26424 0 51 26429 0 53 26450 0 61 26451 0 60 26453 0 76 26473 0 68 26474 0 69 26475 0 90 26475 0 91 26475 0 92 26476 0 76 26480 0 
TIME iteration: 299 ms
Round:50
IR: 0, 0, 0, 0, 0
26502 0 76 26534 0 76 26555 0 54 26587 0 76 26622 0 53 26626 0 52 26661 0 51 26695 0 54 26757 0 52 26797 0 51 26825 0 63 26829 0 53 26830 0 62 26836 0 77 26845 0 60 26846 0 61 26850 0 76 26853 0 90 26853 0 91 26853 0 92 26860 0 52 26860 0 77 26865 0 68 26866 0 69 26874 0 76 26887 0 77 26889 0 54 26900 0 76 26901 0 71 26907 0 70 26922 0 77 26933 0 76 26946 0 68 26951 0 53 26952 0 51 26975 0 69 26977 0 90 26977 0 91 26977 0 92 26994 0 76 26996 0 
TIME iteration: 299 ms
Round:51
IR: 0, 0, 0, 0, 0
27110 0 54 27159 0 51 27162 0 53 27255 0 54 27260 0 52 27301 0 53 27337 0 51 27384 0 54 27392 0 61 27393 0 66 27393 0 67 27396 0 60 27400 0 76 27402 0 79 27419 0 90 27419 0 91 27419 0 92 27424 0 76 27426 0 79 27434 0 68 27436 0 69 27446 0 53 27450 0 52 27451 0 76 27453 0 79 27466 0 51 27485 0 76 27486 0 75 27488 0 79 27493 0 74 27551 0 90 27551 0 91 27551 0 
TIME iteration: 298 ms
Round:52
IR: 0, 0, 0, 0, 0
27560 0 76 27566 0 54 27614 0 52 27617 0 51 27629 0 53 27740 0 51 27751 0 52 27763 0 54 27879 0 51 27903 0 61 27904 0 60 27910 0 76 27930 0 53 27930 0 54 27933 0 90 27933 0 91 27933 0 92 27934 0 76 27935 0 68 27936 0 69 27951 0 52 27961 0 76 27995 0 76 28007 0 51 28041 0 54 28076 0 
TIME iteration: 298 ms
Round:53
IR: 0, 0, 0, 0, 0
28146 0 51 28167 0 53 28205 0 52 28267 0 54 28273 0 53 28325 0 64 28325 0 65 28333 0 78 28352 0 90 28352 0 91 28352 0 92 28357 0 78 28382 0 52 28384 0 53 28384 0 78 28416 0 54 28417 0 72 28418 0 78 28422 0 73 28425 0 51 28488 0 53 28582 0 52 28609 0 
TIME iteration: 298 ms
Round:54
IR: 0, 0, 0, 0, 0
28651 0 51 28706 0 52 28721 0 53 28725 0 54 28737 0 64 28738 0 65 28742 0 62 28742 0 78 28743 0 63 28745 0 66 28745 0 67 28751 0 77 28754 0 79 28763 0 90 28763 0 91 28763 0 92 28766 0 78 28769 0 73 28770 0 72 28775 0 77 28778 0 79 28792 0 78 28802 0 77 28805 0 79 28821 0 52 28822 0 74 28825 0 75 28825 0 78 28826 0 71 28830 0 70 28837 0 77 28840 0 79 28852 0 51 28873 0 53 28878 0 54 28880 0 90 28880 0 91 28880 0 92 28886 0 78 28942 0 52 29016 0 51 29026 0 53 29049 0 54 29141 0 
TIME iteration: 298 ms
Round:55
IR: 0, 0, 0, 0, 0
29205 0 54 29208 0 51 29211 0 53 29268 0 67 29269 0 66 29275 0 79 29288 0 52 29298 0 90 29298 0 91 29298 0 92 29299 0 79 29305 0 51 29306 0 74 29306 0 75 29326 0 79 29359 0 54 29360 0 79 29422 0 53 29426 0 52 29432 0 51 29563 0 52 29574 0 51 29588 0 53 29623 0 54 29643 0 60 29643 0 61 29651 0 76 29669 0 90 29669 0 91 29669 0 92 29675 0 
TIME iteration: 444 ms
Round:56
IR: 0, 0, 0, 0, 0
29702 0 76 29709 0 51 29729 0 68 29730 0 69 29736 0 76 29745 0 53 29758 0 52 29781 0 54 29813 0 51 29902 0 52 29914 0 53 29958 0 54 30007 0 51 30011 0 53 30012 0 52 30018 0 61 30019 0 60 30022 0 76 30026 0 62 30028 0 63 30028 0 64 30028 0 65 30035 0 77 30036 0 78 30044 0 90 30044 0 91 30044 0 92 30045 0 76 30046 0 68 30048 0 69 30059 0 77 30060 0 78 30071 0 76 30086 0 77 30087 0 78 30099 0 73 30100 0 71 30101 0 72 30102 0 70 30103 0 76 30108 0 54 30120 0 77 30121 0 78 30158 0 76 30160 0 90 30160 0 91 30160 0 92 30190 0 52 30193 0 
TIME iteration: 299 ms
Round:57
IR: 0, 0, 0, 0, 0
30226 0 53 30275 0 54 30289 0 52 30409 0 51 30415 0 53 30434 0 52 30486 0 63 30489 0 62 30492 0 77 30508 0 53 30516 0 77 30516 0 90 30516 0 91 30516 0 92 30519 0 71 30521 0 70 30527 0 52 30528 0 54 30542 0 77 30575 0 77 30625 0 52 30632 0 51 30636 0 77 30729 0 53 30733 0 
TIME iteration: 298 ms
Round:58
IR: 0, 0, 0, 0, 0
30750 0 52 30789 0 62 30790 0 63 30793 0 77 30795 0 51 30804 0 70 30805 0 71 30814 0 90 30814 0 91 30814 0 92 30816 0 77 30842 0 77 30863 0 54 30869 0 70 30873 0 71 30874 0 77 30927 0 52 30929 0 77 30932 0 53 30947 0 51 31060 0 54 31095 0 53 31142 0 52 31172 0 63 31174 0 62 31178 0 77 31199 0 90 31199 0 91 31199 0 92 31201 0 70 31202 0 71 31202 0 77 31206 0 54 31229 0 77 31232 0 53 31241 0 51 31262 0 
TIME iteration: 299 ms
Round:59
IR: 0, 0, 0, 0, 0
31318 0 52 31327 0 77 31330 0 54 31457 0 52 31459 0 51 31479 0 53 31491 0 54 31535 0 62 31538 0 63 31541 0 77 31555 0 70 31555 0 71 31562 0 90 31562 0 91 31562 0 92 31565 0 77 31591 0 77 31606 0 53 31618 0 54 31624 0 77 31628 0 70 31628 0 71 31635 0 51 31685 0 77 31703 0 52 31723 0 53 31745 0 54 31753 0 
TIME iteration: 298 ms
Round:60
IR: 0, 0, 0, 0, 0
31885 0 53 31887 0 52 31890 0 54 31907 0 62 31907 0 63 31910 0 51 31912 0 77 31917 0 66 31917 0 67 31921 0 64 31922 0 65 31926 0 79 31930 0 78 31933 0 60 31933 0 90 31933 0 91 31933 0 92 31934 0 70 31935 0 71 31936 0 77 31950 0 79 31951 0 76 31954 0 78 31963 0 77 31977 0 79 31981 0 78 31983 0 76 31996 0 77 32007 0 52 32011 0 72 32012 0 79 32013 0 73 32014 0 74 32016 0 75 32016 0 78 32031 0 53 32038 0 76 32045 0 90 32045 0 91 32045 0 92 32058 0 54 32061 0 77 32075 0 51 32170 0 52 32201 0 54 32238 0 53 32267 0 
TIME iteration: 298 ms
Round:61
IR: 0, 0, 0, 0, 0
32336 0 53 32345 0 52 32366 0 54 32390 0 64 32390 0 65 32395 0 78 32417 0 67 32418 0 90 32418 0 91 32418 0 92 32419 0 78 32424 0 72 32424 0 73 32429 0 51 32429 0 79 32446 0 78 32459 0 79 32463 0 53 32479 0 78 32481 0 54 32505 0 79 32543 0 52 32545 0 78 32558 0 90 32558 0 91 32558 0 92 32637 0 54 32646 0 51 32647 0 53 32756 0 52 32778 0 54 32829 0 
TIME iteration: 298 ms
Round:62
IR: 0, 0, 0, 0, 0
32889 0 53 32926 0 54 32946 0 66 32946 0 67 32953 0 79 32976 0 90 32976 0 91 32976 0 92 32977 0 79 32984 0 51 32984 0 74 32984 0 75 32985 0 52 33004 0 79 33034 0 53 33038 0 79 33076 0 54 33120 0 51 33188 0 52 33206 0 53 33220 0 54 33305 0 52 33319 0 67 33327 0 79 33351 0 90 33351 0 91 33351 0 92 33356 0 79 33367 0 
TIME iteration: 298 ms
Round:63
IR: 0, 0, 0, 0, 0
33395 0 51 33397 0 79 33420 0 52 33437 0 53 33504 0 54 33522 0 52 33534 0 51 33638 0 52 33647 0 54 33655 0 51 33657 0 62 33657 0 63 33665 0 77 33676 0 53 33684 0 90 33684 0 91 33684 0 92 33689 0 77 33716 0 77 33739 0 70 33742 0 71 33750 0 77 33785 0 51 33790 0 54 33814 0 52 33823 0 
TIME iteration: 298 ms
Round:64
IR: 0, 0, 0, 0, 0
33920 0 54 33943 0 52 33943 0 53 33973 0 62 33973 0 63 33976 0 77 33981 0 51 33996 0 70 33997 0 71 33998 0 90 33998 0 91 33998 0 92 33999 0 77 34025 0 77 34047 0 53 34057 0 77 34101 0 52 34111 0 51 34111 0 77 34168 0 53 34204 0 54 34231 0 52 34296 0 53 34298 0 51 34323 0 64 34325 0 65 34332 0 78 34349 0 90 34349 0 91 34349 0 92 34356 0 78 34383 0 78 34386 0 54 34395 0 53 34409 0 73 34414 0 72 34417 0 78 34425 0 52 34443 0 
TIME iteration: 299 ms
Round:65
IR: 0, 0, 0, 0, 0
34517 0 53 34567 0 51 34588 0 52 34637 0 53 34638 0 64 34638 0 65 34641 0 78 34659 0 51 34661 0 73 34662 0 72 34662 0 90 34662 0 91 34662 0 92 34664 0 78 34690 0 78 34694 0 54 34722 0 78 34775 0 52 34776 0 78 34781 0 51 34793 0 53 34894 0 54 34913 0 51 34924 0 53 34942 0 
TIME iteration: 298 ms
Round:66
IR: 0, 0, 0, 0, 0
34980 0 65 34982 0 64 34985 0 78 34996 0 72 34997 0 73 35006 0 90 35006 0 91 35006 0 92 35008 0 78 35027 0 54 35034 0 78 35062 0 72 35065 0 73 35066 0 78 35083 0 53 35085 0 52 35122 0 78 35126 0 51 35178 0 52 35233 0 53 35243 0 54 35268 0 64 35268 0 65 35271 0 78 35289 0 72 35290 0 73 35292 0 90 35292 0 91 35292 0 92 35294 0 51 35294 0 78 35307 0 52 35320 0 78 35352 0 78 35366 0 53 35406 0 78 35407 0 54 35470 0 51 35505 0 
TIME iteration: 298 ms
Round:67
IR: 0, 0, 0, 0, 0
35516 0 52 35545 0 53 35605 0 54 35613 0 66 35613 0 67 35622 0 79 35629 0 52 35638 0 90 35638 0 91 35638 0 92 35646 0 79 35673 0 79 35676 0 51 35708 0 74 35708 0 75 35708 0 79 35718 0 53 35744 0 52 35745 0 54 35815 0 51 35843 0 52 35873 0 53 35908 0 54 35922 0 51 35937 0 66 35937 0 67 35940 0 79 35959 0 60 35960 0 61 35961 0 74 35962 0 75 35962 0 90 35962 0 91 35962 0 92 35963 0 79 35968 0 76 35984 0 52 35989 0 79 35992 0 76 36019 0 76 36021 0 79 36022 0 54 36033 0 
TIME iteration: 299 ms
Round:68
IR: 0, 0, 0, 0, 0
36051 0 69 36054 0 76 36055 0 68 36069 0 51 36077 0 79 36084 0 52 36084 0 90 36084 0 91 36084 0 92 36119 0 54 36202 0 52 36204 0 51 36215 0 53 36255 0 54 36314 0 52 36394 0 51 36404 0 54 36431 0 52 36434 0 62 36434 0 63 36442 0 66 36442 0 67 36442 0 77 36448 0 79 36463 0 90 36463 0 91 36463 0 92 36466 0 77 36469 0 74 36470 0 75 36472 0 79 36493 0 77 36498 0 53 36499 0 79 36527 0 71 36527 0 77 36528 0 70 36533 0 
TIME iteration: 298 ms
Round:69
IR: 0, 0, 0, 0, 0
36570 0 51 36574 0 52 36590 0 54 36595 0 90 36595 0 91 36595 0 92 36647 0 53 36722 0 52 36748 0 54 36808 0 51 36838 0 52 36883 0 53 36910 0 54 36925 0 52 36928 0 51 36928 0 62 36929 0 63 36934 0 77 36958 0 77 36958 0 90 36958 0 91 36958 0 92 36964 0 71 36965 0 70 36985 0 77 37018 0 77 37039 0 52 37051 0 53 37063 0 51 37085 0 77 37097 0 
TIME iteration: 298 ms
Round:70
IR: 0, 0, 0, 0, 0
37180 0 53 37206 0 51 37230 0 52 37332 0 53 37345 0 54 37347 0 65 37348 0 64 37353 0 51 37356 0 78 37362 0 60 37362 0 61 37370 0 76 37374 0 90 37374 0 91 37374 0 92 37380 0 78 37394 0 76 37407 0 78 37421 0 76 37427 0 52 37435 0 73 37439 0 68 37441 0 69 37441 0 72 37442 0 78 37455 0 53 37455 0 76 37500 0 90 37500 0 91 37500 0 92 37512 0 51 37556 0 54 37561 0 
TIME iteration: 298 ms
Round:71
IR: 0, 0, 0, 0, 0
37657 0 51 37670 0 53 37723 0 52 37784 0 53 37800 0 54 37832 0 51 37875 0 65 37877 0 64 37882 0 78 37893 0 60 37894 0 61 37899 0 52 37899 0 76 37906 0 78 37906 0 90 37906 0 91 37906 0 92 37915 0 72 37915 0 73 37917 0 53 37923 0 76 37930 0 69 37932 0 68 37933 0 78 37944 0 54 37950 0 76 37967 0 78 37983 0 76 37991 0 51 38034 0 90 38034 0 91 38034 0 92 38035 0 53 38042 0 52 38043 0 78 38050 0 76 38088 0 54 38090 0 51 38154 0 
TIME iteration: 299 ms
Round:72
IR: 0, 0, 0, 0, 0
38193 0 52 38197 0 51 38234 0 54 38284 0 53 38343 0 51 38366 0 52 38370 0 60 38371 0 61 38376 0 76 38386 0 54 38400 0 68 38400 0 69 38400 0 76 38400 0 90 38400 0 91 38400 0 92 38414 0 53 38427 0 76 38442 0 51 38460 0 76 38490 0 53 38527 0 76 38528 0 52 38535 0 54 38577 0 51 38598 0 53 38658 0 54 38665 0 
TIME iteration: 298 ms
Round:73
IR: 0, 0, 0, 0, 0
38695 0 51 38711 0 60 38711 0 61 38715 0 76 38728 0 68 38729 0 69 38736 0 90 38736 0 91 38736 0 92 38738 0 76 38764 0 76 38796 0 76 38801 0 69 38802 0 68 38821 0 53 38850 0 52 38852 0 76 38883 0 51 38884 0 54 38978 0 52 39014 0 53 39043 0 51 39051 0 54 39057 0 61 39058 0 60 39062 0 76 39083 0 90 39083 0 91 39083 0 92 39084 0 68 39084 0 69 39086 0 76 39112 0 76 39145 0 76 39152 0 53 39155 0 54 39206 0 76 39207 0 
TIME iteration: 298 ms
Round:74
IR: 0, 0, 0, 0, 0
39264 0 52 39333 0 54 39352 0 53 39376 0 51 39417 0 52 39445 0 60 39446 0 61 39449 0 54 39450 0 76 39463 0 66 39464 0 67 39466 0 68 39466 0 69 39471 0 90 39471 0 91 39471 0 92 39472 0 79 39474 0 76 39496 0 79 39500 0 76 39508 0 53 39523 0 79 39533 0 76 39550 0 68 39554 0 69 39558 0 52 39558 0 79 39560 0 75 39567 0 74 39594 0 76 39595 0 90 39595 0 91 39595 0 92 39640 0 54 39701 0 51 39709 0 52 39718 0 
TIME iteration: 298 ms
Round:75
IR: 0, 0, 0, 0, 0
39768 0 54 39857 0 52 39869 0 51 39871 0 53 39901 0 54 39930 0 66 39931 0 67 39936 0 79 39960 0 79 39960 0 90 39960 0 91 39960 0 92 39965 0 75 39966 0 74 39971 0 52 39987 0 79 40021 0 79 40044 0 53 40075 0 51 40091 0 52 40132 0 54 40191 0 53 40249 0 52 40251 0 
TIME iteration: 298 ms
Round:76
IR: 0, 0, 0, 0, 0
40298 0 67 40299 0 66 40302 0 79 40314 0 53 40319 0 62 40319 0 74 40319 0 75 40321 0 51 40324 0 90 40324 0 91 40324 0 92 40325 0 79 40337 0 77 40351 0 79 40369 0 77 40383 0 79 40407 0 75 40409 0 74 40424 0 54 40424 0 77 40427 0 52 40433 0 51 40441 0 79 40463 0 53 40465 0 90 40465 0 91 40465 0 92 40551 0 51 40558 0 52 40592 0 53 40618 0 54 40685 0 52 40716 0 53 40723 0 51 40761 0 
TIME iteration: 299 ms
Round:77
IR: 0, 0, 0, 0, 0
40815 0 52 40828 0 62 40828 0 63 40834 0 77 40846 0 53 40849 0 64 40849 0 65 40853 0 66 40857 0 78 40858 0 77 40858 0 90 40858 0 91 40858 0 92 40868 0 79 40873 0 51 40875 0 70 40876 0 71 40881 0 78 40885 0 77 40899 0 79 40908 0 78 40915 0 54 40919 0 52 40919 0 77 40942 0 78 40946 0 72 40946 0 73 40950 0 79 40968 0 51 40976 0 90 40976 0 91 40976 0 92 40995 0 77 41004 0 53 41054 0 54 41086 0 52 41087 0 51 41155 0 53 41234 0 54 41236 0 51 41263 0 52 41328 0 
TIME iteration: 298 ms
Round:78
IR: 0, 0, 0, 0, 0
41347 0 51 41352 0 60 41353 0 61 41361 0 76 41367 0 65 41368 0 64 41373 0 78 41382 0 90 41382 0 91 41382 0 92 41385 0 76 41397 0 78 41406 0 73 41407 0 72 41412 0 76 41414 0 54 41424 0 78 41443 0 69 41445 0 68 41447 0 76 41457 0 78 41475 0 51 41496 0 53 41510 0 90 41510 0 91 41510 0 92 41519 0 52 41524 0 78 41571 0 54 41631 0 51 41671 0 53 41675 0 52 41699 0 54 41792 0 51 41820 0 52 41822 0 53 41828 0 54 41856 0 66 41857 0 67 41865 0 
TIME iteration: 298 ms
Round:79
IR: 0, 0, 0, 0, 0
41886 0 90 41886 0 91 41886 0 92 41889 0 79 41916 0 79 41917 0 74 41920 0 75 41924 0 54 41926 0 51 41951 0 79 41991 0 52 42033 0 54 42077 0 51 42097 0 53 42193 0 51 42211 0 54 42225 0 60 42225 0 61 42227 0 66 42227 0 67 42231 0 79 42232 0 76 42249 0 53 42249 0 90 42249 0 91 42249 0 92 42251 0 74 42253 0 75 42255 0 79 42256 0 76 42281 0 69 42281 0 79 42282 0 68 42283 0 76 42290 0 52 42314 0 79 42317 0 76 42351 0 54 42377 0 79 42379 0 90 42379 0 91 42379 0 
TIME iteration: 299 ms
Round:80
IR: 0, 0, 0, 0, 0
42407 0 52 42409 0 53 42445 0 51 42461 0 54 42567 0 52 42588 0 51 42598 0 53 42692 0 52 42701 0 54 42716 0 51 42734 0 62 42734 0 63 42741 0 60 42741 0 61 42742 0 77 42746 0 76 42762 0 90 42762 0 91 42762 0 92 42766 0 77 42770 0 76 42776 0 68 42776 0 69 42789 0 53 42793 0 77 42797 0 76 42818 0 70 42819 0 71 42827 0 77 42830 0 76 42871 0 52 42876 0 51 42893 0 90 42893 0 91 42893 0 92 42896 0 76 42917 0 54 42928 0 
TIME iteration: 298 ms
Round:81
IR: 0, 0, 0, 0, 0
43016 0 52 43048 0 51 43072 0 54 43115 0 53 43151 0 51 43194 0 54 43200 0 52 43217 0 53 43244 0 67 43245 0 66 43247 0 61 43249 0 51 43250 0 60 43251 0 64 43252 0 65 43253 0 79 43255 0 76 43260 0 78 43271 0 90 43271 0 91 43271 0 92 43277 0 79 43279 0 76 43280 0 69 43281 0 68 43284 0 78 43304 0 75 43304 0 79 43305 0 74 43306 0 76 43310 0 52 43311 0 78 43336 0 73 43339 0 79 43340 0 72 43340 0 76 43346 0 78 43363 0 53 43387 0 54 43388 0 90 43388 0 91 43388 0 92 43389 0 51 43414 0 52 43421 0 
TIME iteration: 298 ms
Round:82
IR: 0, 0, 0, 0, 0
43492 0 51 43527 0 54 43552 0 53 43574 0 52 43633 0 51 43650 0 53 43723 0 52 43727 0 65 43730 0 64 43734 0 78 43741 0 54 43757 0 90 43757 0 91 43757 0 92 43758 0 78 43764 0 72 43764 0 73 43776 0 51 43785 0 78 43811 0 53 43818 0 78 43834 0 52 43885 0 78 43928 0 53 43931 0 
TIME iteration: 298 ms
Round:83
IR: 0, 0, 0, 0, 0
44064 0 54 44065 0 53 44069 0 51 44079 0 64 44079 0 65 44083 0 78 44098 0 52 44098 0 72 44099 0 73 44104 0 90 44104 0 91 44104 0 92 44106 0 78 44132 0 78 44164 0 78 44175 0 72 44190 0 73 44220 0 78 44252 0 51 44261 0 53 44271 0 54 44283 0 52 44372 0 51 44467 0 52 44468 0 53 44483 0 64 44483 0 65 44488 0 78 44492 0 54 44496 0 51 44498 0 60 44499 0 61 44507 0 76 44509 0 90 44509 0 91 44509 0 92 44512 0 78 44513 0 72 44514 0 
TIME iteration: 299 ms
Round:84
IR: 0, 0, 0, 0, 0
44531 0 76 44539 0 78 44558 0 76 44566 0 69 44569 0 68 44572 0 78 44593 0 76 44611 0 51 44622 0 52 44633 0 53 44634 0 90 44634 0 91 44634 0 92 44638 0 78 44690 0 54 44707 0 52 44774 0 51 44816 0 53 44851 0 54 44868 0 52 44928 0 51 44945 0 53 44975 0 54 45004 0 66 45005 0 67 45008 0 65 45010 0 64 45013 0 79 45015 0 78 45032 0 90 45032 0 91 45032 0 92 45037 0 79 45039 0 73 45039 0 78 45040 0 
TIME iteration: 298 ms
Round:85
IR: 0, 0, 0, 0, 0
45064 0 79 45066 0 78 45069 0 52 45082 0 53 45092 0 75 45093 0 74 45099 0 79 45100 0 78 45114 0 51 45147 0 54 45164 0 90 45164 0 91 45164 0 92 45176 0 78 45202 0 53 45232 0 52 45296 0 51 45338 0 53 45345 0 54 45347 0 52 45420 0 51 45444 0 53 45447 0 52 45472 0 62 45473 0 63 45480 0 64 45481 0 65 45481 0 77 45486 0 78 45493 0 54 45501 0 90 45501 0 91 45501 0 92 45505 0 77 45508 0 72 45508 0 73 45510 0 78 45532 0 77 45537 0 78 45546 0 53 45563 0 70 45567 0 71 45567 0 77 45570 0 
TIME iteration: 299 ms
Round:86
IR: 0, 0, 0, 0, 0
45586 0 51 45602 0 54 45613 0 52 45631 0 53 45632 0 90 45632 0 91 45632 0 92 45637 0 78 45764 0 54 45766 0 51 45766 0 53 45785 0 52 45908 0 53 45916 0 54 45917 0 51 45974 0 52 46009 0 65 46012 0 64 46017 0 78 46041 0 72 46041 0 78 46041 0 90 46041 0 91 46041 0 92 46042 0 73 46068 0 78 46102 0 
TIME iteration: 298 ms
Round:87
IR: 0, 0, 0, 0, 0
46126 0 54 46144 0 51 46159 0 53 46169 0 52 46183 0 78 46237 0 54 46308 0 53 46347 0 54 46365 0 67 46366 0 66 46374 0 79 46388 0 51 46391 0 90 46391 0 91 46391 0 92 46398 0 79 46425 0 79 46440 0 75 46442 0 74 46453 0 53 46460 0 79 46465 0 54 46508 0 52 46574 0 51 46579 0 54 46628 0 53 46635 0 66 46637 0 67 46638 0 
TIME iteration: 298 ms
Round:88
IR: 0, 0, 0, 0, 0
46655 0 74 46656 0 75 46659 0 90 46659 0 91 46659 0 92 46661 0 79 46687 0 51 46687 0 79 46719 0 79 46738 0 74 46739 0 54 46741 0 75 46760 0 53 46772 0 52 46774 0 79 46850 0 51 46900 0 53 46929 0 52 46939 0 54 46966 0 67 46967 0 66 46971 0 79 46991 0 74 46991 0 75 46991 0 90 46991 0 91 46991 0 92 46995 0 79 47021 0 79 47032 0 54 47054 0 79 47090 0 53 47120 0 79 47151 0 52 47153 0 
TIME iteration: 298 ms
Round:89
IR: 0, 0, 0, 0, 0
47211 0 54 47245 0 53 47291 0 52 47311 0 51 47338 0 54 47352 0 66 47353 0 67 47358 0 79 47372 0 75 47373 0 74 47378 0 90 47378 0 91 47378 0 92 47382 0 79 47392 0 53 47409 0 79 47443 0 79 47451 0 75 47455 0 51 47459 0 74 47494 0 52 47511 0 54 47514 0 53 47588 0 51 47669 0 54 47680 0 66 47681 0 67 47684 0 79 47698 0 
TIME iteration: 305 ms
Round:90
IR: 0, 0, 0, 0, 0
47703 0 51 47705 0 90 47705 0 91 47705 0 92 47706 0 74 47706 0 75 47707 0 79 47717 0 52 47733 0 79 47765 0 79 47816 0 54 47822 0 79 47824 0 53 47856 0 52 47907 0 51 47933 0 54 47991 0 53 48008 0 66 48009 0 67 48013 0 79 48023 0 74 48023 0 75 48028 0 52 48033 0 90 48033 0 91 48033 0 92 48037 0 79 48064 0 79 48087 0 74 48088 0 51 48088 0 75 48097 0 79 48129 0 53 48140 0 54 48169 0 79 48210 0 
TIME iteration: 299 ms
Round:91
IR: 0, 0, 0, 0, 0
48250 0 53 48262 0 52 48292 0 54 48320 0 66 48322 0 67 48325 0 79 48343 0 74 48343 0 75 48344 0 51 48345 0 90 48345 0 91 48345 0 92 48349 0 79 48374 0 53 48375 0 79 48408 0 79 48430 0 54 48440 0 75 48471 0 79 48526 0 52 48534 0 53 48546 0 51 48603 0 54 48637 0 52 48647 0 66 48648 0 67 48652 0 79 48662 0 74 48672 0 90 48672 0 91 48672 0 92 48673 0 75 48676 0 79 48702 0 79 48704 0 53 48725 0 74 48735 0 
TIME iteration: 299 ms
Round:92
IR: 0, 0, 0, 0, 0
48760 0 52 48772 0 51 48782 0 54 48803 0 79 48870 0 52 48903 0 54 48926 0 53 48933 0 51 48947 0 66 48948 0 67 48951 0 79 48961 0 75 48970 0 74 48972 0 90 48972 0 91 48972 0 92 48974 0 79 49000 0 79 49007 0 52 49023 0 75 49032 0 54 49032 0 79 49034 0 53 49089 0 79 49114 0 51 49126 0 52 49167 0 54 49179 0 53 49236 0 51 49282 0 54 49284 0 66 49284 0 67 49288 0 
TIME iteration: 299 ms
Round:93
IR: 0, 0, 0, 0, 0
49300 0 74 49303 0 52 49309 0 75 49309 0 90 49309 0 91 49309 0 92 49312 0 79 49338 0 79 49357 0 53 49367 0 74 49371 0 79 49382 0 51 49396 0 54 49435 0 79 49437 0 52 49521 0 54 49542 0 53 49564 0 52 49565 0 66 49565 0 67 49569 0 79 49572 0 51 49577 0 75 49585 0 74 49589 0 90 49589 0 91 49589 0 92 49592 0 79 49618 0 79 49632 0 54 49635 0 75 49650 0 79 49654 0 53 49671 0 74 49708 0 79 49742 0 54 49750 0 52 49762 0 51 49792 0 66 49792 0 67 49795 0 79 49807 0 75 49810 0 74 49815 0 90 49815 0 91 49815 0 92 49818 0 
TIME iteration: 299 ms
Round:94
IR: 0, 0, 0, 0, 0
49824 0 53 49844 0 79 49871 0 75 49876 0 79 49879 0 74 49885 0 52 49900 0 51 49901 0 54 49930 0 79 49986 0 53 50013 0 52 50051 0 54 50078 0 67 50079 0 66 50080 0 51 50082 0 79 50099 0 75 50100 0 74 50102 0 90 50102 0 91 50102 0 92 50105 0 79 50112 0 52 50131 0 79 50136 0 53 50163 0 79 50195 0 74 50195 0 75 50206 0 51 50218 0 79 50227 0 54 50249 0 53 50260 0 
TIME iteration: 298 ms
Round:95
IR: 0, 0, 0, 0, 0
50360 0 51 50369 0 54 50377 0 66 50377 0 67 50381 0 79 50382 0 52 50400 0 75 50401 0 74 50401 0 90 50401 0 91 50401 0 92 50405 0 79 50424 0 53 50431 0 79 50464 0 79 50476 0 52 50529 0 79 50531 0 51 50541 0 54 50574 0 53 50646 0 52 50652 0 51 50718 0 54 50748 0 53 50779 0 66 50779 0 67 50784 0 79 50798 0 65 50799 0 75 50800 0 64 50800 0 74 50805 0 90 50805 0 91 50805 0 92 50807 0 78 50808 0 79 50809 0 51 50831 0 78 50835 0 79 50858 0 78 50868 0 
TIME iteration: 298 ms
Round:96
IR: 0, 0, 0, 0, 0
50880 0 53 50885 0 75 50891 0 73 50892 0 78 50897 0 54 50903 0 52 50903 0 72 50926 0 51 50929 0 90 50929 0 91 50929 0 92 50939 0 79 51000 0 54 51039 0 53 51088 0 52 51125 0 51 51138 0 54 51226 0 53 51259 0 52 51261 0 51 51294 0 54 51311 0 66 51311 0 67 51318 0 79 51323 0 60 51324 0 61 51332 0 76 51340 0 74 51341 0 90 51341 0 91 51341 0 92 51342 0 53 51342 0 79 51350 0 75 51356 0 76 51369 0 79 51383 0 76 51398 0 54 51403 0 
TIME iteration: 299 ms
Round:97
IR: 0, 0, 0, 0, 0
51410 0 52 51418 0 76 51427 0 69 51442 0 51 51471 0 90 51471 0 91 51471 0 92 51472 0 53 51504 0 54 51537 0 52 51577 0 51 51627 0 54 51647 0 53 51674 0 52 51699 0 51 51770 0 53 51775 0 52 51788 0 54 51798 0 62 51798 0 63 51806 0 77 51827 0 90 51827 0 91 51827 0 92 51830 0 77 51840 0 51 51857 0 77 51891 0 77 51892 0 71 51893 0 70 51894 0 53 51938 0 
TIME iteration: 299 ms
Round:98
IR: 0, 0, 0, 0, 0
51986 0 54 52101 0 54 52136 0 52 52143 0 53 52173 0 63 52175 0 62 52178 0 77 52200 0 90 52200 0 91 52200 0 92 52201 0 77 52202 0 70 52203 0 71 52227 0 77 52238 0 51 52259 0 77 52273 0 54 52289 0 53 52315 0 77 52379 0 52 52386 0 53 52414 0 
TIME iteration: 298 ms
Round:99
IR: 0, 0, 0, 0, 0
52484 0 54 52504 0 53 52518 0 64 52518 0 65 52526 0 78 52543 0 90 52543 0 91 52543 0 92 52549 0 52 52550 0 78 52577 0 78 52601 0 72 52602 0 73 52611 0 78 52631 0 54 52665 0 52 52667 0 51 52689 0 53 52783 0 54 52827 0 51 52833 0 53 52859 0 64 52859 0 65 52862 0 78 52884 0 72 52884 0 73 52884 0 90 52884 0 91 52884 0 92 52885 0 78 52911 0 78 52923 0 52 52943 0 78 52966 0 54 52979 0 51 52997 0 
TIME iteration: 298 ms
Round:100
IR: 0, 0, 0, 0, 0
53018 0 53 53070 0 52 53118 0 51 53152 0 53 53163 0 54 53189 0 52 53219 0 64 53219 0 65 53222 0 51 53223 0 78 53226 0 62 53227 0 63 53234 0 60 53234 0 61 53234 0 77 53236 0 72 53237 0 73 53242 0 76 53244 0 90 53244 0 91 53244 0 92 53246 0 78 53258 0 77 53266 0 76 53272 0 78 53274 0 52 53274 0 53 53285 0 77 53286 0 70 53289 0 71 53290 0 54 53293 0 76 53304 0 78 53306 0 72 53313 0 73 53319 0 68 53319 0 69 53319 0 77 53327 0 76 53350 0 51 53359 0 90 53359 0 91 53359 0 92 53360 0 78 53404 0 54 53418 0 52 53424 0 53 53474 0 51 53525 0 
TIME iteration: 299 ms
Round:101
IR: 0, 0, 0, 0, 0
53592 0 54 53601 0 52 53602 0 51 53641 0 53 53662 0 64 53662 0 65 53667 0 78 53690 0 90 53690 0 91 53690 0 92 53691 0 78 53694 0 72 53696 0 73 53718 0 78 53735 0 54 53736 0 52 53743 0 51 53751 0 78 53759 0 53 53817 0 78 53840 0 51 53914 0 52 53946 0 54 53976 0 51 53995 0 53 54008 0 61 54009 0 60 54016 0 76 54034 0 90 54034 0 91 54034 0 92 54040 0 
TIME iteration: 298 ms
Round:102
IR: 0, 0, 0, 0, 0
54061 0 69 54062 0 68 54067 0 76 54078 0 52 54084 0 51 54101 0 76 54126 0 53 54160 0 54 54222 0 52 54268 0 51 54284 0 53 54312 0 54 54368 0 52 54402 0 62 54402 0 63 54410 0 77 54420 0 53 54428 0 90 54428 0 91 54428 0 92 54434 0 77 54461 0 77 54462 0 51 54467 0 71 54473 0 54 54473 0 70 54495 0 77 54537 0 53 54538 0 
TIME iteration: 298 ms
Round:103
IR: 0, 0, 0, 0, 0
54626 0 51 54629 0 54 54680 0 52 54694 0 53 54727 0 63 54728 0 62 54730 0 77 54750 0 70 54750 0 71 54752 0 90 54752 0 91 54752 0 92 54753 0 77 54754 0 54 54779 0 77 54811 0 77 54825 0 51 54832 0 52 54836 0 54 54864 0 77 54870 0 53 54929 0 54 54978 0 51 55002 0 52 55026 0 53 55088 0 54 55098 0 66 55098 0 67 55107 0 
TIME iteration: 298 ms
Round:104
IR: 0, 0, 0, 0, 0
55124 0 90 55124 0 91 55124 0 92 55131 0 79 55135 0 51 55139 0 52 55158 0 79 55189 0 75 55193 0 79 55199 0 53 55200 0 74 55261 0 54 55267 0 51 55299 0 52 55300 0 53 55390 0 53 55397 0 51 55411 0 64 55411 0 65 55419 0 78 55421 0 54 55435 0 90 55435 0 91 55435 0 92 55443 0 78 55463 0 52 55470 0 78 55494 0 73 55497 0 72 55504 0 78 55532 0 54 55538 0 51 55572 0 53 55585 0 
TIME iteration: 298 ms
Round:105
IR: 0, 0, 0, 0, 0
55661 0 51 55698 0 54 55704 0 52 55752 0 62 55754 0 63 55761 0 77 55778 0 90 55778 0 91 55778 0 92 55785 0 77 55812 0 70 55812 0 77 55813 0 71 55832 0 51 55846 0 77 55848 0 53 55849 0 52 55896 0 54 55948 0 51 55977 0 52 56029 0 53 56041 0 54 56078 0 51 56087 0 52 56088 0 63 56089 0 62 56091 0 77 56108 0 61 56109 0 60 56110 0 70 56111 0 71 56113 0 90 56113 0 91 56113 0 92 56114 0 77 56117 0 76 56140 0 77 56141 0 76 56152 0 53 56168 0 76 56172 0 51 56172 0 77 56179 0 
TIME iteration: 299 ms
Round:106
IR: 0, 0, 0, 0, 0
56192 0 68 56201 0 69 56203 0 76 56225 0 77 56234 0 52 56236 0 90 56236 0 91 56236 0 92 56275 0 51 56275 0 54 56361 0 53 56378 0 52 56402 0 51 56427 0 54 56512 0 52 56523 0 53 56613 0 52 56614 0 62 56614 0 63 56620 0 77 56624 0 54 56643 0 70 56644 0 77 56644 0 90 56644 0 91 56644 0 92 56645 0 71 56652 0 53 56667 0 51 56671 0 77 56705 0 
TIME iteration: 306 ms
Round:107
IR: 0, 0, 0, 0, 0
56752 0 52 56779 0 54 56781 0 77 56860 0 53 56899 0 51 56913 0 52 56962 0 54 56987 0 53 56992 0 62 56995 0 63 56998 0 77 57013 0 70 57015 0 71 57020 0 90 57020 0 91 57020 0 92 57022 0 77 57038 0 51 57048 0 77 57071 0 52 57081 0 54 57081 0 77 57100 0 70 57134 0 53 57142 0 77 57187 0 51 57228 0 52 57235 0 
TIME iteration: 298 ms
Round:108
IR: 0, 0, 0, 0, 0
57320 0 53 57341 0 51 57375 0 54 57392 0 60 57393 0 61 57397 0 66 57397 0 67 57401 0 76 57406 0 79 57412 0 52 57418 0 63 57418 0 90 57418 0 91 57418 0 92 57425 0 76 57429 0 77 57430 0 79 57443 0 51 57452 0 76 57457 0 79 57459 0 77 57460 0 53 57465 0 68 57467 0 69 57487 0 75 57487 0 76 57492 0 79 57500 0 74 57503 0 77 57526 0 54 57537 0 90 57537 0 91 57537 0 92 57539 0 51 57559 0 53 57627 0 52 57659 0 51 57692 0 53 57714 0 
TIME iteration: 299 ms
Round:109
IR: 0, 0, 0, 0, 0
57771 0 52 57824 0 51 57847 0 54 57882 0 52 57900 0 62 57901 0 63 57905 0 67 57906 0 77 57909 0 66 57913 0 79 57919 0 53 57928 0 90 57928 0 91 57928 0 92 57930 0 77 57931 0 71 57934 0 70 57937 0 79 57944 0 74 57946 0 75 57957 0 77 57964 0 79 57990 0 77 57998 0 79 58019 0 54 58035 0 52 58052 0 51 58057 0 77 58059 0 90 58059 0 91 58059 0 92 58069 0 53 58149 0 54 58151 0 51 58172 0 52 58185 0 53 58245 0 54 58252 0 51 58291 0 
TIME iteration: 299 ms
Round:110
IR: 0, 0, 0, 0, 0
58337 0 54 58341 0 53 58351 0 67 58352 0 66 58356 0 79 58378 0 74 58379 0 75 58380 0 79 58380 0 90 58380 0 91 58380 0 92 58407 0 79 58420 0 51 58440 0 79 58447 0 54 58453 0 52 58501 0 53 58510 0 79 58522 0 51 58625 0 54 58631 0 51 58656 0 52 58657 0 53 58672 0 61 58673 0 60 58681 0 76 58697 0 90 58697 0 91 58697 0 92 58705 0 76 58732 0 76 58746 0 69 58748 0 68 58760 0 54 58767 0 
TIME iteration: 298 ms
Round:111
IR: 0, 0, 0, 0, 0
58840 0 52 58875 0 51 58959 0 54 58963 0 53 58976 0 52 59063 0 51 59081 0 52 59084 0 63 59085 0 62 59093 0 77 59096 0 61 59097 0 60 59101 0 76 59111 0 90 59111 0 91 59111 0 92 59117 0 77 59125 0 76 59127 0 68 59128 0 69 59144 0 77 59148 0 53 59151 0 70 59151 0 71 59151 0 76 59179 0 77 59184 0 76 59218 0 51 59238 0 90 59238 0 91 59238 0 92 59245 0 76 59259 0 54 59272 0 52 59341 0 
TIME iteration: 299 ms
Round:112
IR: 0, 0, 0, 0, 0
59374 0 54 59408 0 52 59411 0 51 59485 0 53 59555 0 52 59558 0 54 59585 0 51 59598 0 63 59600 0 62 59604 0 77 59628 0 77 59629 0 90 59629 0 91 59629 0 92 59634 0 70 59635 0 71 59638 0 53 59655 0 77 59688 0 77 59697 0 51 59706 0 52 59735 0 54 59754 0 77 59791 0 53 59880 0 
TIME iteration: 298 ms
Round:113
IR: 0, 0, 0, 0, 0
59915 0 52 59932 0 53 59937 0 54 59989 0 64 59993 0 65 59999 0 78 60017 0 90 60017 0 91 60017 0 92 60023 0 78 60024 0 52 60050 0 78 60079 0 53 60084 0 78 60085 0 72 60086 0 73 60118 0 54 60157 0 51 60228 0 52 60236 0 53 60244 0 54 60302 0 64 60303 0 65 60305 0 78 60326 0 72 60326 0 73 60327 0 90 60327 0 91 60327 0 92 60328 0 78 60336 0 51 60354 0 78 60363 0 54 60373 0 53 60386 0 
TIME iteration: 298 ms
Round:114
IR: 0, 0, 0, 0, 0
60426 0 52 60439 0 78 60460 0 51 60490 0 54 60497 0 53 60564 0 51 60598 0 52 60634 0 54 60639 0 60 60639 0 61 60645 0 53 60647 0 76 60664 0 64 60664 0 65 60664 0 90 60664 0 91 60664 0 92 60668 0 78 60671 0 76 60672 0 51 60681 0 72 60681 0 73 60691 0 78 60698 0 76 60715 0 69 60716 0 68 60717 0 78 60732 0 76 60749 0 78 60752 0 72 60753 0 73 60771 0 52 60784 0 54 60785 0 90 60785 0 91 60785 0 92 60791 0 51 60805 0 78 60810 0 53 60910 0 53 60915 0 54 60939 0 
TIME iteration: 299 ms
Round:115
IR: 0, 0, 0, 0, 0
61030 0 54 61041 0 51 61087 0 53 61138 0 65 61143 0 64 61146 0 52 61146 0 78 61165 0 54 61168 0 67 61169 0 66 61170 0 78 61170 0 90 61170 0 91 61170 0 92 61175 0 72 61175 0 73 61178 0 79 61197 0 78 61202 0 79 61208 0 51 61229 0 79 61230 0 78 61251 0 53 61264 0 74 61264 0 79 61268 0 52 61272 0 75 61293 0 90 61293 0 91 61293 0 92 61297 0 78 61329 0 54 61343 0 51 61376 0 53 61404 0 52 61475 0 
TIME iteration: 298 ms
Round:116
IR: 0, 0, 0, 0, 0
61520 0 51 61544 0 53 61572 0 52 61639 0 51 61668 0 60 61670 0 61 61677 0 76 61682 0 54 61699 0 90 61699 0 91 61699 0 92 61701 0 76 61714 0 52 61728 0 76 61734 0 69 61735 0 68 61762 0 76 61811 0 53 61821 0 51 61828 0 54 61854 0 52 61975 0 
TIME iteration: 298 ms
Round:117
IR: 0, 0, 0, 0, 0
62011 0 52 62022 0 61 62023 0 60 62026 0 76 62040 0 53 62047 0 68 62048 0 69 62048 0 90 62048 0 91 62048 0 92 62049 0 76 62062 0 54 62075 0 76 62107 0 76 62111 0 52 62162 0 76 62182 0 51 62220 0 54 62252 0 52 62270 0 53 62351 0 51 62379 0 54 62400 0 52 62420 0 63 62421 0 62 62429 0 77 62431 0 60 62435 0 61 62436 0 66 62438 0 67 62438 0 76 62446 0 79 62447 0 90 62447 0 91 62447 0 92 62452 0 53 62453 0 77 62454 0 68 62454 0 69 62462 0 76 62470 0 79 62480 0 51 62480 0 77 62488 0 76 62497 0 79 62510 0 75 62512 0 74 62515 0 77 62516 0 70 62518 0 71 62521 0 76 62532 0 79 62535 0 
TIME iteration: 299 ms
Round:118
IR: 0, 0, 0, 0, 0
62545 0 69 62562 0 90 62562 0 91 62562 0 92 62583 0 76 62597 0 53 62635 0 54 62637 0 51 62638 0 52 62706 0 53 62776 0 51 62787 0 54 62833 0 53 62884 0 65 62885 0 64 62893 0 78 62896 0 52 62907 0 54 62913 0 90 62913 0 91 62913 0 92 62917 0 78 62921 0 51 62944 0 78 62965 0 72 62968 0 73 62975 0 53 62979 0 78 63005 0 54 63035 0 
TIME iteration: 299 ms
Round:119
IR: 0, 0, 0, 0, 0
63081 0 53 63091 0 54 63171 0 52 63172 0 51 63191 0 65 63196 0 78 63216 0 54 63220 0 90 63220 0 91 63220 0 92 63224 0 78 63247 0 53 63262 0 78 63286 0 52 63324 0 54 63356 0 51 63370 0 53 63388 0 52 63441 0 54 63489 0 53 63537 0 64 63537 0 65 63541 0 78 63545 0 52 63553 0 51 63557 0 72 63557 0 73 63564 0 78 63565 0 90 63565 0 91 63565 0 92 63590 0 
TIME iteration: 298 ms
Round:120
IR: 0, 0, 0, 0, 0
63611 0 54 63613 0 53 63622 0 78 63636 0 72 63636 0 73 63678 0 78 63733 0 53 63770 0 54 63773 0 65 63774 0 64 63776 0 78 63792 0 72 63793 0 73 63797 0 90 63797 0 91 63797 0 92 63799 0 78 63801 0 51 63825 0 78 63829 0 52 63856 0 78 63858 0 54 63865 0 72 63874 0 73 63907 0 78 63933 0 51 63946 0 54 63949 0 53 64065 0 52 64072 0 54 64073 0 53 64083 0 64 64084 0 65 64087 0 78 64094 0 66 64095 0 67 64103 0 79 64107 0 72 64108 0 73 64108 0 90 64108 0 91 64108 0 92 64110 0 51 64110 0 78 64127 0 
TIME iteration: 298 ms
Round:121
IR: 0, 0, 0, 0, 0
64136 0 78 64154 0 79 64168 0 78 64175 0 75 64180 0 74 64182 0 54 64189 0 79 64190 0 52 64215 0 53 64223 0 78 64234 0 90 64234 0 91 64234 0 92 64311 0 51 64356 0 54 64382 0 52 64464 0 54 64476 0 53 64524 0 51 64529 0 52 64648 0 54 64650 0 53 64657 0 67 64658 0 
TIME iteration: 298 ms
Round:122
IR: 0, 0, 0, 0, 0
64664 0 79 64688 0 79 64688 0 90 64688 0 91 64688 0 92 64697 0 75 64698 0 74 64715 0 79 64736 0 52 64745 0 51 64749 0 79 64794 0 53 64822 0 54 64877 0 51 64893 0 52 64962 0 54 65015 0 67 65018 0 53 65019 0 66 65021 0 79 65037 0 75 65038 0 74 65043 0 54 65043 0 90 65043 0 91 65043 0 92 65045 0 79 65046 0 52 65068 0 51 65071 0 79 65104 0 79 65124 0 75 65136 0 74 65164 0 54 65171 0 79 65174 0 
TIME iteration: 298 ms
Round:123
IR: 0, 0, 0, 0, 0
65197 0 52 65268 0 51 65271 0 53 65298 0 54 65300 0 66 65300 0 67 65304 0 79 65322 0 74 65322 0 75 65324 0 90 65324 0 91 65324 0 92 65328 0 79 65354 0 79 65359 0 52 65384 0 54 65386 0 53 65387 0 79 65450 0 79 65491 0 52 65499 0 54 65521 0 53 65592 0 51 65639 0 52 65648 0 54 65658 0 66 65658 0 67 65663 0 79 65674 0 74 65675 0 75 65680 0 63 65681 0 62 65683 0 90 65683 0 91 65683 0 92 65687 0 79 65689 0 77 65713 0 77 65714 0 
TIME iteration: 306 ms
Round:124
IR: 0, 0, 0, 0, 0
65740 0 77 65741 0 74 65745 0 75 65747 0 79 65775 0 77 65776 0 51 65776 0 71 65781 0 70 65782 0 53 65786 0 52 65805 0 90 65805 0 91 65805 0 92 65822 0 79 65831 0 54 65931 0 52 65933 0 53 66013 0 51 66018 0 54 66142 0 51 66153 0 52 66159 0 53 66170 0 54 66208 0 66 66208 0 67 66215 0 79 66229 0 61 66236 0 60 66238 0 90 66238 0 91 66238 0 92 66239 0 79 66241 0 76 66247 0 74 66249 0 
TIME iteration: 298 ms
Round:125
IR: 0, 0, 0, 0, 0
66265 0 76 66266 0 79 66292 0 76 66300 0 79 66311 0 54 66319 0 53 66322 0 69 66326 0 76 66335 0 52 66339 0 68 66349 0 51 66362 0 90 66362 0 91 66362 0 92 66454 0 53 66472 0 52 66527 0 54 66540 0 51 66584 0 53 66610 0 52 66693 0 51 66696 0 53 66710 0 64 66711 0 65 66712 0 52 66719 0 78 66720 0 62 66720 0 63 66723 0 54 66728 0 77 66740 0 90 66740 0 91 66740 0 92 66743 0 78 66752 0 77 66770 0 78 66779 0 
TIME iteration: 298 ms
Round:126
IR: 0, 0, 0, 0, 0
66787 0 70 66788 0 71 66803 0 73 66805 0 78 66806 0 72 66813 0 77 66833 0 51 66849 0 52 66871 0 90 66871 0 91 66871 0 92 66886 0 54 66944 0 53 67004 0 51 67067 0 54 67074 0 53 67120 0 52 67150 0 51 67226 0 53 67245 0 52 67249 0 64 67249 0 65 67255 0 78 67279 0 78 67279 0 90 67279 0 91 67279 0 92 67288 0 72 67290 0 73 67306 0 
TIME iteration: 298 ms
Round:127
IR: 0, 0, 0, 0, 0
67340 0 78 67343 0 54 67364 0 51 67416 0 78 67419 0 52 67436 0 53 67520 0 54 67526 0 51 67560 0 53 67604 0 52 67609 0 64 67610 0 65 67614 0 78 67630 0 72 67631 0 73 67635 0 90 67635 0 91 67635 0 92 67638 0 78 67664 0 78 67674 0 54 67697 0 78 67699 0 51 67719 0 72 67720 0 73 67746 0 52 67758 0 78 67764 0 53 67802 0 
TIME iteration: 298 ms
Round:128
IR: 0, 0, 0, 0, 0
67890 0 51 67896 0 54 67913 0 52 67928 0 53 67933 0 66 67933 0 67 67941 0 64 67941 0 65 67942 0 79 67945 0 78 67958 0 90 67958 0 91 67958 0 92 67966 0 79 67967 0 72 67967 0 73 67968 0 78 67993 0 79 67994 0 78 68013 0 75 68015 0 74 68026 0 78 68028 0 79 68048 0 51 68053 0 52 68082 0 78 68083 0 53 68086 0 90 68086 0 91 68086 0 92 68112 0 54 68168 0 51 68213 0 52 68245 0 53 68282 0 54 68365 0 
TIME iteration: 298 ms
Round:129
IR: 0, 0, 0, 0, 0
68430 0 54 68432 0 52 68437 0 53 68472 0 66 68472 0 67 68478 0 79 68502 0 79 68502 0 90 68502 0 91 68502 0 92 68510 0 75 68512 0 74 68513 0 51 68529 0 79 68548 0 54 68563 0 79 68608 0 53 68621 0 52 68626 0 51 68678 0 54 68767 0 52 68799 0 53 68806 0 51 68831 0 54 68847 0 67 68848 0 66 68851 0 79 68869 0 75 68870 0 52 68870 0 74 68873 0 90 68873 0 91 68873 0 92 68874 0 
TIME iteration: 298 ms
Round:130
IR: 0, 0, 0, 0, 0
68900 0 79 68932 0 79 68948 0 51 68979 0 53 68988 0 52 68991 0 79 69022 0 54 69087 0 53 69110 0 51 69114 0 52 69150 0 54 69199 0 53 69207 0 66 69208 0 67 69210 0 64 69210 0 65 69212 0 79 69215 0 52 69217 0 62 69217 0 63 69218 0 78 69224 0 75 69225 0 74 69225 0 77 69232 0 90 69232 0 91 69232 0 92 69236 0 79 69242 0 78 69249 0 77 69258 0 54 69263 0 79 69269 0 78 69276 0 77 69277 0 73 69279 0 72 69294 0 75 69296 0 79 69298 0 74 69303 0 78 69310 0 77 69314 0 71 69325 0 70 69330 0 53 69346 0 51 69348 0 90 69348 0 91 69348 0 92 69350 0 52 69368 0 79 69396 0 
TIME iteration: 299 ms
Round:131
IR: 0, 0, 0, 0, 0
69459 0 51 69488 0 52 69522 0 53 69593 0 54 69615 0 51 69628 0 52 69647 0 53 69687 0 63 69689 0 62 69693 0 77 69706 0 54 69717 0 77 69717 0 90 69717 0 91 69717 0 92 69722 0 71 69724 0 70 69744 0 77 69763 0 51 69777 0 77 69819 0 54 69830 0 52 69843 0 77 69878 0 53 69895 0 51 69913 0 
TIME iteration: 299 ms
Round:132
IR: 0, 0, 0, 0, 0
70003 0 52 70036 0 53 70046 0 51 70062 0 54 70069 0 67 70070 0 66 70078 0 79 70080 0 60 70080 0 61 70088 0 76 70096 0 90 70096 0 91 70096 0 92 70102 0 79 70112 0 76 70126 0 74 70126 0 75 70129 0 79 70139 0 76 70144 0 51 70164 0 79 70173 0 69 70173 0 76 70177 0 68 70178 0 52 70224 0 53 70224 0 90 70224 0 91 70224 0 92 70283 0 51 70317 0 54 70356 0 52 70368 0 53 70422 0 54 70471 0 
TIME iteration: 298 ms
Round:133
IR: 0, 0, 0, 0, 0
70502 0 53 70557 0 54 70575 0 66 70575 0 67 70581 0 79 70591 0 51 70605 0 79 70605 0 90 70605 0 91 70605 0 92 70609 0 75 70610 0 74 70630 0 52 70632 0 79 70666 0 53 70666 0 79 70695 0 54 70736 0 51 70779 0 53 70823 0 54 70833 0 51 70866 0 52 70932 0 53 70949 0 52 70949 0 54 70952 0 66 70952 0 67 70956 0 79 70959 0 64 70959 0 65 70964 0 51 70966 0 60 70966 0 61 70967 0 78 70973 0 76 70974 0 74 70974 0 75 70978 0 90 70978 0 91 70978 0 92 70980 0 79 70991 0 78 70997 0 76 71006 0 79 71018 0 
TIME iteration: 299 ms
Round:134
IR: 0, 0, 0, 0, 0
71022 0 69 71023 0 68 71024 0 76 71039 0 79 71043 0 73 71045 0 72 71052 0 78 71058 0 76 71094 0 90 71094 0 91 71094 0 92 71104 0 79 71145 0 53 71169 0 52 71185 0 51 71198 0 54 71311 0 52 71342 0 54 71346 0 53 71386 0 51 71420 0 52 71443 0 63 71444 0 62 71452 0 77 71472 0 90 71472 0 91 71472 0 92 71476 0 77 71479 0 54 71503 0 77 71511 0 51 71522 0 52 71527 0 70 71529 0 71 71538 0 
TIME iteration: 298 ms
Round:135
IR: 0, 0, 0, 0, 0
71565 0 53 71644 0 54 71665 0 51 71672 0 52 71709 0 53 71799 0 54 71806 0 51 71811 0 52 71813 0 62 71813 0 63 71817 0 77 71839 0 61 71839 0 90 71839 0 91 71839 0 92 71840 0 77 71841 0 70 71841 0 71 71846 0 53 71855 0 76 71866 0 77 71886 0 76 71898 0 77 71937 0 76 71939 0 51 71943 0 54 71949 0 52 71954 0 77 71977 0 90 71977 0 91 71977 0 92 72008 0 53 72068 0 54 72077 0 
TIME iteration: 298 ms
Round:136
IR: 0, 0, 0, 0, 0
72104 0 51 72177 0 53 72265 0 54 72308 0 51 72313 0 52 72360 0 53 72401 0 54 72407 0 65 72409 0 64 72414 0 66 72414 0 67 72416 0 78 72422 0 52 72423 0 79 72431 0 62 72431 0 63 72437 0 90 72437 0 91 72437 0 92 72438 0 77 72440 0 78 72447 0 79 72452 0 51 72462 0 77 72467 0 78 72468 0 71 72469 0 70 72474 0 79 72488 0 72 72489 0 75 72489 0 77 72490 0 73 72494 0 74 72495 0 53 72501 0 78 72509 0 79 72521 0 54 72523 0 77 72551 0 52 72553 0 90 72553 0 91 72553 0 
TIME iteration: 299 ms
Round:137
IR: 0, 0, 0, 0, 0
72612 0 53 72654 0 54 72693 0 51 72739 0 52 72781 0 53 72840 0 54 72946 0 53 72954 0 54 72961 0 52 72962 0 66 72962 0 67 72968 0 79 72969 0 65 72970 0 64 72975 0 78 72978 0 51 72991 0 90 72991 0 91 72991 0 92 72992 0 79 72999 0 78 73000 0 74 73001 0 75 73009 0 73 73011 0 72 73019 0 79 73026 0 78 73053 0 79 73059 0 78 73106 0 53 73108 0 52 73121 0 51 73123 0 90 73123 0 91 73123 0 92 73126 0 78 73134 0 
TIME iteration: 298 ms
Round:138
IR: 0, 0, 0, 0, 0
73247 0 52 73253 0 51 73290 0 54 73334 0 53 73429 0 54 73430 0 52 73439 0 51 73469 0 53 73490 0 67 73492 0 66 73497 0 79 73521 0 79 73521 0 90 73521 0 91 73521 0 92 73523 0 75 73524 0 74 73548 0 79 73569 0 51 73582 0 79 73590 0 54 73595 0 52 73669 0 
TIME iteration: 298 ms
Round:139
IR: 0, 0, 0, 0, 0
73691 0 51 73731 0 54 73739 0 52 73790 0 51 73820 0 60 73821 0 61 73829 0 76 73846 0 90 73846 0 91 73846 0 92 73853 0 76 73863 0 53 73874 0 52 73878 0 54 73880 0 76 73909 0 69 73911 0 68 73915 0 76 73965 0 51 73975 0 53 74010 0 54 74086 0 52 74092 0 51 74121 0 61 74122 0 60 74124 0 76 74136 0 54 74143 0 53 74144 0 69 74145 0 68 74146 0 90 74146 0 91 74146 0 92 74147 0 76 74173 0 
TIME iteration: 298 ms
Round:140
IR: 0, 0, 0, 0, 0
74205 0 76 74213 0 51 74216 0 52 74256 0 54 74258 0 76 74287 0 53 74326 0 51 74343 0 52 74427 0 52 74429 0 53 74447 0 62 74447 0 63 74455 0 77 74472 0 90 74472 0 91 74472 0 92 74479 0 77 74489 0 51 74491 0 54 74506 0 77 74516 0 52 74532 0 70 74537 0 71 74540 0 77 74573 0 53 74621 0 52 74679 0 51 74714 0 52 74715 0 62 74715 0 63 74717 0 
TIME iteration: 302 ms
Round:141
IR: 0, 0, 0, 0, 0
74734 0 70 74735 0 71 74738 0 90 74738 0 91 74738 0 92 74740 0 77 74748 0 53 74766 0 77 74775 0 54 74797 0 77 74811 0 70 74822 0 71 74830 0 51 74848 0 77 74874 0 52 74938 0 53 74953 0 54 74955 0 51 75043 0 52 75052 0 62 75052 0 63 75056 0 77 75068 0 53 75077 0 90 75077 0 91 75077 0 92 75078 0 70 75078 0 71 75079 0 77 75096 0 51 75105 0 77 75137 0 77 75180 0 52 75182 0 54 75193 0 77 75204 0 51 75252 0 
TIME iteration: 298 ms
Round:142
IR: 0, 0, 0, 0, 0
75272 0 52 75285 0 54 75356 0 62 75357 0 63 75360 0 77 75366 0 51 75369 0 71 75370 0 70 75381 0 90 75381 0 91 75381 0 92 75383 0 77 75386 0 53 75409 0 77 75410 0 54 75417 0 52 75427 0 71 75431 0 70 75441 0 77 75484 0 53 75496 0 77 75538 0 54 75542 0 52 75571 0 51 75636 0 53 75673 0 52 75675 0 63 75676 0 62 75679 0 77 75683 0 54 75698 0 71 75699 0 70 75700 0 90 75700 0 91 75700 0 92 75702 0 77 75728 0 77 75755 0 51 75760 0 
TIME iteration: 298 ms
Round:143
IR: 0, 0, 0, 0, 0
75815 0 77 75844 0 53 75846 0 54 75887 0 52 75951 0 51 75969 0 54 75980 0 53 76023 0 52 76065 0 63 76066 0 62 76070 0 66 76070 0 77 76071 0 67 76079 0 79 76084 0 71 76085 0 70 76091 0 90 76091 0 91 76091 0 92 76094 0 77 76103 0 79 76120 0 77 76130 0 79 76139 0 53 76141 0 54 76153 0 77 76156 0 51 76158 0 71 76165 0 74 76165 0 79 76167 0 75 76169 0 70 76176 0 52 76214 0 77 76221 0 90 76221 0 91 76221 0 92 76267 0 54 76292 0 51 76292 0 
TIME iteration: 298 ms
Round:144
IR: 0, 0, 0, 0, 0
76388 0 52 76389 0 53 76423 0 51 76469 0 54 76481 0 52 76498 0 62 76498 0 63 76503 0 77 76526 0 90 76526 0 91 76526 0 92 76527 0 77 76529 0 51 76530 0 70 76530 0 71 76537 0 53 76554 0 77 76587 0 77 76612 0 54 76639 0 51 76640 0 53 76653 0 77 76679 0 52 76777 0 53 76801 0 51 76816 0 
TIME iteration: 298 ms
Round:145
IR: 0, 0, 0, 0, 0
76851 0 52 76902 0 62 76905 0 63 76909 0 77 76918 0 53 76920 0 64 76920 0 65 76926 0 70 76926 0 71 76928 0 78 76930 0 90 76930 0 91 76930 0 92 76933 0 77 76952 0 78 76960 0 77 76969 0 54 76979 0 78 76993 0 77 77001 0 52 77013 0 78 77015 0 73 77019 0 72 77034 0 53 77055 0 90 77055 0 91 77055 0 92 77060 0 77 77066 0 54 77085 0 51 77124 0 52 77152 0 53 77187 0 54 77266 0 51 77301 0 52 77338 0 53 77364 0 
TIME iteration: 299 ms
Round:146
IR: 0, 0, 0, 0, 0
77450 0 67 77464 0 52 77465 0 51 77466 0 66 77468 0 79 77472 0 53 77478 0 64 77479 0 65 77484 0 62 77484 0 78 77486 0 63 77489 0 90 77489 0 91 77489 0 92 77492 0 77 77492 0 79 77508 0 78 77516 0 77 77519 0 70 77519 0 72 77519 0 73 77519 0 79 77520 0 71 77535 0 75 77535 0 78 77541 0 74 77543 0 77 77554 0 79 77568 0 78 77577 0 77 77584 0 52 77603 0 90 77603 0 91 77603 0 92 77622 0 53 77635 0 78 77662 0 51 77663 0 52 77673 0 54 77769 0 53 77780 0 52 77789 0 51 77832 0 54 77909 0 
TIME iteration: 299 ms
Round:147
IR: 0, 0, 0, 0, 0
77916 0 53 77923 0 51 77928 0 63 77929 0 62 77933 0 77 77954 0 60 77955 0 61 77955 0 70 77955 0 71 77957 0 77 77957 0 90 77957 0 91 77957 0 92 77963 0 76 77983 0 77 77987 0 76 78014 0 76 78016 0 77 78023 0 54 78047 0 69 78049 0 76 78050 0 68 78077 0 77 78080 0 90 78080 0 91 78080 0 92 78093 0 53 78120 0 51 78129 0 52 78184 0 54 78218 0 53 78287 0 52 78300 0 51 78332 0 54 78427 0 
TIME iteration: 298 ms
Round:148
IR: 0, 0, 0, 0, 0
78474 0 54 78487 0 66 78487 0 67 78495 0 79 78517 0 52 78517 0 90 78517 0 91 78517 0 92 78519 0 79 78531 0 51 78546 0 79 78550 0 75 78551 0 54 78552 0 74 78581 0 79 78643 0 54 78673 0 51 78701 0 52 78704 0 53 78769 0 54 78782 0 66 78782 0 67 78785 0 79 78802 0 74 78802 0 75 78806 0 90 78806 0 91 78806 0 92 78808 0 79 78834 0 79 78848 0 53 78851 0 51 78863 0 54 78866 0 79 78874 0 52 78886 0 74 78893 0 75 78921 0 
TIME iteration: 299 ms
Round:149
IR: 0, 0, 0, 0, 0
78989 0 54 79013 0 66 79013 0 67 79016 0 79 79017 0 52 79022 0 53 79031 0 75 79032 0 74 79036 0 90 79036 0 91 79036 0 92 79039 0 79 79048 0 51 79065 0 79 79097 0 79 79108 0 74 79111 0 75 79152 0 79 79166 0 52 79176 0 53 79214 0 51 79214 0 54 79352 0 51 79354 0 54 79362 0 67 79363 0 66 79367 0 79 79371 0 53 79381 0 52 79387 0 90 79387 0 91 79387 0 92 79389 0 74 79389 0 75 79391 0 79 79417 0 79 79450 0 79 79463 0 
TIME iteration: 298 ms
Round:150
IR: 0, 0, 0, 0, 0
79503 0 54 79518 0 79 79531 0 53 79549 0 52 79605 0 51 79676 0 52 79732 0 54 79734 0 51 79748 0 60 79748 0 61 79750 0 63 79751 0 62 79752 0 53 79756 0 76 79759 0 77 79772 0 90 79772 0 91 79772 0 92 79780 0 76 79783 0 77 79807 0 76 79810 0 77 79831 0 70 79832 0 69 79833 0 71 79839 0 68 79841 0 76 79845 0 77 79853 0 52 79899 0 51 79902 0 53 79902 0 90 79902 0 91 79902 0 92 79928 0 54 80016 0 
TIME iteration: 298 ms
Round:151
IR: 0, 0, 0, 0, 0
80041 0 53 80066 0 54 80069 0 51 80156 0 54 80197 0 53 80209 0 66 80209 0 67 80213 0 51 80217 0 79 80218 0 52 80238 0 90 80238 0 91 80238 0 92 80241 0 79 80261 0 74 80261 0 75 80268 0 79 80303 0 79 80315 0 54 80346 0 51 80350 0 52 80369 0 53 80412 0 54 80492 0 53 80505 0 52 80521 0 51 80526 0 54 80530 0 66 80530 0 67 80533 0 79 80550 0 74 80550 0 75 80555 0 90 80555 0 91 80555 0 92 80556 0 
TIME iteration: 299 ms
Round:152
IR: 0, 0, 0, 0, 0
80582 0 79 80614 0 79 80633 0 75 80644 0 74 80653 0 53 80664 0 54 80665 0 51 80670 0 79 80746 0 52 80788 0 54 80796 0 66 80797 0 67 80800 0 79 80809 0 51 80810 0 53 80817 0 75 80818 0 74 80820 0 90 80820 0 91 80820 0 92 80823 0 79 80849 0 79 80881 0 79 80907 0 75 80915 0 51 80915 0 54 80939 0 79 80945 0 53 80956 0 52 81043 0 51 81052 0 
TIME iteration: 298 ms
Round:153
IR: 0, 0, 0, 0, 0
81102 0 54 81140 0 66 81141 0 67 81145 0 79 81146 0 52 81155 0 74 81159 0 53 81161 0 65 81162 0 64 81165 0 90 81165 0 91 81165 0 92 81167 0 75 81169 0 79 81170 0 78 81194 0 51 81194 0 78 81195 0 79 81217 0 74 81221 0 78 81228 0 79 81256 0 78 81259 0 73 81267 0 72 81287 0 90 81287 0 91 81287 0 92 81295 0 79 81298 0 53 81320 0 52 81335 0 54 81351 0 51 81382 0 53 81464 0 52 81469 0 54 81480 0 53 81544 0 51 81600 0 
TIME iteration: 298 ms
Round:154
IR: 0, 0, 0, 0, 0
81633 0 66 81633 0 67 81639 0 79 81660 0 75 81662 0 90 81662 0 91 81662 0 92 81663 0 79 81668 0 74 81675 0 52 81690 0 79 81697 0 51 81711 0 53 81724 0 79 81734 0 54 81802 0 51 81812 0 52 81877 0 53 81905 0 54 81950 0 51 81994 0 53 81997 0 61 81998 0 60 82006 0 76 82023 0 64 82023 0 65 82023 0 90 82023 0 91 82023 0 92 82030 0 76 82030 0 78 82054 0 78 82057 0 76 82066 0 52 82078 0 72 82081 0 78 82082 0 73 82083 0 51 82090 0 68 82091 0 69 82092 0 76 82115 0 78 82135 0 54 82138 0 53 82144 0 90 82144 0 91 82144 0 
TIME iteration: 299 ms
Round:155
IR: 0, 0, 0, 0, 0
82199 0 52 82259 0 53 82275 0 54 82298 0 52 82378 0 51 82395 0 53 82409 0 54 82426 0 52 82460 0 63 82461 0 62 82469 0 77 82489 0 90 82489 0 91 82489 0 92 82493 0 77 82520 0 77 82552 0 53 82554 0 52 82555 0 77 82557 0 70 82559 0 71 82562 0 51 82671 0 
TIME iteration: 298 ms
Round:156
IR: 0, 0, 0, 0, 0
82729 0 54 82755 0 51 82767 0 52 82775 0 53 82799 0 64 82800 0 65 82807 0 78 82825 0 90 82825 0 91 82825 0 92 82831 0 78 82850 0 72 82850 0 73 82858 0 78 82881 0 52 82892 0 78 82898 0 54 82906 0 51 82925 0 53 83020 0 54 83096 0 52 83103 0 51 83128 0 53 83199 0 65 83201 0 64 83204 0 
TIME iteration: 298 ms
Round:157
IR: 0, 0, 0, 0, 0
83225 0 72 83226 0 73 83226 0 90 83226 0 91 83226 0 92 83227 0 78 83253 0 53 83253 0 78 83254 0 52 83285 0 78 83306 0 54 83341 0 78 83342 0 51 83397 0 52 83403 0 53 83431 0 54 83496 0 51 83519 0 53 83534 0 52 83542 0 65 83543 0 54 83543 0 64 83547 0 78 83559 0 72 83559 0 73 83563 0 66 83563 0 67 83568 0 90 83568 0 91 83568 0 92 83571 0 78 83572 0 79 83596 0 79 83597 0 78 83623 0 79 83629 0 72 83629 0 73 83630 0 78 83637 0 51 83647 0 74 83652 0 75 83655 0 53 83658 0 79 83691 0 78 83691 0 90 83691 0 91 83691 0 92 83707 0 54 83732 0 
TIME iteration: 303 ms
Round:158
IR: 0, 0, 0, 0, 0
83775 0 51 83778 0 53 83887 0 52 83892 0 51 83893 0 53 83960 0 54 84010 0 53 84020 0 65 84021 0 64 84026 0 78 84041 0 52 84049 0 90 84049 0 91 84049 0 92 84050 0 78 84055 0 72 84055 0 73 84077 0 78 84096 0 51 84110 0 78 84142 0 53 84161 0 54 84177 0 78 84196 0 
TIME iteration: 298 ms
Round:159
IR: 0, 0, 0, 0, 0
84270 0 51 84300 0 54 84305 0 53 84388 0 52 84418 0 51 84426 0 53 84427 0 64 84427 0 65 84432 0 78 84449 0 60 84449 0 61 84450 0 73 84451 0 72 84454 0 90 84454 0 91 84454 0 92 84456 0 78 84457 0 76 84481 0 76 84483 0 78 84500 0 54 84508 0 76 84509 0 52 84516 0 78 84537 0 68 84542 0 76 84556 0 51 84563 0 69 84577 0 90 84577 0 91 84577 0 92 84582 0 78 84584 0 53 84628 0 54 84684 0 51 84738 0 53 84745 0 54 84762 0 52 84785 0 
TIME iteration: 298 ms
Round:160
IR: 0, 0, 0, 0, 0
84902 0 54 84903 0 53 84929 0 51 84934 0 60 84934 0 61 84938 0 66 84939 0 67 84939 0 76 84947 0 79 84961 0 90 84961 0 91 84961 0 92 84963 0 76 84964 0 52 84970 0 68 84971 0 69 84971 0 79 84990 0 76 84998 0 79 85010 0 74 85015 0 75 85023 0 76 85033 0 79 85050 0 54 85063 0 53 85089 0 76 85092 0 90 85092 0 91 85092 0 92 85110 0 51 85141 0 54 85143 0 52 85212 0 53 85224 0 51 85258 0 54 85278 0 
TIME iteration: 298 ms
Round:161
IR: 0, 0, 0, 0, 0
85365 0 53 85400 0 51 85427 0 52 85462 0 62 85464 0 63 85471 0 77 85476 0 60 85481 0 61 85485 0 76 85493 0 90 85493 0 91 85493 0 92 85495 0 77 85496 0 54 85509 0 76 85513 0 68 85513 0 69 85522 0 53 85522 0 77 85527 0 51 85536 0 76 85556 0 77 85559 0 71 85564 0 70 85570 0 76 85608 0 52 85621 0 53 85622 0 90 85622 0 91 85622 0 92 85650 0 76 85655 0 54 85665 0 51 85710 0 52 85723 0 53 85782 0 54 85806 0 
TIME iteration: 298 ms
Round:162
IR: 0, 0, 0, 0, 0
85909 0 53 85909 0 54 85934 0 51 85957 0 66 85959 0 67 85967 0 79 85968 0 60 85969 0 61 85974 0 76 85987 0 90 85987 0 91 85987 0 92 85991 0 79 85998 0 68 85998 0 76 85999 0 69 86018 0 52 86018 0 79 86021 0 74 86021 0 75 86025 0 76 86053 0 79 86055 0 53 86058 0 76 86117 0 90 86117 0 91 86117 0 92 86125 0 76 86132 0 51 86165 0 52 86169 0 54 86172 0 53 86294 0 54 86307 0 52 86312 0 53 86373 0 
TIME iteration: 298 ms
Round:163
IR: 0, 0, 0, 0, 0
86434 0 54 86449 0 52 86467 0 53 86467 0 67 86468 0 66 86473 0 79 86484 0 62 86485 0 63 86492 0 77 86496 0 65 86497 0 64 86497 0 79 86497 0 90 86497 0 91 86497 0 92 86502 0 75 86503 0 74 86505 0 78 86508 0 51 86516 0 77 86524 0 79 86529 0 78 86543 0 77 86547 0 70 86553 0 71 86556 0 78 86558 0 79 86577 0 53 86577 0 77 86585 0 72 86587 0 73 86591 0 78 86611 0 90 86611 0 91 86611 0 92 86633 0 52 86671 0 51 86676 0 54 86728 0 53 86743 0 52 86830 0 53 86850 0 52 86857 0 51 86909 0 62 86910 0 63 86914 0 
TIME iteration: 299 ms
Round:164
IR: 0, 0, 0, 0, 0
86922 0 54 86934 0 53 86937 0 64 86937 0 65 86937 0 90 86937 0 91 86937 0 92 86938 0 77 86940 0 70 86940 0 71 86942 0 78 86964 0 77 86966 0 78 86969 0 72 86969 0 73 86993 0 52 86993 0 78 86997 0 77 87016 0 53 87026 0 78 87027 0 51 87058 0 77 87059 0 90 87059 0 91 87059 0 92 87092 0 78 87120 0 53 87126 0 54 87167 0 51 87183 0 52 87241 0 54 87254 0 53 87281 0 52 87327 0 54 87344 0 51 87356 0 67 87357 0 66 87365 0 79 87385 0 90 87385 0 91 87385 0 92 87389 0 79 87391 0 53 87410 0 75 87412 0 74 87416 0 79 87430 0 
TIME iteration: 299 ms
Round:165
IR: 0, 0, 0, 0, 0
87451 0 79 87482 0 54 87529 0 53 87542 0 52 87578 0 51 87630 0 54 87650 0 52 87686 0 62 87686 0 63 87693 0 77 87698 0 66 87698 0 67 87702 0 79 87711 0 90 87711 0 91 87711 0 92 87717 0 77 87720 0 74 87720 0 75 87726 0 79 87732 0 70 87733 0 71 87741 0 54 87744 0 77 87752 0 79 87762 0 52 87775 0 51 87778 0 77 87785 0 79 87837 0 90 87837 0 91 87837 0 92 87849 0 79 87851 0 52 87860 0 53 87871 0 54 87972 0 
TIME iteration: 299 ms
Round:166
IR: 0, 0, 0, 0, 0
88007 0 53 88089 0 54 88140 0 53 88157 0 51 88196 0 65 88197 0 64 88205 0 78 88226 0 90 88226 0 91 88226 0 92 88229 0 78 88256 0 78 88258 0 51 88265 0 72 88265 0 73 88275 0 54 88291 0 78 88305 0 53 88310 0 52 88362 0 51 88390 0 54 88456 0 51 88463 0 52 88486 0 53 88493 0 54 88498 0 60 88499 0 61 88507 0 
TIME iteration: 298 ms
Round:167
IR: 0, 0, 0, 0, 0
88523 0 90 88523 0 91 88523 0 92 88531 0 76 88558 0 76 88583 0 51 88586 0 68 88593 0 76 88594 0 69 88627 0 52 88649 0 54 88697 0 51 88717 0 53 88761 0 61 88762 0 60 88763 0 76 88781 0 68 88782 0 69 88785 0 90 88785 0 91 88785 0 92 88786 0 76 88787 0 52 88812 0 76 88835 0 53 88843 0 76 88856 0 68 88863 0 69 88893 0 76 88895 0 54 88920 0 51 88949 0 52 89001 0 53 89011 0 
TIME iteration: 298 ms
Round:168
IR: 0, 0, 0, 0, 0
89071 0 52 89136 0 62 89137 0 63 89145 0 77 89148 0 54 89153 0 53 89162 0 66 89162 0 67 89162 0 90 89162 0 91 89162 0 92 89169 0 77 89171 0 79 89185 0 51 89191 0 52 89195 0 79 89196 0 77 89211 0 70 89212 0 71 89222 0 79 89231 0 77 89237 0 74 89240 0 75 89257 0 79 89277 0 54 89283 0 90 89283 0 91 89283 0 92 89337 0 51 89368 0 53 89389 0 54 89440 0 52 89457 0 51 89510 0 54 89515 0 53 89567 0 
TIME iteration: 298 ms
Round:169
IR: 0, 0, 0, 0, 0
89595 0 52 89600 0 60 89601 0 61 89608 0 76 89629 0 90 89629 0 91 89629 0 92 89632 0 76 89654 0 54 89656 0 68 89656 0 69 89659 0 76 89685 0 51 89693 0 76 89698 0 53 89754 0 54 89785 0 52 89806 0 51 89808 0 53 89877 0 54 89905 0 52 89936 0 66 89937 0 67 89944 0 79 89946 0 51 89954 0 60 89954 0 61 89957 0 76 89962 0 90 89962 0 91 89962 0 92 89968 0 79 89974 0 53 89977 0 68 89978 0 69 89980 0 76 89986 0 75 89989 0 74 89995 0 79 90005 0 54 90006 0 76 90029 0 79 90038 0 76 90082 0 51 90086 0 90 90086 0 91 90086 0 92 90092 0 53 90092 0 
TIME iteration: 298 ms
Round:170
IR: 0, 0, 0, 0, 0
90145 0 52 90166 0 54 90191 0 51 90266 0 53 90322 0 51 90337 0 54 90367 0 52 90402 0 53 90455 0 54 90462 0 65 90463 0 64 90471 0 66 90471 0 78 90473 0 67 90478 0 79 90492 0 90 90492 0 91 90492 0 92 90495 0 78 90502 0 79 90506 0 75 90507 0 74 90518 0 52 90522 0 78 90529 0 79 90555 0 51 90555 0 73 90556 0 72 90557 0 78 90563 0 79 90623 0 90 90623 0 91 90623 0 
TIME iteration: 298 ms
Round:171
IR: 0, 0, 0, 0, 0
90636 0 52 90638 0 53 90705 0 51 90758 0 54 90786 0 52 90822 0 51 90861 0 53 90926 0 54 90977 0 51 90992 0 53 90997 0 60 90998 0 61 91005 0 76 91028 0 90 91028 0 91 91028 0 92 91029 0 76 91034 0 52 91056 0 76 91058 0 68 91059 0 69 91061 0 51 91090 0 76 91125 0 
TIME iteration: 298 ms
Round:172
IR: 0, 0, 0, 0, 0
91165 0 51 91234 0 54 91289 0 53 91317 0 51 91322 0 52 91332 0 60 91332 0 61 91335 0 76 91354 0 68 91355 0 69 91357 0 90 91357 0 91 91357 0 92 91358 0 76 91384 0 76 91409 0 54 91416 0 76 91430 0 53 91442 0 52 91470 0 76 91471 0 51 91556 0 53 91568 0 52 91574 0 54 91575 0 51 91655 0 61 91656 0 60 91659 0 76 91670 0 68 91670 0 69 91679 0 53 91680 0 90 91680 0 91 91680 0 92 91682 0 76 91685 0 
TIME iteration: 298 ms
Round:173
IR: 0, 0, 0, 0, 0
91708 0 76 91733 0 69 91734 0 68 91740 0 51 91740 0 76 91795 0 76 91812 0 53 91816 0 54 91849 0 51 91872 0 52 91898 0 61 91900 0 60 91902 0 76 91916 0 68 91917 0 69 91922 0 90 91922 0 91 91922 0 92 91925 0 76 91944 0 51 91951 0 76 91953 0 54 91964 0 53 91983 0 76 91988 0 68 91992 0 69 92000 0 52 92036 0 76 92046 0 51 92051 0 54 92089 0 53 92134 0 61 92139 0 60 92139 0 76 92154 0 69 92155 0 68 92159 0 90 92159 0 91 92159 0 92 92162 0 76 92164 0 52 92179 0 51 92188 0 76 92219 0 
TIME iteration: 298 ms
Round:174
IR: 0, 0, 0, 0, 0
92224 0 69 92227 0 54 92229 0 68 92270 0 76 92300 0 53 92310 0 52 92343 0 51 92386 0 54 92427 0 60 92428 0 61 92431 0 76 92450 0 68 92450 0 69 92451 0 53 92451 0 90 92451 0 91 92451 0 92 92454 0 76 92480 0 76 92511 0 51 92512 0 76 92520 0 52 92520 0 54 92567 0 76 92570 0 53 92674 0 51 92694 0 54 92707 0 
TIME iteration: 303 ms
Round:175
IR: 0, 0, 0, 0, 0
92767 0 53 92792 0 51 92803 0 61 92804 0 60 92808 0 76 92821 0 68 92822 0 69 92829 0 90 92829 0 91 92829 0 92 92832 0 76 92858 0 76 92879 0 54 92891 0 76 92894 0 68 92900 0 69 92916 0 51 92931 0 52 92952 0 76 92961 0 53 93050 0 54 93065 0 52 93107 0 53 93166 0 54 93180 0 51 93193 0 66 93193 0 67 93202 0 79 93214 0 60 93216 0 61 93219 0 90 93219 0 91 93219 0 92 93220 0 76 93223 0 53 93226 0 79 93241 0 52 93244 0 76 93245 0 68 93246 0 69 93253 0 79 93260 0 54 93271 0 
TIME iteration: 299 ms
Round:176
IR: 0, 0, 0, 0, 0
93283 0 74 93288 0 79 93290 0 75 93304 0 76 93308 0 51 93316 0 53 93342 0 90 93342 0 91 93342 0 92 93345 0 52 93369 0 76 93383 0 54 93412 0 53 93442 0 51 93529 0 54 93543 0 52 93576 0 51 93598 0 53 93616 0 54 93645 0 66 93646 0 67 93651 0 79 93674 0 90 93674 0 91 93674 0 92 93675 0 79 93679 0 74 93679 0 75 93702 0 79 93735 0 79 93737 0 51 93775 0 52 93786 0 
TIME iteration: 298 ms
Round:177
IR: 0, 0, 0, 0, 0
93814 0 54 93897 0 52 93958 0 51 93986 0 53 94003 0 54 94067 0 66 94074 0 67 94075 0 79 94095 0 52 94095 0 75 94096 0 74 94098 0 90 94098 0 91 94098 0 92 94099 0 79 94125 0 79 94127 0 54 94139 0 51 94158 0 79 94213 0 53 94214 0 52 94224 0 79 94290 0 54 94323 0 
TIME iteration: 298 ms
Round:178
IR: 0, 0, 0, 0, 0
94349 0 53 94442 0 54 94453 0 52 94456 0 62 94456 0 63 94457 0 51 94464 0 77 94466 0 66 94466 0 67 94471 0 79 94482 0 90 94482 0 91 94482 0 92 94486 0 75 94487 0 74 94488 0 77 94495 0 79 94515 0 77 94521 0 79 94529 0 53 94549 0 70 94549 0 77 94554 0 79 94565 0 71 94570 0 75 94584 0 54 94610 0 90 94610 0 91 94610 0 92 94626 0 79 94668 0 51 94676 0 52 94676 0 53 94817 0 53 94823 0 52 94827 0 54 94831 0 
TIME iteration: 299 ms
Round:179
IR: 0, 0, 0, 0, 0
94964 0 53 94966 0 51 94970 0 54 94990 0 65 94991 0 64 94995 0 60 94995 0 61 94999 0 78 95003 0 76 95018 0 90 95018 0 91 95018 0 92 95021 0 52 95023 0 78 95027 0 76 95050 0 78 95054 0 76 95061 0 53 95080 0 68 95082 0 69 95085 0 78 95088 0 72 95088 0 76 95100 0 73 95113 0 54 95143 0 51 95150 0 90 95150 0 91 95150 0 92 95158 0 53 95216 0 52 95271 0 54 95290 0 53 95310 0 51 95371 0 52 95379 0 
TIME iteration: 299 ms
Round:180
IR: 0, 0, 0, 0, 0
95419 0 53 95443 0 51 95477 0 64 95479 0 65 95483 0 78 95507 0 78 95507 0 90 95507 0 91 95507 0 92 95514 0 72 95514 0 73 95528 0 52 95534 0 78 95567 0 78 95568 0 51 95590 0 53 95633 0 78 95707 0 52 95708 0 51 95715 0 54 95757 0 53 95814 0 52 95843 0 51 95855 0 63 95856 0 62 95864 0 77 95866 0 60 95866 0 61 95870 0 53 95873 0 76 95875 0 64 95875 0 65 95880 0 78 95881 0 90 95881 0 91 95881 0 92 95888 0 77 95897 0 73 95897 0 76 95899 0 72 95904 0 78 95915 0 77 95922 0 69 95924 0 68 95924 0 
TIME iteration: 298 ms
Round:181
IR: 0, 0, 0, 0, 0
95931 0 71 95931 0 78 95935 0 70 95946 0 52 95946 0 54 95950 0 77 95958 0 76 95962 0 53 95964 0 78 95977 0 51 95995 0 90 95995 0 91 95995 0 92 96030 0 78 96078 0 53 96095 0 52 96104 0 54 96105 0 51 96217 0 53 96242 0 54 96322 0 51 96326 0 52 96354 0 53 96367 0 64 96368 0 65 96373 0 78 96395 0 73 96396 0 72 96396 0 90 96396 0 91 96396 0 92 96397 0 78 96424 0 78 96450 0 54 96457 0 
TIME iteration: 299 ms
Round:182
IR: 0, 0, 0, 0, 0
96478 0 52 96524 0 78 96558 0 51 96565 0 53 96618 0 54 96632 0 52 96731 0 53 96740 0 51 96753 0 54 96780 0 67 96781 0 66 96783 0 64 96784 0 65 96789 0 78 96789 0 79 96805 0 90 96805 0 91 96805 0 92 96806 0 72 96807 0 73 96812 0 52 96813 0 78 96813 0 79 96840 0 78 96840 0 79 96872 0 75 96873 0 78 96875 0 79 96877 0 74 96891 0 53 96928 0 51 96935 0 90 96935 0 91 96935 0 92 96940 0 78 96978 0 
TIME iteration: 298 ms
Round:183
IR: 0, 0, 0, 0, 0
96997 0 52 97006 0 53 97051 0 51 97144 0 54 97159 0 51 97201 0 53 97208 0 52 97312 0 54 97326 0 51 97334 0 60 97334 0 61 97342 0 76 97345 0 66 97345 0 67 97351 0 79 97364 0 90 97364 0 91 97364 0 92 97366 0 76 97375 0 79 97377 0 53 97385 0 74 97385 0 75 97393 0 76 97395 0 52 97402 0 79 97414 0 69 97416 0 68 97427 0 76 97436 0 79 97449 0 54 97495 0 90 97495 0 91 97495 0 92 97507 0 
TIME iteration: 298 ms
Round:184
IR: 0, 0, 0, 0, 0
97548 0 52 97613 0 54 97659 0 52 97696 0 51 97704 0 53 97785 0 54 97787 0 52 97821 0 62 97821 0 63 97829 0 77 97843 0 51 97850 0 90 97850 0 91 97850 0 92 97853 0 77 97880 0 77 97905 0 53 97905 0 70 97912 0 71 97914 0 77 97979 0 54 98010 0 51 98019 0 
TIME iteration: 298 ms
Round:185
IR: 0, 0, 0, 0, 0
98149 0 53 98152 0 51 98197 0 54 98208 0 52 98227 0 60 98228 0 61 98235 0 76 98238 0 63 98240 0 62 98243 0 77 98254 0 90 98254 0 91 98254 0 92 98259 0 76 98266 0 77 98270 0 70 98271 0 71 98285 0 68 98286 0 76 98287 0 69 98292 0 77 98318 0 53 98320 0 76 98324 0 77 98326 0 51 98346 0 54 98364 0 52 98380 0 77 98382 0 90 98382 0 91 98382 0 92 98434 0 54 98462 0 53 98504 0 51 98566 0 
TIME iteration: 298 ms
Round:186
IR: 0, 0, 0, 0, 0
98581 0 54 98582 0 53 98661 0 51 98694 0 54 98704 0 53 98719 0 66 98719 0 67 98724 0 64 98724 0 65 98728 0 79 98732 0 78 98746 0 90 98746 0 91 98746 0 92 98752 0 79 98756 0 78 98779 0 79 98783 0 78 98793 0 74 98794 0 75 98805 0 72 98811 0 73 98812 0 52 98814 0 79 98817 0 78 98836 0 51 98852 0 54 98859 0 53 98877 0 90 98877 0 91 98877 0 92 98910 0 52 98994 0 53 99008 0 54 99030 0 51 99077 0 
TIME iteration: 298 ms
Round:187
IR: 0, 0, 0, 0, 0
99113 0 54 99120 0 53 99173 0 51 99207 0 52 99215 0 53 99219 0 64 99219 0 65 99224 0 78 99244 0 62 99244 0 63 99248 0 78 99249 0 90 99249 0 91 99249 0 92 99252 0 77 99254 0 72 99254 0 73 99275 0 78 99276 0 77 99300 0 52 99300 0 71 99303 0 70 99303 0 77 99306 0 51 99308 0 78 99337 0 77 99342 0 54 99373 0 90 99373 0 91 99373 0 92 99374 0 78 99407 0 52 99467 0 53 99496 0 51 99584 0 
TIME iteration: 298 ms
Round:188
IR: 0, 0, 0, 0, 0
99652 0 54 99684 0 51 99695 0 53 99705 0 52 99712 0 64 99712 0 65 99718 0 78 99741 0 90 99741 0 91 99741 0 92 99742 0 72 99742 0 73 99742 0 78 99769 0 78 99787 0 54 99803 0 78 99825 0 53 99853 0 51 99879 0 78 99934 0 54 99939 0 53 99958 0 51 99997 0 52 100080 0 54 100086 0 51 100095 0 60 100095 0 61 100103 0 76 100111 0 66 100112 0 67 100115 0 52 100120 0 79 100121 0 90 100121 0 91 100121 0 92 100127 0 76 100144 0 79 100154 0 76 100161 0 
TIME iteration: 299 ms
Round:189
IR: 0, 0, 0, 0, 0
100171 0 79 100180 0 69 100183 0 68 100186 0 74 100187 0 75 100188 0 76 100206 0 79 100246 0 90 100246 0 91 100246 0 92 100255 0 54 100264 0 52 100267 0 51 100368 0 54 100382 0 52 100384 0 53 100388 0 51 100526 0 53 100535 0 51 100570 0 52 100572 0 54 100591 0 60 100592 0 61 100597 0 76 100621 0 76 100621 0 90 100621 0 91 100621 0 92 100627 0 69 100629 0 68 100648 0 76 100668 0 53 100681 0 76 100691 0 
TIME iteration: 298 ms
Round:190
IR: 0, 0, 0, 0, 0
100722 0 51 100741 0 54 100748 0 76 100797 0 52 100804 0 53 100855 0 54 100915 0 51 100920 0 52 100940 0 62 100940 0 63 100948 0 77 100965 0 90 100965 0 91 100965 0 92 100972 0 53 100972 0 77 100983 0 54 100999 0 77 101022 0 71 101023 0 70 101033 0 77 101081 0 51 101157 0 52 101174 0 
TIME iteration: 298 ms
Round:191
IR: 0, 0, 0, 0, 0
101246 0 51 101274 0 53 101356 0 54 101389 0 53 101400 0 67 101401 0 52 101402 0 66 101410 0 79 101428 0 64 101428 0 65 101428 0 90 101428 0 91 101428 0 92 101434 0 79 101436 0 78 101447 0 54 101460 0 78 101461 0 79 101468 0 51 101472 0 74 101476 0 75 101487 0 78 101496 0 79 101512 0 53 101512 0 72 101513 0 73 101521 0 78 101550 0 90 101550 0 91 101550 0 92 101569 0 52 101595 0 51 101641 0 54 101704 0 53 101716 0 52 101750 0 
TIME iteration: 302 ms
Round:192
IR: 0, 0, 0, 0, 0
101785 0 51 101805 0 53 101891 0 52 101891 0 65 101895 0 64 101898 0 78 101922 0 78 101922 0 90 101922 0 91 101922 0 92 101926 0 72 101927 0 73 101949 0 78 101956 0 53 101973 0 54 101982 0 78 102018 0 51 102047 0 78 102077 0 52 102170 0 52 102172 0 54 102213 0 51 102233 0 53 102280 0 52 102281 0 63 102282 0 
TIME iteration: 298 ms
Round:193
IR: 0, 0, 0, 0, 0
102290 0 77 102308 0 90 102308 0 91 102308 0 92 102314 0 77 102315 0 54 102341 0 77 102356 0 71 102357 0 70 102376 0 77 102398 0 51 102432 0 54 102441 0 52 102481 0 53 102584 0 51 102597 0 52 102601 0 54 102627 0 62 102628 0 63 102629 0 53 102631 0 77 102652 0 71 102653 0 70 102653 0 90 102653 0 91 102653 0 92 102654 0 77 102680 0 77 102710 0 54 102712 0 77 102737 0 52 102767 0 77 102772 0 53 102788 0 
TIME iteration: 298 ms
Round:194
IR: 0, 0, 0, 0, 0
102916 0 52 102920 0 54 102936 0 51 102988 0 53 103065 0 52 103072 0 62 103072 0 63 103077 0 77 103092 0 54 103096 0 70 103096 0 71 103099 0 90 103099 0 91 103099 0 92 103101 0 77 103104 0 51 103128 0 77 103161 0 77 103165 0 53 103224 0 54 103227 0 77 103245 0 51 103277 0 52 103284 0 
TIME iteration: 298 ms
Round:195
IR: 0, 0, 0, 0, 0
103352 0 54 103367 0 51 103424 0 53 103437 0 60 103437 0 61 103445 0 76 103449 0 65 103450 0 64 103458 0 78 103463 0 90 103463 0 91 103463 0 92 103469 0 76 103476 0 52 103482 0 78 103496 0 76 103509 0 78 103526 0 72 103528 0 73 103530 0 69 103530 0 76 103534 0 68 103544 0 78 103590 0 90 103590 0 91 103590 0 92 103603 0 53 103619 0 51 103671 0 54 103681 0 52 103774 0 53 103788 0 51 103788 0 54 103861 0 
TIME iteration: 298 ms
Round:196
IR: 0, 0, 0, 0, 0
103898 0 53 103920 0 51 103926 0 54 103947 0 64 103948 0 65 103949 0 66 103950 0 67 103953 0 78 103958 0 60 103958 0 79 103960 0 61 103964 0 76 103973 0 90 103973 0 91 103973 0 92 103977 0 78 103982 0 73 103982 0 79 103984 0 72 103988 0 76 103997 0 68 103997 0 69 104004 0 78 104009 0 79 104015 0 76 104020 0 52 104037 0 78 104044 0 79 104046 0 75 104047 0 74 104048 0 76 104077 0 54 104089 0 90 104089 0 91 104089 0 92 104104 0 78 104114 0 76 104124 0 53 104180 0 52 104181 0 51 104212 0 54 104308 0 51 104320 0 52 104381 0 53 104392 0 
TIME iteration: 299 ms
Round:197
IR: 0, 0, 0, 0, 0
104429 0 51 104446 0 60 104446 0 61 104452 0 76 104475 0 90 104475 0 91 104475 0 92 104476 0 68 104476 0 69 104476 0 76 104488 0 52 104503 0 76 104513 0 54 104537 0 76 104550 0 53 104591 0 51 104613 0 76 104632 0 54 104649 0 52 104775 0 52 104788 0 53 104791 0 51 104826 0 62 104826 0 63 104834 0 77 104852 0 90 104852 0 91 104852 0 92 104858 0 77 104885 0 77 104908 0 70 104911 0 71 104914 0 51 104919 0 77 104931 0 
TIME iteration: 298 ms
Round:198
IR: 0, 0, 0, 0, 0
104946 0 52 104970 0 54 105003 0 51 105037 0 53 105081 0 51 105106 0 60 105108 0 61 105114 0 76 105126 0 53 105131 0 90 105131 0 91 105131 0 92 105138 0 76 105146 0 69 105148 0 68 105165 0 76 105199 0 76 105208 0 51 105222 0 53 105270 0 54 105299 0 52 105343 0 51 105348 0 53 105438 0 54 105463 0 53 105469 0 64 105469 0 
TIME iteration: 298 ms
Round:199
IR: 0, 0, 0, 0, 0
105471 0 51 105474 0 61 105475 0 60 105476 0 52 105477 0 78 105478 0 76 105494 0 90 105494 0 91 105494 0 92 105496 0 68 105496 0 69 105501 0 76 105501 0 78 105527 0 76 105528 0 78 105547 0 72 105547 0 73 105559 0 76 105562 0 78 105586 0 51 105588 0 54 105592 0 52 105614 0 76 105615 0 53 105623 0 90 105623 0 91 105623 0 92 105697 0 51 105711 0 53 105722 0 52 105757 0 54 105848 0 51 105850 0 53 105908 0 54 105954 0 51 105970 0 52 105970 0 60 105970 0 61 105976 0 76 105997 0 68 105997 0 
TIME iteration: 298 ms
