Round:0
IR: 0, 0, 0, 0, 0
348 0 53 404 0 51 431 0 52 442 0 54 468 0 53 484 0 64 485 0 65 493 0 78 517 0 78 525 0 90 525 0 91 525 0 
TIME iteration: 431 ms
Round:1
IR: 0, 0, 0, 0, 0
544 0 78 553 0 51 555 0 54 579 0 78 601 0 73 610 0 53 690 0 51 697 0 52 719 0 54 723 0 53 868 0 53 871 0 64 871 0 65 875 0 78 890 0 72 898 0 78 898 0 90 898 0 91 898 0 92 901 0 73 907 0 52 917 0 54 924 0 78 956 0 78 965 0 53 968 0 72 986 0 51 1012 0 
TIME iteration: 299 ms
Round:2
IR: 0, 0, 0, 0, 0
1066 0 52 1081 0 54 1085 0 53 1140 0 64 1141 0 51 1142 0 65 1144 0 78 1153 0 73 1162 0 72 1165 0 90 1165 0 91 1165 0 92 1167 0 78 1193 0 78 1198 0 52 1212 0 73 1225 0 78 1230 0 54 1279 0 78 1291 0 51 1293 0 52 1301 0 53 1416 0 51 1436 0 52 1468 0 53 1486 0 62 1489 0 63 1496 0 77 1502 0 54 1511 0 65 1512 0 90 1512 0 91 1512 0 92 1520 0 77 1520 0 78 1547 0 77 1549 0 78 1573 0 51 1578 0 72 1582 0 77 1583 0 53 1583 0 70 1588 0 
TIME iteration: 299 ms
Round:3
IR: 0, 0, 0, 0, 0
1591 0 78 1613 0 52 1633 0 54 1649 0 90 1649 0 91 1649 0 92 1750 0 52 1755 0 51 1776 0 54 1848 0 53 1919 0 51 1938 0 52 1967 0 54 2017 0 53 2069 0 54 2073 0 66 2074 0 67 2082 0 79 2083 0 51 2085 0 52 2094 0 62 2095 0 63 2097 0 60 2098 0 61 2101 0 77 2104 0 90 2104 0 91 2104 0 92 2106 0 76 2106 0 
TIME iteration: 298 ms
Round:4
IR: 0, 0, 0, 0, 0
2125 0 77 2130 0 76 2133 0 79 2138 0 71 2139 0 70 2152 0 77 2157 0 76 2168 0 79 2173 0 75 2175 0 74 2185 0 52 2186 0 77 2192 0 76 2194 0 68 2207 0 69 2215 0 54 2216 0 53 2218 0 90 2218 0 91 2218 0 92 2239 0 51 2267 0 77 2321 0 52 2382 0 53 2410 0 54 2442 0 51 2461 0 52 2538 0 53 2564 0 51 2589 0 52 2596 0 60 2596 0 61 2597 0 63 2598 0 62 2601 0 76 2604 0 77 2621 0 90 2621 0 91 2621 0 92 2625 0 76 2628 0 77 2629 0 70 2629 0 71 2632 0 68 2634 0 
TIME iteration: 299 ms
Round:5
IR: 0, 0, 0, 0, 0
2652 0 76 2655 0 77 2666 0 54 2685 0 52 2685 0 76 2689 0 77 2714 0 51 2728 0 53 2751 0 76 2752 0 90 2752 0 91 2752 0 92 2770 0 77 2783 0 52 2817 0 51 2871 0 54 2876 0 52 2920 0 51 2958 0 53 3025 0 52 3056 0 51 3078 0 61 3079 0 60 3080 0 63 3081 0 62 3084 0 76 3086 0 77 3104 0 90 3104 0 91 3104 0 92 3106 0 54 3108 0 69 3108 0 76 3109 0 53 3109 0 68 3109 0 70 3110 0 71 3110 0 77 3135 0 76 3137 0 77 3168 0 76 3170 0 77 3179 0 
TIME iteration: 299 ms
Round:6
IR: 0, 0, 0, 0, 0
3208 0 51 3235 0 76 3235 0 90 3235 0 91 3235 0 92 3237 0 77 3280 0 54 3302 0 53 3320 0 52 3323 0 51 3453 0 54 3455 0 51 3459 0 52 3467 0 53 3555 0 53 3580 0 64 3580 0 65 3588 0 78 3593 0 51 3605 0 60 3607 0 61 3610 0 90 3610 0 91 3610 0 92 3612 0 76 3612 0 78 3636 0 76 3637 0 68 3637 0 69 3639 0 78 3644 0 54 3663 0 76 3667 0 72 3671 0 53 3673 0 78 3678 0 73 3685 0 52 3697 0 76 3703 0 
TIME iteration: 298 ms
Round:7
IR: 0, 0, 0, 0, 0
3734 0 90 3734 0 91 3734 0 92 3773 0 76 3837 0 53 3841 0 54 3860 0 51 3876 0 52 3946 0 53 3986 0 54 4033 0 52 4048 0 51 4130 0 53 4138 0 54 4144 0 64 4145 0 65 4150 0 78 4153 0 66 4153 0 67 4162 0 79 4172 0 52 4174 0 78 4174 0 90 4174 0 91 4174 0 92 4185 0 72 4186 0 51 4186 0 73 4186 0 79 4201 0 78 4213 0 79 4234 0 
TIME iteration: 298 ms
Round:8
IR: 0, 0, 0, 0, 0
4240 0 74 4243 0 75 4248 0 79 4298 0 52 4301 0 78 4306 0 90 4306 0 91 4306 0 92 4353 0 51 4354 0 53 4386 0 54 4401 0 52 4436 0 51 4510 0 52 4518 0 54 4526 0 53 4540 0 51 4587 0 60 4587 0 61 4595 0 76 4614 0 52 4616 0 90 4616 0 91 4616 0 92 4619 0 76 4646 0 69 4646 0 76 4647 0 68 4654 0 51 4680 0 76 4730 0 53 4761 0 
TIME iteration: 298 ms
Round:9
IR: 0, 0, 0, 0, 0
4832 0 51 4858 0 53 4875 0 54 4887 0 52 4932 0 51 4942 0 60 4942 0 61 4945 0 76 4966 0 68 4966 0 69 4967 0 90 4967 0 91 4967 0 92 4968 0 76 4994 0 76 5005 0 53 5026 0 76 5030 0 52 5053 0 51 5055 0 54 5080 0 76 5164 0 54 5189 0 52 5205 0 53 5210 0 
TIME iteration: 298 ms
Round:10
IR: 0, 0, 0, 0, 0
5311 0 53 5325 0 54 5340 0 64 5342 0 65 5343 0 67 5344 0 66 5349 0 78 5352 0 79 5357 0 51 5361 0 60 5362 0 61 5365 0 90 5365 0 91 5365 0 92 5367 0 76 5373 0 78 5376 0 79 5383 0 69 5384 0 68 5391 0 76 5400 0 78 5403 0 79 5409 0 72 5411 0 75 5412 0 73 5416 0 74 5418 0 76 5434 0 78 5438 0 79 5451 0 76 5459 0 54 5475 0 53 5480 0 90 5480 0 91 5480 0 92 5482 0 69 5501 0 51 5515 0 52 5518 0 76 5625 0 51 5627 0 53 5633 0 54 5697 0 52 5720 0 53 5722 0 51 5752 0 54 5765 0 60 5765 0 61 5770 0 76 5785 0 68 5792 0 90 5792 0 91 5792 0 92 5794 0 76 5796 0 69 5806 0 53 5821 0 
TIME iteration: 299 ms
Round:11
IR: 0, 0, 0, 0, 0
5852 0 52 5854 0 76 5866 0 68 5868 0 51 5869 0 54 5920 0 76 5926 0 53 5977 0 54 6014 0 52 6017 0 51 6059 0 53 6076 0 60 6077 0 61 6080 0 76 6092 0 69 6101 0 68 6101 0 90 6101 0 91 6101 0 92 6103 0 76 6129 0 76 6159 0 69 6161 0 76 6172 0 52 6184 0 53 6195 0 51 6216 0 76 6283 0 52 6335 0 
TIME iteration: 299 ms
Round:12
IR: 0, 0, 0, 0, 0
6379 0 54 6390 0 60 6391 0 61 6394 0 76 6401 0 53 6404 0 68 6409 0 52 6413 0 69 6415 0 90 6415 0 91 6415 0 92 6417 0 76 6443 0 76 6465 0 68 6475 0 76 6530 0 76 6548 0 51 6555 0 54 6604 0 52 6628 0 53 6691 0 51 6729 0 54 6733 0 60 6733 0 61 6737 0 76 6749 0 69 6752 0 52 6758 0 68 6758 0 90 6758 0 91 6758 0 92 6760 0 76 6786 0 76 6817 0 69 6818 0 76 6836 0 54 6846 0 53 6848 0 51 6851 0 52 6874 0 
TIME iteration: 299 ms
Round:13
IR: 0, 0, 0, 0, 0
6966 0 54 6975 0 52 7036 0 53 7044 0 51 7108 0 60 7109 0 61 7113 0 76 7127 0 68 7134 0 90 7134 0 91 7134 0 92 7136 0 69 7137 0 76 7153 0 54 7163 0 76 7180 0 52 7196 0 76 7205 0 68 7253 0 51 7257 0 76 7281 0 54 7298 0 53 7350 0 52 7400 0 54 7408 0 
TIME iteration: 298 ms
Round:14
IR: 0, 0, 0, 0, 0
7436 0 53 7447 0 61 7448 0 60 7452 0 76 7456 0 66 7459 0 67 7465 0 69 7466 0 79 7472 0 90 7472 0 91 7472 0 92 7473 0 68 7476 0 76 7490 0 79 7502 0 76 7508 0 54 7509 0 51 7516 0 52 7517 0 79 7535 0 69 7535 0 76 7548 0 75 7551 0 74 7552 0 79 7596 0 76 7599 0 90 7599 0 91 7599 0 92 7610 0 53 7612 0 52 7645 0 54 7665 0 51 7727 0 53 7749 0 52 7806 0 51 7852 0 54 7879 0 53 7893 0 52 7920 0 51 7941 0 61 7942 0 60 7947 0 
TIME iteration: 299 ms
Round:15
IR: 0, 0, 0, 0, 0
7955 0 62 7956 0 63 7964 0 77 7969 0 68 7971 0 76 7971 0 90 7971 0 91 7971 0 92 7975 0 54 7979 0 69 7988 0 77 7998 0 76 8000 0 52 8015 0 77 8031 0 76 8040 0 53 8047 0 51 8050 0 77 8055 0 70 8060 0 71 8070 0 54 8098 0 76 8100 0 90 8100 0 91 8100 0 92 8118 0 52 8143 0 51 8184 0 53 8204 0 54 8231 0 52 8268 0 51 8354 0 53 8376 0 54 8390 0 51 8396 0 52 8422 0 60 8423 0 61 8428 0 76 8450 0 68 8452 0 69 8452 0 76 8452 0 90 8452 0 91 8452 0 92 8457 0 53 8479 0 
TIME iteration: 299 ms
Round:16
IR: 0, 0, 0, 0, 0
8512 0 76 8531 0 53 8548 0 54 8575 0 51 8579 0 76 8632 0 53 8663 0 52 8713 0 54 8724 0 51 8776 0 53 8785 0 64 8785 0 65 8793 0 78 8802 0 60 8811 0 90 8811 0 91 8811 0 92 8812 0 76 8817 0 78 8842 0 76 8844 0 52 8844 0 78 8878 0 72 8878 0 73 8878 0 78 8885 0 76 8937 0 52 8948 0 51 8955 0 90 8955 0 91 8955 0 92 8966 0 
TIME iteration: 308 ms
Round:17
IR: 0, 0, 0, 0, 0
9020 0 54 9081 0 51 9141 0 52 9142 0 53 9181 0 51 9184 0 54 9284 0 52 9314 0 53 9321 0 54 9326 0 51 9331 0 60 9332 0 61 9338 0 76 9347 0 67 9348 0 66 9356 0 79 9360 0 63 9362 0 62 9362 0 76 9362 0 90 9362 0 91 9362 0 92 9363 0 68 9364 0 69 9369 0 77 9380 0 79 9389 0 76 9393 0 77 9407 0 79 9420 0 77 9423 0 76 9427 0 74 9431 0 75 9434 0 51 9435 0 70 9437 0 71 9442 0 79 9454 0 77 9465 0 53 9469 0 52 9471 0 54 9476 0 90 9476 0 91 9476 0 92 9504 0 
TIME iteration: 299 ms
Round:18
IR: 0, 0, 0, 0, 0
9614 0 52 9615 0 53 9661 0 54 9688 0 51 9758 0 53 9768 0 52 9848 0 51 9851 0 62 9852 0 53 9855 0 63 9855 0 64 9856 0 65 9858 0 77 9863 0 78 9879 0 90 9879 0 91 9879 0 92 9882 0 77 9887 0 78 9888 0 71 9889 0 70 9909 0 77 9914 0 78 9921 0 73 9923 0 72 9942 0 77 9943 0 52 9948 0 78 9964 0 54 9998 0 51 10007 0 77 10010 0 90 10010 0 91 10010 0 92 10028 0 
TIME iteration: 299 ms
Round:19
IR: 0, 0, 0, 0, 0
10080 0 54 10116 0 52 10146 0 51 10190 0 54 10251 0 53 10273 0 52 10353 0 54 10356 0 51 10378 0 66 10378 0 67 10386 0 79 10388 0 53 10403 0 52 10408 0 90 10408 0 91 10408 0 92 10410 0 79 10437 0 79 10442 0 74 10445 0 75 10472 0 79 10488 0 54 10502 0 51 10517 0 
TIME iteration: 298 ms
Round:20
IR: 0, 0, 0, 0, 0
10645 0 53 10646 0 54 10647 0 52 10726 0 66 10727 0 67 10730 0 79 10743 0 51 10751 0 74 10752 0 75 10752 0 90 10752 0 91 10752 0 92 10753 0 79 10760 0 52 10779 0 79 10785 0 53 10811 0 79 10841 0 54 10868 0 79 10913 0 52 10922 0 51 10972 0 53 10982 0 54 11083 0 52 11104 0 54 11110 0 66 11110 0 67 11115 0 79 11129 0 
TIME iteration: 299 ms
Round:21
IR: 0, 0, 0, 0, 0
11130 0 74 11136 0 90 11136 0 91 11136 0 92 11139 0 79 11141 0 51 11166 0 79 11197 0 53 11199 0 79 11204 0 75 11220 0 74 11261 0 54 11269 0 79 11311 0 51 11340 0 52 11372 0 53 11378 0 54 11388 0 66 11388 0 67 11392 0 79 11409 0 75 11410 0 74 11412 0 90 11412 0 91 11412 0 92 11415 0 79 11441 0 79 11456 0 51 11466 0 54 11473 0 79 11484 0 52 11509 0 75 11533 0 79 11585 0 54 11623 0 52 11630 0 53 11633 0 51 11640 0 66 11641 0 67 11644 0 79 11648 0 
TIME iteration: 299 ms
Round:22
IR: 0, 0, 0, 0, 0
11661 0 75 11664 0 90 11664 0 91 11664 0 92 11667 0 79 11693 0 79 11700 0 74 11722 0 54 11725 0 79 11746 0 53 11751 0 75 11782 0 79 11787 0 52 11851 0 51 11927 0 53 11941 0 52 11999 0 54 12027 0 51 12058 0 67 12063 0 66 12066 0 79 12071 0 52 12077 0 62 12077 0 63 12085 0 77 12087 0 90 12087 0 91 12087 0 92 12089 0 74 12090 0 79 12093 0 75 12109 0 77 12117 0 79 12123 0 53 12136 0 77 12151 0 79 12159 0 54 12165 0 71 12170 0 77 12173 0 70 12188 0 
TIME iteration: 299 ms
Round:23
IR: 0, 0, 0, 0, 0
12210 0 53 12211 0 51 12212 0 90 12212 0 91 12212 0 92 12309 0 54 12329 0 52 12361 0 51 12375 0 53 12437 0 54 12483 0 51 12483 0 53 12486 0 52 12551 0 65 12554 0 64 12561 0 78 12582 0 90 12582 0 91 12582 0 92 12585 0 78 12612 0 78 12639 0 51 12643 0 72 12643 0 73 12647 0 78 12654 0 52 12712 0 
TIME iteration: 298 ms
Round:24
IR: 0, 0, 0, 0, 0
12743 0 51 12802 0 52 12807 0 54 12854 0 51 12877 0 53 12882 0 61 12883 0 60 12891 0 76 12908 0 90 12908 0 91 12908 0 92 12915 0 76 12942 0 76 12974 0 69 12977 0 68 12977 0 76 12979 0 54 13017 0 51 13039 0 52 13129 0 54 13130 0 53 13203 0 51 13240 0 60 13240 0 61 13243 0 
TIME iteration: 298 ms
Round:25
IR: 0, 0, 0, 0, 0
13252 0 54 13265 0 90 13265 0 91 13265 0 92 13266 0 76 13267 0 68 13267 0 69 13290 0 52 13292 0 76 13324 0 76 13347 0 51 13371 0 53 13378 0 76 13400 0 52 13406 0 54 13469 0 51 13537 0 54 13550 0 51 13556 0 53 13557 0 60 13557 0 61 13561 0 76 13572 0 69 13573 0 68 13581 0 90 13581 0 91 13581 0 92 13584 0 76 13610 0 76 13628 0 52 13638 0 69 13641 0 68 13642 0 76 13686 0 53 13698 0 76 13705 0 51 13719 0 54 13752 0 
TIME iteration: 299 ms
Round:26
IR: 0, 0, 0, 0, 0
13848 0 53 13882 0 54 13883 0 52 13896 0 51 13916 0 60 13917 0 61 13918 0 62 13919 0 63 13921 0 76 13927 0 77 13940 0 90 13940 0 91 13940 0 92 13942 0 69 13943 0 68 13945 0 76 13951 0 77 13971 0 76 13978 0 52 13978 0 77 14001 0 71 14004 0 76 14005 0 53 14008 0 70 14013 0 77 14024 0 54 14042 0 51 14065 0 76 14069 0 90 14069 0 91 14069 0 92 14136 0 53 14157 0 52 14165 0 51 14179 0 54 14289 0 53 14300 0 
TIME iteration: 299 ms
Round:27
IR: 0, 0, 0, 0, 0
14328 0 51 14334 0 54 14439 0 52 14453 0 62 14453 0 63 14459 0 77 14483 0 53 14483 0 77 14483 0 90 14483 0 91 14483 0 92 14489 0 51 14491 0 71 14494 0 70 14510 0 77 14526 0 54 14544 0 77 14607 0 52 14620 0 77 14658 0 53 14684 0 51 14696 0 54 14724 0 52 14777 0 53 14786 0 62 14786 0 63 14790 0 77 14804 0 71 14805 0 70 14811 0 90 14811 0 91 14811 0 92 14812 0 54 14813 0 77 14839 0 
TIME iteration: 300 ms
Round:28
IR: 0, 0, 0, 0, 0
14871 0 77 14874 0 51 14882 0 71 14883 0 70 14902 0 53 14906 0 52 14911 0 54 14927 0 77 15029 0 54 15068 0 52 15075 0 51 15091 0 63 15092 0 62 15095 0 77 15115 0 70 15115 0 71 15116 0 90 15116 0 91 15116 0 92 15118 0 77 15129 0 53 15144 0 77 15159 0 54 15176 0 77 15231 0 77 15242 0 51 15301 0 52 15307 0 53 15318 0 
TIME iteration: 299 ms
Round:29
IR: 0, 0, 0, 0, 0
15444 0 52 15448 0 53 15483 0 51 15493 0 54 15494 0 62 15494 0 63 15496 0 65 15499 0 77 15500 0 64 15506 0 78 15514 0 70 15514 0 71 15519 0 90 15519 0 91 15519 0 92 15523 0 77 15530 0 78 15550 0 77 15557 0 78 15564 0 53 15583 0 77 15589 0 72 15591 0 78 15595 0 73 15596 0 70 15597 0 71 15599 0 51 15613 0 54 15616 0 52 15649 0 77 15649 0 90 15649 0 91 15649 0 92 15711 0 54 15732 0 51 15784 0 53 15799 0 52 15893 0 
TIME iteration: 300 ms
Round:30
IR: 0, 0, 0, 0, 0
15914 0 53 15944 0 51 15974 0 52 16043 0 53 16048 0 64 16049 0 65 16054 0 78 16064 0 51 16078 0 60 16078 0 78 16079 0 61 16079 0 90 16079 0 91 16079 0 92 16087 0 76 16088 0 72 16088 0 73 16105 0 78 16111 0 76 16119 0 54 16129 0 52 16138 0 76 16138 0 78 16160 0 51 16164 0 53 16166 0 68 16173 0 76 16174 0 69 16202 0 90 16202 0 91 16202 0 92 16205 0 78 16258 0 54 16277 0 52 16321 0 51 16359 0 
TIME iteration: 299 ms
Round:31
IR: 0, 0, 0, 0, 0
16470 0 54 16504 0 51 16516 0 52 16551 0 53 16596 0 54 16621 0 66 16621 0 67 16630 0 79 16644 0 51 16649 0 60 16649 0 61 16651 0 52 16651 0 90 16651 0 91 16651 0 92 16654 0 79 16655 0 76 16679 0 76 16681 0 79 16690 0 68 16692 0 69 16706 0 76 16716 0 79 16721 0 74 16739 0 75 16740 0 76 16741 0 53 16765 0 51 16774 0 90 16774 0 91 16774 0 92 16786 0 54 16801 0 52 16816 0 76 16925 0 52 16933 0 51 16945 0 
TIME iteration: 299 ms
Round:32
IR: 0, 0, 0, 0, 0
16982 0 53 17032 0 51 17075 0 52 17102 0 54 17104 0 61 17106 0 60 17111 0 76 17129 0 51 17133 0 62 17134 0 63 17134 0 68 17134 0 69 17134 0 90 17134 0 91 17134 0 92 17135 0 76 17142 0 77 17157 0 53 17162 0 76 17166 0 77 17193 0 77 17196 0 76 17216 0 70 17218 0 71 17228 0 77 17253 0 54 17256 0 90 17256 0 91 17256 0 92 17268 0 52 17271 0 76 17291 0 51 17332 0 53 17373 0 52 17383 0 54 17408 0 51 17472 0 
TIME iteration: 299 ms
Round:33
IR: 0, 0, 0, 0, 0
17491 0 53 17532 0 51 17544 0 63 17546 0 62 17549 0 77 17564 0 54 17572 0 77 17573 0 90 17573 0 91 17573 0 92 17574 0 71 17575 0 70 17598 0 77 17630 0 77 17677 0 52 17686 0 77 17718 0 54 17728 0 51 17759 0 53 17835 0 52 17852 0 54 17879 0 51 17923 0 53 17949 0 67 17968 0 79 17983 0 90 17983 0 91 17983 0 92 17999 0 54 18000 0 
TIME iteration: 310 ms
Round:34
IR: 0, 0, 0, 0, 0
18026 0 52 18037 0 51 18061 0 79 18081 0 53 18119 0 54 18168 0 51 18186 0 52 18275 0 54 18282 0 53 18325 0 51 18339 0 66 18341 0 67 18346 0 79 18354 0 61 18355 0 60 18363 0 76 18368 0 90 18368 0 91 18368 0 92 18370 0 79 18378 0 74 18378 0 75 18387 0 76 18397 0 79 18414 0 76 18422 0 68 18425 0 54 18425 0 69 18431 0 79 18449 0 76 18481 0 53 18489 0 52 18495 0 90 18495 0 91 18495 0 92 18534 0 
TIME iteration: 298 ms
Round:35
IR: 0, 0, 0, 0, 0
18579 0 54 18580 0 53 18676 0 52 18689 0 51 18696 0 53 18708 0 54 18821 0 51 18823 0 54 18828 0 53 18840 0 67 18841 0 66 18842 0 64 18842 0 65 18846 0 79 18850 0 78 18856 0 61 18857 0 60 18862 0 76 18866 0 90 18866 0 91 18866 0 92 18870 0 79 18871 0 74 18872 0 75 18874 0 78 18886 0 76 18892 0 69 18893 0 52 18894 0 68 18897 0 79 18901 0 78 18913 0 76 18931 0 79 18935 0 78 18937 0 72 18940 0 51 18940 0 73 18946 0 53 18946 0 76 18957 0 54 18982 0 90 18982 0 91 18982 0 92 19013 0 76 19024 0 
TIME iteration: 299 ms
Round:36
IR: 0, 0, 0, 0, 0
19160 0 52 19172 0 53 19175 0 51 19215 0 54 19302 0 51 19321 0 52 19362 0 62 19362 0 63 19370 0 77 19383 0 53 19384 0 61 19391 0 90 19391 0 91 19391 0 92 19394 0 77 19397 0 76 19421 0 77 19427 0 76 19432 0 51 19445 0 71 19454 0 70 19455 0 77 19473 0 76 19474 0 52 19489 0 54 19537 0 90 19537 0 91 19537 0 92 19541 0 51 19549 0 
TIME iteration: 298 ms
Round:37
IR: 0, 0, 0, 0, 0
19611 0 52 19706 0 53 19727 0 51 19752 0 54 19759 0 52 19838 0 51 19881 0 52 19881 0 54 19885 0 53 19894 0 60 19895 0 61 19898 0 63 19899 0 62 19901 0 76 19904 0 77 19922 0 90 19922 0 91 19922 0 92 19925 0 76 19928 0 77 19929 0 68 19931 0 69 19938 0 70 19938 0 71 19952 0 76 19953 0 51 19955 0 77 19986 0 76 19988 0 52 19988 0 77 20019 0 54 20040 0 53 20054 0 90 20054 0 91 20054 0 92 20055 0 77 20067 0 
TIME iteration: 299 ms
Round:38
IR: 0, 0, 0, 0, 0
20175 0 51 20197 0 52 20214 0 53 20272 0 54 20345 0 52 20374 0 54 20375 0 53 20402 0 51 20447 0 66 20449 0 67 20457 0 79 20474 0 53 20475 0 65 20476 0 64 20478 0 90 20478 0 91 20478 0 92 20481 0 79 20484 0 78 20508 0 78 20508 0 79 20522 0 75 20524 0 54 20525 0 52 20528 0 74 20535 0 78 20543 0 79 20555 0 51 20559 0 72 20559 0 73 20570 0 78 20601 0 90 20601 0 91 20601 0 92 20617 0 53 20653 0 
TIME iteration: 299 ms
Round:39
IR: 0, 0, 0, 0, 0
20675 0 52 20717 0 51 20737 0 53 20828 0 54 20858 0 51 20860 0 52 20866 0 53 20921 0 64 20922 0 65 20926 0 78 20950 0 78 20950 0 90 20950 0 91 20950 0 92 20954 0 72 20954 0 73 20976 0 78 20986 0 53 20988 0 54 20991 0 52 21009 0 78 21070 0 78 21076 0 51 21104 0 53 21158 0 54 21178 0 
TIME iteration: 299 ms
Round:40
IR: 0, 0, 0, 0, 0
21231 0 51 21263 0 53 21286 0 64 21286 0 65 21291 0 78 21295 0 54 21305 0 73 21306 0 72 21312 0 90 21312 0 91 21312 0 92 21315 0 78 21331 0 52 21342 0 78 21357 0 51 21375 0 78 21381 0 73 21392 0 72 21402 0 53 21440 0 78 21444 0 54 21486 0 52 21513 0 51 21553 0 53 21572 0 65 21573 0 64 21576 0 78 21587 0 54 21595 0 72 21595 0 73 21596 0 90 21596 0 91 21596 0 92 21599 0 78 21625 0 78 21654 0 52 21657 0 78 21673 0 51 21712 0 
TIME iteration: 299 ms
Round:41
IR: 0, 0, 0, 0, 0
21747 0 53 21789 0 54 21841 0 52 21869 0 51 21912 0 53 21968 0 54 21972 0 65 21973 0 64 21977 0 78 21987 0 52 21992 0 73 21993 0 72 21999 0 90 21999 0 91 21999 0 92 22001 0 78 22013 0 53 22027 0 78 22058 0 51 22060 0 78 22072 0 73 22080 0 72 22121 0 78 22143 0 52 22153 0 54 22171 0 53 22185 0 51 22239 0 65 22240 0 64 22243 0 
TIME iteration: 299 ms
Round:42
IR: 0, 0, 0, 0, 0
22260 0 73 22261 0 72 22263 0 90 22263 0 91 22263 0 92 22266 0 78 22292 0 78 22293 0 54 22295 0 51 22321 0 53 22324 0 78 22344 0 73 22347 0 52 22378 0 78 22446 0 54 22482 0 51 22491 0 52 22495 0 53 22586 0 64 22588 0 54 22594 0 78 22616 0 90 22616 0 91 22616 0 92 22623 0 78 22634 0 72 22638 0 51 22664 0 78 22707 0 52 22751 0 51 22770 0 53 22771 0 
TIME iteration: 299 ms
Round:43
IR: 0, 0, 0, 0, 0
22880 0 52 22921 0 51 22968 0 54 22979 0 60 22988 0 61 22992 0 76 22994 0 52 22997 0 53 23008 0 63 23009 0 62 23012 0 90 23012 0 91 23012 0 92 23016 0 76 23017 0 77 23041 0 77 23043 0 76 23068 0 77 23077 0 69 23077 0 76 23081 0 68 23103 0 77 23104 0 71 23105 0 70 23115 0 52 23122 0 51 23135 0 90 23135 0 91 23135 0 92 23148 0 53 23150 0 54 23265 0 53 23274 0 52 23286 0 
TIME iteration: 299 ms
Round:44
IR: 0, 0, 0, 0, 0
23321 0 51 23404 0 54 23425 0 53 23427 0 51 23455 0 52 23472 0 66 23475 0 67 23482 0 79 23488 0 60 23490 0 61 23494 0 76 23503 0 90 23503 0 91 23503 0 92 23506 0 79 23518 0 76 23525 0 69 23526 0 68 23533 0 79 23540 0 51 23545 0 76 23566 0 74 23568 0 79 23571 0 75 23578 0 76 23601 0 53 23604 0 52 23624 0 54 23631 0 90 23631 0 91 23631 0 92 23644 0 76 23664 0 51 23708 0 52 23708 0 53 23752 0 54 23820 0 51 23827 0 
TIME iteration: 299 ms
Round:45
IR: 0, 0, 0, 0, 0
23866 0 53 23898 0 54 23931 0 51 23968 0 61 23969 0 60 23974 0 76 23979 0 53 23994 0 64 23995 0 65 23998 0 68 23998 0 69 23998 0 76 23998 0 90 23998 0 91 23998 0 92 24002 0 52 24003 0 78 24025 0 76 24027 0 78 24051 0 51 24054 0 78 24058 0 76 24066 0 53 24074 0 73 24077 0 72 24089 0 78 24108 0 54 24122 0 90 24122 0 91 24122 0 92 24125 0 76 24191 0 51 24205 0 52 24215 0 53 24222 0 
TIME iteration: 299 ms
Round:46
IR: 0, 0, 0, 0, 0
24382 0 54 24412 0 51 24414 0 52 24455 0 53 24532 0 51 24534 0 52 24550 0 60 24550 0 61 24553 0 62 24553 0 63 24557 0 76 24561 0 77 24577 0 90 24577 0 91 24577 0 92 24581 0 76 24584 0 69 24585 0 68 24585 0 77 24592 0 54 24608 0 76 24612 0 77 24631 0 51 24631 0 71 24638 0 70 24641 0 52 24642 0 76 24646 0 77 24659 0 53 24709 0 90 24709 0 91 24709 0 92 24760 0 54 24817 0 52 24826 0 51 24856 0 53 24879 0 
TIME iteration: 299 ms
Round:47
IR: 0, 0, 0, 0, 0
25004 0 53 25008 0 51 25034 0 52 25109 0 54 25131 0 53 25137 0 64 25137 0 65 25138 0 52 25145 0 78 25147 0 63 25148 0 62 25154 0 77 25156 0 67 25157 0 66 25165 0 79 25168 0 90 25168 0 91 25168 0 92 25169 0 78 25178 0 77 25188 0 51 25189 0 71 25189 0 79 25191 0 70 25196 0 78 25203 0 72 25203 0 73 25205 0 77 25216 0 79 25230 0 78 25239 0 77 25243 0 74 25243 0 75 25246 0 52 25247 0 53 25251 0 79 25254 0 54 25284 0 90 25284 0 91 25284 0 92 25320 0 77 25361 0 51 25387 0 52 25431 0 
TIME iteration: 299 ms
Round:48
IR: 0, 0, 0, 0, 0
25447 0 54 25499 0 51 25519 0 52 25587 0 54 25613 0 53 25655 0 52 25665 0 62 25665 0 63 25666 0 67 25670 0 66 25671 0 77 25673 0 51 25674 0 79 25691 0 90 25691 0 91 25691 0 92 25695 0 77 25697 0 71 25698 0 70 25698 0 79 25704 0 74 25706 0 75 25719 0 54 25722 0 77 25725 0 79 25756 0 77 25759 0 79 25778 0 52 25800 0 53 25822 0 90 25822 0 91 25822 0 92 25832 0 77 25857 0 54 25865 0 51 25923 0 
TIME iteration: 299 ms
Round:49
IR: 0, 0, 0, 0, 0
25978 0 53 26027 0 51 26063 0 54 26080 0 52 26146 0 53 26166 0 51 26203 0 61 26204 0 60 26212 0 76 26227 0 54 26234 0 90 26234 0 91 26234 0 92 26236 0 76 26257 0 52 26263 0 76 26283 0 68 26291 0 69 26298 0 76 26350 0 51 26368 0 54 26390 0 52 26430 0 
TIME iteration: 298 ms
Round:50
IR: 0, 0, 0, 0, 0
26502 0 51 26533 0 52 26543 0 61 26544 0 60 26546 0 54 26547 0 76 26568 0 68 26569 0 69 26569 0 90 26569 0 91 26569 0 92 26570 0 76 26587 0 53 26596 0 76 26628 0 76 26640 0 54 26675 0 52 26683 0 76 26691 0 51 26726 0 53 26793 0 54 26830 0 51 26838 0 52 26854 0 53 26907 0 65 26910 0 64 26913 0 60 26917 0 78 26921 0 61 26922 0 76 26934 0 90 26934 0 91 26934 0 92 26936 0 69 26937 0 68 26941 0 78 26945 0 54 26946 0 76 26951 0 53 26968 0 78 26972 0 76 26980 0 51 26998 0 72 26998 0 73 27003 0 78 27005 0 76 27013 0 52 27015 0 69 27025 0 
TIME iteration: 312 ms
Round:51
IR: 0, 0, 0, 0, 0
27062 0 90 27062 0 91 27062 0 92 27067 0 76 27106 0 54 27130 0 51 27143 0 52 27207 0 53 27238 0 54 27247 0 52 27262 0 51 27397 0 53 27426 0 51 27435 0 52 27446 0 60 27446 0 61 27452 0 76 27458 0 62 27459 0 63 27464 0 54 27467 0 77 27476 0 76 27476 0 90 27476 0 91 27476 0 92 27485 0 68 27486 0 69 27491 0 77 27503 0 76 27518 0 77 27537 0 76 27540 0 71 27546 0 70 27553 0 
TIME iteration: 299 ms
Round:52
IR: 0, 0, 0, 0, 0
27578 0 51 27606 0 90 27606 0 91 27606 0 92 27613 0 76 27630 0 53 27633 0 54 27668 0 52 27711 0 51 27727 0 54 27755 0 53 27837 0 52 27868 0 51 27894 0 54 27923 0 53 27970 0 66 27980 0 67 27984 0 79 27989 0 64 27992 0 65 27998 0 78 28005 0 90 28005 0 91 28005 0 92 28008 0 79 28022 0 54 28022 0 78 28026 0 52 28035 0 79 28040 0 51 28049 0 78 28058 0 72 28059 0 73 28060 0 74 28070 0 75 28070 0 79 28079 0 53 28083 0 
TIME iteration: 299 ms
Round:53
IR: 0, 0, 0, 0, 0
28133 0 90 28133 0 91 28133 0 92 28148 0 54 28174 0 51 28209 0 52 28268 0 53 28283 0 54 28305 0 51 28368 0 53 28386 0 52 28424 0 54 28480 0 67 28481 0 66 28486 0 79 28505 0 52 28506 0 51 28510 0 79 28510 0 90 28510 0 91 28510 0 92 28513 0 53 28516 0 74 28519 0 75 28537 0 79 28560 0 54 28570 0 79 28612 0 
TIME iteration: 298 ms
Round:54
IR: 0, 0, 0, 0, 0
28641 0 79 28658 0 52 28711 0 54 28725 0 53 28745 0 51 28816 0 52 28875 0 51 28881 0 60 28881 0 61 28889 0 76 28894 0 53 28901 0 54 28905 0 62 28907 0 90 28907 0 91 28907 0 92 28913 0 76 28923 0 77 28940 0 76 28953 0 52 28955 0 77 28958 0 68 28959 0 69 28974 0 76 29010 0 77 29037 0 54 29046 0 90 29046 0 91 29046 0 92 29047 0 53 29057 0 51 29136 0 52 29141 0 
TIME iteration: 298 ms
Round:55
IR: 0, 0, 0, 0, 0
29184 0 53 29235 0 54 29254 0 51 29276 0 52 29335 0 54 29344 0 66 29344 0 67 29352 0 53 29352 0 79 29373 0 90 29373 0 91 29373 0 92 29376 0 79 29387 0 52 29396 0 74 29396 0 75 29403 0 79 29431 0 51 29438 0 79 29508 0 52 29550 0 54 29556 0 53 29589 0 51 29662 0 
TIME iteration: 298 ms
Round:56
IR: 0, 0, 0, 0, 0
29681 0 54 29714 0 66 29716 0 67 29719 0 79 29725 0 63 29728 0 62 29734 0 77 29739 0 74 29739 0 75 29741 0 90 29741 0 91 29741 0 92 29743 0 79 29758 0 77 29769 0 79 29785 0 77 29786 0 71 29788 0 70 29794 0 54 29802 0 79 29804 0 53 29806 0 51 29809 0 52 29819 0 77 29868 0 79 29868 0 90 29868 0 91 29868 0 92 29938 0 54 29976 0 51 30009 0 53 30157 0 51 30158 0 54 30201 0 
TIME iteration: 299 ms
Round:57
IR: 0, 0, 0, 0, 0
30251 0 52 30347 0 51 30349 0 53 30357 0 64 30358 0 65 30364 0 60 30364 0 61 30366 0 78 30372 0 76 30387 0 90 30387 0 91 30387 0 92 30390 0 78 30396 0 76 30397 0 54 30406 0 52 30417 0 78 30423 0 76 30441 0 73 30442 0 69 30445 0 68 30451 0 72 30452 0 78 30457 0 76 30474 0 51 30483 0 53 30520 0 90 30520 0 91 30520 0 92 30551 0 54 30627 0 52 30648 0 51 30665 0 54 30675 0 
TIME iteration: 299 ms
Round:58
IR: 0, 0, 0, 0, 0
30805 0 51 30805 0 54 30827 0 52 30861 0 66 30863 0 67 30871 0 79 30892 0 90 30892 0 91 30892 0 92 30895 0 79 30922 0 79 30924 0 51 30926 0 74 30926 0 75 30928 0 54 30934 0 53 30957 0 79 30977 0 52 31058 0 54 31086 0 53 31158 0 52 31193 0 51 31241 0 
TIME iteration: 298 ms
Round:59
IR: 0, 0, 0, 0, 0
31277 0 64 31278 0 65 31285 0 78 31304 0 90 31304 0 91 31304 0 92 31309 0 54 31309 0 78 31317 0 52 31336 0 72 31336 0 73 31336 0 78 31338 0 51 31370 0 78 31433 0 54 31477 0 53 31529 0 52 31539 0 51 31608 0 53 31626 0 54 31644 0 65 31646 0 64 31649 0 78 31668 0 72 31671 0 73 31671 0 90 31671 0 91 31671 0 92 31672 0 78 31692 0 52 31698 0 78 31709 0 53 31730 0 78 31741 0 51 31776 0 54 31786 0 
TIME iteration: 299 ms
Round:60
IR: 0, 0, 0, 0, 0
31826 0 53 31878 0 51 31896 0 54 31996 0 52 32008 0 53 32032 0 64 32033 0 65 32037 0 78 32045 0 54 32051 0 72 32052 0 73 32055 0 66 32056 0 67 32058 0 90 32058 0 91 32058 0 92 32061 0 78 32064 0 79 32079 0 51 32087 0 78 32088 0 79 32115 0 79 32120 0 78 32126 0 75 32129 0 72 32130 0 74 32150 0 79 32151 0 73 32175 0 51 32180 0 90 32180 0 91 32180 0 92 32181 0 78 32244 0 53 32275 0 52 32284 0 
TIME iteration: 299 ms
Round:61
IR: 0, 0, 0, 0, 0
32333 0 51 32382 0 52 32385 0 54 32440 0 53 32465 0 51 32528 0 52 32547 0 54 32547 0 61 32548 0 62 32548 0 63 32556 0 77 32557 0 60 32561 0 67 32561 0 76 32562 0 66 32567 0 79 32574 0 90 32574 0 91 32574 0 92 32580 0 77 32585 0 76 32591 0 79 32597 0 51 32597 0 74 32597 0 75 32607 0 77 32612 0 76 32618 0 79 32640 0 68 32640 0 69 32641 0 54 32641 0 77 32647 0 71 32647 0 76 32650 0 70 32651 0 79 32676 0 53 32690 0 90 32690 0 91 32690 0 92 32693 0 51 32716 0 52 32730 0 79 32747 0 54 32786 0 51 32847 0 
TIME iteration: 299 ms
Round:62
IR: 0, 0, 0, 0, 0
32877 0 52 32908 0 51 32943 0 54 32986 0 53 32993 0 52 33030 0 62 33031 0 63 33036 0 77 33054 0 54 33059 0 90 33059 0 91 33059 0 92 33060 0 77 33067 0 51 33067 0 70 33067 0 71 33087 0 77 33101 0 52 33112 0 53 33120 0 77 33187 0 77 33215 0 54 33229 0 51 33246 0 53 33249 0 52 33352 0 54 33354 0 51 33376 0 
TIME iteration: 298 ms
Round:63
IR: 0, 0, 0, 0, 0
33402 0 64 33402 0 65 33410 0 60 33410 0 78 33412 0 52 33412 0 61 33418 0 76 33423 0 67 33426 0 66 33428 0 90 33428 0 91 33428 0 92 33433 0 79 33434 0 78 33442 0 76 33457 0 79 33461 0 78 33468 0 68 33468 0 69 33469 0 76 33477 0 54 33477 0 74 33477 0 75 33478 0 72 33478 0 73 33482 0 51 33484 0 79 33495 0 78 33503 0 76 33519 0 79 33525 0 53 33542 0 90 33542 0 91 33542 0 92 33612 0 54 33613 0 52 33666 0 51 33680 0 53 33766 0 54 33771 0 52 33858 0 53 33860 0 51 33889 0 52 33913 0 63 33914 0 
TIME iteration: 299 ms
Round:64
IR: 0, 0, 0, 0, 0
33921 0 77 33942 0 90 33942 0 91 33942 0 92 33945 0 77 33967 0 71 33970 0 70 33972 0 77 33978 0 54 33986 0 53 34006 0 77 34021 0 51 34066 0 52 34152 0 53 34174 0 54 34187 0 52 34235 0 63 34238 0 62 34239 0 77 34257 0 70 34257 0 71 34261 0 90 34261 0 91 34261 0 92 34262 0 77 34285 0 51 34288 0 77 34320 0 77 34333 0 53 34336 0 52 34339 0 54 34340 0 70 34351 0 71 34373 0 
TIME iteration: 299 ms
Round:65
IR: 0, 0, 0, 0, 0
34473 0 54 34495 0 52 34518 0 62 34518 0 63 34521 0 77 34540 0 70 34540 0 71 34542 0 90 34542 0 91 34542 0 92 34543 0 53 34544 0 77 34562 0 51 34570 0 77 34602 0 77 34654 0 52 34656 0 77 34664 0 54 34674 0 53 34728 0 51 34849 0 51 34857 0 53 34889 0 54 34897 0 60 34897 0 61 34904 0 52 34905 0 76 34923 0 90 34923 0 91 34923 0 92 34929 0 76 34935 0 51 34956 0 76 34978 0 
TIME iteration: 299 ms
Round:66
IR: 0, 0, 0, 0, 0
34980 0 53 34981 0 68 34990 0 76 35043 0 51 35091 0 54 35153 0 53 35193 0 52 35223 0 51 35225 0 54 35243 0 60 35243 0 61 35246 0 76 35268 0 69 35268 0 90 35268 0 91 35268 0 92 35269 0 68 35269 0 76 35295 0 76 35327 0 76 35333 0 54 35355 0 52 35381 0 76 35382 0 51 35393 0 53 35461 0 
TIME iteration: 299 ms
Round:67
IR: 0, 0, 0, 0, 0
35526 0 52 35533 0 51 35566 0 53 35570 0 54 35589 0 66 35589 0 67 35598 0 79 35613 0 60 35614 0 90 35614 0 91 35614 0 92 35622 0 76 35622 0 79 35649 0 79 35651 0 76 35664 0 51 35673 0 75 35684 0 79 35685 0 69 35688 0 74 35693 0 76 35704 0 68 35712 0 53 35727 0 54 35736 0 52 35752 0 90 35752 0 91 35752 0 92 35798 0 51 35830 0 52 35862 0 53 35881 0 54 35928 0 51 35940 0 52 36014 0 
TIME iteration: 307 ms
Round:68
IR: 0, 0, 0, 0, 0
36045 0 51 36047 0 54 36052 0 52 36067 0 63 36068 0 62 36073 0 60 36074 0 61 36076 0 77 36079 0 76 36095 0 90 36095 0 91 36095 0 92 36100 0 77 36103 0 76 36109 0 69 36111 0 68 36127 0 77 36130 0 76 36137 0 51 36149 0 71 36151 0 70 36162 0 77 36163 0 76 36192 0 52 36202 0 54 36221 0 53 36226 0 90 36226 0 91 36226 0 92 36230 0 76 36243 0 51 36388 0 54 36393 0 52 36400 0 53 36426 0 51 36518 0 53 36546 0 51 36546 0 54 36564 0 
TIME iteration: 299 ms
Round:69
IR: 0, 0, 0, 0, 0
36589 0 60 36592 0 61 36597 0 64 36597 0 76 36598 0 65 36606 0 78 36619 0 90 36619 0 91 36619 0 92 36621 0 76 36622 0 68 36623 0 69 36630 0 78 36633 0 51 36647 0 53 36648 0 76 36657 0 78 36673 0 54 36682 0 76 36690 0 73 36692 0 72 36692 0 78 36706 0 52 36724 0 51 36751 0 90 36751 0 91 36751 0 92 36763 0 76 36813 0 52 36855 0 53 36860 0 54 36903 0 51 36931 0 52 37017 0 54 37021 0 51 37036 0 52 37060 0 62 37060 0 63 37068 0 77 37073 0 53 37089 0 90 37089 0 91 37089 0 92 37092 0 
TIME iteration: 299 ms
Round:70
IR: 0, 0, 0, 0, 0
37119 0 77 37121 0 71 37124 0 70 37137 0 52 37153 0 77 37224 0 54 37245 0 53 37270 0 52 37274 0 51 37406 0 52 37413 0 62 37413 0 63 37416 0 77 37437 0 70 37437 0 71 37438 0 90 37438 0 91 37438 0 92 37439 0 77 37454 0 54 37465 0 77 37468 0 53 37487 0 51 37497 0 77 37545 0 52 37551 0 77 37598 0 51 37614 0 
TIME iteration: 299 ms
Round:71
IR: 0, 0, 0, 0, 0
37671 0 52 37680 0 51 37710 0 53 37716 0 60 37716 0 61 37724 0 76 37740 0 90 37740 0 91 37740 0 92 37748 0 76 37775 0 76 37778 0 69 37779 0 52 37780 0 68 37781 0 51 37809 0 76 37841 0 54 37855 0 53 37903 0 52 37938 0 51 37987 0 53 38024 0 54 38080 0 51 38087 0 60 38087 0 61 38091 0 76 38093 0 52 38112 0 68 38112 0 69 38112 0 90 38112 0 91 38112 0 92 38114 0 76 38140 0 
TIME iteration: 299 ms
Round:72
IR: 0, 0, 0, 0, 0
38172 0 76 38182 0 53 38211 0 52 38228 0 76 38243 0 54 38288 0 51 38332 0 52 38334 0 53 38358 0 54 38403 0 51 38447 0 60 38448 0 61 38452 0 76 38462 0 52 38465 0 68 38466 0 69 38470 0 62 38470 0 63 38473 0 90 38473 0 91 38473 0 92 38476 0 76 38478 0 77 38502 0 76 38502 0 77 38507 0 53 38515 0 51 38529 0 77 38532 0 71 38533 0 70 38535 0 76 38537 0 68 38546 0 69 38563 0 77 38595 0 90 38595 0 91 38595 0 92 38596 0 76 38640 0 53 38653 0 
TIME iteration: 299 ms
Round:73
IR: 0, 0, 0, 0, 0
38732 0 52 38757 0 53 38784 0 54 38796 0 51 38902 0 51 38922 0 60 38924 0 61 38929 0 76 38951 0 53 38952 0 90 38952 0 91 38952 0 92 38953 0 76 38957 0 68 38958 0 69 38966 0 52 38980 0 76 38996 0 54 39014 0 76 39040 0 51 39089 0 76 39128 0 53 39145 0 54 39179 0 52 39187 0 
TIME iteration: 299 ms
Round:74
IR: 0, 0, 0, 0, 0
39258 0 54 39291 0 66 39292 0 67 39300 0 79 39317 0 90 39317 0 91 39317 0 92 39320 0 53 39324 0 79 39335 0 52 39351 0 79 39364 0 54 39382 0 51 39385 0 74 39386 0 79 39391 0 75 39436 0 52 39501 0 53 39521 0 54 39544 0 52 39592 0 51 39594 0 67 39596 0 66 39598 0 79 39617 0 63 39618 0 75 39619 0 62 39619 0 90 39619 0 91 39619 0 92 39620 0 74 39621 0 79 39626 0 77 39642 0 53 39647 0 79 39650 0 77 39677 0 77 39679 0 79 39682 0 70 39683 0 71 39711 0 77 39721 0 52 39730 0 51 39735 0 79 39740 0 90 39740 0 91 39740 0 92 39741 0 
TIME iteration: 299 ms
Round:75
IR: 0, 0, 0, 0, 0
39807 0 53 39849 0 52 39858 0 51 39949 0 53 39983 0 54 40018 0 52 40036 0 51 40099 0 53 40124 0 65 40126 0 64 40133 0 78 40155 0 90 40155 0 91 40155 0 92 40157 0 78 40184 0 78 40186 0 51 40196 0 54 40218 0 78 40223 0 72 40229 0 73 40247 0 53 40252 0 
TIME iteration: 298 ms
Round:76
IR: 0, 0, 0, 0, 0
40332 0 51 40374 0 52 40449 0 54 40455 0 53 40498 0 65 40499 0 64 40502 0 78 40506 0 52 40521 0 62 40521 0 63 40524 0 90 40524 0 91 40524 0 92 40525 0 78 40527 0 72 40527 0 73 40529 0 77 40551 0 78 40553 0 77 40567 0 51 40570 0 53 40579 0 70 40580 0 77 40581 0 71 40583 0 78 40588 0 54 40614 0 77 40638 0 78 40646 0 90 40646 0 91 40646 0 92 40658 0 53 40660 0 52 40695 0 51 40741 0 53 40774 0 54 40785 0 52 40798 0 
TIME iteration: 299 ms
Round:77
IR: 0, 0, 0, 0, 0
40865 0 53 40901 0 52 40962 0 62 40965 0 54 40965 0 63 40968 0 77 40983 0 51 40992 0 77 40992 0 90 40992 0 91 40992 0 92 40993 0 70 40993 0 71 41018 0 77 41039 0 52 41051 0 77 41063 0 53 41112 0 77 41127 0 51 41166 0 54 41173 0 52 41217 0 53 41275 0 51 41276 0 52 41284 0 54 41292 0 62 41292 0 63 41296 0 77 41308 0 70 41308 0 71 41317 0 90 41317 0 91 41317 0 92 41319 0 77 41337 0 
TIME iteration: 299 ms
Round:78
IR: 0, 0, 0, 0, 0
41345 0 77 41377 0 77 41378 0 70 41379 0 71 41389 0 54 41416 0 52 41433 0 77 41479 0 53 41498 0 51 41534 0 52 41553 0 62 41554 0 63 41557 0 77 41573 0 71 41574 0 70 41577 0 90 41577 0 91 41577 0 92 41580 0 77 41597 0 53 41603 0 54 41606 0 77 41638 0 77 41647 0 51 41655 0 71 41658 0 70 41678 0 52 41692 0 77 41732 0 54 41768 0 53 41783 0 51 41834 0 52 41845 0 54 41848 0 63 41849 0 62 41852 0 
TIME iteration: 299 ms
Round:79
IR: 0, 0, 0, 0, 0
41871 0 70 41871 0 71 41872 0 90 41872 0 91 41872 0 92 41875 0 77 41901 0 77 41917 0 51 41933 0 77 41967 0 71 41979 0 53 41985 0 52 41988 0 77 42016 0 54 42038 0 51 42075 0 52 42102 0 62 42102 0 63 42105 0 77 42111 0 70 42122 0 71 42125 0 90 42125 0 91 42125 0 92 42128 0 77 42135 0 54 42136 0 53 42154 0 77 42165 0 70 42183 0 51 42186 0 77 42200 0 52 42217 0 71 42230 0 54 42240 0 77 42276 0 53 42304 0 51 42324 0 
TIME iteration: 299 ms
Round:80
IR: 0, 0, 0, 0, 0
42400 0 52 42433 0 53 42433 0 62 42433 0 63 42437 0 77 42455 0 70 42458 0 71 42458 0 90 42458 0 91 42458 0 92 42460 0 77 42467 0 54 42486 0 77 42500 0 51 42508 0 52 42518 0 77 42574 0 77 42610 0 53 42611 0 54 42612 0 52 42659 0 51 42741 0 52 42751 0 54 42757 0 62 42758 0 63 42761 0 77 42772 0 71 42773 0 70 42782 0 90 42782 0 91 42782 0 92 42784 0 77 42799 0 53 42810 0 77 42830 0 51 42836 0 71 42839 0 70 42842 0 77 42870 0 52 42897 0 77 42922 0 
TIME iteration: 299 ms
Round:81
IR: 0, 0, 0, 0, 0
42942 0 51 42996 0 53 43019 0 54 43090 0 51 43098 0 52 43127 0 60 43127 0 61 43128 0 53 43133 0 63 43134 0 62 43135 0 76 43138 0 77 43141 0 54 43144 0 66 43144 0 67 43152 0 90 43152 0 91 43152 0 92 43153 0 79 43159 0 76 43161 0 70 43161 0 71 43162 0 77 43173 0 51 43177 0 79 43186 0 76 43188 0 77 43204 0 79 43220 0 76 43221 0 77 43223 0 69 43227 0 68 43235 0 75 43239 0 52 43239 0 79 43240 0 74 43254 0 53 43256 0 54 43267 0 90 43267 0 91 43267 0 92 43282 0 77 43295 0 51 43371 0 53 43408 0 54 43417 0 
TIME iteration: 299 ms
Round:82
IR: 0, 0, 0, 0, 0
43533 0 53 43548 0 52 43567 0 54 43611 0 51 43637 0 66 43640 0 67 43644 0 79 43659 0 60 43660 0 61 43665 0 76 43668 0 79 43668 0 90 43668 0 91 43668 0 92 43674 0 75 43676 0 74 43685 0 53 43689 0 52 43689 0 76 43695 0 79 43699 0 68 43700 0 69 43716 0 76 43718 0 54 43728 0 79 43745 0 51 43749 0 76 43794 0 90 43794 0 91 43794 0 92 43816 0 76 43839 0 52 43854 0 53 43880 0 51 43910 0 
TIME iteration: 299 ms
Round:83
IR: 0, 0, 0, 0, 0
43990 0 53 44018 0 52 44028 0 51 44055 0 54 44147 0 51 44159 0 61 44160 0 60 44165 0 76 44189 0 76 44189 0 90 44189 0 91 44189 0 92 44190 0 69 44191 0 68 44202 0 52 44216 0 76 44221 0 54 44238 0 53 44249 0 76 44257 0 51 44306 0 54 44316 0 76 44381 0 52 44385 0 53 44414 0 51 44426 0 54 44484 0 67 44487 0 66 44494 0 79 44510 0 90 44510 0 91 44510 0 92 44513 0 52 44518 0 
TIME iteration: 299 ms
Round:84
IR: 0, 0, 0, 0, 0
44525 0 53 44531 0 54 44536 0 74 44536 0 75 44545 0 79 44580 0 79 44602 0 51 44644 0 54 44673 0 52 44680 0 53 44726 0 51 44786 0 54 44803 0 53 44807 0 52 44809 0 66 44810 0 67 44813 0 79 44828 0 75 44829 0 74 44834 0 90 44834 0 91 44834 0 92 44836 0 79 44862 0 79 44894 0 79 44906 0 54 44908 0 75 44910 0 74 44916 0 51 44935 0 52 44950 0 79 44998 0 
TIME iteration: 308 ms
Round:85
IR: 0, 0, 0, 0, 0
45050 0 51 45082 0 54 45094 0 52 45108 0 66 45109 0 67 45112 0 79 45131 0 75 45132 0 74 45132 0 90 45132 0 91 45132 0 92 45135 0 79 45154 0 53 45161 0 79 45180 0 51 45193 0 79 45221 0 54 45251 0 79 45268 0 53 45320 0 52 45329 0 54 45415 0 51 45443 0 53 45461 0 52 45480 0 54 45485 0 67 45486 0 66 45491 0 79 45503 0 74 45503 0 75 45504 0 64 45507 0 65 45511 0 90 45511 0 91 45511 0 92 45514 0 78 45515 0 79 45538 0 78 45541 0 53 45542 0 79 45565 0 78 45576 0 79 45577 0 74 45579 0 
TIME iteration: 299 ms
Round:86
IR: 0, 0, 0, 0, 0
45600 0 78 45601 0 72 45602 0 73 45603 0 52 45604 0 51 45634 0 90 45634 0 91 45634 0 92 45643 0 54 45765 0 54 45781 0 53 45790 0 52 45794 0 51 45919 0 52 45943 0 54 45956 0 53 46004 0 51 46015 0 67 46017 0 66 46022 0 79 46046 0 79 46046 0 90 46046 0 91 46046 0 92 46054 0 74 46056 0 75 46064 0 53 46073 0 79 46088 0 54 46107 0 
TIME iteration: 298 ms
Round:87
IR: 0, 0, 0, 0, 0
46151 0 52 46158 0 51 46217 0 54 46291 0 52 46328 0 51 46357 0 54 46374 0 53 46375 0 66 46376 0 67 46379 0 79 46396 0 74 46396 0 75 46401 0 90 46401 0 91 46401 0 92 46402 0 79 46409 0 52 46428 0 79 46460 0 79 46474 0 53 46486 0 74 46486 0 75 46518 0 79 46523 0 51 46525 0 52 46624 0 
TIME iteration: 298 ms
Round:88
IR: 0, 0, 0, 0, 0
46654 0 53 46663 0 54 46677 0 51 46703 0 62 46703 0 63 46711 0 77 46728 0 90 46728 0 91 46728 0 92 46735 0 77 46762 0 77 46795 0 70 46796 0 77 46800 0 71 46814 0 52 46829 0 54 46875 0 53 46888 0 51 46936 0 52 46959 0 54 46978 0 53 46981 0 62 46982 0 63 46983 0 77 47002 0 70 47002 0 71 47005 0 51 47005 0 90 47005 0 91 47005 0 92 47006 0 77 47032 0 77 47058 0 52 47063 0 77 47094 0 70 47113 0 77 47127 0 54 47151 0 
TIME iteration: 299 ms
Round:89
IR: 0, 0, 0, 0, 0
47170 0 51 47264 0 53 47276 0 52 47297 0 54 47352 0 51 47372 0 62 47382 0 77 47404 0 90 47404 0 91 47404 0 92 47412 0 77 47455 0 77 47501 0 51 47511 0 53 47560 0 54 47614 0 51 47675 0 
TIME iteration: 298 ms
Round:90
IR: 0, 0, 0, 0, 0
47730 0 53 47740 0 51 47745 0 54 47751 0 60 47752 0 61 47760 0 76 47780 0 90 47780 0 91 47780 0 92 47784 0 76 47811 0 76 47846 0 76 47848 0 69 47854 0 68 47884 0 53 47892 0 52 47904 0 54 47923 0 51 48017 0 54 48020 0 51 48032 0 52 48040 0 61 48041 0 60 48043 0 76 48062 0 68 48063 0 69 48065 0 90 48065 0 91 48065 0 92 48066 0 76 48092 0 76 48124 0 76 48128 0 54 48144 0 51 48144 0 53 48177 0 76 48186 0 
TIME iteration: 299 ms
Round:91
IR: 0, 0, 0, 0, 0
48283 0 53 48311 0 51 48369 0 52 48382 0 54 48429 0 51 48434 0 60 48434 0 61 48439 0 76 48453 0 53 48453 0 68 48453 0 69 48460 0 90 48460 0 91 48460 0 92 48463 0 76 48490 0 76 48497 0 52 48523 0 76 48524 0 54 48531 0 69 48532 0 68 48573 0 51 48589 0 76 48610 0 53 48630 0 54 48724 0 52 48734 0 53 48743 0 
TIME iteration: 299 ms
Round:92
IR: 0, 0, 0, 0, 0
48766 0 66 48767 0 67 48775 0 79 48791 0 90 48791 0 91 48791 0 92 48799 0 79 48826 0 79 48840 0 51 48851 0 53 48857 0 75 48861 0 79 48864 0 74 48887 0 54 48892 0 52 48955 0 51 48996 0 53 49072 0 51 49076 0 52 49106 0 61 49107 0 60 49113 0 76 49121 0 54 49131 0 90 49131 0 91 49131 0 92 49137 0 76 49153 0 53 49153 0 68 49154 0 69 49164 0 76 49198 0 76 49230 0 51 49261 0 54 49279 0 
TIME iteration: 299 ms
Round:93
IR: 0, 0, 0, 0, 0
49307 0 52 49341 0 53 49371 0 51 49403 0 54 49413 0 52 49441 0 61 49446 0 60 49448 0 76 49463 0 68 49464 0 69 49468 0 90 49468 0 91 49468 0 92 49472 0 76 49477 0 53 49498 0 76 49517 0 52 49525 0 51 49531 0 76 49547 0 68 49552 0 69 49571 0 54 49592 0 76 49596 0 53 49680 0 52 49683 0 54 49689 0 51 49721 0 60 49721 0 61 49724 0 76 49737 0 53 49742 0 68 49742 0 69 49745 0 90 49745 0 91 49745 0 92 49747 0 76 49773 0 76 49798 0 54 49805 0 
TIME iteration: 299 ms
Round:94
IR: 0, 0, 0, 0, 0
49827 0 68 49839 0 53 49856 0 51 49859 0 76 49885 0 52 49948 0 54 49983 0 51 50009 0 53 50018 0 60 50018 0 61 50021 0 76 50030 0 69 50041 0 68 50042 0 90 50042 0 91 50042 0 92 50044 0 76 50070 0 76 50089 0 69 50102 0 76 50103 0 53 50112 0 52 50150 0 51 50156 0 76 50182 0 54 50259 0 53 50285 0 52 50334 0 
TIME iteration: 298 ms
Round:95
IR: 0, 0, 0, 0, 0
50359 0 54 50388 0 60 50389 0 61 50393 0 76 50400 0 53 50406 0 68 50414 0 90 50414 0 91 50414 0 92 50415 0 69 50417 0 76 50419 0 51 50436 0 52 50443 0 76 50476 0 76 50477 0 68 50487 0 54 50537 0 76 50565 0 53 50580 0 52 50615 0 51 50691 0 54 50714 0 52 50719 0 53 50762 0 62 50764 0 63 50771 0 77 50789 0 90 50789 0 91 50789 0 92 50795 0 77 50822 0 77 50843 0 53 50849 0 51 50855 0 71 50856 0 77 50865 0 70 50868 0 
TIME iteration: 299 ms
Round:96
IR: 0, 0, 0, 0, 0
50941 0 54 50991 0 52 51020 0 51 51034 0 53 51035 0 63 51036 0 62 51037 0 77 51055 0 71 51057 0 70 51059 0 90 51059 0 91 51059 0 92 51060 0 77 51086 0 77 51107 0 52 51117 0 77 51142 0 71 51167 0 77 51174 0 54 51177 0 53 51191 0 51 51255 0 52 51283 0 54 51335 0 53 51359 0 
TIME iteration: 298 ms
Round:97
IR: 0, 0, 0, 0, 0
51439 0 52 51445 0 62 51445 0 63 51450 0 77 51465 0 70 51471 0 90 51471 0 91 51471 0 92 51474 0 77 51476 0 71 51499 0 51 51501 0 77 51534 0 77 51550 0 54 51550 0 70 51589 0 53 51596 0 52 51600 0 77 51646 0 51 51672 0 54 51728 0 53 51753 0 52 51781 0 62 51782 0 63 51786 0 77 51799 0 71 51806 0 54 51806 0 90 51806 0 91 51806 0 92 51807 0 70 51810 0 77 51836 0 77 51869 0 77 51871 0 71 51882 0 53 51930 0 54 51930 0 
TIME iteration: 299 ms
Round:98
IR: 0, 0, 0, 0, 0
51942 0 52 51979 0 51 52033 0 53 52041 0 54 52042 0 52 52073 0 62 52074 0 63 52077 0 77 52086 0 70 52095 0 71 52097 0 90 52097 0 91 52097 0 92 52100 0 77 52126 0 77 52147 0 70 52156 0 52 52158 0 77 52165 0 54 52201 0 51 52201 0 71 52209 0 53 52213 0 77 52256 0 52 52280 0 54 52286 0 62 52287 0 63 52289 0 77 52302 0 70 52304 0 71 52309 0 90 52309 0 91 52309 0 92 52312 0 77 52317 0 51 52338 0 53 52338 0 77 52365 0 70 52369 0 77 52376 0 71 52404 0 54 52420 0 77 52423 0 53 52446 0 
TIME iteration: 299 ms
Round:99
IR: 0, 0, 0, 0, 0
52555 0 53 52558 0 51 52561 0 54 52611 0 52 52620 0 64 52624 0 65 52628 0 62 52628 0 63 52630 0 78 52632 0 77 52647 0 90 52647 0 91 52647 0 92 52652 0 70 52654 0 71 52654 0 78 52655 0 77 52673 0 53 52681 0 77 52681 0 78 52713 0 77 52715 0 78 52716 0 73 52725 0 54 52725 0 72 52759 0 51 52769 0 77 52776 0 90 52776 0 91 52776 0 92 52793 0 53 52843 0 54 52862 0 52 52934 0 53 52959 0 
TIME iteration: 299 ms
Round:100
IR: 0, 0, 0, 0, 0
53059 0 51 53063 0 53 53077 0 52 53110 0 64 53112 0 65 53116 0 78 53140 0 78 53140 0 90 53140 0 91 53140 0 92 53146 0 72 53147 0 73 53167 0 78 53175 0 54 53195 0 53 53200 0 78 53216 0 52 53222 0 51 53266 0 78 53286 0 53 53329 0 52 53343 0 51 53366 0 54 53383 0 53 53397 0 64 53397 0 65 53401 0 78 53411 0 73 53412 0 72 53421 0 90 53421 0 91 53421 0 92 53424 0 78 53450 0 78 53475 0 73 53476 0 51 53478 0 72 53482 0 78 53487 0 54 53491 0 52 53514 0 
TIME iteration: 300 ms
Round:101
IR: 0, 0, 0, 0, 0
53537 0 78 53600 0 51 53613 0 52 53623 0 54 53704 0 53 53708 0 51 53732 0 52 53733 0 64 53734 0 60 53734 0 65 53735 0 61 53738 0 78 53743 0 76 53753 0 63 53754 0 62 53757 0 90 53757 0 91 53757 0 92 53758 0 72 53758 0 73 53762 0 77 53762 0 78 53767 0 76 53777 0 54 53786 0 77 53788 0 78 53794 0 76 53796 0 53 53813 0 77 53815 0 70 53817 0 71 53821 0 78 53829 0 76 53830 0 68 53836 0 69 53848 0 77 53868 0 51 53872 0 90 53872 0 91 53872 0 92 53874 0 52 53882 0 78 53936 0 53 53964 0 54 54031 0 51 54043 0 
TIME iteration: 309 ms
Round:102
IR: 0, 0, 0, 0, 0
54150 0 54 54157 0 53 54164 0 51 54224 0 60 54226 0 61 54230 0 76 54251 0 52 54254 0 76 54254 0 90 54254 0 91 54254 0 92 54261 0 68 54262 0 69 54281 0 76 54296 0 53 54305 0 51 54314 0 76 54353 0 54 54380 0 76 54432 0 53 54444 0 52 54480 0 51 54535 0 54 54583 0 52 54589 0 
TIME iteration: 299 ms
Round:103
IR: 0, 0, 0, 0, 0
54624 0 64 54626 0 65 54632 0 51 54633 0 78 54641 0 63 54643 0 62 54645 0 61 54646 0 60 54650 0 77 54651 0 76 54651 0 90 54651 0 91 54651 0 92 54657 0 78 54670 0 68 54670 0 69 54674 0 77 54675 0 76 54677 0 73 54678 0 72 54684 0 78 54696 0 70 54698 0 71 54701 0 77 54702 0 53 54702 0 76 54718 0 78 54735 0 76 54735 0 77 54739 0 51 54739 0 54 54765 0 90 54765 0 91 54765 0 92 54792 0 52 54802 0 76 54863 0 51 54890 0 54 54904 0 53 54937 0 52 54995 0 51 55023 0 54 55040 0 52 55085 0 62 55085 0 63 55090 0 77 55109 0 53 55113 0 90 55113 0 91 55113 0 92 55114 0 70 55114 0 77 55115 0 
TIME iteration: 300 ms
Round:104
IR: 0, 0, 0, 0, 0
55128 0 51 55141 0 77 55174 0 77 55201 0 52 55207 0 54 55240 0 77 55286 0 52 55310 0 54 55342 0 53 55390 0 51 55459 0 54 55461 0 52 55470 0 62 55470 0 63 55474 0 66 55475 0 77 55476 0 67 55484 0 79 55491 0 70 55492 0 71 55495 0 90 55495 0 91 55495 0 92 55499 0 77 55501 0 53 55508 0 79 55526 0 77 55527 0 51 55535 0 79 55559 0 77 55570 0 79 55575 0 74 55577 0 75 55587 0 70 55589 0 54 55612 0 52 55624 0 77 55624 0 90 55624 0 91 55624 0 92 55638 0 
TIME iteration: 300 ms
Round:105
IR: 0, 0, 0, 0, 0
55683 0 51 55733 0 54 55748 0 52 55829 0 51 55829 0 53 55860 0 54 55969 0 53 55984 0 51 55996 0 52 56014 0 60 56015 0 61 56019 0 64 56020 0 65 56023 0 76 56028 0 78 56030 0 54 56038 0 66 56039 0 67 56042 0 90 56042 0 91 56042 0 92 56045 0 79 56047 0 76 56052 0 78 56069 0 79 56074 0 76 56078 0 74 56079 0 75 56079 0 78 56086 0 69 56088 0 68 56094 0 53 56095 0 73 56096 0 72 56096 0 79 56109 0 76 56114 0 78 56130 0 79 56136 0 54 56157 0 90 56157 0 91 56157 0 
TIME iteration: 299 ms
Round:106
IR: 0, 0, 0, 0, 0
56192 0 51 56213 0 52 56224 0 53 56287 0 54 56321 0 52 56354 0 53 56378 0 51 56398 0 54 56473 0 52 56490 0 51 56496 0 53 56511 0 63 56512 0 62 56517 0 64 56517 0 65 56519 0 77 56522 0 78 56525 0 60 56525 0 61 56530 0 76 56539 0 90 56539 0 91 56539 0 92 56543 0 77 56546 0 78 56552 0 73 56553 0 72 56554 0 76 56558 0 54 56560 0 69 56561 0 68 56569 0 71 56570 0 77 56573 0 78 56578 0 70 56581 0 76 56604 0 77 56606 0 78 56614 0 76 56640 0 51 56655 0 90 56655 0 91 56655 0 92 56660 0 53 56672 0 78 56680 0 76 56684 0 
TIME iteration: 300 ms
Round:107
IR: 0, 0, 0, 0, 0
56713 0 52 56808 0 54 56837 0 52 56860 0 51 56901 0 53 56959 0 54 56985 0 52 57004 0 53 57011 0 67 57012 0 66 57017 0 62 57017 0 63 57020 0 79 57022 0 77 57026 0 51 57039 0 90 57039 0 91 57039 0 92 57044 0 79 57046 0 77 57050 0 71 57052 0 70 57069 0 74 57071 0 79 57073 0 75 57073 0 77 57106 0 77 57106 0 79 57113 0 53 57137 0 54 57154 0 52 57170 0 90 57170 0 91 57170 0 92 57172 0 77 57179 0 
TIME iteration: 299 ms
Round:108
IR: 0, 0, 0, 0, 0
57258 0 54 57285 0 51 57305 0 52 57335 0 53 57396 0 54 57413 0 52 57518 0 54 57527 0 53 57530 0 66 57530 0 67 57536 0 79 57544 0 51 57560 0 79 57560 0 90 57560 0 91 57560 0 92 57564 0 74 57566 0 52 57567 0 75 57587 0 79 57621 0 79 57623 0 54 57670 0 53 57717 0 
TIME iteration: 299 ms
Round:109
IR: 0, 0, 0, 0, 0
57819 0 52 57840 0 51 57854 0 54 57863 0 67 57864 0 66 57867 0 79 57882 0 74 57882 0 75 57888 0 53 57889 0 90 57889 0 91 57889 0 92 57890 0 79 57916 0 79 57948 0 79 57958 0 74 57961 0 75 57979 0 52 57980 0 51 58004 0 79 58022 0 54 58031 0 53 58099 0 52 58131 0 54 58142 0 66 58142 0 67 58143 0 53 58146 0 79 58151 0 51 58163 0 74 58164 0 75 58166 0 90 58166 0 91 58166 0 92 58169 0 79 58195 0 79 58227 0 79 58245 0 54 58248 0 74 58274 0 51 58286 0 53 58286 0 79 58297 0 
TIME iteration: 299 ms
Round:110
IR: 0, 0, 0, 0, 0
58448 0 54 58468 0 52 58478 0 51 58497 0 66 58500 0 67 58503 0 79 58516 0 75 58524 0 90 58524 0 91 58524 0 92 58526 0 74 58527 0 79 58544 0 53 58553 0 54 58554 0 79 58587 0 79 58588 0 75 58616 0 51 58657 0 79 58712 0 54 58714 0 52 58726 0 51 58801 0 
TIME iteration: 298 ms
Round:111
IR: 0, 0, 0, 0, 0
58831 0 54 58839 0 66 58839 0 67 58844 0 79 58856 0 74 58864 0 90 58864 0 91 58864 0 92 58865 0 75 58868 0 79 58895 0 79 58925 0 74 58928 0 79 58931 0 53 58951 0 52 58954 0 51 59002 0 79 59033 0 54 59057 0 51 59073 0 53 59081 0 52 59149 0 54 59173 0 66 59174 0 67 59178 0 79 59189 0 75 59191 0 51 59197 0 74 59198 0 90 59198 0 91 59198 0 92 59199 0 53 59202 0 79 59210 0 52 59229 0 79 59242 0 54 59257 0 75 59262 0 79 59328 0 52 59338 0 
TIME iteration: 299 ms
Round:112
IR: 0, 0, 0, 0, 0
59367 0 54 59393 0 51 59410 0 53 59426 0 52 59493 0 63 59494 0 62 59502 0 77 59518 0 90 59518 0 91 59518 0 92 59526 0 77 59539 0 53 59553 0 77 59587 0 70 59588 0 77 59590 0 71 59644 0 54 59660 0 51 59676 0 52 59685 0 53 59806 0 54 59813 0 51 59831 0 53 59870 0 52 59881 0 64 59883 0 
TIME iteration: 299 ms
Round:113
IR: 0, 0, 0, 0, 0
59890 0 78 59900 0 62 59900 0 63 59904 0 77 59908 0 90 59908 0 91 59908 0 92 59914 0 78 59927 0 77 59931 0 70 59931 0 71 59941 0 78 59953 0 77 59964 0 51 59967 0 54 59974 0 73 59975 0 78 59979 0 72 59985 0 77 60017 0 53 60024 0 52 60032 0 90 60032 0 91 60032 0 92 60041 0 77 60113 0 54 60149 0 53 60191 0 52 60217 0 51 60252 0 54 60318 0 53 60367 0 54 60385 0 66 60386 0 67 60391 0 52 60394 0 79 60397 0 51 60415 0 90 60415 0 91 60415 0 92 60418 0 
TIME iteration: 299 ms
Round:114
IR: 0, 0, 0, 0, 0
60445 0 79 60452 0 74 60461 0 75 60480 0 79 60490 0 52 60494 0 53 60511 0 54 60587 0 52 60598 0 51 60650 0 54 60658 0 53 60668 0 52 60683 0 63 60684 0 62 60691 0 77 60700 0 66 60700 0 67 60703 0 79 60708 0 90 60708 0 91 60708 0 92 60715 0 77 60722 0 74 60722 0 75 60726 0 79 60732 0 70 60732 0 71 60742 0 77 60752 0 79 60760 0 51 60766 0 52 60776 0 77 60784 0 79 60793 0 53 60795 0 54 60832 0 90 60832 0 91 60832 0 92 60841 0 79 60874 0 52 60924 0 
TIME iteration: 299 ms
Round:115
IR: 0, 0, 0, 0, 0
60953 0 53 60981 0 52 60999 0 54 61105 0 52 61124 0 53 61142 0 62 61142 0 63 61147 0 77 61170 0 54 61171 0 77 61171 0 90 61171 0 91 61171 0 92 61172 0 70 61172 0 71 61198 0 77 61224 0 51 61231 0 77 61247 0 53 61257 0 52 61297 0 77 61346 0 54 61370 0 51 61397 0 52 61402 0 
TIME iteration: 299 ms
Round:116
IR: 0, 0, 0, 0, 0
61491 0 51 61512 0 54 61522 0 60 61522 0 61 61530 0 76 61534 0 53 61548 0 90 61548 0 91 61548 0 92 61554 0 76 61580 0 52 61581 0 76 61615 0 51 61615 0 76 61622 0 68 61626 0 69 61631 0 54 61684 0 53 61744 0 52 61762 0 54 61777 0 53 61804 0 51 61854 0 60 61854 0 61 61857 0 76 61859 0 52 61873 0 54 61879 0 68 61879 0 90 61879 0 91 61879 0 92 61880 0 69 61880 0 76 61891 0 53 61906 0 76 61938 0 76 61992 0 76 61993 0 
TIME iteration: 299 ms
Round:117
IR: 0, 0, 0, 0, 0
62026 0 54 62044 0 53 62077 0 52 62166 0 53 62167 0 54 62174 0 52 62215 0 65 62216 0 64 62221 0 51 62224 0 78 62235 0 62 62238 0 63 62241 0 90 62241 0 91 62241 0 92 62245 0 77 62248 0 78 62269 0 77 62275 0 78 62277 0 52 62296 0 77 62297 0 70 62300 0 71 62309 0 54 62309 0 72 62310 0 73 62310 0 78 62331 0 77 62364 0 90 62364 0 91 62364 0 92 62403 0 51 62413 0 53 62414 0 52 62510 0 
TIME iteration: 299 ms
Round:118
IR: 0, 0, 0, 0, 0
62570 0 51 62570 0 52 62622 0 54 62665 0 53 62698 0 51 62726 0 54 62731 0 66 62732 0 67 62736 0 60 62737 0 61 62740 0 79 62744 0 76 62754 0 52 62759 0 90 62759 0 91 62759 0 92 62764 0 79 62768 0 76 62787 0 68 62788 0 69 62791 0 79 62795 0 76 62823 0 74 62824 0 75 62826 0 79 62829 0 76 62834 0 54 62851 0 52 62853 0 51 62891 0 90 62891 0 91 62891 0 92 62951 0 51 62967 0 53 62980 0 54 63043 0 
TIME iteration: 309 ms
Round:119
IR: 0, 0, 0, 0, 0
63117 0 54 63146 0 51 63152 0 53 63217 0 52 63225 0 54 63237 0 66 63237 0 67 63243 0 79 63267 0 79 63267 0 90 63267 0 91 63267 0 92 63274 0 75 63275 0 74 63279 0 51 63294 0 79 63328 0 79 63362 0 54 63364 0 52 63377 0 53 63457 0 51 63519 0 53 63539 0 54 63591 0 
TIME iteration: 299 ms
Round:120
IR: 0, 0, 0, 0, 0
63616 0 51 63646 0 53 63657 0 54 63658 0 64 63658 0 65 63658 0 66 63658 0 67 63663 0 79 63666 0 78 63667 0 61 63668 0 60 63675 0 76 63682 0 90 63682 0 91 63682 0 92 63683 0 74 63683 0 75 63687 0 79 63690 0 78 63699 0 76 63714 0 79 63717 0 78 63723 0 51 63725 0 69 63726 0 68 63726 0 76 63733 0 52 63737 0 72 63737 0 73 63747 0 79 63751 0 78 63760 0 53 63760 0 76 63765 0 54 63798 0 90 63798 0 91 63798 0 92 63815 0 79 63834 0 52 63904 0 53 63932 0 51 63941 0 54 63987 0 52 64011 0 53 64101 0 51 64115 0 
TIME iteration: 299 ms
Round:121
IR: 0, 0, 0, 0, 0
64144 0 52 64182 0 63 64184 0 62 64191 0 77 64198 0 53 64210 0 64 64210 0 65 64212 0 90 64212 0 91 64212 0 92 64215 0 77 64216 0 78 64240 0 78 64242 0 77 64248 0 54 64249 0 72 64249 0 73 64267 0 78 64271 0 52 64274 0 71 64275 0 70 64276 0 77 64301 0 78 64309 0 51 64335 0 90 64335 0 91 64335 0 92 64373 0 54 64377 0 78 64423 0 53 64448 0 52 64472 0 54 64479 0 51 64606 0 51 64614 0 53 64638 0 52 64654 0 
TIME iteration: 299 ms
Round:122
IR: 0, 0, 0, 0, 0
64706 0 66 64707 0 67 64715 0 79 64736 0 90 64736 0 91 64736 0 92 64739 0 79 64765 0 74 64766 0 79 64768 0 75 64787 0 53 64801 0 79 64810 0 51 64833 0 52 64837 0 54 64920 0 52 64961 0 51 64966 0 53 65021 0 54 65035 0 52 65049 0 63 65050 0 62 65057 0 77 65075 0 90 65075 0 91 65075 0 92 65081 0 77 65094 0 51 65106 0 52 65107 0 71 65108 0 70 65108 0 77 65129 0 53 65142 0 77 65163 0 54 65183 0 
TIME iteration: 299 ms
Round:123
IR: 0, 0, 0, 0, 0
65211 0 51 65281 0 52 65296 0 63 65297 0 62 65298 0 77 65312 0 70 65312 0 71 65320 0 90 65320 0 91 65320 0 92 65321 0 77 65335 0 53 65347 0 77 65348 0 51 65378 0 70 65378 0 71 65378 0 77 65383 0 54 65428 0 77 65473 0 53 65491 0 51 65503 0 52 65522 0 54 65603 0 53 65620 0 51 65655 0 54 65662 0 60 65663 0 61 65665 0 64 65665 0 65 65671 0 76 65673 0 78 65681 0 66 65681 0 67 65687 0 90 65687 0 91 65687 0 92 65689 0 79 65695 0 76 65697 0 78 65713 0 
TIME iteration: 299 ms
Round:124
IR: 0, 0, 0, 0, 0
65722 0 76 65724 0 78 65731 0 52 65740 0 75 65740 0 79 65741 0 73 65741 0 74 65746 0 72 65747 0 68 65751 0 69 65757 0 76 65758 0 78 65771 0 51 65775 0 79 65797 0 53 65802 0 90 65802 0 91 65802 0 92 65880 0 52 65896 0 51 65920 0 54 65941 0 53 66004 0 52 66039 0 54 66091 0 53 66152 0 54 66161 0 52 66162 0 66 66162 0 67 66168 0 79 66178 0 64 66184 0 62 66185 0 63 66189 0 78 66190 0 65 66191 0 90 66191 0 91 66191 0 92 66192 0 77 66192 0 79 66195 0 74 66196 0 75 66213 0 78 66216 0 77 66219 0 79 66221 0 73 66222 0 72 66239 0 78 66242 0 71 66243 0 70 66243 0 
TIME iteration: 299 ms
Round:125
IR: 0, 0, 0, 0, 0
66253 0 79 66272 0 78 66273 0 51 66277 0 77 66292 0 52 66293 0 54 66305 0 90 66305 0 91 66305 0 92 66316 0 53 66333 0 78 66427 0 51 66427 0 54 66475 0 53 66496 0 52 66587 0 51 66611 0 54 66625 0 53 66645 0 52 66685 0 64 66685 0 65 66691 0 78 66707 0 63 66709 0 62 66713 0 77 66714 0 90 66714 0 91 66714 0 92 66715 0 78 66716 0 72 66716 0 73 66731 0 51 66737 0 77 66742 0 78 66743 0 70 66745 0 71 66764 0 54 66764 0 77 66776 0 
TIME iteration: 299 ms
Round:126
IR: 0, 0, 0, 0, 0
66783 0 53 66788 0 52 66797 0 77 66838 0 90 66838 0 91 66838 0 92 66852 0 78 66863 0 77 66879 0 51 66906 0 54 66947 0 52 66960 0 53 67011 0 54 67066 0 51 67119 0 54 67132 0 53 67145 0 66 67145 0 67 67153 0 79 67174 0 90 67174 0 91 67174 0 92 67177 0 79 67204 0 52 67204 0 74 67204 0 75 67204 0 79 67209 0 51 67239 0 79 67283 0 53 67294 0 
TIME iteration: 299 ms
Round:127
IR: 0, 0, 0, 0, 0
67312 0 52 67362 0 51 67393 0 53 67466 0 54 67513 0 52 67519 0 67 67521 0 66 67524 0 79 67545 0 75 67546 0 74 67546 0 90 67546 0 91 67546 0 92 67547 0 79 67573 0 79 67605 0 79 67622 0 53 67645 0 54 67665 0 79 67675 0 51 67717 0 52 67779 0 53 67804 0 54 67808 0 51 67828 0 
TIME iteration: 299 ms
Round:128
IR: 0, 0, 0, 0, 0
67901 0 53 67920 0 64 67920 0 65 67928 0 78 67938 0 63 67942 0 62 67946 0 90 67946 0 91 67946 0 92 67948 0 77 67952 0 78 67956 0 54 67962 0 51 67972 0 77 67979 0 78 67980 0 52 67990 0 72 67991 0 73 67999 0 77 68009 0 70 68009 0 71 68013 0 78 68033 0 77 68058 0 53 68070 0 90 68070 0 91 68070 0 92 68075 0 54 68103 0 51 68139 0 52 68189 0 54 68260 0 53 68305 0 51 68316 0 52 68318 0 
TIME iteration: 299 ms
Round:129
IR: 0, 0, 0, 0, 0
68388 0 53 68451 0 54 68451 0 64 68454 0 66 68454 0 67 68455 0 65 68459 0 78 68462 0 79 68463 0 52 68478 0 90 68478 0 91 68478 0 92 68483 0 78 68486 0 79 68490 0 72 68493 0 73 68509 0 74 68509 0 75 68510 0 78 68513 0 79 68533 0 53 68544 0 78 68548 0 79 68550 0 51 68591 0 52 68609 0 90 68609 0 91 68609 0 92 68619 0 78 68635 0 54 68730 0 51 68744 0 52 68760 0 53 68796 0 54 68851 0 
TIME iteration: 299 ms
Round:130
IR: 0, 0, 0, 0, 0
68922 0 51 68922 0 53 68931 0 54 68951 0 52 68954 0 62 68954 0 63 68962 0 77 68975 0 67 68976 0 66 68982 0 79 68984 0 90 68984 0 91 68984 0 92 68986 0 77 69006 0 79 69012 0 74 69012 0 75 69013 0 77 69015 0 71 69017 0 70 69029 0 51 69033 0 79 69047 0 77 69067 0 79 69084 0 52 69110 0 90 69110 0 91 69110 0 92 69139 0 51 69139 0 53 69152 0 54 69220 0 52 69299 0 54 69303 0 53 69307 0 51 69335 0 
TIME iteration: 299 ms
Round:131
IR: 0, 0, 0, 0, 0
69433 0 54 69442 0 52 69448 0 63 69449 0 62 69454 0 77 69469 0 67 69470 0 66 69475 0 79 69478 0 77 69478 0 90 69478 0 91 69478 0 92 69483 0 70 69483 0 71 69499 0 75 69499 0 79 69500 0 74 69505 0 77 69515 0 53 69526 0 79 69538 0 77 69552 0 51 69560 0 79 69589 0 54 69598 0 52 69604 0 90 69604 0 91 69604 0 92 69605 0 77 69671 0 51 69681 0 53 69747 0 54 69779 0 52 69789 0 51 69816 0 53 69909 0 52 69925 0 53 69944 0 54 69946 0 64 69946 0 65 69954 0 
TIME iteration: 299 ms
Round:132
IR: 0, 0, 0, 0, 0
69975 0 90 69975 0 91 69975 0 92 69978 0 78 70005 0 78 70009 0 51 70018 0 72 70022 0 73 70025 0 53 70039 0 78 70077 0 54 70082 0 52 70187 0 53 70205 0 54 70266 0 51 70274 0 52 70334 0 53 70338 0 64 70338 0 65 70342 0 78 70364 0 90 70364 0 91 70364 0 92 70365 0 51 70365 0 72 70365 0 78 70366 0 73 70391 0 78 70423 0 78 70446 0 52 70450 0 53 70479 0 
TIME iteration: 299 ms
Round:133
IR: 0, 0, 0, 0, 0
70517 0 51 70523 0 54 70546 0 53 70689 0 53 70692 0 64 70693 0 52 70693 0 65 70697 0 78 70710 0 72 70710 0 73 70711 0 51 70718 0 90 70718 0 91 70718 0 92 70721 0 78 70747 0 78 70751 0 54 70778 0 73 70780 0 78 70781 0 72 70801 0 52 70816 0 53 70841 0 78 70875 0 51 70941 0 53 70948 0 52 70960 0 64 70960 0 65 70963 0 78 70969 0 51 70979 0 73 70981 0 72 70983 0 90 70983 0 91 70983 0 92 70986 0 78 70990 0 54 71012 0 
TIME iteration: 299 ms
Round:134
IR: 0, 0, 0, 0, 0
71044 0 78 71057 0 73 71072 0 51 71074 0 72 71084 0 52 71098 0 78 71101 0 53 71194 0 54 71224 0 51 71250 0 52 71255 0 53 71266 0 65 71267 0 64 71270 0 78 71289 0 73 71291 0 72 71291 0 90 71291 0 91 71291 0 92 71293 0 78 71319 0 78 71351 0 78 71357 0 51 71370 0 54 71396 0 52 71403 0 53 71406 0 78 71485 0 51 71508 0 
TIME iteration: 298 ms
Round:135
IR: 0, 0, 0, 0, 0
71575 0 52 71596 0 53 71680 0 54 71685 0 65 71695 0 78 71702 0 66 71703 0 67 71708 0 64 71711 0 79 71718 0 78 71719 0 90 71719 0 91 71719 0 92 71720 0 73 71721 0 72 71735 0 79 71743 0 78 71747 0 51 71761 0 52 71762 0 79 71773 0 78 71790 0 74 71797 0 75 71797 0 79 71813 0 53 71817 0 78 71826 0 54 71845 0 90 71845 0 91 71845 0 92 71864 0 51 71977 0 52 71982 0 53 72044 0 51 72063 0 
TIME iteration: 309 ms
Round:136
IR: 0, 0, 0, 0, 0
72100 0 52 72167 0 53 72253 0 51 72267 0 53 72271 0 52 72272 0 64 72272 0 65 72278 0 78 72283 0 62 72283 0 63 72291 0 77 72302 0 78 72303 0 90 72303 0 91 72303 0 92 72304 0 72 72305 0 73 72315 0 54 72315 0 77 72329 0 78 72342 0 77 72363 0 78 72376 0 77 72379 0 71 72380 0 70 72392 0 53 72435 0 90 72435 0 91 72435 0 92 72438 0 52 72439 0 78 72456 0 54 72489 0 51 72544 0 53 72565 0 
TIME iteration: 299 ms
Round:137
IR: 0, 0, 0, 0, 0
72616 0 54 72714 0 52 72718 0 54 72749 0 51 72767 0 67 72769 0 66 72772 0 53 72776 0 79 72796 0 62 72796 0 63 72797 0 90 72797 0 91 72797 0 92 72800 0 79 72801 0 77 72821 0 54 72825 0 77 72827 0 79 72833 0 74 72835 0 70 72835 0 71 72835 0 75 72852 0 77 72855 0 52 72862 0 79 72885 0 77 72906 0 51 72919 0 90 72919 0 91 72919 0 92 72948 0 53 72951 0 77 72976 0 52 72977 0 54 73059 0 51 73100 0 52 73132 0 
TIME iteration: 299 ms
Round:138
IR: 0, 0, 0, 0, 0
73164 0 54 73174 0 51 73210 0 52 73234 0 63 73235 0 62 73240 0 77 73261 0 71 73262 0 70 73263 0 90 73263 0 91 73263 0 92 73264 0 77 73291 0 53 73291 0 77 73324 0 77 73328 0 51 73329 0 52 73335 0 54 73391 0 77 73438 0 53 73473 0 52 73500 0 54 73549 0 51 73567 0 52 73575 0 62 73576 0 63 73580 0 77 73592 0 70 73592 0 71 73601 0 90 73601 0 91 73601 0 92 73603 0 53 73604 0 77 73630 0 77 73663 0 70 73663 0 71 73663 0 
TIME iteration: 299 ms
Round:139
IR: 0, 0, 0, 0, 0
73696 0 51 73713 0 52 73721 0 53 73724 0 77 73726 0 54 73838 0 54 73891 0 52 73891 0 53 73910 0 63 73912 0 62 73915 0 77 73927 0 51 73929 0 54 73936 0 70 73936 0 71 73936 0 90 73936 0 91 73936 0 92 73938 0 77 73964 0 77 73996 0 77 74001 0 52 74024 0 54 74052 0 77 74084 0 51 74091 0 53 74104 0 52 74171 0 
TIME iteration: 298 ms
Round:140
IR: 0, 0, 0, 0, 0
74262 0 53 74268 0 52 74280 0 63 74281 0 62 74285 0 77 74298 0 70 74300 0 71 74306 0 90 74306 0 91 74306 0 92 74308 0 51 74309 0 77 74335 0 77 74353 0 54 74368 0 77 74371 0 70 74382 0 71 74418 0 53 74427 0 51 74429 0 77 74439 0 52 74540 0 54 74572 0 52 74584 0 62 74584 0 63 74588 0 77 74607 0 70 74607 0 71 74608 0 90 74608 0 91 74608 0 92 74611 0 77 74637 0 77 74669 0 52 74669 0 77 74685 0 54 74698 0 51 74708 0 53 74725 0 
TIME iteration: 299 ms
Round:141
IR: 0, 0, 0, 0, 0
74815 0 52 74848 0 54 74912 0 51 74915 0 53 74973 0 52 74983 0 62 74984 0 63 74986 0 54 74988 0 77 75003 0 67 75003 0 70 75004 0 66 75004 0 71 75010 0 90 75010 0 91 75010 0 92 75012 0 77 75012 0 79 75036 0 79 75038 0 77 75040 0 51 75055 0 53 75063 0 79 75071 0 77 75079 0 70 75090 0 75 75095 0 71 75096 0 74 75098 0 79 75132 0 77 75134 0 90 75134 0 91 75134 0 92 75140 0 52 75158 0 54 75175 0 53 75243 0 
TIME iteration: 299 ms
Round:142
IR: 0, 0, 0, 0, 0
75278 0 52 75342 0 54 75409 0 53 75520 0 51 75535 0 54 75545 0 53 75574 0 64 75575 0 65 75577 0 67 75578 0 66 75583 0 78 75584 0 79 75601 0 90 75601 0 91 75601 0 92 75607 0 78 75608 0 79 75610 0 52 75618 0 74 75619 0 75 75634 0 78 75635 0 79 75664 0 51 75667 0 73 75669 0 78 75669 0 79 75670 0 53 75674 0 54 75676 0 72 75733 0 90 75733 0 91 75733 0 92 75766 0 
TIME iteration: 299 ms
Round:143
IR: 0, 0, 0, 0, 0
75793 0 51 75824 0 54 75840 0 53 75917 0 52 75926 0 51 75983 0 53 76013 0 54 76038 0 52 76080 0 62 76082 0 63 76089 0 77 76111 0 90 76111 0 91 76111 0 92 76113 0 51 76113 0 77 76120 0 53 76140 0 77 76148 0 71 76149 0 54 76151 0 70 76165 0 52 76174 0 77 76260 0 53 76299 0 
TIME iteration: 299 ms
Round:144
IR: 0, 0, 0, 0, 0
76390 0 51 76398 0 52 76432 0 53 76491 0 54 76498 0 64 76503 0 65 76508 0 78 76521 0 52 76526 0 62 76526 0 63 76527 0 90 76527 0 91 76527 0 92 76531 0 77 76532 0 78 76555 0 77 76557 0 70 76557 0 71 76559 0 78 76561 0 72 76561 0 73 76570 0 51 76582 0 77 76593 0 78 76609 0 53 76615 0 77 76640 0 54 76649 0 90 76649 0 91 76649 0 92 76681 0 77 76712 0 53 76720 0 51 76737 0 52 76790 0 54 76831 0 53 76835 0 
TIME iteration: 299 ms
Round:145
IR: 0, 0, 0, 0, 0
76963 0 52 76988 0 51 76995 0 54 77007 0 53 77014 0 60 77015 0 61 77023 0 76 77031 0 64 77033 0 65 77038 0 78 77044 0 90 77044 0 91 77044 0 92 77047 0 76 77062 0 78 77067 0 72 77068 0 73 77074 0 76 77089 0 78 77093 0 51 77109 0 68 77109 0 76 77120 0 52 77123 0 78 77125 0 69 77152 0 54 77171 0 90 77171 0 91 77171 0 92 77181 0 53 77199 0 78 77204 0 51 77265 0 52 77326 0 51 77331 0 54 77333 0 
TIME iteration: 299 ms
Round:146
IR: 0, 0, 0, 0, 0
77425 0 51 77431 0 52 77445 0 53 77462 0 60 77462 0 61 77467 0 76 77491 0 76 77491 0 90 77491 0 91 77491 0 92 77496 0 68 77497 0 69 77518 0 76 77536 0 54 77551 0 76 77567 0 53 77597 0 51 77617 0 76 77667 0 52 77673 0 53 77728 0 51 77785 0 54 77798 0 53 77815 0 64 77815 0 65 77822 0 78 77840 0 90 77840 0 91 77840 0 92 77846 0 78 77863 0 72 77864 0 73 77873 0 51 77873 0 78 77895 0 52 77907 0 
TIME iteration: 299 ms
Round:147
IR: 0, 0, 0, 0, 0
77921 0 53 78008 0 54 78070 0 52 78077 0 53 78080 0 51 78160 0 54 78188 0 53 78189 0 64 78189 0 65 78193 0 78 78209 0 52 78212 0 72 78212 0 73 78215 0 90 78215 0 91 78215 0 92 78216 0 78 78242 0 78 78270 0 54 78271 0 51 78274 0 78 78282 0 53 78330 0 78 78356 0 52 78391 0 53 78407 0 
TIME iteration: 299 ms
Round:148
IR: 0, 0, 0, 0, 0
78444 0 51 78484 0 52 78511 0 53 78517 0 64 78518 0 65 78521 0 78 78532 0 72 78532 0 73 78542 0 90 78542 0 91 78542 0 92 78544 0 78 78570 0 78 78584 0 52 78596 0 73 78597 0 72 78602 0 78 78612 0 54 78618 0 51 78657 0 78 78699 0 53 78736 0 51 78749 0 52 78852 0 54 78864 0 51 78884 0 61 78885 0 60 78893 0 76 78910 0 90 78910 0 91 78910 0 92 78917 0 76 78919 0 52 78944 0 76 78951 0 53 78958 0 68 78960 0 
TIME iteration: 299 ms
Round:149
IR: 0, 0, 0, 0, 0
78979 0 76 79010 0 54 79026 0 51 79069 0 52 79096 0 53 79152 0 51 79188 0 61 79189 0 60 79191 0 76 79193 0 52 79193 0 54 79210 0 68 79210 0 69 79213 0 90 79213 0 91 79213 0 92 79214 0 76 79229 0 53 79240 0 76 79272 0 76 79276 0 51 79304 0 68 79325 0 76 79342 0 53 79362 0 54 79428 0 52 79429 0 51 79489 0 60 79492 0 61 79494 0 
TIME iteration: 299 ms
Round:150
IR: 0, 0, 0, 0, 0
79503 0 69 79514 0 68 79515 0 90 79515 0 91 79515 0 92 79517 0 76 79526 0 53 79527 0 54 79543 0 76 79564 0 69 79566 0 51 79575 0 76 79581 0 52 79630 0 76 79658 0 54 79729 0 52 79784 0 53 79823 0 54 79825 0 51 79879 0 52 79893 0 67 79894 0 66 79902 0 79 79903 0 62 79904 0 63 79912 0 77 79920 0 90 79920 0 91 79920 0 92 79926 0 79 79936 0 77 79953 0 79 79960 0 51 79963 0 77 79976 0 53 79987 0 74 79987 0 75 79988 0 79 79998 0 77 80003 0 70 80003 0 
TIME iteration: 299 ms
Round:151
IR: 0, 0, 0, 0, 0
80048 0 90 80048 0 91 80048 0 92 80071 0 54 80078 0 51 80087 0 52 80169 0 53 80231 0 52 80249 0 51 80279 0 54 80282 0 53 80343 0 52 80375 0 63 80376 0 62 80380 0 77 80389 0 54 80396 0 51 80403 0 53 80404 0 77 80405 0 90 80405 0 91 80405 0 92 80411 0 70 80411 0 71 80430 0 77 80463 0 77 80483 0 52 80524 0 
TIME iteration: 299 ms
Round:152
IR: 0, 0, 0, 0, 0
80562 0 51 80565 0 54 80634 0 52 80641 0 53 80705 0 54 80766 0 51 80771 0 53 80786 0 67 80788 0 66 80795 0 79 80814 0 90 80814 0 91 80814 0 92 80819 0 79 80844 0 74 80844 0 75 80846 0 79 80853 0 54 80860 0 52 80880 0 79 80959 0 54 80964 0 51 80999 0 53 81019 0 52 81075 0 51 81085 0 
TIME iteration: 302 ms
Round:153
IR: 0, 0, 0, 0, 0
81099 0 67 81101 0 66 81103 0 79 81120 0 74 81121 0 75 81124 0 90 81124 0 91 81124 0 92 81126 0 79 81145 0 53 81152 0 79 81177 0 52 81184 0 79 81201 0 74 81210 0 54 81240 0 79 81260 0 53 81316 0 52 81326 0 54 81339 0 51 81368 0 66 81369 0 67 81372 0 79 81378 0 75 81389 0 74 81392 0 90 81392 0 91 81392 0 92 81395 0 79 81421 0 79 81422 0 53 81432 0 75 81453 0 79 81457 0 54 81459 0 52 81475 0 51 81511 0 
TIME iteration: 299 ms
Round:154
IR: 0, 0, 0, 0, 0
81624 0 51 81657 0 52 81674 0 54 81691 0 53 81755 0 51 81766 0 52 81770 0 60 81770 0 61 81778 0 76 81785 0 53 81785 0 62 81785 0 63 81793 0 77 81796 0 90 81796 0 91 81796 0 92 81802 0 76 81817 0 77 81829 0 76 81839 0 54 81844 0 77 81856 0 69 81858 0 71 81859 0 70 81863 0 76 81867 0 68 81878 0 77 81880 0 51 81883 0 52 81893 0 53 81922 0 90 81922 0 91 81922 0 92 81985 0 51 81999 0 52 82040 0 53 82103 0 54 82117 0 
TIME iteration: 299 ms
Round:155
IR: 0, 0, 0, 0, 0
82193 0 52 82197 0 53 82249 0 51 82267 0 61 82268 0 60 82272 0 54 82273 0 76 82297 0 76 82297 0 90 82297 0 91 82297 0 92 82304 0 69 82305 0 68 82324 0 76 82339 0 52 82348 0 53 82357 0 76 82408 0 51 82424 0 76 82471 0 53 82497 0 54 82515 0 52 82558 0 51 82632 0 61 82634 0 60 82638 0 52 82638 0 76 82645 0 54 82654 0 68 82654 0 69 82659 0 90 82659 0 91 82659 0 92 82662 0 76 82667 0 53 82677 0 
TIME iteration: 299 ms
Round:156
IR: 0, 0, 0, 0, 0
82689 0 76 82722 0 76 82735 0 68 82787 0 76 82808 0 52 82820 0 54 82823 0 53 82841 0 51 82954 0 53 82997 0 51 83009 0 60 83010 0 61 83014 0 64 83014 0 76 83015 0 65 83023 0 78 83028 0 69 83030 0 52 83035 0 90 83035 0 91 83035 0 92 83038 0 68 83038 0 76 83047 0 78 83064 0 76 83074 0 78 83076 0 53 83097 0 76 83104 0 69 83109 0 78 83111 0 72 83115 0 73 83120 0 51 83126 0 54 83158 0 76 83165 0 90 83165 0 91 83165 0 92 83178 0 52 83190 0 
TIME iteration: 299 ms
Round:157
IR: 0, 0, 0, 0, 0
83266 0 51 83341 0 53 83360 0 52 83370 0 54 83475 0 51 83495 0 52 83514 0 53 83548 0 63 83550 0 62 83551 0 54 83555 0 64 83557 0 77 83558 0 65 83562 0 78 83578 0 90 83578 0 91 83578 0 92 83581 0 77 83586 0 78 83596 0 73 83597 0 72 83608 0 77 83613 0 78 83631 0 70 83632 0 71 83642 0 77 83646 0 78 83653 0 52 83668 0 51 83673 0 53 83710 0 90 83710 0 91 83710 0 92 83713 0 
TIME iteration: 299 ms
Round:158
IR: 0, 0, 0, 0, 0
83753 0 54 83803 0 53 83812 0 52 83841 0 51 83889 0 54 83897 0 53 83950 0 52 84012 0 51 84065 0 54 84108 0 66 84108 0 67 84110 0 52 84117 0 79 84121 0 63 84123 0 62 84128 0 77 84133 0 53 84138 0 90 84138 0 91 84138 0 92 84141 0 79 84152 0 77 84158 0 51 84161 0 70 84163 0 71 84168 0 79 84179 0 77 84201 0 74 84203 0 79 84213 0 77 84214 0 75 84248 0 54 84267 0 90 84267 0 91 84267 0 
TIME iteration: 299 ms
Round:159
IR: 0, 0, 0, 0, 0
84270 0 53 84289 0 77 84400 0 51 84410 0 53 84422 0 52 84424 0 54 84551 0 53 84556 0 51 84567 0 52 84616 0 54 84654 0 65 84664 0 64 84667 0 78 84690 0 90 84690 0 91 84690 0 92 84691 0 78 84710 0 52 84718 0 78 84720 0 53 84723 0 73 84724 0 72 84752 0 
TIME iteration: 298 ms
Round:160
IR: 0, 0, 0, 0, 0
84801 0 51 84814 0 52 84822 0 54 84946 0 53 84972 0 52 84987 0 51 85024 0 54 85038 0 62 85044 0 63 85049 0 77 85055 0 53 85067 0 64 85067 0 90 85067 0 91 85067 0 92 85073 0 77 85075 0 78 85096 0 71 85098 0 70 85100 0 77 85104 0 52 85104 0 78 85129 0 51 85134 0 77 85145 0 78 85162 0 53 85187 0 54 85205 0 90 85205 0 91 85205 0 92 85244 0 51 85257 0 52 85299 0 
TIME iteration: 299 ms
Round:161
IR: 0, 0, 0, 0, 0
85366 0 54 85384 0 52 85439 0 51 85444 0 53 85543 0 54 85591 0 52 85630 0 62 85630 0 63 85632 0 51 85636 0 77 85660 0 77 85661 0 90 85661 0 91 85661 0 92 85669 0 53 85669 0 70 85669 0 71 85687 0 77 85719 0 54 85721 0 77 85771 0 52 85797 0 77 85806 0 
TIME iteration: 299 ms
Round:162
IR: 0, 0, 0, 0, 0
85893 0 54 85913 0 53 85941 0 52 85999 0 54 86023 0 66 86023 0 67 86032 0 79 86044 0 62 86049 0 90 86049 0 91 86049 0 92 86050 0 51 86055 0 77 86056 0 79 86061 0 52 86083 0 79 86085 0 77 86104 0 74 86111 0 53 86116 0 75 86118 0 79 86129 0 77 86168 0 51 86190 0 90 86190 0 91 86190 0 92 86202 0 54 86250 0 52 86274 0 53 86292 0 51 86345 0 
TIME iteration: 298 ms
Round:163
IR: 0, 0, 0, 0, 0
86441 0 53 86461 0 52 86462 0 54 86489 0 51 86519 0 67 86520 0 66 86525 0 79 86545 0 54 86549 0 79 86549 0 90 86549 0 91 86549 0 92 86556 0 74 86556 0 75 86576 0 53 86576 0 79 86610 0 79 86623 0 54 86686 0 52 86710 0 53 86727 0 51 86740 0 54 86787 0 52 86805 0 53 86824 0 67 86829 0 79 86830 0 66 86843 0 74 86843 0 75 86848 0 64 86848 0 65 86852 0 79 86852 0 90 86852 0 91 86852 0 92 86856 0 78 86874 0 54 86878 0 79 86880 0 78 86907 0 78 86910 0 79 86911 0 75 86913 0 
TIME iteration: 299 ms
Round:164
IR: 0, 0, 0, 0, 0
86927 0 52 86929 0 73 86930 0 72 86940 0 53 86941 0 78 86963 0 79 86975 0 90 86975 0 91 86975 0 92 87009 0 51 87038 0 54 87042 0 52 87071 0 53 87127 0 51 87140 0 52 87172 0 54 87211 0 53 87234 0 51 87286 0 60 87286 0 61 87294 0 76 87308 0 52 87315 0 90 87315 0 91 87315 0 92 87318 0 76 87319 0 54 87345 0 76 87351 0 53 87378 0 51 87379 0 76 87391 0 69 87398 0 68 87447 0 
TIME iteration: 299 ms
Round:165
IR: 0, 0, 0, 0, 0
87464 0 52 87553 0 51 87572 0 53 87603 0 54 87607 0 60 87607 0 61 87610 0 76 87612 0 52 87631 0 68 87631 0 69 87632 0 90 87632 0 91 87632 0 92 87633 0 76 87659 0 76 87691 0 76 87735 0 51 87740 0 53 87745 0 76 87766 0 54 87790 0 52 87864 0 54 87871 0 53 87915 0 51 87975 0 54 87978 0 67 87979 0 
TIME iteration: 299 ms
Round:166
IR: 0, 0, 0, 0, 0
87987 0 79 87997 0 53 88004 0 90 88004 0 91 88004 0 92 88011 0 79 88017 0 52 88038 0 79 88047 0 75 88050 0 74 88073 0 79 88096 0 51 88127 0 54 88153 0 52 88156 0 53 88261 0 54 88295 0 66 88295 0 67 88298 0 79 88304 0 52 88315 0 53 88317 0 75 88318 0 74 88319 0 90 88319 0 91 88319 0 92 88321 0 79 88331 0 51 88347 0 79 88379 0 79 88389 0 54 88435 0 79 88438 0 
TIME iteration: 298 ms
Round:167
IR: 0, 0, 0, 0, 0
88540 0 51 88577 0 53 88587 0 54 88604 0 52 88727 0 51 88727 0 53 88770 0 52 88776 0 65 88777 0 62 88777 0 63 88778 0 61 88779 0 64 88782 0 60 88785 0 77 88786 0 78 88788 0 76 88795 0 54 88801 0 90 88801 0 91 88801 0 92 88809 0 77 88810 0 78 88812 0 76 88836 0 77 88837 0 78 88839 0 51 88839 0 76 88846 0 68 88846 0 69 88864 0 72 88865 0 73 88870 0 77 88871 0 70 88872 0 71 88872 0 78 88873 0 76 88918 0 90 88918 0 91 88918 0 92 88931 0 53 88953 0 51 88972 0 54 88978 0 
TIME iteration: 299 ms
Round:168
IR: 0, 0, 0, 0, 0
89061 0 53 89087 0 51 89114 0 54 89158 0 52 89246 0 51 89262 0 52 89279 0 54 89284 0 62 89284 0 63 89286 0 60 89286 0 61 89289 0 77 89291 0 76 89305 0 53 89310 0 90 89310 0 91 89310 0 92 89313 0 77 89315 0 76 89321 0 68 89321 0 69 89321 0 70 89322 0 71 89340 0 77 89342 0 76 89373 0 77 89375 0 76 89407 0 51 89439 0 77 89441 0 76 89442 0 90 89442 0 91 89442 0 92 89473 0 54 89482 0 52 89495 0 53 89564 0 
TIME iteration: 298 ms
Round:169
IR: 0, 0, 0, 0, 0
89635 0 52 89645 0 54 89655 0 53 89737 0 51 89791 0 52 89831 0 62 89831 0 63 89835 0 54 89837 0 77 89842 0 53 89861 0 77 89861 0 90 89861 0 91 89861 0 92 89862 0 51 89865 0 70 89865 0 71 89888 0 77 89922 0 77 89945 0 52 89970 0 51 89998 0 77 90002 0 53 90005 0 54 90092 0 
TIME iteration: 307 ms
Round:170
IR: 0, 0, 0, 0, 0
90141 0 53 90144 0 51 90181 0 54 90292 0 52 90294 0 51 90298 0 61 90299 0 60 90303 0 62 90303 0 63 90306 0 76 90309 0 77 90316 0 53 90321 0 64 90322 0 65 90325 0 90 90325 0 91 90325 0 92 90330 0 70 90330 0 76 90330 0 78 90332 0 71 90333 0 77 90345 0 54 90354 0 78 90357 0 69 90357 0 76 90360 0 68 90360 0 77 90381 0 78 90391 0 76 90394 0 77 90401 0 73 90404 0 72 90416 0 78 90421 0 53 90440 0 90 90440 0 91 90440 0 92 90455 0 51 90469 0 52 90470 0 77 90483 0 54 90586 0 51 90614 0 
TIME iteration: 299 ms
Round:171
IR: 0, 0, 0, 0, 0
90639 0 54 90644 0 52 90704 0 53 90759 0 54 90765 0 65 90767 0 64 90771 0 78 90789 0 52 90794 0 66 90794 0 90 90794 0 91 90794 0 92 90795 0 78 90799 0 72 90800 0 73 90814 0 79 90821 0 51 90822 0 78 90827 0 53 90847 0 79 90855 0 78 90917 0 79 90920 0 53 90921 0 78 90933 0 90 90933 0 91 90933 0 92 90947 0 51 90947 0 54 91017 0 53 91053 0 51 91055 0 52 91092 0 54 91125 0 
TIME iteration: 298 ms
Round:172
IR: 0, 0, 0, 0, 0
91167 0 51 91191 0 54 91223 0 53 91233 0 64 91234 0 65 91239 0 78 91256 0 66 91256 0 67 91261 0 72 91262 0 73 91262 0 79 91263 0 78 91263 0 90 91263 0 91 91263 0 92 91281 0 52 91286 0 79 91290 0 78 91291 0 51 91300 0 74 91302 0 75 91304 0 54 91313 0 79 91323 0 78 91345 0 53 91347 0 79 91388 0 90 91388 0 91 91388 0 92 91390 0 78 91448 0 51 91469 0 54 91493 0 53 91511 0 52 91541 0 51 91596 0 54 91645 0 51 91676 0 53 91678 0 61 91679 0 60 91687 0 
TIME iteration: 299 ms
Round:173
IR: 0, 0, 0, 0, 0
91707 0 90 91707 0 91 91707 0 92 91711 0 76 91738 0 76 91749 0 51 91751 0 68 91753 0 69 91766 0 54 91773 0 76 91777 0 52 91793 0 53 91937 0 53 91968 0 52 91976 0 54 92046 0 53 92058 0 64 92058 0 65 92066 0 78 92084 0 90 92084 0 91 92084 0 92 92090 0 78 92106 0 72 92106 0 73 92117 0 78 92129 0 52 92135 0 51 92151 0 78 92182 0 54 92204 0 
TIME iteration: 299 ms
Round:174
IR: 0, 0, 0, 0, 0
92265 0 52 92310 0 51 92362 0 53 92364 0 54 92413 0 64 92414 0 65 92417 0 78 92422 0 52 92436 0 72 92436 0 73 92439 0 90 92439 0 91 92439 0 92 92440 0 78 92466 0 78 92484 0 51 92498 0 78 92528 0 52 92546 0 54 92553 0 78 92573 0 53 92618 0 51 92673 0 52 92706 0 53 92706 0 
TIME iteration: 298 ms
Round:175
IR: 0, 0, 0, 0, 0
92769 0 51 92784 0 64 92786 0 65 92790 0 78 92803 0 72 92803 0 73 92804 0 61 92805 0 60 92811 0 90 92811 0 91 92811 0 92 92812 0 76 92814 0 78 92836 0 76 92841 0 78 92856 0 52 92863 0 76 92870 0 53 92870 0 69 92874 0 72 92874 0 78 92875 0 68 92882 0 51 92882 0 73 92894 0 54 92897 0 76 92935 0 90 92935 0 91 92935 0 92 92939 0 78 92989 0 53 93003 0 52 93027 0 51 93031 0 54 93104 0 53 93157 0 51 93244 0 54 93257 0 53 93261 0 51 93265 0 52 93271 0 61 93272 0 60 93276 0 
TIME iteration: 299 ms
Round:176
IR: 0, 0, 0, 0, 0
93283 0 65 93285 0 64 93290 0 78 93300 0 76 93301 0 90 93301 0 91 93301 0 92 93304 0 68 93305 0 69 93314 0 78 93320 0 72 93321 0 73 93326 0 76 93341 0 78 93359 0 76 93375 0 78 93388 0 51 93393 0 54 93398 0 53 93420 0 76 93431 0 90 93431 0 91 93431 0 92 93451 0 78 93473 0 51 93598 0 51 93611 0 53 93616 0 54 93656 0 52 93743 0 53 93749 0 51 93782 0 61 93783 0 60 93788 0 
TIME iteration: 299 ms
Round:177
IR: 0, 0, 0, 0, 0
93812 0 76 93812 0 90 93812 0 91 93812 0 92 93813 0 68 93813 0 69 93822 0 54 93835 0 53 93839 0 76 93872 0 76 93875 0 52 93896 0 51 93939 0 76 93997 0 53 94025 0 54 94026 0 52 94147 0 54 94154 0 51 94158 0 53 94193 0 66 94194 0 67 94198 0 64 94200 0 65 94203 0 79 94207 0 78 94220 0 90 94220 0 91 94220 0 92 94227 0 79 94231 0 78 94244 0 52 94253 0 73 94254 0 79 94255 0 72 94258 0 78 94274 0 54 94284 0 75 94286 0 74 94289 0 79 94292 0 78 94320 0 
TIME iteration: 299 ms
Round:178
IR: 0, 0, 0, 0, 0
94345 0 51 94350 0 90 94350 0 91 94350 0 92 94400 0 52 94422 0 54 94465 0 53 94557 0 51 94591 0 54 94633 0 53 94655 0 52 94720 0 51 94762 0 54 94782 0 67 94783 0 66 94786 0 61 94789 0 79 94794 0 60 94798 0 76 94811 0 90 94811 0 91 94811 0 92 94813 0 79 94814 0 53 94822 0 76 94824 0 74 94824 0 75 94840 0 79 94849 0 69 94849 0 76 94850 0 
TIME iteration: 299 ms
Round:179
IR: 0, 0, 0, 0, 0
94874 0 79 94878 0 51 94883 0 76 94892 0 52 94917 0 54 94942 0 90 94942 0 91 94942 0 92 94973 0 53 95068 0 51 95070 0 54 95075 0 52 95148 0 53 95184 0 54 95185 0 51 95255 0 52 95335 0 51 95343 0 61 95344 0 60 95349 0 76 95360 0 54 95368 0 66 95368 0 67 95372 0 53 95373 0 76 95374 0 79 95374 0 90 95374 0 91 95374 0 92 95381 0 69 95382 0 68 95398 0 
TIME iteration: 299 ms
Round:180
IR: 0, 0, 0, 0, 0
95400 0 76 95401 0 52 95405 0 75 95406 0 74 95425 0 79 95433 0 76 95459 0 79 95499 0 90 95499 0 91 95499 0 92 95500 0 76 95530 0 51 95536 0 52 95536 0 54 95543 0 53 95671 0 51 95682 0 53 95706 0 54 95728 0 52 95836 0 51 95849 0 53 95852 0 52 95884 0 61 95885 0 60 95886 0 63 95887 0 62 95890 0 65 95891 0 64 95891 0 76 95895 0 77 95899 0 78 95910 0 90 95910 0 91 95910 0 92 95915 0 76 95918 0 54 95918 0 68 95918 0 69 95919 0 77 95923 0 
TIME iteration: 299 ms
Round:181
IR: 0, 0, 0, 0, 0
95942 0 76 95946 0 77 95950 0 53 95950 0 78 95972 0 72 95974 0 51 95976 0 76 95977 0 73 95978 0 71 95980 0 70 95981 0 77 95985 0 78 96008 0 52 96027 0 90 96027 0 91 96027 0 92 96033 0 54 96057 0 76 96103 0 53 96178 0 52 96190 0 51 96269 0 54 96303 0 53 96308 0 52 96361 0 51 96392 0 63 96402 0 62 96403 0 77 96413 0 54 96426 0 53 96427 0 77 96427 0 90 96427 0 91 96427 0 92 96434 0 70 96436 0 71 96438 0 52 96454 0 
TIME iteration: 299 ms
Round:182
IR: 0, 0, 0, 0, 0
96487 0 77 96489 0 51 96555 0 77 96568 0 52 96570 0 53 96592 0 54 96633 0 51 96743 0 53 96747 0 54 96788 0 51 96805 0 52 96811 0 61 96812 0 60 96819 0 76 96825 0 67 96827 0 65 96832 0 64 96835 0 66 96837 0 78 96838 0 90 96838 0 91 96838 0 92 96839 0 79 96843 0 76 96848 0 54 96861 0 78 96863 0 79 96867 0 68 96868 0 69 96870 0 76 96871 0 53 96888 0 78 96889 0 72 96889 0 73 96890 0 79 96904 0 76 96907 0 74 96910 0 75 96918 0 52 96922 0 78 96925 0 79 96926 0 51 96952 0 90 96952 0 91 96952 0 92 96965 0 
TIME iteration: 299 ms
Round:183
IR: 0, 0, 0, 0, 0
97031 0 51 97052 0 53 97115 0 54 97119 0 52 97142 0 51 97211 0 53 97264 0 54 97312 0 66 97312 0 67 97318 0 79 97320 0 51 97339 0 52 97339 0 60 97339 0 61 97341 0 90 97341 0 91 97341 0 92 97342 0 79 97345 0 76 97346 0 53 97346 0 75 97347 0 74 97351 0 54 97369 0 76 97369 0 79 97375 0 68 97377 0 69 97396 0 76 97403 0 79 97430 0 76 97464 0 90 97464 0 91 97464 0 92 97477 0 54 97489 0 51 97506 0 
TIME iteration: 298 ms
Round:184
IR: 0, 0, 0, 0, 0
97528 0 52 97611 0 53 97639 0 54 97664 0 51 97706 0 52 97761 0 53 97778 0 51 97786 0 54 97794 0 52 97818 0 61 97819 0 60 97820 0 62 97820 0 63 97824 0 76 97828 0 77 97840 0 66 97841 0 67 97844 0 90 97844 0 91 97844 0 92 97847 0 68 97847 0 79 97848 0 69 97848 0 76 97852 0 77 97871 0 79 97873 0 74 97874 0 75 97875 0 76 97879 0 77 97883 0 51 97895 0 71 97896 0 70 97898 0 53 97898 0 79 97908 0 76 97913 0 77 97917 0 52 97928 0 54 97932 0 79 97959 0 90 97959 0 91 97959 0 92 97975 0 76 97994 0 
TIME iteration: 299 ms
Round:185
IR: 0, 0, 0, 0, 0
98057 0 52 98099 0 54 98105 0 51 98111 0 53 98201 0 52 98264 0 54 98269 0 51 98291 0 53 98316 0 60 98319 0 61 98323 0 76 98346 0 68 98346 0 90 98346 0 91 98346 0 92 98347 0 76 98349 0 69 98374 0 76 98375 0 54 98386 0 53 98394 0 52 98407 0 76 98468 0 53 98474 0 76 98511 0 51 98540 0 52 98557 0 
TIME iteration: 299 ms
Round:186
IR: 0, 0, 0, 0, 0
98593 0 53 98635 0 64 98635 0 65 98643 0 78 98660 0 51 98660 0 90 98660 0 91 98660 0 92 98667 0 78 98694 0 78 98721 0 72 98726 0 73 98728 0 78 98729 0 53 98749 0 52 98777 0 54 98778 0 51 98843 0 53 98899 0 64 98901 0 65 98902 0 78 98920 0 72 98921 0 73 98923 0 90 98923 0 91 98923 0 92 98924 0 54 98925 0 78 98945 0 51 98945 0 53 98951 0 78 98953 0 52 98982 0 78 99001 0 72 99033 0 78 99087 0 53 99091 0 
TIME iteration: 303 ms
Round:187
IR: 0, 0, 0, 0, 0
99153 0 54 99178 0 51 99193 0 53 99201 0 64 99202 0 65 99205 0 78 99213 0 73 99225 0 72 99225 0 90 99225 0 91 99225 0 92 99228 0 78 99253 0 52 99254 0 78 99271 0 73 99286 0 78 99291 0 51 99341 0 78 99343 0 53 99345 0 54 99413 0 52 99451 0 53 99487 0 64 99487 0 65 99488 0 51 99490 0 78 99498 0 72 99506 0 73 99511 0 54 99511 0 90 99511 0 91 99511 0 92 99513 0 78 99539 0 78 99556 0 72 99571 0 78 99591 0 73 99606 0 51 99621 0 53 99625 0 54 99625 0 
TIME iteration: 301 ms
Round:188
IR: 0, 0, 0, 0, 0
99640 0 52 99742 0 51 99763 0 54 99825 0 52 99836 0 53 99840 0 51 99849 0 60 99849 0 61 99857 0 76 99864 0 64 99864 0 65 99869 0 78 99874 0 90 99874 0 91 99874 0 92 99881 0 76 99890 0 72 99892 0 73 99893 0 78 99903 0 54 99908 0 76 99919 0 51 99920 0 78 99926 0 69 99927 0 68 99935 0 52 99942 0 76 99953 0 78 99999 0 90 99999 0 91 99999 0 92 100018 0 78 100025 0 51 100034 0 54 100052 0 52 100056 0 53 100128 0 
TIME iteration: 301 ms
Round:189
IR: 0, 0, 0, 0, 0
100189 0 51 100232 0 52 100235 0 54 100271 0 62 100271 0 63 100279 0 77 100290 0 53 100299 0 90 100299 0 91 100299 0 92 100303 0 77 100330 0 77 100336 0 51 100346 0 54 100362 0 70 100364 0 77 100370 0 71 100421 0 52 100475 0 51 100476 0 53 100494 0 54 100579 0 51 100597 0 54 100615 0 60 100616 0 61 100623 0 76 100624 0 67 100625 0 66 100631 0 52 100633 0 79 100641 0 90 100641 0 91 100641 0 92 100647 0 76 100657 0 79 100666 0 69 100668 0 53 100669 0 68 100674 0 76 100684 0 
TIME iteration: 299 ms
Round:190
IR: 0, 0, 0, 0, 0
100702 0 51 100708 0 76 100717 0 74 100718 0 75 100719 0 79 100735 0 54 100769 0 90 100769 0 91 100769 0 92 100773 0 52 100804 0 53 100868 0 51 100891 0 54 100913 0 52 100991 0 53 101052 0 51 101089 0 54 101108 0 52 101124 0 53 101162 0 64 101162 0 65 101170 0 78 101192 0 90 101192 0 91 101192 0 92 101194 0 78 101221 0 
TIME iteration: 298 ms
Round:191
IR: 0, 0, 0, 0, 0
101231 0 52 101231 0 72 101231 0 73 101233 0 54 101255 0 78 101268 0 53 101273 0 51 101354 0 54 101360 0 52 101379 0 51 101394 0 53 101471 0 52 101475 0 54 101478 0 65 101483 0 78 101484 0 64 101503 0 72 101503 0 73 101505 0 62 101506 0 78 101506 0 90 101506 0 91 101506 0 92 101523 0 77 101529 0 51 101532 0 78 101535 0 53 101555 0 77 101563 0 78 101610 0 77 101612 0 52 101614 0 78 101619 0 54 101644 0 90 101644 0 91 101644 0 92 101697 0 51 101707 0 53 101746 0 
TIME iteration: 299 ms
Round:192
IR: 0, 0, 0, 0, 0
101802 0 54 101823 0 51 101842 0 53 101875 0 52 101964 0 51 101969 0 54 101997 0 60 101998 0 61 102005 0 52 102006 0 76 102016 0 62 102016 0 63 102022 0 77 102023 0 53 102027 0 90 102027 0 91 102027 0 92 102030 0 76 102046 0 77 102057 0 76 102059 0 70 102063 0 71 102070 0 69 102073 0 77 102078 0 68 102092 0 51 102092 0 76 102107 0 77 102118 0 54 102154 0 90 102154 0 91 102154 0 92 102163 0 52 102174 0 53 102183 0 77 102244 0 54 102287 0 
TIME iteration: 298 ms
Round:193
IR: 0, 0, 0, 0, 0
102308 0 53 102392 0 54 102407 0 51 102477 0 53 102478 0 52 102504 0 54 102517 0 66 102518 0 67 102526 0 79 102543 0 64 102545 0 65 102547 0 90 102547 0 91 102547 0 92 102550 0 79 102552 0 78 102576 0 78 102577 0 79 102586 0 51 102603 0 75 102603 0 78 102604 0 54 102605 0 73 102606 0 72 102608 0 74 102612 0 79 102617 0 52 102637 0 78 102670 0 90 102670 0 91 102670 0 92 102711 0 51 102715 0 53 102734 0 54 102769 0 52 102811 0 
TIME iteration: 298 ms
Round:194
IR: 0, 0, 0, 0, 0
102841 0 54 102880 0 52 102930 0 53 102969 0 51 103005 0 54 103018 0 60 103019 0 61 103026 0 76 103029 0 66 103029 0 67 103035 0 79 103036 0 52 103048 0 90 103048 0 91 103048 0 92 103050 0 76 103059 0 79 103067 0 74 103068 0 75 103077 0 76 103079 0 51 103081 0 68 103082 0 69 103086 0 79 103111 0 76 103120 0 79 103136 0 53 103144 0 54 103169 0 52 103179 0 90 103179 0 91 103179 0 92 103210 0 51 103251 0 53 103342 0 
TIME iteration: 298 ms
Round:195
IR: 0, 0, 0, 0, 0
103350 0 53 103360 0 51 103397 0 52 103474 0 53 103496 0 64 103497 0 65 103504 0 78 103515 0 54 103526 0 90 103526 0 91 103526 0 92 103528 0 78 103540 0 52 103555 0 78 103556 0 72 103559 0 73 103576 0 51 103589 0 78 103593 0 53 103653 0 54 103694 0 51 103723 0 53 103778 0 52 103790 0 54 103863 0 
TIME iteration: 298 ms
Round:196
IR: 0, 0, 0, 0, 0
103886 0 54 103889 0 66 103889 0 67 103892 0 53 103897 0 79 103898 0 64 103898 0 65 103900 0 61 103901 0 60 103902 0 78 103908 0 76 103914 0 52 103915 0 90 103915 0 91 103915 0 92 103921 0 79 103925 0 73 103925 0 78 103926 0 72 103932 0 76 103941 0 74 103941 0 75 103948 0 79 103951 0 78 103956 0 68 103958 0 69 103959 0 76 103977 0 54 103983 0 78 103983 0 79 103987 0 51 103993 0 76 104031 0 90 104031 0 91 104031 0 92 104032 0 53 104039 0 78 104093 0 54 104101 0 52 104153 0 53 104174 0 51 104241 0 54 104273 0 53 104300 0 52 104309 0 51 104382 0 54 104404 0 66 104404 0 
TIME iteration: 299 ms
Round:197
IR: 0, 0, 0, 0, 0
104410 0 79 104418 0 52 104433 0 90 104433 0 91 104433 0 92 104434 0 79 104438 0 74 104438 0 75 104454 0 53 104461 0 79 104475 0 51 104495 0 79 104531 0 54 104543 0 52 104559 0 53 104627 0 51 104674 0 52 104749 0 53 104790 0 52 104794 0 62 104795 0 63 104803 0 77 104809 0 51 104819 0 65 104821 0 90 104821 0 91 104821 0 92 104827 0 77 104836 0 78 104854 0 77 104868 0 78 104887 0 70 104889 0 77 104891 0 54 104895 0 71 104917 0 53 104921 0 78 104931 0 
TIME iteration: 299 ms
Round:198
IR: 0, 0, 0, 0, 0
104961 0 90 104961 0 91 104961 0 92 105025 0 54 105072 0 51 105092 0 53 105148 0 54 105206 0 52 105224 0 51 105266 0 54 105291 0 67 105292 0 66 105300 0 79 105321 0 90 105321 0 91 105321 0 92 105324 0 79 105330 0 53 105345 0 75 105347 0 74 105351 0 79 105359 0 54 105378 0 51 105378 0 52 105386 0 
TIME iteration: 298 ms
Round:199
IR: 0, 0, 0, 0, 0
105471 0 53 105478 0 54 105558 0 51 105598 0 52 105628 0 54 105642 0 66 105642 0 67 105646 0 79 105655 0 53 105664 0 74 105664 0 75 105667 0 90 105667 0 91 105667 0 92 105670 0 79 105696 0 79 105717 0 51 105718 0 52 105729 0 79 105735 0 54 105794 0 79 105806 0 53 105850 0 51 105903 0 52 105904 0 54 105924 0 53 105996 0 
TIME iteration: 298 ms
