Round:0
IR: 0, 0, 0, 0, 0
335 0 52 424 0 54 451 0 51 478 0 52 493 0 53 494 0 62 495 0 63 503 0 77 527 0 
TIME iteration: 432 ms
Round:1
IR: 0, 0, 0, 0, 0
535 0 90 535 0 91 535 0 92 551 0 54 554 0 77 589 0 77 629 0 52 675 0 53 685 0 54 696 0 51 791 0 52 842 0 51 854 0 53 863 0 54 923 0 67 924 0 66 932 0 79 939 0 51 943 0 61 944 0 60 951 0 90 951 0 91 951 0 92 952 0 76 956 0 79 976 0 76 977 0 54 978 0 52 982 0 53 983 0 79 1003 0 76 1018 0 79 1029 0 75 1034 0 74 1038 0 76 1043 0 68 1045 0 
TIME iteration: 300 ms
Round:2
IR: 0, 0, 0, 0, 0
1076 0 90 1076 0 91 1076 0 92 1079 0 53 1094 0 54 1106 0 52 1128 0 51 1203 0 53 1255 0 54 1267 0 52 1271 0 51 1337 0 53 1394 0 51 1406 0 54 1418 0 60 1419 0 61 1424 0 76 1448 0 76 1448 0 90 1448 0 91 1448 0 92 1454 0 68 1454 0 69 1475 0 76 1486 0 52 1500 0 53 1508 0 76 1572 0 51 1575 0 
TIME iteration: 298 ms
Round:3
IR: 0, 0, 0, 0, 0
1627 0 54 1647 0 52 1689 0 51 1700 0 53 1753 0 61 1756 0 60 1759 0 76 1772 0 68 1772 0 69 1780 0 90 1780 0 91 1780 0 92 1783 0 76 1785 0 52 1802 0 54 1803 0 51 1809 0 76 1842 0 76 1845 0 69 1846 0 68 1893 0 52 1903 0 76 1916 0 53 1944 0 54 1959 0 51 2000 0 52 2035 0 61 2042 0 76 2043 0 60 2060 0 68 2061 0 69 2062 0 90 2062 0 91 2062 0 92 2063 0 53 2065 0 76 2091 0 76 2114 0 
TIME iteration: 299 ms
Round:4
IR: 0, 0, 0, 0, 0
2123 0 76 2134 0 51 2143 0 68 2176 0 76 2183 0 52 2197 0 53 2251 0 51 2285 0 52 2314 0 60 2314 0 61 2317 0 76 2324 0 69 2326 0 53 2335 0 68 2337 0 90 2337 0 91 2337 0 92 2340 0 76 2343 0 54 2366 0 76 2379 0 69 2388 0 52 2398 0 76 2426 0 51 2432 0 68 2452 0 76 2453 0 53 2551 0 53 2558 0 51 2582 0 60 2583 0 61 2586 0 76 2600 0 52 2601 0 69 2604 0 68 2605 0 54 2606 0 90 2606 0 91 2606 0 92 2609 0 76 2635 0 76 2637 0 
TIME iteration: 299 ms
Round:5
IR: 0, 0, 0, 0, 0
2667 0 76 2675 0 69 2696 0 52 2697 0 51 2700 0 68 2721 0 76 2731 0 53 2824 0 52 2833 0 54 2899 0 51 2904 0 53 2920 0 60 2920 0 61 2924 0 76 2945 0 52 2945 0 90 2945 0 91 2945 0 92 2946 0 68 2946 0 69 2947 0 76 2973 0 76 2978 0 54 3005 0 76 3060 0 53 3061 0 76 3066 0 51 3077 0 52 3104 0 
TIME iteration: 298 ms
Round:6
IR: 0, 0, 0, 0, 0
3241 0 52 3252 0 54 3260 0 53 3294 0 66 3296 0 67 3304 0 79 3321 0 90 3321 0 91 3321 0 92 3328 0 79 3351 0 51 3355 0 79 3369 0 52 3390 0 79 3392 0 74 3394 0 75 3413 0 54 3483 0 52 3546 0 53 3558 0 54 3581 0 51 3596 0 66 3597 0 67 3599 0 79 3619 0 75 3620 0 74 3621 0 90 3621 0 91 3621 0 92 3622 0 79 3648 0 79 3678 0 52 3680 0 79 3707 0 
TIME iteration: 299 ms
Round:7
IR: 0, 0, 0, 0, 0
3715 0 53 3734 0 79 3817 0 53 3838 0 52 3844 0 51 3903 0 54 3970 0 53 3986 0 64 3987 0 65 3995 0 78 4001 0 52 4009 0 54 4012 0 90 4012 0 91 4012 0 92 4019 0 78 4041 0 51 4046 0 78 4079 0 73 4081 0 78 4084 0 72 4111 0 54 4146 0 53 4179 0 52 4200 0 51 4226 0 
TIME iteration: 298 ms
Round:8
IR: 0, 0, 0, 0, 0
4323 0 53 4351 0 64 4351 0 65 4355 0 78 4372 0 51 4376 0 90 4376 0 91 4376 0 92 4378 0 54 4378 0 73 4378 0 78 4379 0 72 4391 0 52 4404 0 78 4436 0 78 4480 0 53 4492 0 78 4523 0 54 4545 0 52 4559 0 51 4650 0 54 4673 0 53 4702 0 52 4721 0 66 4724 0 67 4731 0 79 4748 0 90 4748 0 91 4748 0 92 4755 0 
TIME iteration: 299 ms
Round:9
IR: 0, 0, 0, 0, 0
4782 0 79 4784 0 51 4786 0 74 4786 0 75 4817 0 79 4819 0 54 4842 0 53 4862 0 52 4929 0 51 4988 0 54 4995 0 52 5089 0 51 5114 0 54 5116 0 66 5117 0 67 5121 0 79 5129 0 60 5132 0 61 5137 0 52 5139 0 76 5143 0 90 5143 0 91 5143 0 92 5144 0 74 5144 0 75 5145 0 79 5159 0 53 5163 0 76 5171 0 79 5190 0 76 5204 0 79 5222 0 68 5225 0 76 5228 0 69 5257 0 52 5269 0 90 5269 0 91 5269 0 92 5271 0 
TIME iteration: 299 ms
Round:10
IR: 0, 0, 0, 0, 0
5309 0 51 5339 0 53 5383 0 52 5383 0 54 5443 0 51 5477 0 53 5545 0 54 5574 0 51 5599 0 53 5608 0 60 5608 0 61 5613 0 52 5613 0 76 5623 0 65 5624 0 64 5632 0 78 5637 0 76 5637 0 90 5637 0 91 5637 0 92 5643 0 68 5643 0 69 5656 0 78 5664 0 76 5683 0 78 5693 0 73 5694 0 72 5697 0 76 5718 0 78 5723 0 54 5728 0 51 5744 0 52 5748 0 53 5763 0 76 5765 0 90 5765 0 91 5765 0 
TIME iteration: 299 ms
Round:11
IR: 0, 0, 0, 0, 0
5867 0 51 5926 0 52 5928 0 53 5984 0 54 6036 0 51 6052 0 53 6088 0 52 6128 0 64 6135 0 65 6137 0 78 6157 0 51 6161 0 78 6161 0 90 6161 0 91 6161 0 92 6164 0 53 6167 0 73 6168 0 72 6169 0 54 6188 0 78 6189 0 52 6221 0 78 6288 0 78 6311 0 52 6314 0 
TIME iteration: 298 ms
Round:12
IR: 0, 0, 0, 0, 0
6377 0 54 6390 0 53 6417 0 52 6459 0 62 6461 0 63 6468 0 77 6480 0 51 6485 0 90 6485 0 91 6485 0 92 6492 0 77 6519 0 77 6540 0 53 6547 0 54 6552 0 52 6553 0 77 6554 0 71 6556 0 70 6661 0 54 6664 0 51 6705 0 52 6757 0 62 6759 0 63 6760 0 77 6772 0 53 6781 0 70 6781 0 71 6782 0 90 6782 0 91 6782 0 92 6783 0 77 6809 0 77 6823 0 54 6831 0 51 6840 0 
TIME iteration: 299 ms
Round:13
IR: 0, 0, 0, 0, 0
6891 0 77 6919 0 52 6931 0 54 6955 0 51 6963 0 53 7059 0 54 7098 0 51 7098 0 66 7099 0 67 7106 0 52 7107 0 79 7117 0 53 7123 0 90 7123 0 91 7123 0 92 7131 0 79 7158 0 79 7187 0 75 7189 0 74 7193 0 79 7199 0 54 7243 0 51 7256 0 52 7272 0 53 7367 0 54 7396 0 51 7419 0 
TIME iteration: 299 ms
Round:14
IR: 0, 0, 0, 0, 0
7422 0 67 7424 0 79 7444 0 75 7445 0 74 7445 0 90 7445 0 91 7445 0 92 7447 0 79 7449 0 52 7452 0 53 7473 0 79 7505 0 79 7543 0 51 7545 0 54 7564 0 53 7564 0 79 7620 0 52 7669 0 51 7711 0 53 7726 0 52 7743 0 54 7786 0 63 7788 0 62 7795 0 77 7812 0 90 7812 0 91 7812 0 92 7819 0 77 7827 0 51 7846 0 77 7847 0 71 7849 0 70 7870 0 52 7880 0 77 7897 0 54 7918 0 
TIME iteration: 299 ms
Round:15
IR: 0, 0, 0, 0, 0
7981 0 51 8033 0 54 8053 0 52 8099 0 53 8114 0 54 8130 0 66 8131 0 67 8138 0 79 8155 0 90 8155 0 91 8155 0 92 8162 0 79 8171 0 74 8172 0 75 8189 0 79 8196 0 51 8211 0 54 8223 0 52 8223 0 79 8232 0 53 8353 0 52 8367 0 53 8367 0 54 8472 0 51 8476 0 
TIME iteration: 298 ms
Round:16
IR: 0, 0, 0, 0, 0
8498 0 63 8499 0 62 8505 0 77 8512 0 54 8519 0 67 8520 0 66 8524 0 79 8524 0 90 8524 0 91 8524 0 92 8527 0 53 8529 0 77 8542 0 75 8544 0 71 8544 0 74 8547 0 70 8547 0 79 8556 0 77 8569 0 52 8573 0 79 8590 0 77 8605 0 79 8647 0 90 8647 0 91 8647 0 92 8666 0 79 8671 0 77 8672 0 53 8693 0 52 8735 0 54 8785 0 51 8799 0 52 8849 0 54 8855 0 53 8945 0 52 8981 0 62 8983 0 54 8983 0 63 8988 0 77 8995 0 51 9002 0 66 9002 0 67 9008 0 
TIME iteration: 310 ms
Round:17
IR: 0, 0, 0, 0, 0
9011 0 90 9011 0 91 9011 0 92 9012 0 77 9013 0 71 9014 0 70 9020 0 53 9029 0 75 9030 0 74 9032 0 79 9039 0 77 9059 0 79 9073 0 77 9092 0 52 9093 0 79 9135 0 54 9137 0 90 9137 0 91 9137 0 92 9148 0 77 9164 0 53 9179 0 51 9290 0 52 9331 0 53 9409 0 51 9409 0 54 9490 0 52 9521 0 
TIME iteration: 299 ms
Round:18
IR: 0, 0, 0, 0, 0
9573 0 64 9573 0 65 9581 0 78 9594 0 51 9604 0 90 9604 0 91 9604 0 92 9605 0 78 9632 0 78 9642 0 54 9662 0 52 9666 0 78 9670 0 72 9670 0 73 9763 0 51 9787 0 53 9792 0 52 9889 0 54 9919 0 51 9953 0 53 9978 0 64 9978 0 65 9982 0 78 10002 0 60 10004 0 61 10005 0 78 10005 0 90 10005 0 91 10005 0 92 10008 0 72 10008 0 73 10011 0 76 10012 0 52 10031 0 78 10035 0 76 10062 0 76 10063 0 
TIME iteration: 301 ms
Round:19
IR: 0, 0, 0, 0, 0
10081 0 54 10092 0 68 10093 0 69 10096 0 76 10102 0 51 10119 0 78 10127 0 90 10127 0 91 10127 0 92 10233 0 54 10240 0 52 10290 0 51 10321 0 53 10333 0 54 10374 0 52 10461 0 54 10472 0 66 10473 0 67 10475 0 51 10481 0 79 10497 0 52 10502 0 90 10502 0 91 10502 0 92 10505 0 79 10520 0 53 10532 0 79 10547 0 75 10550 0 74 10567 0 
TIME iteration: 300 ms
Round:20
IR: 0, 0, 0, 0, 0
10605 0 54 10621 0 52 10631 0 53 10661 0 51 10746 0 52 10792 0 51 10792 0 54 10840 0 53 10840 0 67 10842 0 66 10845 0 79 10867 0 75 10867 0 90 10867 0 91 10867 0 92 10868 0 74 10869 0 79 10895 0 79 10928 0 79 10958 0 51 10966 0 52 10984 0 54 10991 0 79 11004 0 53 11118 0 51 11124 0 
TIME iteration: 299 ms
Round:21
IR: 0, 0, 0, 0, 0
11183 0 53 11215 0 66 11216 0 52 11221 0 67 11223 0 79 11237 0 75 11238 0 74 11244 0 90 11244 0 91 11244 0 92 11247 0 79 11257 0 54 11273 0 79 11300 0 51 11306 0 79 11310 0 75 11319 0 53 11321 0 74 11371 0 79 11389 0 52 11423 0 54 11447 0 53 11505 0 51 11523 0 54 11524 0 66 11524 0 67 11528 0 79 11547 0 75 11548 0 74 11548 0 90 11548 0 91 11548 0 92 11551 0 79 11577 0 79 11603 0 53 11609 0 79 11628 0 
TIME iteration: 299 ms
Round:22
IR: 0, 0, 0, 0, 0
11667 0 79 11671 0 54 11676 0 51 11764 0 52 11778 0 53 11832 0 51 11834 0 54 11883 0 53 11896 0 67 11898 0 52 11902 0 66 11904 0 79 11907 0 65 11908 0 64 11916 0 78 11917 0 75 11918 0 62 11918 0 63 11918 0 74 11925 0 90 11925 0 91 11925 0 92 11926 0 77 11928 0 79 11940 0 78 11950 0 77 11954 0 79 11967 0 78 11972 0 54 11974 0 51 11977 0 77 11987 0 79 11991 0 75 11994 0 73 11995 0 72 11998 0 74 12002 0 78 12011 0 77 12015 0 70 12023 0 53 12025 0 71 12040 0 90 12040 0 91 12040 0 92 12054 0 79 12076 0 52 12093 0 51 12122 0 
TIME iteration: 300 ms
Round:23
IR: 0, 0, 0, 0, 0
12235 0 52 12237 0 53 12242 0 51 12278 0 54 12381 0 52 12411 0 62 12413 0 63 12417 0 77 12438 0 53 12441 0 77 12441 0 90 12441 0 91 12441 0 92 12448 0 70 12449 0 71 12468 0 77 12470 0 51 12473 0 54 12499 0 52 12501 0 77 12567 0 77 12574 0 54 12590 0 53 12605 0 51 12609 0 52 12709 0 52 12719 0 
TIME iteration: 299 ms
Round:24
IR: 0, 0, 0, 0, 0
12720 0 63 12722 0 54 12723 0 77 12735 0 70 12735 0 71 12736 0 53 12737 0 51 12744 0 90 12744 0 91 12744 0 92 12746 0 77 12772 0 77 12801 0 70 12803 0 71 12804 0 77 12836 0 51 12836 0 52 12859 0 77 12869 0 54 12913 0 53 12985 0 52 13009 0 62 13009 0 63 13012 0 54 13012 0 77 13030 0 70 13031 0 71 13033 0 90 13033 0 91 13033 0 92 13035 0 77 13055 0 53 13061 0 77 13065 0 51 13091 0 52 13093 0 77 13131 0 54 13147 0 77 13197 0 51 13210 0 
TIME iteration: 300 ms
Round:25
IR: 0, 0, 0, 0, 0
13259 0 54 13315 0 53 13324 0 51 13368 0 61 13369 0 60 13377 0 76 13394 0 90 13394 0 91 13394 0 92 13401 0 76 13414 0 54 13428 0 76 13463 0 68 13463 0 76 13473 0 52 13479 0 69 13480 0 51 13496 0 53 13547 0 54 13612 0 51 13638 0 52 13649 0 61 13650 0 60 13652 0 76 13671 0 69 13672 0 68 13673 0 90 13673 0 91 13673 0 92 13675 0 76 13687 0 54 13701 0 76 13733 0 76 13736 0 53 13759 0 69 13761 0 51 13765 0 
TIME iteration: 300 ms
Round:26
IR: 0, 0, 0, 0, 0
13786 0 76 13879 0 54 13880 0 52 13897 0 53 13907 0 51 13951 0 60 13951 0 61 13955 0 76 13963 0 68 13975 0 69 13975 0 90 13975 0 91 13975 0 92 13978 0 76 13979 0 52 14004 0 76 14023 0 68 14036 0 76 14064 0 54 14092 0 76 14098 0 53 14165 0 51 14189 0 52 14195 0 
TIME iteration: 300 ms
Round:27
IR: 0, 0, 0, 0, 0
14320 0 51 14320 0 54 14332 0 53 14341 0 64 14342 0 65 14350 0 78 14351 0 61 14353 0 60 14357 0 76 14367 0 52 14367 0 90 14367 0 91 14367 0 92 14372 0 69 14374 0 78 14380 0 68 14381 0 76 14401 0 78 14408 0 76 14420 0 51 14434 0 73 14436 0 78 14437 0 72 14441 0 76 14444 0 53 14455 0 54 14461 0 69 14490 0 52 14494 0 90 14494 0 91 14494 0 92 14506 0 76 14559 0 53 14578 0 51 14659 0 52 14666 0 54 14707 0 53 14708 0 51 14799 0 
TIME iteration: 300 ms
Round:28
IR: 0, 0, 0, 0, 0
14844 0 52 14861 0 53 14879 0 65 14880 0 64 14884 0 51 14885 0 78 14900 0 60 14902 0 61 14907 0 76 14909 0 78 14910 0 90 14910 0 91 14910 0 92 14918 0 72 14919 0 73 14930 0 54 14931 0 76 14934 0 68 14936 0 78 14940 0 69 14958 0 76 14969 0 78 14988 0 51 14992 0 76 15036 0 78 15036 0 90 15036 0 91 15036 0 92 15058 0 52 15068 0 76 15084 0 54 15100 0 53 15125 0 51 15208 0 52 15213 0 54 15250 0 53 15267 0 51 15354 0 
TIME iteration: 300 ms
Round:29
IR: 0, 0, 0, 0, 0
15392 0 51 15405 0 60 15405 0 61 15409 0 62 15411 0 76 15414 0 63 15420 0 77 15433 0 90 15433 0 91 15433 0 92 15435 0 68 15435 0 76 15436 0 69 15441 0 53 15444 0 77 15462 0 76 15471 0 77 15496 0 70 15496 0 71 15496 0 76 15506 0 77 15509 0 52 15513 0 51 15538 0 54 15554 0 53 15564 0 90 15564 0 91 15564 0 92 15572 0 76 15642 0 52 15647 0 53 15742 0 51 15780 0 54 15812 0 53 15832 0 52 15893 0 
TIME iteration: 299 ms
Round:30
IR: 0, 0, 0, 0, 0
15965 0 52 15979 0 63 15981 0 62 15986 0 77 16010 0 77 16011 0 90 16011 0 91 16011 0 92 16020 0 70 16021 0 71 16025 0 54 16037 0 77 16038 0 53 16071 0 77 16120 0 51 16147 0 77 16161 0 54 16165 0 52 16167 0 53 16289 0 54 16333 0 53 16338 0 51 16349 0 66 16349 0 67 16358 0 79 16375 0 90 16375 0 91 16375 0 92 16382 0 79 16394 0 52 16395 0 54 16409 0 
TIME iteration: 299 ms
Round:31
IR: 0, 0, 0, 0, 0
16439 0 74 16444 0 79 16448 0 75 16494 0 51 16506 0 53 16509 0 54 16596 0 51 16598 0 52 16638 0 54 16647 0 66 16648 0 67 16650 0 79 16670 0 74 16671 0 75 16672 0 90 16672 0 91 16672 0 92 16673 0 79 16699 0 79 16700 0 51 16731 0 79 16748 0 52 16757 0 53 16786 0 79 16811 0 51 16817 0 54 16901 0 51 16901 0 52 16947 0 60 16948 0 61 16956 0 
TIME iteration: 299 ms
Round:32
IR: 0, 0, 0, 0, 0
16972 0 90 16972 0 91 16972 0 92 16980 0 76 16987 0 51 17006 0 52 17007 0 76 17019 0 53 17027 0 68 17027 0 69 17042 0 76 17114 0 51 17133 0 54 17157 0 53 17186 0 52 17217 0 51 17229 0 60 17229 0 61 17231 0 76 17249 0 68 17250 0 69 17253 0 90 17253 0 91 17253 0 92 17254 0 76 17280 0 76 17293 0 54 17311 0 76 17320 0 53 17325 0 51 17337 0 68 17337 0 69 17348 0 52 17362 0 76 17456 0 54 17488 0 
TIME iteration: 299 ms
Round:33
IR: 0, 0, 0, 0, 0
17523 0 53 17524 0 51 17546 0 60 17547 0 61 17550 0 76 17570 0 68 17571 0 90 17571 0 91 17571 0 92 17572 0 69 17573 0 76 17595 0 54 17599 0 76 17621 0 52 17631 0 76 17674 0 53 17686 0 76 17727 0 51 17745 0 52 17835 0 51 17872 0 52 17887 0 61 17888 0 60 17892 0 76 17901 0 54 17901 0 62 17902 0 63 17903 0 68 17903 0 69 17910 0 77 17912 0 90 17912 0 91 17912 0 92 17916 0 76 17918 0 53 17934 0 77 17942 0 76 17961 0 77 17971 0 69 17972 0 68 17975 0 76 17985 0 70 17989 0 71 17996 0 77 18012 0 
TIME iteration: 305 ms
Round:34
IR: 0, 0, 0, 0, 0
18036 0 76 18037 0 90 18037 0 91 18037 0 92 18062 0 54 18127 0 51 18149 0 53 18192 0 52 18211 0 54 18309 0 51 18335 0 54 18336 0 53 18388 0 66 18388 0 67 18397 0 79 18399 0 52 18417 0 90 18417 0 91 18417 0 92 18421 0 79 18448 0 79 18464 0 51 18469 0 75 18473 0 74 18483 0 79 18498 0 54 18508 0 
TIME iteration: 299 ms
Round:35
IR: 0, 0, 0, 0, 0
18563 0 51 18616 0 52 18630 0 53 18670 0 54 18733 0 67 18734 0 66 18737 0 79 18753 0 53 18759 0 74 18759 0 75 18759 0 90 18759 0 91 18759 0 92 18760 0 79 18777 0 52 18781 0 51 18786 0 79 18818 0 79 18843 0 54 18875 0 79 18885 0 53 18941 0 52 18990 0 53 19018 0 54 19055 0 
TIME iteration: 299 ms
Round:36
IR: 0, 0, 0, 0, 0
19107 0 52 19107 0 53 19108 0 64 19108 0 65 19116 0 78 19134 0 90 19134 0 91 19134 0 92 19140 0 78 19155 0 54 19167 0 78 19201 0 78 19206 0 73 19210 0 72 19232 0 51 19245 0 52 19270 0 54 19341 0 51 19354 0 53 19391 0 52 19391 0 54 19447 0 66 19447 0 67 19455 0 79 19472 0 90 19472 0 91 19472 0 92 19479 0 79 19489 0 74 19489 0 75 19495 0 51 19498 0 53 19506 0 79 19537 0 52 19541 0 
TIME iteration: 299 ms
Round:37
IR: 0, 0, 0, 0, 0
19623 0 51 19656 0 52 19726 0 54 19766 0 51 19772 0 53 19778 0 52 19801 0 62 19801 0 63 19809 0 77 19816 0 61 19818 0 60 19825 0 76 19826 0 90 19826 0 91 19826 0 92 19833 0 77 19849 0 76 19853 0 54 19860 0 77 19876 0 76 19887 0 70 19887 0 71 19894 0 77 19908 0 69 19910 0 76 19912 0 68 19934 0 52 19950 0 90 19950 0 91 19950 0 92 19952 0 53 19953 0 51 19961 0 54 20070 0 53 20078 0 51 20082 0 52 20103 0 
TIME iteration: 300 ms
Round:38
IR: 0, 0, 0, 0, 0
20174 0 53 20211 0 51 20219 0 54 20231 0 52 20282 0 66 20284 0 67 20286 0 60 20286 0 61 20291 0 76 20291 0 79 20309 0 90 20309 0 91 20309 0 92 20315 0 76 20315 0 79 20321 0 68 20322 0 69 20326 0 53 20334 0 75 20335 0 74 20342 0 76 20342 0 79 20370 0 52 20375 0 76 20377 0 79 20422 0 53 20431 0 51 20440 0 90 20440 0 91 20440 0 92 20441 0 76 20505 0 54 20508 0 52 20575 0 51 20618 0 52 20620 0 54 20621 0 
TIME iteration: 299 ms
Round:39
IR: 0, 0, 0, 0, 0
20712 0 51 20748 0 53 20768 0 52 20795 0 62 20795 0 63 20803 0 77 20821 0 54 20825 0 90 20825 0 91 20825 0 92 20827 0 77 20854 0 77 20859 0 71 20860 0 70 20888 0 77 20900 0 51 20909 0 53 20920 0 52 20979 0 54 21041 0 53 21051 0 52 21078 0 51 21112 0 63 21114 0 62 21116 0 77 21134 0 70 21135 0 71 21138 0 90 21138 0 91 21138 0 92 21139 0 77 21165 0 77 21183 0 54 21197 0 77 21198 0 
TIME iteration: 299 ms
Round:40
IR: 0, 0, 0, 0, 0
21204 0 53 21236 0 70 21251 0 51 21251 0 77 21313 0 52 21339 0 53 21345 0 54 21366 0 51 21382 0 63 21384 0 62 21386 0 77 21393 0 71 21405 0 70 21406 0 90 21406 0 91 21406 0 92 21409 0 77 21435 0 77 21449 0 71 21467 0 77 21481 0 53 21487 0 51 21508 0 52 21521 0 77 21572 0 54 21598 0 51 21606 0 53 21702 0 53 21713 0 54 21720 0 64 21720 0 65 21728 0 78 21729 0 
TIME iteration: 299 ms
Round:41
IR: 0, 0, 0, 0, 0
21745 0 90 21745 0 91 21745 0 92 21752 0 78 21779 0 78 21786 0 51 21811 0 73 21813 0 78 21815 0 72 21847 0 52 21855 0 54 21861 0 53 21958 0 51 21972 0 54 21989 0 52 22027 0 53 22057 0 64 22057 0 65 22060 0 78 22082 0 72 22082 0 73 22082 0 90 22082 0 91 22082 0 92 22083 0 78 22097 0 52 22109 0 78 22141 0 78 22172 0 51 22176 0 54 22195 0 78 22216 0 53 22227 0 
TIME iteration: 300 ms
Round:42
IR: 0, 0, 0, 0, 0
22314 0 52 22346 0 53 22347 0 51 22369 0 62 22369 0 63 22377 0 77 22393 0 90 22393 0 91 22393 0 92 22401 0 77 22403 0 54 22421 0 52 22427 0 70 22428 0 77 22429 0 71 22462 0 77 22490 0 51 22521 0 53 22554 0 54 22635 0 51 22642 0 52 22733 0 54 22744 0 
TIME iteration: 299 ms
Round:43
IR: 0, 0, 0, 0, 0
22801 0 52 22802 0 66 22803 0 67 22812 0 79 22814 0 62 22814 0 63 22819 0 77 22829 0 90 22829 0 91 22829 0 92 22836 0 79 22837 0 54 22843 0 77 22844 0 70 22846 0 51 22846 0 71 22863 0 79 22870 0 77 22894 0 74 22894 0 75 22898 0 79 22903 0 77 22910 0 53 22919 0 52 22957 0 90 22957 0 91 22957 0 92 22969 0 77 23040 0 54 23068 0 51 23082 0 53 23108 0 52 23191 0 54 23218 0 53 23278 0 54 23294 0 67 23295 0 66 23300 0 
TIME iteration: 299 ms
Round:44
IR: 0, 0, 0, 0, 0
23324 0 79 23324 0 90 23324 0 91 23324 0 92 23330 0 74 23330 0 75 23341 0 51 23351 0 79 23371 0 52 23385 0 79 23470 0 54 23483 0 51 23556 0 53 23571 0 52 23599 0 54 23627 0 51 23651 0 66 23652 0 67 23655 0 79 23671 0 74 23671 0 75 23677 0 90 23677 0 91 23677 0 92 23678 0 79 23693 0 52 23704 0 79 23725 0 54 23736 0 79 23749 0 53 23749 0 75 23755 0 74 23774 0 51 23793 0 79 23825 0 52 23843 0 
TIME iteration: 299 ms
Round:45
IR: 0, 0, 0, 0, 0
23881 0 66 23881 0 67 23884 0 79 23899 0 53 23899 0 74 23899 0 75 23904 0 90 23904 0 91 23904 0 92 23907 0 79 23925 0 51 23933 0 79 23941 0 52 23965 0 79 23972 0 74 23972 0 75 24020 0 79 24033 0 53 24034 0 54 24070 0 52 24135 0 51 24168 0 54 24171 0 53 24181 0 66 24182 0 67 24185 0 79 24204 0 74 24204 0 75 24205 0 90 24205 0 91 24205 0 92 24208 0 79 24234 0 79 24240 0 52 24266 0 79 24290 0 53 24300 0 54 24324 0 79 24325 0 51 24366 0 
TIME iteration: 299 ms
Round:46
IR: 0, 0, 0, 0, 0
24423 0 53 24442 0 51 24444 0 54 24466 0 52 24506 0 62 24507 0 63 24515 0 77 24518 0 53 24530 0 65 24531 0 64 24531 0 90 24531 0 91 24531 0 92 24539 0 77 24539 0 78 24563 0 78 24566 0 77 24567 0 52 24587 0 70 24589 0 51 24589 0 71 24590 0 78 24601 0 77 24610 0 54 24621 0 72 24622 0 73 24625 0 78 24634 0 53 24652 0 90 24652 0 91 24652 0 92 24674 0 52 24748 0 51 24778 0 53 24786 0 52 24881 0 
TIME iteration: 299 ms
Round:47
IR: 0, 0, 0, 0, 0
24912 0 51 24912 0 54 24932 0 62 24934 0 63 24937 0 77 24940 0 53 24960 0 77 24961 0 90 24961 0 91 24961 0 92 24964 0 71 24965 0 70 24986 0 77 25018 0 77 25057 0 51 25071 0 53 25074 0 77 25078 0 54 25086 0 52 25181 0 51 25220 0 52 25297 0 62 25297 0 63 25298 0 51 25301 0 77 25309 0 60 25310 0 61 25316 0 70 25316 0 71 25318 0 76 25322 0 53 25323 0 54 25323 0 90 25323 0 91 25323 0 92 25324 0 77 25334 0 52 25342 0 76 25350 0 77 25369 0 76 25379 0 51 25382 0 77 25394 0 71 25398 0 70 25404 0 76 25409 0 69 25419 0 68 25438 0 
TIME iteration: 300 ms
Round:48
IR: 0, 0, 0, 0, 0
25442 0 52 25450 0 90 25450 0 91 25450 0 92 25479 0 51 25487 0 54 25502 0 53 25573 0 52 25591 0 51 25632 0 54 25689 0 53 25732 0 54 25737 0 52 25746 0 51 25773 0 66 25774 0 67 25782 0 79 25786 0 60 25787 0 61 25792 0 76 25803 0 90 25803 0 91 25803 0 92 25806 0 79 25816 0 76 25822 0 68 25822 0 69 25833 0 79 25843 0 76 25852 0 54 25853 0 74 25855 0 75 25858 0 53 25868 0 79 25876 0 76 25884 0 51 25890 0 52 25932 0 90 25932 0 91 25932 0 92 25943 0 
TIME iteration: 299 ms
Round:49
IR: 0, 0, 0, 0, 0
25986 0 54 26014 0 51 26018 0 52 26098 0 53 26148 0 52 26155 0 51 26157 0 54 26255 0 53 26279 0 52 26294 0 62 26295 0 63 26302 0 77 26316 0 54 26324 0 90 26324 0 91 26324 0 92 26326 0 77 26331 0 51 26353 0 77 26357 0 71 26358 0 70 26387 0 77 26431 0 52 26450 0 53 26453 0 54 26479 0 
TIME iteration: 299 ms
Round:50
IR: 0, 0, 0, 0, 0
26593 0 52 26610 0 53 26638 0 51 26645 0 62 26648 0 63 26650 0 77 26671 0 70 26671 0 71 26672 0 90 26672 0 91 26672 0 92 26673 0 77 26675 0 54 26699 0 77 26731 0 77 26747 0 52 26778 0 51 26786 0 77 26794 0 54 26820 0 53 26904 0 52 26931 0 51 26944 0 54 26949 0 
TIME iteration: 303 ms
Round:51
IR: 0, 0, 0, 0, 0
27085 0 52 27096 0 62 27097 0 63 27102 0 77 27104 0 54 27108 0 66 27108 0 67 27109 0 53 27115 0 64 27115 0 65 27117 0 79 27121 0 71 27122 0 70 27123 0 78 27124 0 90 27124 0 91 27124 0 92 27126 0 77 27141 0 79 27147 0 78 27153 0 77 27168 0 79 27172 0 51 27174 0 78 27181 0 75 27184 0 74 27186 0 77 27203 0 79 27208 0 78 27211 0 72 27222 0 73 27237 0 53 27239 0 90 27239 0 91 27239 0 92 27253 0 77 27288 0 54 27292 0 51 27319 0 52 27393 0 54 27432 0 53 27449 0 51 27466 0 52 27497 0 54 27531 0 66 27532 0 67 27536 0 79 27559 0 90 27559 0 91 27559 0 
TIME iteration: 300 ms
Round:52
IR: 0, 0, 0, 0, 0
27560 0 79 27562 0 74 27562 0 75 27586 0 79 27591 0 53 27592 0 54 27599 0 51 27619 0 79 27631 0 52 27684 0 79 27698 0 53 27725 0 54 27745 0 51 27776 0 52 27810 0 53 27838 0 51 27857 0 64 27859 0 65 27865 0 78 27872 0 60 27872 0 61 27880 0 76 27883 0 90 27883 0 91 27883 0 92 27889 0 78 27904 0 76 27909 0 72 27910 0 73 27916 0 78 27920 0 53 27931 0 76 27933 0 52 27950 0 78 27961 0 69 27964 0 68 27965 0 76 27988 0 51 27999 0 54 28008 0 90 28008 0 91 28008 0 92 28063 0 
TIME iteration: 299 ms
Round:53
IR: 0, 0, 0, 0, 0
28099 0 53 28135 0 54 28155 0 51 28187 0 52 28293 0 51 28297 0 54 28314 0 53 28375 0 60 28386 0 76 28388 0 61 28393 0 51 28394 0 52 28409 0 76 28412 0 90 28412 0 91 28412 0 92 28420 0 68 28420 0 69 28435 0 76 28457 0 54 28467 0 76 28523 0 76 28528 0 52 28557 0 
TIME iteration: 299 ms
Round:54
IR: 0, 0, 0, 0, 0
28623 0 53 28640 0 51 28660 0 54 28697 0 67 28698 0 66 28706 0 52 28706 0 79 28722 0 90 28722 0 91 28722 0 92 28730 0 79 28743 0 53 28757 0 79 28762 0 75 28766 0 74 28770 0 54 28792 0 79 28824 0 51 28843 0 52 28906 0 53 28923 0 51 28924 0 54 28999 0 52 29055 0 51 29059 0 53 29068 0 60 29068 0 61 29075 0 76 29094 0 90 29094 0 91 29094 0 92 29099 0 76 29109 0 69 29111 0 68 29113 0 52 29126 0 76 29148 0 
TIME iteration: 299 ms
Round:55
IR: 0, 0, 0, 0, 0
29160 0 76 29230 0 53 29231 0 52 29265 0 51 29337 0 54 29345 0 52 29347 0 53 29398 0 62 29400 0 63 29407 0 77 29424 0 90 29424 0 91 29424 0 92 29431 0 77 29450 0 54 29458 0 77 29486 0 70 29490 0 71 29492 0 51 29492 0 77 29514 0 52 29549 0 53 29594 0 54 29625 0 
TIME iteration: 299 ms
Round:56
IR: 0, 0, 0, 0, 0
29703 0 52 29752 0 63 29754 0 62 29756 0 77 29775 0 54 29778 0 90 29778 0 91 29778 0 92 29779 0 71 29779 0 77 29780 0 70 29803 0 53 29805 0 77 29837 0 77 29841 0 51 29891 0 77 29901 0 52 29928 0 54 29946 0 51 30009 0 53 30054 0 52 30093 0 54 30137 0 62 30144 0 51 30147 0 77 30150 0 63 30164 0 70 30164 0 71 30169 0 90 30169 0 91 30169 0 92 30170 0 53 30170 0 77 30196 0 
TIME iteration: 299 ms
Round:57
IR: 0, 0, 0, 0, 0
30228 0 77 30244 0 52 30253 0 70 30255 0 71 30282 0 77 30304 0 54 30305 0 53 30406 0 51 30440 0 52 30459 0 54 30466 0 53 30468 0 63 30469 0 62 30472 0 77 30493 0 90 30493 0 91 30493 0 92 30494 0 70 30494 0 71 30495 0 77 30521 0 77 30533 0 52 30553 0 77 30559 0 51 30597 0 54 30608 0 77 30628 0 53 30688 0 52 30737 0 
TIME iteration: 299 ms
Round:58
IR: 0, 0, 0, 0, 0
30760 0 53 30818 0 51 30878 0 54 30887 0 66 30887 0 67 30896 0 79 30901 0 52 30913 0 90 30913 0 91 30913 0 92 30915 0 53 30920 0 79 30947 0 79 30977 0 75 30981 0 74 30982 0 51 30982 0 79 31037 0 54 31058 0 53 31147 0 51 31159 0 54 31176 0 53 31183 0 67 31185 0 66 31187 0 79 31206 0 74 31207 0 75 31208 0 90 31208 0 91 31208 0 92 31210 0 79 31214 0 52 31236 0 79 31268 0 
TIME iteration: 299 ms
Round:59
IR: 0, 0, 0, 0, 0
31306 0 54 31313 0 51 31325 0 79 31330 0 53 31369 0 52 31453 0 51 31465 0 54 31477 0 52 31532 0 53 31545 0 63 31546 0 62 31553 0 77 31571 0 90 31571 0 91 31571 0 92 31574 0 54 31577 0 77 31604 0 77 31606 0 71 31609 0 70 31617 0 51 31618 0 52 31638 0 77 31679 0 54 31698 0 53 31798 0 
TIME iteration: 298 ms
Round:60
IR: 0, 0, 0, 0, 0
31830 0 52 31842 0 51 31944 0 53 31945 0 54 31948 0 66 31948 0 67 31956 0 79 31974 0 90 31974 0 91 31974 0 92 31980 0 79 31992 0 74 31994 0 75 32007 0 79 32042 0 79 32097 0 54 32098 0 52 32134 0 51 32142 0 53 32279 0 51 32291 0 53 32308 0 54 32318 0 
TIME iteration: 298 ms
Round:61
IR: 0, 0, 0, 0, 0
32368 0 67 32370 0 66 32374 0 79 32395 0 74 32395 0 75 32396 0 90 32396 0 91 32396 0 92 32398 0 79 32425 0 79 32430 0 52 32433 0 54 32443 0 51 32458 0 79 32499 0 53 32536 0 79 32553 0 52 32599 0 54 32612 0 51 32651 0 53 32662 0 52 32700 0 63 32701 0 62 32708 0 77 32725 0 90 32725 0 91 32725 0 92 32732 0 77 32742 0 54 32759 0 77 32767 0 70 32769 0 71 32789 0 51 32793 0 77 32804 0 53 32812 0 
TIME iteration: 299 ms
Round:62
IR: 0, 0, 0, 0, 0
32899 0 54 32904 0 51 32972 0 53 32996 0 51 33021 0 61 33022 0 60 33030 0 76 33046 0 90 33046 0 91 33046 0 92 33054 0 76 33081 0 76 33099 0 51 33110 0 68 33116 0 76 33119 0 69 33132 0 54 33137 0 52 33165 0 53 33241 0 54 33346 0 53 33353 0 51 33360 0 54 33379 0 66 33379 0 67 33387 0 79 33389 0 
TIME iteration: 299 ms
Round:63
IR: 0, 0, 0, 0, 0
33404 0 90 33404 0 91 33404 0 92 33411 0 79 33436 0 74 33438 0 79 33439 0 75 33464 0 51 33473 0 79 33477 0 54 33519 0 53 33558 0 52 33630 0 51 33640 0 53 33642 0 54 33657 0 52 33734 0 66 33742 0 79 33764 0 63 33765 0 90 33765 0 91 33765 0 92 33771 0 79 33772 0 53 33776 0 51 33780 0 52 33781 0 77 33790 0 54 33813 0 77 33813 0 79 33866 0 77 33899 0 
TIME iteration: 299 ms
Round:64
IR: 0, 0, 0, 0, 0
33923 0 52 34038 0 53 34060 0 54 34083 0 52 34096 0 51 34131 0 63 34136 0 62 34138 0 77 34159 0 90 34159 0 91 34159 0 92 34162 0 77 34167 0 70 34168 0 71 34188 0 77 34221 0 77 34244 0 53 34266 0 54 34282 0 77 34309 0 51 34309 0 52 34427 0 53 34440 0 
TIME iteration: 299 ms
Round:65
IR: 0, 0, 0, 0, 0
34468 0 54 34471 0 51 34497 0 62 34499 0 63 34503 0 77 34518 0 71 34519 0 70 34523 0 90 34523 0 91 34523 0 92 34527 0 77 34554 0 77 34577 0 54 34580 0 53 34586 0 52 34587 0 77 34607 0 71 34610 0 70 34632 0 51 34652 0 77 34661 0 54 34709 0 52 34734 0 62 34735 0 63 34737 0 77 34743 0 51 34753 0 70 34753 0 71 34757 0 90 34757 0 91 34757 0 92 34760 0 77 34762 0 53 34762 0 54 34786 0 77 34817 0 77 34825 0 70 34827 0 71 34838 0 51 34847 0 52 34868 0 77 34916 0 54 34939 0 
TIME iteration: 299 ms
Round:66
IR: 0, 0, 0, 0, 0
34984 0 52 34998 0 51 35004 0 62 35004 0 63 35007 0 77 35024 0 71 35025 0 70 35027 0 90 35027 0 91 35027 0 92 35030 0 77 35056 0 77 35058 0 53 35061 0 54 35088 0 77 35106 0 71 35142 0 77 35148 0 51 35194 0 52 35283 0 51 35336 0 54 35349 0 52 35355 0 53 35373 0 62 35374 0 63 35378 0 77 35391 0 70 35399 0 90 35399 0 91 35399 0 92 35402 0 71 35402 0 77 35423 0 51 35428 0 77 35461 0 77 35463 0 
TIME iteration: 299 ms
Round:67
IR: 0, 0, 0, 0, 0
35516 0 52 35522 0 77 35586 0 54 35602 0 53 35607 0 51 35607 0 52 35642 0 62 35642 0 63 35645 0 77 35653 0 71 35662 0 70 35665 0 90 35665 0 91 35665 0 92 35668 0 77 35694 0 77 35710 0 71 35726 0 77 35739 0 54 35759 0 70 35762 0 52 35779 0 53 35780 0 77 35791 0 51 35871 0 54 35882 0 53 35888 0 52 35908 0 62 35909 0 63 35912 0 77 35927 0 71 35929 0 70 35932 0 90 35932 0 91 35932 0 92 35935 0 77 35961 0 77 35985 0 53 35993 0 77 36001 0 71 36007 0 54 36012 0 70 36036 0 
TIME iteration: 304 ms
Round:68
IR: 0, 0, 0, 0, 0
36047 0 77 36052 0 52 36140 0 53 36179 0 51 36180 0 54 36241 0 52 36257 0 63 36258 0 62 36262 0 77 36275 0 51 36282 0 90 36282 0 91 36282 0 92 36284 0 71 36286 0 70 36286 0 77 36290 0 54 36312 0 77 36345 0 77 36356 0 52 36359 0 53 36406 0 77 36422 0 51 36482 0 53 36486 0 54 36524 0 
TIME iteration: 299 ms
Round:69
IR: 0, 0, 0, 0, 0
36602 0 61 36603 0 52 36607 0 60 36613 0 76 36627 0 53 36627 0 54 36630 0 90 36630 0 91 36630 0 92 36637 0 76 36654 0 51 36664 0 76 36697 0 69 36699 0 76 36706 0 68 36747 0 54 36775 0 53 36829 0 51 36833 0 52 36873 0 54 36923 0 53 36990 0 51 36998 0 53 36998 0 60 36998 0 61 36999 0 64 36999 0 65 37002 0 76 37007 0 78 37012 0 52 37018 0 54 37022 0 66 37022 0 67 37022 0 90 37022 0 91 37022 0 92 37025 0 76 37028 0 69 37029 0 68 37031 0 78 37031 0 79 37051 0 76 37055 0 79 37058 0 78 37082 0 79 37083 0 76 37090 0 72 37092 0 
TIME iteration: 300 ms
Round:70
IR: 0, 0, 0, 0, 0
37100 0 73 37112 0 74 37117 0 79 37118 0 53 37121 0 75 37136 0 54 37136 0 90 37136 0 91 37136 0 92 37139 0 76 37148 0 51 37153 0 52 37234 0 54 37267 0 51 37268 0 53 37356 0 52 37399 0 53 37405 0 54 37464 0 51 37488 0 52 37497 0 64 37508 0 78 37534 0 62 37536 0 90 37536 0 91 37536 0 92 37538 0 78 37552 0 77 37577 0 54 37582 0 78 37584 0 77 37596 0 53 37601 0 
TIME iteration: 300 ms
Round:71
IR: 0, 0, 0, 0, 0
37639 0 77 37659 0 51 37723 0 52 37725 0 53 37773 0 54 37836 0 51 37900 0 52 37909 0 53 37917 0 54 37921 0 62 37923 0 63 37927 0 77 37939 0 65 37940 0 64 37945 0 78 37947 0 66 37947 0 67 37948 0 90 37948 0 91 37948 0 92 37951 0 77 37955 0 79 37958 0 70 37959 0 71 37969 0 78 37971 0 72 37971 0 73 37978 0 77 37979 0 79 37996 0 78 38006 0 75 38006 0 79 38009 0 74 38011 0 77 38020 0 53 38029 0 78 38041 0 79 38046 0 51 38057 0 52 38061 0 90 38061 0 91 38061 0 92 38077 0 77 38096 0 78 38100 0 54 38133 0 
TIME iteration: 300 ms
Round:72
IR: 0, 0, 0, 0, 0
38165 0 51 38199 0 52 38247 0 53 38307 0 51 38308 0 54 38354 0 52 38411 0 53 38422 0 54 38431 0 64 38432 0 65 38437 0 78 38444 0 51 38451 0 66 38452 0 67 38453 0 61 38454 0 60 38457 0 79 38460 0 72 38460 0 90 38460 0 91 38460 0 92 38461 0 73 38461 0 78 38462 0 76 38478 0 52 38481 0 79 38485 0 74 38486 0 75 38486 0 76 38488 0 78 38508 0 79 38513 0 76 38514 0 53 38521 0 78 38529 0 69 38531 0 68 38542 0 79 38548 0 76 38574 0 90 38574 0 91 38574 0 92 38582 0 54 38588 0 78 38608 0 52 38610 0 
TIME iteration: 300 ms
Round:73
IR: 0, 0, 0, 0, 0
38712 0 53 38756 0 51 38770 0 52 38839 0 54 38850 0 53 38953 0 53 38955 0 51 38958 0 64 38959 0 65 38965 0 78 38988 0 90 38988 0 91 38988 0 92 38989 0 78 38990 0 72 38990 0 73 38998 0 52 39014 0 54 39016 0 78 39050 0 78 39064 0 53 39085 0 51 39131 0 78 39161 0 54 39181 0 52 39183 0 51 39185 0 
TIME iteration: 299 ms
Round:74
IR: 0, 0, 0, 0, 0
39295 0 52 39302 0 51 39312 0 61 39313 0 60 39320 0 76 39321 0 53 39326 0 64 39326 0 65 39331 0 78 39338 0 90 39338 0 91 39338 0 92 39344 0 76 39345 0 72 39345 0 73 39355 0 54 39355 0 78 39368 0 68 39368 0 69 39371 0 76 39382 0 78 39399 0 52 39405 0 76 39415 0 78 39422 0 72 39430 0 73 39454 0 53 39464 0 90 39464 0 91 39464 0 92 39476 0 51 39480 0 78 39517 0 54 39525 0 52 39567 0 53 39621 0 51 39647 0 52 39664 0 54 39711 0 
TIME iteration: 299 ms
Round:75
IR: 0, 0, 0, 0, 0
39768 0 51 39829 0 60 39832 0 61 39834 0 53 39836 0 76 39837 0 64 39837 0 65 39843 0 78 39859 0 90 39859 0 91 39859 0 92 39860 0 76 39863 0 51 39866 0 68 39866 0 69 39867 0 78 39874 0 72 39876 0 73 39881 0 54 39887 0 76 39889 0 52 39894 0 78 39920 0 76 39928 0 78 39984 0 54 39987 0 76 39991 0 90 39991 0 91 39991 0 92 39995 0 53 40004 0 51 40004 0 78 40111 0 54 40129 0 53 40198 0 51 40201 0 52 40223 0 54 40239 0 
TIME iteration: 299 ms
Round:76
IR: 0, 0, 0, 0, 0
40319 0 65 40331 0 64 40331 0 78 40340 0 54 40344 0 66 40344 0 67 40353 0 52 40353 0 79 40355 0 78 40355 0 90 40355 0 91 40355 0 92 40356 0 72 40356 0 73 40377 0 79 40382 0 78 40384 0 51 40399 0 53 40404 0 79 40415 0 78 40428 0 75 40431 0 74 40439 0 79 40482 0 90 40482 0 91 40482 0 92 40483 0 78 40488 0 54 40527 0 52 40542 0 51 40542 0 53 40604 0 54 40648 0 53 40705 0 54 40742 0 52 40780 0 67 40787 0 66 40789 0 
TIME iteration: 300 ms
Round:77
IR: 0, 0, 0, 0, 0
40812 0 90 40812 0 91 40812 0 92 40813 0 79 40816 0 74 40817 0 75 40823 0 51 40826 0 54 40830 0 53 40840 0 79 40854 0 52 40873 0 79 40958 0 52 40980 0 54 40981 0 53 40990 0 51 41093 0 53 41124 0 54 41143 0 64 41144 0 65 41145 0 52 41151 0 78 41152 0 67 41153 0 66 41156 0 79 41169 0 90 41169 0 91 41169 0 92 41172 0 51 41172 0 74 41174 0 75 41175 0 78 41179 0 79 41190 0 73 41194 0 72 41202 0 78 41205 0 79 41215 0 53 41236 0 78 41237 0 79 41255 0 74 41275 0 54 41292 0 52 41296 0 79 41297 0 90 41297 0 91 41297 0 
TIME iteration: 300 ms
Round:78
IR: 0, 0, 0, 0, 0
41383 0 51 41443 0 54 41495 0 52 41518 0 53 41560 0 54 41587 0 51 41657 0 52 41726 0 62 41727 0 63 41735 0 77 41757 0 90 41757 0 91 41757 0 92 41759 0 77 41776 0 51 41778 0 53 41786 0 77 41795 0 54 41819 0 71 41821 0 52 41821 0 77 41838 0 
TIME iteration: 298 ms
Round:79
IR: 0, 0, 0, 0, 0
41890 0 51 41933 0 54 41940 0 53 42090 0 52 42095 0 54 42113 0 53 42135 0 67 42136 0 66 42144 0 79 42162 0 51 42162 0 90 42162 0 91 42162 0 92 42168 0 79 42192 0 75 42195 0 79 42200 0 74 42230 0 79 42241 0 54 42264 0 53 42270 0 51 42291 0 52 42371 0 
TIME iteration: 299 ms
Round:80
IR: 0, 0, 0, 0, 0
42405 0 51 42406 0 53 42468 0 66 42475 0 79 42478 0 67 42496 0 74 42496 0 75 42498 0 79 42498 0 90 42498 0 91 42498 0 92 42517 0 54 42524 0 79 42529 0 52 42547 0 53 42555 0 79 42601 0 51 42608 0 79 42655 0 53 42692 0 54 42721 0 52 42738 0 51 42801 0 53 42835 0 65 42836 0 64 42841 0 54 42844 0 78 42860 0 52 42861 0 90 42861 0 91 42861 0 92 42868 0 78 42895 0 51 42895 0 78 42913 0 73 42916 0 
TIME iteration: 299 ms
Round:81
IR: 0, 0, 0, 0, 0
42930 0 78 42961 0 54 42962 0 53 43066 0 52 43073 0 54 43091 0 51 43198 0 53 43204 0 54 43211 0 66 43212 0 67 43219 0 79 43237 0 90 43237 0 91 43237 0 92 43243 0 79 43249 0 52 43256 0 74 43257 0 75 43270 0 79 43301 0 53 43304 0 79 43376 0 54 43400 0 51 43425 0 
TIME iteration: 299 ms
Round:82
IR: 0, 0, 0, 0, 0
43476 0 52 43537 0 51 43543 0 53 43562 0 64 43563 0 65 43569 0 78 43588 0 90 43588 0 91 43588 0 92 43593 0 78 43611 0 73 43612 0 72 43618 0 52 43618 0 54 43620 0 78 43654 0 78 43689 0 53 43694 0 51 43735 0 78 43749 0 52 43806 0 54 43833 0 51 43875 0 53 43907 0 52 43944 0 65 43946 0 64 43950 0 78 43953 0 63 43954 0 62 43962 0 77 43969 0 73 43970 0 72 43971 0 90 43971 0 91 43971 0 92 43974 0 78 43986 0 
TIME iteration: 300 ms
Round:83
IR: 0, 0, 0, 0, 0
44001 0 78 44006 0 51 44008 0 54 44013 0 77 44034 0 78 44037 0 71 44048 0 70 44048 0 77 44056 0 53 44095 0 52 44099 0 78 44099 0 90 44099 0 91 44099 0 92 44133 0 51 44198 0 52 44202 0 54 44258 0 53 44370 0 52 44378 0 51 44389 0 53 44415 0 54 44483 0 52 44487 0 62 44488 0 63 44493 0 77 44517 0 77 44518 0 90 44518 0 91 44518 0 92 44519 0 
TIME iteration: 299 ms
Round:84
IR: 0, 0, 0, 0, 0
44522 0 51 44525 0 70 44527 0 71 44544 0 77 44577 0 77 44614 0 52 44614 0 54 44637 0 53 44642 0 51 44644 0 77 44734 0 54 44748 0 53 44783 0 51 44833 0 52 44841 0 54 44855 0 67 44856 0 66 44860 0 53 44861 0 64 44861 0 65 44864 0 79 44869 0 78 44876 0 60 44881 0 61 44881 0 90 44881 0 91 44881 0 92 44887 0 76 44888 0 79 44893 0 78 44911 0 76 44914 0 73 44915 0 79 44916 0 72 44920 0 78 44934 0 74 44938 0 76 44940 0 75 44948 0 51 44950 0 79 44954 0 78 44959 0 52 44960 0 53 44973 0 76 44977 0 69 44979 0 54 44980 0 68 44995 0 90 44995 0 91 44995 0 
TIME iteration: 308 ms
Round:85
IR: 0, 0, 0, 0, 0
45060 0 53 45118 0 51 45122 0 54 45164 0 52 45240 0 53 45246 0 54 45281 0 51 45366 0 52 45414 0 53 45431 0 51 45434 0 64 45434 0 65 45435 0 60 45435 0 61 45440 0 78 45441 0 54 45441 0 76 45449 0 66 45449 0 67 45456 0 79 45459 0 90 45459 0 91 45459 0 92 45464 0 78 45465 0 76 45472 0 73 45473 0 72 45475 0 68 45476 0 69 45480 0 79 45491 0 78 45492 0 74 45492 0 75 45492 0 76 45507 0 79 45525 0 78 45526 0 76 45541 0 79 45542 0 52 45545 0 53 45571 0 54 45575 0 90 45575 0 91 45575 0 
TIME iteration: 300 ms
Round:86
IR: 0, 0, 0, 0, 0
45586 0 51 45601 0 78 45602 0 76 45654 0 53 45675 0 52 45730 0 54 45783 0 53 45828 0 51 45887 0 54 45911 0 52 45912 0 53 45926 0 64 45927 0 65 45932 0 78 45955 0 90 45955 0 91 45955 0 92 45956 0 78 45957 0 72 45958 0 73 45975 0 51 45983 0 78 46016 0 78 46024 0 53 46043 0 52 46061 0 54 46083 0 
TIME iteration: 299 ms
Round:87
IR: 0, 0, 0, 0, 0
46148 0 53 46157 0 51 46212 0 54 46215 0 52 46266 0 53 46272 0 64 46273 0 65 46277 0 78 46291 0 72 46291 0 73 46298 0 90 46298 0 91 46298 0 92 46301 0 78 46327 0 78 46330 0 51 46332 0 54 46360 0 78 46365 0 72 46366 0 73 46421 0 78 46437 0 53 46455 0 52 46493 0 54 46534 0 51 46575 0 53 46586 0 64 46587 0 65 46590 0 78 46608 0 54 46610 0 72 46611 0 73 46611 0 90 46611 0 91 46611 0 92 46613 0 78 46639 0 
TIME iteration: 299 ms
Round:88
IR: 0, 0, 0, 0, 0
46657 0 52 46671 0 78 46697 0 51 46718 0 53 46726 0 78 46815 0 54 46825 0 52 46894 0 51 46909 0 53 46954 0 54 46960 0 52 46991 0 62 46992 0 63 47000 0 77 47010 0 67 47011 0 66 47012 0 51 47014 0 65 47018 0 90 47018 0 91 47018 0 92 47019 0 79 47024 0 77 47025 0 78 47043 0 79 47051 0 77 47055 0 78 47070 0 53 47070 0 79 47083 0 70 47085 0 71 47086 0 77 47088 0 74 47088 0 75 47089 0 54 47099 0 78 47105 0 79 47135 0 90 47135 0 91 47135 0 92 47137 0 52 47149 0 
TIME iteration: 300 ms
Round:89
IR: 0, 0, 0, 0, 0
47228 0 53 47228 0 54 47303 0 52 47350 0 54 47359 0 53 47421 0 51 47463 0 54 47465 0 52 47473 0 66 47473 0 67 47478 0 79 47502 0 79 47502 0 90 47502 0 91 47502 0 92 47506 0 74 47506 0 75 47529 0 79 47563 0 79 47568 0 53 47572 0 51 47595 0 54 47598 0 52 47639 0 
TIME iteration: 299 ms
Round:90
IR: 0, 0, 0, 0, 0
47702 0 54 47711 0 53 47725 0 52 47762 0 51 47833 0 53 47855 0 64 47856 0 65 47863 0 78 47879 0 52 47882 0 90 47882 0 91 47882 0 92 47887 0 78 47903 0 54 47906 0 72 47908 0 73 47914 0 78 47924 0 53 47944 0 51 47948 0 78 48007 0 52 48024 0 54 48027 0 53 48086 0 51 48137 0 54 48155 0 52 48161 0 53 48173 0 64 48174 0 65 48176 0 78 48192 0 66 48192 0 67 48193 0 72 48193 0 73 48198 0 90 48198 0 91 48198 0 92 48199 0 78 48200 0 79 48224 0 79 48225 0 
TIME iteration: 300 ms
Round:91
IR: 0, 0, 0, 0, 0
48237 0 74 48237 0 75 48250 0 51 48251 0 79 48257 0 54 48257 0 78 48258 0 53 48277 0 73 48278 0 72 48286 0 79 48310 0 78 48321 0 90 48321 0 91 48321 0 92 48375 0 52 48375 0 53 48375 0 54 48404 0 51 48512 0 53 48516 0 52 48572 0 51 48592 0 54 48631 0 52 48650 0 53 48664 0 62 48664 0 63 48672 0 64 48672 0 65 48672 0 77 48678 0 78 48693 0 90 48693 0 91 48693 0 92 48696 0 77 48702 0 78 48709 0 72 48711 0 73 48723 0 77 48728 0 51 48729 0 78 48733 0 52 48737 0 54 48747 0 70 48747 0 71 48757 0 
TIME iteration: 299 ms
Round:92
IR: 0, 0, 0, 0, 0
48763 0 78 48817 0 52 48825 0 90 48825 0 91 48825 0 92 48833 0 53 48839 0 78 48885 0 51 48914 0 54 48930 0 52 48991 0 51 49029 0 53 49031 0 54 49063 0 52 49165 0 51 49184 0 54 49199 0 61 49200 0 60 49204 0 66 49204 0 67 49208 0 76 49212 0 79 49225 0 52 49227 0 90 49227 0 91 49227 0 92 49231 0 53 49232 0 76 49236 0 79 49259 0 76 49263 0 79 49264 0 74 49265 0 75 49275 0 51 49288 0 
TIME iteration: 299 ms
Round:93
IR: 0, 0, 0, 0, 0
49294 0 76 49296 0 69 49298 0 79 49359 0 90 49359 0 91 49359 0 92 49364 0 53 49366 0 54 49368 0 51 49418 0 52 49486 0 53 49487 0 51 49489 0 54 49607 0 52 49649 0 53 49704 0 51 49708 0 54 49779 0 60 49780 0 53 49782 0 64 49782 0 65 49787 0 61 49789 0 76 49790 0 78 49800 0 52 49808 0 90 49808 0 91 49808 0 92 49813 0 76 49814 0 
TIME iteration: 299 ms
Round:94
IR: 0, 0, 0, 0, 0
49823 0 68 49825 0 69 49839 0 51 49840 0 76 49841 0 78 49843 0 54 49845 0 72 49845 0 73 49873 0 76 49875 0 78 49911 0 53 49940 0 90 49940 0 91 49940 0 92 49942 0 76 49951 0 52 49960 0 51 50067 0 51 50117 0 54 50149 0 52 50172 0 53 50184 0 51 50242 0 54 50247 0 61 50249 0 60 50254 0 76 50276 0 69 50277 0 68 50277 0 90 50277 0 91 50277 0 92 50278 0 76 50305 0 76 50339 0 
TIME iteration: 299 ms
Round:95
IR: 0, 0, 0, 0, 0
50366 0 53 50391 0 52 50398 0 51 50414 0 76 50454 0 54 50531 0 53 50533 0 51 50599 0 52 50617 0 54 50635 0 61 50641 0 51 50642 0 60 50644 0 76 50656 0 53 50659 0 69 50660 0 68 50665 0 90 50665 0 91 50665 0 92 50668 0 76 50695 0 76 50712 0 52 50728 0 76 50749 0 69 50751 0 68 50773 0 51 50785 0 54 50795 0 76 50823 0 
TIME iteration: 299 ms
Round:96
IR: 0, 0, 0, 0, 0
50915 0 53 50928 0 52 50931 0 54 50954 0 51 50959 0 62 50959 0 63 50966 0 61 50967 0 60 50967 0 77 50971 0 76 50984 0 90 50984 0 91 50984 0 92 50991 0 77 50992 0 69 50993 0 68 50995 0 76 51018 0 77 51021 0 76 51049 0 70 51052 0 77 51054 0 71 51054 0 76 51058 0 52 51092 0 54 51112 0 90 51112 0 91 51112 0 92 51115 0 76 51155 0 51 51163 0 52 51206 0 53 51252 0 54 51305 0 52 51322 0 53 51336 0 
TIME iteration: 299 ms
Round:97
IR: 0, 0, 0, 0, 0
51417 0 52 51440 0 62 51440 0 63 51445 0 77 51468 0 51 51469 0 77 51469 0 90 51469 0 91 51469 0 92 51474 0 70 51475 0 71 51487 0 54 51495 0 53 51496 0 77 51511 0 52 51529 0 77 51595 0 77 51625 0 52 51626 0 54 51672 0 53 51682 0 51 51743 0 52 51759 0 62 51759 0 63 51763 0 77 51775 0 70 51776 0 71 51784 0 90 51784 0 91 51784 0 92 51786 0 77 51811 0 51 51812 0 77 51828 0 54 51838 0 53 51844 0 77 51846 0 70 51847 0 71 51900 0 77 51931 0 51 51938 0 
TIME iteration: 299 ms
Round:98
IR: 0, 0, 0, 0, 0
51962 0 52 52033 0 54 52115 0 51 52141 0 52 52155 0 62 52155 0 63 52160 0 77 52168 0 60 52169 0 61 52173 0 53 52177 0 76 52181 0 90 52181 0 91 52181 0 92 52184 0 70 52184 0 77 52186 0 71 52201 0 76 52211 0 77 52226 0 54 52228 0 76 52233 0 68 52236 0 51 52236 0 69 52244 0 77 52263 0 76 52307 0 90 52307 0 91 52307 0 92 52310 0 77 52369 0 52 52377 0 53 52391 0 54 52415 0 
TIME iteration: 299 ms
Round:99
IR: 0, 0, 0, 0, 0
52499 0 53 52512 0 54 52523 0 52 52565 0 51 52623 0 53 52650 0 64 52650 0 65 52656 0 54 52658 0 78 52677 0 66 52677 0 67 52679 0 90 52679 0 91 52679 0 92 52682 0 78 52686 0 79 52708 0 52 52709 0 78 52710 0 79 52716 0 53 52720 0 51 52736 0 73 52737 0 79 52742 0 72 52743 0 78 52765 0 75 52772 0 79 52782 0 74 52802 0 90 52802 0 91 52802 0 92 52816 0 54 52850 0 53 52878 0 52 52900 0 51 52995 0 
TIME iteration: 299 ms
Round:100
IR: 0, 0, 0, 0, 0
53011 0 53 53043 0 51 53048 0 54 53134 0 52 53142 0 53 53158 0 62 53158 0 63 53165 0 51 53166 0 77 53168 0 64 53168 0 65 53173 0 78 53180 0 61 53181 0 60 53187 0 90 53187 0 91 53187 0 92 53188 0 76 53190 0 77 53197 0 78 53205 0 72 53205 0 73 53212 0 76 53216 0 71 53217 0 70 53217 0 77 53224 0 78 53239 0 76 53240 0 68 53243 0 69 53251 0 77 53256 0 52 53257 0 78 53273 0 76 53298 0 54 53302 0 90 53302 0 91 53302 0 92 53311 0 53 53312 0 51 53323 0 78 53421 0 52 53425 0 51 53441 0 53 53474 0 
TIME iteration: 299 ms
Round:101
IR: 0, 0, 0, 0, 0
53546 0 52 53609 0 54 53616 0 51 53651 0 53 53695 0 66 53696 0 67 53698 0 52 53704 0 79 53706 0 63 53707 0 62 53712 0 77 53716 0 60 53725 0 90 53725 0 91 53725 0 92 53728 0 76 53728 0 79 53736 0 77 53743 0 71 53745 0 70 53755 0 79 53758 0 76 53759 0 75 53760 0 74 53763 0 77 53771 0 51 53790 0 79 53796 0 77 53803 0 76 53804 0 54 53814 0 53 53817 0 52 53845 0 90 53845 0 91 53845 0 92 53863 0 77 53892 0 51 53966 0 54 53994 0 52 54012 0 53 54055 0 
TIME iteration: 308 ms
Round:102
IR: 0, 0, 0, 0, 0
54127 0 54 54141 0 53 54164 0 52 54231 0 51 54265 0 60 54267 0 61 54272 0 76 54282 0 53 54285 0 64 54285 0 65 54293 0 78 54296 0 76 54296 0 90 54296 0 91 54296 0 92 54305 0 68 54305 0 69 54317 0 78 54323 0 76 54332 0 52 54344 0 78 54347 0 73 54354 0 72 54357 0 76 54378 0 78 54423 0 90 54423 0 91 54423 0 92 54433 0 76 54452 0 51 54474 0 53 54497 0 52 54550 0 54 54563 0 
TIME iteration: 299 ms
Round:103
IR: 0, 0, 0, 0, 0
54621 0 52 54701 0 51 54761 0 60 54761 0 61 54767 0 76 54781 0 52 54790 0 90 54790 0 91 54790 0 92 54791 0 68 54791 0 76 54792 0 69 54810 0 54 54818 0 76 54820 0 53 54852 0 76 54888 0 51 54928 0 76 54956 0 52 54968 0 53 55016 0 51 55034 0 54 55103 0 52 55116 0 
TIME iteration: 299 ms
Round:104
IR: 0, 0, 0, 0, 0
55154 0 51 55158 0 60 55158 0 61 55161 0 65 55162 0 64 55163 0 76 55164 0 54 55169 0 78 55176 0 63 55180 0 68 55180 0 69 55181 0 62 55183 0 90 55183 0 91 55183 0 92 55187 0 76 55187 0 77 55193 0 78 55211 0 77 55214 0 76 55218 0 72 55219 0 73 55220 0 78 55238 0 77 55247 0 76 55250 0 71 55251 0 70 55254 0 78 55267 0 52 55272 0 51 55273 0 77 55294 0 54 55298 0 90 55298 0 91 55298 0 92 55300 0 53 55313 0 76 55408 0 51 55435 0 52 55464 0 53 55478 0 54 55530 0 52 55621 0 52 55623 0 63 55624 0 62 55628 0 77 55630 0 51 55633 0 
TIME iteration: 299 ms
Round:105
IR: 0, 0, 0, 0, 0
55652 0 77 55652 0 90 55652 0 91 55652 0 92 55656 0 70 55656 0 71 55678 0 77 55682 0 53 55711 0 77 55772 0 77 55774 0 54 55832 0 53 55877 0 51 55897 0 52 55934 0 54 55943 0 53 55984 0 65 55985 0 64 55992 0 78 56010 0 90 56010 0 91 56010 0 92 56016 0 78 56025 0 51 56038 0 73 56039 0 72 56043 0 78 56047 0 52 56077 0 78 56089 0 53 56140 0 
TIME iteration: 299 ms
Round:106
IR: 0, 0, 0, 0, 0
56181 0 51 56248 0 53 56288 0 52 56334 0 51 56389 0 60 56389 0 61 56397 0 76 56414 0 54 56415 0 90 56415 0 91 56415 0 92 56421 0 76 56422 0 52 56448 0 76 56458 0 68 56459 0 69 56482 0 76 56526 0 53 56539 0 54 56555 0 52 56611 0 51 56697 0 53 56704 0 
TIME iteration: 299 ms
Round:107
IR: 0, 0, 0, 0, 0
56774 0 62 56779 0 51 56783 0 63 56787 0 77 56798 0 54 56805 0 90 56805 0 91 56805 0 92 56811 0 77 56838 0 77 56844 0 70 56844 0 71 56867 0 53 56872 0 77 56906 0 51 56910 0 54 56915 0 52 57058 0 53 57079 0 52 57090 0 51 57133 0 63 57139 0 62 57139 0 77 57148 0 54 57160 0 71 57161 0 70 57161 0 90 57161 0 91 57161 0 92 57162 0 77 57188 0 77 57220 0 77 57222 0 
TIME iteration: 299 ms
Round:108
IR: 0, 0, 0, 0, 0
57273 0 53 57274 0 77 57301 0 52 57310 0 54 57481 0 53 57482 0 54 57542 0 51 57554 0 52 57602 0 54 57603 0 66 57604 0 67 57612 0 79 57631 0 90 57631 0 91 57631 0 92 57635 0 53 57636 0 79 57663 0 79 57696 0 75 57698 0 79 57699 0 74 57730 0 52 57760 0 
TIME iteration: 300 ms
Round:109
IR: 0, 0, 0, 0, 0
57779 0 51 57873 0 52 57876 0 53 57958 0 51 57976 0 54 57999 0 52 58002 0 53 58007 0 67 58008 0 66 58011 0 62 58011 0 63 58012 0 79 58019 0 77 58033 0 90 58033 0 91 58033 0 92 58036 0 79 58037 0 75 58038 0 74 58043 0 77 58061 0 71 58062 0 70 58062 0 79 58070 0 77 58095 0 79 58096 0 53 58104 0 77 58129 0 51 58136 0 54 58163 0 79 58163 0 90 58163 0 91 58163 0 92 58177 0 52 58227 0 54 58257 0 51 58289 0 
TIME iteration: 300 ms
Round:110
IR: 0, 0, 0, 0, 0
58343 0 54 58372 0 52 58374 0 51 58442 0 54 58462 0 66 58462 0 67 58468 0 53 58468 0 79 58489 0 74 58489 0 75 58491 0 90 58491 0 91 58491 0 92 58492 0 79 58498 0 52 58519 0 79 58545 0 51 58553 0 79 58631 0 53 58636 0 54 58656 0 52 58711 0 51 58739 0 53 58755 0 54 58794 0 52 58812 0 67 58813 0 66 58816 0 
TIME iteration: 300 ms
Round:111
IR: 0, 0, 0, 0, 0
58830 0 74 58830 0 75 58838 0 90 58838 0 91 58838 0 92 58839 0 79 58853 0 54 58865 0 79 58873 0 51 58894 0 53 58897 0 79 58903 0 75 58904 0 74 58911 0 52 58956 0 79 58968 0 54 58988 0 51 59074 0 51 59093 0 54 59096 0 66 59096 0 67 59100 0 79 59107 0 52 59117 0 60 59117 0 61 59117 0 75 59118 0 74 59120 0 90 59120 0 91 59120 0 92 59123 0 79 59124 0 53 59125 0 76 59149 0 76 59149 0 79 59176 0 76 59181 0 79 59204 0 51 59210 0 76 59214 0 69 59217 0 68 59225 0 54 59238 0 79 59242 0 90 59242 0 91 59242 0 92 59290 0 52 59349 0 51 59352 0 
TIME iteration: 300 ms
Round:112
IR: 0, 0, 0, 0, 0
59440 0 54 59484 0 52 59531 0 53 59550 0 51 59607 0 54 59648 0 52 59674 0 67 59681 0 62 59681 0 63 59683 0 66 59686 0 79 59689 0 77 59704 0 51 59705 0 90 59705 0 91 59705 0 92 59710 0 79 59711 0 74 59713 0 75 59713 0 77 59730 0 53 59737 0 79 59740 0 77 59749 0 54 59764 0 71 59766 0 70 59771 0 79 59774 0 77 59837 0 90 59837 0 91 59837 0 92 59873 0 
TIME iteration: 300 ms
Round:113
IR: 0, 0, 0, 0, 0
59911 0 53 59939 0 54 59962 0 51 60032 0 53 60036 0 52 60073 0 54 60088 0 51 60195 0 53 60212 0 52 60220 0 64 60221 0 65 60226 0 51 60229 0 78 60238 0 60 60238 0 61 60246 0 76 60251 0 54 60251 0 90 60251 0 91 60251 0 92 60253 0 78 60270 0 76 60280 0 78 60297 0 76 60305 0 69 60306 0 68 60315 0 78 60320 0 72 60322 0 73 60331 0 76 60350 0 52 60379 0 90 60379 0 91 60379 0 92 60390 0 
TIME iteration: 300 ms
Round:114
IR: 0, 0, 0, 0, 0
60429 0 53 60431 0 54 60520 0 52 60530 0 51 60584 0 54 60652 0 53 60655 0 51 60693 0 52 60714 0 60 60719 0 61 60722 0 76 60746 0 76 60746 0 90 60746 0 91 60746 0 92 60749 0 68 60750 0 69 60773 0 76 60790 0 53 60806 0 76 60814 0 54 60818 0 51 60873 0 76 60898 0 
TIME iteration: 299 ms
Round:115
IR: 0, 0, 0, 0, 0
60987 0 54 61016 0 52 61025 0 53 61047 0 51 61127 0 54 61149 0 66 61149 0 67 61158 0 79 61176 0 90 61176 0 91 61176 0 92 61182 0 79 61196 0 53 61209 0 79 61225 0 75 61226 0 74 61244 0 79 61256 0 52 61284 0 51 61346 0 53 61355 0 54 61416 0 52 61422 0 
TIME iteration: 299 ms
Round:116
IR: 0, 0, 0, 0, 0
61498 0 54 61525 0 67 61526 0 66 61529 0 53 61530 0 79 61534 0 51 61545 0 61 61546 0 60 61551 0 90 61551 0 91 61551 0 92 61553 0 74 61553 0 75 61553 0 76 61554 0 79 61577 0 76 61581 0 79 61595 0 68 61595 0 69 61604 0 76 61614 0 79 61638 0 76 61641 0 54 61658 0 52 61674 0 90 61674 0 91 61674 0 92 61686 0 79 61694 0 51 61730 0 53 61790 0 54 61819 0 52 61859 0 53 61880 0 51 61933 0 52 61968 0 
TIME iteration: 299 ms
Round:117
IR: 0, 0, 0, 0, 0
62014 0 51 62050 0 53 62056 0 60 62056 0 61 62061 0 76 62085 0 76 62086 0 90 62086 0 91 62086 0 92 62088 0 69 62090 0 68 62096 0 52 62112 0 76 62139 0 54 62145 0 76 62208 0 51 62211 0 76 62252 0 53 62263 0 52 62291 0 54 62400 0 53 62409 0 51 62409 0 52 62449 0 54 62463 0 63 62464 0 62 62472 0 77 62477 0 67 62479 0 66 62486 0 79 62490 0 90 62490 0 91 62490 0 92 62496 0 77 62510 0 51 62510 0 79 62523 0 77 62532 0 53 62533 0 75 62535 0 74 62537 0 
TIME iteration: 299 ms
Round:118
IR: 0, 0, 0, 0, 0
62557 0 71 62558 0 70 62558 0 77 62564 0 52 62571 0 79 62616 0 90 62616 0 91 62616 0 92 62617 0 51 62650 0 53 62715 0 52 62766 0 54 62775 0 51 62804 0 53 62887 0 52 62935 0 54 62936 0 53 62948 0 51 62976 0 65 62978 0 64 62985 0 78 63007 0 90 63007 0 91 63007 0 92 63009 0 78 63036 0 78 63048 0 52 63066 0 
TIME iteration: 310 ms
Round:119
IR: 0, 0, 0, 0, 0
63070 0 72 63070 0 73 63070 0 78 63106 0 53 63138 0 51 63169 0 52 63214 0 54 63224 0 51 63277 0 52 63308 0 53 63314 0 62 63314 0 63 63321 0 77 63324 0 51 63330 0 60 63331 0 61 63334 0 54 63339 0 76 63339 0 90 63339 0 91 63339 0 92 63345 0 77 63363 0 76 63372 0 70 63372 0 77 63374 0 71 63390 0 76 63402 0 68 63402 0 69 63406 0 77 63425 0 76 63436 0 52 63446 0 51 63463 0 90 63463 0 91 63463 0 92 63474 0 54 63483 0 
TIME iteration: 302 ms
Round:120
IR: 0, 0, 0, 0, 0
63611 0 51 63645 0 52 63702 0 54 63751 0 53 63782 0 51 63822 0 52 63847 0 54 63880 0 53 63884 0 60 63890 0 51 63891 0 61 63893 0 66 63893 0 76 63896 0 67 63903 0 79 63916 0 90 63916 0 91 63916 0 92 63917 0 76 63927 0 68 63927 0 79 63928 0 69 63944 0 76 63954 0 79 63966 0 54 63969 0 74 63970 0 75 63974 0 52 63977 0 76 63989 0 79 64017 0 53 64044 0 76 64048 0 90 64048 0 91 64048 0 92 64072 0 54 64083 0 51 64092 0 
TIME iteration: 300 ms
Round:121
IR: 0, 0, 0, 0, 0
64176 0 53 64235 0 52 64243 0 54 64249 0 51 64300 0 53 64398 0 54 64408 0 51 64411 0 52 64438 0 66 64438 0 67 64444 0 79 64447 0 62 64447 0 63 64448 0 60 64448 0 61 64454 0 76 64455 0 77 64468 0 79 64468 0 90 64468 0 91 64468 0 92 64476 0 74 64478 0 75 64478 0 76 64479 0 77 64483 0 68 64484 0 69 64495 0 79 64505 0 76 64506 0 77 64512 0 70 64515 0 71 64529 0 79 64534 0 54 64539 0 76 64540 0 77 64558 0 53 64561 0 52 64562 0 51 64586 0 90 64586 0 91 64586 0 92 64615 0 
TIME iteration: 301 ms
Round:122
IR: 0, 0, 0, 0, 0
64672 0 54 64716 0 53 64786 0 52 64790 0 51 64840 0 54 64904 0 51 64929 0 53 64933 0 52 64960 0 54 64973 0 60 64973 0 61 64975 0 66 64975 0 67 64979 0 76 64981 0 79 64999 0 90 64999 0 91 64999 0 92 65003 0 76 65005 0 68 65005 0 69 65005 0 79 65007 0 74 65009 0 75 65030 0 76 65032 0 79 65064 0 76 65066 0 79 65075 0 53 65077 0 51 65119 0 52 65131 0 90 65131 0 91 65131 0 92 65140 0 76 65151 0 
TIME iteration: 300 ms
Round:123
IR: 0, 0, 0, 0, 0
65225 0 53 65243 0 52 65318 0 54 65333 0 53 65335 0 51 65387 0 52 65461 0 51 65485 0 54 65490 0 53 65507 0 64 65507 0 65 65515 0 78 65525 0 52 65531 0 62 65533 0 63 65537 0 66 65537 0 67 65537 0 90 65537 0 91 65537 0 92 65539 0 78 65540 0 77 65543 0 79 65554 0 51 65564 0 77 65566 0 78 65567 0 79 65571 0 74 65572 0 75 65591 0 77 65594 0 79 65595 0 73 65596 0 70 65599 0 71 65600 0 78 65606 0 72 65623 0 54 65625 0 77 65628 0 79 65630 0 53 65650 0 90 65650 0 91 65650 0 92 65651 0 52 65693 0 
TIME iteration: 301 ms
Round:124
IR: 0, 0, 0, 0, 0
65739 0 52 65757 0 54 65794 0 53 65830 0 51 65838 0 52 65942 0 51 65973 0 54 65977 0 53 65978 0 60 65979 0 61 65986 0 76 65988 0 52 65995 0 63 65996 0 62 66000 0 77 66006 0 90 66006 0 91 66006 0 92 66010 0 76 66024 0 77 66028 0 70 66028 0 71 66037 0 76 66038 0 69 66039 0 68 66050 0 77 66067 0 51 66071 0 76 66083 0 77 66132 0 90 66132 0 91 66132 0 92 66139 0 53 66144 0 77 66145 0 54 66189 0 
TIME iteration: 300 ms
Round:125
IR: 0, 0, 0, 0, 0
66268 0 54 66282 0 51 66336 0 53 66372 0 52 66407 0 54 66451 0 53 66458 0 51 66495 0 67 66496 0 66 66504 0 65 66504 0 79 66506 0 64 66513 0 78 66525 0 90 66525 0 91 66525 0 92 66528 0 79 66530 0 52 66537 0 78 66553 0 74 66554 0 75 66555 0 79 66564 0 78 66567 0 73 66568 0 72 66590 0 79 66593 0 54 66598 0 78 66605 0 53 66607 0 51 66656 0 90 66656 0 91 66656 0 92 66696 0 52 66737 0 54 66740 0 51 66768 0 
TIME iteration: 300 ms
Round:126
IR: 0, 0, 0, 0, 0
66859 0 54 66923 0 51 66983 0 54 66988 0 52 66990 0 53 67000 0 66 67001 0 67 67006 0 79 67030 0 79 67030 0 90 67030 0 91 67030 0 92 67034 0 75 67035 0 74 67057 0 79 67091 0 79 67109 0 51 67112 0 54 67145 0 53 67171 0 52 67238 0 51 67243 0 53 67292 0 
TIME iteration: 299 ms
Round:127
IR: 0, 0, 0, 0, 0
67315 0 52 67359 0 51 67378 0 60 67378 0 61 67386 0 76 67387 0 53 67396 0 64 67396 0 65 67403 0 78 67404 0 90 67404 0 91 67404 0 92 67410 0 76 67427 0 78 67437 0 76 67448 0 52 67452 0 72 67453 0 68 67453 0 69 67453 0 73 67454 0 78 67471 0 76 67474 0 54 67484 0 51 67488 0 78 67528 0 90 67528 0 91 67528 0 92 67577 0 53 67610 0 52 67624 0 54 67642 0 51 67724 0 53 67728 0 52 67760 0 51 67787 0 54 67835 0 
TIME iteration: 299 ms
Round:128
IR: 0, 0, 0, 0, 0
67848 0 51 67854 0 63 67855 0 60 67855 0 61 67855 0 62 67860 0 76 67863 0 77 67879 0 90 67879 0 91 67879 0 92 67884 0 76 67887 0 77 67888 0 68 67888 0 69 67911 0 76 67914 0 77 67918 0 53 67920 0 52 67936 0 71 67940 0 70 67944 0 76 67949 0 77 67959 0 51 67983 0 54 68010 0 76 68010 0 90 68010 0 91 68010 0 92 68094 0 51 68094 0 52 68106 0 54 68113 0 53 68215 0 52 68234 0 54 68249 0 53 68263 0 
TIME iteration: 299 ms
Round:129
IR: 0, 0, 0, 0, 0
68372 0 53 68384 0 54 68386 0 65 68387 0 64 68394 0 78 68396 0 67 68398 0 66 68406 0 79 68417 0 90 68417 0 91 68417 0 92 68418 0 78 68430 0 79 68445 0 78 68448 0 72 68448 0 73 68457 0 79 68468 0 74 68469 0 51 68472 0 75 68479 0 54 68479 0 78 68487 0 53 68492 0 79 68549 0 90 68549 0 91 68549 0 92 68634 0 52 68640 0 54 68643 0 53 68745 0 51 68819 0 54 68849 0 53 68873 0 
TIME iteration: 299 ms
Round:130
IR: 0, 0, 0, 0, 0
68901 0 51 68992 0 52 69007 0 54 69011 0 62 69011 0 63 69019 0 77 69024 0 67 69025 0 66 69031 0 79 69041 0 51 69042 0 90 69042 0 91 69042 0 92 69043 0 77 69055 0 79 69068 0 74 69070 0 75 69070 0 77 69071 0 53 69080 0 70 69082 0 79 69086 0 71 69104 0 77 69116 0 79 69162 0 52 69173 0 90 69173 0 91 69173 0 92 69179 0 53 69222 0 51 69267 0 53 69291 0 54 69292 0 52 69401 0 51 69409 0 53 69409 0 54 69420 0 
TIME iteration: 299 ms
Round:131
IR: 0, 0, 0, 0, 0
69539 0 52 69542 0 63 69543 0 62 69548 0 77 69562 0 51 69567 0 53 69572 0 77 69572 0 90 69572 0 91 69572 0 92 69579 0 70 69581 0 71 69599 0 77 69632 0 77 69688 0 54 69695 0 52 69699 0 77 69706 0 51 69810 0 54 69833 0 52 69857 0 53 69889 0 63 69891 0 62 69894 0 77 69898 0 51 69909 0 70 69910 0 71 69915 0 90 69915 0 91 69915 0 92 69917 0 77 69943 0 
TIME iteration: 299 ms
Round:132
IR: 0, 0, 0, 0, 0
69975 0 77 69991 0 70 69994 0 71 70008 0 54 70023 0 52 70026 0 51 70031 0 77 70169 0 51 70179 0 53 70191 0 54 70258 0 52 70284 0 62 70285 0 63 70289 0 77 70298 0 54 70311 0 90 70311 0 91 70311 0 92 70313 0 77 70314 0 70 70314 0 71 70318 0 51 70324 0 53 70339 0 77 70372 0 77 70421 0 52 70433 0 77 70462 0 53 70477 0 
TIME iteration: 299 ms
Round:133
IR: 0, 0, 0, 0, 0
70493 0 54 70519 0 52 70596 0 53 70606 0 62 70614 0 77 70617 0 63 70623 0 52 70628 0 70 70628 0 71 70630 0 51 70635 0 90 70635 0 91 70635 0 92 70637 0 77 70663 0 77 70679 0 54 70695 0 77 70697 0 70 70698 0 71 70729 0 53 70748 0 77 70758 0 51 70784 0 52 70823 0 53 70896 0 54 70931 0 52 70932 0 51 70940 0 62 70941 0 63 70944 0 77 70962 0 53 70965 0 71 70965 0 90 70965 0 91 70965 0 92 70966 0 70 70967 0 77 70993 0 
TIME iteration: 299 ms
Round:134
IR: 0, 0, 0, 0, 0
71025 0 77 71059 0 52 71078 0 54 71080 0 77 71131 0 51 71141 0 53 71183 0 54 71276 0 51 71277 0 52 71295 0 53 71322 0 54 71332 0 66 71332 0 67 71341 0 79 71358 0 90 71358 0 91 71358 0 92 71365 0 79 71392 0 79 71402 0 51 71422 0 74 71426 0 52 71426 0 75 71427 0 79 71435 0 53 71497 0 54 71536 0 
TIME iteration: 299 ms
Round:135
IR: 0, 0, 0, 0, 0
71579 0 53 71645 0 52 71661 0 51 71667 0 62 71667 0 63 71674 0 77 71681 0 54 71692 0 90 71692 0 91 71692 0 92 71698 0 77 71710 0 70 71711 0 71 71725 0 77 71758 0 52 71759 0 77 71807 0 53 71810 0 51 71910 0 54 71913 0 51 71924 0 52 71950 0 53 72054 0 54 72067 0 52 72071 0 51 72073 0 62 72073 0 63 72077 0 77 72079 0 
TIME iteration: 306 ms
Round:136
IR: 0, 0, 0, 0, 0
72080 0 60 72088 0 76 72098 0 70 72098 0 71 72099 0 90 72099 0 91 72099 0 92 72100 0 77 72112 0 76 72126 0 77 72139 0 76 72158 0 77 72174 0 76 72179 0 68 72184 0 54 72185 0 69 72195 0 52 72205 0 51 72211 0 53 72214 0 77 72228 0 90 72228 0 91 72228 0 92 72318 0 52 72325 0 51 72345 0 54 72385 0 53 72441 0 51 72482 0 52 72483 0 53 72575 0 54 72589 0 51 72593 0 53 72594 0 64 72594 0 65 72597 0 52 72597 0 60 72597 0 61 72602 0 76 72602 0 78 72608 0 63 72609 0 
TIME iteration: 299 ms
Round:137
IR: 0, 0, 0, 0, 0
72615 0 77 72620 0 90 72620 0 91 72620 0 92 72626 0 76 72626 0 78 72635 0 68 72635 0 69 72639 0 71 72639 0 77 72640 0 70 72653 0 76 72653 0 78 72666 0 77 72686 0 76 72687 0 78 72691 0 73 72696 0 72 72700 0 77 72707 0 53 72736 0 90 72736 0 91 72736 0 92 72737 0 54 72741 0 52 72752 0 76 72781 0 77 72798 0 51 72856 0 52 72857 0 53 72864 0 54 72980 0 52 72983 0 53 72991 0 51 73048 0 54 73097 0 52 73098 0 63 73099 0 62 73104 0 77 73127 0 71 73127 0 90 73127 0 91 73127 0 92 73128 0 70 73128 0 
TIME iteration: 299 ms
Round:138
IR: 0, 0, 0, 0, 0
73149 0 53 73155 0 77 73163 0 51 73188 0 77 73220 0 54 73229 0 52 73255 0 77 73269 0 53 73344 0 51 73359 0 52 73402 0 54 73409 0 53 73442 0 62 73444 0 63 73447 0 77 73460 0 70 73460 0 71 73463 0 64 73467 0 65 73468 0 90 73468 0 91 73468 0 92 73470 0 77 73472 0 78 73489 0 52 73496 0 77 73496 0 78 73522 0 73 73523 0 72 73523 0 78 73526 0 53 73528 0 77 73531 0 70 73531 0 71 73543 0 54 73544 0 51 73557 0 78 73584 0 77 73590 0 90 73590 0 91 73590 0 92 73649 0 
TIME iteration: 299 ms
Round:139
IR: 0, 0, 0, 0, 0
73674 0 54 73680 0 51 73734 0 52 73754 0 53 73792 0 51 73803 0 54 73890 0 54 73892 0 53 73903 0 52 73906 0 66 73907 0 67 73915 0 51 73915 0 79 73917 0 64 73918 0 65 73922 0 78 73930 0 60 73931 0 61 73935 0 90 73935 0 91 73935 0 92 73939 0 76 73939 0 79 73946 0 78 73948 0 72 73948 0 73 73963 0 76 73966 0 79 73972 0 78 73990 0 76 73994 0 74 73997 0 75 74001 0 79 74003 0 68 74004 0 69 74005 0 78 74025 0 76 74030 0 51 74048 0 53 74050 0 90 74050 0 91 74050 0 92 74053 0 54 74063 0 52 74066 0 78 74147 0 
TIME iteration: 299 ms
Round:140
IR: 0, 0, 0, 0, 0
74261 0 54 74264 0 53 74316 0 51 74325 0 52 74373 0 54 74418 0 67 74420 0 66 74425 0 79 74436 0 51 74439 0 52 74443 0 60 74443 0 61 74448 0 76 74448 0 90 74448 0 91 74448 0 92 74449 0 79 74457 0 74 74457 0 75 74472 0 76 74476 0 79 74479 0 68 74480 0 69 74499 0 76 74510 0 79 74528 0 54 74532 0 76 74542 0 51 74544 0 53 74572 0 90 74572 0 91 74572 0 92 74598 0 76 74640 0 52 74659 0 
TIME iteration: 299 ms
Round:141
IR: 0, 0, 0, 0, 0
74747 0 51 74754 0 52 74800 0 54 74853 0 53 74870 0 52 74897 0 63 74898 0 62 74906 0 77 74926 0 90 74926 0 91 74926 0 92 74930 0 77 74957 0 77 74972 0 51 74975 0 70 74977 0 71 74978 0 54 74992 0 77 75001 0 52 75021 0 53 75091 0 51 75118 0 54 75128 0 52 75164 0 53 75189 0 62 75191 0 63 75192 0 77 75211 0 70 75211 0 71 75214 0 90 75214 0 91 75214 0 92 75215 0 77 75241 0 
TIME iteration: 299 ms
Round:142
IR: 0, 0, 0, 0, 0
75272 0 77 75280 0 52 75282 0 51 75294 0 54 75305 0 71 75307 0 53 75323 0 77 75429 0 52 75459 0 51 75461 0 54 75479 0 53 75495 0 63 75496 0 62 75499 0 77 75508 0 70 75520 0 71 75520 0 90 75520 0 91 75520 0 92 75522 0 77 75548 0 77 75569 0 70 75572 0 54 75576 0 52 75580 0 77 75600 0 51 75609 0 53 75635 0 77 75674 0 52 75717 0 
TIME iteration: 299 ms
Round:143
IR: 0, 0, 0, 0, 0
75810 0 53 75844 0 51 75875 0 54 75883 0 52 75895 0 62 75896 0 63 75900 0 77 75902 0 67 75903 0 66 75911 0 79 75916 0 71 75922 0 90 75922 0 91 75922 0 92 75924 0 77 75925 0 70 75935 0 79 75950 0 77 75962 0 79 75981 0 75 75983 0 77 75984 0 74 75997 0 54 75997 0 79 76019 0 52 76040 0 53 76044 0 77 76052 0 90 76052 0 91 76052 0 92 76069 0 51 76152 0 52 76160 0 54 76210 0 53 76289 0 54 76294 0 
TIME iteration: 299 ms
Round:144
IR: 0, 0, 0, 0, 0
76352 0 52 76444 0 53 76456 0 51 76486 0 52 76497 0 62 76497 0 63 76502 0 61 76503 0 60 76504 0 77 76511 0 76 76525 0 90 76525 0 91 76525 0 92 76528 0 77 76531 0 71 76533 0 70 76535 0 76 76555 0 77 76557 0 54 76562 0 76 76588 0 51 76589 0 77 76591 0 68 76594 0 69 76597 0 76 76623 0 52 76657 0 90 76657 0 91 76657 0 92 76688 0 53 76720 0 54 76732 0 52 76820 0 
TIME iteration: 300 ms
Round:145
IR: 0, 0, 0, 0, 0
76852 0 54 76856 0 51 76872 0 52 76965 0 54 76992 0 67 76993 0 66 77000 0 51 77001 0 79 77005 0 52 77019 0 53 77021 0 63 77022 0 62 77022 0 90 77022 0 91 77022 0 92 77025 0 79 77027 0 77 77051 0 77 77052 0 79 77053 0 70 77053 0 71 77060 0 75 77063 0 74 77068 0 54 77078 0 77 77087 0 79 77111 0 77 77144 0 90 77144 0 91 77144 0 92 77159 0 51 77162 0 53 77178 0 77 77187 0 52 77192 0 54 77288 0 51 77306 0 54 77319 0 
TIME iteration: 300 ms
Round:146
IR: 0, 0, 0, 0, 0
77383 0 52 77452 0 53 77457 0 51 77480 0 54 77507 0 64 77512 0 65 77514 0 52 77515 0 67 77516 0 66 77518 0 78 77522 0 79 77530 0 60 77537 0 90 77537 0 91 77537 0 92 77542 0 78 77546 0 79 77547 0 76 77551 0 75 77553 0 74 77569 0 78 77573 0 79 77579 0 76 77604 0 78 77605 0 53 77606 0 73 77607 0 79 77608 0 72 77629 0 54 77632 0 76 77639 0 51 77657 0 90 77657 0 91 77657 0 92 77659 0 52 77761 0 54 77811 0 51 77853 0 53 77880 0 52 77896 0 
TIME iteration: 300 ms
Round:147
IR: 0, 0, 0, 0, 0
77911 0 51 78021 0 53 78055 0 51 78058 0 60 78058 0 61 78061 0 52 78064 0 76 78088 0 76 78088 0 90 78088 0 91 78088 0 92 78101 0 69 78103 0 68 78112 0 54 78115 0 76 78149 0 76 78153 0 53 78180 0 51 78225 0 76 78269 0 52 78270 0 54 78302 0 51 78335 0 53 78381 0 60 78382 0 61 78386 0 76 78399 0 69 78400 0 68 78406 0 90 78406 0 91 78406 0 92 78410 0 76 78436 0 
TIME iteration: 299 ms
Round:148
IR: 0, 0, 0, 0, 0
78440 0 51 78469 0 76 78472 0 53 78472 0 69 78474 0 54 78475 0 68 78502 0 52 78530 0 76 78581 0 51 78636 0 54 78639 0 60 78639 0 61 78642 0 76 78658 0 69 78659 0 68 78662 0 90 78662 0 91 78662 0 92 78665 0 76 78670 0 53 78684 0 52 78691 0 76 78710 0 51 78723 0 76 78735 0 69 78743 0 68 78777 0 76 78804 0 51 78809 0 54 78827 0 53 78843 0 60 78843 0 61 78845 0 76 78847 0 52 78859 0 69 78860 0 68 78865 0 90 78865 0 91 78865 0 92 78868 0 76 78894 0 76 78925 0 69 78925 0 76 78926 0 68 78944 0 51 78944 0 
TIME iteration: 301 ms
Round:149
IR: 0, 0, 0, 0, 0
78975 0 76 79005 0 53 79019 0 52 79148 0 51 79170 0 54 79179 0 52 79181 0 61 79183 0 60 79186 0 76 79187 0 53 79207 0 69 79207 0 90 79207 0 91 79207 0 92 79208 0 68 79209 0 76 79235 0 76 79267 0 76 79302 0 54 79323 0 76 79351 0 52 79415 0 51 79451 0 
TIME iteration: 298 ms
Round:150
IR: 0, 0, 0, 0, 0
79508 0 53 79572 0 51 79595 0 52 79616 0 60 79620 0 61 79623 0 76 79642 0 68 79642 0 69 79645 0 90 79645 0 91 79645 0 92 79647 0 76 79674 0 76 79675 0 53 79707 0 76 79769 0 52 79772 0 53 79772 0 76 79780 0 51 79789 0 54 79895 0 53 79906 0 52 79950 0 65 79951 0 64 79959 0 78 79975 0 90 79975 0 91 79975 0 92 79982 0 54 79983 0 78 79999 0 51 80006 0 52 80010 0 
TIME iteration: 299 ms
Round:151
IR: 0, 0, 0, 0, 0
80037 0 53 80038 0 73 80045 0 78 80048 0 72 80113 0 52 80139 0 51 80143 0 53 80208 0 64 80211 0 78 80212 0 65 80229 0 73 80230 0 72 80233 0 90 80233 0 91 80233 0 92 80234 0 78 80244 0 54 80260 0 78 80262 0 52 80281 0 51 80287 0 53 80291 0 78 80306 0 73 80322 0 72 80340 0 78 80423 0 53 80436 0 52 80452 0 54 80454 0 64 80455 0 65 80457 0 78 80473 0 73 80474 0 72 80477 0 90 80477 0 91 80477 0 92 80480 0 78 80506 0 78 80522 0 51 80538 0 78 80548 0 73 80551 0 
TIME iteration: 299 ms
Round:152
IR: 0, 0, 0, 0, 0
80591 0 78 80605 0 52 80621 0 53 80663 0 51 80732 0 52 80776 0 53 80788 0 64 80788 0 65 80792 0 78 80799 0 51 80813 0 73 80813 0 90 80813 0 91 80813 0 92 80814 0 72 80815 0 78 80841 0 78 80873 0 78 80889 0 52 80896 0 54 80907 0 51 80929 0 78 80964 0 53 81020 0 54 81050 0 51 81089 0 
TIME iteration: 307 ms
Round:153
IR: 0, 0, 0, 0, 0
81108 0 53 81154 0 51 81162 0 60 81162 0 61 81162 0 64 81162 0 65 81167 0 78 81170 0 76 81174 0 54 81181 0 72 81181 0 73 81185 0 90 81185 0 91 81185 0 92 81191 0 78 81194 0 76 81215 0 52 81218 0 78 81221 0 76 81239 0 68 81247 0 69 81251 0 78 81253 0 53 81255 0 76 81261 0 72 81265 0 73 81275 0 51 81315 0 90 81315 0 91 81315 0 92 81316 0 78 81343 0 54 81368 0 52 81378 0 53 81381 0 51 81445 0 54 81460 0 52 81514 0 53 81528 0 51 81583 0 54 81586 0 
TIME iteration: 299 ms
Round:154
IR: 0, 0, 0, 0, 0
81622 0 63 81623 0 62 81631 0 77 81644 0 51 81651 0 66 81651 0 90 81651 0 91 81651 0 92 81655 0 77 81671 0 79 81682 0 77 81686 0 53 81701 0 54 81704 0 79 81717 0 70 81717 0 77 81720 0 71 81773 0 51 81773 0 79 81791 0 90 81791 0 91 81791 0 92 81819 0 54 81832 0 52 81836 0 53 81942 0 54 81962 0 51 81968 0 52 82031 0 53 82077 0 52 82083 0 54 82112 0 62 82112 0 63 82117 0 77 82135 0 66 82135 0 67 82141 0 77 82141 0 90 82141 0 91 82141 0 92 82142 0 79 82148 0 70 82149 0 
TIME iteration: 299 ms
Round:155
IR: 0, 0, 0, 0, 0
82150 0 53 82166 0 79 82168 0 77 82172 0 52 82173 0 54 82180 0 74 82180 0 75 82184 0 51 82193 0 79 82201 0 77 82227 0 79 82261 0 53 82265 0 90 82265 0 91 82265 0 92 82267 0 77 82275 0 52 82310 0 51 82404 0 53 82410 0 52 82423 0 51 82433 0 54 82548 0 51 82587 0 61 82588 0 60 82596 0 76 82616 0 90 82616 0 91 82616 0 92 82620 0 76 82623 0 52 82631 0 54 82634 0 53 82647 0 76 82665 0 68 82668 0 
TIME iteration: 299 ms
Round:156
IR: 0, 0, 0, 0, 0
82682 0 76 82714 0 51 82797 0 52 82797 0 54 82877 0 53 82895 0 52 82898 0 51 82943 0 54 82950 0 60 82950 0 62 82953 0 61 82953 0 63 82955 0 76 82959 0 77 82974 0 90 82974 0 91 82974 0 92 82978 0 68 82978 0 69 82978 0 76 82983 0 77 83001 0 70 83004 0 71 83004 0 76 83010 0 77 83018 0 51 83028 0 54 83036 0 76 83044 0 77 83067 0 52 83068 0 53 83091 0 76 83103 0 90 83103 0 91 83103 0 92 83139 0 54 83158 0 51 83189 0 
TIME iteration: 299 ms
Round:157
IR: 0, 0, 0, 0, 0
83258 0 54 83260 0 52 83312 0 51 83324 0 53 83361 0 52 83427 0 54 83457 0 53 83465 0 52 83466 0 62 83467 0 63 83471 0 64 83471 0 65 83472 0 77 83473 0 66 83475 0 67 83479 0 78 83483 0 79 83486 0 51 83494 0 90 83494 0 91 83494 0 92 83496 0 77 83500 0 70 83501 0 71 83503 0 78 83507 0 79 83523 0 77 83530 0 78 83534 0 79 83536 0 54 83549 0 75 83550 0 74 83556 0 77 83562 0 73 83564 0 78 83569 0 79 83572 0 72 83584 0 53 83588 0 52 83611 0 90 83611 0 91 83611 0 92 83623 0 77 83664 0 54 83701 0 
TIME iteration: 299 ms
Round:158
IR: 0, 0, 0, 0, 0
83752 0 52 83775 0 51 83801 0 53 83813 0 54 83891 0 52 83935 0 53 83944 0 65 83945 0 64 83949 0 78 83973 0 78 83973 0 90 83973 0 91 83973 0 92 83979 0 73 83980 0 72 83995 0 54 83999 0 78 84013 0 51 84030 0 52 84032 0 78 84093 0 78 84135 0 52 84148 0 51 84156 0 53 84160 0 
TIME iteration: 299 ms
Round:159
IR: 0, 0, 0, 0, 0
84277 0 53 84300 0 54 84305 0 52 84318 0 65 84319 0 64 84323 0 78 84336 0 62 84336 0 63 84339 0 72 84339 0 73 84344 0 66 84344 0 77 84344 0 90 84344 0 91 84344 0 92 84347 0 78 84362 0 79 84368 0 77 84373 0 78 84387 0 71 84390 0 53 84390 0 70 84394 0 79 84395 0 77 84406 0 78 84421 0 72 84429 0 77 84439 0 73 84451 0 54 84451 0 79 84461 0 90 84461 0 91 84461 0 92 84467 0 78 84472 0 51 84532 0 52 84563 0 53 84638 0 51 84652 0 54 84699 0 52 84731 0 53 84789 0 
TIME iteration: 299 ms
Round:160
IR: 0, 0, 0, 0, 0
84848 0 51 84860 0 67 84863 0 53 84866 0 66 84870 0 65 84870 0 79 84871 0 64 84877 0 78 84892 0 90 84892 0 91 84892 0 92 84894 0 79 84901 0 78 84903 0 52 84905 0 74 84907 0 75 84911 0 72 84911 0 73 84921 0 79 84928 0 78 84941 0 54 84955 0 79 84962 0 78 84991 0 51 85009 0 52 85024 0 90 85024 0 91 85024 0 92 85032 0 53 85043 0 78 85131 0 54 85135 0 52 85174 0 51 85208 0 53 85241 0 52 85259 0 
TIME iteration: 299 ms
Round:161
IR: 0, 0, 0, 0, 0
85337 0 52 85343 0 62 85344 0 63 85346 0 51 85351 0 77 85353 0 53 85373 0 90 85373 0 91 85373 0 92 85375 0 77 85378 0 54 85402 0 77 85405 0 70 85407 0 71 85436 0 77 85443 0 52 85479 0 53 85507 0 54 85571 0 51 85578 0 53 85599 0 52 85610 0 54 85678 0 66 85681 0 67 85687 0 79 85690 0 63 85693 0 62 85695 0 77 85705 0 90 85705 0 91 85705 0 92 85711 0 79 85715 0 70 85715 0 71 85718 0 77 85722 0 53 85730 0 74 85730 0 75 85732 0 54 85733 0 51 85738 0 79 85744 0 77 85772 0 79 85776 0 77 85831 0 77 85831 0 90 85831 0 91 85831 0 92 85838 0 52 85850 0 54 85859 0 
TIME iteration: 299 ms
Round:162
IR: 0, 0, 0, 0, 0
85899 0 51 85986 0 54 85991 0 53 86010 0 52 86046 0 51 86122 0 54 86167 0 51 86174 0 52 86176 0 66 86176 0 67 86177 0 53 86182 0 79 86191 0 60 86191 0 61 86199 0 76 86205 0 90 86205 0 91 86205 0 92 86206 0 79 86207 0 75 86208 0 74 86223 0 76 86228 0 54 86233 0 79 86250 0 76 86267 0 79 86282 0 69 86284 0 76 86291 0 68 86333 0 52 86333 0 90 86333 0 91 86333 0 92 86350 0 51 86368 0 
TIME iteration: 299 ms
Round:163
IR: 0, 0, 0, 0, 0
86409 0 53 86456 0 52 86482 0 51 86559 0 52 86573 0 54 86595 0 53 86631 0 51 86685 0 61 86687 0 60 86691 0 76 86715 0 76 86716 0 90 86716 0 91 86716 0 92 86722 0 68 86723 0 69 86734 0 54 86738 0 52 86742 0 76 86765 0 51 86775 0 76 86841 0 76 86860 0 
TIME iteration: 299 ms
Round:164
IR: 0, 0, 0, 0, 0
86933 0 51 86958 0 52 86964 0 54 87015 0 53 87061 0 52 87079 0 51 87093 0 60 87093 0 61 87097 0 62 87098 0 63 87098 0 76 87106 0 77 87117 0 68 87117 0 69 87119 0 90 87119 0 91 87119 0 92 87122 0 76 87130 0 77 87149 0 76 87155 0 54 87157 0 77 87168 0 52 87170 0 71 87172 0 70 87182 0 76 87192 0 77 87236 0 51 87238 0 53 87248 0 76 87249 0 90 87249 0 91 87249 0 92 87255 0 54 87356 0 52 87357 0 54 87414 0 
TIME iteration: 299 ms
Round:165
IR: 0, 0, 0, 0, 0
87457 0 53 87472 0 54 87523 0 52 87538 0 51 87556 0 53 87615 0 54 87619 0 61 87619 0 66 87619 0 67 87624 0 64 87624 0 65 87628 0 79 87632 0 60 87632 0 76 87632 0 78 87645 0 90 87645 0 91 87645 0 92 87652 0 79 87656 0 68 87656 0 76 87656 0 78 87658 0 69 87667 0 52 87679 0 79 87683 0 76 87683 0 78 87693 0 74 87697 0 75 87714 0 79 87716 0 72 87717 0 76 87717 0 78 87720 0 73 87723 0 51 87732 0 53 87762 0 90 87762 0 91 87762 0 92 87793 0 76 87825 0 54 87866 0 53 87876 0 51 87879 0 
TIME iteration: 300 ms
Round:166
IR: 0, 0, 0, 0, 0
87980 0 54 87993 0 52 88072 0 53 88084 0 51 88106 0 52 88119 0 62 88119 0 63 88127 0 77 88148 0 90 88148 0 91 88148 0 92 88151 0 77 88156 0 54 88178 0 77 88181 0 70 88184 0 71 88212 0 77 88263 0 53 88271 0 52 88288 0 51 88305 0 54 88392 0 53 88439 0 51 88440 0 54 88502 0 66 88502 0 
TIME iteration: 299 ms
Round:167
IR: 0, 0, 0, 0, 0
88510 0 79 88511 0 53 88520 0 64 88520 0 65 88525 0 52 88527 0 78 88528 0 90 88528 0 91 88528 0 92 88534 0 79 88551 0 78 88560 0 51 88561 0 74 88561 0 75 88561 0 79 88578 0 73 88578 0 78 88579 0 72 88596 0 79 88597 0 54 88612 0 78 88637 0 52 88652 0 90 88652 0 91 88652 0 92 88659 0 51 88671 0 53 88710 0 54 88734 0 52 88770 0 51 88803 0 53 88822 0 52 88880 0 54 88915 0 53 88923 0 51 88926 0 52 88940 0 63 88941 0 62 88948 0 77 88967 0 64 88968 0 65 88969 0 90 88969 0 91 88969 0 92 88972 0 77 88972 0 78 88993 0 71 88995 0 70 88996 0 78 88998 0 73 88999 0 77 89000 0 72 89022 0 78 89033 0 77 89037 0 
TIME iteration: 300 ms
Round:168
IR: 0, 0, 0, 0, 0
89041 0 53 89055 0 78 89091 0 90 89091 0 91 89091 0 92 89110 0 52 89116 0 78 89147 0 51 89172 0 54 89190 0 53 89251 0 51 89345 0 52 89370 0 54 89410 0 53 89460 0 51 89492 0 52 89505 0 61 89507 0 60 89511 0 53 89514 0 76 89522 0 64 89522 0 65 89528 0 78 89533 0 62 89534 0 63 89536 0 90 89536 0 91 89536 0 92 89537 0 54 89538 0 76 89540 0 77 89552 0 78 89554 0 73 89556 0 72 89564 0 77 89565 0 
TIME iteration: 299 ms
Round:169
IR: 0, 0, 0, 0, 0
89573 0 70 89574 0 71 89579 0 78 89588 0 69 89590 0 68 89591 0 77 89599 0 76 89613 0 78 89620 0 53 89625 0 77 89628 0 52 89642 0 51 89650 0 90 89650 0 91 89650 0 92 89689 0 78 89704 0 54 89706 0 77 89763 0 51 89778 0 52 89785 0 53 89871 0 54 89916 0 52 89946 0 51 90008 0 53 90021 0 54 90051 0 66 90052 0 67 90060 0 79 90072 0 52 90077 0 63 90078 0 62 90081 0 90 90081 0 91 90081 0 92 90084 0 77 90084 0 
TIME iteration: 309 ms
Round:170
IR: 0, 0, 0, 0, 0
90108 0 77 90111 0 79 90112 0 70 90113 0 71 90130 0 75 90134 0 74 90135 0 54 90135 0 77 90144 0 51 90146 0 79 90169 0 77 90205 0 90 90205 0 91 90205 0 92 90219 0 53 90250 0 77 90268 0 52 90272 0 51 90294 0 54 90317 0 53 90387 0 51 90420 0 53 90442 0 52 90453 0 54 90553 0 51 90580 0 61 90581 0 60 90588 0 76 90610 0 90 90610 0 91 90610 0 92 90612 0 52 90612 0 
TIME iteration: 300 ms
Round:171
IR: 0, 0, 0, 0, 0
90633 0 54 90639 0 76 90646 0 68 90646 0 69 90673 0 76 90687 0 51 90697 0 53 90740 0 52 90815 0 54 90829 0 51 90875 0 53 90908 0 52 90918 0 61 90924 0 76 90945 0 54 90949 0 90 90949 0 91 90949 0 92 90953 0 76 90993 0 52 90993 0 76 91001 0 51 91023 0 53 91070 0 54 91117 0 
TIME iteration: 300 ms
Round:172
IR: 0, 0, 0, 0, 0
91161 0 53 91172 0 52 91183 0 54 91243 0 51 91273 0 60 91274 0 61 91278 0 76 91293 0 68 91294 0 69 91301 0 90 91301 0 91 91301 0 92 91302 0 76 91320 0 53 91328 0 76 91331 0 54 91337 0 52 91361 0 76 91377 0 68 91379 0 69 91422 0 76 91475 0 53 91478 0 51 91478 0 52 91515 0 54 91586 0 53 91613 0 52 91633 0 64 91634 0 65 91642 0 78 91651 0 62 91651 0 63 91659 0 77 91659 0 90 91659 0 91 91659 0 92 91666 0 78 91683 0 
TIME iteration: 300 ms
Round:173
IR: 0, 0, 0, 0, 0
91693 0 78 91707 0 54 91710 0 77 91717 0 72 91723 0 73 91725 0 53 91725 0 70 91728 0 78 91731 0 71 91739 0 51 91744 0 77 91766 0 52 91783 0 90 91783 0 91 91783 0 92 91856 0 54 91879 0 51 91895 0 53 91901 0 52 91982 0 53 92020 0 51 92038 0 54 92055 0 52 92089 0 53 92097 0 64 92097 0 65 92102 0 78 92126 0 78 92126 0 90 92126 0 91 92126 0 92 92132 0 51 92132 0 72 92132 0 73 92153 0 78 92186 0 78 92216 0 
TIME iteration: 300 ms
Round:174
IR: 0, 0, 0, 0, 0
92252 0 78 92261 0 53 92269 0 52 92305 0 51 92407 0 53 92435 0 51 92437 0 54 92462 0 64 92462 0 65 92467 0 78 92481 0 73 92483 0 72 92486 0 61 92487 0 60 92488 0 90 92488 0 91 92488 0 92 92491 0 78 92495 0 76 92512 0 52 92518 0 78 92519 0 76 92546 0 76 92551 0 78 92556 0 51 92556 0 68 92558 0 69 92560 0 73 92578 0 72 92581 0 76 92610 0 90 92610 0 91 92610 0 92 92616 0 78 92617 0 54 92657 0 53 92684 0 52 92694 0 51 92737 0 
TIME iteration: 300 ms
Round:175
IR: 0, 0, 0, 0, 0
92838 0 54 92853 0 51 92865 0 53 92876 0 52 92955 0 54 92957 0 66 92957 0 67 92966 0 79 92986 0 90 92986 0 91 92986 0 92 92990 0 79 93008 0 52 93009 0 51 93017 0 79 93044 0 74 93048 0 75 93052 0 79 93071 0 53 93117 0 54 93151 0 52 93172 0 53 93230 0 51 93262 0 
TIME iteration: 300 ms
Round:176
IR: 0, 0, 0, 0, 0
93281 0 64 93281 0 65 93288 0 78 93290 0 52 93306 0 90 93306 0 91 93306 0 92 93312 0 78 93336 0 73 93337 0 72 93339 0 78 93350 0 54 93357 0 51 93373 0 53 93373 0 78 93438 0 52 93468 0 51 93491 0 53 93554 0 54 93635 0 52 93646 0 51 93681 0 61 93682 0 60 93690 0 76 93696 0 53 93704 0 64 93704 0 65 93708 0 78 93708 0 90 93708 0 91 93708 0 92 93714 0 76 93728 0 54 93731 0 78 93733 0 72 93733 0 73 93741 0 76 93749 0 52 93750 0 69 93753 0 68 93757 0 78 93776 0 76 93789 0 
TIME iteration: 300 ms
Round:177
IR: 0, 0, 0, 0, 0
93815 0 51 93831 0 90 93831 0 91 93831 0 92 93845 0 78 93848 0 53 93859 0 52 93861 0 54 93917 0 51 93947 0 52 94026 0 53 94043 0 54 94068 0 51 94093 0 52 94162 0 62 94165 0 63 94170 0 54 94172 0 77 94193 0 90 94193 0 91 94193 0 92 94196 0 77 94210 0 51 94211 0 53 94223 0 52 94223 0 77 94256 0 70 94256 0 71 94258 0 77 94282 0 
TIME iteration: 300 ms
Round:178
IR: 0, 0, 0, 0, 0
94346 0 52 94359 0 51 94405 0 54 94425 0 53 94470 0 52 94477 0 62 94478 0 63 94480 0 77 94501 0 71 94502 0 70 94502 0 90 94502 0 91 94502 0 92 94503 0 77 94529 0 77 94537 0 51 94540 0 54 94561 0 77 94614 0 77 94648 0 53 94648 0 54 94649 0 51 94778 0 52 94784 0 53 94806 0 54 94817 0 51 94849 0 67 94852 0 66 94859 0 79 94865 0 61 94866 0 
TIME iteration: 300 ms
Round:179
IR: 0, 0, 0, 0, 0
94873 0 76 94876 0 90 94876 0 91 94876 0 92 94883 0 79 94895 0 54 94897 0 76 94910 0 79 94924 0 76 94934 0 69 94936 0 68 94939 0 75 94941 0 74 94942 0 51 94945 0 79 94949 0 52 94956 0 53 94958 0 76 94993 0 54 95001 0 90 95001 0 91 95001 0 92 95058 0 52 95113 0 54 95118 0 53 95132 0 51 95208 0 52 95259 0 54 95274 0 53 95282 0 51 95330 0 52 95355 0 62 95355 0 63 95363 0 77 95365 0 54 95368 0 66 95368 0 67 95374 0 79 95384 0 90 95384 0 91 95384 0 92 95387 0 77 95398 0 
TIME iteration: 301 ms
Round:180
IR: 0, 0, 0, 0, 0
95405 0 71 95406 0 74 95407 0 70 95407 0 75 95414 0 77 95425 0 79 95442 0 53 95448 0 77 95459 0 79 95460 0 54 95474 0 51 95498 0 52 95513 0 90 95513 0 91 95513 0 92 95571 0 54 95598 0 51 95603 0 53 95657 0 52 95677 0 54 95763 0 51 95804 0 53 95826 0 52 95847 0 54 95875 0 67 95877 0 66 95882 0 79 95904 0 51 95906 0 79 95906 0 90 95906 0 91 95906 0 92 95907 0 74 95907 0 75 95915 0 
TIME iteration: 299 ms
Round:181
IR: 0, 0, 0, 0, 0
95933 0 79 95965 0 54 95967 0 79 95984 0 52 96021 0 53 96035 0 51 96085 0 54 96148 0 52 96148 0 53 96189 0 51 96239 0 64 96239 0 65 96247 0 78 96265 0 90 96265 0 91 96265 0 92 96271 0 54 96271 0 78 96298 0 78 96316 0 51 96317 0 53 96325 0 72 96330 0 73 96332 0 78 96367 0 52 96383 0 
TIME iteration: 300 ms
Round:182
IR: 0, 0, 0, 0, 0
96460 0 51 96502 0 52 96531 0 54 96580 0 53 96641 0 51 96671 0 61 96672 0 60 96680 0 76 96685 0 52 96685 0 54 96688 0 67 96689 0 66 96696 0 79 96698 0 90 96698 0 91 96698 0 92 96704 0 76 96720 0 79 96731 0 53 96731 0 76 96738 0 74 96738 0 75 96747 0 79 96755 0 68 96764 0 69 96766 0 76 96774 0 51 96781 0 79 96823 0 90 96823 0 91 96823 0 92 96838 0 54 96877 0 52 96927 0 53 96962 0 51 96977 0 
TIME iteration: 299 ms
Round:183
IR: 0, 0, 0, 0, 0
97030 0 52 97053 0 53 97083 0 51 97131 0 54 97162 0 52 97190 0 53 97190 0 67 97192 0 66 97193 0 62 97193 0 63 97197 0 79 97201 0 77 97205 0 64 97206 0 65 97213 0 78 97217 0 90 97217 0 91 97217 0 92 97221 0 79 97224 0 74 97224 0 75 97225 0 77 97233 0 51 97237 0 78 97248 0 79 97252 0 77 97264 0 78 97267 0 72 97267 0 73 97274 0 54 97277 0 71 97281 0 70 97282 0 79 97286 0 77 97298 0 78 97322 0 52 97329 0 53 97333 0 90 97333 0 91 97333 0 92 97387 0 51 97432 0 52 97451 0 53 97508 0 
TIME iteration: 299 ms
Round:184
IR: 0, 0, 0, 0, 0
97521 0 51 97609 0 52 97612 0 53 97645 0 54 97699 0 51 97731 0 52 97734 0 61 97735 0 60 97736 0 63 97737 0 62 97742 0 76 97742 0 77 97760 0 90 97760 0 91 97760 0 92 97763 0 53 97766 0 76 97766 0 77 97775 0 71 97777 0 70 97790 0 54 97793 0 76 97793 0 77 97798 0 69 97802 0 68 97826 0 77 97827 0 76 97839 0 51 97891 0 90 97891 0 91 97891 0 92 97893 0 77 97933 0 54 97942 0 53 97960 0 52 98013 0 51 98045 0 
TIME iteration: 299 ms
Round:185
IR: 0, 0, 0, 0, 0
98063 0 53 98140 0 52 98175 0 51 98217 0 53 98220 0 54 98254 0 64 98256 0 65 98263 0 78 98266 0 66 98266 0 67 98274 0 79 98285 0 90 98285 0 91 98285 0 92 98286 0 51 98287 0 78 98298 0 79 98309 0 52 98314 0 78 98318 0 72 98320 0 73 98325 0 53 98325 0 79 98328 0 75 98329 0 74 98331 0 54 98348 0 78 98360 0 79 98416 0 90 98416 0 91 98416 0 92 98426 0 51 98432 0 52 98481 0 54 98535 0 53 98545 0 52 98578 0 
TIME iteration: 299 ms
Round:186
IR: 0, 0, 0, 0, 0
98680 0 53 98706 0 54 98714 0 51 98726 0 52 98779 0 60 98780 0 61 98787 0 76 98809 0 90 98809 0 91 98809 0 92 98811 0 76 98812 0 51 98822 0 54 98835 0 53 98838 0 76 98843 0 69 98844 0 68 98872 0 76 98884 0 52 98946 0 53 98965 0 54 98970 0 51 99031 0 52 99082 0 51 99082 0 53 99103 0 60 99103 0 61 99106 0 76 99107 0 
TIME iteration: 303 ms
Round:187
IR: 0, 0, 0, 0, 0
99125 0 68 99125 0 69 99128 0 90 99128 0 91 99128 0 92 99129 0 76 99155 0 76 99187 0 76 99210 0 51 99216 0 52 99235 0 53 99241 0 76 99246 0 54 99345 0 51 99446 0 53 99450 0 54 99461 0 52 99517 0 51 99525 0 60 99526 0 61 99531 0 76 99547 0 68 99548 0 69 99552 0 90 99552 0 91 99552 0 92 99555 0 76 99582 0 76 99615 0 76 99616 0 54 99623 0 
TIME iteration: 299 ms
Round:188
IR: 0, 0, 0, 0, 0
99647 0 68 99653 0 53 99682 0 76 99706 0 51 99761 0 52 99790 0 54 99854 0 53 99891 0 51 99897 0 52 99917 0 60 99917 0 62 99918 0 61 99918 0 63 99922 0 76 99926 0 77 99936 0 69 99941 0 90 99941 0 91 99941 0 92 99946 0 76 99947 0 68 99950 0 77 99972 0 76 99977 0 77 100005 0 76 100012 0 77 100015 0 69 100017 0 71 100020 0 70 100041 0 54 100057 0 51 100057 0 52 100062 0 53 100066 0 76 100071 0 90 100071 0 91 100071 0 
TIME iteration: 300 ms
Round:189
IR: 0, 0, 0, 0, 0
100184 0 54 100199 0 53 100209 0 51 100213 0 52 100288 0 54 100308 0 51 100334 0 53 100410 0 61 100422 0 76 100435 0 51 100437 0 52 100437 0 60 100445 0 76 100451 0 90 100451 0 91 100451 0 92 100456 0 68 100464 0 69 100465 0 53 100470 0 76 100500 0 76 100507 0 54 100543 0 76 100631 0 54 100639 0 52 100650 0 51 100663 0 
TIME iteration: 299 ms
Round:190
IR: 0, 0, 0, 0, 0
100778 0 54 100782 0 52 100796 0 51 100809 0 66 100809 0 67 100818 0 79 100830 0 60 100831 0 61 100835 0 76 100835 0 90 100835 0 91 100835 0 92 100842 0 79 100852 0 68 100855 0 69 100859 0 76 100869 0 79 100885 0 76 100890 0 54 100897 0 74 100904 0 75 100904 0 79 100918 0 76 100925 0 52 100943 0 53 100958 0 90 100958 0 91 100958 0 92 100979 0 76 100992 0 51 101058 0 53 101072 0 54 101115 0 51 101226 0 
TIME iteration: 299 ms
Round:191
IR: 0, 0, 0, 0, 0
101230 0 53 101288 0 51 101302 0 54 101338 0 61 101339 0 60 101344 0 76 101366 0 68 101368 0 69 101368 0 76 101368 0 90 101368 0 91 101368 0 92 101369 0 53 101375 0 52 101395 0 76 101428 0 76 101429 0 51 101487 0 54 101495 0 76 101512 0 53 101541 0 51 101592 0 52 101624 0 53 101671 0 54 101698 0 65 101699 0 64 101707 0 78 101708 0 51 101709 0 52 101724 0 90 101724 0 91 101724 0 92 101731 0 78 101758 0 
TIME iteration: 299 ms
Round:192
IR: 0, 0, 0, 0, 0
101788 0 72 101793 0 78 101799 0 73 101804 0 54 101829 0 52 101857 0 53 101883 0 51 101920 0 54 101952 0 52 102030 0 53 102063 0 65 102064 0 64 102067 0 78 102089 0 90 102089 0 91 102089 0 92 102090 0 78 102091 0 72 102091 0 73 102092 0 52 102116 0 78 102121 0 51 102135 0 54 102148 0 78 102168 0 53 102203 0 78 102261 0 51 102273 0 
TIME iteration: 299 ms
Round:193
IR: 0, 0, 0, 0, 0
102308 0 54 102350 0 53 102373 0 51 102415 0 60 102415 0 61 102423 0 76 102440 0 90 102440 0 91 102440 0 92 102447 0 76 102465 0 52 102472 0 54 102474 0 76 102476 0 68 102476 0 69 102504 0 51 102508 0 76 102576 0 53 102587 0 52 102597 0 54 102702 0 53 102705 0 51 102744 0 52 102744 0 54 102788 0 66 102789 0 67 102797 0 79 102798 0 63 102802 0 62 102808 0 77 102814 0 90 102814 0 91 102814 0 
TIME iteration: 299 ms
Round:194
IR: 0, 0, 0, 0, 0
102821 0 79 102832 0 51 102832 0 77 102846 0 54 102848 0 79 102859 0 77 102873 0 74 102879 0 75 102883 0 53 102883 0 79 102893 0 77 102896 0 71 102897 0 70 102916 0 52 102941 0 90 102941 0 91 102941 0 92 102954 0 51 102972 0 54 103030 0 52 103058 0 51 103072 0 53 103117 0 54 103159 0 52 103166 0 51 103235 0 54 103241 0 53 103271 0 66 103271 0 67 103277 0 79 103300 0 90 103300 0 91 103300 0 92 103301 0 79 103306 0 74 103306 0 75 103328 0 79 103331 0 
TIME iteration: 299 ms
Round:195
IR: 0, 0, 0, 0, 0
103361 0 54 103362 0 79 103366 0 51 103420 0 53 103458 0 52 103479 0 54 103521 0 51 103528 0 53 103581 0 54 103591 0 66 103591 0 67 103594 0 79 103606 0 52 103607 0 75 103608 0 74 103616 0 90 103616 0 91 103616 0 92 103617 0 79 103643 0 79 103661 0 51 103675 0 79 103676 0 74 103676 0 75 103685 0 53 103699 0 52 103731 0 79 103759 0 54 103867 0 51 103870 0 
TIME iteration: 299 ms
Round:196
IR: 0, 0, 0, 0, 0
103887 0 54 103900 0 66 103900 0 67 103902 0 53 103904 0 79 103923 0 74 103924 0 75 103924 0 90 103924 0 91 103924 0 92 103928 0 79 103954 0 79 103973 0 51 103987 0 79 104033 0 52 104049 0 79 104096 0 51 104100 0 53 104140 0 54 104144 0 52 104212 0 53 104292 0 54 104293 0 52 104298 0 64 104300 0 65 104304 0 63 104305 0 62 104307 0 78 104313 0 77 104325 0 90 104325 0 91 104325 0 92 104331 0 78 104337 0 77 104358 0 78 104364 0 77 104384 0 70 104387 0 71 104388 0 73 104391 0 51 104391 0 72 104392 0 78 104399 0 77 104408 0 
TIME iteration: 299 ms
Round:197
IR: 0, 0, 0, 0, 0
104420 0 52 104438 0 54 104455 0 90 104455 0 91 104455 0 92 104548 0 51 104563 0 53 104579 0 52 104621 0 54 104728 0 53 104744 0 51 104744 0 52 104750 0 54 104843 0 51 104854 0 66 104857 0 60 104858 0 61 104863 0 52 104865 0 53 104866 0 76 104867 0 63 104868 0 62 104870 0 54 104871 0 67 104872 0 79 104873 0 64 104873 0 65 104873 0 77 104879 0 78 104883 0 90 104883 0 91 104883 0 92 104890 0 76 104896 0 79 104897 0 77 104903 0 78 104906 0 70 104908 0 71 104914 0 73 104916 0 72 104917 0 76 104920 0 74 104921 0 75 104923 0 79 104924 0 77 104930 0 
TIME iteration: 299 ms
Round:198
IR: 0, 0, 0, 0, 0
104947 0 68 104950 0 69 104952 0 76 104957 0 77 104958 0 79 104964 0 78 104984 0 53 104994 0 90 104994 0 91 104994 0 92 105000 0 51 105024 0 77 105040 0 78 105061 0 54 105063 0 52 105120 0 51 105156 0 53 105196 0 52 105236 0 54 105295 0 51 105355 0 52 105378 0 61 105380 0 63 105381 0 62 105384 0 53 105387 0 77 105388 0 60 105389 0 76 105405 0 90 105405 0 91 105405 0 92 105411 0 77 105413 0 70 105413 0 71 105413 0 76 105421 0 68 105421 0 69 105434 0 54 105438 0 77 105440 0 76 105460 0 
TIME iteration: 299 ms
Round:199
IR: 0, 0, 0, 0, 0
105472 0 77 105473 0 76 105535 0 90 105535 0 91 105535 0 92 105541 0 76 105547 0 52 105553 0 77 105589 0 53 105648 0 54 105661 0 51 105673 0 52 105812 0 52 105820 0 53 105852 0 51 105854 0 54 105887 0 62 105887 0 63 105893 0 77 105917 0 71 105917 0 77 105917 0 90 105917 0 91 105917 0 92 105918 0 70 105942 0 53 105944 0 77 105953 0 52 105978 0 
TIME iteration: 299 ms
